INFO - [♥] Lovely 0.8.0
INFO - [♥] Game directory is at "C:\\Program Files (x86)\\Steam\\steamapps\\common\\Balatro"
INFO - [♥] Writing logs to "C:\\Users\\PC\\AppData\\Roaming\\Balatro\\Mods\\lovely\\log"
INFO - [♥] Using mod directory at "C:\\Users\\PC\\AppData\\Roaming\\Balatro\\Mods"
INFO - [♥] Cleaning up dumps directory at "C:\\Users\\PC\\AppData\\Roaming\\Balatro\\Mods\\lovely\\dump"
INFO - [♥] Initialization complete in 119ms
INFO - [♥] Applied 1 patch to 'conf.lua'
INFO - [♥] Applied 11 patches to 'main.lua'
INFO - [♥] Applied 10 patches to 'engine/controller.lua'
INFO - [♥] Applied 15 patches to 'back.lua'
INFO - [♥] Applied 7 patches to 'tag.lua'
INFO - [♥] Applied 2 patches to 'engine/moveable.lua'
INFO - [♥] Applied 2 patches to 'engine/sprite.lua'
INFO - [♥] Applied 2 patches to 'engine/animatedsprite.lua'
INFO - [♥] Applied 67 patches to 'functions/misc_functions.lua'
INFO - [♥] Applied 40 patches to 'game.lua'
INFO - [♥] Applied 1 patch to 'globals.lua'
INFO - [♥] Applied 5 patches to 'engine/ui.lua'
INFO - [♥] Applied 95 patches to 'functions/UI_definitions.lua'
INFO - [♥] Applied 49 patches to 'functions/state_events.lua'
INFO - [♥] Applied 117 patches to 'functions/common_events.lua'
INFO - [♥] Applied 51 patches to 'functions/button_callbacks.lua'
INFO - [♥] Applied 186 patches to 'card.lua'
INFO - [♥] Applied 10 patches to 'cardarea.lua'
INFO - [♥] Applied 37 patches to 'blind.lua'
INFO - [♥] Applied 2 patches to 'engine/text.lua'
INFO - [G] Failed to connect to the debug server 
INFO - [G] 2025-10-04 19:24:13 :: DEBUG :: DebugConsole :: Steamodded Debug Socket started ! 
INFO - [G] 2025-10-04 19:24:13 :: INFO  :: SMODS :: Steamodded v1.0.0~BETA-0711a 
INFO - [♥] Applied 9 patches to 'engine/sound_manager.lua'
INFO - [♥] Applied 1 patch to 'engine/save_manager.lua'
INFO - [G] 2025-10-04 19:24:18 :: INFO  :: Loader :: Valid JSON file found 
INFO - [G] 2025-10-04 19:24:18 :: INFO  :: Loader :: Valid JSON file found 
INFO - [G] 2025-10-04 19:24:19 :: INFO  :: TIMER :: [0000] Injected Fonts in 0.001 ms 
INFO - [G] 2025-10-04 19:24:19 :: INFO  :: TIMER :: [0000] Injected Language in 0.003 ms 
INFO - [G] 2025-10-04 19:24:19 :: INFO  :: TIMER :: [0000] Injected [INTERNAL] in 3.784 ms 
INFO - [G] 2025-10-04 19:24:19 :: INFO  :: TIMER :: [0004] Injected Atlas in 529.720 ms 
INFO - [G] 2025-10-04 19:24:19 :: INFO  :: TIMER :: [0001] Injected Sound in 6.964 ms 
INFO - [G] 2025-10-04 19:24:19 :: INFO  :: TIMER :: [0008] Injected Stake in 0.372 ms 
INFO - [G] 2025-10-04 19:24:19 :: INFO  :: TIMER :: [0005] Injected Rarity in 0.039 ms 
INFO - [G] 2025-10-04 19:24:19 :: INFO  :: TIMER :: [0005] Injected ObjectType in 0.261 ms 
INFO - [G] 2025-10-04 19:24:19 :: INFO  :: TIMER :: [0100] Injected Center in 2.011 ms 
INFO - [G] 2025-10-04 19:24:19 :: INFO  :: TIMER :: [0007] Injected Undiscovered Sprite in 0.065 ms 
INFO - [G] 2025-10-04 19:24:19 :: INFO  :: TIMER :: [0002] Injected Blind in 0.026 ms 
INFO - [G] 2025-10-04 19:24:19 :: INFO  :: TIMER :: [0004] Injected Seal in 0.667 ms 
INFO - [G] 2025-10-04 19:24:19 :: INFO  :: TIMER :: [0004] Injected Suit in 0.290 ms 
INFO - [G] 2025-10-04 19:24:20 :: INFO  :: TIMER :: [0013] Injected Rank in 0.606 ms 
INFO - [G] 2025-10-04 19:24:20 :: INFO  :: TIMER :: [0028] Injected DeckSkin in 0.477 ms 
INFO - [G] 2025-10-04 19:24:20 :: INFO  :: TIMER :: [0012] Injected PokerHand in 0.203 ms 
INFO - [G] 2025-10-04 19:24:20 :: INFO  :: TIMER :: [0020] Injected Challenge in 0.070 ms 
INFO - [G] 2025-10-04 19:24:20 :: INFO  :: TIMER :: [0000] Injected Tag in 0.002 ms 
INFO - [G] 2025-10-04 19:24:20 :: INFO  :: TIMER :: [0004] Injected Sticker in 0.277 ms 
INFO - [G] 2025-10-04 19:24:20 :: INFO  :: TIMER :: [0000] Injected Shader in 0.003 ms 
INFO - [G] 2025-10-04 19:24:20 :: INFO  :: TIMER :: [0002] Injected Keybind in 0.023 ms 
INFO - [G] 2025-10-04 19:24:20 :: INFO  :: TIMER :: [0000] Injected Achievement in 0.248 ms 
INFO - [G] 2025-10-04 19:24:20 :: INFO  :: TIMER :: [0002] Injected nil in 0.035 ms 
INFO - [G] 2025-10-04 19:24:20 :: INFO  :: TIMER :: [0021] Injected Draw Step in 0.187 ms 
INFO - [G] 2025-10-04 19:24:20 :: INFO  :: TIMER :: [0000] Injected [INTERNAL] in 3.372 ms 
INFO - [G] [DebugPlus] Press [/] to toggle console and press [shift] + [/] to toggle new log previews 
INFO - [G] line not found
INFO - [G] file not found: main.lua: No such file or directory
INFO - [G] file not found: main.lua: No such file or directory
INFO - [G] 2025-10-04 19:24:29 :: ERROR :: StackTrace :: Oops! The game crashed
[SMODS SuperAutoJokers "superautojokers_main.lua"]:615: attempt to index field 'extra' (a nil value)
Stack Traceback
===============
(1) Lua upvalue 'orig' at file 'main.lua:612'
	Local variables:
	 msg = string: "[SMODS SuperAutoJokers \"superautojokers_main.lua\"]:615: attempt to index field 'extra' (a nil value)"
	 (*temporary) = Lua function '?' (defined at line 31 of chunk [SMODS _ "src/logging.lua"])
	 (*temporary) = string: "Oops! The game crashed\
"
(2) Lua local 'handler' at file 'debugplus/console.lua:606' (from lovely module debugplus.console)
	Local variables:
	 msg = string: "[SMODS SuperAutoJokers \"superautojokers_main.lua\"]:615: attempt to index field 'extra' (a nil value)"
(3) LÖVE metamethod at file 'boot.lua:352'
	Local variables:
	 errhand = Lua function '(LÖVE Function)' (defined at line 605 of chunk [lovely debugplus.console "debugplus/console.lua"])
	 handler = Lua function '(LÖVE Function)' (defined at line 605 of chunk [lovely debugplus.console "debugplus/console.lua"])
(4) Lua method 'loc_vars' at file 'superautojokers_main.lua:615' (from mod with id SuperAutoJokers)
	Local variables:
	 self = table: 0x29a69788  {alerted:true, loc_vars:function: 0x29a698d8, _saved_d_u:true, original_key:spiderjoker, mod:table: 0x29a517a0, registered:true, rarity:1, cost:5 (more...)}
	 info_queue = table: 0x294116f0  {}
	 card = table: 0x292eb268  {click_offset:table: 0x2974d008, children:table: 0x292e9bc8, ambient_tilt:0.2, parent:table: 0x299f2df8, T:table: 0x29565bf0, offset:table: 0x29acab20 (more...)}
	 (*temporary) = table: 0x299cbc58  {}
	 (*temporary) = table: 0x295da810  {}
	 (*temporary) = nil
	 (*temporary) = string: "attempt to index field 'extra' (a nil value)"
(5) Lua method 'generate_ui' at Steamodded file 'src/game_object.lua:1125' 
	Local variables:
	 self = table: 0x29a69788  {alerted:true, loc_vars:function: 0x29a698d8, _saved_d_u:true, original_key:spiderjoker, mod:table: 0x29a517a0, registered:true, rarity:1, cost:5 (more...)}
	 info_queue = table: 0x294116f0  {}
	 card = table: 0x292eb268  {click_offset:table: 0x2974d008, children:table: 0x292e9bc8, ambient_tilt:0.2, parent:table: 0x299f2df8, T:table: 0x29565bf0, offset:table: 0x29acab20 (more...)}
	 desc_nodes = table: 0x296f7608  {}
	 specific_vars = nil
	 full_UI_table = table: 0x296f7698  {badges:table: 0x296505a0, info:table: 0x297fc7d0, main:table: 0x296f7608, card_type:Joker, type:table: 0x295d8178}
	 target = table: 0x29c74bd0  {vars:table: 0x299f88f8, set:Joker, type:descriptions, nodes:table: 0x296f7608, key:j_sapjokers_spiderjoker, AUT:table: 0x296f7698}
	 res = table: 0x2971bdc0  {}
(6) Lua method 'generate_UIBox_ability_table' at file 'functions/common_events.lua:2792'
	Local variables:
	 _c = table: 0x29a69788  {alerted:true, loc_vars:function: 0x29a698d8, _saved_d_u:true, original_key:spiderjoker, mod:table: 0x29a517a0, registered:true, rarity:1, cost:5 (more...)}
	 full_UI_table = table: 0x296f7698  {badges:table: 0x296505a0, info:table: 0x297fc7d0, main:table: 0x296f7608, card_type:Joker, type:table: 0x295d8178}
	 specific_vars = nil
	 card_type = string: "Joker"
	 badges = table: 0x296505a0  {card_type:Joker}
	 hide_desc = nil
	 main_start = nil
	 main_end = nil
	 card = table: 0x292eb268  {click_offset:table: 0x2974d008, children:table: 0x292e9bc8, ambient_tilt:0.2, parent:table: 0x299f2df8, T:table: 0x29565bf0, offset:table: 0x29acab20 (more...)}
	 first_pass = boolean: true
	 desc_nodes = table: 0x296f7608  {}
	 name_override = nil
	 info_queue = table: 0x294116f0  {}
	 loc_vars = table: 0x297df268  {}
	 cfg = table: 0x29706da8  {x_chips:1, perma_h_mult:0, hand_size_mod:1, dollars:1, h_x_chips:1, perma_mult:0, config_pick:0, h_dollars:0, set:Joker, perma_p_dollars:0, extra_value:0 (more...)}
(7) Lua method 'hover' at file 'card.lua:4598'
	Local variables:
	 self = table: 0x292eb268  {click_offset:table: 0x2974d008, children:table: 0x292e9bc8, ambient_tilt:0.2, parent:table: 0x299f2df8, T:table: 0x29565bf0, offset:table: 0x29acab20 (more...)}
(8) Lua method 'update' at file 'engine/controller.lua:399'
	Local variables:
	 self = table: 0x299b0f70  {held_button_times:table: 0x299b1840, focus_cursor_stack_level:1, snap_cursor_to:table: 0x2952f7c8, interrupt:table: 0x299b1890, GAMEPAD:table: 0x299b20c0 (more...)}
	 dt = number: 0.0162429
(9) Lua upvalue 'gameUpdateRef' at file 'game.lua:2689'
	Local variables:
	 self = table: 0x29406798  {F_GUIDE:false, F_CRASH_REPORTS:false, F_QUIT_BUTTON:true, collection_alert:table: 0x295b9dc8, F_ENGLISH_ONLY:false, sort_id:55, F_DISCORD:true (more...)}
	 dt = number: 0
(10) Lua method 'update' at Steamodded file 'src/ui.lua:84' 
	Local variables:
	 self = table: 0x29406798  {F_GUIDE:false, F_CRASH_REPORTS:false, F_QUIT_BUTTON:true, collection_alert:table: 0x295b9dc8, F_ENGLISH_ONLY:false, sort_id:55, F_DISCORD:true (more...)}
	 dt = number: 0.0162429
(11) Lua field 'update' at file 'main.lua:999'
	Local variables:
	 dt = number: 0.0162429
(12) Lua function '?' at file 'main.lua:938' (best guess)
(13) global C function 'xpcall'
(14) LÖVE function at file 'boot.lua:377' (best guess)
	Local variables:
	 func = Lua function '?' (defined at line 909 of chunk main.lua)
	 inerror = boolean: true
	 deferErrhand = Lua function '(LÖVE Function)' (defined at line 348 of chunk [love "boot.lua"])
	 earlyinit = Lua function '(LÖVE Function)' (defined at line 355 of chunk [love "boot.lua"])
 
INFO - [G] file not found: main.lua: No such file or directory
INFO - [G] file not found: main.lua: No such file or directory
INFO - [G] 2025-10-04 19:24:29 :: INFO  :: StackTrace :: Additional Context:
Balatro Version: 1.0.1o-FULL
Modded Version: 1.0.0~BETA-0711a-STEAMODDED
LÖVE Version: 11.5.0
Lovely Version: 0.8.0
Platform: Windows
Steamodded Mods:
    1: Super Auto Jokers by Equi [ID: SuperAutoJokers, Version: 1.0.0]
    2: DebugPlus by WilsontheWolf [ID: DebugPlus, Version: 1.5.1, Uses Lovely]
Lovely Mods: 
