INFO - [♥] Lovely 0.8.0
INFO - [♥] Game directory is at "C:\\Program Files (x86)\\Steam\\steamapps\\common\\Balatro"
INFO - [♥] Writing logs to "C:\\Users\\PC\\AppData\\Roaming\\Balatro\\Mods\\lovely\\log"
INFO - [♥] Using mod directory at "C:\\Users\\PC\\AppData\\Roaming\\Balatro\\Mods"
INFO - [♥] Cleaning up dumps directory at "C:\\Users\\PC\\AppData\\Roaming\\Balatro\\Mods\\lovely\\dump"
INFO - [♥] Initialization complete in 121ms
INFO - [♥] Applied 1 patch to 'conf.lua'
INFO - [♥] Applied 11 patches to 'main.lua'
INFO - [♥] Applied 10 patches to 'engine/controller.lua'
INFO - [♥] Applied 15 patches to 'back.lua'
INFO - [♥] Applied 7 patches to 'tag.lua'
INFO - [♥] Applied 2 patches to 'engine/moveable.lua'
INFO - [♥] Applied 2 patches to 'engine/sprite.lua'
INFO - [♥] Applied 2 patches to 'engine/animatedsprite.lua'
INFO - [♥] Applied 67 patches to 'functions/misc_functions.lua'
INFO - [♥] Applied 40 patches to 'game.lua'
INFO - [♥] Applied 1 patch to 'globals.lua'
INFO - [♥] Applied 5 patches to 'engine/ui.lua'
INFO - [♥] Applied 95 patches to 'functions/UI_definitions.lua'
INFO - [♥] Applied 49 patches to 'functions/state_events.lua'
INFO - [♥] Applied 117 patches to 'functions/common_events.lua'
INFO - [♥] Applied 51 patches to 'functions/button_callbacks.lua'
INFO - [♥] Applied 186 patches to 'card.lua'
INFO - [♥] Applied 10 patches to 'cardarea.lua'
INFO - [♥] Applied 37 patches to 'blind.lua'
INFO - [♥] Applied 2 patches to 'engine/text.lua'
INFO - [G] Failed to connect to the debug server 
INFO - [G] 2025-09-21 11:20:09 :: DEBUG :: DebugConsole :: Steamodded Debug Socket started ! 
INFO - [G] 2025-09-21 11:20:09 :: INFO  :: SMODS :: Steamodded v1.0.0~BETA-0711a 
INFO - [♥] Applied 9 patches to 'engine/sound_manager.lua'
INFO - [♥] Applied 1 patch to 'engine/save_manager.lua'
INFO - [G] 2025-09-21 11:20:14 :: INFO  :: Loader :: Valid JSON file found 
INFO - [G] 2025-09-21 11:20:14 :: INFO  :: Loader :: Valid JSON file found 
INFO - [G] 2025-09-21 11:20:14 :: INFO  :: TIMER :: [0000] Injected Fonts in 0.002 ms 
INFO - [G] 2025-09-21 11:20:14 :: INFO  :: TIMER :: [0000] Injected Language in 0.002 ms 
INFO - [G] 2025-09-21 11:20:14 :: INFO  :: TIMER :: [0000] Injected [INTERNAL] in 4.638 ms 
INFO - [G] 2025-09-21 11:20:15 :: INFO  :: TIMER :: [0003] Injected Atlas in 593.581 ms 
INFO - [G] 2025-09-21 11:20:15 :: INFO  :: TIMER :: [0001] Injected Sound in 1.117 ms 
INFO - [G] 2025-09-21 11:20:15 :: INFO  :: TIMER :: [0008] Injected Stake in 0.205 ms 
INFO - [G] 2025-09-21 11:20:15 :: INFO  :: TIMER :: [0004] Injected Rarity in 0.037 ms 
INFO - [G] 2025-09-21 11:20:15 :: INFO  :: TIMER :: [0004] Injected ObjectType in 0.090 ms 
INFO - [G] 2025-09-21 11:20:15 :: INFO  :: TIMER :: [0067] Injected Center in 1.096 ms 
INFO - [G] 2025-09-21 11:20:15 :: INFO  :: TIMER :: [0007] Injected Undiscovered Sprite in 0.029 ms 
INFO - [G] 2025-09-21 11:20:15 :: INFO  :: TIMER :: [0002] Injected Blind in 0.027 ms 
INFO - [G] 2025-09-21 11:20:15 :: INFO  :: TIMER :: [0004] Injected Seal in 0.236 ms 
INFO - [G] 2025-09-21 11:20:15 :: INFO  :: TIMER :: [0004] Injected Suit in 0.135 ms 
INFO - [G] 2025-09-21 11:20:15 :: INFO  :: TIMER :: [0013] Injected Rank in 0.189 ms 
INFO - [G] 2025-09-21 11:20:15 :: INFO  :: TIMER :: [0028] Injected DeckSkin in 0.298 ms 
INFO - [G] 2025-09-21 11:20:15 :: INFO  :: TIMER :: [0012] Injected PokerHand in 0.174 ms 
INFO - [G] 2025-09-21 11:20:15 :: INFO  :: TIMER :: [0020] Injected Challenge in 0.054 ms 
INFO - [G] 2025-09-21 11:20:15 :: INFO  :: TIMER :: [0000] Injected Tag in 0.002 ms 
INFO - [G] 2025-09-21 11:20:15 :: INFO  :: TIMER :: [0004] Injected Sticker in 0.132 ms 
INFO - [G] 2025-09-21 11:20:15 :: INFO  :: TIMER :: [0000] Injected Shader in 0.002 ms 
INFO - [G] 2025-09-21 11:20:15 :: INFO  :: TIMER :: [0002] Injected Keybind in 0.025 ms 
INFO - [G] 2025-09-21 11:20:15 :: INFO  :: TIMER :: [0000] Injected Achievement in 0.090 ms 
INFO - [G] 2025-09-21 11:20:15 :: INFO  :: TIMER :: [0002] Injected nil in 0.038 ms 
INFO - [G] 2025-09-21 11:20:15 :: INFO  :: TIMER :: [0021] Injected Draw Step in 0.409 ms 
INFO - [G] 2025-09-21 11:20:15 :: INFO  :: TIMER :: [0000] Injected [INTERNAL] in 0.794 ms 
INFO - [G] [DebugPlus] Press [/] to toggle console and press [shift] + [/] to toggle new log previews 
INFO - [G] line not found
INFO - [G] file not found: main.lua: No such file or directory
INFO - [G] file not found: main.lua: No such file or directory
INFO - [G] 2025-09-21 11:34:14 :: ERROR :: StackTrace :: Oops! The game crashed
engine/text.lua:114: functions/misc_functions.lua:1822: attempt to index local 's' (a boolean value)
Stack Traceback
===============
(1) Lua upvalue 'orig' at file 'main.lua:612'
	Local variables:
	 msg = string: "engine/text.lua:114: functions/misc_functions.lua:1822: attempt to index local 's' (a boolean value)"
	 (*temporary) = Lua function '?' (defined at line 31 of chunk [SMODS _ "src/logging.lua"])
	 (*temporary) = string: "Oops! The game crashed\
"
(2) Lua local 'handler' at file 'debugplus/console.lua:606' (from lovely module debugplus.console)
	Local variables:
	 msg = string: "engine/text.lua:114: functions/misc_functions.lua:1822: attempt to index local 's' (a boolean value)"
(3) LÖVE function at file 'boot.lua:352' (best guess)
	Local variables:
	 errhand = Lua function '(LÖVE Function)' (defined at line 605 of chunk [lovely debugplus.console "debugplus/console.lua"])
	 handler = Lua function '(LÖVE Function)' (defined at line 605 of chunk [lovely debugplus.console "debugplus/console.lua"])
(4) local C function '(for generator)'
(5) Lua method 'update_text' at file 'engine/text.lua:114'
	Local variables:
	 self = table: 0x38f5c538  {silent:true, scale:0.7, bump_amount:1, text_offset:table: 0x394523c8, colours:table: 0x390fb3d0, pop_in_rate:6, font:table: 0x39432ed0, strings:table: 0x394a6798 (more...)}
	 first_pass = boolean: true
	 (for generator) = C function: builtin#6
	 (for state) = table: 0x396df438  {1:true}
	 (for control) = number: 1
	 k = number: 1
	 v = boolean: true
	 part_a = number: 0
	 part_b = number: 1e+06
	 new_string = boolean: true
	 outer_colour = nil
	 inner_colour = nil
	 part_scale = number: 1
	 old_string = nil
	 old_letters = nil
	 tempW = number: 0
	 tempH = number: 0
	 current_letter = number: 1
	 (for generator) = C function: builtin#35
	 (for state) = nil
	 (for control) = nil
(6) Lua method 'init' at file 'engine/text.lua:34'
	Local variables:
	 self = table: 0x38f5c538  {silent:true, scale:0.7, bump_amount:1, text_offset:table: 0x394523c8, colours:table: 0x390fb3d0, pop_in_rate:6, font:table: 0x39432ed0, strings:table: 0x394a6798 (more...)}
	 config = table: 0x394a72f0  {1:0.7, float:true, scale:0.7, W:0, colours:table: 0x390fb3d0, pop_in_rate:6, H:0, pop_in:0, string:table: 0x396df438, silent:true, shadow:true (more...)}
(7) Lua global 'DynaText' at file 'engine/object.lua:35'
	Local variables:
	 self = table: 0x38f624a8  {pop_out:function: 0x38f46870, draw:function: 0x38f45eb8, pulse:function: 0x38f91600, __call:function: 0x38d69ed0, set_quiver:function: 0x38fc71a8 (more...)}
	 obj = table: 0x38f5c538  {silent:true, scale:0.7, bump_amount:1, text_offset:table: 0x394523c8, colours:table: 0x390fb3d0, pop_in_rate:6, font:table: 0x39432ed0, strings:table: 0x394a6798 (more...)}
(8) Lua field 'func' at file 'functions/UI_definitions.lua:976'
	Local variables:
	 (*temporary) = table: 0x395f3370  {backdrop_colour:table: 0x38e2f018, scale:0.7, uibox_config:table: 0x39033700, colour:table: 0x39217b50, text:true, cover_colour:table: 0x39778868 (more...)}
	 (*temporary) = table: 0x38e504d8  {remove_group:function: 0x38e361d0, draw:function: 0x38e36250, print_topology:function: 0x38e35b48, recalculate:function: 0x38e36270, init:function: 0x38e35ae8 (more...)}
	 (*temporary) = table: 0x390de998  {T:table: 0x391e3f40}
	 (*temporary) = table: 0x38fe4990  {n:7, config:table: 0x38d7df60}
	 (*temporary) = table: 0x3938f698  {}
	 (*temporary) = table: 0x38f7bf40  {n:5}
	 (*temporary) = table: 0x394629c0  {draw_layer:1}
(9) Lua method 'handle' at file 'engine/event.lua:55'
	Local variables:
	 self = table: 0x3950a938  {start_timer:true, timer:TOTAL, blockable:false, trigger:after, func:function: 0x39d8ef30, delay:0, complete:false, time:34.423871010405, blocking:false (more...)}
	 _results = table: 0x396176a0  {blocking:false, pause_skip:false, time_done:true, completed:false}
(10) Lua method 'update' at file 'engine/event.lua:182'
	Local variables:
	 self = table: 0x3911a480  {queue_last_processed:835.26666666624, queues:table: 0x3911a4a8, queue_dt:0.016666666666667, queue_timer:838.39139903567}
	 dt = number: 0.0165488
	 forced = nil
	 (for generator) = C function: next
	 (for state) = table: 0x3911a4a8  {unlock:table: 0x3911a598, other:table: 0x3911a638, tutorial:table: 0x3911a5e8, base:table: 0x3911a5c0, achievement:table: 0x3911a610}
	 (for control) = number: nan
	 k = string: "base"
	 v = table: 0x3911a5c0  {1:table: 0x39351ea8, 2:table: 0x3962e060, 3:table: 0x397196d0, 4:table: 0x38e0f1e8, 5:table: 0x39f3cad8, 6:table: 0x39f1dee0, 7:table: 0x39edcf40 (more...)}
	 blocked = boolean: true
	 i = number: 24
	 results = table: 0x396176a0  {blocking:false, pause_skip:false, time_done:true, completed:false}
(11) Lua upvalue 'gameUpdateRef' at file 'game.lua:2552'
	Local variables:
	 self = table: 0x38e2a218  {F_GUIDE:false, F_CRASH_REPORTS:false, F_QUIT_BUTTON:true, HUD_tags:table: 0x39c3fff0, F_ENGLISH_ONLY:false, viewed_stake:1, HUD:table: 0x39bc9f80 (more...)}
	 dt = number: 0.0165488
	 http_resp = nil
(12) Lua method 'update' at Steamodded file 'src/ui.lua:84' 
	Local variables:
	 self = table: 0x38e2a218  {F_GUIDE:false, F_CRASH_REPORTS:false, F_QUIT_BUTTON:true, HUD_tags:table: 0x39c3fff0, F_ENGLISH_ONLY:false, viewed_stake:1, HUD:table: 0x39bc9f80 (more...)}
	 dt = number: 0.0165488
(13) Lua field 'update' at file 'main.lua:999'
	Local variables:
	 dt = number: 0.0165488
(14) Lua function '?' at file 'main.lua:938' (best guess)
(15) global C function 'xpcall'
(16) LÖVE function at file 'boot.lua:377' (best guess)
	Local variables:
	 func = Lua function '?' (defined at line 909 of chunk main.lua)
	 inerror = boolean: true
	 deferErrhand = Lua function '(LÖVE Function)' (defined at line 348 of chunk [love "boot.lua"])
	 earlyinit = Lua function '(LÖVE Function)' (defined at line 355 of chunk [love "boot.lua"])
 
INFO - [G] file not found: main.lua: No such file or directory
INFO - [G] file not found: main.lua: No such file or directory
INFO - [G] 2025-09-21 11:34:14 :: INFO  :: StackTrace :: Additional Context:
Balatro Version: 1.0.1o-FULL
Modded Version: 1.0.0~BETA-0711a-STEAMODDED
LÖVE Version: 11.5.0
Lovely Version: 0.8.0
Platform: Windows
Steamodded Mods:
    1: Super Auto Jokers by Equi [ID: SuperAutoJokers, Version: 1.0.0]
    2: DebugPlus by WilsontheWolf [ID: DebugPlus, Version: 1.5.1, Uses Lovely]
Lovely Mods: 
