INFO - [♥] Lovely 0.8.0
INFO - [♥] Game directory is at "C:\\Program Files (x86)\\Steam\\steamapps\\common\\Balatro"
INFO - [♥] Writing logs to "C:\\Users\\PC\\AppData\\Roaming\\Balatro\\Mods\\lovely\\log"
INFO - [♥] Using mod directory at "C:\\Users\\PC\\AppData\\Roaming\\Balatro\\Mods"
INFO - [♥] Cleaning up dumps directory at "C:\\Users\\PC\\AppData\\Roaming\\Balatro\\Mods\\lovely\\dump"
INFO - [♥] Initialization complete in 136ms
INFO - [♥] Applied 1 patch to 'conf.lua'
INFO - [♥] Applied 11 patches to 'main.lua'
INFO - [♥] Applied 10 patches to 'engine/controller.lua'
INFO - [♥] Applied 15 patches to 'back.lua'
INFO - [♥] Applied 7 patches to 'tag.lua'
INFO - [♥] Applied 2 patches to 'engine/moveable.lua'
INFO - [♥] Applied 2 patches to 'engine/sprite.lua'
INFO - [♥] Applied 2 patches to 'engine/animatedsprite.lua'
INFO - [♥] Applied 67 patches to 'functions/misc_functions.lua'
INFO - [♥] Applied 40 patches to 'game.lua'
INFO - [♥] Applied 1 patch to 'globals.lua'
INFO - [♥] Applied 5 patches to 'engine/ui.lua'
INFO - [♥] Applied 95 patches to 'functions/UI_definitions.lua'
INFO - [♥] Applied 49 patches to 'functions/state_events.lua'
INFO - [♥] Applied 117 patches to 'functions/common_events.lua'
INFO - [♥] Applied 51 patches to 'functions/button_callbacks.lua'
INFO - [♥] Applied 186 patches to 'card.lua'
INFO - [♥] Applied 10 patches to 'cardarea.lua'
INFO - [♥] Applied 37 patches to 'blind.lua'
INFO - [♥] Applied 2 patches to 'engine/text.lua'
INFO - [G] Failed to connect to the debug server 
INFO - [G] 2025-09-24 10:58:30 :: DEBUG :: DebugConsole :: Steamodded Debug Socket started ! 
INFO - [G] 2025-09-24 10:58:30 :: INFO  :: SMODS :: Steamodded v1.0.0~BETA-0711a 
INFO - [♥] Applied 9 patches to 'engine/sound_manager.lua'
INFO - [♥] Applied 1 patch to 'engine/save_manager.lua'
INFO - [G] 2025-09-24 10:58:36 :: INFO  :: Loader :: Valid JSON file found 
INFO - [G] 2025-09-24 10:58:36 :: INFO  :: Loader :: Valid JSON file found 
INFO - [G] 2025-09-24 10:58:36 :: INFO  :: TIMER :: [0000] Injected Fonts in 0.002 ms 
INFO - [G] 2025-09-24 10:58:36 :: INFO  :: TIMER :: [0000] Injected Language in 0.002 ms 
INFO - [G] 2025-09-24 10:58:36 :: INFO  :: TIMER :: [0000] Injected [INTERNAL] in 3.887 ms 
INFO - [G] 2025-09-24 10:58:37 :: INFO  :: TIMER :: [0003] Injected Atlas in 487.229 ms 
INFO - [G] 2025-09-24 10:58:37 :: INFO  :: TIMER :: [0001] Injected Sound in 1.557 ms 
INFO - [G] 2025-09-24 10:58:37 :: INFO  :: TIMER :: [0008] Injected Stake in 0.427 ms 
INFO - [G] 2025-09-24 10:58:37 :: INFO  :: TIMER :: [0004] Injected Rarity in 0.037 ms 
INFO - [G] 2025-09-24 10:58:37 :: INFO  :: TIMER :: [0004] Injected ObjectType in 0.086 ms 
INFO - [G] 2025-09-24 10:58:37 :: INFO  :: TIMER :: [0068] Injected Center in 1.093 ms 
INFO - [G] 2025-09-24 10:58:37 :: INFO  :: TIMER :: [0007] Injected Undiscovered Sprite in 0.028 ms 
INFO - [G] 2025-09-24 10:58:37 :: INFO  :: TIMER :: [0002] Injected Blind in 0.029 ms 
INFO - [G] 2025-09-24 10:58:37 :: INFO  :: TIMER :: [0004] Injected Seal in 0.191 ms 
INFO - [G] 2025-09-24 10:58:37 :: INFO  :: TIMER :: [0004] Injected Suit in 0.129 ms 
INFO - [G] 2025-09-24 10:58:37 :: INFO  :: TIMER :: [0013] Injected Rank in 0.173 ms 
INFO - [G] 2025-09-24 10:58:37 :: INFO  :: TIMER :: [0028] Injected DeckSkin in 0.488 ms 
INFO - [G] 2025-09-24 10:58:37 :: INFO  :: TIMER :: [0012] Injected PokerHand in 0.070 ms 
INFO - [G] 2025-09-24 10:58:37 :: INFO  :: TIMER :: [0020] Injected Challenge in 0.146 ms 
INFO - [G] 2025-09-24 10:58:37 :: INFO  :: TIMER :: [0000] Injected Tag in 0.019 ms 
INFO - [G] 2025-09-24 10:58:37 :: INFO  :: TIMER :: [0004] Injected Sticker in 0.104 ms 
INFO - [G] 2025-09-24 10:58:37 :: INFO  :: TIMER :: [0000] Injected Shader in 0.002 ms 
INFO - [G] 2025-09-24 10:58:37 :: INFO  :: TIMER :: [0002] Injected Keybind in 0.036 ms 
INFO - [G] 2025-09-24 10:58:37 :: INFO  :: TIMER :: [0000] Injected Achievement in 0.147 ms 
INFO - [G] 2025-09-24 10:58:37 :: INFO  :: TIMER :: [0002] Injected nil in 0.027 ms 
INFO - [G] 2025-09-24 10:58:37 :: INFO  :: TIMER :: [0021] Injected Draw Step in 0.308 ms 
INFO - [G] 2025-09-24 10:58:37 :: INFO  :: TIMER :: [0000] Injected [INTERNAL] in 0.844 ms 
INFO - [G] [DebugPlus] Press [/] to toggle console and press [shift] + [/] to toggle new log previews 
INFO - [G] line not found
INFO - [G] file not found: main.lua: No such file or directory
INFO - [G] file not found: main.lua: No such file or directory
INFO - [G] 2025-09-24 11:00:01 :: ERROR :: StackTrace :: Oops! The game crashed
cardarea.lua:42: attempt to get length of field 'cards' (a nil value)
Stack Traceback
===============
(1) Lua upvalue 'orig' at file 'main.lua:612'
	Local variables:
	 msg = string: "cardarea.lua:42: attempt to get length of field 'cards' (a nil value)"
	 (*temporary) = Lua function '?' (defined at line 31 of chunk [SMODS _ "src/logging.lua"])
	 (*temporary) = string: "Oops! The game crashed\
"
(2) Lua local 'handler' at file 'debugplus/console.lua:606' (from lovely module debugplus.console)
	Local variables:
	 msg = string: "cardarea.lua:42: attempt to get length of field 'cards' (a nil value)"
(3) LÖVE metamethod at file 'boot.lua:352'
	Local variables:
	 errhand = Lua function '(LÖVE Function)' (defined at line 605 of chunk [lovely debugplus.console "debugplus/console.lua"])
	 handler = Lua function '(LÖVE Function)' (defined at line 605 of chunk [lovely debugplus.console "debugplus/console.lua"])
(4) Lua method 'emplace' at file 'cardarea.lua:42'
	Local variables:
	 self = table: 0x04c35070  {click_offset:table: 0x04c30610, static_rotation:false, shuffle_amt:0, parent:table: 0x05350450, T:table: 0x04c305e8, offset:table: 0x04666d10 (more...)}
	 card = table: 0x04c5e230  {click_offset:table: 0x043484e0, children:table: 0x051a1910, ambient_tilt:0.2, T:table: 0x044710f8, offset:table: 0x05189c10, sell_cost:5, role:table: 0x051ed678 (more...)}
	 location = nil
	 stay_flipped = nil
	 (*temporary) = nil
	 (*temporary) = nil
	 (*temporary) = string: "base"
	 (*temporary) = nil
	 (*temporary) = table: 0x04659fa0  {1:table: 0x04935790, 2:table: 0x0524f020}
	 (*temporary) = number: 2
	 (*temporary) = string: "attempt to get length of field 'cards' (a nil value)"
(5) Lua field 'handleSpawn' at file 'debugplus/core.lua:451' (from lovely module debugplus.core)
	Local variables:
	 controller = table: 0x048b9690  {held_button_times:table: 0x048b9f60, focus_cursor_stack_level:1, snap_cursor_to:table: 0x050c9c70, interrupt:table: 0x048b9fb0, GAMEPAD:table: 0x048ba7e0 (more...)}
	 _card = table: 0x045179e8  {click_offset:table: 0x04882cf0, CT:table: 0x0515f560, children:table: 0x052f84e8, ambient_tilt:0.2, parent:table: 0x05372aa8, STATIONARY:false (more...)}
	 center = table: 0x04725bf0  {order:9, _d:false, set:Voucher, key:v_crystal_ball, _saved_d_u:true, available:true, discovered:true, alerted:true, pos:table: 0x04725da0, unlocked:true (more...)}
	 card = table: 0x04c5e230  {click_offset:table: 0x043484e0, children:table: 0x051a1910, ambient_tilt:0.2, T:table: 0x044710f8, offset:table: 0x05189c10, sell_cost:5, role:table: 0x051ed678 (more...)}
(6) Lua method 'key_press_update' at file 'engine/controller.lua:857'
	Local variables:
	 self = table: 0x048b9690  {held_button_times:table: 0x048b9f60, focus_cursor_stack_level:1, snap_cursor_to:table: 0x050c9c70, interrupt:table: 0x048b9fb0, GAMEPAD:table: 0x048ba7e0 (more...)}
	 key = string: "3"
	 dt = number: 0.0165912
	 _card = table: 0x045179e8  {click_offset:table: 0x04882cf0, CT:table: 0x0515f560, children:table: 0x052f84e8, ambient_tilt:0.2, parent:table: 0x05372aa8, STATIONARY:false (more...)}
	 debugplus = table: 0x04b80fc0  {registerButtons:function: 0x04979110, toggleProfiler:function: 0x04b815a8, isOkayToHandleDebugForKey:function: 0x044c3e98, handleKeys:function: 0x04cbc800 (more...)}
(7) Lua method 'update' at file 'engine/controller.lua:244'
	Local variables:
	 self = table: 0x048b9690  {held_button_times:table: 0x048b9f60, focus_cursor_stack_level:1, snap_cursor_to:table: 0x050c9c70, interrupt:table: 0x048b9fb0, GAMEPAD:table: 0x048ba7e0 (more...)}
	 dt = number: 0.0165912
	 (for generator) = C function: next
	 (for state) = table: 0x048b9cb8  {3:true}
	 (for control) = number: nan
	 k = string: "3"
	 v = boolean: true
(8) Lua upvalue 'gameUpdateRef' at file 'game.lua:2689'
	Local variables:
	 self = table: 0x0435b138  {F_GUIDE:false, F_CRASH_REPORTS:false, F_QUIT_BUTTON:true, HUD_tags:table: 0x04b23528, F_ENGLISH_ONLY:false, viewed_stake:1, HUD:table: 0x04aa0e58 (more...)}
	 dt = number: 0
(9) Lua method 'update' at Steamodded file 'src/ui.lua:84' 
	Local variables:
	 self = table: 0x0435b138  {F_GUIDE:false, F_CRASH_REPORTS:false, F_QUIT_BUTTON:true, HUD_tags:table: 0x04b23528, F_ENGLISH_ONLY:false, viewed_stake:1, HUD:table: 0x04aa0e58 (more...)}
	 dt = number: 0.0165912
(10) Lua field 'update' at file 'main.lua:999'
	Local variables:
	 dt = number: 0.0165912
(11) Lua function '?' at file 'main.lua:938' (best guess)
(12) global C function 'xpcall'
(13) LÖVE function at file 'boot.lua:377' (best guess)
	Local variables:
	 func = Lua function '?' (defined at line 909 of chunk main.lua)
	 inerror = boolean: true
	 deferErrhand = Lua function '(LÖVE Function)' (defined at line 348 of chunk [love "boot.lua"])
	 earlyinit = Lua function '(LÖVE Function)' (defined at line 355 of chunk [love "boot.lua"])
 
INFO - [G] file not found: main.lua: No such file or directory
INFO - [G] file not found: main.lua: No such file or directory
INFO - [G] 2025-09-24 11:00:01 :: INFO  :: StackTrace :: Additional Context:
Balatro Version: 1.0.1o-FULL
Modded Version: 1.0.0~BETA-0711a-STEAMODDED
LÖVE Version: 11.5.0
Lovely Version: 0.8.0
Platform: Windows
Steamodded Mods:
    1: Super Auto Jokers by Equi [ID: SuperAutoJokers, Version: 1.0.0]
    2: DebugPlus by WilsontheWolf [ID: DebugPlus, Version: 1.5.1, Uses Lovely]
Lovely Mods: 
