INFO - [♥] Lovely 0.8.0
INFO - [♥] Game directory is at "C:\\Program Files (x86)\\Steam\\steamapps\\common\\Balatro"
INFO - [♥] Writing logs to "C:\\Users\\PC\\AppData\\Roaming\\Balatro\\Mods\\lovely\\log"
INFO - [♥] Using mod directory at "C:\\Users\\PC\\AppData\\Roaming\\Balatro\\Mods"
INFO - [♥] Cleaning up dumps directory at "C:\\Users\\PC\\AppData\\Roaming\\Balatro\\Mods\\lovely\\dump"
INFO - [♥] Initialization complete in 128ms
INFO - [♥] Applied 1 patch to 'conf.lua'
INFO - [♥] Applied 11 patches to 'main.lua'
INFO - [♥] Applied 10 patches to 'engine/controller.lua'
INFO - [♥] Applied 15 patches to 'back.lua'
INFO - [♥] Applied 7 patches to 'tag.lua'
INFO - [♥] Applied 2 patches to 'engine/moveable.lua'
INFO - [♥] Applied 2 patches to 'engine/sprite.lua'
INFO - [♥] Applied 2 patches to 'engine/animatedsprite.lua'
INFO - [♥] Applied 67 patches to 'functions/misc_functions.lua'
INFO - [♥] Applied 40 patches to 'game.lua'
INFO - [♥] Applied 1 patch to 'globals.lua'
INFO - [♥] Applied 5 patches to 'engine/ui.lua'
INFO - [♥] Applied 95 patches to 'functions/UI_definitions.lua'
INFO - [♥] Applied 49 patches to 'functions/state_events.lua'
INFO - [♥] Applied 117 patches to 'functions/common_events.lua'
INFO - [♥] Applied 51 patches to 'functions/button_callbacks.lua'
INFO - [♥] Applied 186 patches to 'card.lua'
INFO - [♥] Applied 10 patches to 'cardarea.lua'
INFO - [♥] Applied 37 patches to 'blind.lua'
INFO - [♥] Applied 2 patches to 'engine/text.lua'
INFO - [G] Failed to connect to the debug server 
INFO - [G] 2025-09-21 12:06:00 :: DEBUG :: DebugConsole :: Steamodded Debug Socket started ! 
INFO - [G] 2025-09-21 12:06:00 :: INFO  :: SMODS :: Steamodded v1.0.0~BETA-0711a 
INFO - [♥] Applied 9 patches to 'engine/sound_manager.lua'
INFO - [♥] Applied 1 patch to 'engine/save_manager.lua'
INFO - [G] 2025-09-21 12:06:10 :: INFO  :: Loader :: Valid JSON file found 
INFO - [G] 2025-09-21 12:06:10 :: INFO  :: Loader :: Valid JSON file found 
INFO - [G] 2025-09-21 12:06:10 :: INFO  :: TIMER :: [0000] Injected Fonts in 0.002 ms 
INFO - [G] 2025-09-21 12:06:10 :: INFO  :: TIMER :: [0000] Injected Language in 0.002 ms 
INFO - [G] 2025-09-21 12:06:10 :: INFO  :: TIMER :: [0000] Injected [INTERNAL] in 2.851 ms 
INFO - [G] 2025-09-21 12:06:10 :: INFO  :: TIMER :: [0003] Injected Atlas in 403.058 ms 
INFO - [G] 2025-09-21 12:06:10 :: INFO  :: TIMER :: [0001] Injected Sound in 1.209 ms 
INFO - [G] 2025-09-21 12:06:10 :: INFO  :: TIMER :: [0008] Injected Stake in 0.287 ms 
INFO - [G] 2025-09-21 12:06:10 :: INFO  :: TIMER :: [0004] Injected Rarity in 0.090 ms 
INFO - [G] 2025-09-21 12:06:10 :: INFO  :: TIMER :: [0004] Injected ObjectType in 0.105 ms 
INFO - [G] 2025-09-21 12:06:10 :: INFO  :: TIMER :: [0067] Injected Center in 1.495 ms 
INFO - [G] 2025-09-21 12:06:10 :: INFO  :: TIMER :: [0007] Injected Undiscovered Sprite in 0.028 ms 
INFO - [G] 2025-09-21 12:06:10 :: INFO  :: TIMER :: [0002] Injected Blind in 0.026 ms 
INFO - [G] 2025-09-21 12:06:10 :: INFO  :: TIMER :: [0004] Injected Seal in 0.243 ms 
INFO - [G] 2025-09-21 12:06:10 :: INFO  :: TIMER :: [0004] Injected Suit in 0.114 ms 
INFO - [G] 2025-09-21 12:06:10 :: INFO  :: TIMER :: [0013] Injected Rank in 0.241 ms 
INFO - [G] 2025-09-21 12:06:10 :: INFO  :: TIMER :: [0028] Injected DeckSkin in 0.381 ms 
INFO - [G] 2025-09-21 12:06:10 :: INFO  :: TIMER :: [0012] Injected PokerHand in 0.127 ms 
INFO - [G] 2025-09-21 12:06:10 :: INFO  :: TIMER :: [0020] Injected Challenge in 0.055 ms 
INFO - [G] 2025-09-21 12:06:10 :: INFO  :: TIMER :: [0000] Injected Tag in 0.002 ms 
INFO - [G] 2025-09-21 12:06:10 :: INFO  :: TIMER :: [0004] Injected Sticker in 0.117 ms 
INFO - [G] 2025-09-21 12:06:10 :: INFO  :: TIMER :: [0000] Injected Shader in 0.002 ms 
INFO - [G] 2025-09-21 12:06:10 :: INFO  :: TIMER :: [0002] Injected Keybind in 0.025 ms 
INFO - [G] 2025-09-21 12:06:10 :: INFO  :: TIMER :: [0000] Injected Achievement in 0.084 ms 
INFO - [G] 2025-09-21 12:06:10 :: INFO  :: TIMER :: [0002] Injected nil in 0.045 ms 
INFO - [G] 2025-09-21 12:06:10 :: INFO  :: TIMER :: [0021] Injected Draw Step in 0.111 ms 
INFO - [G] 2025-09-21 12:06:10 :: INFO  :: TIMER :: [0000] Injected [INTERNAL] in 1.121 ms 
INFO - [G] [DebugPlus] Press [/] to toggle console and press [shift] + [/] to toggle new log previews 
INFO - [G] > help 
INFO - [G] < Help:
Below is a list of commands.
echo: Repeat's what you say
help: Get command info
eval: Evaluate lua code
money: Set or add money
round: Set or add to your round
ante: Set or add to your ante
discards: Set or add to your hand
hands: Set or add to your hand
watch: Watch and execute a file when it changes.
tutorial: Modify the tutorial state.
resetshop: Reset the shop.
value: Get and modify highlighted card values

For more information about a specific command, run 'help <commandName>' 
INFO - [G] > help watch 
INFO - [G] < watch:
Watch and execute a file when it changes. Usage:
watch stop - Stop's watching files.
watch lua [file] - Starts watching the lua file provided.
watch config_tab [file] - Starts watching the lua file provided. The returned value is rendered like a config tab (such as the one in SMODS.current_mod.config_tab). Note that invalid tabs will likely crash the game.
watch center [file] - Starts watching the lua file provided. The returned table is used to modify the center given in the key value. The table is similar to SMODS.Joker and friends.
watch shader [file] - Starts watching the the shader file provided. Pops up a ui with a joker to preview the shader on.
Files should be a relative path to a file in the save directory (e.g. `Mods/Example/test.lua`)

This command can be run by typing 'watch' or 'debugplus:watch'. 
INFO - [G] > watch mods/SuperAutoJokers/superautojokers_main.lua 
INFO - [G] < Please provide a valid sub command. For more info, run 'help watch' 
INFO - [G] > watch lua mods/SuperAutoJokers/superautojokers_main.lua 
INFO - [G] < File doesn't exist 
INFO - [G] > watch lua mods/SuperAutoJokers-1.0.0/superautojokers_main.lua 
INFO - [G] 2025-09-21 12:10:30 :: WARN  :: Joker :: Object j_joker has the same key as an existing object, not registering. 
INFO - [G] 2025-09-21 12:10:30 :: WARN  :: Joker :: If you want to modify an existing object, use take_ownership() 
INFO - [G] < Started watching mods/SuperAutoJokers-1.0.0/superautojokers_main.lua 
INFO - [G] > watch stop 
INFO - [G] < I will stop watching for file changes. 
INFO - [G] > watch center mods/SuperAutoJokers-1.0.0/superautojokers_main.lua 
INFO - [G] 2025-09-21 12:12:40 :: WARN  :: Joker :: Object j_joker has the same key as an existing object, not registering. 
INFO - [G] 2025-09-21 12:12:40 :: WARN  :: Joker :: If you want to modify an existing object, use take_ownership() 
INFO - [G] 2025-09-21 12:12:40 :: WARN  :: Joker :: Object j_beaverjoker has the same key as an existing object, not registering. 
INFO - [G] 2025-09-21 12:12:40 :: WARN  :: Joker :: If you want to modify an existing object, use take_ownership() 
INFO - [G] 2025-09-21 12:12:40 :: WARN  :: Joker :: Object j_pigjoker has the same key as an existing object, not registering. 
INFO - [G] 2025-09-21 12:12:40 :: WARN  :: Joker :: If you want to modify an existing object, use take_ownership() 
INFO - [G] 2025-09-21 12:12:40 :: WARN  :: Joker :: Object j_swanjoker has the same key as an existing object, not registering. 
INFO - [G] 2025-09-21 12:12:40 :: WARN  :: Joker :: If you want to modify an existing object, use take_ownership() 
INFO - [G] 2025-09-21 12:12:40 :: WARN  :: Joker :: Object j_wormjoker has the same key as an existing object, not registering. 
INFO - [G] 2025-09-21 12:12:40 :: WARN  :: Joker :: If you want to modify an existing object, use take_ownership() 
INFO - [G] 2025-09-21 12:12:40 :: WARN  :: Joker :: Object j_giraffejoker has the same key as an existing object, not registering. 
INFO - [G] 2025-09-21 12:12:40 :: WARN  :: Joker :: If you want to modify an existing object, use take_ownership() 
INFO - [G] 2025-09-21 12:12:40 :: WARN  :: Joker :: Object j_elephantjoker has the same key as an existing object, not registering. 
INFO - [G] 2025-09-21 12:12:40 :: WARN  :: Joker :: If you want to modify an existing object, use take_ownership() 
INFO - [G] 2025-09-21 12:12:40 :: WARN  :: Joker :: Object j_skunkjoker has the same key as an existing object, not registering. 
INFO - [G] 2025-09-21 12:12:40 :: WARN  :: Joker :: If you want to modify an existing object, use take_ownership() 
INFO - [G] 2025-09-21 12:12:40 :: WARN  :: Joker :: Object j_bisonjoker has the same key as an existing object, not registering. 
INFO - [G] 2025-09-21 12:12:40 :: WARN  :: Joker :: If you want to modify an existing object, use take_ownership() 
INFO - [G] 2025-09-21 12:12:40 :: WARN  :: Joker :: Object j_scorpionjoker has the same key as an existing object, not registering. 
INFO - [G] 2025-09-21 12:12:40 :: WARN  :: Joker :: If you want to modify an existing object, use take_ownership() 
INFO - [G] 2025-09-21 12:12:40 :: WARN  :: Joker :: Object j_cowjoker has the same key as an existing object, not registering. 
INFO - [G] 2025-09-21 12:12:40 :: WARN  :: Joker :: If you want to modify an existing object, use take_ownership() 
INFO - [G] 2025-09-21 12:12:40 :: WARN  :: Joker :: Object j_tigerjoker has the same key as an existing object, not registering. 
INFO - [G] 2025-09-21 12:12:40 :: WARN  :: Joker :: If you want to modify an existing object, use take_ownership() 
INFO - [G] 2025-09-21 12:12:40 :: WARN  :: Joker :: Object j_wolverinejoker has the same key as an existing object, not registering. 
INFO - [G] 2025-09-21 12:12:40 :: WARN  :: Joker :: If you want to modify an existing object, use take_ownership() 
INFO - [G] 2025-09-21 12:12:40 :: WARN  :: Joker :: Object j_mammothjoker has the same key as an existing object, not registering. 
INFO - [G] 2025-09-21 12:12:40 :: WARN  :: Joker :: If you want to modify an existing object, use take_ownership() 
INFO - [G] 2025-09-21 12:12:40 :: WARN  :: Joker :: Object j_catjoker has the same key as an existing object, not registering. 
INFO - [G] 2025-09-21 12:12:40 :: WARN  :: Joker :: If you want to modify an existing object, use take_ownership() 
INFO - [G] 2025-09-21 12:12:40 :: WARN  :: Joker :: Object j_snakejoker has the same key as an existing object, not registering. 
INFO - [G] 2025-09-21 12:12:40 :: WARN  :: Joker :: If you want to modify an existing object, use take_ownership() 
INFO - [G] 2025-09-21 12:12:40 :: WARN  :: Joker :: Object j_flyjoker has the same key as an existing object, not registering. 
INFO - [G] 2025-09-21 12:12:40 :: WARN  :: Joker :: If you want to modify an existing object, use take_ownership() 
INFO - [G] [Watcher] Center config doesn't look correct. Make sure you are returning an object. 
INFO - [G] < Started watching mods/SuperAutoJokers-1.0.0/superautojokers_main.lua 
INFO - [G] > take_ownership(j_scorpionjoker) 
INFO - [G] < ERROR: Command 'take_ownership(j_scorpionjoker)' not found. 
INFO - [G] 2025-09-21 12:23:35 :: WARN  :: Joker :: Object j_joker has the same key as an existing object, not registering. 
INFO - [G] 2025-09-21 12:23:35 :: WARN  :: Joker :: If you want to modify an existing object, use take_ownership() 
INFO - [G] 2025-09-21 12:23:35 :: WARN  :: Joker :: Object j_beaverjoker has the same key as an existing object, not registering. 
INFO - [G] 2025-09-21 12:23:35 :: WARN  :: Joker :: If you want to modify an existing object, use take_ownership() 
INFO - [G] 2025-09-21 12:23:35 :: WARN  :: Joker :: Object j_pigjoker has the same key as an existing object, not registering. 
INFO - [G] 2025-09-21 12:23:35 :: WARN  :: Joker :: If you want to modify an existing object, use take_ownership() 
INFO - [G] 2025-09-21 12:23:35 :: WARN  :: Joker :: Object j_swanjoker has the same key as an existing object, not registering. 
INFO - [G] 2025-09-21 12:23:35 :: WARN  :: Joker :: If you want to modify an existing object, use take_ownership() 
INFO - [G] 2025-09-21 12:23:35 :: WARN  :: Joker :: Object j_wormjoker has the same key as an existing object, not registering. 
INFO - [G] 2025-09-21 12:23:35 :: WARN  :: Joker :: If you want to modify an existing object, use take_ownership() 
INFO - [G] 2025-09-21 12:23:35 :: WARN  :: Joker :: Object j_giraffejoker has the same key as an existing object, not registering. 
INFO - [G] 2025-09-21 12:23:35 :: WARN  :: Joker :: If you want to modify an existing object, use take_ownership() 
INFO - [G] 2025-09-21 12:23:35 :: WARN  :: Joker :: Object j_elephantjoker has the same key as an existing object, not registering. 
INFO - [G] 2025-09-21 12:23:35 :: WARN  :: Joker :: If you want to modify an existing object, use take_ownership() 
INFO - [G] 2025-09-21 12:23:35 :: WARN  :: Joker :: Object j_skunkjoker has the same key as an existing object, not registering. 
INFO - [G] 2025-09-21 12:23:35 :: WARN  :: Joker :: If you want to modify an existing object, use take_ownership() 
INFO - [G] 2025-09-21 12:23:35 :: WARN  :: Joker :: Object j_bisonjoker has the same key as an existing object, not registering. 
INFO - [G] 2025-09-21 12:23:35 :: WARN  :: Joker :: If you want to modify an existing object, use take_ownership() 
INFO - [G] 2025-09-21 12:23:35 :: WARN  :: Joker :: Object j_scorpionjoker has the same key as an existing object, not registering. 
INFO - [G] 2025-09-21 12:23:35 :: WARN  :: Joker :: If you want to modify an existing object, use take_ownership() 
INFO - [G] 2025-09-21 12:23:35 :: WARN  :: Joker :: Object j_cowjoker has the same key as an existing object, not registering. 
INFO - [G] 2025-09-21 12:23:35 :: WARN  :: Joker :: If you want to modify an existing object, use take_ownership() 
INFO - [G] 2025-09-21 12:23:35 :: WARN  :: Joker :: Object j_tigerjoker has the same key as an existing object, not registering. 
INFO - [G] 2025-09-21 12:23:35 :: WARN  :: Joker :: If you want to modify an existing object, use take_ownership() 
INFO - [G] 2025-09-21 12:23:35 :: WARN  :: Joker :: Object j_wolverinejoker has the same key as an existing object, not registering. 
INFO - [G] 2025-09-21 12:23:35 :: WARN  :: Joker :: If you want to modify an existing object, use take_ownership() 
INFO - [G] 2025-09-21 12:23:35 :: WARN  :: Joker :: Object j_mammothjoker has the same key as an existing object, not registering. 
INFO - [G] 2025-09-21 12:23:35 :: WARN  :: Joker :: If you want to modify an existing object, use take_ownership() 
INFO - [G] 2025-09-21 12:23:35 :: WARN  :: Joker :: Object j_catjoker has the same key as an existing object, not registering. 
INFO - [G] 2025-09-21 12:23:35 :: WARN  :: Joker :: If you want to modify an existing object, use take_ownership() 
INFO - [G] 2025-09-21 12:23:35 :: WARN  :: Joker :: Object j_snakejoker has the same key as an existing object, not registering. 
INFO - [G] 2025-09-21 12:23:35 :: WARN  :: Joker :: If you want to modify an existing object, use take_ownership() 
INFO - [G] 2025-09-21 12:23:35 :: WARN  :: Joker :: Object j_flyjoker has the same key as an existing object, not registering. 
INFO - [G] 2025-09-21 12:23:35 :: WARN  :: Joker :: If you want to modify an existing object, use take_ownership() 
INFO - [G] [Watcher] Center config doesn't look correct. Make sure you are returning an object. 
