INFO - [♥] Lovely 0.8.0
INFO - [♥] Game directory is at "C:\\Program Files (x86)\\Steam\\steamapps\\common\\Balatro"
INFO - [♥] Writing logs to "C:\\Users\\PC\\AppData\\Roaming\\Balatro\\Mods\\lovely\\log"
INFO - [♥] Using mod directory at "C:\\Users\\PC\\AppData\\Roaming\\Balatro\\Mods"
INFO - [♥] Cleaning up dumps directory at "C:\\Users\\PC\\AppData\\Roaming\\Balatro\\Mods\\lovely\\dump"
INFO - [♥] Initialization complete in 84ms
INFO - [♥] Applied 1 patch to 'conf.lua'
INFO - [♥] Applied 11 patches to 'main.lua'
INFO - [♥] Applied 10 patches to 'engine/controller.lua'
INFO - [♥] Applied 15 patches to 'back.lua'
INFO - [♥] Applied 7 patches to 'tag.lua'
INFO - [♥] Applied 2 patches to 'engine/moveable.lua'
INFO - [♥] Applied 2 patches to 'engine/sprite.lua'
INFO - [♥] Applied 2 patches to 'engine/animatedsprite.lua'
INFO - [♥] Applied 67 patches to 'functions/misc_functions.lua'
INFO - [♥] Applied 40 patches to 'game.lua'
INFO - [♥] Applied 1 patch to 'globals.lua'
INFO - [♥] Applied 5 patches to 'engine/ui.lua'
INFO - [♥] Applied 95 patches to 'functions/UI_definitions.lua'
INFO - [♥] Applied 49 patches to 'functions/state_events.lua'
INFO - [♥] Applied 117 patches to 'functions/common_events.lua'
INFO - [♥] Applied 51 patches to 'functions/button_callbacks.lua'
INFO - [♥] Applied 186 patches to 'card.lua'
INFO - [♥] Applied 10 patches to 'cardarea.lua'
INFO - [♥] Applied 37 patches to 'blind.lua'
INFO - [♥] Applied 2 patches to 'engine/text.lua'
INFO - [G] Failed to connect to the debug server 
INFO - [G] 2025-09-12 16:11:36 :: DEBUG :: DebugConsole :: Steamodded Debug Socket started ! 
INFO - [G] 2025-09-12 16:11:36 :: INFO  :: SMODS :: Steamodded v1.0.0~BETA-0711a 
INFO - [♥] Applied 9 patches to 'engine/sound_manager.lua'
INFO - [♥] Applied 1 patch to 'engine/save_manager.lua'
INFO - [G] 2025-09-12 16:11:39 :: INFO  :: Loader :: Valid JSON file found 
INFO - [G] 2025-09-12 16:11:39 :: INFO  :: Loader :: Valid JSON file found 
INFO - [G] 2025-09-12 16:11:40 :: INFO  :: TIMER :: [0000] Injected Fonts in 0.002 ms 
INFO - [G] 2025-09-12 16:11:40 :: INFO  :: TIMER :: [0000] Injected Language in 0.002 ms 
INFO - [G] 2025-09-12 16:11:40 :: INFO  :: TIMER :: [0000] Injected [INTERNAL] in 2.834 ms 
INFO - [G] 2025-09-12 16:11:40 :: INFO  :: TIMER :: [0003] Injected Atlas in 358.028 ms 
INFO - [G] 2025-09-12 16:11:40 :: INFO  :: TIMER :: [0001] Injected Sound in 0.930 ms 
INFO - [G] 2025-09-12 16:11:40 :: INFO  :: TIMER :: [0008] Injected Stake in 0.562 ms 
INFO - [G] 2025-09-12 16:11:40 :: INFO  :: TIMER :: [0004] Injected Rarity in 0.078 ms 
INFO - [G] 2025-09-12 16:11:40 :: INFO  :: TIMER :: [0004] Injected ObjectType in 0.062 ms 
INFO - [G] 2025-09-12 16:11:40 :: INFO  :: TIMER :: [0059] Injected Center in 2.490 ms 
INFO - [G] 2025-09-12 16:11:40 :: INFO  :: TIMER :: [0007] Injected Undiscovered Sprite in 0.054 ms 
INFO - [G] 2025-09-12 16:11:40 :: INFO  :: TIMER :: [0002] Injected Blind in 0.025 ms 
INFO - [G] 2025-09-12 16:11:40 :: INFO  :: TIMER :: [0004] Injected Seal in 0.296 ms 
INFO - [G] 2025-09-12 16:11:40 :: INFO  :: TIMER :: [0004] Injected Suit in 0.385 ms 
INFO - [G] 2025-09-12 16:11:40 :: INFO  :: TIMER :: [0013] Injected Rank in 0.354 ms 
INFO - [G] 2025-09-12 16:11:40 :: INFO  :: TIMER :: [0028] Injected DeckSkin in 0.392 ms 
INFO - [G] 2025-09-12 16:11:40 :: INFO  :: TIMER :: [0012] Injected PokerHand in 0.107 ms 
INFO - [G] 2025-09-12 16:11:40 :: INFO  :: TIMER :: [0020] Injected Challenge in 0.080 ms 
INFO - [G] 2025-09-12 16:11:40 :: INFO  :: TIMER :: [0000] Injected Tag in 0.002 ms 
INFO - [G] 2025-09-12 16:11:40 :: INFO  :: TIMER :: [0004] Injected Sticker in 0.304 ms 
INFO - [G] 2025-09-12 16:11:40 :: INFO  :: TIMER :: [0000] Injected Shader in 0.002 ms 
INFO - [G] 2025-09-12 16:11:40 :: INFO  :: TIMER :: [0002] Injected Keybind in 0.023 ms 
INFO - [G] 2025-09-12 16:11:40 :: INFO  :: TIMER :: [0000] Injected Achievement in 0.088 ms 
INFO - [G] 2025-09-12 16:11:40 :: INFO  :: TIMER :: [0002] Injected nil in 0.024 ms 
INFO - [G] 2025-09-12 16:11:40 :: INFO  :: TIMER :: [0021] Injected Draw Step in 0.096 ms 
INFO - [G] 2025-09-12 16:11:40 :: INFO  :: TIMER :: [0000] Injected [INTERNAL] in 1.362 ms 
INFO - [G] [DebugPlus] Press [/] to toggle console and press [shift] + [/] to toggle new log previews 
INFO - [G] line not found
INFO - [G] file not found: main.lua: No such file or directory
INFO - [G] file not found: main.lua: No such file or directory
INFO - [G] 2025-09-12 16:12:02 :: ERROR :: StackTrace :: Oops! The game crashed
[SMODS SuperAutoJokers "superautojokers_main.lua"]:94: attempt to perform arithmetic on field 'dollars' (a nil value)
Stack Traceback
===============
(1) Lua upvalue 'orig' at file 'main.lua:612'
	Local variables:
	 msg = string: "[SMODS SuperAutoJokers \"superautojokers_main.lua\"]:94: attempt to perform arithmetic on field 'dollars' (a nil value)"
	 (*temporary) = Lua function '?' (defined at line 31 of chunk [SMODS _ "src/logging.lua"])
	 (*temporary) = string: "Oops! The game crashed\
"
(2) Lua local 'handler' at file 'debugplus/console.lua:606' (from lovely module debugplus.console)
	Local variables:
	 msg = string: "[SMODS SuperAutoJokers \"superautojokers_main.lua\"]:94: attempt to perform arithmetic on field 'dollars' (a nil value)"
(3) LÖVE metamethod at file 'boot.lua:352'
	Local variables:
	 errhand = Lua function '(LÖVE Function)' (defined at line 605 of chunk [lovely debugplus.console "debugplus/console.lua"])
	 handler = Lua function '(LÖVE Function)' (defined at line 605 of chunk [lovely debugplus.console "debugplus/console.lua"])
(4) Lua method 'loc_vars' at file 'superautojokers_main.lua:94' (from mod with id SuperAutoJokers)
	Local variables:
	 self = table: 0x11dbc260  {alerted:true, loc_vars:function: 0x11d105b0, calc_dollar_bonus:function: 0x11d34810, _saved_d_u:true, original_key:swanjoker, mod:table: 0x12346ce8 (more...)}
	 info_queue = table: 0x12522470  {}
	 card = table: 0x12b4e730  {click_offset:table: 0x12b7d228, children:table: 0x12b7eb40, ambient_tilt:0.2, parent:table: 0x11ffefb0, T:table: 0x12b4fc10, offset:table: 0x12b7df98 (more...)}
	 (*temporary) = table: 0x121e4bf8  {}
	 (*temporary) = table: 0x121f0170  {}
	 (*temporary) = nil
	 (*temporary) = number: 0
	 (*temporary) = string: "attempt to perform arithmetic on field 'dollars' (a nil value)"
(5) Lua method 'generate_ui' at Steamodded file 'src/game_object.lua:1125' 
	Local variables:
	 self = table: 0x11dbc260  {alerted:true, loc_vars:function: 0x11d105b0, calc_dollar_bonus:function: 0x11d34810, _saved_d_u:true, original_key:swanjoker, mod:table: 0x12346ce8 (more...)}
	 info_queue = table: 0x12522470  {}
	 card = table: 0x12b4e730  {click_offset:table: 0x12b7d228, children:table: 0x12b7eb40, ambient_tilt:0.2, parent:table: 0x11ffefb0, T:table: 0x12b4fc10, offset:table: 0x12b7df98 (more...)}
	 desc_nodes = table: 0x11f16bf8  {}
	 specific_vars = nil
	 full_UI_table = table: 0x12310340  {badges:table: 0x1251c920, info:table: 0x128d0a08, main:table: 0x11f16bf8, card_type:Joker, type:table: 0x1229d240}
	 target = table: 0x11e38408  {vars:table: 0x12412168, set:Joker, type:descriptions, nodes:table: 0x11f16bf8, key:j_sapjokers_swanjoker, AUT:table: 0x12310340}
	 res = table: 0x1254bee0  {}
(6) Lua method 'generate_UIBox_ability_table' at file 'functions/common_events.lua:2792'
	Local variables:
	 _c = table: 0x11dbc260  {alerted:true, loc_vars:function: 0x11d105b0, calc_dollar_bonus:function: 0x11d34810, _saved_d_u:true, original_key:swanjoker, mod:table: 0x12346ce8 (more...)}
	 full_UI_table = table: 0x12310340  {badges:table: 0x1251c920, info:table: 0x128d0a08, main:table: 0x11f16bf8, card_type:Joker, type:table: 0x1229d240}
	 specific_vars = nil
	 card_type = string: "Joker"
	 badges = table: 0x1251c920  {card_type:Joker}
	 hide_desc = nil
	 main_start = nil
	 main_end = nil
	 card = table: 0x12b4e730  {click_offset:table: 0x12b7d228, children:table: 0x12b7eb40, ambient_tilt:0.2, parent:table: 0x11ffefb0, T:table: 0x12b4fc10, offset:table: 0x12b7df98 (more...)}
	 first_pass = boolean: true
	 desc_nodes = table: 0x11f16bf8  {}
	 name_override = nil
	 info_queue = table: 0x12522470  {}
	 loc_vars = table: 0x12928650  {}
	 cfg = table: 0x12bd6fc8  {bonus:0, h_mult:0, extra:table: 0x12c01c10, hands_played_at_create:0, x_chips:1, perma_h_mult:0, mult:0, h_size:0, perma_x_mult:0, perma_h_dollars:0 (more...)}
(7) Lua method 'hover' at file 'card.lua:4598'
	Local variables:
	 self = table: 0x12b4e730  {click_offset:table: 0x12b7d228, children:table: 0x12b7eb40, ambient_tilt:0.2, parent:table: 0x11ffefb0, T:table: 0x12b4fc10, offset:table: 0x12b7df98 (more...)}
(8) Lua method 'update' at file 'engine/controller.lua:399'
	Local variables:
	 self = table: 0x121ce820  {held_button_times:table: 0x121cf0f0, focus_cursor_stack_level:1, snap_cursor_to:table: 0x12b1f2a8, interrupt:table: 0x121cf140, GAMEPAD:table: 0x121cf970 (more...)}
	 dt = number: 0.0167427
(9) Lua upvalue 'gameUpdateRef' at file 'game.lua:2689'
	Local variables:
	 self = table: 0x11c6a808  {F_GUIDE:false, F_CRASH_REPORTS:false, F_QUIT_BUTTON:true, HUD_tags:table: 0x128d6d20, F_ENGLISH_ONLY:false, viewed_stake:1, HUD:table: 0x12593aa0 (more...)}
	 dt = number: 0
(10) Lua method 'update' at Steamodded file 'src/ui.lua:84' 
	Local variables:
	 self = table: 0x11c6a808  {F_GUIDE:false, F_CRASH_REPORTS:false, F_QUIT_BUTTON:true, HUD_tags:table: 0x128d6d20, F_ENGLISH_ONLY:false, viewed_stake:1, HUD:table: 0x12593aa0 (more...)}
	 dt = number: 0.0167427
(11) Lua field 'update' at file 'main.lua:999'
	Local variables:
	 dt = number: 0.0167427
(12) Lua function '?' at file 'main.lua:938' (best guess)
(13) global C function 'xpcall'
(14) LÖVE function at file 'boot.lua:377' (best guess)
	Local variables:
	 func = Lua function '?' (defined at line 909 of chunk main.lua)
	 inerror = boolean: true
	 deferErrhand = Lua function '(LÖVE Function)' (defined at line 348 of chunk [love "boot.lua"])
	 earlyinit = Lua function '(LÖVE Function)' (defined at line 355 of chunk [love "boot.lua"])
 
INFO - [G] file not found: main.lua: No such file or directory
INFO - [G] file not found: main.lua: No such file or directory
INFO - [G] 2025-09-12 16:12:02 :: INFO  :: StackTrace :: Additional Context:
Balatro Version: 1.0.1o-FULL
Modded Version: 1.0.0~BETA-0711a-STEAMODDED
LÖVE Version: 11.5.0
Lovely Version: 0.8.0
Platform: Windows
Steamodded Mods:
    1: Super Auto Jokers by Equi [ID: SuperAutoJokers, Version: 1.0.0]
    2: DebugPlus by WilsontheWolf [ID: DebugPlus, Version: 1.5.1, Uses Lovely]
Lovely Mods: 
