INFO - [♥] Lovely 0.8.0
INFO - [♥] Game directory is at "C:\\Program Files (x86)\\Steam\\steamapps\\common\\Balatro"
INFO - [♥] Writing logs to "C:\\Users\\PC\\AppData\\Roaming\\Balatro\\Mods\\lovely\\log"
INFO - [♥] Using mod directory at "C:\\Users\\PC\\AppData\\Roaming\\Balatro\\Mods"
INFO - [♥] Cleaning up dumps directory at "C:\\Users\\PC\\AppData\\Roaming\\Balatro\\Mods\\lovely\\dump"
INFO - [♥] Initialization complete in 90ms
INFO - [♥] Applied 10 patches to 'main.lua'
INFO - [♥] Applied 5 patches to 'engine/controller.lua'
INFO - [♥] Applied 16 patches to 'back.lua'
INFO - [♥] Applied 7 patches to 'tag.lua'
INFO - [♥] Applied 3 patches to 'engine/moveable.lua'
INFO - [♥] Applied 2 patches to 'engine/sprite.lua'
INFO - [♥] Applied 2 patches to 'engine/animatedsprite.lua'
INFO - [♥] Applied 68 patches to 'functions/misc_functions.lua'
WARN - [♥] Pattern 'self.GAME.pseudorandom.seed = hash_seed(self.GAME.pseudorandom.seed)' on target 'game.lua' for pattern patch from BalatroMultiplayer\lovely\TheOrder.toml resulted in no matches
INFO - [♥] Applied 44 patches to 'game.lua'
INFO - [♥] Applied 2 patches to 'globals.lua'
INFO - [♥] Applied 5 patches to 'engine/ui.lua'
INFO - [♥] Applied 106 patches to 'functions/UI_definitions.lua'
INFO - [♥] Applied 54 patches to 'functions/state_events.lua'
INFO - [♥] Applied 132 patches to 'functions/common_events.lua'
INFO - [♥] Applied 54 patches to 'functions/button_callbacks.lua'
INFO - [♥] Applied 201 patches to 'card.lua'
INFO - [♥] Applied 12 patches to 'cardarea.lua'
INFO - [♥] Applied 37 patches to 'blind.lua'
INFO - [♥] Applied 2 patches to 'engine/text.lua'
INFO - [♥] Applied 3 patches to '=[SMODS _ "src/utils.lua"]'
INFO - [♥] Applied 1 patch to '=[SMODS _ "src/overrides.lua"]'
INFO - [♥] Applied 1 patch to '=[SMODS _ "src/game_object.lua"]'
INFO - [G] Failed to connect to the debug server
INFO - [G] 2025-08-28 19:10:51 :: DEBUG :: DebugConsole :: Steamodded Debug Socket started !
INFO - [G] 2025-08-28 19:10:51 :: INFO  :: SMODS :: Steamodded v1.0.0~BETA-0711a
INFO - [♥] Applied 9 patches to 'engine/sound_manager.lua'
INFO - [♥] Applied 1 patch to 'engine/save_manager.lua'
INFO - [G] 2025-08-28 19:10:54 :: INFO  :: Loader :: Valid JSON file found
INFO - [G] 2025-08-28 19:10:54 :: TRACE :: Loader :: Processing Mod file (Legacy header): BetterMouseAndGamepad_v1.0.6c.lua
INFO - [G] 2025-08-28 19:10:54 :: TRACE :: Loader :: Saving Mod Info: BetterMouseAndGamepad
INFO - [G] 2025-08-28 19:10:54 :: INFO  :: Loader :: Valid JSON file found
INFO - [G] 2025-08-28 19:10:55 :: DEBUG :: MULTIPLAYER :: Resetting lobby options
INFO - [G] 2025-08-28 19:10:55 :: DEBUG :: MULTIPLAYER :: Resetting game states
INFO - [G] 2025-08-28 19:10:55 :: TRACE :: MULTIPLAYER :: Client sent message: connect
INFO - [G] 2025-08-28 19:10:55 :: INFO  :: TIMER :: [0000] Injected Fonts in 0.002 ms
INFO - [G] 2025-08-28 19:10:55 :: INFO  :: TIMER :: [0000] Injected Language in 0.003 ms
INFO - [G] 2025-08-28 19:10:55 :: INFO  :: TIMER :: [0000] Injected [INTERNAL] in 7.508 ms
INFO - [G] 2025-08-28 19:10:55 :: INFO  :: TIMER :: [0022] Injected Atlas in 597.742 ms
INFO - [G] 2025-08-28 19:10:55 :: INFO  :: TIMER :: [0001] Injected Sound in 2.465 ms
INFO - [G] 2025-08-28 19:10:55 :: INFO  :: TIMER :: [0008] Injected Stake in 0.315 ms
INFO - [G] 2025-08-28 19:10:55 :: INFO  :: TIMER :: [0004] Injected Rarity in 0.038 ms
INFO - [G] 2025-08-28 19:10:55 :: INFO  :: TIMER :: [0004] Injected ObjectType in 0.057 ms
INFO - [G] 2025-08-28 19:10:55 :: INFO  :: TIMER :: [0081] Injected Center in 1.080 ms
INFO - [G] 2025-08-28 19:10:55 :: INFO  :: TIMER :: [0007] Injected Undiscovered Sprite in 0.027 ms
INFO - [G] 2025-08-28 19:10:55 :: INFO  :: TIMER :: [0003] Injected Blind in 0.036 ms
INFO - [G] 2025-08-28 19:10:55 :: INFO  :: TIMER :: [0004] Injected Seal in 0.409 ms
INFO - [G] 2025-08-28 19:10:55 :: INFO  :: TIMER :: [0004] Injected Suit in 0.085 ms
INFO - [G] 2025-08-28 19:10:55 :: INFO  :: TIMER :: [0013] Injected Rank in 0.213 ms
INFO - [G] 2025-08-28 19:10:55 :: INFO  :: TIMER :: [0028] Injected DeckSkin in 0.342 ms
INFO - [G] 2025-08-28 19:10:55 :: INFO  :: TIMER :: [0012] Injected PokerHand in 0.163 ms
INFO - [G] 2025-08-28 19:10:56 :: INFO  :: TIMER :: [0034] Injected Challenge in 0.087 ms
INFO - [G] 2025-08-28 19:10:56 :: INFO  :: TIMER :: [0001] Injected Tag in 0.020 ms
INFO - [G] 2025-08-28 19:10:56 :: INFO  :: TIMER :: [0006] Injected Sticker in 0.177 ms
INFO - [G] 2025-08-28 19:10:56 :: INFO  :: TIMER :: [0000] Injected Shader in 0.003 ms
INFO - [G] 2025-08-28 19:10:56 :: INFO  :: TIMER :: [0002] Injected Keybind in 0.023 ms
INFO - [G] 2025-08-28 19:10:56 :: INFO  :: TIMER :: [0000] Injected Achievement in 0.183 ms
INFO - [G] 2025-08-28 19:10:56 :: INFO  :: TIMER :: [0002] Injected nil in 0.030 ms
INFO - [G] 2025-08-28 19:10:56 :: INFO  :: TIMER :: [0022] Injected Draw Step in 0.654 ms
INFO - [G] 2025-08-28 19:10:56 :: INFO  :: TIMER :: [0000] Injected [INTERNAL] in 11.983 ms
INFO - [G] 2025-08-28 19:10:56 :: INFO  :: TIMER :: [0009] Injected nil in 0.049 ms
INFO - [G] 2025-08-28 19:10:56 :: INFO  :: TIMER :: [0003] Injected nil in 0.037 ms
INFO - [G] 2025-08-28 19:10:56 :: TRACE :: MULTIPLAYER :: Client got connected message:  (action: connected) 
INFO - [G] 2025-08-28 19:10:56 :: TRACE :: MULTIPLAYER :: Client sent message: action:username,username:balatro but woke~18,modHash:
INFO - [G] 2025-08-28 19:10:56 :: TRACE :: MULTIPLAYER :: Client got version message:  (action: version) 
INFO - [G] 2025-08-28 19:10:56 :: TRACE :: MULTIPLAYER :: Client sent message: action:version,version:0.2.16-MULTIPLAYER
INFO - [G] 2025-08-28 19:10:56 :: TRACE :: MULTIPLAYER :: Client sent message: action:username,username:balatro but woke~18,modHash:preview=true;unlocked=true;encryptID=119020876800.07;serversideConnectionID=99363ae8;BetterMouseAndGamepad-1.0.6c;JokerDisplay-1.8.6;Lovely-0.8.0;Multiplayer-0.2.16;Preview-MultiplayerIntegration;Steamodded-1.0.0~BETA-0711a;TheOrder-MultiplayerIntegration
INFO - [G] 2025-08-28 19:11:20 :: DEBUG :: MULTIPLAYER :: Resetting lobby options
INFO - [G] 2025-08-28 19:11:20 :: TRACE :: MULTIPLAYER :: Client sent message: action:createLobby,gameMode:attrition
INFO - [G] 2025-08-28 19:11:20 :: TRACE :: MULTIPLAYER :: Client got joinedLobby message:  (type: attrition)  (action: joinedLobby)  (code: CSWJC) 
INFO - [G] 2025-08-28 19:11:20 :: TRACE :: MULTIPLAYER :: Client sent message: action:syncClient,isCached:true
INFO - [G] 2025-08-28 19:11:20 :: TRACE :: MULTIPLAYER :: Client sent message: action:lobbyInfo
INFO - [G] 2025-08-28 19:11:20 :: DEBUG :: MULTIPLAYER :: Resetting game states
INFO - [G] 2025-08-28 19:11:21 :: TRACE :: MULTIPLAYER :: Client got lobbyInfo message:  (host: balatro but woke~18)  (hostCached: true)  (action: lobbyInfo)  (hostHash: preview=true;unlocked=true;encryptID=119020876800.07;serversideConnectionID=99363ae8;BetterMouseAndGamepad-1.0.6c;JokerDisplay-1.8.6;Lovely-0.8.0;Multiplayer-0.2.16;Preview-MultiplayerIntegration;Steamodded-1.0.0~BETA-0711a;TheOrder-MultiplayerIntegration)  (isHost: true) 
INFO - [G] 2025-08-28 19:11:21 :: TRACE :: MULTIPLAYER :: Client sent message: action:lobbyOptions,no_gold_on_round_loss:false,disable_live_and_timer_hud:false,timer_base_seconds:150,sleeve:sleeve_casl_none,back:Red Deck,gold_on_life_loss:true,starting_lives:4,pvp_countdown_seconds:3,multiplayer_jokers:true,forced_config:false,different_decks:false,death_on_round_loss:true,custom_seed:random,ruleset:ruleset_mp_smallworld,the_order:true,timer:true,challenge:,gamemode:gamemode_mp_attrition,stake:1,timer_increment_seconds:60,showdown_starting_antes:3,preview_disabled:false,pvp_start_round:2,different_seeds:false,timer_forgiveness:0
INFO - [G] 2025-08-28 19:11:28 :: TRACE :: MULTIPLAYER :: Client sent message: action:lobbyOptions,no_gold_on_round_loss:false,disable_live_and_timer_hud:false,timer_base_seconds:150,back:b_mp_cocktail,gold_on_life_loss:true,starting_lives:4,pvp_countdown_seconds:3,multiplayer_jokers:true,forced_config:false,different_decks:false,death_on_round_loss:true,custom_seed:random,ruleset:ruleset_mp_smallworld,the_order:true,timer:true,challenge:,gamemode:gamemode_mp_attrition,stake:1,timer_increment_seconds:60,showdown_starting_antes:3,preview_disabled:false,pvp_start_round:2,different_seeds:false,timer_forgiveness:0
INFO - [G] 2025-08-28 19:11:49 :: TRACE :: MULTIPLAYER :: Client got lobbyInfo message:  (hostCached: true)  (hostHash: preview=true;unlocked=true;encryptID=119020876800.07;serversideConnectionID=99363ae8;BetterMouseAndGamepad-1.0.6c;JokerDisplay-1.8.6;Lovely-0.8.0;Multiplayer-0.2.16;Preview-MultiplayerIntegration;Steamodded-1.0.0~BETA-0711a;TheOrder-MultiplayerIntegration)  (host: balatro but woke~18)  (guestHash: preview=true;unlocked=true;encryptID=119020876800.07;serversideConnectionID=d622ba7c;FlowerPot-0.8.1;Handy-1.5.1g;JokerDisplay-1.8.6;Lovely-0.8.0;Multiplayer-0.2.16;Preview-MultiplayerIntegration;Steamodded-1.0.0~BETA-0711a;TheOrder-MultiplayerIntegration;blueprint-3.3)  (guest: KnightSlayer~1)  (guestReady: false)  (action: lobbyInfo)  (isHost: true)  (guestCached: true) 
INFO - [G] 2025-08-28 19:11:49 :: TRACE :: MULTIPLAYER :: Client sent message: action:lobbyOptions,no_gold_on_round_loss:false,disable_live_and_timer_hud:false,timer_base_seconds:150,back:b_mp_cocktail,gold_on_life_loss:true,starting_lives:4,pvp_countdown_seconds:3,multiplayer_jokers:true,forced_config:false,different_decks:false,death_on_round_loss:true,custom_seed:random,ruleset:ruleset_mp_smallworld,the_order:true,timer:true,challenge:,gamemode:gamemode_mp_attrition,stake:1,timer_increment_seconds:60,showdown_starting_antes:3,preview_disabled:false,pvp_start_round:2,different_seeds:false,timer_forgiveness:0
INFO - [G] 2025-08-28 19:11:49 :: TRACE :: MULTIPLAYER :: Client got lobbyInfo message:  (hostCached: true)  (hostHash: preview=true;unlocked=true;encryptID=119020876800.07;serversideConnectionID=99363ae8;BetterMouseAndGamepad-1.0.6c;JokerDisplay-1.8.6;Lovely-0.8.0;Multiplayer-0.2.16;Preview-MultiplayerIntegration;Steamodded-1.0.0~BETA-0711a;TheOrder-MultiplayerIntegration)  (host: balatro but woke~18)  (guestHash: preview=true;unlocked=true;encryptID=119020876800.07;serversideConnectionID=d622ba7c;FlowerPot-0.8.1;Handy-1.5.1g;JokerDisplay-1.8.6;Lovely-0.8.0;Multiplayer-0.2.16;Preview-MultiplayerIntegration;Steamodded-1.0.0~BETA-0711a;TheOrder-MultiplayerIntegration;blueprint-3.3)  (guest: KnightSlayer~1)  (guestReady: false)  (action: lobbyInfo)  (isHost: true)  (guestCached: true) 
INFO - [G] 2025-08-28 19:11:49 :: TRACE :: MULTIPLAYER :: Client sent message: action:lobbyOptions,no_gold_on_round_loss:false,disable_live_and_timer_hud:false,timer_base_seconds:150,back:b_mp_cocktail,gold_on_life_loss:true,starting_lives:4,pvp_countdown_seconds:3,multiplayer_jokers:true,forced_config:false,different_decks:false,death_on_round_loss:true,custom_seed:random,ruleset:ruleset_mp_smallworld,the_order:true,timer:true,challenge:,gamemode:gamemode_mp_attrition,stake:1,timer_increment_seconds:60,showdown_starting_antes:3,preview_disabled:false,pvp_start_round:2,different_seeds:false,timer_forgiveness:0
INFO - [G] 2025-08-28 19:11:59 :: TRACE :: MULTIPLAYER :: Client got lobbyInfo message:  (hostCached: true)  (hostHash: preview=true;unlocked=true;encryptID=119020876800.07;serversideConnectionID=99363ae8;BetterMouseAndGamepad-1.0.6c;JokerDisplay-1.8.6;Lovely-0.8.0;Multiplayer-0.2.16;Preview-MultiplayerIntegration;Steamodded-1.0.0~BETA-0711a;TheOrder-MultiplayerIntegration)  (host: balatro but woke~18)  (guestHash: preview=true;unlocked=true;encryptID=119020876800.07;serversideConnectionID=d622ba7c;FlowerPot-0.8.1;Handy-1.5.1g;JokerDisplay-1.8.6;Lovely-0.8.0;Multiplayer-0.2.16;Preview-MultiplayerIntegration;Steamodded-1.0.0~BETA-0711a;TheOrder-MultiplayerIntegration;blueprint-3.3)  (guest: KnightSlayer~1)  (guestReady: true)  (action: lobbyInfo)  (isHost: true)  (guestCached: true) 
INFO - [G] 2025-08-28 19:11:59 :: TRACE :: MULTIPLAYER :: Client sent message: action:lobbyOptions,no_gold_on_round_loss:false,disable_live_and_timer_hud:false,timer_base_seconds:150,back:b_mp_cocktail,gold_on_life_loss:true,starting_lives:4,pvp_countdown_seconds:3,multiplayer_jokers:true,forced_config:false,different_decks:false,death_on_round_loss:true,custom_seed:random,ruleset:ruleset_mp_smallworld,the_order:true,timer:true,challenge:,gamemode:gamemode_mp_attrition,stake:1,timer_increment_seconds:60,showdown_starting_antes:3,preview_disabled:false,pvp_start_round:2,different_seeds:false,timer_forgiveness:0
INFO - [G] 2025-08-28 19:12:07 :: TRACE :: MULTIPLAYER :: Client sent message: action:startGame
INFO - [G] 2025-08-28 19:12:07 :: TRACE :: MULTIPLAYER :: Client got startGame message:  (deck: c_multiplayer_1)  (action: startGame) 
INFO - [G] 2025-08-28 19:12:07 :: DEBUG :: MULTIPLAYER :: Resetting game states
INFO - [G] 2025-08-28 19:12:07 :: TRACE :: MULTIPLAYER :: Client sent message: action:setAnte,ante:0
INFO - [G] 2025-08-28 19:12:08 :: TRACE :: MULTIPLAYER :: Client got playerInfo message:  (lives: 4)  (action: playerInfo) 
INFO - [G] 2025-08-28 19:12:08 :: DEBUG :: DefaultLogger :: (Idol) Selected card 6 of Clubs with weight 1 of total 52
INFO - [G] 2025-08-28 19:12:08 :: DEBUG :: DefaultLogger :: (Mail) Selected card 2 with weight 4 of total 52
INFO - [G] 2025-08-28 19:12:22 :: TRACE :: MULTIPLAYER :: Client sent message: action:playHand,score:0,handsLeft:3
INFO - [G] 2025-08-28 19:12:22 :: TRACE :: MULTIPLAYER :: Client sent message: action:newRound
INFO - [G] 2025-08-28 19:12:22 :: TRACE :: MULTIPLAYER :: Client sent message: action:setLocation,location:loc_playing-bl_small
INFO - [G] 2025-08-28 19:12:29 :: TRACE :: MULTIPLAYER :: Client got enemyInfo message:  (skips: 0)  (lives: 4)  (action: enemyInfo)  (handsLeft: 3)  (score: 0) 
INFO - [G] 2025-08-28 19:12:29 :: TRACE :: MULTIPLAYER :: Client got enemyLocation message:  (location: loc_playing-bl_small)  (action: enemyLocation) 
INFO - [G] 2025-08-28 19:12:29 :: TRACE :: MULTIPLAYER :: Client sent message: action:usedCard,card:Immolate
INFO - [G] 2025-08-28 19:12:29 :: TRACE :: MULTIPLAYER :: Client sent message: action:moneyMoved,amount:20
INFO - [G] 2025-08-28 19:12:57 :: TRACE :: MULTIPLAYER :: Client sent message: action:setFurthestBlind,furthestBlind:11
INFO - [G] 2025-08-28 19:12:57 :: DEBUG :: DefaultLogger :: (Idol) Selected card 4 of Hearts with weight 1 of total 47
INFO - [G] 2025-08-28 19:12:57 :: DEBUG :: DefaultLogger :: (Mail) Selected card 10 with weight 4 of total 47
INFO - [G] 2025-08-28 19:13:00 :: TRACE :: MULTIPLAYER :: Client sent message: action:moneyMoved,amount:8
INFO - [G] 2025-08-28 19:13:00 :: TRACE :: MULTIPLAYER :: Client sent message: action:setLocation,location:loc_shop
INFO - [G] 2025-08-28 19:13:05 :: TRACE :: MULTIPLAYER :: Client sent message: action:boughtCardFromShop,card:Pluto,cost:3
INFO - [G] 2025-08-28 19:13:05 :: TRACE :: MULTIPLAYER :: Client sent message: action:moneyMoved,amount:-3
INFO - [G] 2025-08-28 19:13:05 :: TRACE :: MULTIPLAYER :: Client sent message: action:usedCard,card:Pluto
INFO - [G] 2025-08-28 19:13:08 :: TRACE :: MULTIPLAYER :: Client sent message: action:usedCard,card:Buffoon Pack
INFO - [G] 2025-08-28 19:13:08 :: TRACE :: MULTIPLAYER :: Client sent message: action:moneyMoved,amount:-4
INFO - [G] 2025-08-28 19:13:14 :: TRACE :: MULTIPLAYER :: Client sent message: action:usedCard,card:Lusty Joker
INFO - [G] 2025-08-28 19:13:15 :: TRACE :: MULTIPLAYER :: Client got enemyLocation message:  (location: loc_shop)  (action: enemyLocation) 
INFO - [G] 2025-08-28 19:13:16 :: TRACE :: MULTIPLAYER :: Client sent message: action:boughtCardFromShop,card:Deja Vu,cost:4
INFO - [G] 2025-08-28 19:13:16 :: TRACE :: MULTIPLAYER :: Client sent message: action:moneyMoved,amount:-4
INFO - [G] 2025-08-28 19:13:16 :: TRACE :: MULTIPLAYER :: Client sent message: action:usedCard,card:Standard Pack
INFO - [G] 2025-08-28 19:13:16 :: TRACE :: MULTIPLAYER :: Client sent message: action:moneyMoved,amount:-4
INFO - [G] 2025-08-28 19:13:22 :: TRACE :: MULTIPLAYER :: Client sent message: action:usedCard,card:Glass Card
INFO - [G] 2025-08-28 19:13:24 :: TRACE :: MULTIPLAYER :: Client sent message: action:spentLastShop,amount:15
INFO - [G] 2025-08-28 19:13:24 :: TRACE :: MULTIPLAYER :: Client sent message: action:setLocation,location:loc_selecting
INFO - [G] 2025-08-28 19:13:26 :: TRACE :: MULTIPLAYER :: Client sent message: action:playHand,score:0,handsLeft:3
INFO - [G] 2025-08-28 19:13:26 :: TRACE :: MULTIPLAYER :: Client sent message: action:newRound
INFO - [G] 2025-08-28 19:13:26 :: TRACE :: MULTIPLAYER :: Client sent message: action:setLocation,location:loc_playing-bl_big
INFO - [G] 2025-08-28 19:13:37 :: TRACE :: MULTIPLAYER :: Client got spentLastShop message:  (amount: 12)  (action: spentLastShop) 
INFO - [G] 2025-08-28 19:13:37 :: TRACE :: MULTIPLAYER :: Client got enemyLocation message:  (location: loc_selecting)  (action: enemyLocation) 
INFO - [G] 2025-08-28 19:13:38 :: TRACE :: MULTIPLAYER :: Client sent message: action:usedCard,card:Deja Vu
INFO - [G] 2025-08-28 19:13:38 :: TRACE :: MULTIPLAYER :: Client got enemyInfo message:  (skips: 0)  (lives: 4)  (action: enemyInfo)  (handsLeft: 3)  (score: 0) 
INFO - [G] 2025-08-28 19:13:38 :: TRACE :: MULTIPLAYER :: Client got enemyLocation message:  (location: loc_playing-bl_big)  (action: enemyLocation) 
INFO - [G] 2025-08-28 19:13:56 :: TRACE :: MULTIPLAYER :: Client sent message: action:setFurthestBlind,furthestBlind:12
INFO - [G] 2025-08-28 19:13:56 :: DEBUG :: DefaultLogger :: (Idol) Selected card 8 of Clubs with weight 1 of total 48
INFO - [G] 2025-08-28 19:13:56 :: DEBUG :: DefaultLogger :: (Mail) Selected card Jack with weight 4 of total 48
INFO - [G] 2025-08-28 19:14:00 :: TRACE :: MULTIPLAYER :: Client sent message: action:moneyMoved,amount:8
INFO - [G] 2025-08-28 19:14:00 :: TRACE :: MULTIPLAYER :: Client sent message: action:setLocation,location:loc_shop
INFO - [G] 2025-08-28 19:14:02 :: TRACE :: MULTIPLAYER :: Client sent message: action:boughtCardFromShop,card:The Hermit,cost:3
INFO - [G] 2025-08-28 19:14:02 :: TRACE :: MULTIPLAYER :: Client sent message: action:moneyMoved,amount:-3
INFO - [G] 2025-08-28 19:14:02 :: TRACE :: MULTIPLAYER :: Client sent message: action:usedCard,card:The Hermit
INFO - [G] 2025-08-28 19:14:02 :: TRACE :: MULTIPLAYER :: Client sent message: action:moneyMoved,amount:20
INFO - [G] 2025-08-28 19:14:04 :: TRACE :: MULTIPLAYER :: Client sent message: action:usedCard,card:Standard Pack
INFO - [G] 2025-08-28 19:14:04 :: TRACE :: MULTIPLAYER :: Client sent message: action:moneyMoved,amount:-4
INFO - [G] 2025-08-28 19:14:07 :: TRACE :: MULTIPLAYER :: Client sent message: action:usedCard,card:Default Base
INFO - [G] 2025-08-28 19:14:08 :: TRACE :: MULTIPLAYER :: Client sent message: action:usedCard,card:Arcana Pack
INFO - [G] 2025-08-28 19:14:08 :: TRACE :: MULTIPLAYER :: Client sent message: action:moneyMoved,amount:-4
INFO - [G] 2025-08-28 19:14:12 :: TRACE :: MULTIPLAYER :: Client got enemyLocation message:  (location: loc_shop)  (action: enemyLocation) 
INFO - [G] 2025-08-28 19:14:13 :: TRACE :: MULTIPLAYER :: Client sent message: action:usedCard,card:The Emperor
INFO - [G] 2025-08-28 19:14:16 :: TRACE :: MULTIPLAYER :: Client sent message: action:usedCard,card:The High Priestess
INFO - [G] 2025-08-28 19:14:18 :: TRACE :: MULTIPLAYER :: Client sent message: action:soldCard,card:Earth
INFO - [G] 2025-08-28 19:14:18 :: TRACE :: MULTIPLAYER :: Client sent message: action:soldJoker
INFO - [G] 2025-08-28 19:14:18 :: TRACE :: MULTIPLAYER :: Client sent message: action:moneyMoved,amount:1
INFO - [G] 2025-08-28 19:14:19 :: TRACE :: MULTIPLAYER :: Client sent message: action:usedCard,card:The High Priestess
INFO - [G] 2025-08-28 19:14:22 :: TRACE :: MULTIPLAYER :: Client sent message: action:rerollShop,cost:5
INFO - [G] 2025-08-28 19:14:22 :: TRACE :: MULTIPLAYER :: Client sent message: action:moneyMoved,amount:-5
INFO - [G] 2025-08-28 19:14:24 :: TRACE :: MULTIPLAYER :: Client sent message: action:boughtCardFromShop,card:Lusty Joker,cost:5
INFO - [G] 2025-08-28 19:14:24 :: TRACE :: MULTIPLAYER :: Client sent message: action:moneyMoved,amount:-5
INFO - [G] 2025-08-28 19:14:25 :: TRACE :: MULTIPLAYER :: Client sent message: action:spentLastShop,amount:21
INFO - [G] 2025-08-28 19:14:25 :: TRACE :: MULTIPLAYER :: Client sent message: action:setLocation,location:loc_selecting
INFO - [G] 2025-08-28 19:14:26 :: TRACE :: MULTIPLAYER :: Client sent message: action:playHand,score:0,handsLeft:3
INFO - [G] 2025-08-28 19:14:26 :: TRACE :: MULTIPLAYER :: Client sent message: action:newRound
INFO - [G] 2025-08-28 19:14:26 :: TRACE :: MULTIPLAYER :: Client sent message: action:setLocation,location:loc_playing-bl_manacle
INFO - [G] 2025-08-28 19:14:46 :: TRACE :: MULTIPLAYER :: Client got soldJoker message:  (action: soldJoker) 
INFO - [G] 2025-08-28 19:14:47 :: TRACE :: MULTIPLAYER :: Client got soldJoker message:  (action: soldJoker) 
INFO - [G] 2025-08-28 19:14:48 :: TRACE :: MULTIPLAYER :: Client got spentLastShop message:  (amount: 53)  (action: spentLastShop) 
INFO - [G] 2025-08-28 19:14:48 :: TRACE :: MULTIPLAYER :: Client got enemyLocation message:  (location: loc_selecting)  (action: enemyLocation) 
INFO - [G] 2025-08-28 19:14:50 :: TRACE :: MULTIPLAYER :: Client got enemyInfo message:  (skips: 0)  (lives: 4)  (action: enemyInfo)  (handsLeft: 3)  (score: 0) 
INFO - [G] 2025-08-28 19:14:50 :: TRACE :: MULTIPLAYER :: Client got enemyLocation message:  (location: loc_playing-bl_manacle)  (action: enemyLocation) 
INFO - [G] 2025-08-28 19:15:02 :: TRACE :: MULTIPLAYER :: Client sent message: action:setAnte,ante:2
INFO - [G] 2025-08-28 19:15:02 :: TRACE :: MULTIPLAYER :: Client sent message: action:setFurthestBlind,furthestBlind:13
INFO - [G] 2025-08-28 19:15:02 :: DEBUG :: DefaultLogger :: (Idol) Selected card Ace of Clubs with weight 1 of total 49
INFO - [G] 2025-08-28 19:15:02 :: DEBUG :: DefaultLogger :: (Mail) Selected card 10 with weight 5 of total 49
INFO - [G] 2025-08-28 19:15:06 :: TRACE :: MULTIPLAYER :: Client sent message: action:moneyMoved,amount:10
INFO - [G] 2025-08-28 19:15:06 :: TRACE :: MULTIPLAYER :: Client sent message: action:setLocation,location:loc_shop
INFO - [G] 2025-08-28 19:15:15 :: TRACE :: MULTIPLAYER :: Client sent message: action:usedCard,card:Jumbo Arcana Pack
INFO - [G] 2025-08-28 19:15:15 :: TRACE :: MULTIPLAYER :: Client sent message: action:moneyMoved,amount:-6
INFO - [G] 2025-08-28 19:15:21 :: TRACE :: MULTIPLAYER :: Client sent message: action:soldCard,card:Venus
INFO - [G] 2025-08-28 19:15:21 :: TRACE :: MULTIPLAYER :: Client sent message: action:soldJoker
INFO - [G] 2025-08-28 19:15:21 :: TRACE :: MULTIPLAYER :: Client sent message: action:moneyMoved,amount:1
INFO - [G] 2025-08-28 19:15:22 :: TRACE :: MULTIPLAYER :: Client sent message: action:soldCard,card:Venus
INFO - [G] 2025-08-28 19:15:22 :: TRACE :: MULTIPLAYER :: Client sent message: action:soldJoker
INFO - [G] 2025-08-28 19:15:22 :: TRACE :: MULTIPLAYER :: Client sent message: action:moneyMoved,amount:1
INFO - [G] 2025-08-28 19:15:23 :: TRACE :: MULTIPLAYER :: Client sent message: action:usedCard,card:The Emperor
INFO - [G] 2025-08-28 19:15:26 :: TRACE :: MULTIPLAYER :: Client sent message: action:soldCard,card:The High Priestess
INFO - [G] 2025-08-28 19:15:26 :: TRACE :: MULTIPLAYER :: Client sent message: action:soldJoker
INFO - [G] 2025-08-28 19:15:26 :: TRACE :: MULTIPLAYER :: Client sent message: action:moneyMoved,amount:1
INFO - [G] 2025-08-28 19:15:26 :: TRACE :: MULTIPLAYER :: Client sent message: action:usedCard,card:The High Priestess
INFO - [G] 2025-08-28 19:15:30 :: TRACE :: MULTIPLAYER :: Client sent message: action:usedCard,card:Celestial Pack
INFO - [G] 2025-08-28 19:15:30 :: TRACE :: MULTIPLAYER :: Client sent message: action:moneyMoved,amount:-4
INFO - [G] 2025-08-28 19:15:35 :: TRACE :: MULTIPLAYER :: Client sent message: action:usedCard,card:Earth
INFO - [G] 2025-08-28 19:15:37 :: TRACE :: MULTIPLAYER :: Client sent message: action:usedCard,card:Earth
INFO - [G] 2025-08-28 19:15:40 :: TRACE :: MULTIPLAYER :: Client sent message: action:usedCard,card:Earth
INFO - [G] 2025-08-28 19:15:46 :: TRACE :: MULTIPLAYER :: Client sent message: action:boughtCardFromShop,card:Reserved Parking,cost:6
INFO - [G] 2025-08-28 19:15:46 :: TRACE :: MULTIPLAYER :: Client sent message: action:moneyMoved,amount:-6
INFO - [G] 2025-08-28 19:15:47 :: TRACE :: MULTIPLAYER :: Client sent message: action:spentLastShop,amount:16
INFO - [G] 2025-08-28 19:15:47 :: TRACE :: MULTIPLAYER :: Client sent message: action:setLocation,location:loc_selecting
INFO - [G] 2025-08-28 19:15:47 :: TRACE :: MULTIPLAYER :: Client sent message: action:moneyMoved,amount:0
INFO - [G] 2025-08-28 19:15:48 :: TRACE :: MULTIPLAYER :: Client sent message: action:playHand,score:0,handsLeft:3
INFO - [G] 2025-08-28 19:15:48 :: TRACE :: MULTIPLAYER :: Client sent message: action:newRound
INFO - [G] 2025-08-28 19:15:48 :: TRACE :: MULTIPLAYER :: Client sent message: action:setLocation,location:loc_playing-bl_small
INFO - [G] 2025-08-28 19:15:54 :: TRACE :: MULTIPLAYER :: Client sent message: action:moneyMoved,amount:1
INFO - [G] 2025-08-28 19:15:54 :: TRACE :: MULTIPLAYER :: Client sent message: action:moneyMoved,amount:1
INFO - [G] 2025-08-28 19:15:59 :: TRACE :: MULTIPLAYER :: Client got enemyLocation message:  (location: loc_shop)  (action: enemyLocation) 
INFO - [G] 2025-08-28 19:16:02 :: TRACE :: MULTIPLAYER :: Client got soldJoker message:  (action: soldJoker) 
INFO - [G] 2025-08-28 19:16:04 :: TRACE :: MULTIPLAYER :: Client sent message: action:usedCard,card:The Hanged Man
INFO - [G] 2025-08-28 19:16:08 :: TRACE :: MULTIPLAYER :: Client sent message: action:moneyMoved,amount:1
INFO - [G] 2025-08-28 19:16:08 :: TRACE :: MULTIPLAYER :: Client sent message: action:moneyMoved,amount:1
INFO - [G] 2025-08-28 19:16:18 :: TRACE :: MULTIPLAYER :: Client got soldJoker message:  (action: soldJoker) 
INFO - [G] 2025-08-28 19:16:19 :: TRACE :: MULTIPLAYER :: Client sent message: action:setFurthestBlind,furthestBlind:21
INFO - [G] 2025-08-28 19:16:19 :: DEBUG :: DefaultLogger :: (Idol) Selected card King of Hearts with weight 1 of total 47
INFO - [G] 2025-08-28 19:16:19 :: DEBUG :: DefaultLogger :: (Mail) Selected card 5 with weight 4 of total 47
INFO - [G] 2025-08-28 19:16:22 :: TRACE :: MULTIPLAYER :: Client sent message: action:moneyMoved,amount:8
INFO - [G] 2025-08-28 19:16:23 :: TRACE :: MULTIPLAYER :: Client sent message: action:setLocation,location:loc_shop
INFO - [G] 2025-08-28 19:16:28 :: TRACE :: MULTIPLAYER :: Client sent message: action:boughtCardFromShop,card:Riff-raff,cost:6
INFO - [G] 2025-08-28 19:16:28 :: TRACE :: MULTIPLAYER :: Client sent message: action:moneyMoved,amount:-6
INFO - [G] 2025-08-28 19:16:29 :: TRACE :: MULTIPLAYER :: Client sent message: action:usedCard,card:Paint Brush
INFO - [G] 2025-08-28 19:16:29 :: TRACE :: MULTIPLAYER :: Client sent message: action:moneyMoved,amount:-10
INFO - [G] 2025-08-28 19:16:31 :: TRACE :: MULTIPLAYER :: Client got soldJoker message:  (action: soldJoker) 
INFO - [G] 2025-08-28 19:16:35 :: TRACE :: MULTIPLAYER :: Client sent message: action:spentLastShop,amount:16
INFO - [G] 2025-08-28 19:16:35 :: TRACE :: MULTIPLAYER :: Client sent message: action:setLocation,location:loc_selecting
INFO - [G] 2025-08-28 19:16:36 :: TRACE :: MULTIPLAYER :: Client sent message: action:playHand,score:0,handsLeft:3
INFO - [G] 2025-08-28 19:16:36 :: TRACE :: MULTIPLAYER :: Client sent message: action:newRound
INFO - [G] 2025-08-28 19:16:36 :: TRACE :: MULTIPLAYER :: Client sent message: action:setLocation,location:loc_playing-bl_big
INFO - [G] 2025-08-28 19:16:46 :: TRACE :: MULTIPLAYER :: Client got spentLastShop message:  (amount: 13)  (action: spentLastShop) 
INFO - [G] 2025-08-28 19:16:46 :: TRACE :: MULTIPLAYER :: Client got enemyLocation message:  (location: loc_selecting)  (action: enemyLocation) 
INFO - [G] 2025-08-28 19:16:47 :: TRACE :: MULTIPLAYER :: Client got enemyInfo message:  (skips: 0)  (lives: 4)  (action: enemyInfo)  (handsLeft: 3)  (score: 0) 
INFO - [G] 2025-08-28 19:16:47 :: TRACE :: MULTIPLAYER :: Client got enemyLocation message:  (location: loc_playing-bl_small)  (action: enemyLocation) 
INFO - [G] 2025-08-28 19:16:52 :: TRACE :: MULTIPLAYER :: Client sent message: action:moneyMoved,amount:1
INFO - [G] 2025-08-28 19:16:54 :: TRACE :: MULTIPLAYER :: Client got soldJoker message:  (action: soldJoker) 
INFO - [G] 2025-08-28 19:17:03 :: TRACE :: MULTIPLAYER :: Client sent message: action:moneyMoved,amount:1
INFO - [G] 2025-08-28 19:17:13 :: TRACE :: MULTIPLAYER :: Client sent message: action:moneyMoved,amount:1
INFO - [G] 2025-08-28 19:17:16 :: TRACE :: MULTIPLAYER :: Client got enemyLocation message:  (location: loc_shop)  (action: enemyLocation) 
INFO - [G] 2025-08-28 19:17:20 :: TRACE :: MULTIPLAYER :: Client sent message: action:setFurthestBlind,furthestBlind:22
INFO - [G] 2025-08-28 19:17:20 :: DEBUG :: DefaultLogger :: (Idol) Selected card 4 of Diamonds with weight 1 of total 47
INFO - [G] 2025-08-28 19:17:20 :: DEBUG :: DefaultLogger :: (Mail) Selected card 9 with weight 4 of total 47
INFO - [G] 2025-08-28 19:17:24 :: TRACE :: MULTIPLAYER :: Client sent message: action:usedCard,card:The Emperor
INFO - [G] 2025-08-28 19:17:25 :: TRACE :: MULTIPLAYER :: Client sent message: action:usedCard,card:The Hermit
INFO - [G] 2025-08-28 19:17:25 :: TRACE :: MULTIPLAYER :: Client sent message: action:moneyMoved,amount:20
INFO - [G] 2025-08-28 19:17:27 :: TRACE :: MULTIPLAYER :: Client sent message: action:usedCard,card:The Emperor
INFO - [G] 2025-08-28 19:17:29 :: TRACE :: MULTIPLAYER :: Client sent message: action:moneyMoved,amount:8
INFO - [G] 2025-08-28 19:17:29 :: TRACE :: MULTIPLAYER :: Client sent message: action:setLocation,location:loc_shop
INFO - [G] 2025-08-28 19:17:31 :: TRACE :: MULTIPLAYER :: Client sent message: action:boughtCardFromShop,card:The Hermit,cost:3
INFO - [G] 2025-08-28 19:17:31 :: TRACE :: MULTIPLAYER :: Client sent message: action:moneyMoved,amount:-3
INFO - [G] 2025-08-28 19:17:31 :: TRACE :: MULTIPLAYER :: Client sent message: action:usedCard,card:The Hermit
INFO - [G] 2025-08-28 19:17:31 :: TRACE :: MULTIPLAYER :: Client sent message: action:moneyMoved,amount:20
INFO - [G] 2025-08-28 19:17:33 :: TRACE :: MULTIPLAYER :: Client sent message: action:usedCard,card:Jumbo Arcana Pack
INFO - [G] 2025-08-28 19:17:33 :: TRACE :: MULTIPLAYER :: Client sent message: action:moneyMoved,amount:-6
INFO - [G] 2025-08-28 19:17:38 :: TRACE :: MULTIPLAYER :: Client sent message: action:usedCard,card:The Hanged Man
INFO - [G] 2025-08-28 19:17:39 :: TRACE :: MULTIPLAYER :: Client sent message: action:usedCard,card:The Emperor
INFO - [G] 2025-08-28 19:17:41 :: TRACE :: MULTIPLAYER :: Client got soldJoker message:  (action: soldJoker) 
INFO - [G] 2025-08-28 19:17:43 :: TRACE :: MULTIPLAYER :: Client sent message: action:usedCard,card:The Hanged Man
INFO - [G] 2025-08-28 19:17:44 :: TRACE :: MULTIPLAYER :: Client sent message: action:usedCard,card:The Emperor
INFO - [G] 2025-08-28 19:17:48 :: TRACE :: MULTIPLAYER :: Client got soldJoker message:  (action: soldJoker) 
INFO - [G] 2025-08-28 19:17:48 :: TRACE :: MULTIPLAYER :: Client got spentLastShop message:  (amount: 22)  (action: spentLastShop) 
INFO - [G] 2025-08-28 19:17:48 :: TRACE :: MULTIPLAYER :: Client got enemyLocation message:  (location: loc_selecting)  (action: enemyLocation) 
INFO - [G] 2025-08-28 19:17:48 :: TRACE :: MULTIPLAYER :: Client got enemyInfo message:  (skips: 0)  (lives: 4)  (action: enemyInfo)  (handsLeft: 3)  (score: 0) 
INFO - [G] 2025-08-28 19:17:48 :: TRACE :: MULTIPLAYER :: Client got enemyLocation message:  (location: loc_playing-bl_big)  (action: enemyLocation) 
INFO - [G] 2025-08-28 19:17:53 :: TRACE :: MULTIPLAYER :: Client sent message: action:usedCard,card:The Hanged Man
INFO - [G] 2025-08-28 19:18:06 :: TRACE :: MULTIPLAYER :: Client sent message: action:soldCard,card:Riff-raff
INFO - [G] 2025-08-28 19:18:06 :: TRACE :: MULTIPLAYER :: Client sent message: action:soldJoker
INFO - [G] 2025-08-28 19:18:06 :: TRACE :: MULTIPLAYER :: Client sent message: action:moneyMoved,amount:3
INFO - [G] 2025-08-28 19:18:07 :: TRACE :: MULTIPLAYER :: Client sent message: action:boughtCardFromShop,card:8 Ball,cost:5
INFO - [G] 2025-08-28 19:18:07 :: TRACE :: MULTIPLAYER :: Client sent message: action:moneyMoved,amount:-5
INFO - [G] 2025-08-28 19:18:07 :: TRACE :: MULTIPLAYER :: Client sent message: action:rerollShop,cost:5
INFO - [G] 2025-08-28 19:18:07 :: TRACE :: MULTIPLAYER :: Client sent message: action:moneyMoved,amount:-5
INFO - [G] 2025-08-28 19:18:10 :: TRACE :: MULTIPLAYER :: Client sent message: action:boughtCardFromShop,card:Pluto,cost:3
INFO - [G] 2025-08-28 19:18:10 :: TRACE :: MULTIPLAYER :: Client sent message: action:moneyMoved,amount:-3
INFO - [G] 2025-08-28 19:18:10 :: TRACE :: MULTIPLAYER :: Client sent message: action:usedCard,card:Pluto
INFO - [G] 2025-08-28 19:18:12 :: TRACE :: MULTIPLAYER :: Client sent message: action:soldCard,card:The Hanged Man
INFO - [G] 2025-08-28 19:18:12 :: TRACE :: MULTIPLAYER :: Client sent message: action:soldJoker
INFO - [G] 2025-08-28 19:18:12 :: TRACE :: MULTIPLAYER :: Client sent message: action:moneyMoved,amount:1
INFO - [G] 2025-08-28 19:18:13 :: TRACE :: MULTIPLAYER :: Client sent message: action:boughtCardFromShop,card:Deja Vu,cost:4
INFO - [G] 2025-08-28 19:18:13 :: TRACE :: MULTIPLAYER :: Client sent message: action:moneyMoved,amount:-4
INFO - [G] 2025-08-28 19:18:14 :: TRACE :: MULTIPLAYER :: Client sent message: action:rerollShop,cost:6
INFO - [G] 2025-08-28 19:18:14 :: TRACE :: MULTIPLAYER :: Client sent message: action:moneyMoved,amount:-6
INFO - [G] 2025-08-28 19:18:14 :: TRACE :: MULTIPLAYER :: Client got soldJoker message:  (action: soldJoker) 
INFO - [G] 2025-08-28 19:18:15 :: TRACE :: MULTIPLAYER :: Client sent message: action:boughtCardFromShop,card:Pluto,cost:3
INFO - [G] 2025-08-28 19:18:15 :: TRACE :: MULTIPLAYER :: Client sent message: action:moneyMoved,amount:-3
INFO - [G] 2025-08-28 19:18:15 :: TRACE :: MULTIPLAYER :: Client sent message: action:usedCard,card:Pluto
INFO - [G] 2025-08-28 19:18:17 :: TRACE :: MULTIPLAYER :: Client sent message: action:rerollShop,cost:7
INFO - [G] 2025-08-28 19:18:17 :: TRACE :: MULTIPLAYER :: Client sent message: action:moneyMoved,amount:-7
INFO - [G] 2025-08-28 19:18:23 :: TRACE :: MULTIPLAYER :: Client sent message: action:spentLastShop,amount:42
INFO - [G] 2025-08-28 19:18:24 :: TRACE :: MULTIPLAYER :: Client sent message: action:setLocation,location:loc_selecting
INFO - [G] 2025-08-28 19:18:24 :: TRACE :: MULTIPLAYER :: Toggling Ready
INFO - [G] 2025-08-28 19:18:24 :: TRACE :: MULTIPLAYER :: Client sent message: action:setLocation,location:loc_ready
INFO - [G] 2025-08-28 19:18:24 :: TRACE :: MULTIPLAYER :: Client sent message: action:readyBlind
INFO - [G] 2025-08-28 19:18:25 :: TRACE :: MULTIPLAYER :: Client got speedrun message:  (action: speedrun) 
INFO - [G] 2025-08-28 19:18:27 :: TRACE :: MULTIPLAYER :: Client sent message: action:startAnteTimer,time:150
INFO - [G] 2025-08-28 19:18:33 :: TRACE :: MULTIPLAYER :: Client got enemyLocation message:  (location: loc_shop)  (action: enemyLocation) 
INFO - [G] 2025-08-28 19:19:30 :: TRACE :: MULTIPLAYER :: Client got soldJoker message:  (action: soldJoker) 
INFO - [G] 2025-08-28 19:19:37 :: TRACE :: MULTIPLAYER :: Client got soldJoker message:  (action: soldJoker) 
INFO - [G] 2025-08-28 19:19:39 :: TRACE :: MULTIPLAYER :: Client got spentLastShop message:  (amount: 57)  (action: spentLastShop) 
INFO - [G] 2025-08-28 19:19:39 :: TRACE :: MULTIPLAYER :: Client got enemyLocation message:  (location: loc_selecting)  (action: enemyLocation) 
INFO - [G] 2025-08-28 19:19:40 :: TRACE :: MULTIPLAYER :: Client got enemyLocation message:  (location: loc_ready)  (action: enemyLocation) 
INFO - [G] 2025-08-28 19:19:40 :: TRACE :: MULTIPLAYER :: Client got startBlind message:  (action: startBlind) 
INFO - [G] 2025-08-28 19:19:43 :: TRACE :: MULTIPLAYER :: Client sent message: action:playHand,score:0,handsLeft:3
INFO - [G] 2025-08-28 19:19:43 :: TRACE :: MULTIPLAYER :: Client sent message: action:newRound
INFO - [G] 2025-08-28 19:19:43 :: TRACE :: MULTIPLAYER :: Client sent message: action:setLocation,location:loc_playing-bl_mp_nemesis
INFO - [G] 2025-08-28 19:19:43 :: TRACE :: MULTIPLAYER :: Client got enemyInfo message:  (skips: 0)  (lives: 4)  (action: enemyInfo)  (handsLeft: 3)  (score: 0) 
INFO - [G] 2025-08-28 19:19:44 :: TRACE :: MULTIPLAYER :: Client got enemyLocation message:  (location: loc_playing-bl_mp_nemesis)  (action: enemyLocation) 
INFO - [G] 2025-08-28 19:19:47 :: TRACE :: MULTIPLAYER :: Client sent message: action:usedCard,card:The Hanged Man
INFO - [G] 2025-08-28 19:19:50 :: TRACE :: MULTIPLAYER :: Client sent message: action:usedCard,card:Deja Vu
INFO - [G] 2025-08-28 19:19:57 :: TRACE :: MULTIPLAYER :: Client sent message: action:moneyMoved,amount:1
INFO - [G] 2025-08-28 19:20:00 :: TRACE :: MULTIPLAYER :: Client sent message: action:playHand,score:204,handsLeft:2
INFO - [G] 2025-08-28 19:20:02 :: TRACE :: MULTIPLAYER :: Client sent message: action:soldCard,card:The Star
INFO - [G] 2025-08-28 19:20:02 :: TRACE :: MULTIPLAYER :: Client sent message: action:soldJoker
INFO - [G] 2025-08-28 19:20:02 :: TRACE :: MULTIPLAYER :: Client sent message: action:moneyMoved,amount:1
INFO - [G] 2025-08-28 19:20:03 :: TRACE :: MULTIPLAYER :: Client sent message: action:usedCard,card:The High Priestess
INFO - [G] 2025-08-28 19:20:04 :: TRACE :: MULTIPLAYER :: Client sent message: action:usedCard,card:Earth
INFO - [G] 2025-08-28 19:20:06 :: TRACE :: MULTIPLAYER :: Client sent message: action:usedCard,card:Pluto
INFO - [G] 2025-08-28 19:20:15 :: TRACE :: MULTIPLAYER :: Client got enemyInfo message:  (skips: 0)  (lives: 4)  (action: enemyInfo)  (handsLeft: 2)  (score: 495) 
INFO - [G] 2025-08-28 19:20:15 :: TRACE :: MULTIPLAYER :: Client sent message: action:soldCard,card:The Star
INFO - [G] 2025-08-28 19:20:15 :: TRACE :: MULTIPLAYER :: Client sent message: action:soldJoker
INFO - [G] 2025-08-28 19:20:15 :: TRACE :: MULTIPLAYER :: Client sent message: action:moneyMoved,amount:1
INFO - [G] 2025-08-28 19:20:21 :: TRACE :: MULTIPLAYER :: Client got enemyInfo message:  (skips: 0)  (lives: 4)  (action: enemyInfo)  (handsLeft: 1)  (score: 968) 
INFO - [G] 2025-08-28 19:20:23 :: TRACE :: MULTIPLAYER :: Client sent message: action:moneyMoved,amount:1
INFO - [G] 2025-08-28 19:20:23 :: TRACE :: MULTIPLAYER :: Client sent message: action:moneyMoved,amount:1
INFO - [G] 2025-08-28 19:20:23 :: TRACE :: MULTIPLAYER :: Client sent message: action:moneyMoved,amount:1
INFO - [G] 2025-08-28 19:20:23 :: TRACE :: MULTIPLAYER :: Client sent message: action:moneyMoved,amount:1
INFO - [G] 2025-08-28 19:20:27 :: TRACE :: MULTIPLAYER :: Client sent message: action:playHand,score:787,handsLeft:1
INFO - [G] 2025-08-28 19:20:29 :: TRACE :: MULTIPLAYER :: Client sent message: action:usedCard,card:The High Priestess
INFO - [G] 2025-08-28 19:20:30 :: TRACE :: MULTIPLAYER :: Client sent message: action:usedCard,card:Pluto
INFO - [G] 2025-08-28 19:20:43 :: TRACE :: MULTIPLAYER :: Client sent message: action:moneyMoved,amount:1
INFO - [G] 2025-08-28 19:20:48 :: TRACE :: MULTIPLAYER :: Client sent message: action:playHand,score:6787,handsLeft:0
INFO - [G] 2025-08-28 19:20:59 :: TRACE :: MULTIPLAYER :: Client got enemyInfo message:  (skips: 0)  (lives: 4)  (action: enemyInfo)  (handsLeft: 0)  (score: 8145) 
INFO - [G] 2025-08-28 19:20:59 :: TRACE :: MULTIPLAYER :: Client got playerInfo message:  (lives: 3)  (action: playerInfo) 
INFO - [G] 2025-08-28 19:20:59 :: TRACE :: MULTIPLAYER :: Client got endPvP message:  (lost: true)  (action: endPvP) 
INFO - [G] 2025-08-28 19:21:00 :: TRACE :: MULTIPLAYER :: Client sent message: action:setAnte,ante:3
INFO - [G] 2025-08-28 19:21:00 :: TRACE :: MULTIPLAYER :: Client sent message: action:setFurthestBlind,furthestBlind:23
INFO - [G] 2025-08-28 19:21:00 :: DEBUG :: DefaultLogger :: (Idol) Selected card Jack of Hearts with weight 2 of total 39
INFO - [G] 2025-08-28 19:21:00 :: DEBUG :: DefaultLogger :: (Mail) Selected card King with weight 3 of total 39
INFO - [G] 2025-08-28 19:21:04 :: TRACE :: MULTIPLAYER :: Client got enemyLocation message:  (location: loc_shop)  (action: enemyLocation) 
INFO - [G] 2025-08-28 19:21:04 :: TRACE :: MULTIPLAYER :: Client sent message: action:moneyMoved,amount:14
INFO - [G] 2025-08-28 19:21:04 :: TRACE :: MULTIPLAYER :: Client sent message: action:setLocation,location:loc_shop
INFO - [G] 2025-08-28 19:21:11 :: TRACE :: MULTIPLAYER :: Client sent message: action:soldCard,card:8 Ball
INFO - [G] 2025-08-28 19:21:11 :: TRACE :: MULTIPLAYER :: Client sent message: action:soldJoker
INFO - [G] 2025-08-28 19:21:11 :: TRACE :: MULTIPLAYER :: Client sent message: action:moneyMoved,amount:2
INFO - [G] 2025-08-28 19:21:12 :: TRACE :: MULTIPLAYER :: Client sent message: action:boughtCardFromShop,card:Constellation,cost:0
INFO - [G] 2025-08-28 19:21:13 :: TRACE :: MULTIPLAYER :: Client sent message: action:boughtCardFromShop,card:Venus,cost:3
INFO - [G] 2025-08-28 19:21:13 :: TRACE :: MULTIPLAYER :: Client sent message: action:moneyMoved,amount:-3
INFO - [G] 2025-08-28 19:21:13 :: TRACE :: MULTIPLAYER :: Client sent message: action:usedCard,card:Venus
INFO - [G] 2025-08-28 19:21:16 :: TRACE :: MULTIPLAYER :: Client sent message: action:usedCard,card:Celestial Pack
INFO - [G] 2025-08-28 19:21:16 :: TRACE :: MULTIPLAYER :: Client sent message: action:moneyMoved,amount:-4
INFO - [G] 2025-08-28 19:21:18 :: TRACE :: MULTIPLAYER :: Client sent message: action:usedCard,card:Pluto
INFO - [G] 2025-08-28 19:21:21 :: TRACE :: MULTIPLAYER :: Client sent message: action:usedCard,card:Standard Pack
INFO - [G] 2025-08-28 19:21:21 :: TRACE :: MULTIPLAYER :: Client sent message: action:moneyMoved,amount:-4
INFO - [G] 2025-08-28 19:21:26 :: TRACE :: MULTIPLAYER :: Client sent message: action:usedCard,card:Default Base
INFO - [G] 2025-08-28 19:21:27 :: TRACE :: MULTIPLAYER :: Client sent message: action:rerollShop,cost:5
INFO - [G] 2025-08-28 19:21:27 :: TRACE :: MULTIPLAYER :: Client sent message: action:moneyMoved,amount:-5
INFO - [G] 2025-08-28 19:21:28 :: TRACE :: MULTIPLAYER :: Client sent message: action:rerollShop,cost:6
INFO - [G] 2025-08-28 19:21:28 :: TRACE :: MULTIPLAYER :: Client sent message: action:moneyMoved,amount:-6
INFO - [G] 2025-08-28 19:21:30 :: TRACE :: MULTIPLAYER :: Client got soldJoker message:  (action: soldJoker) 
INFO - [G] 2025-08-28 19:21:31 :: TRACE :: MULTIPLAYER :: Client sent message: action:rerollShop,cost:7
INFO - [G] 2025-08-28 19:21:31 :: TRACE :: MULTIPLAYER :: Client sent message: action:moneyMoved,amount:-7
INFO - [G] 2025-08-28 19:21:31 :: TRACE :: MULTIPLAYER :: Client got soldJoker message:  (action: soldJoker) 
INFO - [G] 2025-08-28 19:21:33 :: TRACE :: MULTIPLAYER :: Client sent message: action:boughtCardFromShop,card:Immolate,cost:4
INFO - [G] 2025-08-28 19:21:33 :: TRACE :: MULTIPLAYER :: Client got soldJoker message:  (action: soldJoker) 
INFO - [G] 2025-08-28 19:21:33 :: TRACE :: MULTIPLAYER :: Client sent message: action:moneyMoved,amount:-4
INFO - [G] 2025-08-28 19:21:34 :: TRACE :: MULTIPLAYER :: Client got soldJoker message:  (action: soldJoker) 
INFO - [G] 2025-08-28 19:21:36 :: TRACE :: MULTIPLAYER :: Client got soldJoker message:  (action: soldJoker) 
INFO - [G] 2025-08-28 19:21:40 :: TRACE :: MULTIPLAYER :: Client sent message: action:spentLastShop,amount:33
INFO - [G] 2025-08-28 19:21:40 :: TRACE :: MULTIPLAYER :: Client sent message: action:setLocation,location:loc_selecting
INFO - [G] 2025-08-28 19:21:41 :: TRACE :: MULTIPLAYER :: Client sent message: action:playHand,score:0,handsLeft:3
INFO - [G] 2025-08-28 19:21:41 :: TRACE :: MULTIPLAYER :: Client sent message: action:newRound
INFO - [G] 2025-08-28 19:21:41 :: TRACE :: MULTIPLAYER :: Client sent message: action:setLocation,location:loc_playing-bl_small
INFO - [G] 2025-08-28 19:21:44 :: TRACE :: MULTIPLAYER :: Client sent message: action:usedCard,card:Immolate
INFO - [G] 2025-08-28 19:21:44 :: TRACE :: MULTIPLAYER :: Client sent message: action:moneyMoved,amount:20
INFO - [G] 2025-08-28 19:21:50 :: TRACE :: MULTIPLAYER :: Client sent message: action:usedCard,card:Venus
INFO - [G] 2025-08-28 19:22:01 :: TRACE :: MULTIPLAYER :: Client sent message: action:usedCard,card:The Hermit
INFO - [G] 2025-08-28 19:22:01 :: TRACE :: MULTIPLAYER :: Client sent message: action:moneyMoved,amount:20
INFO - [G] 2025-08-28 19:22:08 :: TRACE :: MULTIPLAYER :: Client got soldJoker message:  (action: soldJoker) 
INFO - [G] 2025-08-28 19:22:08 :: TRACE :: MULTIPLAYER :: Client sent message: action:usedCard,card:The Hanged Man
INFO - [G] 2025-08-28 19:22:10 :: TRACE :: MULTIPLAYER :: Client got soldJoker message:  (action: soldJoker) 
INFO - [G] 2025-08-28 19:22:10 :: TRACE :: MULTIPLAYER :: Client sent message: action:moneyMoved,amount:1
INFO - [G] 2025-08-28 19:22:10 :: TRACE :: MULTIPLAYER :: Client sent message: action:moneyMoved,amount:1
INFO - [G] 2025-08-28 19:22:10 :: TRACE :: MULTIPLAYER :: Client sent message: action:moneyMoved,amount:1
INFO - [G] 2025-08-28 19:22:10 :: TRACE :: MULTIPLAYER :: Client sent message: action:moneyMoved,amount:1
INFO - [G] 2025-08-28 19:22:10 :: TRACE :: MULTIPLAYER :: Client sent message: action:moneyMoved,amount:1
INFO - [G] 2025-08-28 19:22:13 :: TRACE :: MULTIPLAYER :: Client got spentLastShop message:  (amount: 72)  (action: spentLastShop) 
INFO - [G] 2025-08-28 19:22:14 :: TRACE :: MULTIPLAYER :: Client got enemyLocation message:  (location: loc_selecting)  (action: enemyLocation) 
INFO - [G] 2025-08-28 19:22:15 :: TRACE :: MULTIPLAYER :: Client got enemyInfo message:  (skips: 0)  (lives: 4)  (action: enemyInfo)  (handsLeft: 3)  (score: 0) 
INFO - [G] 2025-08-28 19:22:15 :: TRACE :: MULTIPLAYER :: Client got enemyLocation message:  (location: loc_playing-bl_small)  (action: enemyLocation) 
INFO - [G] 2025-08-28 19:22:24 :: TRACE :: MULTIPLAYER :: Client sent message: action:setFurthestBlind,furthestBlind:31
INFO - [G] 2025-08-28 19:22:24 :: DEBUG :: DefaultLogger :: (Idol) Selected card 3 of Diamonds with weight 1 of total 33
INFO - [G] 2025-08-28 19:22:24 :: DEBUG :: DefaultLogger :: (Mail) Selected card 9 with weight 4 of total 33
INFO - [G] 2025-08-28 19:22:27 :: TRACE :: MULTIPLAYER :: Client sent message: action:moneyMoved,amount:8
INFO - [G] 2025-08-28 19:22:27 :: TRACE :: MULTIPLAYER :: Client sent message: action:setLocation,location:loc_shop
INFO - [G] 2025-08-28 19:22:35 :: TRACE :: MULTIPLAYER :: Client sent message: action:usedCard,card:Jumbo Arcana Pack
INFO - [G] 2025-08-28 19:22:35 :: TRACE :: MULTIPLAYER :: Client sent message: action:moneyMoved,amount:-6
INFO - [G] 2025-08-28 19:22:42 :: TRACE :: MULTIPLAYER :: Client sent message: action:usedCard,card:The Hermit
INFO - [G] 2025-08-28 19:22:43 :: TRACE :: MULTIPLAYER :: Client sent message: action:moneyMoved,amount:20
INFO - [G] 2025-08-28 19:22:45 :: TRACE :: MULTIPLAYER :: Client sent message: action:usedCard,card:Jumbo Arcana Pack
INFO - [G] 2025-08-28 19:22:45 :: TRACE :: MULTIPLAYER :: Client sent message: action:moneyMoved,amount:-6
INFO - [G] 2025-08-28 19:22:48 :: TRACE :: MULTIPLAYER :: Client sent message: action:usedCard,card:The Emperor
INFO - [G] 2025-08-28 19:22:50 :: TRACE :: MULTIPLAYER :: Client sent message: action:soldCard,card:The Star
INFO - [G] 2025-08-28 19:22:50 :: TRACE :: MULTIPLAYER :: Client sent message: action:soldJoker
INFO - [G] 2025-08-28 19:22:51 :: TRACE :: MULTIPLAYER :: Client sent message: action:moneyMoved,amount:1
INFO - [G] 2025-08-28 19:22:51 :: TRACE :: MULTIPLAYER :: Client sent message: action:usedCard,card:The Emperor
INFO - [G] 2025-08-28 19:22:55 :: TRACE :: MULTIPLAYER :: Client sent message: action:rerollShop,cost:5
INFO - [G] 2025-08-28 19:22:55 :: TRACE :: MULTIPLAYER :: Client sent message: action:moneyMoved,amount:-5
INFO - [G] 2025-08-28 19:22:56 :: TRACE :: MULTIPLAYER :: Client sent message: action:boughtCardFromShop,card:Venus,cost:3
INFO - [G] 2025-08-28 19:22:56 :: TRACE :: MULTIPLAYER :: Client sent message: action:moneyMoved,amount:-3
INFO - [G] 2025-08-28 19:22:56 :: TRACE :: MULTIPLAYER :: Client sent message: action:usedCard,card:Venus
INFO - [G] 2025-08-28 19:22:58 :: TRACE :: MULTIPLAYER :: Client got enemyLocation message:  (location: loc_shop)  (action: enemyLocation) 
INFO - [G] 2025-08-28 19:23:15 :: TRACE :: MULTIPLAYER :: Client sent message: action:soldCard,card:8 Ball
INFO - [G] 2025-08-28 19:23:15 :: TRACE :: MULTIPLAYER :: Client sent message: action:soldJoker
INFO - [G] 2025-08-28 19:23:15 :: TRACE :: MULTIPLAYER :: Client sent message: action:moneyMoved,amount:2
INFO - [G] 2025-08-28 19:23:16 :: TRACE :: MULTIPLAYER :: Client sent message: action:soldCard,card:8 Ball
INFO - [G] 2025-08-28 19:23:16 :: TRACE :: MULTIPLAYER :: Client sent message: action:soldJoker
INFO - [G] 2025-08-28 19:23:16 :: TRACE :: MULTIPLAYER :: Client sent message: action:moneyMoved,amount:2
INFO - [G] 2025-08-28 19:23:17 :: TRACE :: MULTIPLAYER :: Client sent message: action:soldCard,card:Reserved Parking
INFO - [G] 2025-08-28 19:23:17 :: TRACE :: MULTIPLAYER :: Client sent message: action:soldJoker
INFO - [G] 2025-08-28 19:23:17 :: TRACE :: MULTIPLAYER :: Client sent message: action:moneyMoved,amount:3
INFO - [G] 2025-08-28 19:23:18 :: TRACE :: MULTIPLAYER :: Client sent message: action:soldCard,card:Lusty Joker
INFO - [G] 2025-08-28 19:23:18 :: TRACE :: MULTIPLAYER :: Client sent message: action:soldJoker
INFO - [G] 2025-08-28 19:23:18 :: TRACE :: MULTIPLAYER :: Client sent message: action:moneyMoved,amount:2
INFO - [G] 2025-08-28 19:23:19 :: TRACE :: MULTIPLAYER :: Client sent message: action:soldCard,card:Lusty Joker
INFO - [G] 2025-08-28 19:23:19 :: TRACE :: MULTIPLAYER :: Client sent message: action:soldJoker
INFO - [G] 2025-08-28 19:23:20 :: TRACE :: MULTIPLAYER :: Client sent message: action:moneyMoved,amount:2
INFO - [G] 2025-08-28 19:23:20 :: TRACE :: MULTIPLAYER :: Client sent message: action:boughtCardFromShop,card:Ankh,cost:4
INFO - [G] 2025-08-28 19:23:21 :: TRACE :: MULTIPLAYER :: Client sent message: action:moneyMoved,amount:-4
INFO - [G] 2025-08-28 19:23:21 :: TRACE :: MULTIPLAYER :: Client sent message: action:usedCard,card:Ankh
INFO - [G] 2025-08-28 19:23:22 :: TRACE :: MULTIPLAYER :: Client sent message: action:rerollShop,cost:6
INFO - [G] 2025-08-28 19:23:22 :: TRACE :: MULTIPLAYER :: Client sent message: action:moneyMoved,amount:-6
INFO - [G] 2025-08-28 19:23:27 :: TRACE :: MULTIPLAYER :: Client sent message: action:rerollShop,cost:7
INFO - [G] 2025-08-28 19:23:27 :: TRACE :: MULTIPLAYER :: Client sent message: action:moneyMoved,amount:-7
INFO - [G] 2025-08-28 19:23:29 :: TRACE :: MULTIPLAYER :: Client sent message: action:soldCard,card:The Star
INFO - [G] 2025-08-28 19:23:29 :: TRACE :: MULTIPLAYER :: Client sent message: action:soldJoker
INFO - [G] 2025-08-28 19:23:29 :: TRACE :: MULTIPLAYER :: Client sent message: action:moneyMoved,amount:1
INFO - [G] 2025-08-28 19:23:29 :: TRACE :: MULTIPLAYER :: Client sent message: action:boughtCardFromShop,card:Deja Vu,cost:4
INFO - [G] 2025-08-28 19:23:30 :: TRACE :: MULTIPLAYER :: Client sent message: action:moneyMoved,amount:-4
INFO - [G] 2025-08-28 19:23:30 :: TRACE :: MULTIPLAYER :: Client sent message: action:rerollShop,cost:8
INFO - [G] 2025-08-28 19:23:30 :: TRACE :: MULTIPLAYER :: Client sent message: action:moneyMoved,amount:-8
INFO - [G] 2025-08-28 19:23:32 :: TRACE :: MULTIPLAYER :: Client sent message: action:boughtCardFromShop,card:Riff-raff,cost:6
INFO - [G] 2025-08-28 19:23:32 :: TRACE :: MULTIPLAYER :: Client sent message: action:moneyMoved,amount:-6
INFO - [G] 2025-08-28 19:23:33 :: TRACE :: MULTIPLAYER :: Client sent message: action:rerollShop,cost:9
INFO - [G] 2025-08-28 19:23:33 :: TRACE :: MULTIPLAYER :: Client sent message: action:moneyMoved,amount:-9
INFO - [G] 2025-08-28 19:23:34 :: TRACE :: MULTIPLAYER :: Client sent message: action:boughtCardFromShop,card:Venus,cost:3
INFO - [G] 2025-08-28 19:23:34 :: TRACE :: MULTIPLAYER :: Client sent message: action:moneyMoved,amount:-3
INFO - [G] 2025-08-28 19:23:34 :: TRACE :: MULTIPLAYER :: Client sent message: action:usedCard,card:Venus
INFO - [G] 2025-08-28 19:23:37 :: TRACE :: MULTIPLAYER :: Client sent message: action:rerollShop,cost:10
INFO - [G] 2025-08-28 19:23:37 :: TRACE :: MULTIPLAYER :: Client sent message: action:moneyMoved,amount:-10
INFO - [G] 2025-08-28 19:23:43 :: TRACE :: MULTIPLAYER :: Client got disconnected message:  (action: disconnected) 
INFO - [G] 2025-08-28 19:23:43 :: DEBUG :: MULTIPLAYER :: Resetting game states
INFO - [G] 2025-08-28 19:26:54 :: TRACE :: MULTIPLAYER :: Client sent message: connect
INFO - [G] 2025-08-28 19:26:55 :: TRACE :: MULTIPLAYER :: Client got connected message:  (action: connected) 
INFO - [G] 2025-08-28 19:26:55 :: TRACE :: MULTIPLAYER :: Client sent message: action:username,username:balatro but woke~18,modHash:preview=true;unlocked=true;encryptID=119020876800.07;serversideConnectionID=99363ae8;BetterMouseAndGamepad-1.0.6c;JokerDisplay-1.8.6;Lovely-0.8.0;Multiplayer-0.2.16;Preview-MultiplayerIntegration;Steamodded-1.0.0~BETA-0711a;TheOrder-MultiplayerIntegration
INFO - [G] 2025-08-28 19:26:55 :: TRACE :: MULTIPLAYER :: Client got version message:  (action: version) 
INFO - [G] 2025-08-28 19:26:55 :: TRACE :: MULTIPLAYER :: Client sent message: action:version,version:0.2.16-MULTIPLAYER
INFO - [G] 2025-08-28 19:26:58 :: TRACE :: MULTIPLAYER :: Client sent message: action:joinLobby,code:TDTMR
INFO - [G] 2025-08-28 19:26:59 :: TRACE :: MULTIPLAYER :: Client got joinedLobby message:  (type: attrition)  (action: joinedLobby)  (code: TDTMR) 
INFO - [G] 2025-08-28 19:26:59 :: TRACE :: MULTIPLAYER :: Client sent message: action:syncClient,isCached:true
INFO - [G] 2025-08-28 19:26:59 :: TRACE :: MULTIPLAYER :: Client sent message: action:lobbyInfo
INFO - [G] 2025-08-28 19:26:59 :: TRACE :: MULTIPLAYER :: Client got lobbyOptions message:  (no_gold_on_round_loss: false)  (disable_live_and_timer_hud: false)  (forced_config: true)  (sleeve: sleeve_casl_none)  (back: Red Deck)  (timer_base_seconds: 150)  (gold_on_life_loss: true)  (starting_lives: 4)  (different_seeds: false)  (multiplayer_jokers: true)  (pvp_start_round: 2)  (different_decks: false)  (death_on_round_loss: true)  (custom_seed: random)  (pvp_countdown_seconds: 3)  (the_order: true)  (timer: true)  (challenge: 0)  (gamemode: gamemode_mp_attrition)  (stake: 1)  (timer_increment_seconds: 60)  (showdown_starting_antes: 3)  (preview_disabled: false)  (ruleset: ruleset_mp_ranked)  (action: lobbyOptions)  (timer_forgiveness: 0) 
INFO - [G] 2025-08-28 19:26:59 :: TRACE :: MULTIPLAYER :: Client got lobbyInfo message:  (hostCached: true)  (hostHash: preview=true;unlocked=true;encryptID=119020876800.07;serversideConnectionID=37bd75b0;Lovely-0.8.0;Multiplayer-0.2.16;Preview-MultiplayerIntegration;Steamodded-1.0.0~BETA-0711a;TheOrder-MultiplayerIntegration)  (host: xdd~25)  (guestHash: preview=true;unlocked=true;encryptID=119020876800.07;serversideConnectionID=99363ae8;BetterMouseAndGamepad-1.0.6c;JokerDisplay-1.8.6;Lovely-0.8.0;Multiplayer-0.2.16;Preview-MultiplayerIntegration;Steamodded-1.0.0~BETA-0711a;TheOrder-MultiplayerIntegration)  (guest: balatro but woke~18)  (guestReady: false)  (action: lobbyInfo)  (isHost: false)  (guestCached: true) 
INFO - [G] 2025-08-28 19:26:59 :: DEBUG :: MULTIPLAYER :: Resetting game states
INFO - [G] 2025-08-28 19:26:59 :: TRACE :: MULTIPLAYER :: Client got lobbyOptions message:  (no_gold_on_round_loss: false)  (disable_live_and_timer_hud: false)  (forced_config: true)  (sleeve: sleeve_casl_none)  (back: Red Deck)  (timer_base_seconds: 150)  (gold_on_life_loss: true)  (starting_lives: 4)  (different_seeds: false)  (multiplayer_jokers: true)  (pvp_start_round: 2)  (different_decks: false)  (death_on_round_loss: true)  (custom_seed: random)  (pvp_countdown_seconds: 3)  (the_order: true)  (timer: true)  (challenge: 0)  (gamemode: gamemode_mp_attrition)  (stake: 1)  (timer_increment_seconds: 60)  (showdown_starting_antes: 3)  (preview_disabled: false)  (ruleset: ruleset_mp_ranked)  (action: lobbyOptions)  (timer_forgiveness: 0) 
INFO - [G] 2025-08-28 19:26:59 :: TRACE :: MULTIPLAYER :: Client got lobbyInfo message:  (hostCached: true)  (hostHash: preview=true;unlocked=true;encryptID=119020876800.07;serversideConnectionID=37bd75b0;Lovely-0.8.0;Multiplayer-0.2.16;Preview-MultiplayerIntegration;Steamodded-1.0.0~BETA-0711a;TheOrder-MultiplayerIntegration)  (host: xdd~25)  (guestHash: preview=true;unlocked=true;encryptID=119020876800.07;serversideConnectionID=99363ae8;BetterMouseAndGamepad-1.0.6c;JokerDisplay-1.8.6;Lovely-0.8.0;Multiplayer-0.2.16;Preview-MultiplayerIntegration;Steamodded-1.0.0~BETA-0711a;TheOrder-MultiplayerIntegration)  (guest: balatro but woke~18)  (guestReady: false)  (action: lobbyInfo)  (isHost: false)  (guestCached: true) 
INFO - [G] 2025-08-28 19:27:00 :: TRACE :: MULTIPLAYER :: Client got lobbyOptions message:  (no_gold_on_round_loss: false)  (disable_live_and_timer_hud: false)  (forced_config: true)  (sleeve: sleeve_casl_none)  (back: Red Deck)  (timer_base_seconds: 150)  (gold_on_life_loss: true)  (starting_lives: 4)  (different_seeds: false)  (multiplayer_jokers: true)  (pvp_start_round: 2)  (different_decks: false)  (death_on_round_loss: true)  (custom_seed: random)  (pvp_countdown_seconds: 3)  (the_order: true)  (timer: true)  (challenge: 0)  (gamemode: gamemode_mp_attrition)  (stake: 1)  (timer_increment_seconds: 60)  (showdown_starting_antes: 3)  (preview_disabled: false)  (ruleset: ruleset_mp_ranked)  (action: lobbyOptions)  (timer_forgiveness: 0) 
INFO - [G] 2025-08-28 19:27:14 :: TRACE :: MULTIPLAYER :: Client got lobbyOptions message:  (no_gold_on_round_loss: false)  (disable_live_and_timer_hud: false)  (timer_base_seconds: 150)  (back: b_mp_cocktail)  (forced_config: true)  (gold_on_life_loss: true)  (action: lobbyOptions)  (different_seeds: false)  (multiplayer_jokers: true)  (pvp_start_round: 2)  (different_decks: false)  (death_on_round_loss: true)  (custom_seed: random)  (pvp_countdown_seconds: 3)  (the_order: true)  (timer: true)  (challenge: 0)  (gamemode: gamemode_mp_attrition)  (stake: 4)  (timer_increment_seconds: 60)  (showdown_starting_antes: 3)  (preview_disabled: false)  (ruleset: ruleset_mp_ranked)  (starting_lives: 4)  (timer_forgiveness: 0) 
INFO - [G] 2025-08-28 19:27:15 :: TRACE :: MULTIPLAYER :: Client sent message: action:readyLobby
INFO - [G] 2025-08-28 19:27:16 :: TRACE :: MULTIPLAYER :: Client got lobbyInfo message:  (hostCached: true)  (hostHash: preview=true;unlocked=true;encryptID=119020876800.07;serversideConnectionID=37bd75b0;Lovely-0.8.0;Multiplayer-0.2.16;Preview-MultiplayerIntegration;Steamodded-1.0.0~BETA-0711a;TheOrder-MultiplayerIntegration)  (host: xdd~25)  (guestHash: preview=true;unlocked=true;encryptID=119020876800.07;serversideConnectionID=99363ae8;BetterMouseAndGamepad-1.0.6c;JokerDisplay-1.8.6;Lovely-0.8.0;Multiplayer-0.2.16;Preview-MultiplayerIntegration;Steamodded-1.0.0~BETA-0711a;TheOrder-MultiplayerIntegration)  (guest: balatro but woke~18)  (guestReady: true)  (action: lobbyInfo)  (isHost: false)  (guestCached: true) 
INFO - [G] 2025-08-28 19:27:16 :: TRACE :: MULTIPLAYER :: Client got lobbyOptions message:  (no_gold_on_round_loss: false)  (disable_live_and_timer_hud: false)  (timer_base_seconds: 150)  (back: b_mp_cocktail)  (forced_config: true)  (gold_on_life_loss: true)  (action: lobbyOptions)  (different_seeds: false)  (multiplayer_jokers: true)  (pvp_start_round: 2)  (different_decks: false)  (death_on_round_loss: true)  (custom_seed: random)  (pvp_countdown_seconds: 3)  (the_order: true)  (timer: true)  (challenge: 0)  (gamemode: gamemode_mp_attrition)  (stake: 4)  (timer_increment_seconds: 60)  (showdown_starting_antes: 3)  (preview_disabled: false)  (ruleset: ruleset_mp_ranked)  (starting_lives: 4)  (timer_forgiveness: 0) 
INFO - [G] 2025-08-28 19:27:28 :: TRACE :: MULTIPLAYER :: Client got startGame message:  (deck: c_multiplayer_1)  (action: startGame) 
INFO - [G] 2025-08-28 19:27:28 :: DEBUG :: MULTIPLAYER :: Resetting game states
INFO - [G] 2025-08-28 19:27:28 :: TRACE :: MULTIPLAYER :: Client sent message: action:setAnte,ante:0
INFO - [G] 2025-08-28 19:27:28 :: TRACE :: MULTIPLAYER :: Client got playerInfo message:  (lives: 4)  (action: playerInfo) 
INFO - [G] 2025-08-28 19:27:29 :: DEBUG :: DefaultLogger :: (Idol) Selected card 5 of Spades with weight 1 of total 52
INFO - [G] 2025-08-28 19:27:29 :: DEBUG :: DefaultLogger :: (Mail) Selected card 8 with weight 4 of total 52
INFO - [G] 2025-08-28 19:27:41 :: TRACE :: MULTIPLAYER :: Client sent message: action:playHand,score:0,handsLeft:4
INFO - [G] 2025-08-28 19:27:41 :: TRACE :: MULTIPLAYER :: Client sent message: action:newRound
INFO - [G] 2025-08-28 19:27:41 :: TRACE :: MULTIPLAYER :: Client sent message: action:setLocation,location:loc_playing-bl_small
INFO - [G] 2025-08-28 19:27:46 :: TRACE :: MULTIPLAYER :: Client got enemyInfo message:  (skips: 0)  (lives: 4)  (action: enemyInfo)  (handsLeft: 4)  (score: 0) 
INFO - [G] 2025-08-28 19:27:46 :: TRACE :: MULTIPLAYER :: Client got enemyLocation message:  (location: loc_playing-bl_small)  (action: enemyLocation) 
INFO - [G] 2025-08-28 19:27:55 :: TRACE :: MULTIPLAYER :: Client sent message: action:setFurthestBlind,furthestBlind:11
INFO - [G] 2025-08-28 19:27:55 :: DEBUG :: DefaultLogger :: (Idol) Selected card 9 of Hearts with weight 2 of total 52
INFO - [G] 2025-08-28 19:27:55 :: DEBUG :: DefaultLogger :: (Mail) Selected card King with weight 4 of total 52
INFO - [G] 2025-08-28 19:27:57 :: TRACE :: MULTIPLAYER :: Client sent message: action:moneyMoved,amount:3
INFO - [G] 2025-08-28 19:27:57 :: TRACE :: MULTIPLAYER :: Client sent message: action:setLocation,location:loc_shop
INFO - [G] 2025-08-28 19:28:01 :: TRACE :: MULTIPLAYER :: Client got enemyLocation message:  (location: loc_shop)  (action: enemyLocation) 
INFO - [G] 2025-08-28 19:28:05 :: TRACE :: MULTIPLAYER :: Client sent message: action:usedCard,card:Buffoon Pack
INFO - [G] 2025-08-28 19:28:05 :: TRACE :: MULTIPLAYER :: Client sent message: action:moneyMoved,amount:-4
INFO - [G] 2025-08-28 19:28:12 :: TRACE :: MULTIPLAYER :: Client got spentLastShop message:  (amount: 4)  (action: spentLastShop) 
INFO - [G] 2025-08-28 19:28:12 :: TRACE :: MULTIPLAYER :: Client got enemyLocation message:  (location: loc_selecting)  (action: enemyLocation) 
INFO - [G] 2025-08-28 19:28:13 :: TRACE :: MULTIPLAYER :: Client got enemyInfo message:  (skips: 0)  (lives: 4)  (action: enemyInfo)  (handsLeft: 4)  (score: 0) 
INFO - [G] 2025-08-28 19:28:13 :: TRACE :: MULTIPLAYER :: Client got enemyLocation message:  (location: loc_playing-bl_big)  (action: enemyLocation) 
INFO - [G] 2025-08-28 19:28:26 :: TRACE :: MULTIPLAYER :: Client sent message: action:usedCard,card:8 Ball
INFO - [G] 2025-08-28 19:28:28 :: TRACE :: MULTIPLAYER :: Client sent message: action:spentLastShop,amount:4
INFO - [G] 2025-08-28 19:28:28 :: TRACE :: MULTIPLAYER :: Client sent message: action:setLocation,location:loc_selecting
INFO - [G] 2025-08-28 19:28:28 :: TRACE :: MULTIPLAYER :: Client sent message: action:playHand,score:0,handsLeft:4
INFO - [G] 2025-08-28 19:28:28 :: TRACE :: MULTIPLAYER :: Client sent message: action:newRound
INFO - [G] 2025-08-28 19:28:28 :: TRACE :: MULTIPLAYER :: Client sent message: action:setLocation,location:loc_playing-bl_big
INFO - [G] 2025-08-28 19:28:31 :: TRACE :: MULTIPLAYER :: Client got enemyLocation message:  (location: loc_shop)  (action: enemyLocation) 
INFO - [G] 2025-08-28 19:28:35 :: TRACE :: MULTIPLAYER :: Client got soldJoker message:  (action: soldJoker) 
INFO - [G] 2025-08-28 19:28:39 :: TRACE :: MULTIPLAYER :: Client got spentLastShop message:  (amount: 10)  (action: spentLastShop) 
INFO - [G] 2025-08-28 19:28:39 :: TRACE :: MULTIPLAYER :: Client got enemyLocation message:  (location: loc_selecting)  (action: enemyLocation) 
INFO - [G] 2025-08-28 19:28:40 :: TRACE :: MULTIPLAYER :: Client got enemyInfo message:  (skips: 0)  (lives: 4)  (action: enemyInfo)  (handsLeft: 4)  (score: 0) 
INFO - [G] 2025-08-28 19:28:40 :: TRACE :: MULTIPLAYER :: Client got enemyLocation message:  (location: loc_playing-bl_pillar)  (action: enemyLocation) 
INFO - [G] 2025-08-28 19:29:00 :: TRACE :: MULTIPLAYER :: Client sent message: action:setFurthestBlind,furthestBlind:12
INFO - [G] 2025-08-28 19:29:00 :: DEBUG :: DefaultLogger :: (Idol) Selected card 2 of Hearts with weight 2 of total 52
INFO - [G] 2025-08-28 19:29:00 :: DEBUG :: DefaultLogger :: (Mail) Selected card Queen with weight 4 of total 52
INFO - [G] 2025-08-28 19:29:04 :: TRACE :: MULTIPLAYER :: Client sent message: action:moneyMoved,amount:6
INFO - [G] 2025-08-28 19:29:05 :: TRACE :: MULTIPLAYER :: Client sent message: action:setLocation,location:loc_shop
INFO - [G] 2025-08-28 19:29:08 :: TRACE :: MULTIPLAYER :: Client got enemyLocation message:  (location: loc_shop)  (action: enemyLocation) 
INFO - [G] 2025-08-28 19:29:16 :: TRACE :: MULTIPLAYER :: Client sent message: action:soldCard,card:The Fool
INFO - [G] 2025-08-28 19:29:16 :: TRACE :: MULTIPLAYER :: Client sent message: action:soldJoker
INFO - [G] 2025-08-28 19:29:16 :: TRACE :: MULTIPLAYER :: Client sent message: action:moneyMoved,amount:1
INFO - [G] 2025-08-28 19:29:17 :: TRACE :: MULTIPLAYER :: Client sent message: action:usedCard,card:Overstock
INFO - [G] 2025-08-28 19:29:17 :: TRACE :: MULTIPLAYER :: Client sent message: action:moneyMoved,amount:-10
INFO - [G] 2025-08-28 19:29:22 :: TRACE :: MULTIPLAYER :: Client got spentLastShop message:  (amount: 4)  (action: spentLastShop) 
INFO - [G] 2025-08-28 19:29:22 :: TRACE :: MULTIPLAYER :: Client got enemyLocation message:  (location: loc_selecting)  (action: enemyLocation) 
INFO - [G] 2025-08-28 19:29:22 :: TRACE :: MULTIPLAYER :: Client sent message: action:spentLastShop,amount:10
INFO - [G] 2025-08-28 19:29:22 :: TRACE :: MULTIPLAYER :: Client sent message: action:setLocation,location:loc_selecting
INFO - [G] 2025-08-28 19:29:23 :: TRACE :: MULTIPLAYER :: Client got enemyInfo message:  (skips: 0)  (lives: 4)  (action: enemyInfo)  (handsLeft: 4)  (score: 0) 
INFO - [G] 2025-08-28 19:29:23 :: TRACE :: MULTIPLAYER :: Client got enemyLocation message:  (location: loc_playing-bl_small)  (action: enemyLocation) 
INFO - [G] 2025-08-28 19:29:23 :: TRACE :: MULTIPLAYER :: Client sent message: action:playHand,score:0,handsLeft:4
INFO - [G] 2025-08-28 19:29:23 :: TRACE :: MULTIPLAYER :: Client sent message: action:newRound
INFO - [G] 2025-08-28 19:29:23 :: TRACE :: MULTIPLAYER :: Client sent message: action:setLocation,location:loc_playing-bl_pillar
INFO - [G] 2025-08-28 19:29:40 :: TRACE :: MULTIPLAYER :: Client sent message: action:usedCard,card:The Devil
INFO - [G] 2025-08-28 19:29:42 :: TRACE :: MULTIPLAYER :: Client sent message: action:usedCard,card:The Fool
INFO - [G] 2025-08-28 19:29:58 :: TRACE :: MULTIPLAYER :: Client got enemyLocation message:  (location: loc_shop)  (action: enemyLocation) 
INFO - [G] 2025-08-28 19:30:00 :: TRACE :: MULTIPLAYER :: Client sent message: action:usedCard,card:The Devil
INFO - [G] 2025-08-28 19:30:07 :: TRACE :: MULTIPLAYER :: Client got spentLastShop message:  (amount: 0)  (action: spentLastShop) 
INFO - [G] 2025-08-28 19:30:07 :: TRACE :: MULTIPLAYER :: Client got enemyLocation message:  (location: loc_selecting)  (action: enemyLocation) 
INFO - [G] 2025-08-28 19:30:08 :: TRACE :: MULTIPLAYER :: Client sent message: action:moneyMoved,amount:3
INFO - [G] 2025-08-28 19:30:08 :: TRACE :: MULTIPLAYER :: Client sent message: action:moneyMoved,amount:3
INFO - [G] 2025-08-28 19:30:08 :: TRACE :: MULTIPLAYER :: Client sent message: action:setAnte,ante:2
INFO - [G] 2025-08-28 19:30:08 :: TRACE :: MULTIPLAYER :: Client got enemyInfo message:  (skips: 0)  (lives: 4)  (action: enemyInfo)  (handsLeft: 4)  (score: 0) 
INFO - [G] 2025-08-28 19:30:08 :: TRACE :: MULTIPLAYER :: Client got enemyLocation message:  (location: loc_playing-bl_big)  (action: enemyLocation) 
INFO - [G] 2025-08-28 19:30:09 :: TRACE :: MULTIPLAYER :: Client sent message: action:setFurthestBlind,furthestBlind:13
INFO - [G] 2025-08-28 19:30:09 :: DEBUG :: DefaultLogger :: (Idol) Selected card 8 of Hearts with weight 2 of total 52
INFO - [G] 2025-08-28 19:30:09 :: DEBUG :: DefaultLogger :: (Mail) Selected card Jack with weight 4 of total 52
INFO - [G] 2025-08-28 19:30:12 :: TRACE :: MULTIPLAYER :: Client sent message: action:moneyMoved,amount:7
INFO - [G] 2025-08-28 19:30:12 :: TRACE :: MULTIPLAYER :: Client sent message: action:setLocation,location:loc_shop
INFO - [G] 2025-08-28 19:30:20 :: TRACE :: MULTIPLAYER :: Client sent message: action:usedCard,card:Spectral Pack
INFO - [G] 2025-08-28 19:30:20 :: TRACE :: MULTIPLAYER :: Client sent message: action:moneyMoved,amount:-4
INFO - [G] 2025-08-28 19:30:32 :: TRACE :: MULTIPLAYER :: Client sent message: action:usedCard,card:Aura
INFO - [G] 2025-08-28 19:30:37 :: TRACE :: MULTIPLAYER :: Client sent message: action:usedCard,card:Arcana Pack
INFO - [G] 2025-08-28 19:30:37 :: TRACE :: MULTIPLAYER :: Client sent message: action:moneyMoved,amount:-4
INFO - [G] 2025-08-28 19:30:40 :: TRACE :: MULTIPLAYER :: Client got enemyLocation message:  (location: loc_shop)  (action: enemyLocation) 
INFO - [G] 2025-08-28 19:30:41 :: TRACE :: MULTIPLAYER :: Client sent message: action:usedCard,card:The Devil
INFO - [G] 2025-08-28 19:30:48 :: TRACE :: MULTIPLAYER :: Client sent message: action:boughtCardFromShop,card:j_mp_pacifist,cost:4
INFO - [G] 2025-08-28 19:30:48 :: TRACE :: MULTIPLAYER :: Client sent message: action:moneyMoved,amount:-4
INFO - [G] 2025-08-28 19:30:49 :: TRACE :: MULTIPLAYER :: Client got spentLastShop message:  (amount: 4)  (action: spentLastShop) 
INFO - [G] 2025-08-28 19:30:50 :: TRACE :: MULTIPLAYER :: Client got enemyLocation message:  (location: loc_selecting)  (action: enemyLocation) 
INFO - [G] 2025-08-28 19:30:50 :: TRACE :: MULTIPLAYER :: Client sent message: action:spentLastShop,amount:12
INFO - [G] 2025-08-28 19:30:50 :: TRACE :: MULTIPLAYER :: Client sent message: action:setLocation,location:loc_selecting
INFO - [G] 2025-08-28 19:30:50 :: TRACE :: MULTIPLAYER :: Client got enemyLocation message:  (location: loc_ready)  (action: enemyLocation) 
INFO - [G] 2025-08-28 19:30:51 :: TRACE :: MULTIPLAYER :: Client sent message: action:playHand,score:0,handsLeft:4
INFO - [G] 2025-08-28 19:30:51 :: TRACE :: MULTIPLAYER :: Client sent message: action:newRound
INFO - [G] 2025-08-28 19:30:51 :: TRACE :: MULTIPLAYER :: Client sent message: action:setLocation,location:loc_playing-bl_small
INFO - [G] 2025-08-28 19:30:51 :: TRACE :: MULTIPLAYER :: Client got startAnteTimer message:  (time: 150)  (action: startAnteTimer) 
INFO - [G] 2025-08-28 19:31:18 :: TRACE :: MULTIPLAYER :: Client sent message: action:usedCard,card:The Empress
INFO - [G] 2025-08-28 19:31:23 :: TRACE :: MULTIPLAYER :: Client sent message: action:moneyMoved,amount:3
INFO - [G] 2025-08-28 19:31:23 :: TRACE :: MULTIPLAYER :: Client sent message: action:moneyMoved,amount:3
INFO - [G] 2025-08-28 19:31:24 :: TRACE :: MULTIPLAYER :: Client sent message: action:setFurthestBlind,furthestBlind:21
INFO - [G] 2025-08-28 19:31:24 :: DEBUG :: DefaultLogger :: (Idol) Selected card 2 of Spades with weight 2 of total 52
INFO - [G] 2025-08-28 19:31:24 :: DEBUG :: DefaultLogger :: (Mail) Selected card 9 with weight 4 of total 52
INFO - [G] 2025-08-28 19:31:27 :: TRACE :: MULTIPLAYER :: Client sent message: action:moneyMoved,amount:4
INFO - [G] 2025-08-28 19:31:28 :: TRACE :: MULTIPLAYER :: Client sent message: action:setLocation,location:loc_shop
INFO - [G] 2025-08-28 19:31:34 :: TRACE :: MULTIPLAYER :: Client sent message: action:usedCard,card:Jumbo Spectral Pack
INFO - [G] 2025-08-28 19:31:34 :: TRACE :: MULTIPLAYER :: Client sent message: action:moneyMoved,amount:-6
INFO - [G] 2025-08-28 19:31:42 :: TRACE :: MULTIPLAYER :: Client sent message: action:usedCard,card:Wraith
INFO - [G] 2025-08-28 19:31:42 :: TRACE :: MULTIPLAYER :: Client sent message: action:moneyMoved,amount:-5
INFO - [G] 2025-08-28 19:31:57 :: TRACE :: MULTIPLAYER :: Client sent message: action:spentLastShop,amount:11
INFO - [G] 2025-08-28 19:31:57 :: TRACE :: MULTIPLAYER :: Client sent message: action:setLocation,location:loc_selecting
INFO - [G] 2025-08-28 19:31:58 :: TRACE :: MULTIPLAYER :: Client sent message: action:playHand,score:0,handsLeft:4
INFO - [G] 2025-08-28 19:31:58 :: TRACE :: MULTIPLAYER :: Client sent message: action:newRound
INFO - [G] 2025-08-28 19:31:58 :: TRACE :: MULTIPLAYER :: Client sent message: action:setLocation,location:loc_playing-bl_big
INFO - [G] 2025-08-28 19:32:24 :: TRACE :: MULTIPLAYER :: Client sent message: action:moneyMoved,amount:3
INFO - [G] 2025-08-28 19:32:24 :: TRACE :: MULTIPLAYER :: Client sent message: action:setFurthestBlind,furthestBlind:22
INFO - [G] 2025-08-28 19:32:24 :: DEBUG :: DefaultLogger :: (Idol) Selected card 5 of Spades with weight 2 of total 52
INFO - [G] 2025-08-28 19:32:24 :: DEBUG :: DefaultLogger :: (Mail) Selected card Ace with weight 4 of total 52
INFO - [G] 2025-08-28 19:32:27 :: TRACE :: MULTIPLAYER :: Client sent message: action:moneyMoved,amount:7
INFO - [G] 2025-08-28 19:32:27 :: TRACE :: MULTIPLAYER :: Client sent message: action:setLocation,location:loc_shop
INFO - [G] 2025-08-28 19:32:37 :: TRACE :: MULTIPLAYER :: Client sent message: action:usedCard,card:Buffoon Pack
INFO - [G] 2025-08-28 19:32:37 :: TRACE :: MULTIPLAYER :: Client sent message: action:moneyMoved,amount:-4
INFO - [G] 2025-08-28 19:32:44 :: TRACE :: MULTIPLAYER :: Client sent message: action:usedCard,card:Rough Gem
INFO - [G] 2025-08-28 19:32:46 :: TRACE :: MULTIPLAYER :: Client sent message: action:spentLastShop,amount:4
INFO - [G] 2025-08-28 19:32:46 :: TRACE :: MULTIPLAYER :: Client sent message: action:setLocation,location:loc_selecting
INFO - [G] 2025-08-28 19:32:48 :: TRACE :: MULTIPLAYER :: Toggling Ready
INFO - [G] 2025-08-28 19:32:48 :: TRACE :: MULTIPLAYER :: Client sent message: action:setLocation,location:loc_ready
INFO - [G] 2025-08-28 19:32:48 :: TRACE :: MULTIPLAYER :: Client sent message: action:readyBlind
INFO - [G] 2025-08-28 19:32:48 :: TRACE :: MULTIPLAYER :: Client got startBlind message:  (action: startBlind) 
INFO - [G] 2025-08-28 19:32:51 :: TRACE :: MULTIPLAYER :: Client sent message: action:playHand,score:0,handsLeft:4
INFO - [G] 2025-08-28 19:32:51 :: TRACE :: MULTIPLAYER :: Client sent message: action:newRound
INFO - [G] 2025-08-28 19:32:51 :: TRACE :: MULTIPLAYER :: Client sent message: action:setLocation,location:loc_playing-bl_mp_nemesis
INFO - [G] 2025-08-28 19:32:51 :: TRACE :: MULTIPLAYER :: Client got enemyInfo message:  (skips: 0)  (lives: 4)  (action: enemyInfo)  (handsLeft: 4)  (score: 0) 
INFO - [G] 2025-08-28 19:32:52 :: TRACE :: MULTIPLAYER :: Client got enemyLocation message:  (location: loc_playing-bl_mp_nemesis)  (action: enemyLocation) 
INFO - [G] 2025-08-28 19:32:59 :: TRACE :: MULTIPLAYER :: Client got soldJoker message:  (action: soldJoker) 
INFO - [G] 2025-08-28 19:33:01 :: TRACE :: MULTIPLAYER :: Client sent message: action:playHand,score:966,handsLeft:3
INFO - [G] 2025-08-28 19:33:06 :: TRACE :: MULTIPLAYER :: Client got enemyInfo message:  (skips: 0)  (lives: 4)  (action: enemyInfo)  (handsLeft: 3)  (score: 284) 
INFO - [G] 2025-08-28 19:33:17 :: TRACE :: MULTIPLAYER :: Client sent message: action:playHand,score:3244,handsLeft:2
INFO - [G] 2025-08-28 19:33:22 :: TRACE :: MULTIPLAYER :: Client got enemyInfo message:  (skips: 0)  (lives: 4)  (action: enemyInfo)  (handsLeft: 2)  (score: 1334) 
INFO - [G] 2025-08-28 19:33:32 :: TRACE :: MULTIPLAYER :: Client got enemyInfo message:  (skips: 0)  (lives: 4)  (action: enemyInfo)  (handsLeft: 1)  (score: 1658) 
INFO - [G] 2025-08-28 19:33:39 :: TRACE :: MULTIPLAYER :: Client got enemyInfo message:  (skips: 0)  (lives: 4)  (action: enemyInfo)  (handsLeft: 0)  (score: 1926) 
INFO - [G] 2025-08-28 19:33:39 :: TRACE :: MULTIPLAYER :: Client got enemyInfo message:  (skips: 0)  (lives: 3)  (action: enemyInfo)  (handsLeft: 0)  (score: 1926) 
INFO - [G] 2025-08-28 19:33:39 :: TRACE :: MULTIPLAYER :: Client got endPvP message:  (lost: false)  (action: endPvP) 
INFO - [G] 2025-08-28 19:33:44 :: TRACE :: MULTIPLAYER :: Client got enemyLocation message:  (location: loc_shop)  (action: enemyLocation) 
INFO - [G] 2025-08-28 19:33:44 :: TRACE :: MULTIPLAYER :: Client sent message: action:playHand,score:8043,handsLeft:1
INFO - [G] 2025-08-28 19:33:44 :: TRACE :: MULTIPLAYER :: Client sent message: action:moneyMoved,amount:3
INFO - [G] 2025-08-28 19:33:44 :: TRACE :: MULTIPLAYER :: Client sent message: action:setAnte,ante:3
INFO - [G] 2025-08-28 19:33:44 :: TRACE :: MULTIPLAYER :: Client got endPvP message:  (lost: false)  (action: endPvP) 
INFO - [G] 2025-08-28 19:33:45 :: TRACE :: MULTIPLAYER :: Client sent message: action:setFurthestBlind,furthestBlind:23
INFO - [G] 2025-08-28 19:33:45 :: DEBUG :: DefaultLogger :: (Idol) Selected card 5 of Hearts with weight 2 of total 52
INFO - [G] 2025-08-28 19:33:45 :: DEBUG :: DefaultLogger :: (Mail) Selected card 7 with weight 4 of total 52
INFO - [G] 2025-08-28 19:33:49 :: TRACE :: MULTIPLAYER :: Client sent message: action:moneyMoved,amount:6
INFO - [G] 2025-08-28 19:33:49 :: TRACE :: MULTIPLAYER :: Client sent message: action:setLocation,location:loc_shop
INFO - [G] 2025-08-28 19:33:51 :: TRACE :: MULTIPLAYER :: Client got spentLastShop message:  (amount: 3)  (action: spentLastShop) 
INFO - [G] 2025-08-28 19:33:51 :: TRACE :: MULTIPLAYER :: Client got enemyLocation message:  (location: loc_selecting)  (action: enemyLocation) 
INFO - [G] 2025-08-28 19:33:52 :: TRACE :: MULTIPLAYER :: Client got enemyInfo message:  (skips: 0)  (lives: 3)  (action: enemyInfo)  (handsLeft: 4)  (score: 0) 
INFO - [G] 2025-08-28 19:33:52 :: TRACE :: MULTIPLAYER :: Client got enemyLocation message:  (location: loc_playing-bl_small)  (action: enemyLocation) 
INFO - [G] 2025-08-28 19:34:02 :: TRACE :: MULTIPLAYER :: Client sent message: action:spentLastShop,amount:0
INFO - [G] 2025-08-28 19:34:02 :: TRACE :: MULTIPLAYER :: Client sent message: action:setLocation,location:loc_selecting
INFO - [G] 2025-08-28 19:34:03 :: TRACE :: MULTIPLAYER :: Client sent message: action:playHand,score:0,handsLeft:4
INFO - [G] 2025-08-28 19:34:03 :: TRACE :: MULTIPLAYER :: Client sent message: action:newRound
INFO - [G] 2025-08-28 19:34:03 :: TRACE :: MULTIPLAYER :: Client sent message: action:setLocation,location:loc_playing-bl_small
INFO - [G] 2025-08-28 19:34:07 :: TRACE :: MULTIPLAYER :: Client sent message: action:usedCard,card:The World
INFO - [G] 2025-08-28 19:34:33 :: TRACE :: MULTIPLAYER :: Client sent message: action:soldCard,card:The Moon
INFO - [G] 2025-08-28 19:34:33 :: TRACE :: MULTIPLAYER :: Client sent message: action:soldJoker
INFO - [G] 2025-08-28 19:34:33 :: TRACE :: MULTIPLAYER :: Client sent message: action:moneyMoved,amount:1
INFO - [G] 2025-08-28 19:34:38 :: TRACE :: MULTIPLAYER :: Client sent message: action:setFurthestBlind,furthestBlind:31
INFO - [G] 2025-08-28 19:34:38 :: DEBUG :: DefaultLogger :: (Idol) Selected card 6 of Hearts with weight 2 of total 52
INFO - [G] 2025-08-28 19:34:38 :: DEBUG :: DefaultLogger :: (Mail) Selected card King with weight 4 of total 52
INFO - [G] 2025-08-28 19:34:42 :: TRACE :: MULTIPLAYER :: Client sent message: action:moneyMoved,amount:6
INFO - [G] 2025-08-28 19:34:42 :: TRACE :: MULTIPLAYER :: Client sent message: action:setLocation,location:loc_shop
INFO - [G] 2025-08-28 19:34:45 :: TRACE :: MULTIPLAYER :: Client got enemyLocation message:  (location: loc_shop)  (action: enemyLocation) 
INFO - [G] 2025-08-28 19:34:46 :: TRACE :: MULTIPLAYER :: Client sent message: action:boughtCardFromShop,card:Judgement,cost:3
INFO - [G] 2025-08-28 19:34:46 :: TRACE :: MULTIPLAYER :: Client sent message: action:moneyMoved,amount:-3
INFO - [G] 2025-08-28 19:34:46 :: TRACE :: MULTIPLAYER :: Client sent message: action:usedCard,card:Judgement
INFO - [G] 2025-08-28 19:34:50 :: TRACE :: MULTIPLAYER :: Client sent message: action:soldCard,card:Jolly Joker
INFO - [G] 2025-08-28 19:34:50 :: TRACE :: MULTIPLAYER :: Client sent message: action:soldJoker
INFO - [G] 2025-08-28 19:34:50 :: TRACE :: MULTIPLAYER :: Client sent message: action:moneyMoved,amount:1
INFO - [G] 2025-08-28 19:34:51 :: TRACE :: MULTIPLAYER :: Client sent message: action:boughtCardFromShop,card:Blueprint,cost:10
INFO - [G] 2025-08-28 19:34:51 :: TRACE :: MULTIPLAYER :: Client sent message: action:moneyMoved,amount:-10
INFO - [G] 2025-08-28 19:34:53 :: TRACE :: MULTIPLAYER :: Client got soldJoker message:  (action: soldJoker) 
INFO - [G] 2025-08-28 19:34:56 :: TRACE :: MULTIPLAYER :: Client sent message: action:soldCard,card:Rough Gem
INFO - [G] 2025-08-28 19:34:56 :: TRACE :: MULTIPLAYER :: Client sent message: action:soldJoker
INFO - [G] 2025-08-28 19:34:56 :: TRACE :: MULTIPLAYER :: Client sent message: action:moneyMoved,amount:3
INFO - [G] 2025-08-28 19:34:56 :: TRACE :: MULTIPLAYER :: Client got spentLastShop message:  (amount: 16)  (action: spentLastShop) 
INFO - [G] 2025-08-28 19:34:56 :: TRACE :: MULTIPLAYER :: Client got enemyLocation message:  (location: loc_selecting)  (action: enemyLocation) 
INFO - [G] 2025-08-28 19:34:57 :: TRACE :: MULTIPLAYER :: Client sent message: action:boughtCardFromShop,card:Acrobat,cost:6
INFO - [G] 2025-08-28 19:34:57 :: TRACE :: MULTIPLAYER :: Client sent message: action:moneyMoved,amount:-6
INFO - [G] 2025-08-28 19:34:57 :: TRACE :: MULTIPLAYER :: Client got enemyInfo message:  (skips: 0)  (lives: 3)  (action: enemyInfo)  (handsLeft: 4)  (score: 0) 
INFO - [G] 2025-08-28 19:34:57 :: TRACE :: MULTIPLAYER :: Client got enemyLocation message:  (location: loc_playing-bl_big)  (action: enemyLocation) 
INFO - [G] 2025-08-28 19:35:03 :: TRACE :: MULTIPLAYER :: Client sent message: action:spentLastShop,amount:19
INFO - [G] 2025-08-28 19:35:03 :: TRACE :: MULTIPLAYER :: Client sent message: action:setLocation,location:loc_selecting
INFO - [G] 2025-08-28 19:35:04 :: TRACE :: MULTIPLAYER :: Client sent message: action:playHand,score:0,handsLeft:4
INFO - [G] 2025-08-28 19:35:04 :: TRACE :: MULTIPLAYER :: Client sent message: action:newRound
INFO - [G] 2025-08-28 19:35:04 :: TRACE :: MULTIPLAYER :: Client sent message: action:setLocation,location:loc_playing-bl_big
INFO - [G] 2025-08-28 19:35:49 :: TRACE :: MULTIPLAYER :: Client sent message: action:moneyMoved,amount:3
INFO - [G] 2025-08-28 19:35:49 :: TRACE :: MULTIPLAYER :: Client sent message: action:moneyMoved,amount:3
INFO - [G] 2025-08-28 19:35:49 :: TRACE :: MULTIPLAYER :: Client sent message: action:moneyMoved,amount:3
INFO - [G] 2025-08-28 19:35:50 :: TRACE :: MULTIPLAYER :: Client sent message: action:setFurthestBlind,furthestBlind:32
INFO - [G] 2025-08-28 19:35:50 :: DEBUG :: DefaultLogger :: (Idol) Selected card 6 of Spades with weight 2 of total 52
INFO - [G] 2025-08-28 19:35:50 :: DEBUG :: DefaultLogger :: (Mail) Selected card 2 with weight 4 of total 52
INFO - [G] 2025-08-28 19:35:54 :: TRACE :: MULTIPLAYER :: Client sent message: action:usedCard,card:Temperance
INFO - [G] 2025-08-28 19:35:54 :: TRACE :: MULTIPLAYER :: Client sent message: action:moneyMoved,amount:16
INFO - [G] 2025-08-28 19:35:55 :: TRACE :: MULTIPLAYER :: Client sent message: action:moneyMoved,amount:7
INFO - [G] 2025-08-28 19:35:55 :: TRACE :: MULTIPLAYER :: Client sent message: action:setLocation,location:loc_shop
INFO - [G] 2025-08-28 19:35:58 :: TRACE :: MULTIPLAYER :: Client sent message: action:boughtCardFromShop,card:The Lovers,cost:3
INFO - [G] 2025-08-28 19:35:58 :: TRACE :: MULTIPLAYER :: Client sent message: action:moneyMoved,amount:-3
INFO - [G] 2025-08-28 19:35:59 :: TRACE :: MULTIPLAYER :: Client got disconnected message:  (action: disconnected) 
INFO - [G] 2025-08-28 19:35:59 :: DEBUG :: MULTIPLAYER :: Resetting game states
INFO - [G] 2025-08-28 19:36:05 :: TRACE :: MULTIPLAYER :: Client sent message: connect
INFO - [G] 2025-08-28 19:36:07 :: TRACE :: MULTIPLAYER :: Client sent message: connect
INFO - [G] 2025-08-28 19:36:07 :: TRACE :: MULTIPLAYER :: Client got connected message:  (action: connected) 
INFO - [G] 2025-08-28 19:36:07 :: TRACE :: MULTIPLAYER :: Client sent message: action:username,username:balatro but woke~18,modHash:preview=true;unlocked=true;encryptID=119020876800.07;serversideConnectionID=99363ae8;BetterMouseAndGamepad-1.0.6c;JokerDisplay-1.8.6;Lovely-0.8.0;Multiplayer-0.2.16;Preview-MultiplayerIntegration;Steamodded-1.0.0~BETA-0711a;TheOrder-MultiplayerIntegration
INFO - [G] 2025-08-28 19:36:07 :: TRACE :: MULTIPLAYER :: Client got version message:  (action: version) 
INFO - [G] 2025-08-28 19:36:07 :: TRACE :: MULTIPLAYER :: Client sent message: action:version,version:0.2.16-MULTIPLAYER
INFO - [G] 2025-08-28 19:36:07 :: TRACE :: MULTIPLAYER :: Client got connected message:  (action: connected) 
INFO - [G] 2025-08-28 19:36:07 :: TRACE :: MULTIPLAYER :: Client sent message: action:username,username:balatro but woke~18,modHash:preview=true;unlocked=true;encryptID=119020876800.07;serversideConnectionID=99363ae8;BetterMouseAndGamepad-1.0.6c;JokerDisplay-1.8.6;Lovely-0.8.0;Multiplayer-0.2.16;Preview-MultiplayerIntegration;Steamodded-1.0.0~BETA-0711a;TheOrder-MultiplayerIntegration
INFO - [G] 2025-08-28 19:36:07 :: TRACE :: MULTIPLAYER :: Client got version message:  (action: version) 
INFO - [G] 2025-08-28 19:36:07 :: TRACE :: MULTIPLAYER :: Client sent message: action:version,version:0.2.16-MULTIPLAYER
