INFO - [♥] Lovely 0.8.0
INFO - [♥] Game directory is at "C:\\Program Files (x86)\\Steam\\steamapps\\common\\Balatro"
INFO - [♥] Writing logs to "C:\\Users\\PC\\AppData\\Roaming\\Balatro\\Mods\\lovely\\log"
INFO - [♥] Using mod directory at "C:\\Users\\PC\\AppData\\Roaming\\Balatro\\Mods"
INFO - [♥] Cleaning up dumps directory at "C:\\Users\\PC\\AppData\\Roaming\\Balatro\\Mods\\lovely\\dump"
INFO - [♥] Initialization complete in 161ms
INFO - [♥] Applied 1 patch to 'conf.lua'
INFO - [♥] Applied 11 patches to 'main.lua'
INFO - [♥] Applied 10 patches to 'engine/controller.lua'
INFO - [♥] Applied 15 patches to 'back.lua'
INFO - [♥] Applied 7 patches to 'tag.lua'
INFO - [♥] Applied 2 patches to 'engine/moveable.lua'
INFO - [♥] Applied 2 patches to 'engine/sprite.lua'
INFO - [♥] Applied 2 patches to 'engine/animatedsprite.lua'
INFO - [♥] Applied 67 patches to 'functions/misc_functions.lua'
INFO - [♥] Applied 40 patches to 'game.lua'
INFO - [♥] Applied 1 patch to 'globals.lua'
INFO - [♥] Applied 5 patches to 'engine/ui.lua'
INFO - [♥] Applied 95 patches to 'functions/UI_definitions.lua'
INFO - [♥] Applied 49 patches to 'functions/state_events.lua'
INFO - [♥] Applied 117 patches to 'functions/common_events.lua'
INFO - [♥] Applied 51 patches to 'functions/button_callbacks.lua'
INFO - [♥] Applied 186 patches to 'card.lua'
INFO - [♥] Applied 10 patches to 'cardarea.lua'
INFO - [♥] Applied 37 patches to 'blind.lua'
INFO - [♥] Applied 2 patches to 'engine/text.lua'
INFO - [G] Failed to connect to the debug server 
INFO - [G] 2025-09-11 16:15:20 :: DEBUG :: DebugConsole :: Steamodded Debug Socket started ! 
INFO - [G] 2025-09-11 16:15:20 :: INFO  :: SMODS :: Steamodded v1.0.0~BETA-0711a 
INFO - [♥] Applied 9 patches to 'engine/sound_manager.lua'
INFO - [♥] Applied 1 patch to 'engine/save_manager.lua'
INFO - [G] 2025-09-11 16:15:25 :: INFO  :: Loader :: Valid JSON file found 
INFO - [G] 2025-09-11 16:15:25 :: INFO  :: Loader :: Valid JSON file found 
INFO - [G] 2025-09-11 16:15:25 :: INFO  :: TIMER :: [0000] Injected Fonts in 0.002 ms 
INFO - [G] 2025-09-11 16:15:25 :: INFO  :: TIMER :: [0000] Injected Language in 0.002 ms 
INFO - [G] 2025-09-11 16:15:25 :: INFO  :: TIMER :: [0000] Injected [INTERNAL] in 4.066 ms 
INFO - [G] 2025-09-11 16:15:26 :: INFO  :: TIMER :: [0003] Injected Atlas in 484.801 ms 
INFO - [G] 2025-09-11 16:15:26 :: INFO  :: TIMER :: [0001] Injected Sound in 1.088 ms 
INFO - [G] 2025-09-11 16:15:26 :: INFO  :: TIMER :: [0008] Injected Stake in 0.891 ms 
INFO - [G] 2025-09-11 16:15:26 :: INFO  :: TIMER :: [0004] Injected Rarity in 0.037 ms 
INFO - [G] 2025-09-11 16:15:26 :: INFO  :: TIMER :: [0004] Injected ObjectType in 0.052 ms 
INFO - [G] 2025-09-11 16:15:26 :: INFO  :: TIMER :: [0057] Injected Center in 0.769 ms 
INFO - [G] 2025-09-11 16:15:26 :: INFO  :: TIMER :: [0007] Injected Undiscovered Sprite in 0.028 ms 
INFO - [G] 2025-09-11 16:15:26 :: INFO  :: TIMER :: [0002] Injected Blind in 0.024 ms 
INFO - [G] 2025-09-11 16:15:26 :: INFO  :: TIMER :: [0004] Injected Seal in 0.389 ms 
INFO - [G] 2025-09-11 16:15:26 :: INFO  :: TIMER :: [0004] Injected Suit in 0.093 ms 
INFO - [G] 2025-09-11 16:15:26 :: INFO  :: TIMER :: [0013] Injected Rank in 0.220 ms 
INFO - [G] 2025-09-11 16:15:26 :: INFO  :: TIMER :: [0028] Injected DeckSkin in 0.315 ms 
INFO - [G] 2025-09-11 16:15:26 :: INFO  :: TIMER :: [0012] Injected PokerHand in 0.095 ms 
INFO - [G] 2025-09-11 16:15:26 :: INFO  :: TIMER :: [0020] Injected Challenge in 0.178 ms 
INFO - [G] 2025-09-11 16:15:26 :: INFO  :: TIMER :: [0000] Injected Tag in 0.002 ms 
INFO - [G] 2025-09-11 16:15:26 :: INFO  :: TIMER :: [0004] Injected Sticker in 0.134 ms 
INFO - [G] 2025-09-11 16:15:26 :: INFO  :: TIMER :: [0000] Injected Shader in 0.002 ms 
INFO - [G] 2025-09-11 16:15:26 :: INFO  :: TIMER :: [0002] Injected Keybind in 0.021 ms 
INFO - [G] 2025-09-11 16:15:26 :: INFO  :: TIMER :: [0000] Injected Achievement in 0.086 ms 
INFO - [G] 2025-09-11 16:15:26 :: INFO  :: TIMER :: [0002] Injected nil in 0.028 ms 
INFO - [G] 2025-09-11 16:15:26 :: INFO  :: TIMER :: [0021] Injected Draw Step in 0.147 ms 
INFO - [G] 2025-09-11 16:15:26 :: INFO  :: TIMER :: [0000] Injected [INTERNAL] in 0.985 ms 
INFO - [G] [DebugPlus] Press [/] to toggle console and press [shift] + [/] to toggle new log previews 
INFO - [G] line not found
INFO - [G] file not found: functions/button_callbacks.lua: No such file or directory
INFO - [G] file not found: main.lua: No such file or directory
INFO - [G] file not found: main.lua: No such file or directory
INFO - [G] 2025-09-11 16:16:07 :: ERROR :: StackTrace :: Oops! The game crashed
functions/common_events.lua:2323: attempt to index local 'center' (a nil value)
Stack Traceback
===============
(1) Lua upvalue 'orig' at file 'main.lua:612'
	Local variables:
	 msg = string: "functions/common_events.lua:2323: attempt to index local 'center' (a nil value)"
	 (*temporary) = Lua function '?' (defined at line 31 of chunk [SMODS _ "src/logging.lua"])
	 (*temporary) = string: "Oops! The game crashed\
"
(2) Lua local 'handler' at file 'debugplus/console.lua:606' (from lovely module debugplus.console)
	Local variables:
	 msg = string: "functions/common_events.lua:2323: attempt to index local 'center' (a nil value)"
(3) LÖVE metamethod at file 'boot.lua:352'
	Local variables:
	 errhand = Lua function '(LÖVE Function)' (defined at line 605 of chunk [lovely debugplus.console "debugplus/console.lua"])
	 handler = Lua function '(LÖVE Function)' (defined at line 605 of chunk [lovely debugplus.console "debugplus/console.lua"])
(4) Lua global 'create_card' at file 'functions/common_events.lua:2323'
	Local variables:
	 _type = string: "Spectral"
	 area = table: 0x08a54258  {click_offset:table: 0x08a591b8, static_rotation:false, shuffle_amt:0, T:table: 0x08a5fc28, offset:table: 0x08aaed40, role:table: 0x08a9a120, last_aligned:-1 (more...)}
	 legendary = nil
	 _rarity = nil
	 skip_materialize = nil
	 soulable = nil
	 forced_key = string: "aura"
	 key_append = nil
	 area = table: 0x08a54258  {click_offset:table: 0x08a591b8, static_rotation:false, shuffle_amt:0, T:table: 0x08a5fc28, offset:table: 0x08aaed40, role:table: 0x08a9a120, last_aligned:-1 (more...)}
	 center = nil
	 (*temporary) = table: 0x085c9890  {j_mime:table: 0x086df960, j_ring_master:table: 0x083fd2b0, b_challenge:table: 0x087006b8, j_sapjokers_skunkjoker:table: 0x083d3d60, c_medium:table: 0x084a8860 (more...)}
	 (*temporary) = number: 495
	 (*temporary) = table: 0x0914afd8  {click_offset:table: 0x0901c780, children:table: 0x0914b000, parent:table: 0x090392c0, T:table: 0x0901c508, offset:table: 0x08f320b8, role:table: 0x08f32328 (more...)}
	 (*temporary) = table: 0x0914afd8  {click_offset:table: 0x0901c780, children:table: 0x0914b000, parent:table: 0x090392c0, T:table: 0x0901c508, offset:table: 0x08f320b8, role:table: 0x08f32328 (more...)}
	 (*temporary) = table: 0x081ff230  {1:table: 0x0892ed98, 2:table: 0x0836d160, 3:table: 0x08a54258, 4:table: 0x08a71b80, 5:table: 0x087f2618, 6:table: 0x088a7068, 7:table: 0x08429978 (more...)}
	 (*temporary) = number: 495
	 (*temporary) = table: 0x0914afd8  {click_offset:table: 0x0901c780, children:table: 0x0914b000, parent:table: 0x090392c0, T:table: 0x0901c508, offset:table: 0x08f320b8, role:table: 0x08f32328 (more...)}
	 (*temporary) = number: nan
	 (*temporary) = number: 495
	 (*temporary) = table: 0x0914b178  {click_offset:table: 0x09071b40, children:table: 0x0914b1a0, parent:table: 0x0914afd8, T:table: 0x090718c8, offset:table: 0x0901c0f0, role:table: 0x0901c360 (more...)}
	 (*temporary) = table: 0x0914b178  {click_offset:table: 0x09071b40, children:table: 0x0914b1a0, parent:table: 0x0914afd8, T:table: 0x090718c8, offset:table: 0x0901c0f0, role:table: 0x0901c360 (more...)}
	 (*temporary) = table: 0x081ff230  {1:table: 0x0892ed98, 2:table: 0x0836d160, 3:table: 0x08a54258, 4:table: 0x08a71b80, 5:table: 0x087f2618, 6:table: 0x088a7068, 7:table: 0x08429978 (more...)}
	 (*temporary) = number: 495
	 (*temporary) = string: "attempt to index local 'center' (a nil value)"
(5) Lua method 'calculate' at file 'superautojokers_main.lua:195' (from mod with id SuperAutoJokers)
	Local variables:
	 self = table: 0x0822fa40  {alerted:true, loc_vars:function: 0x082c5840, _saved_d_u:true, original_key:cowjoker, mod:table: 0x088c6a40, registered:true, rarity:2, cost:6 (more...)}
	 card = table: 0x08893890  {click_offset:table: 0x088a6a88, static_rotation:false, rank:1, parent:table: 0x08a71b80, T:table: 0x082ebd60, last_aligned:-1, extra_cost:0, highlighted:true (more...)}
	 context = table: 0x091fc380  {selling_self:true}
(6) Lua method 'calculate_joker' at file 'card.lua:2555'
	Local variables:
	 self = table: 0x08893890  {click_offset:table: 0x088a6a88, static_rotation:false, rank:1, parent:table: 0x08a71b80, T:table: 0x082ebd60, last_aligned:-1, extra_cost:0, highlighted:true (more...)}
	 context = table: 0x091fc380  {selling_self:true}
	 obj = table: 0x0822fa40  {alerted:true, loc_vars:function: 0x082c5840, _saved_d_u:true, original_key:cowjoker, mod:table: 0x088c6a40, registered:true, rarity:2, cost:6 (more...)}
(7) Lua global 'eval_card' at file 'functions/common_events.lua:722'
	Local variables:
	 card = table: 0x08893890  {click_offset:table: 0x088a6a88, static_rotation:false, rank:1, parent:table: 0x08a71b80, T:table: 0x082ebd60, last_aligned:-1, extra_cost:0, highlighted:true (more...)}
	 context = table: 0x091fc380  {selling_self:true}
	 ret = table: 0x08ed6110  {}
	 post_trig = table: 0x08ed6138  {}
	 areas = table: 0x091d6a98  {1:table: 0x08a71b80, 2:table: 0x08a54258, 3:table: 0x088a7068}
	 area_set = table: 0x090ab470  {table: 0x08a71b80:true, table: 0x08a54258:true, table: 0x088a7068:true}
(8) Lua method 'sell_card' at file 'card.lua:1837'
	Local variables:
	 self = table: 0x08893890  {click_offset:table: 0x088a6a88, static_rotation:false, rank:1, parent:table: 0x08a71b80, T:table: 0x082ebd60, last_aligned:-1, extra_cost:0, highlighted:true (more...)}
	 area = table: 0x08a71b80  {click_offset:table: 0x0814e498, static_rotation:false, shuffle_amt:0, T:table: 0x0814e470, offset:table: 0x0877a598, role:table: 0x08ab7420, last_aligned:-1 (more...)}
(9) Lua function '?' at file 'functions/button_callbacks.lua:2366' (best guess)
	Local variables:
	 e = table: 0x0914b318  {pixellated_rect:table: 0x091284f8, click_offset:table: 0x0916bea8, children:table: 0x0914b340, parent:table: 0x0914b178, T:table: 0x0916bc30 (more...)}
	 card = table: 0x08893890  {click_offset:table: 0x088a6a88, static_rotation:false, rank:1, parent:table: 0x08a71b80, T:table: 0x082ebd60, last_aligned:-1, extra_cost:0, highlighted:true (more...)}
(10) Lua method 'click' at file 'engine/ui.lua:981'
	Local variables:
	 self = table: 0x0914b318  {pixellated_rect:table: 0x091284f8, click_offset:table: 0x0916bea8, children:table: 0x0914b340, parent:table: 0x0914b178, T:table: 0x0916bc30 (more...)}
(11) Lua method 'update' at file 'engine/controller.lua:375'
	Local variables:
	 self = table: 0x0873fec8  {held_button_times:table: 0x08740798, focus_cursor_stack_level:1, snap_cursor_to:table: 0x08918f08, interrupt:table: 0x087407e8, GAMEPAD:table: 0x08741018 (more...)}
	 dt = number: 0.0167496
(12) Lua upvalue 'gameUpdateRef' at file 'game.lua:2689'
	Local variables:
	 self = table: 0x081faae8  {F_GUIDE:false, F_CRASH_REPORTS:false, F_QUIT_BUTTON:true, HUD_tags:table: 0x08e88300, F_ENGLISH_ONLY:false, viewed_stake:1, HUD:table: 0x0846f878 (more...)}
	 dt = number: 0.0167496
(13) Lua method 'update' at Steamodded file 'src/ui.lua:84' 
	Local variables:
	 self = table: 0x081faae8  {F_GUIDE:false, F_CRASH_REPORTS:false, F_QUIT_BUTTON:true, HUD_tags:table: 0x08e88300, F_ENGLISH_ONLY:false, viewed_stake:1, HUD:table: 0x0846f878 (more...)}
	 dt = number: 0.0167496
(14) Lua field 'update' at file 'main.lua:999'
	Local variables:
	 dt = number: 0.0167496
(15) Lua function '?' at file 'main.lua:938' (best guess)
(16) global C function 'xpcall'
(17) LÖVE function at file 'boot.lua:377' (best guess)
	Local variables:
	 func = Lua function '?' (defined at line 909 of chunk main.lua)
	 inerror = boolean: true
	 deferErrhand = Lua function '(LÖVE Function)' (defined at line 348 of chunk [love "boot.lua"])
	 earlyinit = Lua function '(LÖVE Function)' (defined at line 355 of chunk [love "boot.lua"])
 
INFO - [G] file not found: functions/button_callbacks.lua: No such file or directory
INFO - [G] file not found: main.lua: No such file or directory
INFO - [G] file not found: main.lua: No such file or directory
INFO - [G] 2025-09-11 16:16:07 :: INFO  :: StackTrace :: Additional Context:
Balatro Version: 1.0.1o-FULL
Modded Version: 1.0.0~BETA-0711a-STEAMODDED
LÖVE Version: 11.5.0
Lovely Version: 0.8.0
Platform: Windows
Steamodded Mods:
    1: Super Auto Jokers by Equi [ID: SuperAutoJokers, Version: 1.0.0]
    2: DebugPlus by WilsontheWolf [ID: DebugPlus, Version: 1.5.1, Uses Lovely]
Lovely Mods: 
