INFO - [♥] Lovely 0.8.0
INFO - [♥] Game directory is at "C:\\Program Files (x86)\\Steam\\steamapps\\common\\Balatro"
INFO - [♥] Writing logs to "C:\\Users\\PC\\AppData\\Roaming\\Balatro\\Mods\\lovely\\log"
INFO - [♥] Using mod directory at "C:\\Users\\PC\\AppData\\Roaming\\Balatro\\Mods"
INFO - [♥] Cleaning up dumps directory at "C:\\Users\\PC\\AppData\\Roaming\\Balatro\\Mods\\lovely\\dump"
INFO - [♥] Initialization complete in 59ms
INFO - [♥] Applied 1 patch to 'conf.lua'
INFO - [♥] Applied 11 patches to 'main.lua'
INFO - [♥] Applied 10 patches to 'engine/controller.lua'
INFO - [♥] Applied 15 patches to 'back.lua'
INFO - [♥] Applied 7 patches to 'tag.lua'
INFO - [♥] Applied 2 patches to 'engine/moveable.lua'
INFO - [♥] Applied 2 patches to 'engine/sprite.lua'
INFO - [♥] Applied 2 patches to 'engine/animatedsprite.lua'
INFO - [♥] Applied 67 patches to 'functions/misc_functions.lua'
INFO - [♥] Applied 40 patches to 'game.lua'
INFO - [♥] Applied 1 patch to 'globals.lua'
INFO - [♥] Applied 5 patches to 'engine/ui.lua'
INFO - [♥] Applied 95 patches to 'functions/UI_definitions.lua'
INFO - [♥] Applied 49 patches to 'functions/state_events.lua'
INFO - [♥] Applied 117 patches to 'functions/common_events.lua'
INFO - [♥] Applied 51 patches to 'functions/button_callbacks.lua'
INFO - [♥] Applied 186 patches to 'card.lua'
INFO - [♥] Applied 10 patches to 'cardarea.lua'
INFO - [♥] Applied 37 patches to 'blind.lua'
INFO - [♥] Applied 2 patches to 'engine/text.lua'
INFO - [G] Failed to connect to the debug server 
INFO - [G] 2025-09-24 18:44:05 :: DEBUG :: DebugConsole :: Steamodded Debug Socket started ! 
INFO - [G] 2025-09-24 18:44:05 :: INFO  :: SMODS :: Steamodded v1.0.0~BETA-0711a 
INFO - [♥] Applied 9 patches to 'engine/sound_manager.lua'
INFO - [♥] Applied 1 patch to 'engine/save_manager.lua'
INFO - [G] 2025-09-24 18:44:09 :: INFO  :: Loader :: Valid JSON file found 
INFO - [G] 2025-09-24 18:44:09 :: INFO  :: Loader :: Valid JSON file found 
INFO - [G] 2025-09-24 18:44:09 :: WARN  :: Joker :: Cannot take ownership of j_mail-in_rebate: Does not exist. 
INFO - [G] 2025-09-24 18:44:09 :: INFO  :: TIMER :: [0000] Injected Fonts in 0.002 ms 
INFO - [G] 2025-09-24 18:44:09 :: INFO  :: TIMER :: [0000] Injected Language in 0.002 ms 
INFO - [G] 2025-09-24 18:44:09 :: INFO  :: TIMER :: [0000] Injected [INTERNAL] in 2.851 ms 
INFO - [G] 2025-09-24 18:44:09 :: INFO  :: TIMER :: [0003] Injected Atlas in 486.236 ms 
INFO - [G] 2025-09-24 18:44:09 :: INFO  :: TIMER :: [0001] Injected Sound in 0.916 ms 
INFO - [G] 2025-09-24 18:44:09 :: INFO  :: TIMER :: [0008] Injected Stake in 0.440 ms 
INFO - [G] 2025-09-24 18:44:09 :: INFO  :: TIMER :: [0004] Injected Rarity in 0.053 ms 
INFO - [G] 2025-09-24 18:44:09 :: INFO  :: TIMER :: [0004] Injected ObjectType in 0.063 ms 
INFO - [G] 2025-09-24 18:44:09 :: INFO  :: TIMER :: [0070] Injected Center in 1.681 ms 
INFO - [G] 2025-09-24 18:44:09 :: INFO  :: TIMER :: [0007] Injected Undiscovered Sprite in 0.118 ms 
INFO - [G] 2025-09-24 18:44:09 :: INFO  :: TIMER :: [0002] Injected Blind in 0.045 ms 
INFO - [G] 2025-09-24 18:44:09 :: INFO  :: TIMER :: [0004] Injected Seal in 0.960 ms 
INFO - [G] 2025-09-24 18:44:09 :: INFO  :: TIMER :: [0004] Injected Suit in 0.126 ms 
INFO - [G] 2025-09-24 18:44:09 :: INFO  :: TIMER :: [0013] Injected Rank in 0.204 ms 
INFO - [G] 2025-09-24 18:44:10 :: INFO  :: TIMER :: [0028] Injected DeckSkin in 0.546 ms 
INFO - [G] 2025-09-24 18:44:10 :: INFO  :: TIMER :: [0012] Injected PokerHand in 0.174 ms 
INFO - [G] 2025-09-24 18:44:10 :: INFO  :: TIMER :: [0020] Injected Challenge in 0.125 ms 
INFO - [G] 2025-09-24 18:44:10 :: INFO  :: TIMER :: [0000] Injected Tag in 0.002 ms 
INFO - [G] 2025-09-24 18:44:10 :: INFO  :: TIMER :: [0004] Injected Sticker in 0.136 ms 
INFO - [G] 2025-09-24 18:44:10 :: INFO  :: TIMER :: [0000] Injected Shader in 0.002 ms 
INFO - [G] 2025-09-24 18:44:10 :: INFO  :: TIMER :: [0002] Injected Keybind in 0.024 ms 
INFO - [G] 2025-09-24 18:44:10 :: INFO  :: TIMER :: [0000] Injected Achievement in 0.196 ms 
INFO - [G] 2025-09-24 18:44:10 :: INFO  :: TIMER :: [0002] Injected nil in 0.025 ms 
INFO - [G] 2025-09-24 18:44:10 :: INFO  :: TIMER :: [0021] Injected Draw Step in 0.215 ms 
INFO - [G] 2025-09-24 18:44:10 :: INFO  :: TIMER :: [0000] Injected [INTERNAL] in 1.236 ms 
INFO - [G] [DebugPlus] Press [/] to toggle console and press [shift] + [/] to toggle new log previews 
INFO - [G] line not found
INFO - [G] line not found
INFO - [G] file not found: main.lua: No such file or directory
INFO - [G] file not found: main.lua: No such file or directory
INFO - [G] 2025-09-24 18:44:31 :: ERROR :: StackTrace :: Oops! The game crashed
[SMODS SuperAutoJokers "superautojokers_main.lua"]:455: attempt to index field 'extra' (a number value)
Stack Traceback
===============
(1) Lua upvalue 'orig' at file 'main.lua:612'
	Local variables:
	 msg = string: "[SMODS SuperAutoJokers \"superautojokers_main.lua\"]:455: attempt to index field 'extra' (a number value)"
	 (*temporary) = Lua function '?' (defined at line 31 of chunk [SMODS _ "src/logging.lua"])
	 (*temporary) = string: "Oops! The game crashed\
"
(2) Lua local 'handler' at file 'debugplus/console.lua:606' (from lovely module debugplus.console)
	Local variables:
	 msg = string: "[SMODS SuperAutoJokers \"superautojokers_main.lua\"]:455: attempt to index field 'extra' (a number value)"
(3) LÖVE metamethod at file 'boot.lua:352'
	Local variables:
	 errhand = Lua function '(LÖVE Function)' (defined at line 605 of chunk [lovely debugplus.console "debugplus/console.lua"])
	 handler = Lua function '(LÖVE Function)' (defined at line 605 of chunk [lovely debugplus.console "debugplus/console.lua"])
(4) Lua method 'calculate' at file 'superautojokers_main.lua:455' (from mod with id SuperAutoJokers)
	Local variables:
	 self = table: 0x382be9d0  {alerted:true, loc_vars:function: 0x386e9cb0, atlas:Joker, registered:true, _saved_d_u:true, original_key:8_ball, _discovered_unlocked_overwritten:true (more...)}
	 card = table: 0x3830ea78  {click_offset:table: 0x381835b0, under_overlay:false, children:table: 0x386bd140, ambient_tilt:0.2, parent:table: 0x383ac548, pinch:table: 0x388eaa30 (more...)}
	 context = table: 0x382f66f8  {other_card:table: 0x38887428, poker_hands:table: 0x388a4770, individual:true, scoring_name:Straight, scoring_hand:table: 0x385d1a30, full_hand:table: 0x38887388 (more...)}
	 (*temporary) = Lua function '?' (defined at line 2595 of chunk [SMODS _ "src/utils.lua"])
	 (*temporary) = table: 0x3830ea78  {click_offset:table: 0x381835b0, under_overlay:false, children:table: 0x386bd140, ambient_tilt:0.2, parent:table: 0x383ac548, pinch:table: 0x388eaa30 (more...)}
	 (*temporary) = string: "j_8ball"
	 (*temporary) = number: 1
	 (*temporary) = number: 4
	 (*temporary) = string: "attempt to index field 'extra' (a number value)"
(5) Lua method 'calculate_joker' at file 'card.lua:2555'
	Local variables:
	 self = table: 0x3830ea78  {click_offset:table: 0x381835b0, under_overlay:false, children:table: 0x386bd140, ambient_tilt:0.2, parent:table: 0x383ac548, pinch:table: 0x388eaa30 (more...)}
	 context = table: 0x382f66f8  {other_card:table: 0x38887428, poker_hands:table: 0x388a4770, individual:true, scoring_name:Straight, scoring_hand:table: 0x385d1a30, full_hand:table: 0x38887388 (more...)}
	 obj = table: 0x382be9d0  {alerted:true, loc_vars:function: 0x386e9cb0, atlas:Joker, registered:true, _saved_d_u:true, original_key:8_ball, _discovered_unlocked_overwritten:true (more...)}
(6) Lua global 'eval_card' at file 'functions/common_events.lua:722'
	Local variables:
	 card = table: 0x3830ea78  {click_offset:table: 0x381835b0, under_overlay:false, children:table: 0x386bd140, ambient_tilt:0.2, parent:table: 0x383ac548, pinch:table: 0x388eaa30 (more...)}
	 context = table: 0x382f66f8  {other_card:table: 0x38887428, poker_hands:table: 0x388a4770, individual:true, scoring_name:Straight, scoring_hand:table: 0x385d1a30, full_hand:table: 0x38887388 (more...)}
	 ret = table: 0x381ecb28  {}
	 post_trig = table: 0x3806d4c8  {}
	 areas = table: 0x3806d4f0  {1:table: 0x383ac548, 2:table: 0x388cb178, 3:table: 0x38517288}
	 area_set = table: 0x3806d538  {table: 0x388cb178:true, table: 0x38517288:true, table: 0x383ac548:true}
(7) Lua field 'calculate_card_areas' at Steamodded file 'src/utils.lua:1720' 
	Local variables:
	 _type = string: "jokers"
	 context = table: 0x382f66f8  {other_card:table: 0x38887428, poker_hands:table: 0x388a4770, individual:true, scoring_name:Straight, scoring_hand:table: 0x385d1a30, full_hand:table: 0x38887388 (more...)}
	 return_table = table: 0x382f52f0  {1:table: 0x382f5330, 2:table: 0x3809f6d0, 3:table: 0x380a7d60}
	 args = table: 0x386d0400  {main_scoring:true}
	 flags = table: 0x386d0428  {}
	 (for generator) = C function: builtin#6
	 (for state) = table: 0x380a7d18  {1:table: 0x383ac548, 2:table: 0x388cb178, 3:table: 0x38517288}
	 (for control) = number: 1
	 _ = number: 1
	 area = table: 0x383ac548  {click_offset:table: 0x38408fe0, static_rotation:false, shuffle_amt:0, T:table: 0x383aca18, offset:table: 0x38644450, role:table: 0x38182980, last_aligned:-1 (more...)}
	 (for generator) = C function: builtin#6
	 (for state) = table: 0x386535d8  {1:table: 0x381b3e38, 2:table: 0x3830ea78}
	 (for control) = number: 2
	 _ = number: 2
	 _card = table: 0x3830ea78  {click_offset:table: 0x381835b0, under_overlay:false, children:table: 0x386bd140, ambient_tilt:0.2, parent:table: 0x383ac548, pinch:table: 0x388eaa30 (more...)}
(8) Lua field 'score_card' at Steamodded file 'src/utils.lua:1880' 
	Local variables:
	 card = table: 0x38887428  {click_offset:table: 0x388877f8, children:table: 0x388e64d0, ambient_tilt:0.2, parent:table: 0x38002a20, highlighted:false, T:table: 0x38887640 (more...)}
	 context = table: 0x382f66f8  {other_card:table: 0x38887428, poker_hands:table: 0x388a4770, individual:true, scoring_name:Straight, scoring_hand:table: 0x385d1a30, full_hand:table: 0x38887388 (more...)}
	 reps = table: 0x382f6780  {1:1}
	 j = number: 1
	 effects = table: 0x382f52f0  {1:table: 0x382f5330, 2:table: 0x3809f6d0, 3:table: 0x380a7d60}
(9) Lua field 'calculate_main_scoring' at Steamodded file 'src/utils.lua:1924' 
	Local variables:
	 context = table: 0x382f66f8  {other_card:table: 0x38887428, poker_hands:table: 0x388a4770, individual:true, scoring_name:Straight, scoring_hand:table: 0x385d1a30, full_hand:table: 0x38887388 (more...)}
	 scoring_hand = table: 0x385d1a30  {1:table: 0x38887428, 2:table: 0x38660488, 3:table: 0x38827170, 4:table: 0x38c2eae0, 5:table: 0x38826b38}
	 (for generator) = C function: builtin#6
	 (for state) = table: 0x38887388  {1:table: 0x38887428, 2:table: 0x38660488, 3:table: 0x38827170, 4:table: 0x38c2eae0, 5:table: 0x38826b38}
	 (for control) = number: 1
	 _ = number: 1
	 card = table: 0x38887428  {click_offset:table: 0x388877f8, children:table: 0x388e64d0, ambient_tilt:0.2, parent:table: 0x38002a20, highlighted:false, T:table: 0x38887640 (more...)}
	 in_scoring = boolean: true
(10) Lua field 'evaluate_play' at file 'functions/state_events.lua:614'
	Local variables:
	 e = nil
	 text = string: "Straight"
	 disp_text = string: "Straight"
	 poker_hands = table: 0x388a4770  {Flush House:table: 0x385a6800, Full House:table: 0x3807eb88, top:table: 0x3813b390, Flush:table: 0x381c2d48, Pair:table: 0x38293f10, Four of a Kind:table: 0x3814f1a8 (more...)}
	 scoring_hand = table: 0x385d1a30  {1:table: 0x38887428, 2:table: 0x38660488, 3:table: 0x38827170, 4:table: 0x38c2eae0, 5:table: 0x38826b38}
	 non_loc_disp_text = string: "Straight"
	 final_scoring_hand = table: 0x385d1a30  {1:table: 0x38887428, 2:table: 0x38660488, 3:table: 0x38827170, 4:table: 0x38c2eae0, 5:table: 0x38826b38}
	 hand_text_set = boolean: false
	 modded = nil
	 (for generator) = C function: builtin#6
	 (for state) = table: 0x382f66d0  {1:table: 0x38002a20, 2:table: 0x385be1d0}
	 (for control) = number: 1
	 _ = number: 1
	 v = table: 0x38002a20  {click_offset:table: 0x38862268, static_rotation:false, shuffle_amt:0, T:table: 0x38392c18, offset:table: 0x38836c90, role:table: 0x386edea0, last_aligned:-1 (more...)}
(11) Lua field 'func' at file 'functions/state_events.lua:482'
(12) Lua method 'handle' at file 'engine/event.lua:99'
	Local variables:
	 self = table: 0x381a03d8  {start_timer:true, timer:TOTAL, blockable:true, trigger:immediate, func:function: 0x38365260, delay:0, complete:false, time:25.832694629515, blocking:true (more...)}
	 _results = table: 0x3839da20  {blocking:true, pause_skip:false, time_done:false, completed:false}
(13) Lua method 'update' at file 'engine/event.lua:182'
	Local variables:
	 self = table: 0x3856daf8  {queue_last_processed:20.4, queues:table: 0x3856db20, queue_dt:0.016666666666667, queue_timer:20.622436314519}
	 dt = number: 0.0167127
	 forced = nil
	 (for generator) = C function: next
	 (for state) = table: 0x3856db20  {unlock:table: 0x3856dc10, other:table: 0x3856dcb0, tutorial:table: 0x3856dc60, base:table: 0x3856dc38, achievement:table: 0x3856dc88}
	 (for control) = number: nan
	 k = string: "base"
	 v = table: 0x3856dc38  {1:table: 0x386535b0, 2:table: 0x381a03d8, 3:table: 0x38e01098, 4:table: 0x38826150, 5:table: 0x38661988, 6:table: 0x388b1fc0, 7:table: 0x383ba0d8 (more...)}
	 blocked = boolean: false
	 i = number: 2
	 results = table: 0x3839da20  {blocking:true, pause_skip:false, time_done:false, completed:false}
(14) Lua upvalue 'gameUpdateRef' at file 'game.lua:2552'
	Local variables:
	 self = table: 0x3801b2b8  {F_GUIDE:false, F_CRASH_REPORTS:false, F_QUIT_BUTTON:true, HUD_tags:table: 0x386c6328, F_ENGLISH_ONLY:false, viewed_stake:1, HUD:table: 0x3893dec8 (more...)}
	 dt = number: 0.0167127
	 http_resp = nil
(15) Lua method 'update' at Steamodded file 'src/ui.lua:84' 
	Local variables:
	 self = table: 0x3801b2b8  {F_GUIDE:false, F_CRASH_REPORTS:false, F_QUIT_BUTTON:true, HUD_tags:table: 0x386c6328, F_ENGLISH_ONLY:false, viewed_stake:1, HUD:table: 0x3893dec8 (more...)}
	 dt = number: 0.0167127
(16) Lua field 'update' at file 'main.lua:999'
	Local variables:
	 dt = number: 0.0167127
(17) Lua function '?' at file 'main.lua:938' (best guess)
(18) global C function 'xpcall'
(19) LÖVE function at file 'boot.lua:377' (best guess)
	Local variables:
	 func = Lua function '?' (defined at line 909 of chunk main.lua)
	 inerror = boolean: true
	 deferErrhand = Lua function '(LÖVE Function)' (defined at line 348 of chunk [love "boot.lua"])
	 earlyinit = Lua function '(LÖVE Function)' (defined at line 355 of chunk [love "boot.lua"])
 
INFO - [G] line not found
INFO - [G] file not found: main.lua: No such file or directory
INFO - [G] file not found: main.lua: No such file or directory
INFO - [G] 2025-09-24 18:44:31 :: INFO  :: StackTrace :: Additional Context:
Balatro Version: 1.0.1o-FULL
Modded Version: 1.0.0~BETA-0711a-STEAMODDED
LÖVE Version: 11.5.0
Lovely Version: 0.8.0
Platform: Windows
Steamodded Mods:
    1: Super Auto Jokers by Equi [ID: SuperAutoJokers, Version: 1.0.0]
    2: DebugPlus by WilsontheWolf [ID: DebugPlus, Version: 1.5.1, Uses Lovely]
Lovely Mods: 
