INFO - [♥] Lovely 0.8.0
INFO - [♥] Game directory is at "C:\\Program Files (x86)\\Steam\\steamapps\\common\\Balatro"
INFO - [♥] Writing logs to "C:\\Users\\PC\\AppData\\Roaming\\Balatro\\Mods\\lovely\\log"
INFO - [♥] Using mod directory at "C:\\Users\\PC\\AppData\\Roaming\\Balatro\\Mods"
INFO - [♥] Cleaning up dumps directory at "C:\\Users\\PC\\AppData\\Roaming\\Balatro\\Mods\\lovely\\dump"
INFO - [♥] Initialization complete in 121ms
INFO - [♥] Applied 10 patches to 'main.lua'
INFO - [♥] Applied 5 patches to 'engine/controller.lua'
INFO - [♥] Applied 16 patches to 'back.lua'
INFO - [♥] Applied 7 patches to 'tag.lua'
INFO - [♥] Applied 3 patches to 'engine/moveable.lua'
INFO - [♥] Applied 2 patches to 'engine/sprite.lua'
INFO - [♥] Applied 2 patches to 'engine/animatedsprite.lua'
INFO - [♥] Applied 68 patches to 'functions/misc_functions.lua'
WARN - [♥] Pattern 'self.GAME.pseudorandom.seed = hash_seed(self.GAME.pseudorandom.seed)' on target 'game.lua' for pattern patch from BalatroMultiplayer\lovely\TheOrder.toml resulted in no matches
INFO - [♥] Applied 44 patches to 'game.lua'
INFO - [♥] Applied 2 patches to 'globals.lua'
INFO - [♥] Applied 5 patches to 'engine/ui.lua'
INFO - [♥] Applied 106 patches to 'functions/UI_definitions.lua'
INFO - [♥] Applied 54 patches to 'functions/state_events.lua'
INFO - [♥] Applied 132 patches to 'functions/common_events.lua'
INFO - [♥] Applied 54 patches to 'functions/button_callbacks.lua'
INFO - [♥] Applied 201 patches to 'card.lua'
INFO - [♥] Applied 12 patches to 'cardarea.lua'
INFO - [♥] Applied 37 patches to 'blind.lua'
INFO - [♥] Applied 2 patches to 'engine/text.lua'
INFO - [♥] Applied 3 patches to '=[SMODS _ "src/utils.lua"]'
INFO - [♥] Applied 1 patch to '=[SMODS _ "src/overrides.lua"]'
INFO - [♥] Applied 1 patch to '=[SMODS _ "src/game_object.lua"]'
INFO - [G] Failed to connect to the debug server
INFO - [G] 2025-08-27 18:39:32 :: DEBUG :: DebugConsole :: Steamodded Debug Socket started !
INFO - [G] 2025-08-27 18:39:32 :: INFO  :: SMODS :: Steamodded v1.0.0~BETA-0711a
INFO - [♥] Applied 9 patches to 'engine/sound_manager.lua'
INFO - [♥] Applied 1 patch to 'engine/save_manager.lua'
INFO - [G] 2025-08-27 18:39:36 :: INFO  :: Loader :: Valid JSON file found
INFO - [G] 2025-08-27 18:39:36 :: TRACE :: Loader :: Processing Mod file (Legacy header): BetterMouseAndGamepad_v1.0.6c.lua
INFO - [G] 2025-08-27 18:39:37 :: TRACE :: Loader :: Saving Mod Info: BetterMouseAndGamepad
INFO - [G] 2025-08-27 18:39:37 :: INFO  :: Loader :: Valid JSON file found
INFO - [G] 2025-08-27 18:39:37 :: DEBUG :: MULTIPLAYER :: Resetting lobby options
INFO - [G] 2025-08-27 18:39:37 :: DEBUG :: MULTIPLAYER :: Resetting game states
INFO - [G] 2025-08-27 18:39:37 :: TRACE :: MULTIPLAYER :: Client sent message: connect
INFO - [G] 2025-08-27 18:39:37 :: INFO  :: TIMER :: [0000] Injected Fonts in 0.002 ms
INFO - [G] 2025-08-27 18:39:37 :: INFO  :: TIMER :: [0000] Injected Language in 0.002 ms
INFO - [G] 2025-08-27 18:39:37 :: INFO  :: TIMER :: [0000] Injected [INTERNAL] in 7.892 ms
INFO - [G] 2025-08-27 18:39:38 :: INFO  :: TIMER :: [0022] Injected Atlas in 869.914 ms
INFO - [G] 2025-08-27 18:39:38 :: INFO  :: TIMER :: [0001] Injected Sound in 1.369 ms
INFO - [G] 2025-08-27 18:39:38 :: INFO  :: TIMER :: [0008] Injected Stake in 0.298 ms
INFO - [G] 2025-08-27 18:39:38 :: INFO  :: TIMER :: [0004] Injected Rarity in 0.116 ms
INFO - [G] 2025-08-27 18:39:38 :: INFO  :: TIMER :: [0004] Injected ObjectType in 0.059 ms
INFO - [G] 2025-08-27 18:39:38 :: INFO  :: TIMER :: [0081] Injected Center in 1.848 ms
INFO - [G] 2025-08-27 18:39:38 :: INFO  :: TIMER :: [0007] Injected Undiscovered Sprite in 0.132 ms
INFO - [G] 2025-08-27 18:39:38 :: INFO  :: TIMER :: [0003] Injected Blind in 0.037 ms
INFO - [G] 2025-08-27 18:39:38 :: INFO  :: TIMER :: [0004] Injected Seal in 0.223 ms
INFO - [G] 2025-08-27 18:39:38 :: INFO  :: TIMER :: [0004] Injected Suit in 0.097 ms
INFO - [G] 2025-08-27 18:39:38 :: INFO  :: TIMER :: [0013] Injected Rank in 0.132 ms
INFO - [G] 2025-08-27 18:39:38 :: INFO  :: TIMER :: [0028] Injected DeckSkin in 0.347 ms
INFO - [G] 2025-08-27 18:39:38 :: INFO  :: TIMER :: [0012] Injected PokerHand in 0.165 ms
INFO - [G] 2025-08-27 18:39:38 :: INFO  :: TIMER :: [0034] Injected Challenge in 0.740 ms
INFO - [G] 2025-08-27 18:39:38 :: INFO  :: TIMER :: [0001] Injected Tag in 0.028 ms
INFO - [G] 2025-08-27 18:39:38 :: INFO  :: TIMER :: [0006] Injected Sticker in 0.208 ms
INFO - [G] 2025-08-27 18:39:38 :: INFO  :: TIMER :: [0000] Injected Shader in 0.002 ms
INFO - [G] 2025-08-27 18:39:38 :: INFO  :: TIMER :: [0002] Injected Keybind in 0.024 ms
INFO - [G] 2025-08-27 18:39:38 :: INFO  :: TIMER :: [0000] Injected Achievement in 0.258 ms
INFO - [G] 2025-08-27 18:39:38 :: INFO  :: TIMER :: [0002] Injected nil in 0.025 ms
INFO - [G] 2025-08-27 18:39:38 :: INFO  :: TIMER :: [0022] Injected Draw Step in 0.176 ms
INFO - [G] 2025-08-27 18:39:39 :: INFO  :: TIMER :: [0000] Injected [INTERNAL] in 13.798 ms
INFO - [G] 2025-08-27 18:39:39 :: INFO  :: TIMER :: [0009] Injected nil in 0.110 ms
INFO - [G] 2025-08-27 18:39:39 :: INFO  :: TIMER :: [0003] Injected nil in 0.030 ms
INFO - [G] 2025-08-27 18:39:39 :: TRACE :: MULTIPLAYER :: Client got connected message:  (action: connected) 
INFO - [G] 2025-08-27 18:39:39 :: TRACE :: MULTIPLAYER :: Client sent message: action:username,username:balatro but woke~18,modHash:
INFO - [G] 2025-08-27 18:39:39 :: TRACE :: MULTIPLAYER :: Client got version message:  (action: version) 
INFO - [G] 2025-08-27 18:39:39 :: TRACE :: MULTIPLAYER :: Client sent message: action:version,version:0.2.14-MULTIPLAYER
INFO - [G] 2025-08-27 18:39:39 :: TRACE :: MULTIPLAYER :: Client sent message: action:username,username:balatro but woke~18,modHash:preview=true;theOrder=true;unlocked=true;encryptID=114770131200.07;serversideConnectionID=99363ae8;BetterMouseAndGamepad-1.0.6c;JokerDisplay-1.8.6;Lovely-0.8.0;Multiplayer-0.2.14;Preview-MultiplayerIntegration;Steamodded-1.0.0~BETA-0711a;TheOrder-MultiplayerIntegration
INFO - [G] LONG DT @ 1: 0.052029441349862
INFO - [G] LONG DT @ 1: 0.08395303307989
INFO - [G] LONG DT @ 1: 0.076784926463912
INFO - [G] LONG DT @ 1: 0.06564858117113
INFO - [G] LONG DT @ 1: 0.054817224936904
