INFO - [♥] Lovely 0.8.0
INFO - [♥] Game directory is at "C:\\Program Files (x86)\\Steam\\steamapps\\common\\Balatro"
INFO - [♥] Writing logs to "C:\\Users\\PC\\AppData\\Roaming\\Balatro\\Mods\\lovely\\log"
INFO - [♥] Using mod directory at "C:\\Users\\PC\\AppData\\Roaming\\Balatro\\Mods"
INFO - [♥] Cleaning up dumps directory at "C:\\Users\\PC\\AppData\\Roaming\\Balatro\\Mods\\lovely\\dump"
INFO - [♥] Initialization complete in 96ms
INFO - [♥] Applied 1 patch to 'conf.lua'
INFO - [♥] Applied 11 patches to 'main.lua'
INFO - [♥] Applied 10 patches to 'engine/controller.lua'
INFO - [♥] Applied 15 patches to 'back.lua'
INFO - [♥] Applied 7 patches to 'tag.lua'
INFO - [♥] Applied 2 patches to 'engine/moveable.lua'
INFO - [♥] Applied 2 patches to 'engine/sprite.lua'
INFO - [♥] Applied 2 patches to 'engine/animatedsprite.lua'
INFO - [♥] Applied 67 patches to 'functions/misc_functions.lua'
INFO - [♥] Applied 40 patches to 'game.lua'
INFO - [♥] Applied 1 patch to 'globals.lua'
INFO - [♥] Applied 5 patches to 'engine/ui.lua'
INFO - [♥] Applied 95 patches to 'functions/UI_definitions.lua'
INFO - [♥] Applied 49 patches to 'functions/state_events.lua'
INFO - [♥] Applied 117 patches to 'functions/common_events.lua'
INFO - [♥] Applied 51 patches to 'functions/button_callbacks.lua'
INFO - [♥] Applied 186 patches to 'card.lua'
INFO - [♥] Applied 10 patches to 'cardarea.lua'
INFO - [♥] Applied 37 patches to 'blind.lua'
INFO - [♥] Applied 2 patches to 'engine/text.lua'
INFO - [G] Failed to connect to the debug server 
INFO - [G] 2025-10-08 01:02:54 :: DEBUG :: DebugConsole :: Steamodded Debug Socket started ! 
INFO - [G] 2025-10-08 01:02:54 :: INFO  :: SMODS :: Steamodded v1.0.0~BETA-0711a 
INFO - [♥] Applied 9 patches to 'engine/sound_manager.lua'
INFO - [♥] Applied 1 patch to 'engine/save_manager.lua'
INFO - [G] 2025-10-08 01:02:57 :: INFO  :: Loader :: Valid JSON file found 
INFO - [G] 2025-10-08 01:02:57 :: INFO  :: Loader :: Valid JSON file found 
INFO - [G] 2025-10-08 01:02:57 :: INFO  :: TIMER :: [0000] Injected Fonts in 0.001 ms 
INFO - [G] 2025-10-08 01:02:57 :: INFO  :: TIMER :: [0000] Injected Language in 0.002 ms 
INFO - [G] 2025-10-08 01:02:57 :: INFO  :: TIMER :: [0000] Injected [INTERNAL] in 2.679 ms 
INFO - [G] 2025-10-08 01:02:57 :: INFO  :: TIMER :: [0004] Injected Atlas in 380.092 ms 
INFO - [G] 2025-10-08 01:02:57 :: INFO  :: TIMER :: [0001] Injected Sound in 1.157 ms 
INFO - [G] 2025-10-08 01:02:57 :: INFO  :: TIMER :: [0008] Injected Stake in 0.335 ms 
INFO - [G] 2025-10-08 01:02:57 :: INFO  :: TIMER :: [0005] Injected Rarity in 0.041 ms 
INFO - [G] 2025-10-08 01:02:57 :: INFO  :: TIMER :: [0005] Injected ObjectType in 0.082 ms 
INFO - [G] 2025-10-08 01:02:58 :: INFO  :: TIMER :: [0105] Injected Center in 2.051 ms 
INFO - [G] 2025-10-08 01:02:58 :: INFO  :: TIMER :: [0007] Injected Undiscovered Sprite in 0.029 ms 
INFO - [G] 2025-10-08 01:02:58 :: INFO  :: TIMER :: [0002] Injected Blind in 0.026 ms 
INFO - [G] 2025-10-08 01:02:58 :: INFO  :: TIMER :: [0004] Injected Seal in 0.209 ms 
INFO - [G] 2025-10-08 01:02:58 :: INFO  :: TIMER :: [0004] Injected Suit in 0.119 ms 
INFO - [G] 2025-10-08 01:02:58 :: INFO  :: TIMER :: [0013] Injected Rank in 0.119 ms 
INFO - [G] 2025-10-08 01:02:58 :: INFO  :: TIMER :: [0028] Injected DeckSkin in 0.343 ms 
INFO - [G] 2025-10-08 01:02:58 :: INFO  :: TIMER :: [0012] Injected PokerHand in 0.070 ms 
INFO - [G] 2025-10-08 01:02:58 :: INFO  :: TIMER :: [0020] Injected Challenge in 0.058 ms 
INFO - [G] 2025-10-08 01:02:58 :: INFO  :: TIMER :: [0000] Injected Tag in 0.002 ms 
INFO - [G] 2025-10-08 01:02:58 :: INFO  :: TIMER :: [0004] Injected Sticker in 0.112 ms 
INFO - [G] 2025-10-08 01:02:58 :: INFO  :: TIMER :: [0000] Injected Shader in 0.002 ms 
INFO - [G] 2025-10-08 01:02:58 :: INFO  :: TIMER :: [0002] Injected Keybind in 0.083 ms 
INFO - [G] 2025-10-08 01:02:58 :: INFO  :: TIMER :: [0000] Injected Achievement in 0.125 ms 
INFO - [G] 2025-10-08 01:02:58 :: INFO  :: TIMER :: [0002] Injected nil in 0.027 ms 
INFO - [G] 2025-10-08 01:02:58 :: INFO  :: TIMER :: [0021] Injected Draw Step in 0.338 ms 
INFO - [G] 2025-10-08 01:02:58 :: INFO  :: TIMER :: [0000] Injected [INTERNAL] in 1.288 ms 
INFO - [G] [DebugPlus] Press [/] to toggle console and press [shift] + [/] to toggle new log previews 
INFO - [G] line not found
INFO - [G] file not found: main.lua: No such file or directory
INFO - [G] file not found: main.lua: No such file or directory
INFO - [G] 2025-10-08 01:03:13 :: ERROR :: StackTrace :: Oops! The game crashed
tag.lua:513: attempt to index a nil value
Stack Traceback
===============
(1) Lua upvalue 'orig' at file 'main.lua:612'
	Local variables:
	 msg = string: "tag.lua:513: attempt to index a nil value"
	 (*temporary) = Lua function '?' (defined at line 31 of chunk [SMODS _ "src/logging.lua"])
	 (*temporary) = string: "Oops! The game crashed\
"
(2) Lua local 'handler' at file 'debugplus/console.lua:606' (from lovely module debugplus.console)
	Local variables:
	 msg = string: "tag.lua:513: attempt to index a nil value"
(3) LÖVE metamethod at file 'boot.lua:352'
	Local variables:
	 errhand = Lua function '(LÖVE Function)' (defined at line 605 of chunk [lovely debugplus.console "debugplus/console.lua"])
	 handler = Lua function '(LÖVE Function)' (defined at line 605 of chunk [lovely debugplus.console "debugplus/console.lua"])
(4) Lua method 'generate_UI' at file 'tag.lua:513'
	Local variables:
	 self = table: 0x01717bb0  {ability:table: 0x0121b6f8, pos:table: 0x0114d3d0, ID:2, tally:2, key:UNAVAILABLE, triggered:false, name:Not Discovered, config:table: 0x01717c10 (more...)}
	 _size = number: 0.8
	 tag_sprite_tab = nil
	 (*temporary) = table: 0x00db3308  {reset:function: 0x00db33f0, draw_shader:function: 0x00db3350, define_draw_steps:function: 0x00db3330, remove:function: 0x00dafc90, draw_self:function: 0x00db3370 (more...)}
	 (*temporary) = number: 0
	 (*temporary) = number: 0
	 (*temporary) = number: 0.8
	 (*temporary) = number: 0.8
	 (*temporary) = table: 0x00e1b170  {stickers:table: 0x014bfc88, DebugPlus_modicon:table: 0x011bae38, collab_CL_2:table: 0x014c1668, collab_FO_2:table: 0x014c2868, icons:table: 0x014bfa48 (more...)}
	 (*temporary) = nil
	 (*temporary) = string: "UNAVAILABLE"
	 (*temporary) = string: "attempt to index a nil value"
(5) Lua global 'add_tag' at file 'functions/UI_definitions.lua:1387'
	Local variables:
	 _tag = table: 0x01717bb0  {ability:table: 0x0121b6f8, pos:table: 0x0114d3d0, ID:2, tally:2, key:UNAVAILABLE, triggered:false, name:Not Discovered, config:table: 0x01717c10 (more...)}
(6) Lua method 'calculate' at file 'superautojokers_main.lua:1011' (from mod with id SuperAutoJokers)
	Local variables:
	 self = table: 0x01497dd8  {alerted:true, loc_vars:function: 0x01498158, _saved_d_u:true, original_key:hippojoker, mod:table: 0x01480538, registered:true, rarity:2, cost:5 (more...)}
	 card = table: 0x0122a180  {click_offset:table: 0x01a41e98, static_rotation:false, ambient_tilt:0.2, parent:table: 0x010a7e60, T:table: 0x019774a8, last_aligned:-1, extra_cost:0 (more...)}
	 context = table: 0x014da108  {main_eval:true, blind:table: 0x01149e20, cardarea:table: 0x010a7e60, setting_blind:true}
	 tag = string: "UNAVAILABLE"
(7) Lua method 'calculate_joker' at file 'card.lua:2555'
	Local variables:
	 self = table: 0x0122a180  {click_offset:table: 0x01a41e98, static_rotation:false, ambient_tilt:0.2, parent:table: 0x010a7e60, T:table: 0x019774a8, last_aligned:-1, extra_cost:0 (more...)}
	 context = table: 0x014da108  {main_eval:true, blind:table: 0x01149e20, cardarea:table: 0x010a7e60, setting_blind:true}
	 obj = table: 0x01497dd8  {alerted:true, loc_vars:function: 0x01498158, _saved_d_u:true, original_key:hippojoker, mod:table: 0x01480538, registered:true, rarity:2, cost:5 (more...)}
(8) Lua global 'eval_card' at file 'functions/common_events.lua:722'
	Local variables:
	 card = table: 0x0122a180  {click_offset:table: 0x01a41e98, static_rotation:false, ambient_tilt:0.2, parent:table: 0x010a7e60, T:table: 0x019774a8, last_aligned:-1, extra_cost:0 (more...)}
	 context = table: 0x014da108  {main_eval:true, blind:table: 0x01149e20, cardarea:table: 0x010a7e60, setting_blind:true}
	 ret = table: 0x014da290  {}
	 post_trig = table: 0x014da2b8  {}
	 areas = table: 0x014da2e0  {1:table: 0x010a7e60, 2:table: 0x0147ec60, 3:table: 0x0147be60}
	 area_set = table: 0x016f7658  {table: 0x0147ec60:true, table: 0x010a7e60:true, table: 0x0147be60:true}
(9) Lua field 'calculate_card_areas' at Steamodded file 'src/utils.lua:1720' 
	Local variables:
	 _type = string: "jokers"
	 context = table: 0x014da108  {main_eval:true, blind:table: 0x01149e20, cardarea:table: 0x010a7e60, setting_blind:true}
	 return_table = nil
	 args = table: 0x014da1f8  {joker_area:true}
	 flags = table: 0x014da220  {}
	 (for generator) = C function: builtin#6
	 (for state) = table: 0x014da248  {1:table: 0x010a7e60, 2:table: 0x0147ec60, 3:table: 0x0147be60}
	 (for control) = number: 1
	 _ = number: 1
	 area = table: 0x010a7e60  {click_offset:table: 0x0123d148, static_rotation:false, shuffle_amt:0, T:table: 0x0123d120, offset:table: 0x015c3cf0, role:table: 0x015a58b8, last_aligned:-1 (more...)}
	 (for generator) = C function: builtin#6
	 (for state) = table: 0x01607120  {1:table: 0x0122a180}
	 (for control) = number: 1
	 _ = number: 1
	 _card = table: 0x0122a180  {click_offset:table: 0x01a41e98, static_rotation:false, ambient_tilt:0.2, parent:table: 0x010a7e60, T:table: 0x019774a8, last_aligned:-1, extra_cost:0 (more...)}
(10) Lua field 'calculate_context' at Steamodded file 'src/utils.lua:1836' 
	Local variables:
	 context = table: 0x014da108  {main_eval:true, blind:table: 0x01149e20, cardarea:table: 0x010a7e60, setting_blind:true}
	 return_table = nil
	 no_resolve = nil
	 has_area = nil
	 flags = table: 0x014da168  {}
	 (*temporary) = number: 1
(11) Lua field 'func' at file 'functions/state_events.lua:276'
	Local variables:
	 blhash = string: "S"
(12) Lua method 'handle' at file 'engine/event.lua:99'
	Local variables:
	 self = table: 0x0171f310  {start_timer:true, timer:TOTAL, blockable:true, trigger:immediate, func:function: 0x016a1290, delay:0, complete:false, time:23.539094631105, blocking:true (more...)}
	 _results = table: 0x01787d30  {blocking:true, pause_skip:false, time_done:false, completed:false}
(13) Lua method 'update' at file 'engine/event.lua:182'
	Local variables:
	 self = table: 0x01393140  {queue_last_processed:15.266666666667, queues:table: 0x01393168, queue_dt:0.016666666666667, queue_timer:15.404756113971}
	 dt = number: 0.016727
	 forced = nil
	 (for generator) = C function: next
	 (for state) = table: 0x01393168  {unlock:table: 0x01393258, other:table: 0x013932f8, tutorial:table: 0x013932a8, base:table: 0x01393280, achievement:table: 0x013932d0}
	 (for control) = number: nan
	 k = string: "base"
	 v = table: 0x01393280  {1:table: 0x01851aa0, 2:table: 0x0171f310, 3:table: 0x019ddb60, 4:table: 0x014ad5e0, 5:table: 0x0103ffb8, 6:table: 0x01040008, 7:table: 0x00eb24a8 (more...)}
	 blocked = boolean: false
	 i = number: 2
	 results = table: 0x01787d30  {blocking:true, pause_skip:false, time_done:false, completed:false}
(14) Lua upvalue 'gameUpdateRef' at file 'game.lua:2552'
	Local variables:
	 self = table: 0x00e166f8  {F_GUIDE:false, F_CRASH_REPORTS:false, F_QUIT_BUTTON:true, HUD_tags:table: 0x016fffe8, F_ENGLISH_ONLY:false, viewed_stake:1, HUD:table: 0x01777a48 (more...)}
	 dt = number: 0.016727
	 http_resp = nil
(15) Lua method 'update' at Steamodded file 'src/ui.lua:84' 
	Local variables:
	 self = table: 0x00e166f8  {F_GUIDE:false, F_CRASH_REPORTS:false, F_QUIT_BUTTON:true, HUD_tags:table: 0x016fffe8, F_ENGLISH_ONLY:false, viewed_stake:1, HUD:table: 0x01777a48 (more...)}
	 dt = number: 0.016727
(16) Lua field 'update' at file 'main.lua:999'
	Local variables:
	 dt = number: 0.016727
(17) Lua function '?' at file 'main.lua:938' (best guess)
(18) global C function 'xpcall'
(19) LÖVE function at file 'boot.lua:377' (best guess)
	Local variables:
	 func = Lua function '?' (defined at line 909 of chunk main.lua)
	 inerror = boolean: true
	 deferErrhand = Lua function '(LÖVE Function)' (defined at line 348 of chunk [love "boot.lua"])
	 earlyinit = Lua function '(LÖVE Function)' (defined at line 355 of chunk [love "boot.lua"])
 
INFO - [G] file not found: main.lua: No such file or directory
INFO - [G] file not found: main.lua: No such file or directory
INFO - [G] 2025-10-08 01:03:13 :: INFO  :: StackTrace :: Additional Context:
Balatro Version: 1.0.1o-FULL
Modded Version: 1.0.0~BETA-0711a-STEAMODDED
LÖVE Version: 11.5.0
Lovely Version: 0.8.0
Platform: Windows
Steamodded Mods:
    1: Super Auto Jokers by Equi [ID: SuperAutoJokers, Version: 1.0.0]
    2: DebugPlus by WilsontheWolf [ID: DebugPlus, Version: 1.5.1, Uses Lovely]
Lovely Mods: 
