INFO - [♥] Lovely 0.8.0
INFO - [♥] Game directory is at "C:\\Program Files (x86)\\Steam\\steamapps\\common\\Balatro"
INFO - [♥] Writing logs to "C:\\Users\\PC\\AppData\\Roaming\\Balatro\\Mods\\lovely\\log"
INFO - [♥] Using mod directory at "C:\\Users\\PC\\AppData\\Roaming\\Balatro\\Mods"
INFO - [♥] Cleaning up dumps directory at "C:\\Users\\PC\\AppData\\Roaming\\Balatro\\Mods\\lovely\\dump"
INFO - [♥] Initialization complete in 89ms
INFO - [♥] Applied 1 patch to 'conf.lua'
INFO - [♥] Applied 11 patches to 'main.lua'
INFO - [♥] Applied 10 patches to 'engine/controller.lua'
INFO - [♥] Applied 15 patches to 'back.lua'
INFO - [♥] Applied 7 patches to 'tag.lua'
INFO - [♥] Applied 2 patches to 'engine/moveable.lua'
INFO - [♥] Applied 2 patches to 'engine/sprite.lua'
INFO - [♥] Applied 2 patches to 'engine/animatedsprite.lua'
INFO - [♥] Applied 67 patches to 'functions/misc_functions.lua'
INFO - [♥] Applied 40 patches to 'game.lua'
INFO - [♥] Applied 1 patch to 'globals.lua'
INFO - [♥] Applied 5 patches to 'engine/ui.lua'
INFO - [♥] Applied 95 patches to 'functions/UI_definitions.lua'
INFO - [♥] Applied 49 patches to 'functions/state_events.lua'
INFO - [♥] Applied 117 patches to 'functions/common_events.lua'
INFO - [♥] Applied 51 patches to 'functions/button_callbacks.lua'
INFO - [♥] Applied 186 patches to 'card.lua'
INFO - [♥] Applied 10 patches to 'cardarea.lua'
INFO - [♥] Applied 37 patches to 'blind.lua'
INFO - [♥] Applied 2 patches to 'engine/text.lua'
INFO - [G] Failed to connect to the debug server 
INFO - [G] 2025-10-07 11:37:22 :: DEBUG :: DebugConsole :: Steamodded Debug Socket started ! 
INFO - [G] 2025-10-07 11:37:22 :: INFO  :: SMODS :: Steamodded v1.0.0~BETA-0711a 
INFO - [♥] Applied 9 patches to 'engine/sound_manager.lua'
INFO - [♥] Applied 1 patch to 'engine/save_manager.lua'
INFO - [G] 2025-10-07 11:37:26 :: INFO  :: Loader :: Valid JSON file found 
INFO - [G] 2025-10-07 11:37:26 :: INFO  :: Loader :: Valid JSON file found 
INFO - [G] 2025-10-07 11:37:26 :: INFO  :: TIMER :: [0000] Injected Fonts in 0.001 ms 
INFO - [G] 2025-10-07 11:37:26 :: INFO  :: TIMER :: [0000] Injected Language in 0.002 ms 
INFO - [G] 2025-10-07 11:37:26 :: INFO  :: TIMER :: [0000] Injected [INTERNAL] in 2.269 ms 
INFO - [G] 2025-10-07 11:37:26 :: INFO  :: TIMER :: [0004] Injected Atlas in 452.876 ms 
INFO - [G] 2025-10-07 11:37:26 :: INFO  :: TIMER :: [0001] Injected Sound in 0.368 ms 
INFO - [G] 2025-10-07 11:37:26 :: INFO  :: TIMER :: [0008] Injected Stake in 0.182 ms 
INFO - [G] 2025-10-07 11:37:26 :: INFO  :: TIMER :: [0005] Injected Rarity in 0.420 ms 
INFO - [G] 2025-10-07 11:37:26 :: INFO  :: TIMER :: [0005] Injected ObjectType in 0.302 ms 
INFO - [G] 2025-10-07 11:37:27 :: INFO  :: TIMER :: [0103] Injected Center in 2.074 ms 
INFO - [G] 2025-10-07 11:37:27 :: INFO  :: TIMER :: [0007] Injected Undiscovered Sprite in 0.048 ms 
INFO - [G] 2025-10-07 11:37:27 :: INFO  :: TIMER :: [0002] Injected Blind in 0.028 ms 
INFO - [G] 2025-10-07 11:37:27 :: INFO  :: TIMER :: [0004] Injected Seal in 0.195 ms 
INFO - [G] 2025-10-07 11:37:27 :: INFO  :: TIMER :: [0004] Injected Suit in 0.093 ms 
INFO - [G] 2025-10-07 11:37:27 :: INFO  :: TIMER :: [0013] Injected Rank in 0.145 ms 
INFO - [G] 2025-10-07 11:37:27 :: INFO  :: TIMER :: [0028] Injected DeckSkin in 0.310 ms 
INFO - [G] 2025-10-07 11:37:27 :: INFO  :: TIMER :: [0012] Injected PokerHand in 0.068 ms 
INFO - [G] 2025-10-07 11:37:27 :: INFO  :: TIMER :: [0020] Injected Challenge in 0.054 ms 
INFO - [G] 2025-10-07 11:37:27 :: INFO  :: TIMER :: [0000] Injected Tag in 0.023 ms 
INFO - [G] 2025-10-07 11:37:27 :: INFO  :: TIMER :: [0004] Injected Sticker in 0.724 ms 
INFO - [G] 2025-10-07 11:37:27 :: INFO  :: TIMER :: [0000] Injected Shader in 0.002 ms 
INFO - [G] 2025-10-07 11:37:27 :: INFO  :: TIMER :: [0002] Injected Keybind in 0.024 ms 
INFO - [G] 2025-10-07 11:37:27 :: INFO  :: TIMER :: [0000] Injected Achievement in 0.082 ms 
INFO - [G] 2025-10-07 11:37:27 :: INFO  :: TIMER :: [0002] Injected nil in 0.023 ms 
INFO - [G] 2025-10-07 11:37:27 :: INFO  :: TIMER :: [0021] Injected Draw Step in 0.204 ms 
INFO - [G] 2025-10-07 11:37:27 :: INFO  :: TIMER :: [0000] Injected [INTERNAL] in 1.170 ms 
INFO - [G] [DebugPlus] Press [/] to toggle console and press [shift] + [/] to toggle new log previews 
INFO - [G] line not found
INFO - [G] file not found: functions/misc_functions.lua: No such file or directory
INFO - [G] file not found: main.lua: No such file or directory
INFO - [G] file not found: main.lua: No such file or directory
INFO - [G] 2025-10-07 11:37:41 :: ERROR :: StackTrace :: Oops! The game crashed
[SMODS _ "src/utils.lua"]:1252: attempt to perform arithmetic on local 'amount' (a table value)
Stack Traceback
===============
(1) Lua upvalue 'orig' at file 'main.lua:612'
	Local variables:
	 msg = string: "[SMODS _ \"src/utils.lua\"]:1252: attempt to perform arithmetic on local 'amount' (a table value)"
	 (*temporary) = Lua function '?' (defined at line 31 of chunk [SMODS _ "src/logging.lua"])
	 (*temporary) = string: "Oops! The game crashed\
"
(2) Lua local 'handler' at file 'debugplus/console.lua:606' (from lovely module debugplus.console)
	Local variables:
	 msg = string: "[SMODS _ \"src/utils.lua\"]:1252: attempt to perform arithmetic on local 'amount' (a table value)"
(3) LÖVE metamethod at file 'boot.lua:352'
	Local variables:
	 errhand = Lua function '(LÖVE Function)' (defined at line 605 of chunk [lovely debugplus.console "debugplus/console.lua"])
	 handler = Lua function '(LÖVE Function)' (defined at line 605 of chunk [lovely debugplus.console "debugplus/console.lua"])
(4) Lua field 'calculate_individual_effect' at Steamodded file 'src/utils.lua:1252' 
	Local variables:
	 effect = table: 0x29812010  {juice_card:table: 0x29e712b8, message_card:table: 0x2924b250, mult:table: 0x29e76b78, card:table: 0x29e712b8}
	 scored_card = table: 0x2924b250  {role:table: 0x292227c0, zoom:true, click_offset:table: 0x2929eda0, under_overlay:false, children:table: 0x28fc4960, ambient_tilt:0.2, parent:table: 0x298a5a58 (more...)}
	 key = string: "mult"
	 amount = table: 0x29e76b78  {mult:4}
	 from_edition = boolean: false
	 (*temporary) = Lua function '?' (defined at line 750 of chunk functions/misc_functions.lua)
	 (*temporary) = number: 2
	 (*temporary) = number: 9.16946e-111
	 (*temporary) = table: 0x293e22b0  {queue_last_processed:13.283333333334, queues:table: 0x293e22d8, queue_dt:0.016666666666667, queue_timer:13.874243001684}
	 (*temporary) = table: 0x29796498  {start_timer:false, timer:TOTAL, blockable:true, trigger:immediate, func:function: 0x2921c430, delay:0, complete:false, time:32.998254517568, blocking:true (more...)}
	 (*temporary) = string: "base"
	 (*temporary) = nil
	 (*temporary) = table: 0x293e23f0  {1:table: 0x29260e98, 2:table: 0x2928ca58, 3:table: 0x291c7d30, 4:table: 0x291c6750, 5:table: 0x29ee1098, 6:table: 0x29ee9590, 7:table: 0x29ee9608 (more...)}
	 (*temporary) = number: 15
	 (*temporary) = table: 0x28f81f00  {handle:function: 0x28f8b248, __index:table: 0x28f81f00, init:function: 0x28f81f28, __call:function: 0x28f49e80, super:table: 0x28f49f88}
	 (*temporary) = string: "attempt to perform arithmetic on local 'amount' (a table value)"
(5) Lua field 'calculate_effect' at Steamodded file 'src/utils.lua:1506' 
	Local variables:
	 effect = table: 0x29812010  {juice_card:table: 0x29e712b8, message_card:table: 0x2924b250, mult:table: 0x29e76b78, card:table: 0x29e712b8}
	 scored_card = table: 0x2924b250  {role:table: 0x292227c0, zoom:true, click_offset:table: 0x2929eda0, under_overlay:false, children:table: 0x28fc4960, ambient_tilt:0.2, parent:table: 0x298a5a58 (more...)}
	 from_edition = boolean: false
	 pre_jokers = nil
	 ret = table: 0x297a91a8  {}
	 (for generator) = C function: builtin#6
	 (for state) = table: 0x29321358  {1:chips, 2:h_chips, 3:chip_mod, 4:mult, 5:h_mult, 6:mult_mod, 7:x_chips, 8:xchips, 9:Xchip_mod, 10:x_mult, 11:Xmult, 12:xmult, 13:x_mult_mod (more...)}
	 (for control) = number: 4
	 _ = number: 4
	 key = string: "mult"
(6) Lua field 'calculate_effect_table_key' at Steamodded file 'src/utils.lua:1489' 
	Local variables:
	 effect_table = table: 0x297e2f00  {jokers:table: 0x29812010}
	 key = string: "jokers"
	 card = table: 0x2924b250  {role:table: 0x292227c0, zoom:true, click_offset:table: 0x2929eda0, under_overlay:false, children:table: 0x28fc4960, ambient_tilt:0.2, parent:table: 0x298a5a58 (more...)}
	 ret = table: 0x29849450  {calculated:true}
	 effect = table: 0x29812010  {juice_card:table: 0x29e712b8, message_card:table: 0x2924b250, mult:table: 0x29e76b78, card:table: 0x29e712b8}
(7) Lua field 'trigger_effects' at Steamodded file 'src/utils.lua:1467' 
	Local variables:
	 effects = table: 0x297a6fd8  {1:table: 0x297b3e48, 2:table: 0x297d1c58, 3:table: 0x297e2f00, 4:table: 0x29625cd8, 5:table: 0x2967c908}
	 card = table: 0x2924b250  {role:table: 0x292227c0, zoom:true, click_offset:table: 0x2929eda0, under_overlay:false, children:table: 0x28fc4960, ambient_tilt:0.2, parent:table: 0x298a5a58 (more...)}
	 ret = table: 0x29849450  {calculated:true}
	 (for generator) = C function: builtin#6
	 (for state) = table: 0x297a6fd8  {1:table: 0x297b3e48, 2:table: 0x297d1c58, 3:table: 0x297e2f00, 4:table: 0x29625cd8, 5:table: 0x2967c908}
	 (for control) = number: 3
	 _ = number: 3
	 effect_table = table: 0x297e2f00  {jokers:table: 0x29812010}
	 (for generator) = C function: builtin#6
	 (for state) = table: 0x29164240  {1:jokers, 2:retriggers}
	 (for control) = number: 1
	 _ = number: 1
	 key = string: "jokers"
(8) Lua field 'score_card' at Steamodded file 'src/utils.lua:1884' 
	Local variables:
	 card = table: 0x2924b250  {role:table: 0x292227c0, zoom:true, click_offset:table: 0x2929eda0, under_overlay:false, children:table: 0x28fc4960, ambient_tilt:0.2, parent:table: 0x298a5a58 (more...)}
	 context = table: 0x29805d58  {other_card:table: 0x2924b250, poker_hands:table: 0x29ee10c0, individual:true, scoring_name:Pair, scoring_hand:table: 0x29ee6b10, full_hand:table: 0x293d7e10 (more...)}
	 reps = table: 0x2977de70  {1:1}
	 j = number: 1
	 effects = table: 0x297a6fd8  {1:table: 0x297b3e48, 2:table: 0x297d1c58, 3:table: 0x297e2f00, 4:table: 0x29625cd8, 5:table: 0x2967c908}
(9) Lua field 'calculate_main_scoring' at Steamodded file 'src/utils.lua:1924' 
	Local variables:
	 context = table: 0x29805d58  {other_card:table: 0x2924b250, poker_hands:table: 0x29ee10c0, individual:true, scoring_name:Pair, scoring_hand:table: 0x29ee6b10, full_hand:table: 0x293d7e10 (more...)}
	 scoring_hand = table: 0x29ee6b10  {1:table: 0x2924b250, 2:table: 0x2990c9c8}
	 (for generator) = C function: builtin#6
	 (for state) = table: 0x293d7e10  {1:table: 0x2924b250, 2:table: 0x2990c9c8, 3:table: 0x298e66f8, 4:table: 0x292f44c0, 5:table: 0x2942be80}
	 (for control) = number: 1
	 _ = number: 1
	 card = table: 0x2924b250  {role:table: 0x292227c0, zoom:true, click_offset:table: 0x2929eda0, under_overlay:false, children:table: 0x28fc4960, ambient_tilt:0.2, parent:table: 0x298a5a58 (more...)}
	 in_scoring = boolean: true
(10) Lua field 'evaluate_play' at file 'functions/state_events.lua:614'
	Local variables:
	 e = nil
	 text = string: "Pair"
	 disp_text = string: "Pair"
	 poker_hands = table: 0x29ee10c0  {Flush House:table: 0x29ee6138, Full House:table: 0x29ee6160, top:table: 0x29ee61d8, Flush:table: 0x29ee2178, Pair:table: 0x29ee3b90, Four of a Kind:table: 0x29ee5490 (more...)}
	 scoring_hand = table: 0x29ee6b10  {1:table: 0x2924b250, 2:table: 0x2990c9c8}
	 non_loc_disp_text = string: "Pair"
	 final_scoring_hand = table: 0x29ee6b10  {1:table: 0x2924b250, 2:table: 0x2990c9c8}
	 hand_text_set = boolean: false
	 modded = nil
	 (for generator) = C function: builtin#6
	 (for state) = table: 0x29805d30  {1:table: 0x298a5a58, 2:table: 0x29858708}
	 (for control) = number: 1
	 _ = number: 1
	 v = table: 0x298a5a58  {click_offset:table: 0x295c6ff0, static_rotation:false, shuffle_amt:0, T:table: 0x29690638, offset:table: 0x29648fa8, role:table: 0x2972eba8, last_aligned:-1 (more...)}
(11) Lua field 'func' at file 'functions/state_events.lua:482'
(12) Lua method 'handle' at file 'engine/event.lua:99'
	Local variables:
	 self = table: 0x2928ca58  {start_timer:true, timer:TOTAL, blockable:true, trigger:immediate, func:function: 0x29647e60, delay:0, complete:false, time:32.998254517568, blocking:true (more...)}
	 _results = table: 0x29961690  {blocking:true, pause_skip:false, time_done:false, completed:false}
(13) Lua method 'update' at file 'engine/event.lua:182'
	Local variables:
	 self = table: 0x293e22b0  {queue_last_processed:13.283333333334, queues:table: 0x293e22d8, queue_dt:0.016666666666667, queue_timer:13.874243001684}
	 dt = number: 0.0166269
	 forced = nil
	 (for generator) = C function: next
	 (for state) = table: 0x293e22d8  {unlock:table: 0x293e23c8, other:table: 0x293e2468, tutorial:table: 0x293e2418, base:table: 0x293e23f0, achievement:table: 0x293e2440}
	 (for control) = number: nan
	 k = string: "base"
	 v = table: 0x293e23f0  {1:table: 0x29260e98, 2:table: 0x2928ca58, 3:table: 0x291c7d30, 4:table: 0x291c6750, 5:table: 0x29ee1098, 6:table: 0x29ee9590, 7:table: 0x29ee9608 (more...)}
	 blocked = boolean: false
	 i = number: 2
	 results = table: 0x29961690  {blocking:true, pause_skip:false, time_done:false, completed:false}
(14) Lua upvalue 'gameUpdateRef' at file 'game.lua:2552'
	Local variables:
	 self = table: 0x28ffeec8  {F_GUIDE:false, F_CRASH_REPORTS:false, F_QUIT_BUTTON:true, HUD_tags:table: 0x292e6a10, F_ENGLISH_ONLY:false, viewed_stake:1, HUD:table: 0x29721a08 (more...)}
	 dt = number: 0.0166269
	 http_resp = nil
(15) Lua method 'update' at Steamodded file 'src/ui.lua:84' 
	Local variables:
	 self = table: 0x28ffeec8  {F_GUIDE:false, F_CRASH_REPORTS:false, F_QUIT_BUTTON:true, HUD_tags:table: 0x292e6a10, F_ENGLISH_ONLY:false, viewed_stake:1, HUD:table: 0x29721a08 (more...)}
	 dt = number: 0.0166269
(16) Lua field 'update' at file 'main.lua:999'
	Local variables:
	 dt = number: 0.0166269
(17) Lua function '?' at file 'main.lua:938' (best guess)
(18) global C function 'xpcall'
(19) LÖVE function at file 'boot.lua:377' (best guess)
	Local variables:
	 func = Lua function '?' (defined at line 909 of chunk main.lua)
	 inerror = boolean: true
	 deferErrhand = Lua function '(LÖVE Function)' (defined at line 348 of chunk [love "boot.lua"])
	 earlyinit = Lua function '(LÖVE Function)' (defined at line 355 of chunk [love "boot.lua"])
 
INFO - [G] file not found: functions/misc_functions.lua: No such file or directory
INFO - [G] file not found: main.lua: No such file or directory
INFO - [G] file not found: main.lua: No such file or directory
INFO - [G] 2025-10-07 11:37:41 :: INFO  :: StackTrace :: Additional Context:
Balatro Version: 1.0.1o-FULL
Modded Version: 1.0.0~BETA-0711a-STEAMODDED
LÖVE Version: 11.5.0
Lovely Version: 0.8.0
Platform: Windows
Steamodded Mods:
    1: Super Auto Jokers by Equi [ID: SuperAutoJokers, Version: 1.0.0]
    2: DebugPlus by WilsontheWolf [ID: DebugPlus, Version: 1.5.1, Uses Lovely]
Lovely Mods: 
