INFO - [♥] Lovely 0.8.0
INFO - [♥] Game directory is at "C:\\Program Files (x86)\\Steam\\steamapps\\common\\Balatro"
INFO - [♥] Writing logs to "C:\\Users\\PC\\AppData\\Roaming\\Balatro\\Mods\\lovely\\log"
INFO - [♥] Using mod directory at "C:\\Users\\PC\\AppData\\Roaming\\Balatro\\Mods"
INFO - [♥] Cleaning up dumps directory at "C:\\Users\\PC\\AppData\\Roaming\\Balatro\\Mods\\lovely\\dump"
INFO - [♥] Initialization complete in 64ms
INFO - [♥] Applied 1 patch to 'conf.lua'
INFO - [♥] Applied 11 patches to 'main.lua'
INFO - [♥] Applied 10 patches to 'engine/controller.lua'
INFO - [♥] Applied 15 patches to 'back.lua'
INFO - [♥] Applied 7 patches to 'tag.lua'
INFO - [♥] Applied 2 patches to 'engine/moveable.lua'
INFO - [♥] Applied 2 patches to 'engine/sprite.lua'
INFO - [♥] Applied 2 patches to 'engine/animatedsprite.lua'
INFO - [♥] Applied 67 patches to 'functions/misc_functions.lua'
INFO - [♥] Applied 40 patches to 'game.lua'
INFO - [♥] Applied 1 patch to 'globals.lua'
INFO - [♥] Applied 5 patches to 'engine/ui.lua'
INFO - [♥] Applied 95 patches to 'functions/UI_definitions.lua'
INFO - [♥] Applied 49 patches to 'functions/state_events.lua'
INFO - [♥] Applied 117 patches to 'functions/common_events.lua'
INFO - [♥] Applied 51 patches to 'functions/button_callbacks.lua'
INFO - [♥] Applied 186 patches to 'card.lua'
INFO - [♥] Applied 10 patches to 'cardarea.lua'
INFO - [♥] Applied 37 patches to 'blind.lua'
INFO - [♥] Applied 2 patches to 'engine/text.lua'
INFO - [G] Failed to connect to the debug server 
INFO - [G] 2025-09-25 20:49:07 :: DEBUG :: DebugConsole :: Steamodded Debug Socket started ! 
INFO - [G] 2025-09-25 20:49:07 :: INFO  :: SMODS :: Steamodded v1.0.0~BETA-0711a 
INFO - [♥] Applied 9 patches to 'engine/sound_manager.lua'
INFO - [♥] Applied 1 patch to 'engine/save_manager.lua'
INFO - [G] 2025-09-25 20:49:10 :: INFO  :: Loader :: Valid JSON file found 
INFO - [G] 2025-09-25 20:49:10 :: INFO  :: Loader :: Valid JSON file found 
INFO - [G] 2025-09-25 20:49:10 :: WARN  :: Joker :: Cannot take ownership of j_mail-in_rebate: Does not exist. 
INFO - [G] 2025-09-25 20:49:10 :: WARN  :: Joker :: Cannot take ownership of j_the_idol: Does not exist. 
INFO - [G] 2025-09-25 20:49:10 :: INFO  :: TIMER :: [0000] Injected Fonts in 0.002 ms 
INFO - [G] 2025-09-25 20:49:10 :: INFO  :: TIMER :: [0000] Injected Language in 0.001 ms 
INFO - [G] 2025-09-25 20:49:10 :: INFO  :: TIMER :: [0000] Injected [INTERNAL] in 2.643 ms 
INFO - [G] 2025-09-25 20:49:10 :: INFO  :: TIMER :: [0003] Injected Atlas in 394.977 ms 
INFO - [G] 2025-09-25 20:49:10 :: INFO  :: TIMER :: [0001] Injected Sound in 0.888 ms 
INFO - [G] 2025-09-25 20:49:10 :: INFO  :: TIMER :: [0008] Injected Stake in 0.180 ms 
INFO - [G] 2025-09-25 20:49:10 :: INFO  :: TIMER :: [0004] Injected Rarity in 0.072 ms 
INFO - [G] 2025-09-25 20:49:10 :: INFO  :: TIMER :: [0004] Injected ObjectType in 0.170 ms 
INFO - [G] 2025-09-25 20:49:10 :: INFO  :: TIMER :: [0075] Injected Center in 1.239 ms 
INFO - [G] 2025-09-25 20:49:10 :: INFO  :: TIMER :: [0007] Injected Undiscovered Sprite in 0.051 ms 
INFO - [G] 2025-09-25 20:49:10 :: INFO  :: TIMER :: [0002] Injected Blind in 0.029 ms 
INFO - [G] 2025-09-25 20:49:10 :: INFO  :: TIMER :: [0004] Injected Seal in 0.167 ms 
INFO - [G] 2025-09-25 20:49:10 :: INFO  :: TIMER :: [0004] Injected Suit in 0.115 ms 
INFO - [G] 2025-09-25 20:49:10 :: INFO  :: TIMER :: [0013] Injected Rank in 0.148 ms 
INFO - [G] 2025-09-25 20:49:10 :: INFO  :: TIMER :: [0028] Injected DeckSkin in 0.310 ms 
INFO - [G] 2025-09-25 20:49:11 :: INFO  :: TIMER :: [0012] Injected PokerHand in 0.071 ms 
INFO - [G] 2025-09-25 20:49:11 :: INFO  :: TIMER :: [0020] Injected Challenge in 0.056 ms 
INFO - [G] 2025-09-25 20:49:11 :: INFO  :: TIMER :: [0000] Injected Tag in 0.002 ms 
INFO - [G] 2025-09-25 20:49:11 :: INFO  :: TIMER :: [0004] Injected Sticker in 0.110 ms 
INFO - [G] 2025-09-25 20:49:11 :: INFO  :: TIMER :: [0000] Injected Shader in 0.002 ms 
INFO - [G] 2025-09-25 20:49:11 :: INFO  :: TIMER :: [0002] Injected Keybind in 0.022 ms 
INFO - [G] 2025-09-25 20:49:11 :: INFO  :: TIMER :: [0000] Injected Achievement in 0.086 ms 
INFO - [G] 2025-09-25 20:49:11 :: INFO  :: TIMER :: [0002] Injected nil in 0.023 ms 
INFO - [G] 2025-09-25 20:49:11 :: INFO  :: TIMER :: [0021] Injected Draw Step in 0.097 ms 
INFO - [G] 2025-09-25 20:49:11 :: INFO  :: TIMER :: [0000] Injected [INTERNAL] in 1.228 ms 
INFO - [G] [DebugPlus] Press [/] to toggle console and press [shift] + [/] to toggle new log previews 
INFO - [G] line not found
INFO - [G] file not found: main.lua: No such file or directory
INFO - [G] file not found: main.lua: No such file or directory
INFO - [G] 2025-09-25 20:49:24 :: ERROR :: StackTrace :: Oops! The game crashed
[SMODS SuperAutoJokers "superautojokers_main.lua"]:102: attempt to call method 'getid' (a nil value)
Stack Traceback
===============
(1) Lua upvalue 'orig' at file 'main.lua:612'
	Local variables:
	 msg = string: "[SMODS SuperAutoJokers \"superautojokers_main.lua\"]:102: attempt to call method 'getid' (a nil value)"
	 (*temporary) = Lua function '?' (defined at line 31 of chunk [SMODS _ "src/logging.lua"])
	 (*temporary) = string: "Oops! The game crashed\
"
(2) Lua local 'handler' at file 'debugplus/console.lua:606' (from lovely module debugplus.console)
	Local variables:
	 msg = string: "[SMODS SuperAutoJokers \"superautojokers_main.lua\"]:102: attempt to call method 'getid' (a nil value)"
(3) LÖVE method at file 'boot.lua:352'
	Local variables:
	 errhand = Lua function '(LÖVE Function)' (defined at line 605 of chunk [lovely debugplus.console "debugplus/console.lua"])
	 handler = Lua function '(LÖVE Function)' (defined at line 605 of chunk [lovely debugplus.console "debugplus/console.lua"])
(4) Lua method 'calculate' at file 'superautojokers_main.lua:102' (from mod with id SuperAutoJokers)
	Local variables:
	 self = table: 0x30255f50  {alerted:true, loc_vars:function: 0x30256148, _saved_d_u:true, original_key:pigjoker, mod:table: 0x301c43c8, registered:true, rarity:1, cost:3 (more...)}
	 card = table: 0x2fc2bea0  {click_offset:table: 0x2fb1f810, under_overlay:false, children:table: 0x301051f8, ambient_tilt:0.2, parent:table: 0x302a0808, pinch:table: 0x302d3c18 (more...)}
	 context = table: 0x3096b018  {other_card:table: 0x30133b78, poker_hands:table: 0x306fd358, individual:true, scoring_name:Straight, scoring_hand:table: 0x309751f0, full_hand:table: 0x3031bdd8 (more...)}
	 (*temporary) = nil
	 (*temporary) = table: 0x30133b78  {click_offset:table: 0x30432bd8, children:table: 0x3013bb78, ambient_tilt:0.2, parent:table: 0x2fe4d210, highlighted:false, T:table: 0x30432a20 (more...)}
	 (*temporary) = nil
	 (*temporary) = string: "attempt to call method 'getid' (a nil value)"
(5) Lua method 'calculate_joker' at file 'card.lua:2555'
	Local variables:
	 self = table: 0x2fc2bea0  {click_offset:table: 0x2fb1f810, under_overlay:false, children:table: 0x301051f8, ambient_tilt:0.2, parent:table: 0x302a0808, pinch:table: 0x302d3c18 (more...)}
	 context = table: 0x3096b018  {other_card:table: 0x30133b78, poker_hands:table: 0x306fd358, individual:true, scoring_name:Straight, scoring_hand:table: 0x309751f0, full_hand:table: 0x3031bdd8 (more...)}
	 obj = table: 0x30255f50  {alerted:true, loc_vars:function: 0x30256148, _saved_d_u:true, original_key:pigjoker, mod:table: 0x301c43c8, registered:true, rarity:1, cost:3 (more...)}
(6) Lua global 'eval_card' at file 'functions/common_events.lua:722'
	Local variables:
	 card = table: 0x2fc2bea0  {click_offset:table: 0x2fb1f810, under_overlay:false, children:table: 0x301051f8, ambient_tilt:0.2, parent:table: 0x302a0808, pinch:table: 0x302d3c18 (more...)}
	 context = table: 0x3096b018  {other_card:table: 0x30133b78, poker_hands:table: 0x306fd358, individual:true, scoring_name:Straight, scoring_hand:table: 0x309751f0, full_hand:table: 0x3031bdd8 (more...)}
	 ret = table: 0x3096b4c0  {}
	 post_trig = table: 0x3096b4e8  {}
	 areas = table: 0x3096b510  {1:table: 0x302a0808, 2:table: 0x3003c4e8, 3:table: 0x2fd12d78}
	 area_set = table: 0x3096b558  {table: 0x2fd12d78:true, table: 0x3003c4e8:true, table: 0x302a0808:true}
(7) Lua field 'calculate_card_areas' at Steamodded file 'src/utils.lua:1720' 
	Local variables:
	 _type = string: "jokers"
	 context = table: 0x3096b018  {other_card:table: 0x30133b78, poker_hands:table: 0x306fd358, individual:true, scoring_name:Straight, scoring_hand:table: 0x309751f0, full_hand:table: 0x3031bdd8 (more...)}
	 return_table = table: 0x3096b1c8  {1:table: 0x3096b208, 2:table: 0x3096b2f0}
	 args = table: 0x3096b428  {main_scoring:true}
	 flags = table: 0x3096b450  {}
	 (for generator) = C function: builtin#6
	 (for state) = table: 0x3096b478  {1:table: 0x302a0808, 2:table: 0x3003c4e8, 3:table: 0x2fd12d78}
	 (for control) = number: 1
	 _ = number: 1
	 area = table: 0x302a0808  {click_offset:table: 0x302d9b80, static_rotation:false, shuffle_amt:0, T:table: 0x2fe80a18, offset:table: 0x30223a28, role:table: 0x301e1cc8, last_aligned:-1 (more...)}
	 (for generator) = C function: builtin#6
	 (for state) = table: 0x2fc590c0  {1:table: 0x2fc2bea0, 2:table: 0x2fc99db8, 3:table: 0x301560d0}
	 (for control) = number: 1
	 _ = number: 1
	 _card = table: 0x2fc2bea0  {click_offset:table: 0x2fb1f810, under_overlay:false, children:table: 0x301051f8, ambient_tilt:0.2, parent:table: 0x302a0808, pinch:table: 0x302d3c18 (more...)}
(8) Lua field 'score_card' at Steamodded file 'src/utils.lua:1880' 
	Local variables:
	 card = table: 0x30133b78  {click_offset:table: 0x30432bd8, children:table: 0x3013bb78, ambient_tilt:0.2, parent:table: 0x2fe4d210, highlighted:false, T:table: 0x30432a20 (more...)}
	 context = table: 0x3096b018  {other_card:table: 0x30133b78, poker_hands:table: 0x306fd358, individual:true, scoring_name:Straight, scoring_hand:table: 0x309751f0, full_hand:table: 0x3031bdd8 (more...)}
	 reps = table: 0x3096b190  {1:1}
	 j = number: 1
	 effects = table: 0x3096b1c8  {1:table: 0x3096b208, 2:table: 0x3096b2f0}
(9) Lua field 'calculate_main_scoring' at Steamodded file 'src/utils.lua:1924' 
	Local variables:
	 context = table: 0x3096b018  {other_card:table: 0x30133b78, poker_hands:table: 0x306fd358, individual:true, scoring_name:Straight, scoring_hand:table: 0x309751f0, full_hand:table: 0x3031bdd8 (more...)}
	 scoring_hand = table: 0x309751f0  {1:table: 0x30133b78, 2:table: 0x30141590, 3:table: 0x302eabe0, 4:table: 0x30140f58, 5:table: 0x30304328}
	 (for generator) = C function: builtin#6
	 (for state) = table: 0x3031bdd8  {1:table: 0x30133b78, 2:table: 0x30141590, 3:table: 0x302eabe0, 4:table: 0x30140f58, 5:table: 0x30304328}
	 (for control) = number: 1
	 _ = number: 1
	 card = table: 0x30133b78  {click_offset:table: 0x30432bd8, children:table: 0x3013bb78, ambient_tilt:0.2, parent:table: 0x2fe4d210, highlighted:false, T:table: 0x30432a20 (more...)}
	 in_scoring = boolean: true
(10) Lua field 'evaluate_play' at file 'functions/state_events.lua:614'
	Local variables:
	 e = nil
	 text = string: "Straight"
	 disp_text = string: "Straight"
	 poker_hands = table: 0x306fd358  {Flush House:table: 0x30814840, Full House:table: 0x308148a0, top:table: 0x30814a48, Flush:table: 0x3045db18, Pair:table: 0x3045dcc0, Four of a Kind:table: 0x3004aae0 (more...)}
	 scoring_hand = table: 0x309751f0  {1:table: 0x30133b78, 2:table: 0x30141590, 3:table: 0x302eabe0, 4:table: 0x30140f58, 5:table: 0x30304328}
	 non_loc_disp_text = string: "Straight"
	 final_scoring_hand = table: 0x309751f0  {1:table: 0x30133b78, 2:table: 0x30141590, 3:table: 0x302eabe0, 4:table: 0x30140f58, 5:table: 0x30304328}
	 hand_text_set = boolean: false
	 modded = nil
	 (for generator) = C function: builtin#6
	 (for state) = table: 0x3096aff0  {1:table: 0x2fe4d210, 2:table: 0x303b8ae8}
	 (for control) = number: 1
	 _ = number: 1
	 v = table: 0x2fe4d210  {click_offset:table: 0x2fda7710, static_rotation:false, shuffle_amt:0, T:table: 0x2fe395f0, offset:table: 0x303d2ca8, role:table: 0x2fb5f960, last_aligned:-1 (more...)}
(11) Lua field 'func' at file 'functions/state_events.lua:482'
(12) Lua method 'handle' at file 'engine/event.lua:99'
	Local variables:
	 self = table: 0x301cc0f0  {start_timer:true, timer:TOTAL, blockable:true, trigger:immediate, func:function: 0x30035c18, delay:0, complete:false, time:34.736237109425, blocking:true (more...)}
	 _results = table: 0x304590e8  {blocking:true, pause_skip:false, time_done:false, completed:false}
(13) Lua method 'update' at file 'engine/event.lua:182'
	Local variables:
	 self = table: 0x3001aad8  {queue_last_processed:12.766666666667, queues:table: 0x3001ab00, queue_dt:0.016666666666667, queue_timer:12.831529380337}
	 dt = number: 0.0165875
	 forced = nil
	 (for generator) = C function: next
	 (for state) = table: 0x3001ab00  {unlock:table: 0x3001abf0, other:table: 0x3001ac90, tutorial:table: 0x3001ac40, base:table: 0x3001ac18, achievement:table: 0x3001ac68}
	 (for control) = number: nan
	 k = string: "base"
	 v = table: 0x3001ac18  {1:table: 0x2fdc9c18, 2:table: 0x301cc0f0, 3:table: 0x30182298, 4:table: 0x30182320, 5:table: 0x30818f30, 6:table: 0x3033c5e8, 7:table: 0x3033ca80 (more...)}
	 blocked = boolean: false
	 i = number: 2
	 results = table: 0x304590e8  {blocking:true, pause_skip:false, time_done:false, completed:false}
(14) Lua upvalue 'gameUpdateRef' at file 'game.lua:2552'
	Local variables:
	 self = table: 0x2fadb0e8  {F_GUIDE:false, F_CRASH_REPORTS:false, F_QUIT_BUTTON:true, HUD_tags:table: 0x307eafa0, F_ENGLISH_ONLY:false, viewed_stake:1, HUD:table: 0x30365d28 (more...)}
	 dt = number: 0.0165875
	 http_resp = nil
(15) Lua method 'update' at Steamodded file 'src/ui.lua:84' 
	Local variables:
	 self = table: 0x2fadb0e8  {F_GUIDE:false, F_CRASH_REPORTS:false, F_QUIT_BUTTON:true, HUD_tags:table: 0x307eafa0, F_ENGLISH_ONLY:false, viewed_stake:1, HUD:table: 0x30365d28 (more...)}
	 dt = number: 0.0165875
(16) Lua field 'update' at file 'main.lua:999'
	Local variables:
	 dt = number: 0.0165875
(17) Lua function '?' at file 'main.lua:938' (best guess)
(18) global C function 'xpcall'
(19) LÖVE function at file 'boot.lua:377' (best guess)
	Local variables:
	 func = Lua function '?' (defined at line 909 of chunk main.lua)
	 inerror = boolean: true
	 deferErrhand = Lua function '(LÖVE Function)' (defined at line 348 of chunk [love "boot.lua"])
	 earlyinit = Lua function '(LÖVE Function)' (defined at line 355 of chunk [love "boot.lua"])
 
INFO - [G] file not found: main.lua: No such file or directory
INFO - [G] file not found: main.lua: No such file or directory
INFO - [G] 2025-09-25 20:49:24 :: INFO  :: StackTrace :: Additional Context:
Balatro Version: 1.0.1o-FULL
Modded Version: 1.0.0~BETA-0711a-STEAMODDED
LÖVE Version: 11.5.0
Lovely Version: 0.8.0
Platform: Windows
Steamodded Mods:
    1: Super Auto Jokers by Equi [ID: SuperAutoJokers, Version: 1.0.0]
    2: DebugPlus by WilsontheWolf [ID: DebugPlus, Version: 1.5.1, Uses Lovely]
Lovely Mods: 
