INFO - [♥] Lovely 0.8.0
INFO - [♥] Game directory is at "C:\\Program Files (x86)\\Steam\\steamapps\\common\\Balatro"
INFO - [♥] Writing logs to "C:\\Users\\PC\\AppData\\Roaming\\Balatro\\Mods\\lovely\\log"
INFO - [♥] Using mod directory at "C:\\Users\\PC\\AppData\\Roaming\\Balatro\\Mods"
INFO - [♥] Cleaning up dumps directory at "C:\\Users\\PC\\AppData\\Roaming\\Balatro\\Mods\\lovely\\dump"
INFO - [♥] Initialization complete in 179ms
INFO - [♥] Applied 1 patch to 'conf.lua'
INFO - [♥] Applied 11 patches to 'main.lua'
INFO - [♥] Applied 10 patches to 'engine/controller.lua'
INFO - [♥] Applied 15 patches to 'back.lua'
INFO - [♥] Applied 7 patches to 'tag.lua'
INFO - [♥] Applied 2 patches to 'engine/moveable.lua'
INFO - [♥] Applied 2 patches to 'engine/sprite.lua'
INFO - [♥] Applied 2 patches to 'engine/animatedsprite.lua'
INFO - [♥] Applied 67 patches to 'functions/misc_functions.lua'
INFO - [♥] Applied 40 patches to 'game.lua'
INFO - [♥] Applied 1 patch to 'globals.lua'
INFO - [♥] Applied 5 patches to 'engine/ui.lua'
INFO - [♥] Applied 95 patches to 'functions/UI_definitions.lua'
INFO - [♥] Applied 49 patches to 'functions/state_events.lua'
INFO - [♥] Applied 117 patches to 'functions/common_events.lua'
INFO - [♥] Applied 51 patches to 'functions/button_callbacks.lua'
INFO - [♥] Applied 186 patches to 'card.lua'
INFO - [♥] Applied 10 patches to 'cardarea.lua'
INFO - [♥] Applied 37 patches to 'blind.lua'
INFO - [♥] Applied 2 patches to 'engine/text.lua'
INFO - [G] Failed to connect to the debug server 
INFO - [G] 2025-09-12 14:28:54 :: DEBUG :: DebugConsole :: Steamodded Debug Socket started ! 
INFO - [G] 2025-09-12 14:28:54 :: INFO  :: SMODS :: Steamodded v1.0.0~BETA-0711a 
INFO - [♥] Applied 9 patches to 'engine/sound_manager.lua'
INFO - [♥] Applied 1 patch to 'engine/save_manager.lua'
INFO - [G] 2025-09-12 14:28:57 :: INFO  :: Loader :: Valid JSON file found 
INFO - [G] 2025-09-12 14:28:57 :: INFO  :: Loader :: Valid JSON file found 
INFO - [G] 2025-09-12 14:28:57 :: INFO  :: TIMER :: [0000] Injected Fonts in 0.001 ms 
INFO - [G] 2025-09-12 14:28:57 :: INFO  :: TIMER :: [0000] Injected Language in 0.002 ms 
INFO - [G] 2025-09-12 14:28:57 :: INFO  :: TIMER :: [0000] Injected [INTERNAL] in 3.785 ms 
INFO - [G] 2025-09-12 14:28:58 :: INFO  :: TIMER :: [0003] Injected Atlas in 485.532 ms 
INFO - [G] 2025-09-12 14:28:58 :: INFO  :: TIMER :: [0001] Injected Sound in 0.902 ms 
INFO - [G] 2025-09-12 14:28:58 :: INFO  :: TIMER :: [0008] Injected Stake in 0.652 ms 
INFO - [G] 2025-09-12 14:28:58 :: INFO  :: TIMER :: [0004] Injected Rarity in 0.041 ms 
INFO - [G] 2025-09-12 14:28:58 :: INFO  :: TIMER :: [0004] Injected ObjectType in 0.060 ms 
INFO - [G] 2025-09-12 14:28:58 :: INFO  :: TIMER :: [0059] Injected Center in 2.239 ms 
INFO - [G] 2025-09-12 14:28:58 :: INFO  :: TIMER :: [0007] Injected Undiscovered Sprite in 0.030 ms 
INFO - [G] 2025-09-12 14:28:58 :: INFO  :: TIMER :: [0002] Injected Blind in 0.087 ms 
INFO - [G] 2025-09-12 14:28:58 :: INFO  :: TIMER :: [0004] Injected Seal in 0.218 ms 
INFO - [G] 2025-09-12 14:28:58 :: INFO  :: TIMER :: [0004] Injected Suit in 0.123 ms 
INFO - [G] 2025-09-12 14:28:58 :: INFO  :: TIMER :: [0013] Injected Rank in 0.298 ms 
INFO - [G] 2025-09-12 14:28:58 :: INFO  :: TIMER :: [0028] Injected DeckSkin in 0.844 ms 
INFO - [G] 2025-09-12 14:28:58 :: INFO  :: TIMER :: [0012] Injected PokerHand in 0.107 ms 
INFO - [G] 2025-09-12 14:28:58 :: INFO  :: TIMER :: [0020] Injected Challenge in 0.062 ms 
INFO - [G] 2025-09-12 14:28:58 :: INFO  :: TIMER :: [0000] Injected Tag in 0.002 ms 
INFO - [G] 2025-09-12 14:28:58 :: INFO  :: TIMER :: [0004] Injected Sticker in 0.257 ms 
INFO - [G] 2025-09-12 14:28:58 :: INFO  :: TIMER :: [0000] Injected Shader in 0.002 ms 
INFO - [G] 2025-09-12 14:28:58 :: INFO  :: TIMER :: [0002] Injected Keybind in 0.065 ms 
INFO - [G] 2025-09-12 14:28:58 :: INFO  :: TIMER :: [0000] Injected Achievement in 0.151 ms 
INFO - [G] 2025-09-12 14:28:58 :: INFO  :: TIMER :: [0002] Injected nil in 0.029 ms 
INFO - [G] 2025-09-12 14:28:58 :: INFO  :: TIMER :: [0021] Injected Draw Step in 0.472 ms 
INFO - [G] 2025-09-12 14:28:58 :: INFO  :: TIMER :: [0000] Injected [INTERNAL] in 2.614 ms 
INFO - [G] [DebugPlus] Press [/] to toggle console and press [shift] + [/] to toggle new log previews 
INFO - [G] line not found
INFO - [G] file not found: main.lua: No such file or directory
INFO - [G] file not found: main.lua: No such file or directory
INFO - [G] 2025-09-12 14:29:04 :: ERROR :: StackTrace :: Oops! The game crashed
[SMODS SuperAutoJokers "superautojokers_main.lua"]:98: attempt to index field 'jokers' (a nil value)
Stack Traceback
===============
(1) Lua upvalue 'orig' at file 'main.lua:612'
	Local variables:
	 msg = string: "[SMODS SuperAutoJokers \"superautojokers_main.lua\"]:98: attempt to index field 'jokers' (a nil value)"
	 (*temporary) = Lua function '?' (defined at line 31 of chunk [SMODS _ "src/logging.lua"])
	 (*temporary) = string: "Oops! The game crashed\
"
(2) Lua local 'handler' at file 'debugplus/console.lua:606' (from lovely module debugplus.console)
	Local variables:
	 msg = string: "[SMODS SuperAutoJokers \"superautojokers_main.lua\"]:98: attempt to index field 'jokers' (a nil value)"
(3) LÖVE metamethod at file 'boot.lua:352'
	Local variables:
	 errhand = Lua function '(LÖVE Function)' (defined at line 605 of chunk [lovely debugplus.console "debugplus/console.lua"])
	 handler = Lua function '(LÖVE Function)' (defined at line 605 of chunk [lovely debugplus.console "debugplus/console.lua"])
(4) Lua method 'update' at file 'superautojokers_main.lua:98' (from mod with id SuperAutoJokers)
	Local variables:
	 self = table: 0x322ed568  {alerted:true, loc_vars:function: 0x32515fd8, calc_dollar_bonus:function: 0x321ca7a0, _saved_d_u:true, original_key:swanjoker, mod:table: 0x32643430 (more...)}
	 card = table: 0x320dde60  {click_offset:table: 0x323452a0, children:table: 0x3226e8b0, ambient_tilt:0.2, parent:table: 0x32832c78, T:table: 0x32345278, offset:table: 0x32596df0 (more...)}
	 dt = number: 0
	 (*temporary) = table: 0x327c2e60  {money:0}
	 (*temporary) = nil
	 (*temporary) = string: "attempt to index field 'jokers' (a nil value)"
(5) Lua method 'update' at file 'card.lua:4425'
	Local variables:
	 self = table: 0x320dde60  {click_offset:table: 0x323452a0, children:table: 0x3226e8b0, ambient_tilt:0.2, parent:table: 0x32832c78, T:table: 0x32345278, offset:table: 0x32596df0 (more...)}
	 dt = number: 0
	 obj = table: 0x322ed568  {alerted:true, loc_vars:function: 0x32515fd8, calc_dollar_bonus:function: 0x321ca7a0, _saved_d_u:true, original_key:swanjoker, mod:table: 0x32643430 (more...)}
(6) Lua upvalue 'gameUpdateRef' at file 'game.lua:2683'
	Local variables:
	 self = table: 0x31f72ae8  {F_GUIDE:false, F_CRASH_REPORTS:false, F_QUIT_BUTTON:true, collection_alert:table: 0x32832ee8, F_ENGLISH_ONLY:false, sort_id:26, F_DISCORD:true (more...)}
	 dt = number: 0
	 http_resp = nil
	 move_dt = number: 0.0166051
	 (for generator) = C function: next
	 (for state) = table: 0x31f900b8  {1:table: 0x3246d850, 2:table: 0x31f73fc8, 3:table: 0x31f60b88, 4:table: 0x31f8b898, 5:table: 0x3227f4e0, 6:table: 0x322ca9a0, 7:table: 0x3233b808 (more...)}
	 (for control) = number: nan
	 k = number: 120
	 v = table: 0x320dde60  {click_offset:table: 0x323452a0, children:table: 0x3226e8b0, ambient_tilt:0.2, parent:table: 0x32832c78, T:table: 0x32345278, offset:table: 0x32596df0 (more...)}
(7) Lua method 'update' at Steamodded file 'src/ui.lua:84' 
	Local variables:
	 self = table: 0x31f72ae8  {F_GUIDE:false, F_CRASH_REPORTS:false, F_QUIT_BUTTON:true, collection_alert:table: 0x32832ee8, F_ENGLISH_ONLY:false, sort_id:26, F_DISCORD:true (more...)}
	 dt = number: 0.0166051
(8) Lua field 'update' at file 'main.lua:999'
	Local variables:
	 dt = number: 0.0166051
(9) Lua function '?' at file 'main.lua:938' (best guess)
(10) global C function 'xpcall'
(11) LÖVE function at file 'boot.lua:377' (best guess)
	Local variables:
	 func = Lua function '?' (defined at line 909 of chunk main.lua)
	 inerror = boolean: true
	 deferErrhand = Lua function '(LÖVE Function)' (defined at line 348 of chunk [love "boot.lua"])
	 earlyinit = Lua function '(LÖVE Function)' (defined at line 355 of chunk [love "boot.lua"])
 
INFO - [G] file not found: main.lua: No such file or directory
INFO - [G] file not found: main.lua: No such file or directory
INFO - [G] 2025-09-12 14:29:04 :: INFO  :: StackTrace :: Additional Context:
Balatro Version: 1.0.1o-FULL
Modded Version: 1.0.0~BETA-0711a-STEAMODDED
LÖVE Version: 11.5.0
Lovely Version: 0.8.0
Platform: Windows
Steamodded Mods:
    1: Super Auto Jokers by Equi [ID: SuperAutoJokers, Version: 1.0.0]
    2: DebugPlus by WilsontheWolf [ID: DebugPlus, Version: 1.5.1, Uses Lovely]
Lovely Mods: 
