INFO - [♥] Lovely 0.8.0
INFO - [♥] Game directory is at "C:\\Program Files (x86)\\Steam\\steamapps\\common\\Balatro"
INFO - [♥] Writing logs to "C:\\Users\\PC\\AppData\\Roaming\\Balatro\\Mods\\lovely\\log"
INFO - [♥] Using mod directory at "C:\\Users\\PC\\AppData\\Roaming\\Balatro\\Mods"
INFO - [♥] Cleaning up dumps directory at "C:\\Users\\PC\\AppData\\Roaming\\Balatro\\Mods\\lovely\\dump"
INFO - [♥] Initialization complete in 73ms
INFO - [♥] Applied 1 patch to 'conf.lua'
INFO - [♥] Applied 11 patches to 'main.lua'
INFO - [♥] Applied 10 patches to 'engine/controller.lua'
INFO - [♥] Applied 15 patches to 'back.lua'
INFO - [♥] Applied 7 patches to 'tag.lua'
INFO - [♥] Applied 2 patches to 'engine/moveable.lua'
INFO - [♥] Applied 2 patches to 'engine/sprite.lua'
INFO - [♥] Applied 2 patches to 'engine/animatedsprite.lua'
INFO - [♥] Applied 67 patches to 'functions/misc_functions.lua'
INFO - [♥] Applied 40 patches to 'game.lua'
INFO - [♥] Applied 1 patch to 'globals.lua'
INFO - [♥] Applied 5 patches to 'engine/ui.lua'
INFO - [♥] Applied 95 patches to 'functions/UI_definitions.lua'
INFO - [♥] Applied 49 patches to 'functions/state_events.lua'
INFO - [♥] Applied 117 patches to 'functions/common_events.lua'
INFO - [♥] Applied 51 patches to 'functions/button_callbacks.lua'
INFO - [♥] Applied 186 patches to 'card.lua'
INFO - [♥] Applied 10 patches to 'cardarea.lua'
INFO - [♥] Applied 37 patches to 'blind.lua'
INFO - [♥] Applied 2 patches to 'engine/text.lua'
INFO - [G] Failed to connect to the debug server 
INFO - [G] 2025-10-07 13:25:21 :: DEBUG :: DebugConsole :: Steamodded Debug Socket started ! 
INFO - [G] 2025-10-07 13:25:21 :: INFO  :: SMODS :: Steamodded v1.0.0~BETA-0711a 
INFO - [♥] Applied 9 patches to 'engine/sound_manager.lua'
INFO - [♥] Applied 1 patch to 'engine/save_manager.lua'
INFO - [G] 2025-10-07 13:25:24 :: INFO  :: Loader :: Valid JSON file found 
INFO - [G] 2025-10-07 13:25:24 :: INFO  :: Loader :: Valid JSON file found 
INFO - [G] 2025-10-07 13:25:24 :: INFO  :: TIMER :: [0000] Injected Fonts in 0.002 ms 
INFO - [G] 2025-10-07 13:25:24 :: INFO  :: TIMER :: [0000] Injected Language in 0.002 ms 
INFO - [G] 2025-10-07 13:25:24 :: INFO  :: TIMER :: [0000] Injected [INTERNAL] in 2.678 ms 
INFO - [G] 2025-10-07 13:25:25 :: INFO  :: TIMER :: [0004] Injected Atlas in 400.152 ms 
INFO - [G] 2025-10-07 13:25:25 :: INFO  :: TIMER :: [0001] Injected Sound in 0.342 ms 
INFO - [G] 2025-10-07 13:25:25 :: INFO  :: TIMER :: [0008] Injected Stake in 0.450 ms 
INFO - [G] 2025-10-07 13:25:25 :: INFO  :: TIMER :: [0005] Injected Rarity in 0.067 ms 
INFO - [G] 2025-10-07 13:25:25 :: INFO  :: TIMER :: [0005] Injected ObjectType in 0.100 ms 
INFO - [G] 2025-10-07 13:25:25 :: INFO  :: TIMER :: [0102] Injected Center in 1.452 ms 
INFO - [G] 2025-10-07 13:25:25 :: INFO  :: TIMER :: [0007] Injected Undiscovered Sprite in 0.027 ms 
INFO - [G] 2025-10-07 13:25:25 :: INFO  :: TIMER :: [0002] Injected Blind in 0.040 ms 
INFO - [G] 2025-10-07 13:25:25 :: INFO  :: TIMER :: [0004] Injected Seal in 0.189 ms 
INFO - [G] 2025-10-07 13:25:25 :: INFO  :: TIMER :: [0004] Injected Suit in 0.121 ms 
INFO - [G] 2025-10-07 13:25:25 :: INFO  :: TIMER :: [0013] Injected Rank in 0.210 ms 
INFO - [G] 2025-10-07 13:25:25 :: INFO  :: TIMER :: [0028] Injected DeckSkin in 0.557 ms 
INFO - [G] 2025-10-07 13:25:25 :: INFO  :: TIMER :: [0012] Injected PokerHand in 0.083 ms 
INFO - [G] 2025-10-07 13:25:25 :: INFO  :: TIMER :: [0020] Injected Challenge in 0.095 ms 
INFO - [G] 2025-10-07 13:25:25 :: INFO  :: TIMER :: [0000] Injected Tag in 0.003 ms 
INFO - [G] 2025-10-07 13:25:25 :: INFO  :: TIMER :: [0004] Injected Sticker in 0.185 ms 
INFO - [G] 2025-10-07 13:25:25 :: INFO  :: TIMER :: [0000] Injected Shader in 0.002 ms 
INFO - [G] 2025-10-07 13:25:25 :: INFO  :: TIMER :: [0002] Injected Keybind in 0.043 ms 
INFO - [G] 2025-10-07 13:25:25 :: INFO  :: TIMER :: [0000] Injected Achievement in 0.157 ms 
INFO - [G] 2025-10-07 13:25:25 :: INFO  :: TIMER :: [0002] Injected nil in 0.144 ms 
INFO - [G] 2025-10-07 13:25:25 :: INFO  :: TIMER :: [0021] Injected Draw Step in 0.151 ms 
INFO - [G] 2025-10-07 13:25:25 :: INFO  :: TIMER :: [0000] Injected [INTERNAL] in 1.228 ms 
INFO - [G] [DebugPlus] Press [/] to toggle console and press [shift] + [/] to toggle new log previews 
INFO - [G] line not found
INFO - [G] file not found: functions/state_events.lua: No such file or directory
INFO - [G] file not found: main.lua: No such file or directory
INFO - [G] file not found: main.lua: No such file or directory
INFO - [G] 2025-10-07 13:26:05 :: ERROR :: StackTrace :: Oops! The game crashed
card.lua:3117: attempt to concatenate field 'extra' (a table value)
Stack Traceback
===============
(1) Lua upvalue 'orig' at file 'main.lua:612'
	Local variables:
	 msg = string: "card.lua:3117: attempt to concatenate field 'extra' (a table value)"
	 (*temporary) = Lua function '?' (defined at line 31 of chunk [SMODS _ "src/logging.lua"])
	 (*temporary) = string: "Oops! The game crashed\
"
(2) Lua local 'handler' at file 'debugplus/console.lua:606' (from lovely module debugplus.console)
	Local variables:
	 msg = string: "card.lua:3117: attempt to concatenate field 'extra' (a table value)"
(3) LÖVE metamethod at file 'boot.lua:352'
	Local variables:
	 errhand = Lua function '(LÖVE Function)' (defined at line 605 of chunk [lovely debugplus.console "debugplus/console.lua"])
	 handler = Lua function '(LÖVE Function)' (defined at line 605 of chunk [lovely debugplus.console "debugplus/console.lua"])
(4) Lua method 'calculate_joker' at file 'card.lua:3117'
	Local variables:
	 self = table: 0x29f02950  {click_offset:table: 0x29f02cf8, static_rotation:false, ambient_tilt:0.2, parent:table: 0x29bc0e18, T:table: 0x29f02b40, last_aligned:-1, extra_cost:0 (more...)}
	 context = table: 0x2992d028  {ignore_other_debuff:true, cardarea:table: 0x29bc0e18, main_eval:true, full_hand:table: 0x296a6b30, other_card:table: 0x29c7aa78, discard:true (more...)}
	 obj = table: 0x294cd980  {alerted:true, loc_vars:function: 0x29989738, _saved_d_u:true, original_key:mail, atlas:Joker, registered:true, mod:table: 0x29964a90, unlocked:true (more...)}
	 context_blueprint_card = nil
	 (*temporary) = table: 0x29ba4eb0  {}
	 (*temporary) = string: "$"
	 (*temporary) = table: 0x29ea8688  {dollars:5}
	 (*temporary) = nil
	 (*temporary) = string: "$"
	 (*temporary) = string: "$"
	 (*temporary) = table: 0x29c26938  {start_timer:false, timer:TOTAL, blockable:true, trigger:immediate, func:function: 0x2993fed0, delay:0, complete:false, time:129.07445846645, blocking:true (more...)}
	 (*temporary) = string: "base"
	 (*temporary) = nil
	 (*temporary) = table: 0x295c9b58  {1:table: 0x29955300, 2:table: 0x29679180, 3:table: 0x295c4c90, 4:table: 0x298e61c0, 5:table: 0x298eb398, 6:table: 0x29c26938}
	 (*temporary) = number: 6
	 (*temporary) = table: 0x29291f18  {handle:function: 0x2929b260, __index:table: 0x29291f18, init:function: 0x29291f40, __call:function: 0x29259e98, super:table: 0x29259fa0}
	 (*temporary) = table: 0x29291f18  {handle:function: 0x2929b260, __index:table: 0x29291f18, init:function: 0x29291f40, __call:function: 0x29259e98, super:table: 0x29259fa0}
	 (*temporary) = boolean: true
	 (*temporary) = string: "attempt to concatenate field 'extra' (a table value)"
(5) Lua global 'eval_card' at file 'functions/common_events.lua:722'
	Local variables:
	 card = table: 0x29f02950  {click_offset:table: 0x29f02cf8, static_rotation:false, ambient_tilt:0.2, parent:table: 0x29bc0e18, T:table: 0x29f02b40, last_aligned:-1, extra_cost:0 (more...)}
	 context = table: 0x2992d028  {ignore_other_debuff:true, cardarea:table: 0x29bc0e18, main_eval:true, full_hand:table: 0x296a6b30, other_card:table: 0x29c7aa78, discard:true (more...)}
	 ret = table: 0x298e87f8  {}
	 post_trig = table: 0x2992d798  {}
	 areas = table: 0x295a32b0  {1:table: 0x29bc0e18, 2:table: 0x29bc0508, 3:table: 0x29ad7ec0}
	 area_set = table: 0x299431e0  {table: 0x29ad7ec0:true, table: 0x29bc0508:true, table: 0x29bc0e18:true}
(6) Lua field 'calculate_card_areas' at Steamodded file 'src/utils.lua:1720' 
	Local variables:
	 _type = string: "jokers"
	 context = table: 0x2992d028  {ignore_other_debuff:true, cardarea:table: 0x29bc0e18, main_eval:true, full_hand:table: 0x296a6b30, other_card:table: 0x29c7aa78, discard:true (more...)}
	 return_table = table: 0x29906600  {}
	 args = table: 0x29947c88  {joker_area:true}
	 flags = table: 0x2993f690  {}
	 (for generator) = C function: builtin#6
	 (for state) = table: 0x29c557d8  {1:table: 0x29bc0e18, 2:table: 0x29bc0508, 3:table: 0x29ad7ec0}
	 (for control) = number: 1
	 _ = number: 1
	 area = table: 0x29bc0e18  {click_offset:table: 0x29bc0f78, static_rotation:false, shuffle_amt:0, T:table: 0x29bc0f50, offset:table: 0x29522a30, role:table: 0x29363100, last_aligned:-1 (more...)}
	 (for generator) = C function: builtin#6
	 (for state) = table: 0x29666b28  {1:table: 0x29f02950}
	 (for control) = number: 1
	 _ = number: 1
	 _card = table: 0x29f02950  {click_offset:table: 0x29f02cf8, static_rotation:false, ambient_tilt:0.2, parent:table: 0x29bc0e18, T:table: 0x29f02b40, last_aligned:-1, extra_cost:0 (more...)}
(7) Lua field 'calculate_context' at Steamodded file 'src/utils.lua:1836' 
	Local variables:
	 context = table: 0x2992d028  {ignore_other_debuff:true, cardarea:table: 0x29bc0e18, main_eval:true, full_hand:table: 0x296a6b30, other_card:table: 0x29c7aa78, discard:true (more...)}
	 return_table = table: 0x29906600  {}
	 no_resolve = nil
	 has_area = nil
	 flags = table: 0x29949c80  {}
	 (*temporary) = number: 1
(8) Lua function '?' at file 'functions/state_events.lua:372' (best guess)
	Local variables:
	 e = table: 0x29a3d068  {pixellated_rect:table: 0x2921fb00, click_offset:table: 0x2a01b800, static_rotation:true, parent:table: 0x299e2f48, T:table: 0x29e5b9b8, offset:table: 0x29bfdbb8 (more...)}
	 hook = nil
	 highlighted_count = number: 5
	 cards = table: 0x294c4610  {1:table: 0x294487c8, 2:table: 0x298bf2b0}
	 destroyed_cards = table: 0x29bab528  {}
	 (for index) = number: 3
	 (for limit) = number: 5
	 (for step) = number: 1
	 i = number: 3
	 removed = boolean: false
	 effects = table: 0x29906600  {}
(9) Lua method 'click' at file 'engine/ui.lua:981'
	Local variables:
	 self = table: 0x29a3d068  {pixellated_rect:table: 0x2921fb00, click_offset:table: 0x2a01b800, static_rotation:true, parent:table: 0x299e2f48, T:table: 0x29e5b9b8, offset:table: 0x29bfdbb8 (more...)}
(10) Lua method 'update' at file 'engine/controller.lua:375'
	Local variables:
	 self = table: 0x298c31a8  {held_button_times:table: 0x298c3a78, focus_cursor_stack_level:1, snap_cursor_to:table: 0x299250f0, interrupt:table: 0x298c3ac8, GAMEPAD:table: 0x298c42f8 (more...)}
	 dt = number: 0.0166643
(11) Lua upvalue 'gameUpdateRef' at file 'game.lua:2689'
	Local variables:
	 self = table: 0x2931b3d8  {F_GUIDE:false, F_CRASH_REPORTS:false, F_QUIT_BUTTON:true, HUD_tags:table: 0x299c2790, F_ENGLISH_ONLY:false, viewed_stake:1, HUD:table: 0x29830f20 (more...)}
	 dt = number: 0.0166643
(12) Lua method 'update' at Steamodded file 'src/ui.lua:84' 
	Local variables:
	 self = table: 0x2931b3d8  {F_GUIDE:false, F_CRASH_REPORTS:false, F_QUIT_BUTTON:true, HUD_tags:table: 0x299c2790, F_ENGLISH_ONLY:false, viewed_stake:1, HUD:table: 0x29830f20 (more...)}
	 dt = number: 0.0166643
(13) Lua field 'update' at file 'main.lua:999'
	Local variables:
	 dt = number: 0.0166643
(14) Lua function '?' at file 'main.lua:938' (best guess)
(15) global C function 'xpcall'
(16) LÖVE function at file 'boot.lua:377' (best guess)
	Local variables:
	 func = Lua function '?' (defined at line 909 of chunk main.lua)
	 inerror = boolean: true
	 deferErrhand = Lua function '(LÖVE Function)' (defined at line 348 of chunk [love "boot.lua"])
	 earlyinit = Lua function '(LÖVE Function)' (defined at line 355 of chunk [love "boot.lua"])
 
INFO - [G] file not found: functions/state_events.lua: No such file or directory
INFO - [G] file not found: main.lua: No such file or directory
INFO - [G] file not found: main.lua: No such file or directory
INFO - [G] 2025-10-07 13:26:05 :: INFO  :: StackTrace :: Additional Context:
Balatro Version: 1.0.1o-FULL
Modded Version: 1.0.0~BETA-0711a-STEAMODDED
LÖVE Version: 11.5.0
Lovely Version: 0.8.0
Platform: Windows
Steamodded Mods:
    1: Super Auto Jokers by Equi [ID: SuperAutoJokers, Version: 1.0.0]
    2: DebugPlus by WilsontheWolf [ID: DebugPlus, Version: 1.5.1, Uses Lovely]
Lovely Mods: 
