INFO - [♥] Lovely 0.8.0
INFO - [♥] Game directory is at "C:\\Program Files (x86)\\Steam\\steamapps\\common\\Balatro"
INFO - [♥] Writing logs to "C:\\Users\\PC\\AppData\\Roaming\\Balatro\\Mods\\lovely\\log"
INFO - [♥] Using mod directory at "C:\\Users\\PC\\AppData\\Roaming\\Balatro\\Mods"
INFO - [♥] Cleaning up dumps directory at "C:\\Users\\PC\\AppData\\Roaming\\Balatro\\Mods\\lovely\\dump"
INFO - [♥] Initialization complete in 67ms
INFO - [♥] Applied 1 patch to 'conf.lua'
INFO - [♥] Applied 11 patches to 'main.lua'
INFO - [♥] Applied 10 patches to 'engine/controller.lua'
INFO - [♥] Applied 15 patches to 'back.lua'
INFO - [♥] Applied 7 patches to 'tag.lua'
INFO - [♥] Applied 2 patches to 'engine/moveable.lua'
INFO - [♥] Applied 2 patches to 'engine/sprite.lua'
INFO - [♥] Applied 2 patches to 'engine/animatedsprite.lua'
INFO - [♥] Applied 67 patches to 'functions/misc_functions.lua'
INFO - [♥] Applied 40 patches to 'game.lua'
INFO - [♥] Applied 1 patch to 'globals.lua'
INFO - [♥] Applied 5 patches to 'engine/ui.lua'
INFO - [♥] Applied 95 patches to 'functions/UI_definitions.lua'
INFO - [♥] Applied 49 patches to 'functions/state_events.lua'
INFO - [♥] Applied 117 patches to 'functions/common_events.lua'
INFO - [♥] Applied 51 patches to 'functions/button_callbacks.lua'
INFO - [♥] Applied 186 patches to 'card.lua'
INFO - [♥] Applied 10 patches to 'cardarea.lua'
INFO - [♥] Applied 37 patches to 'blind.lua'
INFO - [♥] Applied 2 patches to 'engine/text.lua'
INFO - [G] Failed to connect to the debug server 
INFO - [G] 2025-09-21 17:11:02 :: DEBUG :: DebugConsole :: Steamodded Debug Socket started ! 
INFO - [G] 2025-09-21 17:11:02 :: INFO  :: SMODS :: Steamodded v1.0.0~BETA-0711a 
INFO - [♥] Applied 9 patches to 'engine/sound_manager.lua'
INFO - [♥] Applied 1 patch to 'engine/save_manager.lua'
INFO - [G] 2025-09-21 17:11:05 :: INFO  :: Loader :: Valid JSON file found 
INFO - [G] 2025-09-21 17:11:05 :: INFO  :: Loader :: Valid JSON file found 
INFO - [G] 2025-09-21 17:11:05 :: INFO  :: TIMER :: [0000] Injected Fonts in 0.002 ms 
INFO - [G] 2025-09-21 17:11:05 :: INFO  :: TIMER :: [0000] Injected Language in 0.003 ms 
INFO - [G] 2025-09-21 17:11:05 :: INFO  :: TIMER :: [0000] Injected [INTERNAL] in 3.196 ms 
INFO - [G] 2025-09-21 17:11:06 :: INFO  :: TIMER :: [0003] Injected Atlas in 405.271 ms 
INFO - [G] 2025-09-21 17:11:06 :: INFO  :: TIMER :: [0001] Injected Sound in 1.523 ms 
INFO - [G] 2025-09-21 17:11:06 :: INFO  :: TIMER :: [0008] Injected Stake in 0.362 ms 
INFO - [G] 2025-09-21 17:11:06 :: INFO  :: TIMER :: [0004] Injected Rarity in 0.038 ms 
INFO - [G] 2025-09-21 17:11:06 :: INFO  :: TIMER :: [0004] Injected ObjectType in 0.152 ms 
INFO - [G] 2025-09-21 17:11:06 :: INFO  :: TIMER :: [0068] Injected Center in 1.181 ms 
INFO - [G] 2025-09-21 17:11:06 :: INFO  :: TIMER :: [0007] Injected Undiscovered Sprite in 0.027 ms 
INFO - [G] 2025-09-21 17:11:06 :: INFO  :: TIMER :: [0002] Injected Blind in 0.047 ms 
INFO - [G] 2025-09-21 17:11:06 :: INFO  :: TIMER :: [0004] Injected Seal in 0.332 ms 
INFO - [G] 2025-09-21 17:11:06 :: INFO  :: TIMER :: [0004] Injected Suit in 0.122 ms 
INFO - [G] 2025-09-21 17:11:06 :: INFO  :: TIMER :: [0013] Injected Rank in 0.187 ms 
INFO - [G] 2025-09-21 17:11:06 :: INFO  :: TIMER :: [0028] Injected DeckSkin in 0.303 ms 
INFO - [G] 2025-09-21 17:11:06 :: INFO  :: TIMER :: [0012] Injected PokerHand in 0.069 ms 
INFO - [G] 2025-09-21 17:11:06 :: INFO  :: TIMER :: [0020] Injected Challenge in 0.098 ms 
INFO - [G] 2025-09-21 17:11:06 :: INFO  :: TIMER :: [0000] Injected Tag in 0.002 ms 
INFO - [G] 2025-09-21 17:11:06 :: INFO  :: TIMER :: [0004] Injected Sticker in 0.105 ms 
INFO - [G] 2025-09-21 17:11:06 :: INFO  :: TIMER :: [0000] Injected Shader in 0.002 ms 
INFO - [G] 2025-09-21 17:11:06 :: INFO  :: TIMER :: [0002] Injected Keybind in 0.022 ms 
INFO - [G] 2025-09-21 17:11:06 :: INFO  :: TIMER :: [0000] Injected Achievement in 0.083 ms 
INFO - [G] 2025-09-21 17:11:06 :: INFO  :: TIMER :: [0002] Injected nil in 0.023 ms 
INFO - [G] 2025-09-21 17:11:06 :: INFO  :: TIMER :: [0021] Injected Draw Step in 0.083 ms 
INFO - [G] 2025-09-21 17:11:06 :: INFO  :: TIMER :: [0000] Injected [INTERNAL] in 0.868 ms 
INFO - [G] [DebugPlus] Press [/] to toggle console and press [shift] + [/] to toggle new log previews 
INFO - [G] line not found
INFO - [G] file not found: main.lua: No such file or directory
INFO - [G] file not found: main.lua: No such file or directory
INFO - [G] 2025-09-21 17:11:52 :: ERROR :: StackTrace :: Oops! The game crashed
[SMODS SuperAutoJokers "superautojokers_main.lua"]:424: attempt to index field 'other_card' (a nil value)
Stack Traceback
===============
(1) Lua upvalue 'orig' at file 'main.lua:612'
	Local variables:
	 msg = string: "[SMODS SuperAutoJokers \"superautojokers_main.lua\"]:424: attempt to index field 'other_card' (a nil value)"
	 (*temporary) = Lua function '?' (defined at line 31 of chunk [SMODS _ "src/logging.lua"])
	 (*temporary) = string: "Oops! The game crashed\
"
(2) Lua local 'handler' at file 'debugplus/console.lua:606' (from lovely module debugplus.console)
	Local variables:
	 msg = string: "[SMODS SuperAutoJokers \"superautojokers_main.lua\"]:424: attempt to index field 'other_card' (a nil value)"
(3) LÖVE metamethod at file 'boot.lua:352'
	Local variables:
	 errhand = Lua function '(LÖVE Function)' (defined at line 605 of chunk [lovely debugplus.console "debugplus/console.lua"])
	 handler = Lua function '(LÖVE Function)' (defined at line 605 of chunk [lovely debugplus.console "debugplus/console.lua"])
(4) Lua method 'calculate_joker' at file 'superautojokers_main.lua:424' (from mod with id SuperAutoJokers)
	Local variables:
	 self = table: 0x1a730f10  {click_offset:table: 0x1b0af958, static_rotation:false, ambient_tilt:0.2, parent:table: 0x1a09ffd8, T:table: 0x1ada6af8, last_aligned:-1, extra_cost:0 (more...)}
	 context = table: 0x1a85dc90  {main_eval:true, ignore_debuff:true, cardarea:table: 0x1a09ffd8, debuff_card:table: 0x1a6507c0}
	 (*temporary) = nil
	 (*temporary) = nil
	 (*temporary) = number: 3
	 (*temporary) = string: "pinned"
	 (*temporary) = number: 6
	 (*temporary) = string: "attempt to index field 'other_card' (a nil value)"
(5) Lua global 'eval_card' at file 'functions/common_events.lua:722'
	Local variables:
	 card = table: 0x1a730f10  {click_offset:table: 0x1b0af958, static_rotation:false, ambient_tilt:0.2, parent:table: 0x1a09ffd8, T:table: 0x1ada6af8, last_aligned:-1, extra_cost:0 (more...)}
	 context = table: 0x1a85dc90  {main_eval:true, ignore_debuff:true, cardarea:table: 0x1a09ffd8, debuff_card:table: 0x1a6507c0}
	 ret = table: 0x1af577b0  {}
	 post_trig = table: 0x1a737978  {}
	 areas = table: 0x1a7379a0  {1:table: 0x1a09ffd8, 2:table: 0x1a869eb0, 3:table: 0x1a6ee8b8}
	 area_set = table: 0x1a7379e8  {table: 0x1a869eb0:true, table: 0x1a09ffd8:true, table: 0x1a6ee8b8:true}
(6) Lua field 'calculate_card_areas' at Steamodded file 'src/utils.lua:1720' 
	Local variables:
	 _type = string: "jokers"
	 context = table: 0x1a85dc90  {main_eval:true, ignore_debuff:true, cardarea:table: 0x1a09ffd8, debuff_card:table: 0x1a6507c0}
	 return_table = nil
	 args = table: 0x1a85dd80  {joker_area:true}
	 flags = table: 0x1a85dda8  {}
	 (for generator) = C function: builtin#6
	 (for state) = table: 0x1a85ddd0  {1:table: 0x1a09ffd8, 2:table: 0x1a869eb0, 3:table: 0x1a6ee8b8}
	 (for control) = number: 1
	 _ = number: 1
	 area = table: 0x1a09ffd8  {click_offset:table: 0x1a63daa0, static_rotation:false, shuffle_amt:0, T:table: 0x1a211628, offset:table: 0x1a654da0, role:table: 0x1a6541f0, last_aligned:-1 (more...)}
	 (for generator) = C function: builtin#6
	 (for state) = table: 0x1a6863f0  {1:table: 0x1a24cf80, 2:table: 0x1a730f10}
	 (for control) = number: 2
	 _ = number: 2
	 _card = table: 0x1a730f10  {click_offset:table: 0x1b0af958, static_rotation:false, ambient_tilt:0.2, parent:table: 0x1a09ffd8, T:table: 0x1ada6af8, last_aligned:-1, extra_cost:0 (more...)}
(7) Lua field 'calculate_context' at Steamodded file 'src/utils.lua:1836' 
	Local variables:
	 context = table: 0x1a85dc90  {main_eval:true, ignore_debuff:true, cardarea:table: 0x1a09ffd8, debuff_card:table: 0x1a6507c0}
	 return_table = nil
	 no_resolve = nil
	 has_area = nil
	 flags = table: 0x1a85dcf0  {}
	 (*temporary) = number: 1
(8) Lua method 'debuff_card' at Steamodded file 'src/overrides.lua:2251' 
	Local variables:
	 self = table: 0x1a8e5e38  {click_offset:table: 0x1a8e6190, children:table: 0x1a8e4e30, ambient_tilt:0.3, parent:table: 0x1ac3e690, mult:1, T:table: 0x1a8e5fd8, offset:table: 0x1a8e6f00 (more...)}
	 card = table: 0x1a6507c0  {click_offset:table: 0x1a57cbf0, children:table: 0x1a5a8b10, ambient_tilt:0.2, parent:table: 0x1a51eb78, T:table: 0x1a57cbc8, offset:table: 0x1a573ad0 (more...)}
	 from_blind = nil
(9) Lua method 'set_blind' at file 'blind.lua:218'
	Local variables:
	 self = table: 0x1a8e5e38  {click_offset:table: 0x1a8e6190, children:table: 0x1a8e4e30, ambient_tilt:0.3, parent:table: 0x1ac3e690, mult:1, T:table: 0x1a8e5fd8, offset:table: 0x1a8e6f00 (more...)}
	 blind = table: 0x1a3be098  {order:1, alerted:true, discovered:true, debuff:table: 0x1a3be270, _saved_d_u:true, key:bl_small, mult:1, vars:table: 0x1a3be248, defeated:false (more...)}
	 reset = nil
	 silent = nil
	 obj = table: 0x1a3be098  {order:1, alerted:true, discovered:true, debuff:table: 0x1a3be270, _saved_d_u:true, key:bl_small, mult:1, vars:table: 0x1a3be248, defeated:false (more...)}
	 (for generator) = C function: builtin#6
	 (for state) = table: 0x1a6866a8  {1:table: 0x1a6507c0, 2:table: 0x1a7687a0, 3:table: 0x1a1d5cf0, 4:table: 0x1a1a0028, 5:table: 0x1a82ebc8, 6:table: 0x1a7368f8, 7:table: 0x1a1c0200 (more...)}
	 (for control) = number: 1
	 _ = number: 1
	 v = table: 0x1a6507c0  {click_offset:table: 0x1a57cbf0, children:table: 0x1a5a8b10, ambient_tilt:0.2, parent:table: 0x1a51eb78, T:table: 0x1a57cbc8, offset:table: 0x1a573ad0 (more...)}
(10) Lua field 'func' at file 'functions/state_events.lua:274'
	Local variables:
	 blhash = string: "S"
(11) Lua method 'handle' at file 'engine/event.lua:99'
	Local variables:
	 self = table: 0x1aea6d30  {start_timer:true, timer:TOTAL, blockable:true, trigger:immediate, func:function: 0x1a3dc538, delay:0, complete:false, time:30.786165614253, blocking:true (more...)}
	 _results = table: 0x1a8585c8  {blocking:true, pause_skip:false, time_done:false, completed:false}
(12) Lua method 'update' at file 'engine/event.lua:182'
	Local variables:
	 self = table: 0x1a576a30  {queue_last_processed:44.583333333332, queues:table: 0x1a576a58, queue_dt:0.016666666666667, queue_timer:45.396979910403}
	 dt = number: 0.0166999
	 forced = nil
	 (for generator) = C function: next
	 (for state) = table: 0x1a576a58  {unlock:table: 0x1a576b48, other:table: 0x1a576be8, tutorial:table: 0x1a576b98, base:table: 0x1a576b70, achievement:table: 0x1a576bc0}
	 (for control) = number: nan
	 k = string: "base"
	 v = table: 0x1a576b70  {1:table: 0x1a416130, 2:table: 0x1aea6d30, 3:table: 0x1a516748, 4:table: 0x1a014048, 5:table: 0x1a5a0b08, 6:table: 0x1ae69d90, 7:table: 0x1a14b778 (more...)}
	 blocked = boolean: false
	 i = number: 2
	 results = table: 0x1a8585c8  {blocking:true, pause_skip:false, time_done:false, completed:false}
(13) Lua upvalue 'gameUpdateRef' at file 'game.lua:2552'
	Local variables:
	 self = table: 0x1a02ab50  {F_GUIDE:false, F_CRASH_REPORTS:false, F_QUIT_BUTTON:true, HUD_tags:table: 0x1ac3bc20, F_ENGLISH_ONLY:false, viewed_stake:1, HUD:table: 0x1a788e88 (more...)}
	 dt = number: 0.0166999
	 http_resp = nil
(14) Lua method 'update' at Steamodded file 'src/ui.lua:84' 
	Local variables:
	 self = table: 0x1a02ab50  {F_GUIDE:false, F_CRASH_REPORTS:false, F_QUIT_BUTTON:true, HUD_tags:table: 0x1ac3bc20, F_ENGLISH_ONLY:false, viewed_stake:1, HUD:table: 0x1a788e88 (more...)}
	 dt = number: 0.0166999
(15) Lua field 'update' at file 'main.lua:999'
	Local variables:
	 dt = number: 0.0166999
(16) Lua function '?' at file 'main.lua:938' (best guess)
(17) global C function 'xpcall'
(18) LÖVE function at file 'boot.lua:377' (best guess)
	Local variables:
	 func = Lua function '?' (defined at line 909 of chunk main.lua)
	 inerror = boolean: true
	 deferErrhand = Lua function '(LÖVE Function)' (defined at line 348 of chunk [love "boot.lua"])
	 earlyinit = Lua function '(LÖVE Function)' (defined at line 355 of chunk [love "boot.lua"])
 
INFO - [G] file not found: main.lua: No such file or directory
INFO - [G] file not found: main.lua: No such file or directory
INFO - [G] 2025-09-21 17:11:52 :: INFO  :: StackTrace :: Additional Context:
Balatro Version: 1.0.1o-FULL
Modded Version: 1.0.0~BETA-0711a-STEAMODDED
LÖVE Version: 11.5.0
Lovely Version: 0.8.0
Platform: Windows
Steamodded Mods:
    1: Super Auto Jokers by Equi [ID: SuperAutoJokers, Version: 1.0.0]
    2: DebugPlus by WilsontheWolf [ID: DebugPlus, Version: 1.5.1, Uses Lovely]
Lovely Mods: 
