INFO - [♥] Lovely 0.8.0
INFO - [♥] Game directory is at "C:\\Program Files (x86)\\Steam\\steamapps\\common\\Balatro"
INFO - [♥] Writing logs to "C:\\Users\\PC\\AppData\\Roaming\\Balatro\\Mods\\lovely\\log"
INFO - [♥] Using mod directory at "C:\\Users\\PC\\AppData\\Roaming\\Balatro\\Mods"
INFO - [♥] Cleaning up dumps directory at "C:\\Users\\PC\\AppData\\Roaming\\Balatro\\Mods\\lovely\\dump"
INFO - [♥] Initialization complete in 87ms
INFO - [♥] Applied 1 patch to 'conf.lua'
INFO - [♥] Applied 11 patches to 'main.lua'
INFO - [♥] Applied 10 patches to 'engine/controller.lua'
INFO - [♥] Applied 15 patches to 'back.lua'
INFO - [♥] Applied 7 patches to 'tag.lua'
INFO - [♥] Applied 2 patches to 'engine/moveable.lua'
INFO - [♥] Applied 2 patches to 'engine/sprite.lua'
INFO - [♥] Applied 2 patches to 'engine/animatedsprite.lua'
INFO - [♥] Applied 67 patches to 'functions/misc_functions.lua'
INFO - [♥] Applied 40 patches to 'game.lua'
INFO - [♥] Applied 1 patch to 'globals.lua'
INFO - [♥] Applied 5 patches to 'engine/ui.lua'
INFO - [♥] Applied 95 patches to 'functions/UI_definitions.lua'
INFO - [♥] Applied 49 patches to 'functions/state_events.lua'
INFO - [♥] Applied 117 patches to 'functions/common_events.lua'
INFO - [♥] Applied 51 patches to 'functions/button_callbacks.lua'
INFO - [♥] Applied 186 patches to 'card.lua'
INFO - [♥] Applied 10 patches to 'cardarea.lua'
INFO - [♥] Applied 37 patches to 'blind.lua'
INFO - [♥] Applied 2 patches to 'engine/text.lua'
INFO - [G] Failed to connect to the debug server 
INFO - [G] 2025-10-07 13:41:49 :: DEBUG :: DebugConsole :: Steamodded Debug Socket started ! 
INFO - [G] 2025-10-07 13:41:49 :: INFO  :: SMODS :: Steamodded v1.0.0~BETA-0711a 
INFO - [♥] Applied 9 patches to 'engine/sound_manager.lua'
INFO - [♥] Applied 1 patch to 'engine/save_manager.lua'
INFO - [G] 2025-10-07 13:41:52 :: INFO  :: Loader :: Valid JSON file found 
INFO - [G] 2025-10-07 13:41:52 :: INFO  :: Loader :: Valid JSON file found 
INFO - [G] 2025-10-07 13:41:53 :: INFO  :: TIMER :: [0000] Injected Fonts in 0.002 ms 
INFO - [G] 2025-10-07 13:41:53 :: INFO  :: TIMER :: [0000] Injected Language in 0.002 ms 
INFO - [G] 2025-10-07 13:41:53 :: INFO  :: TIMER :: [0000] Injected [INTERNAL] in 2.398 ms 
INFO - [G] 2025-10-07 13:41:53 :: INFO  :: TIMER :: [0004] Injected Atlas in 520.658 ms 
INFO - [G] 2025-10-07 13:41:53 :: INFO  :: TIMER :: [0001] Injected Sound in 0.356 ms 
INFO - [G] 2025-10-07 13:41:53 :: INFO  :: TIMER :: [0008] Injected Stake in 0.346 ms 
INFO - [G] 2025-10-07 13:41:53 :: INFO  :: TIMER :: [0005] Injected Rarity in 0.127 ms 
INFO - [G] 2025-10-07 13:41:53 :: INFO  :: TIMER :: [0005] Injected ObjectType in 0.103 ms 
INFO - [G] 2025-10-07 13:41:53 :: INFO  :: TIMER :: [0102] Injected Center in 1.613 ms 
INFO - [G] 2025-10-07 13:41:53 :: INFO  :: TIMER :: [0007] Injected Undiscovered Sprite in 0.071 ms 
INFO - [G] 2025-10-07 13:41:53 :: INFO  :: TIMER :: [0002] Injected Blind in 0.028 ms 
INFO - [G] 2025-10-07 13:41:53 :: INFO  :: TIMER :: [0004] Injected Seal in 0.190 ms 
INFO - [G] 2025-10-07 13:41:53 :: INFO  :: TIMER :: [0004] Injected Suit in 0.106 ms 
INFO - [G] 2025-10-07 13:41:53 :: INFO  :: TIMER :: [0013] Injected Rank in 0.147 ms 
INFO - [G] 2025-10-07 13:41:53 :: INFO  :: TIMER :: [0028] Injected DeckSkin in 0.533 ms 
INFO - [G] 2025-10-07 13:41:53 :: INFO  :: TIMER :: [0012] Injected PokerHand in 0.073 ms 
INFO - [G] 2025-10-07 13:41:53 :: INFO  :: TIMER :: [0020] Injected Challenge in 0.062 ms 
INFO - [G] 2025-10-07 13:41:53 :: INFO  :: TIMER :: [0000] Injected Tag in 0.002 ms 
INFO - [G] 2025-10-07 13:41:53 :: INFO  :: TIMER :: [0004] Injected Sticker in 0.113 ms 
INFO - [G] 2025-10-07 13:41:53 :: INFO  :: TIMER :: [0000] Injected Shader in 0.002 ms 
INFO - [G] 2025-10-07 13:41:53 :: INFO  :: TIMER :: [0002] Injected Keybind in 0.023 ms 
INFO - [G] 2025-10-07 13:41:53 :: INFO  :: TIMER :: [0000] Injected Achievement in 0.085 ms 
INFO - [G] 2025-10-07 13:41:53 :: INFO  :: TIMER :: [0002] Injected nil in 0.024 ms 
INFO - [G] 2025-10-07 13:41:53 :: INFO  :: TIMER :: [0021] Injected Draw Step in 0.131 ms 
INFO - [G] 2025-10-07 13:41:53 :: INFO  :: TIMER :: [0000] Injected [INTERNAL] in 1.091 ms 
INFO - [G] [DebugPlus] Press [/] to toggle console and press [shift] + [/] to toggle new log previews 
INFO - [G] 2025-10-07 13:43:13 :: DEBUG :: DefaultLogger :: 7 
INFO - [G] 2025-10-07 13:43:32 :: DEBUG :: DefaultLogger :: 7 
INFO - [G] 2025-10-07 13:43:32 :: DEBUG :: DefaultLogger :: 7 
INFO - [G] 2025-10-07 13:43:32 :: DEBUG :: DefaultLogger :: 7 
INFO - [G] 2025-10-07 13:43:32 :: DEBUG :: DefaultLogger :: 7 
INFO - [G] 2025-10-07 13:43:32 :: DEBUG :: DefaultLogger :: 7 
INFO - [G] 2025-10-07 13:44:05 :: DEBUG :: DefaultLogger :: 8 
INFO - [G] 2025-10-07 13:44:05 :: DEBUG :: DefaultLogger :: 8 
INFO - [G] 2025-10-07 13:44:05 :: DEBUG :: DefaultLogger :: 8 
INFO - [G] line not found
INFO - [G] file not found: functions/state_events.lua: No such file or directory
INFO - [G] file not found: main.lua: No such file or directory
INFO - [G] file not found: main.lua: No such file or directory
INFO - [G] 2025-10-07 13:44:14 :: ERROR :: StackTrace :: Oops! The game crashed
card.lua:3117: attempt to concatenate field 'extra' (a table value)
Stack Traceback
===============
(1) Lua upvalue 'orig' at file 'main.lua:612'
	Local variables:
	 msg = string: "card.lua:3117: attempt to concatenate field 'extra' (a table value)"
	 (*temporary) = Lua function '?' (defined at line 31 of chunk [SMODS _ "src/logging.lua"])
	 (*temporary) = string: "Oops! The game crashed\
"
(2) Lua local 'handler' at file 'debugplus/console.lua:606' (from lovely module debugplus.console)
	Local variables:
	 msg = string: "card.lua:3117: attempt to concatenate field 'extra' (a table value)"
(3) LÖVE metamethod at file 'boot.lua:352'
	Local variables:
	 errhand = Lua function '(LÖVE Function)' (defined at line 605 of chunk [lovely debugplus.console "debugplus/console.lua"])
	 handler = Lua function '(LÖVE Function)' (defined at line 605 of chunk [lovely debugplus.console "debugplus/console.lua"])
(4) Lua method 'calculate_joker' at file 'card.lua:3117'
	Local variables:
	 self = table: 0x1fede650  {click_offset:table: 0x2084b7b8, static_rotation:false, ambient_tilt:0.2, parent:table: 0x206366f0, T:table: 0x2085ce68, last_aligned:-1, extra_cost:0 (more...)}
	 context = table: 0x207068f8  {ignore_other_debuff:true, cardarea:table: 0x206366f0, main_eval:true, full_hand:table: 0x20638068, other_card:table: 0x200d12c8, discard:true (more...)}
	 obj = table: 0x1fcb7840  {alerted:true, loc_vars:function: 0x2040cb20, _saved_d_u:true, original_key:mail, atlas:Joker, registered:true, mod:table: 0x203ffc48, unlocked:true (more...)}
	 context_blueprint_card = nil
	 (*temporary) = table: 0x2047c300  {}
	 (*temporary) = string: "$"
	 (*temporary) = table: 0x20c3d8a0  {dollars:5}
	 (*temporary) = nil
	 (*temporary) = string: "$"
	 (*temporary) = string: "$"
	 (*temporary) = table: 0x203b0170  {start_timer:false, timer:TOTAL, blockable:true, trigger:immediate, func:function: 0x1ff43e88, delay:0, complete:false, time:525.01569042397, blocking:true (more...)}
	 (*temporary) = string: "base"
	 (*temporary) = nil
	 (*temporary) = table: 0x202b75c8  {1:table: 0x20638db8, 2:table: 0x20e18748, 3:table: 0x1ff6efd0, 4:table: 0x20369f10, 5:table: 0x1ff58848, 6:table: 0x209cb4d8, 7:table: 0x20157e40 (more...)}
	 (*temporary) = number: 9
	 (*temporary) = table: 0x1fd11d90  {handle:function: 0x1fd1b0d8, __index:table: 0x1fd11d90, init:function: 0x1fd11db8, __call:function: 0x1fcd9d10, super:table: 0x1fcd9e18}
	 (*temporary) = table: 0x1fd11d90  {handle:function: 0x1fd1b0d8, __index:table: 0x1fd11d90, init:function: 0x1fd11db8, __call:function: 0x1fcd9d10, super:table: 0x1fcd9e18}
	 (*temporary) = boolean: true
	 (*temporary) = string: "attempt to concatenate field 'extra' (a table value)"
(5) Lua global 'eval_card' at file 'functions/common_events.lua:722'
	Local variables:
	 card = table: 0x1fede650  {click_offset:table: 0x2084b7b8, static_rotation:false, ambient_tilt:0.2, parent:table: 0x206366f0, T:table: 0x2085ce68, last_aligned:-1, extra_cost:0 (more...)}
	 context = table: 0x207068f8  {ignore_other_debuff:true, cardarea:table: 0x206366f0, main_eval:true, full_hand:table: 0x20638068, other_card:table: 0x200d12c8, discard:true (more...)}
	 ret = table: 0x2007f7d0  {}
	 post_trig = table: 0x208ebe88  {}
	 areas = table: 0x200b3860  {1:table: 0x206366f0, 2:table: 0x200312b8, 3:table: 0x20637140}
	 area_set = table: 0x208fa0e8  {table: 0x20637140:true, table: 0x206366f0:true, table: 0x200312b8:true}
(6) Lua field 'calculate_card_areas' at Steamodded file 'src/utils.lua:1720' 
	Local variables:
	 _type = string: "jokers"
	 context = table: 0x207068f8  {ignore_other_debuff:true, cardarea:table: 0x206366f0, main_eval:true, full_hand:table: 0x20638068, other_card:table: 0x200d12c8, discard:true (more...)}
	 return_table = table: 0x204648f8  {}
	 args = table: 0x20507920  {joker_area:true}
	 flags = table: 0x2050f380  {}
	 (for generator) = C function: builtin#6
	 (for state) = table: 0x201c5670  {1:table: 0x206366f0, 2:table: 0x200312b8, 3:table: 0x20637140}
	 (for control) = number: 1
	 _ = number: 1
	 area = table: 0x206366f0  {click_offset:table: 0x206367e0, static_rotation:false, shuffle_amt:0, T:table: 0x206367b8, offset:table: 0x20636b00, role:table: 0x20636a10, last_aligned:-1 (more...)}
	 (for generator) = C function: builtin#6
	 (for state) = table: 0x20636b78  {1:table: 0x1fede650, 2:table: 0x1ffc8fd8, 3:table: 0x20d89a40}
	 (for control) = number: 1
	 _ = number: 1
	 _card = table: 0x1fede650  {click_offset:table: 0x2084b7b8, static_rotation:false, ambient_tilt:0.2, parent:table: 0x206366f0, T:table: 0x2085ce68, last_aligned:-1, extra_cost:0 (more...)}
(7) Lua field 'calculate_context' at Steamodded file 'src/utils.lua:1836' 
	Local variables:
	 context = table: 0x207068f8  {ignore_other_debuff:true, cardarea:table: 0x206366f0, main_eval:true, full_hand:table: 0x20638068, other_card:table: 0x200d12c8, discard:true (more...)}
	 return_table = table: 0x204648f8  {}
	 no_resolve = nil
	 has_area = nil
	 flags = table: 0x208dde00  {}
	 (*temporary) = number: 1
(8) Lua function '?' at file 'functions/state_events.lua:372' (best guess)
	Local variables:
	 e = table: 0x2063efd0  {pixellated_rect:table: 0x2046fa50, click_offset:table: 0x200211d0, static_rotation:true, parent:table: 0x2005e268, T:table: 0x1feb3928, offset:table: 0x1ffe0310 (more...)}
	 hook = nil
	 highlighted_count = number: 5
	 cards = table: 0x20544468  {1:table: 0x1fee70f8, 2:table: 0x1ffe1c98}
	 destroyed_cards = table: 0x204f7290  {}
	 (for index) = number: 3
	 (for limit) = number: 5
	 (for step) = number: 1
	 i = number: 3
	 removed = boolean: false
	 effects = table: 0x204648f8  {}
(9) Lua method 'click' at file 'engine/ui.lua:981'
	Local variables:
	 self = table: 0x2063efd0  {pixellated_rect:table: 0x2046fa50, click_offset:table: 0x200211d0, static_rotation:true, parent:table: 0x2005e268, T:table: 0x1feb3928, offset:table: 0x1ffe0310 (more...)}
(10) Lua method 'update' at file 'engine/controller.lua:375'
	Local variables:
	 self = table: 0x2034a8a8  {held_button_times:table: 0x2034b178, focus_cursor_stack_level:1, snap_cursor_to:table: 0x20563fa0, interrupt:table: 0x2034b1c8, GAMEPAD:table: 0x2034b9f8 (more...)}
	 dt = number: 0.0166823
(11) Lua upvalue 'gameUpdateRef' at file 'game.lua:2689'
	Local variables:
	 self = table: 0x1fd96918  {F_GUIDE:false, F_CRASH_REPORTS:false, F_QUIT_BUTTON:true, HUD_tags:table: 0x203fadf0, F_ENGLISH_ONLY:false, viewed_stake:1, HUD:table: 0x204d6098 (more...)}
	 dt = number: 0.0166823
(12) Lua method 'update' at Steamodded file 'src/ui.lua:84' 
	Local variables:
	 self = table: 0x1fd96918  {F_GUIDE:false, F_CRASH_REPORTS:false, F_QUIT_BUTTON:true, HUD_tags:table: 0x203fadf0, F_ENGLISH_ONLY:false, viewed_stake:1, HUD:table: 0x204d6098 (more...)}
	 dt = number: 0.0166823
(13) Lua field 'update' at file 'main.lua:999'
	Local variables:
	 dt = number: 0.0166823
(14) Lua function '?' at file 'main.lua:938' (best guess)
(15) global C function 'xpcall'
(16) LÖVE function at file 'boot.lua:377' (best guess)
	Local variables:
	 func = Lua function '?' (defined at line 909 of chunk main.lua)
	 inerror = boolean: true
	 deferErrhand = Lua function '(LÖVE Function)' (defined at line 348 of chunk [love "boot.lua"])
	 earlyinit = Lua function '(LÖVE Function)' (defined at line 355 of chunk [love "boot.lua"])
 
INFO - [G] file not found: functions/state_events.lua: No such file or directory
INFO - [G] file not found: main.lua: No such file or directory
INFO - [G] file not found: main.lua: No such file or directory
INFO - [G] 2025-10-07 13:44:14 :: INFO  :: StackTrace :: Additional Context:
Balatro Version: 1.0.1o-FULL
Modded Version: 1.0.0~BETA-0711a-STEAMODDED
LÖVE Version: 11.5.0
Lovely Version: 0.8.0
Platform: Windows
Steamodded Mods:
    1: Super Auto Jokers by Equi [ID: SuperAutoJokers, Version: 1.0.0]
    2: DebugPlus by WilsontheWolf [ID: DebugPlus, Version: 1.5.1, Uses Lovely]
Lovely Mods: 
