INFO - [♥] Lovely 0.8.0
INFO - [♥] Game directory is at "C:\\Program Files (x86)\\Steam\\steamapps\\common\\Balatro"
INFO - [♥] Writing logs to "C:\\Users\\PC\\AppData\\Roaming\\Balatro\\Mods\\lovely\\log"
INFO - [♥] Using mod directory at "C:\\Users\\PC\\AppData\\Roaming\\Balatro\\Mods"
INFO - [♥] Cleaning up dumps directory at "C:\\Users\\PC\\AppData\\Roaming\\Balatro\\Mods\\lovely\\dump"
INFO - [♥] Initialization complete in 125ms
INFO - [♥] Applied 1 patch to 'conf.lua'
INFO - [♥] Applied 11 patches to 'main.lua'
INFO - [♥] Applied 10 patches to 'engine/controller.lua'
INFO - [♥] Applied 15 patches to 'back.lua'
INFO - [♥] Applied 7 patches to 'tag.lua'
INFO - [♥] Applied 2 patches to 'engine/moveable.lua'
INFO - [♥] Applied 2 patches to 'engine/sprite.lua'
INFO - [♥] Applied 2 patches to 'engine/animatedsprite.lua'
INFO - [♥] Applied 67 patches to 'functions/misc_functions.lua'
INFO - [♥] Applied 40 patches to 'game.lua'
INFO - [♥] Applied 1 patch to 'globals.lua'
INFO - [♥] Applied 5 patches to 'engine/ui.lua'
INFO - [♥] Applied 95 patches to 'functions/UI_definitions.lua'
INFO - [♥] Applied 49 patches to 'functions/state_events.lua'
INFO - [♥] Applied 117 patches to 'functions/common_events.lua'
INFO - [♥] Applied 51 patches to 'functions/button_callbacks.lua'
INFO - [♥] Applied 186 patches to 'card.lua'
INFO - [♥] Applied 10 patches to 'cardarea.lua'
INFO - [♥] Applied 37 patches to 'blind.lua'
INFO - [♥] Applied 2 patches to 'engine/text.lua'
INFO - [G] Failed to connect to the debug server 
INFO - [G] 2025-09-23 19:17:27 :: DEBUG :: DebugConsole :: Steamodded Debug Socket started ! 
INFO - [G] 2025-09-23 19:17:27 :: INFO  :: SMODS :: Steamodded v1.0.0~BETA-0711a 
INFO - [♥] Applied 9 patches to 'engine/sound_manager.lua'
INFO - [♥] Applied 1 patch to 'engine/save_manager.lua'
INFO - [G] 2025-09-23 19:17:31 :: INFO  :: Loader :: Valid JSON file found 
INFO - [G] 2025-09-23 19:17:31 :: INFO  :: Loader :: Valid JSON file found 
INFO - [G] 2025-09-23 19:17:32 :: INFO  :: TIMER :: [0000] Injected Fonts in 0.001 ms 
INFO - [G] 2025-09-23 19:17:32 :: INFO  :: TIMER :: [0000] Injected Language in 0.002 ms 
INFO - [G] 2025-09-23 19:17:32 :: INFO  :: TIMER :: [0000] Injected [INTERNAL] in 2.599 ms 
INFO - [G] 2025-09-23 19:17:32 :: INFO  :: TIMER :: [0003] Injected Atlas in 585.227 ms 
INFO - [G] 2025-09-23 19:17:32 :: INFO  :: TIMER :: [0001] Injected Sound in 1.097 ms 
INFO - [G] 2025-09-23 19:17:32 :: INFO  :: TIMER :: [0008] Injected Stake in 0.304 ms 
INFO - [G] 2025-09-23 19:17:32 :: INFO  :: TIMER :: [0004] Injected Rarity in 0.036 ms 
INFO - [G] 2025-09-23 19:17:32 :: INFO  :: TIMER :: [0004] Injected ObjectType in 0.054 ms 
INFO - [G] 2025-09-23 19:17:32 :: INFO  :: TIMER :: [0068] Injected Center in 1.117 ms 
INFO - [G] 2025-09-23 19:17:32 :: INFO  :: TIMER :: [0007] Injected Undiscovered Sprite in 0.027 ms 
INFO - [G] 2025-09-23 19:17:32 :: INFO  :: TIMER :: [0002] Injected Blind in 0.026 ms 
INFO - [G] 2025-09-23 19:17:32 :: INFO  :: TIMER :: [0004] Injected Seal in 0.347 ms 
INFO - [G] 2025-09-23 19:17:32 :: INFO  :: TIMER :: [0004] Injected Suit in 0.095 ms 
INFO - [G] 2025-09-23 19:17:32 :: INFO  :: TIMER :: [0013] Injected Rank in 0.821 ms 
INFO - [G] 2025-09-23 19:17:32 :: INFO  :: TIMER :: [0028] Injected DeckSkin in 0.700 ms 
INFO - [G] 2025-09-23 19:17:32 :: INFO  :: TIMER :: [0012] Injected PokerHand in 0.074 ms 
INFO - [G] 2025-09-23 19:17:32 :: INFO  :: TIMER :: [0020] Injected Challenge in 0.101 ms 
INFO - [G] 2025-09-23 19:17:32 :: INFO  :: TIMER :: [0000] Injected Tag in 0.024 ms 
INFO - [G] 2025-09-23 19:17:32 :: INFO  :: TIMER :: [0004] Injected Sticker in 0.114 ms 
INFO - [G] 2025-09-23 19:17:32 :: INFO  :: TIMER :: [0000] Injected Shader in 0.003 ms 
INFO - [G] 2025-09-23 19:17:32 :: INFO  :: TIMER :: [0002] Injected Keybind in 0.021 ms 
INFO - [G] 2025-09-23 19:17:32 :: INFO  :: TIMER :: [0000] Injected Achievement in 0.083 ms 
INFO - [G] 2025-09-23 19:17:33 :: INFO  :: TIMER :: [0002] Injected nil in 0.024 ms 
INFO - [G] 2025-09-23 19:17:33 :: INFO  :: TIMER :: [0021] Injected Draw Step in 0.078 ms 
INFO - [G] 2025-09-23 19:17:33 :: INFO  :: TIMER :: [0000] Injected [INTERNAL] in 1.064 ms 
INFO - [G] [DebugPlus] Press [/] to toggle console and press [shift] + [/] to toggle new log previews 
INFO - [G] line not found
INFO - [G] file not found: functions/misc_functions.lua: No such file or directory
INFO - [G] file not found: main.lua: No such file or directory
INFO - [G] file not found: main.lua: No such file or directory
INFO - [G] 2025-09-23 19:18:13 :: ERROR :: StackTrace :: Oops! The game crashed
[SMODS _ "src/utils.lua"]:1252: attempt to perform arithmetic on local 'amount' (a table value)
Stack Traceback
===============
(1) Lua upvalue 'orig' at file 'main.lua:612'
	Local variables:
	 msg = string: "[SMODS _ \"src/utils.lua\"]:1252: attempt to perform arithmetic on local 'amount' (a table value)"
	 (*temporary) = Lua function '?' (defined at line 31 of chunk [SMODS _ "src/logging.lua"])
	 (*temporary) = string: "Oops! The game crashed\
"
(2) Lua local 'handler' at file 'debugplus/console.lua:606' (from lovely module debugplus.console)
	Local variables:
	 msg = string: "[SMODS _ \"src/utils.lua\"]:1252: attempt to perform arithmetic on local 'amount' (a table value)"
(3) LÖVE metamethod at file 'boot.lua:352'
	Local variables:
	 errhand = Lua function '(LÖVE Function)' (defined at line 605 of chunk [lovely debugplus.console "debugplus/console.lua"])
	 handler = Lua function '(LÖVE Function)' (defined at line 605 of chunk [lovely debugplus.console "debugplus/console.lua"])
(4) Lua field 'calculate_individual_effect' at Steamodded file 'src/utils.lua:1252' 
	Local variables:
	 effect = table: 0x24e63eb8  {juice_card:table: 0x24d3d1d0, message_card:table: 0x247f3a30, mult:table: 0x24d361b0, card:table: 0x24d3d1d0}
	 scored_card = table: 0x247f3a30  {role:table: 0x24265708, zoom:true, click_offset:table: 0x24503aa0, under_overlay:false, children:table: 0x24636740, ambient_tilt:0.2, parent:table: 0x24775980 (more...)}
	 key = string: "mult"
	 amount = table: 0x24d361b0  {chips:0, chip_mod:8}
	 from_edition = boolean: false
	 (*temporary) = Lua function '?' (defined at line 750 of chunk functions/misc_functions.lua)
	 (*temporary) = number: 19
	 (*temporary) = number: 2.59971e-135
	 (*temporary) = table: 0x243d62a8  {queue_last_processed:39.183333333332, queues:table: 0x243d62d0, queue_dt:0.016666666666667, queue_timer:39.970868306717}
	 (*temporary) = table: 0x24e54fd8  {start_timer:false, timer:TOTAL, blockable:true, trigger:immediate, func:function: 0x24aadc08, delay:0, complete:false, time:86.977505873334, blocking:true (more...)}
	 (*temporary) = string: "base"
	 (*temporary) = nil
	 (*temporary) = table: 0x243d63e8  {1:table: 0x24776ed0, 2:table: 0x24c7c570, 3:table: 0x24d0b960, 4:table: 0x24d0b9e8, 5:table: 0x24c56a90, 6:table: 0x24e12990, 7:table: 0x24e12e28 (more...)}
	 (*temporary) = number: 34
	 (*temporary) = table: 0x23e01e28  {handle:function: 0x23e0b170, __index:table: 0x23e01e28, init:function: 0x23e01e50, __call:function: 0x23dc9da8, super:table: 0x23dc9eb0}
	 (*temporary) = string: "attempt to perform arithmetic on local 'amount' (a table value)"
(5) Lua field 'calculate_effect' at Steamodded file 'src/utils.lua:1506' 
	Local variables:
	 effect = table: 0x24e63eb8  {juice_card:table: 0x24d3d1d0, message_card:table: 0x247f3a30, mult:table: 0x24d361b0, card:table: 0x24d3d1d0}
	 scored_card = table: 0x247f3a30  {role:table: 0x24265708, zoom:true, click_offset:table: 0x24503aa0, under_overlay:false, children:table: 0x24636740, ambient_tilt:0.2, parent:table: 0x24775980 (more...)}
	 from_edition = boolean: false
	 pre_jokers = nil
	 ret = table: 0x24e553f8  {}
	 (for generator) = C function: builtin#6
	 (for state) = table: 0x24169ff0  {1:chips, 2:h_chips, 3:chip_mod, 4:mult, 5:h_mult, 6:mult_mod, 7:x_chips, 8:xchips, 9:Xchip_mod, 10:x_mult, 11:Xmult, 12:xmult, 13:x_mult_mod (more...)}
	 (for control) = number: 4
	 _ = number: 4
	 key = string: "mult"
(6) Lua field 'calculate_effect_table_key' at Steamodded file 'src/utils.lua:1489' 
	Local variables:
	 effect_table = table: 0x24e63b08  {jokers:table: 0x24e63eb8}
	 key = string: "jokers"
	 card = table: 0x247f3a30  {role:table: 0x24265708, zoom:true, click_offset:table: 0x24503aa0, under_overlay:false, children:table: 0x24636740, ambient_tilt:0.2, parent:table: 0x24775980 (more...)}
	 ret = table: 0x24e1f310  {calculated:true}
	 effect = table: 0x24e63eb8  {juice_card:table: 0x24d3d1d0, message_card:table: 0x247f3a30, mult:table: 0x24d361b0, card:table: 0x24d3d1d0}
(7) Lua field 'trigger_effects' at Steamodded file 'src/utils.lua:1467' 
	Local variables:
	 effects = table: 0x24c40578  {1:table: 0x24c405b8, 2:table: 0x24deba68, 3:table: 0x24debc38, 4:table: 0x24dec150, 5:table: 0x24dec668, 6:table: 0x24e636f8, 7:table: 0x24e63b08 (more...)}
	 card = table: 0x247f3a30  {role:table: 0x24265708, zoom:true, click_offset:table: 0x24503aa0, under_overlay:false, children:table: 0x24636740, ambient_tilt:0.2, parent:table: 0x24775980 (more...)}
	 ret = table: 0x24e1f310  {calculated:true}
	 (for generator) = C function: builtin#6
	 (for state) = table: 0x24c40578  {1:table: 0x24c405b8, 2:table: 0x24deba68, 3:table: 0x24debc38, 4:table: 0x24dec150, 5:table: 0x24dec668, 6:table: 0x24e636f8, 7:table: 0x24e63b08 (more...)}
	 (for control) = number: 7
	 _ = number: 7
	 effect_table = table: 0x24e63b08  {jokers:table: 0x24e63eb8}
	 (for generator) = C function: builtin#6
	 (for state) = table: 0x24e553b8  {1:jokers, 2:retriggers}
	 (for control) = number: 1
	 _ = number: 1
	 key = string: "jokers"
(8) Lua field 'score_card' at Steamodded file 'src/utils.lua:1884' 
	Local variables:
	 card = table: 0x247f3a30  {role:table: 0x24265708, zoom:true, click_offset:table: 0x24503aa0, under_overlay:false, children:table: 0x24636740, ambient_tilt:0.2, parent:table: 0x24775980 (more...)}
	 context = table: 0x24c403c8  {other_card:table: 0x247f3a30, poker_hands:table: 0x24d24d30, individual:true, scoring_name:Flush, scoring_hand:table: 0x24e94020, full_hand:table: 0x247761c0 (more...)}
	 reps = table: 0x24c40540  {1:1}
	 j = number: 1
	 effects = table: 0x24c40578  {1:table: 0x24c405b8, 2:table: 0x24deba68, 3:table: 0x24debc38, 4:table: 0x24dec150, 5:table: 0x24dec668, 6:table: 0x24e636f8, 7:table: 0x24e63b08 (more...)}
(9) Lua field 'calculate_main_scoring' at Steamodded file 'src/utils.lua:1924' 
	Local variables:
	 context = table: 0x24c403c8  {other_card:table: 0x247f3a30, poker_hands:table: 0x24d24d30, individual:true, scoring_name:Flush, scoring_hand:table: 0x24e94020, full_hand:table: 0x247761c0 (more...)}
	 scoring_hand = table: 0x24e94020  {1:table: 0x247f3a30, 2:table: 0x2406f090, 3:table: 0x2446dd80, 4:table: 0x2477d530, 5:table: 0x24778888}
	 (for generator) = C function: builtin#6
	 (for state) = table: 0x247761c0  {1:table: 0x247f3a30, 2:table: 0x2406f090, 3:table: 0x2446dd80, 4:table: 0x2477d530, 5:table: 0x24778888}
	 (for control) = number: 1
	 _ = number: 1
	 card = table: 0x247f3a30  {role:table: 0x24265708, zoom:true, click_offset:table: 0x24503aa0, under_overlay:false, children:table: 0x24636740, ambient_tilt:0.2, parent:table: 0x24775980 (more...)}
	 in_scoring = boolean: true
(10) Lua field 'evaluate_play' at file 'functions/state_events.lua:614'
	Local variables:
	 e = nil
	 text = string: "Flush"
	 disp_text = string: "Flush"
	 poker_hands = table: 0x24d24d30  {Flush House:table: 0x24cd32f8, Full House:table: 0x24cd3358, top:table: 0x24cd3500, Flush:table: 0x24c47148, Pair:table: 0x24daec38, Four of a Kind:table: 0x24d30d88 (more...)}
	 scoring_hand = table: 0x24e94020  {1:table: 0x247f3a30, 2:table: 0x2406f090, 3:table: 0x2446dd80, 4:table: 0x2477d530, 5:table: 0x24778888}
	 non_loc_disp_text = string: "Flush"
	 final_scoring_hand = table: 0x24e94020  {1:table: 0x247f3a30, 2:table: 0x2406f090, 3:table: 0x2446dd80, 4:table: 0x2477d530, 5:table: 0x24778888}
	 hand_text_set = boolean: false
	 modded = nil
	 (for generator) = C function: builtin#6
	 (for state) = table: 0x24c403a0  {1:table: 0x24775980, 2:table: 0x247750d8}
	 (for control) = number: 1
	 _ = number: 1
	 v = table: 0x24775980  {click_offset:table: 0x24775ae0, static_rotation:false, shuffle_amt:0, T:table: 0x24775ab8, offset:table: 0x247760a0, role:table: 0x24775ed0, last_aligned:-1 (more...)}
(11) Lua field 'func' at file 'functions/state_events.lua:482'
(12) Lua method 'handle' at file 'engine/event.lua:99'
	Local variables:
	 self = table: 0x24c7c570  {start_timer:true, timer:TOTAL, blockable:true, trigger:immediate, func:function: 0x24e34600, delay:0, complete:false, time:86.977505873334, blocking:true (more...)}
	 _results = table: 0x246c79c0  {blocking:true, pause_skip:false, time_done:false, completed:false}
(13) Lua method 'update' at file 'engine/event.lua:182'
	Local variables:
	 self = table: 0x243d62a8  {queue_last_processed:39.183333333332, queues:table: 0x243d62d0, queue_dt:0.016666666666667, queue_timer:39.970868306717}
	 dt = number: 0.0166381
	 forced = nil
	 (for generator) = C function: next
	 (for state) = table: 0x243d62d0  {unlock:table: 0x243d63c0, other:table: 0x243d6460, tutorial:table: 0x243d6410, base:table: 0x243d63e8, achievement:table: 0x243d6438}
	 (for control) = number: nan
	 k = string: "base"
	 v = table: 0x243d63e8  {1:table: 0x24776ed0, 2:table: 0x24c7c570, 3:table: 0x24d0b960, 4:table: 0x24d0b9e8, 5:table: 0x24c56a90, 6:table: 0x24e12990, 7:table: 0x24e12e28 (more...)}
	 blocked = boolean: false
	 i = number: 2
	 results = table: 0x246c79c0  {blocking:true, pause_skip:false, time_done:false, completed:false}
(14) Lua upvalue 'gameUpdateRef' at file 'game.lua:2552'
	Local variables:
	 self = table: 0x23e869b0  {F_GUIDE:false, F_CRASH_REPORTS:false, F_QUIT_BUTTON:true, HUD_tags:table: 0x2462e2c8, F_ENGLISH_ONLY:false, viewed_stake:1, HUD:table: 0x24758908 (more...)}
	 dt = number: 0.0166381
	 http_resp = nil
(15) Lua method 'update' at Steamodded file 'src/ui.lua:84' 
	Local variables:
	 self = table: 0x23e869b0  {F_GUIDE:false, F_CRASH_REPORTS:false, F_QUIT_BUTTON:true, HUD_tags:table: 0x2462e2c8, F_ENGLISH_ONLY:false, viewed_stake:1, HUD:table: 0x24758908 (more...)}
	 dt = number: 0.0166381
(16) Lua field 'update' at file 'main.lua:999'
	Local variables:
	 dt = number: 0.0166381
(17) Lua function '?' at file 'main.lua:938' (best guess)
(18) global C function 'xpcall'
(19) LÖVE function at file 'boot.lua:377' (best guess)
	Local variables:
	 func = Lua function '?' (defined at line 909 of chunk main.lua)
	 inerror = boolean: true
	 deferErrhand = Lua function '(LÖVE Function)' (defined at line 348 of chunk [love "boot.lua"])
	 earlyinit = Lua function '(LÖVE Function)' (defined at line 355 of chunk [love "boot.lua"])
 
INFO - [G] file not found: functions/misc_functions.lua: No such file or directory
INFO - [G] file not found: main.lua: No such file or directory
INFO - [G] file not found: main.lua: No such file or directory
INFO - [G] 2025-09-23 19:18:13 :: INFO  :: StackTrace :: Additional Context:
Balatro Version: 1.0.1o-FULL
Modded Version: 1.0.0~BETA-0711a-STEAMODDED
LÖVE Version: 11.5.0
Lovely Version: 0.8.0
Platform: Windows
Steamodded Mods:
    1: Super Auto Jokers by Equi [ID: SuperAutoJokers, Version: 1.0.0]
    2: DebugPlus by WilsontheWolf [ID: DebugPlus, Version: 1.5.1, Uses Lovely]
Lovely Mods: 
