INFO - [♥] Lovely 0.8.0
INFO - [♥] Game directory is at "C:\\Program Files (x86)\\Steam\\steamapps\\common\\Balatro"
INFO - [♥] Writing logs to "C:\\Users\\PC\\AppData\\Roaming\\Balatro\\Mods\\lovely\\log"
INFO - [♥] Using mod directory at "C:\\Users\\PC\\AppData\\Roaming\\Balatro\\Mods"
WARN - [♥] Unknown key `patches.49.?.match_indent` found in patch file at "C:\\Users\\PC\\AppData\\Roaming\\Balatro\\Mods\\Talisman\\lovely.toml", ignoring it
WARN - [♥] Unknown key `patches.52.?.match_indent` found in patch file at "C:\\Users\\PC\\AppData\\Roaming\\Balatro\\Mods\\Talisman\\lovely.toml", ignoring it
INFO - [♥] Cleaning up dumps directory at "C:\\Users\\PC\\AppData\\Roaming\\Balatro\\Mods\\lovely\\dump"
INFO - [♥] Initialization complete in 95ms
WARN - [♥] Pattern 'G.ARGS.score_intensity.organ = G.video_organ or G.ARGS.score_intensity.required_score > 0 and math.max(math.min(0.4, 0.1*math.log(G.ARGS.score_intensity.earned_score/(G.ARGS.score_intensity.required_score+1), 5)),0.) or 0' on target 'main.lua' for pattern patch from Talisman\lovely.toml resulted in no matches
WARN - [♥] Pattern 'if type(G.GAME.current_round.current_hand.chips) ~= \'number\' or type(G.GAME.current_round.current_hand.mult) ~= \'number\' then' on target 'main.lua' for pattern patch from Talisman\lovely.toml resulted in no matches
INFO - [♥] Applied 10 patches to 'main.lua'
INFO - [♥] Applied 2 patches to 'engine/string_packer.lua'
INFO - [♥] Applied 5 patches to 'engine/controller.lua'
INFO - [♥] Applied 15 patches to 'back.lua'
INFO - [♥] Applied 7 patches to 'tag.lua'
INFO - [♥] Applied 3 patches to 'engine/moveable.lua'
INFO - [♥] Applied 3 patches to 'engine/sprite.lua'
INFO - [♥] Applied 2 patches to 'engine/animatedsprite.lua'
WARN - [♥] Pattern 'assembled_string = assembled_string..(type(subpart) == \'string\' and subpart or args.vars[tonumber(subpart[1])] or \'ERROR\')' on target 'functions/misc_functions.lua' for pattern patch from Talisman\lovely.toml resulted in no matches
INFO - [♥] Applied 72 patches to 'functions/misc_functions.lua'
INFO - [♥] Applied 44 patches to 'game.lua'
INFO - [♥] Applied 1 patch to 'globals.lua'
INFO - [♥] Applied 8 patches to 'engine/ui.lua'
WARN - [♥] Pattern '{n=G.UIT.T, config={text = G.GAME.hands[handname].chips, scale = 0.45, colour = G.C.UI.TEXT_LIGHT}},' on target 'functions/UI_definitions.lua' for pattern patch from Talisman\lovely.toml resulted in no matches
WARN - [♥] Pattern '{n=G.UIT.T, config={text = G.GAME.hands[handname].mult, scale = 0.45, colour = G.C.UI.TEXT_LIGHT}}' on target 'functions/UI_definitions.lua' for pattern patch from Talisman\lovely.toml resulted in no matches
INFO - [♥] Applied 90 patches to 'functions/UI_definitions.lua'
WARN - [♥] Pattern 'if effects[ii].card then' on target 'functions/state_events.lua' for pattern patch from Talisman\lovely.toml resulted in no matches
WARN - [♥] Pattern 'if effects.jokers.Xmult_mod then mult = mod_mult(mult*effects.jokers.Xmult_mod);extras.mult = true  end' on target 'functions/state_events.lua' for pattern patch from Talisman\lovely.toml resulted in no matches
WARN - [♥] Pattern 'if effect.Xmult_mod then mult = mod_mult(mult*effect.Xmult_mod);extras.mult = true  end' on target 'functions/state_events.lua' for pattern patch from Talisman\lovely.toml resulted in no matches
WARN - [♥] Pattern 'if effects[ii].message then' on target 'functions/state_events.lua' for pattern patch from Talisman\lovely.toml resulted in no matches
WARN - [♥] Pattern '--calculate the card edition effects' on target 'functions/state_events.lua' for pattern patch from Talisman\lovely.toml resulted in no matches
WARN - [♥] Pattern 'if effects[ii].edition.p_dollars_mod then' on target 'functions/state_events.lua' for pattern patch from Talisman\lovely.toml resulted in no matches
WARN - [♥] Pattern 'if edition_effects.jokers.x_mult_mod then' on target 'functions/state_events.lua' for pattern patch from Talisman\lovely.toml resulted in no matches
INFO - [♥] Applied 61 patches to 'functions/state_events.lua'
WARN - [♥] Pattern 'if num_dollars > 60 then' on target 'functions/common_events.lua' for pattern patch from Talisman\lovely.toml resulted in no matches
WARN - [♥] Pattern 'func = (function() if eval_func(card) then if not first or first then card:juice_up(0.1, 0.1) end;juice_card_until(card, eval_func, nil, 0.8) end return true end)' on target 'functions/common_events.lua' for pattern patch from Talisman\lovely.toml resulted in no matches
INFO - [♥] Applied 144 patches to 'functions/common_events.lua'
INFO - [♥] Applied 60 patches to 'functions/button_callbacks.lua'
WARN - [♥] Pattern 'if G.GAME.blind then G.E_MANAGER:add_event(Event({ func = function() G.GAME.blind:set_blind(nil, true, nil); return true end })) end' on target 'card.lua' for pattern patch from Talisman\lovely.toml resulted in no matches
WARN - [♥] Pattern 'x_mult = center.config.Xmult or 1,' on target 'card.lua' for pattern patch from Talisman\lovely.toml resulted in no matches
INFO - [♥] Applied 171 patches to 'card.lua'
INFO - [♥] Applied 11 patches to 'cardarea.lua'
INFO - [♥] Applied 38 patches to 'blind.lua'
INFO - [♥] Applied 5 patches to 'engine/text.lua'
INFO - [♥] Applied 1 patch to '=[SMODS _ "src/utils.lua"]'
INFO - [G] Failed to connect to the debug server
INFO - [G] 2025-07-03 20:17:42 :: DEBUG :: DebugConsole :: Steamodded Debug Socket started !
INFO - [G] 2025-07-03 20:17:42 :: INFO  :: SMODS :: Steamodded v1.0.0~BETA-0614a
INFO - [♥] Applied 9 patches to 'engine/sound_manager.lua'
INFO - [♥] Applied 3 patches to 'engine/save_manager.lua'
INFO - [♥] Applied 2 patches to 'engine/string_packer.lua'
INFO - [G] 2025-07-03 20:17:46 :: TRACE :: Loader :: Processing Mod file (Legacy header): FusionJokers.lua
INFO - [G] 2025-07-03 20:17:46 :: TRACE :: Loader :: Saving Mod Info: FusionJokers
INFO - [G] 2025-07-03 20:17:46 :: TRACE :: Loader :: Processing Mod file (Legacy header): JenLib.lua
INFO - [G] 2025-07-03 20:17:46 :: TRACE :: Loader :: Saving Mod Info: JenLib
INFO - [G] 2025-07-03 20:17:46 :: TRACE :: Loader :: Processing Mod file (Legacy header): steamodded_metadata.lua
INFO - [G] 2025-07-03 20:17:46 :: TRACE :: Loader :: Saving Mod Info: Talisman
INFO - [G] 2025-07-03 20:17:46 :: INFO  :: TIMER :: [0000] Injected Fonts in 0.001 ms
INFO - [G] 2025-07-03 20:17:46 :: INFO  :: TIMER :: [0000] Injected Language in 0.002 ms
INFO - [G] 2025-07-03 20:17:46 :: INFO  :: TIMER :: [0000] Injected [INTERNAL] in 3.522 ms
INFO - [G] 2025-07-03 20:17:46 :: INFO  :: TIMER :: [0019] Injected Atlas in 448.725 ms
INFO - [G] 2025-07-03 20:17:46 :: INFO  :: TIMER :: [0008] Injected Sound in 15.846 ms
INFO - [G] 2025-07-03 20:17:46 :: INFO  :: TIMER :: [0008] Injected Stake in 0.356 ms
INFO - [G] 2025-07-03 20:17:46 :: INFO  :: TIMER :: [0004] Injected Rarity in 0.031 ms
INFO - [G] 2025-07-03 20:17:46 :: INFO  :: TIMER :: [0004] Injected ObjectType in 0.118 ms
INFO - [G] 2025-07-03 20:17:46 :: INFO  :: TIMER :: [0064] Injected Center in 1.504 ms
INFO - [G] 2025-07-03 20:17:46 :: INFO  :: TIMER :: [0007] Injected Undiscovered Sprite in 0.028 ms
INFO - [G] 2025-07-03 20:17:46 :: INFO  :: TIMER :: [0002] Injected Blind in 0.028 ms
INFO - [G] 2025-07-03 20:17:46 :: INFO  :: TIMER :: [0004] Injected Seal in 0.301 ms
INFO - [G] 2025-07-03 20:17:46 :: INFO  :: TIMER :: [0004] Injected Suit in 0.116 ms
INFO - [G] 2025-07-03 20:17:46 :: INFO  :: TIMER :: [0013] Injected Rank in 0.226 ms
INFO - [G] 2025-07-03 20:17:46 :: INFO  :: TIMER :: [0028] Injected DeckSkin in 0.316 ms
INFO - [G] 2025-07-03 20:17:47 :: INFO  :: TIMER :: [0012] Injected PokerHand in 0.155 ms
INFO - [G] 2025-07-03 20:17:47 :: INFO  :: TIMER :: [0020] Injected Challenge in 0.097 ms
INFO - [G] 2025-07-03 20:17:47 :: INFO  :: TIMER :: [0000] Injected Tag in 0.002 ms
INFO - [G] 2025-07-03 20:17:47 :: INFO  :: TIMER :: [0004] Injected Sticker in 0.216 ms
INFO - [G] 2025-07-03 20:17:47 :: INFO  :: TIMER :: [0000] Injected Shader in 0.002 ms
INFO - [G] 2025-07-03 20:17:47 :: INFO  :: TIMER :: [0002] Injected Keybind in 0.025 ms
INFO - [G] 2025-07-03 20:17:47 :: INFO  :: TIMER :: [0000] Injected Achievement in 0.099 ms
INFO - [G] 2025-07-03 20:17:47 :: INFO  :: TIMER :: [0002] Injected nil in 0.029 ms
INFO - [G] 2025-07-03 20:17:47 :: INFO  :: TIMER :: [0021] Injected Draw Step in 0.091 ms
INFO - [G] 2025-07-03 20:17:47 :: INFO  :: TIMER :: [0000] Injected [INTERNAL] in 3.082 ms
