INFO - [♥] Lovely 0.8.0
INFO - [♥] Game directory is at "C:\\Program Files (x86)\\Steam\\steamapps\\common\\Balatro"
INFO - [♥] Writing logs to "C:\\Users\\PC\\AppData\\Roaming\\Balatro\\Mods\\lovely\\log"
INFO - [♥] Using mod directory at "C:\\Users\\PC\\AppData\\Roaming\\Balatro\\Mods"
INFO - [♥] Cleaning up dumps directory at "C:\\Users\\PC\\AppData\\Roaming\\Balatro\\Mods\\lovely\\dump"
INFO - [♥] Initialization complete in 53ms
INFO - [♥] Applied 1 patch to 'conf.lua'
INFO - [♥] Applied 11 patches to 'main.lua'
INFO - [♥] Applied 10 patches to 'engine/controller.lua'
INFO - [♥] Applied 15 patches to 'back.lua'
INFO - [♥] Applied 7 patches to 'tag.lua'
INFO - [♥] Applied 2 patches to 'engine/moveable.lua'
INFO - [♥] Applied 2 patches to 'engine/sprite.lua'
INFO - [♥] Applied 2 patches to 'engine/animatedsprite.lua'
INFO - [♥] Applied 67 patches to 'functions/misc_functions.lua'
INFO - [♥] Applied 40 patches to 'game.lua'
INFO - [♥] Applied 1 patch to 'globals.lua'
INFO - [♥] Applied 5 patches to 'engine/ui.lua'
INFO - [♥] Applied 95 patches to 'functions/UI_definitions.lua'
INFO - [♥] Applied 49 patches to 'functions/state_events.lua'
INFO - [♥] Applied 117 patches to 'functions/common_events.lua'
INFO - [♥] Applied 51 patches to 'functions/button_callbacks.lua'
INFO - [♥] Applied 186 patches to 'card.lua'
INFO - [♥] Applied 10 patches to 'cardarea.lua'
INFO - [♥] Applied 37 patches to 'blind.lua'
INFO - [♥] Applied 2 patches to 'engine/text.lua'
INFO - [G] Failed to connect to the debug server 
INFO - [G] 2025-09-21 17:16:46 :: DEBUG :: DebugConsole :: Steamodded Debug Socket started ! 
INFO - [G] 2025-09-21 17:16:46 :: INFO  :: SMODS :: Steamodded v1.0.0~BETA-0711a 
INFO - [♥] Applied 9 patches to 'engine/sound_manager.lua'
INFO - [♥] Applied 1 patch to 'engine/save_manager.lua'
INFO - [G] 2025-09-21 17:16:49 :: INFO  :: Loader :: Valid JSON file found 
INFO - [G] 2025-09-21 17:16:49 :: INFO  :: Loader :: Valid JSON file found 
INFO - [G] 2025-09-21 17:16:49 :: INFO  :: TIMER :: [0000] Injected Fonts in 0.002 ms 
INFO - [G] 2025-09-21 17:16:49 :: INFO  :: TIMER :: [0000] Injected Language in 0.002 ms 
INFO - [G] 2025-09-21 17:16:49 :: INFO  :: TIMER :: [0000] Injected [INTERNAL] in 2.524 ms 
INFO - [G] 2025-09-21 17:16:50 :: INFO  :: TIMER :: [0003] Injected Atlas in 436.585 ms 
INFO - [G] 2025-09-21 17:16:50 :: INFO  :: TIMER :: [0001] Injected Sound in 0.819 ms 
INFO - [G] 2025-09-21 17:16:50 :: INFO  :: TIMER :: [0008] Injected Stake in 0.265 ms 
INFO - [G] 2025-09-21 17:16:50 :: INFO  :: TIMER :: [0004] Injected Rarity in 0.117 ms 
INFO - [G] 2025-09-21 17:16:50 :: INFO  :: TIMER :: [0004] Injected ObjectType in 0.081 ms 
INFO - [G] 2025-09-21 17:16:50 :: INFO  :: TIMER :: [0068] Injected Center in 0.953 ms 
INFO - [G] 2025-09-21 17:16:50 :: INFO  :: TIMER :: [0007] Injected Undiscovered Sprite in 0.041 ms 
INFO - [G] 2025-09-21 17:16:50 :: INFO  :: TIMER :: [0002] Injected Blind in 0.030 ms 
INFO - [G] 2025-09-21 17:16:50 :: INFO  :: TIMER :: [0004] Injected Seal in 0.298 ms 
INFO - [G] 2025-09-21 17:16:50 :: INFO  :: TIMER :: [0004] Injected Suit in 0.121 ms 
INFO - [G] 2025-09-21 17:16:50 :: INFO  :: TIMER :: [0013] Injected Rank in 0.195 ms 
INFO - [G] 2025-09-21 17:16:50 :: INFO  :: TIMER :: [0028] Injected DeckSkin in 0.645 ms 
INFO - [G] 2025-09-21 17:16:50 :: INFO  :: TIMER :: [0012] Injected PokerHand in 0.108 ms 
INFO - [G] 2025-09-21 17:16:50 :: INFO  :: TIMER :: [0020] Injected Challenge in 0.062 ms 
INFO - [G] 2025-09-21 17:16:50 :: INFO  :: TIMER :: [0000] Injected Tag in 0.003 ms 
INFO - [G] 2025-09-21 17:16:50 :: INFO  :: TIMER :: [0004] Injected Sticker in 0.228 ms 
INFO - [G] 2025-09-21 17:16:50 :: INFO  :: TIMER :: [0000] Injected Shader in 0.002 ms 
INFO - [G] 2025-09-21 17:16:50 :: INFO  :: TIMER :: [0002] Injected Keybind in 0.030 ms 
INFO - [G] 2025-09-21 17:16:50 :: INFO  :: TIMER :: [0000] Injected Achievement in 0.107 ms 
INFO - [G] 2025-09-21 17:16:50 :: INFO  :: TIMER :: [0002] Injected nil in 0.025 ms 
INFO - [G] 2025-09-21 17:16:50 :: INFO  :: TIMER :: [0021] Injected Draw Step in 0.166 ms 
INFO - [G] 2025-09-21 17:16:50 :: INFO  :: TIMER :: [0000] Injected [INTERNAL] in 0.926 ms 
INFO - [G] [DebugPlus] Press [/] to toggle console and press [shift] + [/] to toggle new log previews 
INFO - [G] line not found
INFO - [G] file not found: main.lua: No such file or directory
INFO - [G] file not found: main.lua: No such file or directory
INFO - [G] 2025-09-21 17:17:25 :: ERROR :: StackTrace :: Oops! The game crashed
[SMODS SuperAutoJokers "superautojokers_main.lua"]:423: attempt to index field 'other_card' (a nil value)
Stack Traceback
===============
(1) Lua upvalue 'orig' at file 'main.lua:612'
	Local variables:
	 msg = string: "[SMODS SuperAutoJokers \"superautojokers_main.lua\"]:423: attempt to index field 'other_card' (a nil value)"
	 (*temporary) = Lua function '?' (defined at line 31 of chunk [SMODS _ "src/logging.lua"])
	 (*temporary) = string: "Oops! The game crashed\
"
(2) Lua local 'handler' at file 'debugplus/console.lua:606' (from lovely module debugplus.console)
	Local variables:
	 msg = string: "[SMODS SuperAutoJokers \"superautojokers_main.lua\"]:423: attempt to index field 'other_card' (a nil value)"
(3) LÖVE metamethod at file 'boot.lua:352'
	Local variables:
	 errhand = Lua function '(LÖVE Function)' (defined at line 605 of chunk [lovely debugplus.console "debugplus/console.lua"])
	 handler = Lua function '(LÖVE Function)' (defined at line 605 of chunk [lovely debugplus.console "debugplus/console.lua"])
(4) Lua method 'calculate_joker' at file 'superautojokers_main.lua:423' (from mod with id SuperAutoJokers)
	Local variables:
	 self = table: 0x2d132e98  {sticker_run:white, click_offset:table: 0x2d1331f0, static_rotation:false, children:table: 0x2d134b08, ambient_tilt:0.2, parent:table: 0x2c8bcfa8 (more...)}
	 context = table: 0x2cd3aaa0  {main_eval:true, ignore_debuff:true, cardarea:table: 0x2c8bcfa8, debuff_card:table: 0x2c8c4920}
	 (*temporary) = nil
	 (*temporary) = nil
	 (*temporary) = number: 3
	 (*temporary) = string: "pinned"
	 (*temporary) = table: 0x2c6ad188  {order:4, rate:0, should_apply:false, _saved_d_u:true, apply:function: 0x2c6ac7e0, sticker_sprite:table: 0x2c80e530, atlas:stickers, prefix_config:table: 0x2c6ad2c8 (more...)}
	 (*temporary) = string: "attempt to index field 'other_card' (a nil value)"
(5) Lua global 'eval_card' at file 'functions/common_events.lua:722'
	Local variables:
	 card = table: 0x2d132e98  {sticker_run:white, click_offset:table: 0x2d1331f0, static_rotation:false, children:table: 0x2d134b08, ambient_tilt:0.2, parent:table: 0x2c8bcfa8 (more...)}
	 context = table: 0x2cd3aaa0  {main_eval:true, ignore_debuff:true, cardarea:table: 0x2c8bcfa8, debuff_card:table: 0x2c8c4920}
	 ret = table: 0x2cee0e78  {}
	 post_trig = table: 0x2cee0ea0  {}
	 areas = table: 0x2cee0ec8  {1:table: 0x2c8bcfa8, 2:table: 0x2c8bc698, 3:table: 0x2c8be1b0}
	 area_set = table: 0x2cee0f10  {table: 0x2c8bc698:true, table: 0x2c8bcfa8:true, table: 0x2c8be1b0:true}
(6) Lua field 'calculate_card_areas' at Steamodded file 'src/utils.lua:1720' 
	Local variables:
	 _type = string: "jokers"
	 context = table: 0x2cd3aaa0  {main_eval:true, ignore_debuff:true, cardarea:table: 0x2c8bcfa8, debuff_card:table: 0x2c8c4920}
	 return_table = nil
	 args = table: 0x2cd3a798  {joker_area:true}
	 flags = table: 0x2cf0d8b0  {}
	 (for generator) = C function: builtin#6
	 (for state) = table: 0x2cf0d8d8  {1:table: 0x2c8bcfa8, 2:table: 0x2c8bc698, 3:table: 0x2c8be1b0}
	 (for control) = number: 1
	 _ = number: 1
	 area = table: 0x2c8bcfa8  {click_offset:table: 0x2c8bd108, static_rotation:false, shuffle_amt:0, T:table: 0x2c8bd0e0, offset:table: 0x2c8bd6c8, role:table: 0x2c8bd4f8, last_aligned:-1 (more...)}
	 (for generator) = C function: builtin#6
	 (for state) = table: 0x2c8bd7e8  {1:table: 0x2d0615f0, 2:table: 0x2d132e98}
	 (for control) = number: 2
	 _ = number: 2
	 _card = table: 0x2d132e98  {sticker_run:white, click_offset:table: 0x2d1331f0, static_rotation:false, children:table: 0x2d134b08, ambient_tilt:0.2, parent:table: 0x2c8bcfa8 (more...)}
(7) Lua field 'calculate_context' at Steamodded file 'src/utils.lua:1836' 
	Local variables:
	 context = table: 0x2cd3aaa0  {main_eval:true, ignore_debuff:true, cardarea:table: 0x2c8bcfa8, debuff_card:table: 0x2c8c4920}
	 return_table = nil
	 no_resolve = nil
	 has_area = nil
	 flags = table: 0x2cd3a7d0  {}
	 (*temporary) = number: 1
(8) Lua method 'debuff_card' at Steamodded file 'src/overrides.lua:2251' 
	Local variables:
	 self = table: 0x2c668270  {click_offset:table: 0x2c668618, children:table: 0x2c6687c0, ambient_tilt:0.3, parent:table: 0x2c91e218, mult:1, T:table: 0x2c668460, offset:table: 0x2c6686a0 (more...)}
	 card = table: 0x2c8c4920  {click_offset:table: 0x2c8c4c10, children:table: 0x2c8c5760, ambient_tilt:0.2, parent:table: 0x2c8bea90, T:table: 0x2c8c4a58, offset:table: 0x2c8c54f0 (more...)}
	 from_blind = nil
(9) Lua method 'set_blind' at file 'blind.lua:218'
	Local variables:
	 self = table: 0x2c668270  {click_offset:table: 0x2c668618, children:table: 0x2c6687c0, ambient_tilt:0.3, parent:table: 0x2c91e218, mult:1, T:table: 0x2c668460, offset:table: 0x2c6686a0 (more...)}
	 blind = table: 0x2c4772d8  {order:1, alerted:true, discovered:true, debuff:table: 0x2c4774b0, _saved_d_u:true, key:bl_small, mult:1, vars:table: 0x2c477488, defeated:false (more...)}
	 reset = nil
	 silent = nil
	 obj = table: 0x2c4772d8  {order:1, alerted:true, discovered:true, debuff:table: 0x2c4774b0, _saved_d_u:true, key:bl_small, mult:1, vars:table: 0x2c477488, defeated:false (more...)}
	 (for generator) = C function: builtin#6
	 (for state) = table: 0x2c8c04d0  {1:table: 0x2c8c4920, 2:table: 0x2c8c94d8, 3:table: 0x2c8ce020, 4:table: 0x2c8d2bf8, 5:table: 0x2c8d7690, 6:table: 0x2c8dc138, 7:table: 0x2c8e0c80 (more...)}
	 (for control) = number: 1
	 _ = number: 1
	 v = table: 0x2c8c4920  {click_offset:table: 0x2c8c4c10, children:table: 0x2c8c5760, ambient_tilt:0.2, parent:table: 0x2c8bea90, T:table: 0x2c8c4a58, offset:table: 0x2c8c54f0 (more...)}
(10) Lua field 'func' at file 'functions/state_events.lua:274'
	Local variables:
	 blhash = string: "S"
(11) Lua method 'handle' at file 'engine/event.lua:99'
	Local variables:
	 self = table: 0x2c5eb8e8  {start_timer:true, timer:TOTAL, blockable:true, trigger:immediate, func:function: 0x2c75e388, delay:0, complete:false, time:31.365950319593, blocking:true (more...)}
	 _results = table: 0x2c983c40  {blocking:true, pause_skip:false, time_done:false, completed:false}
(12) Lua method 'update' at file 'engine/event.lua:182'
	Local variables:
	 self = table: 0x2c38c408  {queue_last_processed:33.849999999999, queues:table: 0x2c38c430, queue_dt:0.016666666666667, queue_timer:34.602918146909}
	 dt = number: 0.016702
	 forced = nil
	 (for generator) = C function: next
	 (for state) = table: 0x2c38c430  {unlock:table: 0x2c38c520, other:table: 0x2c38c5c0, tutorial:table: 0x2c38c570, base:table: 0x2c38c548, achievement:table: 0x2c38c598}
	 (for control) = number: nan
	 k = string: "base"
	 v = table: 0x2c38c548  {1:table: 0x2c8c17a8, 2:table: 0x2c5eb8e8, 3:table: 0x2cda3c90, 4:table: 0x2cd3d5a0, 5:table: 0x2c37bf40, 6:table: 0x2c76d318, 7:table: 0x2c76d458 (more...)}
	 blocked = boolean: false
	 i = number: 2
	 results = table: 0x2c983c40  {blocking:true, pause_skip:false, time_done:false, completed:false}
(13) Lua upvalue 'gameUpdateRef' at file 'game.lua:2552'
	Local variables:
	 self = table: 0x2c080508  {F_GUIDE:false, F_CRASH_REPORTS:false, F_QUIT_BUTTON:true, HUD_tags:table: 0x2cd09aa8, F_ENGLISH_ONLY:false, viewed_stake:1, HUD:table: 0x2c9f39d8 (more...)}
	 dt = number: 0.016702
	 http_resp = nil
(14) Lua method 'update' at Steamodded file 'src/ui.lua:84' 
	Local variables:
	 self = table: 0x2c080508  {F_GUIDE:false, F_CRASH_REPORTS:false, F_QUIT_BUTTON:true, HUD_tags:table: 0x2cd09aa8, F_ENGLISH_ONLY:false, viewed_stake:1, HUD:table: 0x2c9f39d8 (more...)}
	 dt = number: 0.016702
(15) Lua field 'update' at file 'main.lua:999'
	Local variables:
	 dt = number: 0.016702
(16) Lua function '?' at file 'main.lua:938' (best guess)
(17) global C function 'xpcall'
(18) LÖVE function at file 'boot.lua:377' (best guess)
	Local variables:
	 func = Lua function '?' (defined at line 909 of chunk main.lua)
	 inerror = boolean: true
	 deferErrhand = Lua function '(LÖVE Function)' (defined at line 348 of chunk [love "boot.lua"])
	 earlyinit = Lua function '(LÖVE Function)' (defined at line 355 of chunk [love "boot.lua"])
 
INFO - [G] file not found: main.lua: No such file or directory
INFO - [G] file not found: main.lua: No such file or directory
INFO - [G] 2025-09-21 17:17:25 :: INFO  :: StackTrace :: Additional Context:
Balatro Version: 1.0.1o-FULL
Modded Version: 1.0.0~BETA-0711a-STEAMODDED
LÖVE Version: 11.5.0
Lovely Version: 0.8.0
Platform: Windows
Steamodded Mods:
    1: Super Auto Jokers by Equi [ID: SuperAutoJokers, Version: 1.0.0]
    2: DebugPlus by WilsontheWolf [ID: DebugPlus, Version: 1.5.1, Uses Lovely]
Lovely Mods: 
