INFO - [♥] Lovely 0.8.0
INFO - [♥] Game directory is at "C:\\Program Files (x86)\\Steam\\steamapps\\common\\Balatro"
INFO - [♥] Writing logs to "C:\\Users\\PC\\AppData\\Roaming\\Balatro\\Mods\\lovely\\log"
INFO - [♥] Using mod directory at "C:\\Users\\PC\\AppData\\Roaming\\Balatro\\Mods"
INFO - [♥] Cleaning up dumps directory at "C:\\Users\\PC\\AppData\\Roaming\\Balatro\\Mods\\lovely\\dump"
INFO - [♥] Initialization complete in 232ms
INFO - [♥] Applied 1 patch to 'conf.lua'
INFO - [♥] Applied 11 patches to 'main.lua'
INFO - [♥] Applied 10 patches to 'engine/controller.lua'
INFO - [♥] Applied 15 patches to 'back.lua'
INFO - [♥] Applied 7 patches to 'tag.lua'
INFO - [♥] Applied 2 patches to 'engine/moveable.lua'
INFO - [♥] Applied 2 patches to 'engine/sprite.lua'
INFO - [♥] Applied 2 patches to 'engine/animatedsprite.lua'
INFO - [♥] Applied 67 patches to 'functions/misc_functions.lua'
INFO - [♥] Applied 40 patches to 'game.lua'
INFO - [♥] Applied 1 patch to 'globals.lua'
INFO - [♥] Applied 5 patches to 'engine/ui.lua'
INFO - [♥] Applied 95 patches to 'functions/UI_definitions.lua'
INFO - [♥] Applied 49 patches to 'functions/state_events.lua'
INFO - [♥] Applied 117 patches to 'functions/common_events.lua'
INFO - [♥] Applied 51 patches to 'functions/button_callbacks.lua'
INFO - [♥] Applied 186 patches to 'card.lua'
INFO - [♥] Applied 10 patches to 'cardarea.lua'
INFO - [♥] Applied 37 patches to 'blind.lua'
INFO - [♥] Applied 2 patches to 'engine/text.lua'
INFO - [G] Failed to connect to the debug server 
INFO - [G] 2025-09-25 19:55:31 :: DEBUG :: DebugConsole :: Steamodded Debug Socket started ! 
INFO - [G] 2025-09-25 19:55:31 :: INFO  :: SMODS :: Steamodded v1.0.0~BETA-0711a 
INFO - [♥] Applied 9 patches to 'engine/sound_manager.lua'
INFO - [♥] Applied 1 patch to 'engine/save_manager.lua'
INFO - [G] 2025-09-25 19:55:34 :: INFO  :: Loader :: Valid JSON file found 
INFO - [G] 2025-09-25 19:55:34 :: INFO  :: Loader :: Valid JSON file found 
INFO - [G] 2025-09-25 19:55:35 :: WARN  :: Joker :: Cannot take ownership of j_mail-in_rebate: Does not exist. 
INFO - [G] 2025-09-25 19:55:35 :: WARN  :: Joker :: Cannot take ownership of j_the_idol: Does not exist. 
INFO - [G] 2025-09-25 19:55:35 :: INFO  :: TIMER :: [0000] Injected Fonts in 0.002 ms 
INFO - [G] 2025-09-25 19:55:35 :: INFO  :: TIMER :: [0000] Injected Language in 0.001 ms 
INFO - [G] 2025-09-25 19:55:35 :: INFO  :: TIMER :: [0000] Injected [INTERNAL] in 3.317 ms 
INFO - [G] 2025-09-25 19:55:35 :: INFO  :: TIMER :: [0003] Injected Atlas in 368.443 ms 
INFO - [G] 2025-09-25 19:55:35 :: INFO  :: TIMER :: [0001] Injected Sound in 0.649 ms 
INFO - [G] 2025-09-25 19:55:35 :: INFO  :: TIMER :: [0008] Injected Stake in 0.348 ms 
INFO - [G] 2025-09-25 19:55:35 :: INFO  :: TIMER :: [0004] Injected Rarity in 0.036 ms 
INFO - [G] 2025-09-25 19:55:35 :: INFO  :: TIMER :: [0004] Injected ObjectType in 0.054 ms 
INFO - [G] 2025-09-25 19:55:35 :: INFO  :: TIMER :: [0075] Injected Center in 1.382 ms 
INFO - [G] 2025-09-25 19:55:35 :: INFO  :: TIMER :: [0007] Injected Undiscovered Sprite in 0.027 ms 
INFO - [G] 2025-09-25 19:55:35 :: INFO  :: TIMER :: [0002] Injected Blind in 0.027 ms 
INFO - [G] 2025-09-25 19:55:35 :: INFO  :: TIMER :: [0004] Injected Seal in 0.195 ms 
INFO - [G] 2025-09-25 19:55:35 :: INFO  :: TIMER :: [0004] Injected Suit in 0.099 ms 
INFO - [G] 2025-09-25 19:55:35 :: INFO  :: TIMER :: [0013] Injected Rank in 0.189 ms 
INFO - [G] 2025-09-25 19:55:35 :: INFO  :: TIMER :: [0028] Injected DeckSkin in 0.413 ms 
INFO - [G] 2025-09-25 19:55:35 :: INFO  :: TIMER :: [0012] Injected PokerHand in 0.106 ms 
INFO - [G] 2025-09-25 19:55:35 :: INFO  :: TIMER :: [0020] Injected Challenge in 0.055 ms 
INFO - [G] 2025-09-25 19:55:35 :: INFO  :: TIMER :: [0000] Injected Tag in 0.002 ms 
INFO - [G] 2025-09-25 19:55:35 :: INFO  :: TIMER :: [0004] Injected Sticker in 0.118 ms 
INFO - [G] 2025-09-25 19:55:35 :: INFO  :: TIMER :: [0000] Injected Shader in 0.002 ms 
INFO - [G] 2025-09-25 19:55:35 :: INFO  :: TIMER :: [0002] Injected Keybind in 0.021 ms 
INFO - [G] 2025-09-25 19:55:35 :: INFO  :: TIMER :: [0000] Injected Achievement in 0.084 ms 
INFO - [G] 2025-09-25 19:55:35 :: INFO  :: TIMER :: [0002] Injected nil in 0.024 ms 
INFO - [G] 2025-09-25 19:55:35 :: INFO  :: TIMER :: [0021] Injected Draw Step in 0.154 ms 
INFO - [G] 2025-09-25 19:55:35 :: INFO  :: TIMER :: [0000] Injected [INTERNAL] in 0.861 ms 
INFO - [G] [DebugPlus] Press [/] to toggle console and press [shift] + [/] to toggle new log previews 
INFO - [G] line not found
INFO - [G] file not found: main.lua: No such file or directory
INFO - [G] file not found: main.lua: No such file or directory
INFO - [G] 2025-09-25 19:55:59 :: ERROR :: StackTrace :: Oops! The game crashed
[SMODS SuperAutoJokers "superautojokers_main.lua"]:599: attempt to index field 'ability' (a nil value)
Stack Traceback
===============
(1) Lua upvalue 'orig' at file 'main.lua:612'
	Local variables:
	 msg = string: "[SMODS SuperAutoJokers \"superautojokers_main.lua\"]:599: attempt to index field 'ability' (a nil value)"
	 (*temporary) = Lua function '?' (defined at line 31 of chunk [SMODS _ "src/logging.lua"])
	 (*temporary) = string: "Oops! The game crashed\
"
(2) Lua local 'handler' at file 'debugplus/console.lua:606' (from lovely module debugplus.console)
	Local variables:
	 msg = string: "[SMODS SuperAutoJokers \"superautojokers_main.lua\"]:599: attempt to index field 'ability' (a nil value)"
(3) LÖVE metamethod at file 'boot.lua:352'
	Local variables:
	 errhand = Lua function '(LÖVE Function)' (defined at line 605 of chunk [lovely debugplus.console "debugplus/console.lua"])
	 handler = Lua function '(LÖVE Function)' (defined at line 605 of chunk [lovely debugplus.console "debugplus/console.lua"])
(4) Lua method 'calculate' at file 'superautojokers_main.lua:599' (from mod with id SuperAutoJokers)
	Local variables:
	 self = table: 0x0c38b760  {alerted:true, atlas:Joker, registered:true, _saved_d_u:true, original_key:hack, _discovered_unlocked_overwritten:true, calculate:function: 0x0c736860 (more...)}
	 card = table: 0x0cce3d90  {click_offset:table: 0x0c6b0100, static_rotation:false, ambient_tilt:0.2, parent:table: 0x0c26b108, T:table: 0x0c4f30d8, last_aligned:-1, extra_cost:0 (more...)}
	 context = table: 0x0ccee3c8  {poker_hands:table: 0x0cd5b928, cardarea:table: 0x0c867830, card_effects:table: 0x0ccee578, repetition:true, scoring_hand:table: 0x0c1547f8, full_hand:table: 0x0c2c09b8 (more...)}
	 (*temporary) = table: 0x0ce61858  {message:Again!}
	 (*temporary) = nil
	 (*temporary) = string: "k_again_ex"
	 (*temporary) = string: "attempt to index field 'ability' (a nil value)"
(5) Lua method 'calculate_joker' at file 'card.lua:2555'
	Local variables:
	 self = table: 0x0cce3d90  {click_offset:table: 0x0c6b0100, static_rotation:false, ambient_tilt:0.2, parent:table: 0x0c26b108, T:table: 0x0c4f30d8, last_aligned:-1, extra_cost:0 (more...)}
	 context = table: 0x0ccee3c8  {poker_hands:table: 0x0cd5b928, cardarea:table: 0x0c867830, card_effects:table: 0x0ccee578, repetition:true, scoring_hand:table: 0x0c1547f8, full_hand:table: 0x0c2c09b8 (more...)}
	 obj = table: 0x0c38b760  {alerted:true, atlas:Joker, registered:true, _saved_d_u:true, original_key:hack, _discovered_unlocked_overwritten:true, calculate:function: 0x0c736860 (more...)}
(6) Lua global 'eval_card' at file 'functions/common_events.lua:722'
	Local variables:
	 card = table: 0x0cce3d90  {click_offset:table: 0x0c6b0100, static_rotation:false, ambient_tilt:0.2, parent:table: 0x0c26b108, T:table: 0x0c4f30d8, last_aligned:-1, extra_cost:0 (more...)}
	 context = table: 0x0ccee3c8  {poker_hands:table: 0x0cd5b928, cardarea:table: 0x0c867830, card_effects:table: 0x0ccee578, repetition:true, scoring_hand:table: 0x0c1547f8, full_hand:table: 0x0c2c09b8 (more...)}
	 ret = table: 0x0ce61c00  {}
	 post_trig = table: 0x0ce61c28  {}
	 areas = table: 0x0ce61c50  {1:table: 0x0c26b108, 2:table: 0x0bf5ac88, 3:table: 0x0c0cf778}
	 area_set = table: 0x0ce61c98  {table: 0x0c0cf778:true, table: 0x0c26b108:true, table: 0x0bf5ac88:true}
(7) Lua field 'calculate_repetitions' at Steamodded file 'src/utils.lua:1598' 
	Local variables:
	 card = table: 0x0c60aa68  {role:table: 0x0c832bb0, zoom:true, click_offset:table: 0x0c34c6a0, shadow_height:0.2, children:table: 0x0c3a6408, ambient_tilt:0.2, parent:table: 0x0c867830 (more...)}
	 context = table: 0x0ccee3c8  {poker_hands:table: 0x0cd5b928, cardarea:table: 0x0c867830, card_effects:table: 0x0ccee578, repetition:true, scoring_hand:table: 0x0c1547f8, full_hand:table: 0x0c2c09b8 (more...)}
	 reps = table: 0x0ccee540  {1:1}
	 eval = table: 0x0ce61a08  {}
	 quantum_eval = table: 0x0ce61a30  {}
	 (for generator) = C function: builtin#6
	 (for state) = table: 0x0ce61a58  {1:table: 0x0c26b108, 2:table: 0x0bf5ac88, 3:table: 0x0c0cf778}
	 (for control) = number: 1
	 _ = number: 1
	 area = table: 0x0c26b108  {click_offset:table: 0x0beb7f48, static_rotation:false, shuffle_amt:0, T:table: 0x0c5c28f0, offset:table: 0x0c5c9380, role:table: 0x0c5ce970, last_aligned:-1 (more...)}
	 (for generator) = C function: builtin#6
	 (for state) = table: 0x0c07a5d8  {1:table: 0x0ce0a880, 2:table: 0x0cce3d90}
	 (for control) = number: 2
	 _ = number: 2
	 _card = table: 0x0cce3d90  {click_offset:table: 0x0c6b0100, static_rotation:false, ambient_tilt:0.2, parent:table: 0x0c26b108, T:table: 0x0c4f30d8, last_aligned:-1, extra_cost:0 (more...)}
(8) Lua field 'score_card' at Steamodded file 'src/utils.lua:1890' 
	Local variables:
	 card = table: 0x0c60aa68  {role:table: 0x0c832bb0, zoom:true, click_offset:table: 0x0c34c6a0, shadow_height:0.2, children:table: 0x0c3a6408, ambient_tilt:0.2, parent:table: 0x0c867830 (more...)}
	 context = table: 0x0ccee3c8  {poker_hands:table: 0x0cd5b928, cardarea:table: 0x0c867830, card_effects:table: 0x0ccee578, repetition:true, scoring_hand:table: 0x0c1547f8, full_hand:table: 0x0c2c09b8 (more...)}
	 reps = table: 0x0ccee540  {1:1}
	 j = number: 1
	 effects = table: 0x0ccee578  {1:table: 0x0ccee5b8, 2:table: 0x0ccee6a0, 3:table: 0x0ce76618, 4:table: 0x0ce767b8, 5:table: 0x0ce76aa8, 6:table: 0x0ce76bd8}
	 flags = table: 0x0ce76c68  {calculated:true}
(9) Lua field 'calculate_main_scoring' at Steamodded file 'src/utils.lua:1924' 
	Local variables:
	 context = table: 0x0ccee3c8  {poker_hands:table: 0x0cd5b928, cardarea:table: 0x0c867830, card_effects:table: 0x0ccee578, repetition:true, scoring_hand:table: 0x0c1547f8, full_hand:table: 0x0c2c09b8 (more...)}
	 scoring_hand = table: 0x0c1547f8  {1:table: 0x0c60aa68, 2:table: 0x0cbd63d0, 3:table: 0x0c527770, 4:table: 0x0c184e48, 5:table: 0x0c17ee30}
	 (for generator) = C function: builtin#6
	 (for state) = table: 0x0c2c09b8  {1:table: 0x0c60aa68, 2:table: 0x0cbd63d0, 3:table: 0x0c527770, 4:table: 0x0c184e48, 5:table: 0x0c17ee30}
	 (for control) = number: 1
	 _ = number: 1
	 card = table: 0x0c60aa68  {role:table: 0x0c832bb0, zoom:true, click_offset:table: 0x0c34c6a0, shadow_height:0.2, children:table: 0x0c3a6408, ambient_tilt:0.2, parent:table: 0x0c867830 (more...)}
	 in_scoring = boolean: true
(10) Lua field 'evaluate_play' at file 'functions/state_events.lua:614'
	Local variables:
	 e = nil
	 text = string: "Flush"
	 disp_text = string: "Flush"
	 poker_hands = table: 0x0cd5b928  {Flush House:table: 0x0ccf0530, Full House:table: 0x0ccf0590, top:table: 0x0c8a60a8, Flush:table: 0x0cd9ad48, Pair:table: 0x0ce9d138, Four of a Kind:table: 0x0ced9438 (more...)}
	 scoring_hand = table: 0x0c1547f8  {1:table: 0x0c60aa68, 2:table: 0x0cbd63d0, 3:table: 0x0c527770, 4:table: 0x0c184e48, 5:table: 0x0c17ee30}
	 non_loc_disp_text = string: "Flush"
	 final_scoring_hand = table: 0x0c1547f8  {1:table: 0x0c60aa68, 2:table: 0x0cbd63d0, 3:table: 0x0c527770, 4:table: 0x0c184e48, 5:table: 0x0c17ee30}
	 hand_text_set = boolean: false
	 modded = nil
	 (for generator) = C function: builtin#6
	 (for state) = table: 0x0ccee3a0  {1:table: 0x0c867830, 2:table: 0x0c92e040}
	 (for control) = number: 1
	 _ = number: 1
	 v = table: 0x0c867830  {click_offset:table: 0x0c84e198, static_rotation:false, shuffle_amt:0, T:table: 0x0c84e170, offset:table: 0x0c2fad38, role:table: 0x0c169dd8, last_aligned:-1 (more...)}
(11) Lua field 'func' at file 'functions/state_events.lua:482'
(12) Lua method 'handle' at file 'engine/event.lua:99'
	Local variables:
	 self = table: 0x0cf1a4d0  {start_timer:true, timer:TOTAL, blockable:true, trigger:immediate, func:function: 0x0c4d8fa0, delay:0, complete:false, time:47.562790984764, blocking:true (more...)}
	 _results = table: 0x0c91aa20  {blocking:true, pause_skip:false, time_done:false, completed:false}
(13) Lua method 'update' at file 'engine/event.lua:182'
	Local variables:
	 self = table: 0x0c4e6078  {queue_last_processed:23.083333333333, queues:table: 0x0c4e60a0, queue_dt:0.016666666666667, queue_timer:23.202850814907}
	 dt = number: 0.0165138
	 forced = nil
	 (for generator) = C function: next
	 (for state) = table: 0x0c4e60a0  {unlock:table: 0x0c4dcd38, other:table: 0x0c4dcdd8, tutorial:table: 0x0c4dcd88, base:table: 0x0c4dcd60, achievement:table: 0x0c4dcdb0}
	 (for control) = number: nan
	 k = string: "base"
	 v = table: 0x0c4dcd60  {1:table: 0x0c5c34c8, 2:table: 0x0cf1a4d0, 3:table: 0x0cdaa460, 4:table: 0x0cdaa118, 5:table: 0x0c32dde0, 6:table: 0x0cbd18e0, 7:table: 0x0cbd19c0 (more...)}
	 blocked = boolean: false
	 i = number: 2
	 results = table: 0x0c91aa20  {blocking:true, pause_skip:false, time_done:false, completed:false}
(14) Lua upvalue 'gameUpdateRef' at file 'game.lua:2552'
	Local variables:
	 self = table: 0x0bf9b458  {F_GUIDE:false, F_CRASH_REPORTS:false, F_QUIT_BUTTON:true, HUD_tags:table: 0x0c7be2e8, F_ENGLISH_ONLY:false, viewed_stake:1, HUD:table: 0x0c8848b8 (more...)}
	 dt = number: 0.0165138
	 http_resp = nil
(15) Lua method 'update' at Steamodded file 'src/ui.lua:84' 
	Local variables:
	 self = table: 0x0bf9b458  {F_GUIDE:false, F_CRASH_REPORTS:false, F_QUIT_BUTTON:true, HUD_tags:table: 0x0c7be2e8, F_ENGLISH_ONLY:false, viewed_stake:1, HUD:table: 0x0c8848b8 (more...)}
	 dt = number: 0.0165138
(16) Lua field 'update' at file 'main.lua:999'
	Local variables:
	 dt = number: 0.0165138
(17) Lua function '?' at file 'main.lua:938' (best guess)
(18) global C function 'xpcall'
(19) LÖVE function at file 'boot.lua:377' (best guess)
	Local variables:
	 func = Lua function '?' (defined at line 909 of chunk main.lua)
	 inerror = boolean: true
	 deferErrhand = Lua function '(LÖVE Function)' (defined at line 348 of chunk [love "boot.lua"])
	 earlyinit = Lua function '(LÖVE Function)' (defined at line 355 of chunk [love "boot.lua"])
 
INFO - [G] file not found: main.lua: No such file or directory
INFO - [G] file not found: main.lua: No such file or directory
INFO - [G] 2025-09-25 19:55:59 :: INFO  :: StackTrace :: Additional Context:
Balatro Version: 1.0.1o-FULL
Modded Version: 1.0.0~BETA-0711a-STEAMODDED
LÖVE Version: 11.5.0
Lovely Version: 0.8.0
Platform: Windows
Steamodded Mods:
    1: Super Auto Jokers by Equi [ID: SuperAutoJokers, Version: 1.0.0]
    2: DebugPlus by WilsontheWolf [ID: DebugPlus, Version: 1.5.1, Uses Lovely]
Lovely Mods: 
