INFO - [♥] Lovely 0.8.0
INFO - [♥] Game directory is at "C:\\Program Files (x86)\\Steam\\steamapps\\common\\Balatro"
INFO - [♥] Writing logs to "C:\\Users\\PC\\AppData\\Roaming\\Balatro\\Mods\\lovely\\log"
INFO - [♥] Using mod directory at "C:\\Users\\PC\\AppData\\Roaming\\Balatro\\Mods"
INFO - [♥] Cleaning up dumps directory at "C:\\Users\\PC\\AppData\\Roaming\\Balatro\\Mods\\lovely\\dump"
INFO - [♥] Initialization complete in 88ms
INFO - [♥] Applied 1 patch to 'conf.lua'
INFO - [♥] Applied 11 patches to 'main.lua'
INFO - [♥] Applied 10 patches to 'engine/controller.lua'
INFO - [♥] Applied 15 patches to 'back.lua'
INFO - [♥] Applied 7 patches to 'tag.lua'
INFO - [♥] Applied 2 patches to 'engine/moveable.lua'
INFO - [♥] Applied 2 patches to 'engine/sprite.lua'
INFO - [♥] Applied 2 patches to 'engine/animatedsprite.lua'
INFO - [♥] Applied 67 patches to 'functions/misc_functions.lua'
INFO - [♥] Applied 40 patches to 'game.lua'
INFO - [♥] Applied 1 patch to 'globals.lua'
INFO - [♥] Applied 5 patches to 'engine/ui.lua'
INFO - [♥] Applied 95 patches to 'functions/UI_definitions.lua'
INFO - [♥] Applied 49 patches to 'functions/state_events.lua'
INFO - [♥] Applied 117 patches to 'functions/common_events.lua'
INFO - [♥] Applied 51 patches to 'functions/button_callbacks.lua'
INFO - [♥] Applied 186 patches to 'card.lua'
INFO - [♥] Applied 10 patches to 'cardarea.lua'
INFO - [♥] Applied 37 patches to 'blind.lua'
INFO - [♥] Applied 2 patches to 'engine/text.lua'
INFO - [G] Failed to connect to the debug server 
INFO - [G] 2025-10-07 13:38:48 :: DEBUG :: DebugConsole :: Steamodded Debug Socket started ! 
INFO - [G] 2025-10-07 13:38:48 :: INFO  :: SMODS :: Steamodded v1.0.0~BETA-0711a 
INFO - [♥] Applied 9 patches to 'engine/sound_manager.lua'
INFO - [♥] Applied 1 patch to 'engine/save_manager.lua'
INFO - [G] 2025-10-07 13:38:52 :: INFO  :: Loader :: Valid JSON file found 
INFO - [G] 2025-10-07 13:38:52 :: INFO  :: Loader :: Valid JSON file found 
INFO - [G] 2025-10-07 13:38:52 :: INFO  :: TIMER :: [0000] Injected Fonts in 0.002 ms 
INFO - [G] 2025-10-07 13:38:52 :: INFO  :: TIMER :: [0000] Injected Language in 0.002 ms 
INFO - [G] 2025-10-07 13:38:52 :: INFO  :: TIMER :: [0000] Injected [INTERNAL] in 2.684 ms 
INFO - [G] 2025-10-07 13:38:53 :: INFO  :: TIMER :: [0004] Injected Atlas in 560.110 ms 
INFO - [G] 2025-10-07 13:38:53 :: INFO  :: TIMER :: [0001] Injected Sound in 0.387 ms 
INFO - [G] 2025-10-07 13:38:53 :: INFO  :: TIMER :: [0008] Injected Stake in 0.240 ms 
INFO - [G] 2025-10-07 13:38:53 :: INFO  :: TIMER :: [0005] Injected Rarity in 0.144 ms 
INFO - [G] 2025-10-07 13:38:53 :: INFO  :: TIMER :: [0005] Injected ObjectType in 0.080 ms 
INFO - [G] 2025-10-07 13:38:53 :: INFO  :: TIMER :: [0102] Injected Center in 1.609 ms 
INFO - [G] 2025-10-07 13:38:53 :: INFO  :: TIMER :: [0007] Injected Undiscovered Sprite in 0.062 ms 
INFO - [G] 2025-10-07 13:38:53 :: INFO  :: TIMER :: [0002] Injected Blind in 0.026 ms 
INFO - [G] 2025-10-07 13:38:53 :: INFO  :: TIMER :: [0004] Injected Seal in 0.231 ms 
INFO - [G] 2025-10-07 13:38:53 :: INFO  :: TIMER :: [0004] Injected Suit in 0.153 ms 
INFO - [G] 2025-10-07 13:38:53 :: INFO  :: TIMER :: [0013] Injected Rank in 0.146 ms 
INFO - [G] 2025-10-07 13:38:53 :: INFO  :: TIMER :: [0028] Injected DeckSkin in 0.663 ms 
INFO - [G] 2025-10-07 13:38:53 :: INFO  :: TIMER :: [0012] Injected PokerHand in 0.134 ms 
INFO - [G] 2025-10-07 13:38:53 :: INFO  :: TIMER :: [0020] Injected Challenge in 0.056 ms 
INFO - [G] 2025-10-07 13:38:53 :: INFO  :: TIMER :: [0000] Injected Tag in 0.002 ms 
INFO - [G] 2025-10-07 13:38:53 :: INFO  :: TIMER :: [0004] Injected Sticker in 0.107 ms 
INFO - [G] 2025-10-07 13:38:53 :: INFO  :: TIMER :: [0000] Injected Shader in 0.002 ms 
INFO - [G] 2025-10-07 13:38:53 :: INFO  :: TIMER :: [0002] Injected Keybind in 0.024 ms 
INFO - [G] 2025-10-07 13:38:53 :: INFO  :: TIMER :: [0000] Injected Achievement in 0.169 ms 
INFO - [G] 2025-10-07 13:38:53 :: INFO  :: TIMER :: [0002] Injected nil in 0.099 ms 
INFO - [G] 2025-10-07 13:38:53 :: INFO  :: TIMER :: [0021] Injected Draw Step in 0.433 ms 
INFO - [G] 2025-10-07 13:38:53 :: INFO  :: TIMER :: [0000] Injected [INTERNAL] in 1.191 ms 
INFO - [G] [DebugPlus] Press [/] to toggle console and press [shift] + [/] to toggle new log previews 
INFO - [G] line not found
INFO - [G] file not found: functions/state_events.lua: No such file or directory
INFO - [G] file not found: main.lua: No such file or directory
INFO - [G] file not found: main.lua: No such file or directory
INFO - [G] 2025-10-07 13:39:17 :: ERROR :: StackTrace :: Oops! The game crashed
card.lua:3117: attempt to concatenate field 'extra' (a table value)
Stack Traceback
===============
(1) Lua upvalue 'orig' at file 'main.lua:612'
	Local variables:
	 msg = string: "card.lua:3117: attempt to concatenate field 'extra' (a table value)"
	 (*temporary) = Lua function '?' (defined at line 31 of chunk [SMODS _ "src/logging.lua"])
	 (*temporary) = string: "Oops! The game crashed\
"
(2) Lua local 'handler' at file 'debugplus/console.lua:606' (from lovely module debugplus.console)
	Local variables:
	 msg = string: "card.lua:3117: attempt to concatenate field 'extra' (a table value)"
(3) LÖVE metamethod at file 'boot.lua:352'
	Local variables:
	 errhand = Lua function '(LÖVE Function)' (defined at line 605 of chunk [lovely debugplus.console "debugplus/console.lua"])
	 handler = Lua function '(LÖVE Function)' (defined at line 605 of chunk [lovely debugplus.console "debugplus/console.lua"])
(4) Lua method 'calculate_joker' at file 'card.lua:3117'
	Local variables:
	 self = table: 0x2cbab2c0  {click_offset:table: 0x2cbd6bc0, static_rotation:false, ambient_tilt:0.2, parent:table: 0x2bfaa660, T:table: 0x2cbd0d80, last_aligned:-1, extra_cost:0 (more...)}
	 context = table: 0x2ccf0ec8  {ignore_other_debuff:true, cardarea:table: 0x2bfaa660, main_eval:true, full_hand:table: 0x2c050918, other_card:table: 0x2bcfa9a0, discard:true (more...)}
	 obj = table: 0x2bf1bd10  {alerted:true, loc_vars:function: 0x2c2ec2d0, _saved_d_u:true, original_key:mail, atlas:Joker, registered:true, mod:table: 0x2c2e0b28, unlocked:true (more...)}
	 context_blueprint_card = nil
	 (*temporary) = table: 0x2ccf12d8  {}
	 (*temporary) = string: "$"
	 (*temporary) = table: 0x2bebfdf0  {dollars:5}
	 (*temporary) = nil
	 (*temporary) = string: "$"
	 (*temporary) = string: "$"
	 (*temporary) = table: 0x2ccf12b0  {start_timer:false, timer:TOTAL, blockable:true, trigger:immediate, func:function: 0x2ccf1288, delay:0, complete:false, time:38.935342366053, blocking:true (more...)}
	 (*temporary) = string: "base"
	 (*temporary) = nil
	 (*temporary) = table: 0x2c219298  {1:table: 0x2c1ebb08, 2:table: 0x2cb24060, 3:table: 0x2cb24260, 4:table: 0x2c7ef268, 5:table: 0x2cba4270, 6:table: 0x2cba47f0, 7:table: 0x2cba53b8 (more...)}
	 (*temporary) = number: 10
	 (*temporary) = table: 0x2bbf1c88  {handle:function: 0x2bbfafd0, __index:table: 0x2bbf1c88, init:function: 0x2bbf1cb0, __call:function: 0x2bbb9c08, super:table: 0x2bbb9d10}
	 (*temporary) = table: 0x2bbf1c88  {handle:function: 0x2bbfafd0, __index:table: 0x2bbf1c88, init:function: 0x2bbf1cb0, __call:function: 0x2bbb9c08, super:table: 0x2bbb9d10}
	 (*temporary) = boolean: true
	 (*temporary) = string: "attempt to concatenate field 'extra' (a table value)"
(5) Lua global 'eval_card' at file 'functions/common_events.lua:722'
	Local variables:
	 card = table: 0x2cbab2c0  {click_offset:table: 0x2cbd6bc0, static_rotation:false, ambient_tilt:0.2, parent:table: 0x2bfaa660, T:table: 0x2cbd0d80, last_aligned:-1, extra_cost:0 (more...)}
	 context = table: 0x2ccf0ec8  {ignore_other_debuff:true, cardarea:table: 0x2bfaa660, main_eval:true, full_hand:table: 0x2c050918, other_card:table: 0x2bcfa9a0, discard:true (more...)}
	 ret = table: 0x2ccf1118  {}
	 post_trig = table: 0x2ccf1140  {}
	 areas = table: 0x2ccf1168  {1:table: 0x2bfaa660, 2:table: 0x2bd38760, 3:table: 0x2c08be18}
	 area_set = table: 0x2ccf11b0  {table: 0x2bfaa660:true, table: 0x2bd38760:true, table: 0x2c08be18:true}
(6) Lua field 'calculate_card_areas' at Steamodded file 'src/utils.lua:1720' 
	Local variables:
	 _type = string: "jokers"
	 context = table: 0x2ccf0ec8  {ignore_other_debuff:true, cardarea:table: 0x2bfaa660, main_eval:true, full_hand:table: 0x2c050918, other_card:table: 0x2bcfa9a0, discard:true (more...)}
	 return_table = table: 0x2ccf0ea0  {}
	 args = table: 0x2ccf1048  {joker_area:true}
	 flags = table: 0x2ccf10a8  {}
	 (for generator) = C function: builtin#6
	 (for state) = table: 0x2ccf10d0  {1:table: 0x2bfaa660, 2:table: 0x2bd38760, 3:table: 0x2c08be18}
	 (for control) = number: 1
	 _ = number: 1
	 area = table: 0x2bfaa660  {click_offset:table: 0x2c38c728, static_rotation:false, shuffle_amt:0, T:table: 0x2c38c700, offset:table: 0x2bd5b4a0, role:table: 0x2bf89730, last_aligned:-1 (more...)}
	 (for generator) = C function: builtin#6
	 (for state) = table: 0x2c254cb0  {1:table: 0x2cbab2c0}
	 (for control) = number: 1
	 _ = number: 1
	 _card = table: 0x2cbab2c0  {click_offset:table: 0x2cbd6bc0, static_rotation:false, ambient_tilt:0.2, parent:table: 0x2bfaa660, T:table: 0x2cbd0d80, last_aligned:-1, extra_cost:0 (more...)}
(7) Lua field 'calculate_context' at Steamodded file 'src/utils.lua:1836' 
	Local variables:
	 context = table: 0x2ccf0ec8  {ignore_other_debuff:true, cardarea:table: 0x2bfaa660, main_eval:true, full_hand:table: 0x2c050918, other_card:table: 0x2bcfa9a0, discard:true (more...)}
	 return_table = table: 0x2ccf0ea0  {}
	 no_resolve = nil
	 has_area = nil
	 flags = table: 0x2ccf0f58  {}
	 (*temporary) = number: 1
(8) Lua function '?' at file 'functions/state_events.lua:372' (best guess)
	Local variables:
	 e = table: 0x2bc50d48  {pixellated_rect:table: 0x2cad7238, click_offset:table: 0x2bed0828, static_rotation:true, parent:table: 0x2beec6b8, T:table: 0x2c6f4be0, offset:table: 0x2c35c2c0 (more...)}
	 hook = nil
	 highlighted_count = number: 5
	 cards = table: 0x2c7eeda8  {1:table: 0x2c5e2840, 2:table: 0x2bf284c0, 3:table: 0x2be8c218}
	 destroyed_cards = table: 0x2c7eedd0  {}
	 (for index) = number: 4
	 (for limit) = number: 5
	 (for step) = number: 1
	 i = number: 4
	 removed = boolean: false
	 effects = table: 0x2ccf0ea0  {}
(9) Lua method 'click' at file 'engine/ui.lua:981'
	Local variables:
	 self = table: 0x2bc50d48  {pixellated_rect:table: 0x2cad7238, click_offset:table: 0x2bed0828, static_rotation:true, parent:table: 0x2beec6b8, T:table: 0x2c6f4be0, offset:table: 0x2c35c2c0 (more...)}
(10) Lua method 'update' at file 'engine/controller.lua:375'
	Local variables:
	 self = table: 0x2c22aa18  {held_button_times:table: 0x2c22b2e8, focus_cursor_stack_level:1, snap_cursor_to:table: 0x2c468cc8, interrupt:table: 0x2c22b338, GAMEPAD:table: 0x2c22bb68 (more...)}
	 dt = number: 0.0167941
(11) Lua upvalue 'gameUpdateRef' at file 'game.lua:2689'
	Local variables:
	 self = table: 0x2bc72810  {F_GUIDE:false, F_CRASH_REPORTS:false, F_QUIT_BUTTON:true, HUD_tags:table: 0x2c73b740, F_ENGLISH_ONLY:false, viewed_stake:1, HUD:table: 0x2c285338 (more...)}
	 dt = number: 0.0167941
(12) Lua method 'update' at Steamodded file 'src/ui.lua:84' 
	Local variables:
	 self = table: 0x2bc72810  {F_GUIDE:false, F_CRASH_REPORTS:false, F_QUIT_BUTTON:true, HUD_tags:table: 0x2c73b740, F_ENGLISH_ONLY:false, viewed_stake:1, HUD:table: 0x2c285338 (more...)}
	 dt = number: 0.0167941
(13) Lua field 'update' at file 'main.lua:999'
	Local variables:
	 dt = number: 0.0167941
(14) Lua function '?' at file 'main.lua:938' (best guess)
(15) global C function 'xpcall'
(16) LÖVE function at file 'boot.lua:377' (best guess)
	Local variables:
	 func = Lua function '?' (defined at line 909 of chunk main.lua)
	 inerror = boolean: true
	 deferErrhand = Lua function '(LÖVE Function)' (defined at line 348 of chunk [love "boot.lua"])
	 earlyinit = Lua function '(LÖVE Function)' (defined at line 355 of chunk [love "boot.lua"])
 
INFO - [G] file not found: functions/state_events.lua: No such file or directory
INFO - [G] file not found: main.lua: No such file or directory
INFO - [G] file not found: main.lua: No such file or directory
INFO - [G] 2025-10-07 13:39:17 :: INFO  :: StackTrace :: Additional Context:
Balatro Version: 1.0.1o-FULL
Modded Version: 1.0.0~BETA-0711a-STEAMODDED
LÖVE Version: 11.5.0
Lovely Version: 0.8.0
Platform: Windows
Steamodded Mods:
    1: Super Auto Jokers by Equi [ID: SuperAutoJokers, Version: 1.0.0]
    2: DebugPlus by WilsontheWolf [ID: DebugPlus, Version: 1.5.1, Uses Lovely]
Lovely Mods: 
