INFO - [♥] Lovely 0.8.0
INFO - [♥] Game directory is at "C:\\Program Files (x86)\\Steam\\steamapps\\common\\Balatro"
INFO - [♥] Writing logs to "C:\\Users\\PC\\AppData\\Roaming\\Balatro\\Mods\\lovely\\log"
INFO - [♥] Using mod directory at "C:\\Users\\PC\\AppData\\Roaming\\Balatro\\Mods"
INFO - [♥] Cleaning up dumps directory at "C:\\Users\\PC\\AppData\\Roaming\\Balatro\\Mods\\lovely\\dump"
INFO - [♥] Initialization complete in 94ms
INFO - [♥] Applied 1 patch to 'conf.lua'
INFO - [♥] Applied 11 patches to 'main.lua'
INFO - [♥] Applied 10 patches to 'engine/controller.lua'
INFO - [♥] Applied 15 patches to 'back.lua'
INFO - [♥] Applied 7 patches to 'tag.lua'
INFO - [♥] Applied 2 patches to 'engine/moveable.lua'
INFO - [♥] Applied 2 patches to 'engine/sprite.lua'
INFO - [♥] Applied 2 patches to 'engine/animatedsprite.lua'
INFO - [♥] Applied 67 patches to 'functions/misc_functions.lua'
INFO - [♥] Applied 40 patches to 'game.lua'
INFO - [♥] Applied 1 patch to 'globals.lua'
INFO - [♥] Applied 5 patches to 'engine/ui.lua'
INFO - [♥] Applied 95 patches to 'functions/UI_definitions.lua'
INFO - [♥] Applied 49 patches to 'functions/state_events.lua'
INFO - [♥] Applied 117 patches to 'functions/common_events.lua'
INFO - [♥] Applied 51 patches to 'functions/button_callbacks.lua'
INFO - [♥] Applied 186 patches to 'card.lua'
INFO - [♥] Applied 10 patches to 'cardarea.lua'
INFO - [♥] Applied 37 patches to 'blind.lua'
INFO - [♥] Applied 2 patches to 'engine/text.lua'
INFO - [G] Failed to connect to the debug server 
INFO - [G] 2025-10-03 13:10:02 :: DEBUG :: DebugConsole :: Steamodded Debug Socket started ! 
INFO - [G] 2025-10-03 13:10:02 :: INFO  :: SMODS :: Steamodded v1.0.0~BETA-0711a 
INFO - [♥] Applied 9 patches to 'engine/sound_manager.lua'
INFO - [♥] Applied 1 patch to 'engine/save_manager.lua'
INFO - [G] 2025-10-03 13:10:07 :: INFO  :: Loader :: Valid JSON file found 
INFO - [G] 2025-10-03 13:10:07 :: INFO  :: Loader :: Valid JSON file found 
INFO - [G] 2025-10-03 13:10:07 :: INFO  :: TIMER :: [0000] Injected Fonts in 0.002 ms 
INFO - [G] 2025-10-03 13:10:07 :: INFO  :: TIMER :: [0000] Injected Language in 0.005 ms 
INFO - [G] 2025-10-03 13:10:07 :: INFO  :: TIMER :: [0000] Injected [INTERNAL] in 2.556 ms 
INFO - [G] 2025-10-03 13:10:08 :: INFO  :: TIMER :: [0004] Injected Atlas in 555.129 ms 
INFO - [G] 2025-10-03 13:10:08 :: INFO  :: TIMER :: [0001] Injected Sound in 1.125 ms 
INFO - [G] 2025-10-03 13:10:08 :: INFO  :: TIMER :: [0008] Injected Stake in 0.419 ms 
INFO - [G] 2025-10-03 13:10:08 :: INFO  :: TIMER :: [0005] Injected Rarity in 0.050 ms 
INFO - [G] 2025-10-03 13:10:08 :: INFO  :: TIMER :: [0005] Injected ObjectType in 0.104 ms 
INFO - [G] 2025-10-03 13:10:08 :: INFO  :: TIMER :: [0095] Injected Center in 1.617 ms 
INFO - [G] 2025-10-03 13:10:08 :: INFO  :: TIMER :: [0007] Injected Undiscovered Sprite in 0.026 ms 
INFO - [G] 2025-10-03 13:10:08 :: INFO  :: TIMER :: [0002] Injected Blind in 0.031 ms 
INFO - [G] 2025-10-03 13:10:08 :: INFO  :: TIMER :: [0004] Injected Seal in 0.193 ms 
INFO - [G] 2025-10-03 13:10:08 :: INFO  :: TIMER :: [0004] Injected Suit in 0.109 ms 
INFO - [G] 2025-10-03 13:10:08 :: INFO  :: TIMER :: [0013] Injected Rank in 0.177 ms 
INFO - [G] 2025-10-03 13:10:08 :: INFO  :: TIMER :: [0028] Injected DeckSkin in 0.685 ms 
INFO - [G] 2025-10-03 13:10:08 :: INFO  :: TIMER :: [0012] Injected PokerHand in 0.136 ms 
INFO - [G] 2025-10-03 13:10:08 :: INFO  :: TIMER :: [0020] Injected Challenge in 0.062 ms 
INFO - [G] 2025-10-03 13:10:08 :: INFO  :: TIMER :: [0000] Injected Tag in 0.023 ms 
INFO - [G] 2025-10-03 13:10:08 :: INFO  :: TIMER :: [0004] Injected Sticker in 0.277 ms 
INFO - [G] 2025-10-03 13:10:08 :: INFO  :: TIMER :: [0000] Injected Shader in 0.002 ms 
INFO - [G] 2025-10-03 13:10:08 :: INFO  :: TIMER :: [0002] Injected Keybind in 0.054 ms 
INFO - [G] 2025-10-03 13:10:08 :: INFO  :: TIMER :: [0000] Injected Achievement in 0.101 ms 
INFO - [G] 2025-10-03 13:10:08 :: INFO  :: TIMER :: [0002] Injected nil in 0.023 ms 
INFO - [G] 2025-10-03 13:10:08 :: INFO  :: TIMER :: [0021] Injected Draw Step in 0.132 ms 
INFO - [G] 2025-10-03 13:10:08 :: INFO  :: TIMER :: [0000] Injected [INTERNAL] in 1.257 ms 
INFO - [G] [DebugPlus] Press [/] to toggle console and press [shift] + [/] to toggle new log previews 
INFO - [G] line not found
INFO - [G] file not found: main.lua: No such file or directory
INFO - [G] file not found: main.lua: No such file or directory
INFO - [G] 2025-10-03 13:10:40 :: ERROR :: StackTrace :: Oops! The game crashed
[SMODS _ "src/utils.lua"]:1002: attempt to index field 'config' (a nil value)
Stack Traceback
===============
(1) Lua upvalue 'orig' at file 'main.lua:612'
	Local variables:
	 msg = string: "[SMODS _ \"src/utils.lua\"]:1002: attempt to index field 'config' (a nil value)"
	 (*temporary) = Lua function '?' (defined at line 31 of chunk [SMODS _ "src/logging.lua"])
	 (*temporary) = string: "Oops! The game crashed\
"
(2) Lua local 'handler' at file 'debugplus/console.lua:606' (from lovely module debugplus.console)
	Local variables:
	 msg = string: "[SMODS _ \"src/utils.lua\"]:1002: attempt to index field 'config' (a nil value)"
(3) LÖVE metamethod at file 'boot.lua:352'
	Local variables:
	 errhand = Lua function '(LÖVE Function)' (defined at line 605 of chunk [lovely debugplus.console "debugplus/console.lua"])
	 handler = Lua function '(LÖVE Function)' (defined at line 605 of chunk [lovely debugplus.console "debugplus/console.lua"])
(4) Lua field 'has_enhancement' at Steamodded file 'src/utils.lua:1002' 
	Local variables:
	 card = string: "m_lucky"
	 key = nil
	 (*temporary) = nil
	 (*temporary) = C function: next
	 (*temporary) = string: "attempt to index field 'config' (a nil value)"
(5) Lua method 'calculate' at file 'superautojokers_main.lua:1161' (from mod with id SuperAutoJokers)
	Local variables:
	 self = table: 0x12faafd8  {alerted:true, loc_vars:function: 0x12fab358, _saved_d_u:true, original_key:monkeyjoker, mod:table: 0x12e5ee90, registered:true, rarity:3, cost:6 (more...)}
	 card = table: 0x136c9d20  {click_offset:table: 0x1368d1f8, static_rotation:false, ambient_tilt:0.2, parent:table: 0x12f12c48, T:table: 0x136e01f8, last_aligned:-1, extra_cost:0 (more...)}
	 context = table: 0x12d0a0a8  {end_of_round:true, individual:true, other_card:table: 0x12e545d0, beat_boss:false, cardarea:table: 0x12fd0268}
(6) Lua method 'calculate_joker' at file 'card.lua:2555'
	Local variables:
	 self = table: 0x136c9d20  {click_offset:table: 0x1368d1f8, static_rotation:false, ambient_tilt:0.2, parent:table: 0x12f12c48, T:table: 0x136e01f8, last_aligned:-1, extra_cost:0 (more...)}
	 context = table: 0x12d0a0a8  {end_of_round:true, individual:true, other_card:table: 0x12e545d0, beat_boss:false, cardarea:table: 0x12fd0268}
	 obj = table: 0x12faafd8  {alerted:true, loc_vars:function: 0x12fab358, _saved_d_u:true, original_key:monkeyjoker, mod:table: 0x12e5ee90, registered:true, rarity:3, cost:6 (more...)}
(7) Lua global 'eval_card' at file 'functions/common_events.lua:722'
	Local variables:
	 card = table: 0x136c9d20  {click_offset:table: 0x1368d1f8, static_rotation:false, ambient_tilt:0.2, parent:table: 0x12f12c48, T:table: 0x136e01f8, last_aligned:-1, extra_cost:0 (more...)}
	 context = table: 0x12d0a0a8  {end_of_round:true, individual:true, other_card:table: 0x12e545d0, beat_boss:false, cardarea:table: 0x12fd0268}
	 ret = table: 0x12ef5c88  {}
	 post_trig = table: 0x12acf1b8  {}
	 areas = table: 0x13861b60  {1:table: 0x12f12c48, 2:table: 0x12d524e8, 3:table: 0x12aec000}
	 area_set = table: 0x12cd2650  {table: 0x12aec000:true, table: 0x12f12c48:true, table: 0x12d524e8:true}
(8) Lua field 'calculate_card_areas' at Steamodded file 'src/utils.lua:1720' 
	Local variables:
	 _type = string: "jokers"
	 context = table: 0x12d0a0a8  {end_of_round:true, individual:true, other_card:table: 0x12e545d0, beat_boss:false, cardarea:table: 0x12fd0268}
	 return_table = table: 0x13080ef8  {1:table: 0x12c0a830, 2:table: 0x1285c550}
	 args = table: 0x12f4a8a8  {main_scoring:true}
	 flags = table: 0x12efcc98  {}
	 (for generator) = C function: builtin#6
	 (for state) = table: 0x12b43cd8  {1:table: 0x12f12c48, 2:table: 0x12d524e8, 3:table: 0x12aec000}
	 (for control) = number: 1
	 _ = number: 1
	 area = table: 0x12f12c48  {click_offset:table: 0x12f08df0, static_rotation:false, shuffle_amt:0, T:table: 0x12cf83a0, offset:table: 0x12fd3740, role:table: 0x12c489a0, last_aligned:-1 (more...)}
	 (for generator) = C function: builtin#6
	 (for state) = table: 0x12eeff70  {1:table: 0x136c9d20}
	 (for control) = number: 1
	 _ = number: 1
	 _card = table: 0x136c9d20  {click_offset:table: 0x1368d1f8, static_rotation:false, ambient_tilt:0.2, parent:table: 0x12f12c48, T:table: 0x136e01f8, last_aligned:-1, extra_cost:0 (more...)}
(9) Lua field 'calculate_end_of_round_effects' at Steamodded file 'src/utils.lua:1951' 
	Local variables:
	 context = table: 0x12d0a0a8  {end_of_round:true, individual:true, other_card:table: 0x12e545d0, beat_boss:false, cardarea:table: 0x12fd0268}
	 (for generator) = C function: builtin#6
	 (for state) = table: 0x12b8cba0  {1:table: 0x12e545d0, 2:table: 0x13269228, 3:table: 0x12bc2b88}
	 (for control) = number: 1
	 i = number: 1
	 card = table: 0x12e545d0  {sprite_facing:front, click_offset:table: 0x12e54978, ambient_tilt:0.2, children:table: 0x131ecae0, rank:1, parent:table: 0x12fd0268, click_timeout:0.3 (more...)}
	 reps = table: 0x131f8d58  {1:1}
	 j = number: 1
	 effects = table: 0x13080ef8  {1:table: 0x12c0a830, 2:table: 0x1285c550}
(10) Lua field 'func' at file 'functions/state_events.lua:168'
	Local variables:
	 game_over = boolean: false
	 game_won = boolean: false
	 (for generator) = C function: builtin#6
	 (for state) = table: 0x12bf0dd0  {1:table: 0x12fd0268}
	 (for control) = number: 1
	 _ = number: 1
	 v = table: 0x12fd0268  {click_offset:table: 0x12cbc7c0, static_rotation:false, shuffle_amt:0, T:table: 0x1322db90, offset:table: 0x1302e8f8, role:table: 0x12ebb630, last_aligned:-1 (more...)}
(11) Lua method 'handle' at file 'engine/event.lua:55'
	Local variables:
	 self = table: 0x13005480  {start_timer:true, timer:TOTAL, blockable:true, trigger:after, func:function: 0x13884ba8, delay:0.2, complete:false, time:87.984962983003, blocking:true (more...)}
	 _results = table: 0x132696c0  {blocking:true, pause_skip:false, time_done:true, completed:false}
(12) Lua method 'update' at file 'engine/event.lua:182'
	Local variables:
	 self = table: 0x12a37e78  {queue_last_processed:30.95, queues:table: 0x12a37ea0, queue_dt:0.016666666666667, queue_timer:32.058500177559}
	 dt = number: 0.0166981
	 forced = nil
	 (for generator) = C function: next
	 (for state) = table: 0x12a37ea0  {unlock:table: 0x12a37f90, other:table: 0x12a38030, tutorial:table: 0x12a37fe0, base:table: 0x12a37fb8, achievement:table: 0x12a38008}
	 (for control) = number: nan
	 k = string: "base"
	 v = table: 0x12a37fb8  {1:table: 0x132e67c8, 2:table: 0x13005480, 3:table: 0x12922108}
	 blocked = boolean: false
	 i = number: 2
	 results = table: 0x132696c0  {blocking:true, pause_skip:false, time_done:true, completed:false}
(13) Lua upvalue 'gameUpdateRef' at file 'game.lua:2552'
	Local variables:
	 self = table: 0x129303c0  {F_GUIDE:false, F_CRASH_REPORTS:false, F_QUIT_BUTTON:true, HUD_tags:table: 0x12f85fe8, F_ENGLISH_ONLY:false, viewed_stake:1, HUD:table: 0x12c02688 (more...)}
	 dt = number: 0.0166981
	 http_resp = nil
(14) Lua method 'update' at Steamodded file 'src/ui.lua:84' 
	Local variables:
	 self = table: 0x129303c0  {F_GUIDE:false, F_CRASH_REPORTS:false, F_QUIT_BUTTON:true, HUD_tags:table: 0x12f85fe8, F_ENGLISH_ONLY:false, viewed_stake:1, HUD:table: 0x12c02688 (more...)}
	 dt = number: 0.0166981
(15) Lua field 'update' at file 'main.lua:999'
	Local variables:
	 dt = number: 0.0166981
(16) Lua function '?' at file 'main.lua:938' (best guess)
(17) global C function 'xpcall'
(18) LÖVE function at file 'boot.lua:377' (best guess)
	Local variables:
	 func = Lua function '?' (defined at line 909 of chunk main.lua)
	 inerror = boolean: true
	 deferErrhand = Lua function '(LÖVE Function)' (defined at line 348 of chunk [love "boot.lua"])
	 earlyinit = Lua function '(LÖVE Function)' (defined at line 355 of chunk [love "boot.lua"])
 
INFO - [G] file not found: main.lua: No such file or directory
INFO - [G] file not found: main.lua: No such file or directory
INFO - [G] 2025-10-03 13:10:40 :: INFO  :: StackTrace :: Additional Context:
Balatro Version: 1.0.1o-FULL
Modded Version: 1.0.0~BETA-0711a-STEAMODDED
LÖVE Version: 11.5.0
Lovely Version: 0.8.0
Platform: Windows
Steamodded Mods:
    1: Super Auto Jokers by Equi [ID: SuperAutoJokers, Version: 1.0.0]
    2: DebugPlus by WilsontheWolf [ID: DebugPlus, Version: 1.5.1, Uses Lovely]
Lovely Mods: 
