INFO - [♥] Lovely 0.8.0
INFO - [♥] Game directory is at "C:\\Program Files (x86)\\Steam\\steamapps\\common\\Balatro"
INFO - [♥] Writing logs to "C:\\Users\\PC\\AppData\\Roaming\\Balatro\\Mods\\lovely\\log"
INFO - [♥] Using mod directory at "C:\\Users\\PC\\AppData\\Roaming\\Balatro\\Mods"
INFO - [♥] Cleaning up dumps directory at "C:\\Users\\PC\\AppData\\Roaming\\Balatro\\Mods\\lovely\\dump"
INFO - [♥] Initialization complete in 89ms
INFO - [♥] Applied 1 patch to 'conf.lua'
INFO - [♥] Applied 11 patches to 'main.lua'
INFO - [♥] Applied 10 patches to 'engine/controller.lua'
INFO - [♥] Applied 15 patches to 'back.lua'
INFO - [♥] Applied 7 patches to 'tag.lua'
INFO - [♥] Applied 2 patches to 'engine/moveable.lua'
INFO - [♥] Applied 2 patches to 'engine/sprite.lua'
INFO - [♥] Applied 2 patches to 'engine/animatedsprite.lua'
INFO - [♥] Applied 67 patches to 'functions/misc_functions.lua'
INFO - [♥] Applied 40 patches to 'game.lua'
INFO - [♥] Applied 1 patch to 'globals.lua'
INFO - [♥] Applied 5 patches to 'engine/ui.lua'
INFO - [♥] Applied 95 patches to 'functions/UI_definitions.lua'
INFO - [♥] Applied 49 patches to 'functions/state_events.lua'
INFO - [♥] Applied 117 patches to 'functions/common_events.lua'
INFO - [♥] Applied 51 patches to 'functions/button_callbacks.lua'
INFO - [♥] Applied 186 patches to 'card.lua'
INFO - [♥] Applied 10 patches to 'cardarea.lua'
INFO - [♥] Applied 37 patches to 'blind.lua'
INFO - [♥] Applied 2 patches to 'engine/text.lua'
INFO - [G] Failed to connect to the debug server 
INFO - [G] 2025-10-07 16:48:31 :: DEBUG :: DebugConsole :: Steamodded Debug Socket started ! 
INFO - [G] 2025-10-07 16:48:31 :: INFO  :: SMODS :: Steamodded v1.0.0~BETA-0711a 
INFO - [♥] Applied 9 patches to 'engine/sound_manager.lua'
INFO - [♥] Applied 1 patch to 'engine/save_manager.lua'
INFO - [G] 2025-10-07 16:48:34 :: INFO  :: Loader :: Valid JSON file found 
INFO - [G] 2025-10-07 16:48:34 :: INFO  :: Loader :: Valid JSON file found 
INFO - [G] 2025-10-07 16:48:34 :: INFO  :: TIMER :: [0000] Injected Fonts in 0.002 ms 
INFO - [G] 2025-10-07 16:48:34 :: INFO  :: TIMER :: [0000] Injected Language in 0.002 ms 
INFO - [G] 2025-10-07 16:48:34 :: INFO  :: TIMER :: [0000] Injected [INTERNAL] in 2.971 ms 
INFO - [G] 2025-10-07 16:48:35 :: INFO  :: TIMER :: [0004] Injected Atlas in 437.405 ms 
INFO - [G] 2025-10-07 16:48:35 :: INFO  :: TIMER :: [0001] Injected Sound in 0.375 ms 
INFO - [G] 2025-10-07 16:48:35 :: INFO  :: TIMER :: [0008] Injected Stake in 0.309 ms 
INFO - [G] 2025-10-07 16:48:35 :: INFO  :: TIMER :: [0005] Injected Rarity in 0.076 ms 
INFO - [G] 2025-10-07 16:48:35 :: INFO  :: TIMER :: [0005] Injected ObjectType in 0.081 ms 
INFO - [G] 2025-10-07 16:48:35 :: INFO  :: TIMER :: [0103] Injected Center in 1.801 ms 
INFO - [G] 2025-10-07 16:48:35 :: INFO  :: TIMER :: [0007] Injected Undiscovered Sprite in 0.027 ms 
INFO - [G] 2025-10-07 16:48:35 :: INFO  :: TIMER :: [0002] Injected Blind in 0.046 ms 
INFO - [G] 2025-10-07 16:48:35 :: INFO  :: TIMER :: [0004] Injected Seal in 0.214 ms 
INFO - [G] 2025-10-07 16:48:35 :: INFO  :: TIMER :: [0004] Injected Suit in 0.125 ms 
INFO - [G] 2025-10-07 16:48:35 :: INFO  :: TIMER :: [0013] Injected Rank in 0.143 ms 
INFO - [G] 2025-10-07 16:48:35 :: INFO  :: TIMER :: [0028] Injected DeckSkin in 0.328 ms 
INFO - [G] 2025-10-07 16:48:35 :: INFO  :: TIMER :: [0012] Injected PokerHand in 0.191 ms 
INFO - [G] 2025-10-07 16:48:35 :: INFO  :: TIMER :: [0020] Injected Challenge in 0.055 ms 
INFO - [G] 2025-10-07 16:48:35 :: INFO  :: TIMER :: [0000] Injected Tag in 0.002 ms 
INFO - [G] 2025-10-07 16:48:35 :: INFO  :: TIMER :: [0004] Injected Sticker in 0.157 ms 
INFO - [G] 2025-10-07 16:48:35 :: INFO  :: TIMER :: [0000] Injected Shader in 0.002 ms 
INFO - [G] 2025-10-07 16:48:35 :: INFO  :: TIMER :: [0002] Injected Keybind in 0.023 ms 
INFO - [G] 2025-10-07 16:48:35 :: INFO  :: TIMER :: [0000] Injected Achievement in 0.084 ms 
INFO - [G] 2025-10-07 16:48:35 :: INFO  :: TIMER :: [0002] Injected nil in 0.027 ms 
INFO - [G] 2025-10-07 16:48:35 :: INFO  :: TIMER :: [0021] Injected Draw Step in 5.335 ms 
INFO - [G] 2025-10-07 16:48:35 :: INFO  :: TIMER :: [0000] Injected [INTERNAL] in 1.173 ms 
INFO - [G] [DebugPlus] Press [/] to toggle console and press [shift] + [/] to toggle new log previews 
INFO - [G] line not found
INFO - [G] file not found: main.lua: No such file or directory
INFO - [G] file not found: main.lua: No such file or directory
INFO - [G] 2025-10-07 16:48:49 :: ERROR :: StackTrace :: Oops! The game crashed
[SMODS SuperAutoJokers "superautojokers_main.lua"]:1668: attempt to call field 'poll_edition' (a nil value)
Stack Traceback
===============
(1) Lua upvalue 'orig' at file 'main.lua:612'
	Local variables:
	 msg = string: "[SMODS SuperAutoJokers \"superautojokers_main.lua\"]:1668: attempt to call field 'poll_edition' (a nil value)"
	 (*temporary) = Lua function '?' (defined at line 31 of chunk [SMODS _ "src/logging.lua"])
	 (*temporary) = string: "Oops! The game crashed\
"
(2) Lua local 'handler' at file 'debugplus/console.lua:606' (from lovely module debugplus.console)
	Local variables:
	 msg = string: "[SMODS SuperAutoJokers \"superautojokers_main.lua\"]:1668: attempt to call field 'poll_edition' (a nil value)"
(3) LÖVE field at file 'boot.lua:352'
	Local variables:
	 errhand = Lua function '(LÖVE Function)' (defined at line 605 of chunk [lovely debugplus.console "debugplus/console.lua"])
	 handler = Lua function '(LÖVE Function)' (defined at line 605 of chunk [lovely debugplus.console "debugplus/console.lua"])
(4) Lua method 'calculate' at file 'superautojokers_main.lua:1668' (from mod with id SuperAutoJokers)
	Local variables:
	 self = table: 0x1f106818  {alerted:true, loc_vars:function: 0x1f106b00, _saved_d_u:true, original_key:leopardjoker, mod:table: 0x1f0ef728, registered:true, rarity:3, cost:7 (more...)}
	 card = table: 0x1f525768  {click_offset:table: 0x1f525b10, static_rotation:false, ambient_tilt:0.2, parent:table: 0x1f36e3f8, T:table: 0x1f525958, last_aligned:-1, extra_cost:0 (more...)}
	 context = table: 0x1f63fb40  {main_eval:true, before:true, scoring_name:High Card, scoring_hand:table: 0x1f63c000, full_hand:table: 0x1f111b08, cardarea:table: 0x1f36e3f8 (more...)}
	 (*temporary) = nil
	 (*temporary) = table: 0x1f7996f8  {1:test, 2:1, 3:true, 4:true, 5:table: 0x1f799750}
	 (*temporary) = table: 0x1f799750  {1:e_foil, 2:e_holo, 3:e_polychrome}
	 (*temporary) = nil
	 (*temporary) = nil
	 (*temporary) = number: 2.14231e-160
	 (*temporary) = string: "attempt to call field 'poll_edition' (a nil value)"
(5) Lua method 'calculate_joker' at file 'card.lua:2555'
	Local variables:
	 self = table: 0x1f525768  {click_offset:table: 0x1f525b10, static_rotation:false, ambient_tilt:0.2, parent:table: 0x1f36e3f8, T:table: 0x1f525958, last_aligned:-1, extra_cost:0 (more...)}
	 context = table: 0x1f63fb40  {main_eval:true, before:true, scoring_name:High Card, scoring_hand:table: 0x1f63c000, full_hand:table: 0x1f111b08, cardarea:table: 0x1f36e3f8 (more...)}
	 obj = table: 0x1f106818  {alerted:true, loc_vars:function: 0x1f106b00, _saved_d_u:true, original_key:leopardjoker, mod:table: 0x1f0ef728, registered:true, rarity:3, cost:7 (more...)}
(6) Lua global 'eval_card' at file 'functions/common_events.lua:722'
	Local variables:
	 card = table: 0x1f525768  {click_offset:table: 0x1f525b10, static_rotation:false, ambient_tilt:0.2, parent:table: 0x1f36e3f8, T:table: 0x1f525958, last_aligned:-1, extra_cost:0 (more...)}
	 context = table: 0x1f63fb40  {main_eval:true, before:true, scoring_name:High Card, scoring_hand:table: 0x1f63c000, full_hand:table: 0x1f111b08, cardarea:table: 0x1f36e3f8 (more...)}
	 ret = table: 0x1f63fd28  {}
	 post_trig = table: 0x1f63fd50  {}
	 areas = table: 0x1f63fd78  {1:table: 0x1f36e3f8, 2:table: 0x1f36dae8, 3:table: 0x1f36f600}
	 area_set = table: 0x1f63fdc0  {table: 0x1f36e3f8:true, table: 0x1f36f600:true, table: 0x1f36dae8:true}
(7) Lua field 'calculate_card_areas' at Steamodded file 'src/utils.lua:1720' 
	Local variables:
	 _type = string: "jokers"
	 context = table: 0x1f63fb40  {main_eval:true, before:true, scoring_name:High Card, scoring_hand:table: 0x1f63c000, full_hand:table: 0x1f111b08, cardarea:table: 0x1f36e3f8 (more...)}
	 return_table = nil
	 args = table: 0x1f63fc58  {joker_area:true}
	 flags = table: 0x1f63fcb8  {}
	 (for generator) = C function: builtin#6
	 (for state) = table: 0x1f63fce0  {1:table: 0x1f36e3f8, 2:table: 0x1f36dae8, 3:table: 0x1f36f600}
	 (for control) = number: 1
	 _ = number: 1
	 area = table: 0x1f36e3f8  {click_offset:table: 0x1f36e558, static_rotation:false, shuffle_amt:0, T:table: 0x1f36e530, offset:table: 0x1f36eb18, role:table: 0x1f36e948, last_aligned:-1 (more...)}
	 (for generator) = C function: builtin#6
	 (for state) = table: 0x1f36ec38  {1:table: 0x1f525768}
	 (for control) = number: 1
	 _ = number: 1
	 _card = table: 0x1f525768  {click_offset:table: 0x1f525b10, static_rotation:false, ambient_tilt:0.2, parent:table: 0x1f36e3f8, T:table: 0x1f525958, last_aligned:-1, extra_cost:0 (more...)}
(8) Lua field 'calculate_context' at Steamodded file 'src/utils.lua:1836' 
	Local variables:
	 context = table: 0x1f63fb40  {main_eval:true, before:true, scoring_name:High Card, scoring_hand:table: 0x1f63c000, full_hand:table: 0x1f111b08, cardarea:table: 0x1f36e3f8 (more...)}
	 return_table = nil
	 no_resolve = nil
	 has_area = nil
	 flags = table: 0x1f63fc30  {}
	 (*temporary) = number: 1
(9) Lua field 'evaluate_play' at file 'functions/state_events.lua:597'
	Local variables:
	 e = nil
	 text = string: "High Card"
	 disp_text = string: "High Card"
	 poker_hands = table: 0x1f738a28  {Flush House:table: 0x1f84cab0, Full House:table: 0x1f84cb10, top:table: 0x1f84cc50, Flush:table: 0x1f701f70, Pair:table: 0x1f7aa228, Four of a Kind:table: 0x1f7aad30 (more...)}
	 scoring_hand = table: 0x1f63c000  {1:table: 0x1ee6ebc0}
	 non_loc_disp_text = string: "High Card"
	 final_scoring_hand = table: 0x1f63c000  {1:table: 0x1ee6ebc0}
	 hand_text_set = boolean: false
(10) Lua field 'func' at file 'functions/state_events.lua:482'
(11) Lua method 'handle' at file 'engine/event.lua:99'
	Local variables:
	 self = table: 0x1eebf6a8  {start_timer:true, timer:TOTAL, blockable:true, trigger:immediate, func:function: 0x1f18f708, delay:0, complete:false, time:30.767784096873, blocking:true (more...)}
	 _results = table: 0x1f3f0bc0  {blocking:true, pause_skip:false, time_done:false, completed:false}
(12) Lua method 'update' at file 'engine/event.lua:182'
	Local variables:
	 self = table: 0x1f02bf70  {queue_last_processed:12.85, queues:table: 0x1f02bf98, queue_dt:0.016666666666667, queue_timer:13.140606650625}
	 dt = number: 0.0165751
	 forced = nil
	 (for generator) = C function: next
	 (for state) = table: 0x1f02bf98  {unlock:table: 0x1f02c088, other:table: 0x1f02c128, tutorial:table: 0x1f02c0d8, base:table: 0x1f02c0b0, achievement:table: 0x1f02c100}
	 (for control) = number: nan
	 k = string: "base"
	 v = table: 0x1f02c0b0  {1:table: 0x1f077e38, 2:table: 0x1ec94e48, 3:table: 0x1eebf6a8, 4:table: 0x1eeaea58, 5:table: 0x1f6d7d58, 6:table: 0x1f738a00, 7:table: 0x1f643ea0 (more...)}
	 blocked = boolean: false
	 i = number: 3
	 results = table: 0x1f3f0bc0  {blocking:true, pause_skip:false, time_done:false, completed:false}
(13) Lua upvalue 'gameUpdateRef' at file 'game.lua:2552'
	Local variables:
	 self = table: 0x1ea86958  {F_GUIDE:false, F_CRASH_REPORTS:false, F_QUIT_BUTTON:true, HUD_tags:table: 0x1f0e57c8, F_ENGLISH_ONLY:false, viewed_stake:1, HUD:table: 0x1f098650 (more...)}
	 dt = number: 0.0165751
	 http_resp = nil
(14) Lua method 'update' at Steamodded file 'src/ui.lua:84' 
	Local variables:
	 self = table: 0x1ea86958  {F_GUIDE:false, F_CRASH_REPORTS:false, F_QUIT_BUTTON:true, HUD_tags:table: 0x1f0e57c8, F_ENGLISH_ONLY:false, viewed_stake:1, HUD:table: 0x1f098650 (more...)}
	 dt = number: 0.0165751
(15) Lua field 'update' at file 'main.lua:999'
	Local variables:
	 dt = number: 0.0165751
(16) Lua function '?' at file 'main.lua:938' (best guess)
(17) global C function 'xpcall'
(18) LÖVE function at file 'boot.lua:377' (best guess)
	Local variables:
	 func = Lua function '?' (defined at line 909 of chunk main.lua)
	 inerror = boolean: true
	 deferErrhand = Lua function '(LÖVE Function)' (defined at line 348 of chunk [love "boot.lua"])
	 earlyinit = Lua function '(LÖVE Function)' (defined at line 355 of chunk [love "boot.lua"])
 
INFO - [G] file not found: main.lua: No such file or directory
INFO - [G] file not found: main.lua: No such file or directory
INFO - [G] 2025-10-07 16:48:49 :: INFO  :: StackTrace :: Additional Context:
Balatro Version: 1.0.1o-FULL
Modded Version: 1.0.0~BETA-0711a-STEAMODDED
LÖVE Version: 11.5.0
Lovely Version: 0.8.0
Platform: Windows
Steamodded Mods:
    1: Super Auto Jokers by Equi [ID: SuperAutoJokers, Version: 1.0.0]
    2: DebugPlus by WilsontheWolf [ID: DebugPlus, Version: 1.5.1, Uses Lovely]
Lovely Mods: 
