INFO - [♥] Lovely 0.8.0
INFO - [♥] Game directory is at "C:\\Program Files (x86)\\Steam\\steamapps\\common\\Balatro"
INFO - [♥] Writing logs to "C:\\Users\\PC\\AppData\\Roaming\\Balatro\\Mods\\lovely\\log"
INFO - [♥] Using mod directory at "C:\\Users\\PC\\AppData\\Roaming\\Balatro\\Mods"
INFO - [♥] Cleaning up dumps directory at "C:\\Users\\PC\\AppData\\Roaming\\Balatro\\Mods\\lovely\\dump"
INFO - [♥] Initialization complete in 73ms
INFO - [♥] Applied 1 patch to 'conf.lua'
INFO - [♥] Applied 11 patches to 'main.lua'
INFO - [♥] Applied 10 patches to 'engine/controller.lua'
INFO - [♥] Applied 15 patches to 'back.lua'
INFO - [♥] Applied 7 patches to 'tag.lua'
INFO - [♥] Applied 2 patches to 'engine/moveable.lua'
INFO - [♥] Applied 2 patches to 'engine/sprite.lua'
INFO - [♥] Applied 2 patches to 'engine/animatedsprite.lua'
INFO - [♥] Applied 67 patches to 'functions/misc_functions.lua'
INFO - [♥] Applied 40 patches to 'game.lua'
INFO - [♥] Applied 1 patch to 'globals.lua'
INFO - [♥] Applied 5 patches to 'engine/ui.lua'
INFO - [♥] Applied 95 patches to 'functions/UI_definitions.lua'
INFO - [♥] Applied 49 patches to 'functions/state_events.lua'
INFO - [♥] Applied 117 patches to 'functions/common_events.lua'
INFO - [♥] Applied 51 patches to 'functions/button_callbacks.lua'
INFO - [♥] Applied 186 patches to 'card.lua'
INFO - [♥] Applied 10 patches to 'cardarea.lua'
INFO - [♥] Applied 37 patches to 'blind.lua'
INFO - [♥] Applied 2 patches to 'engine/text.lua'
INFO - [G] Failed to connect to the debug server 
INFO - [G] 2025-10-08 00:59:49 :: DEBUG :: DebugConsole :: Steamodded Debug Socket started ! 
INFO - [G] 2025-10-08 00:59:49 :: INFO  :: SMODS :: Steamodded v1.0.0~BETA-0711a 
INFO - [♥] Applied 9 patches to 'engine/sound_manager.lua'
INFO - [♥] Applied 1 patch to 'engine/save_manager.lua'
INFO - [G] 2025-10-08 00:59:52 :: INFO  :: Loader :: Valid JSON file found 
INFO - [G] 2025-10-08 00:59:52 :: INFO  :: Loader :: Valid JSON file found 
INFO - [G] 2025-10-08 00:59:52 :: INFO  :: TIMER :: [0000] Injected Fonts in 0.002 ms 
INFO - [G] 2025-10-08 00:59:52 :: INFO  :: TIMER :: [0000] Injected Language in 0.002 ms 
INFO - [G] 2025-10-08 00:59:52 :: INFO  :: TIMER :: [0000] Injected [INTERNAL] in 2.607 ms 
INFO - [G] 2025-10-08 00:59:52 :: INFO  :: TIMER :: [0004] Injected Atlas in 370.971 ms 
INFO - [G] 2025-10-08 00:59:52 :: INFO  :: TIMER :: [0001] Injected Sound in 0.412 ms 
INFO - [G] 2025-10-08 00:59:52 :: INFO  :: TIMER :: [0008] Injected Stake in 0.316 ms 
INFO - [G] 2025-10-08 00:59:52 :: INFO  :: TIMER :: [0005] Injected Rarity in 0.040 ms 
INFO - [G] 2025-10-08 00:59:52 :: INFO  :: TIMER :: [0005] Injected ObjectType in 0.085 ms 
INFO - [G] 2025-10-08 00:59:53 :: INFO  :: TIMER :: [0105] Injected Center in 1.485 ms 
INFO - [G] 2025-10-08 00:59:53 :: INFO  :: TIMER :: [0007] Injected Undiscovered Sprite in 0.026 ms 
INFO - [G] 2025-10-08 00:59:53 :: INFO  :: TIMER :: [0002] Injected Blind in 0.025 ms 
INFO - [G] 2025-10-08 00:59:53 :: INFO  :: TIMER :: [0004] Injected Seal in 0.263 ms 
INFO - [G] 2025-10-08 00:59:53 :: INFO  :: TIMER :: [0004] Injected Suit in 0.121 ms 
INFO - [G] 2025-10-08 00:59:53 :: INFO  :: TIMER :: [0013] Injected Rank in 0.189 ms 
INFO - [G] 2025-10-08 00:59:53 :: INFO  :: TIMER :: [0028] Injected DeckSkin in 0.403 ms 
INFO - [G] 2025-10-08 00:59:53 :: INFO  :: TIMER :: [0012] Injected PokerHand in 0.116 ms 
INFO - [G] 2025-10-08 00:59:53 :: INFO  :: TIMER :: [0020] Injected Challenge in 0.055 ms 
INFO - [G] 2025-10-08 00:59:53 :: INFO  :: TIMER :: [0000] Injected Tag in 0.002 ms 
INFO - [G] 2025-10-08 00:59:53 :: INFO  :: TIMER :: [0004] Injected Sticker in 0.122 ms 
INFO - [G] 2025-10-08 00:59:53 :: INFO  :: TIMER :: [0000] Injected Shader in 0.002 ms 
INFO - [G] 2025-10-08 00:59:53 :: INFO  :: TIMER :: [0002] Injected Keybind in 0.025 ms 
INFO - [G] 2025-10-08 00:59:53 :: INFO  :: TIMER :: [0000] Injected Achievement in 0.085 ms 
INFO - [G] 2025-10-08 00:59:53 :: INFO  :: TIMER :: [0002] Injected nil in 0.027 ms 
INFO - [G] 2025-10-08 00:59:53 :: INFO  :: TIMER :: [0021] Injected Draw Step in 0.256 ms 
INFO - [G] 2025-10-08 00:59:53 :: INFO  :: TIMER :: [0000] Injected [INTERNAL] in 1.032 ms 
INFO - [G] [DebugPlus] Press [/] to toggle console and press [shift] + [/] to toggle new log previews 
INFO - [G] line not found
INFO - [G] file not found: main.lua: No such file or directory
INFO - [G] file not found: main.lua: No such file or directory
INFO - [G] 2025-10-08 01:00:34 :: ERROR :: StackTrace :: Oops! The game crashed
tag.lua:513: attempt to index a nil value
Stack Traceback
===============
(1) Lua upvalue 'orig' at file 'main.lua:612'
	Local variables:
	 msg = string: "tag.lua:513: attempt to index a nil value"
	 (*temporary) = Lua function '?' (defined at line 31 of chunk [SMODS _ "src/logging.lua"])
	 (*temporary) = string: "Oops! The game crashed\
"
(2) Lua local 'handler' at file 'debugplus/console.lua:606' (from lovely module debugplus.console)
	Local variables:
	 msg = string: "tag.lua:513: attempt to index a nil value"
(3) LÖVE metamethod at file 'boot.lua:352'
	Local variables:
	 errhand = Lua function '(LÖVE Function)' (defined at line 605 of chunk [lovely debugplus.console "debugplus/console.lua"])
	 handler = Lua function '(LÖVE Function)' (defined at line 605 of chunk [lovely debugplus.console "debugplus/console.lua"])
(4) Lua method 'generate_UI' at file 'tag.lua:513'
	Local variables:
	 self = table: 0x2401eae0  {ability:table: 0x240d3748, pos:table: 0x238d2d38, ID:2, tally:2, key:UNAVAILABLE, triggered:false, name:Not Discovered, config:table: 0x240d3720 (more...)}
	 _size = number: 0.8
	 tag_sprite_tab = nil
	 (*temporary) = table: 0x23823610  {reset:function: 0x238236f8, draw_shader:function: 0x23823658, define_draw_steps:function: 0x23823638, remove:function: 0x2381ff98, draw_self:function: 0x23823678 (more...)}
	 (*temporary) = number: 0
	 (*temporary) = number: 0
	 (*temporary) = number: 0.8
	 (*temporary) = number: 0.8
	 (*temporary) = table: 0x2388e9f8  {stickers:table: 0x23f31990, DebugPlus_modicon:table: 0x23b0a430, collab_CL_2:table: 0x23f33370, collab_FO_2:table: 0x23f34570, icons:table: 0x23f31750 (more...)}
	 (*temporary) = nil
	 (*temporary) = string: "UNAVAILABLE"
	 (*temporary) = string: "attempt to index a nil value"
(5) Lua global 'add_tag' at file 'functions/UI_definitions.lua:1387'
	Local variables:
	 _tag = table: 0x2401eae0  {ability:table: 0x240d3748, pos:table: 0x238d2d38, ID:2, tally:2, key:UNAVAILABLE, triggered:false, name:Not Discovered, config:table: 0x240d3720 (more...)}
(6) Lua method 'calculate' at file 'superautojokers_main.lua:1010' (from mod with id SuperAutoJokers)
	Local variables:
	 self = table: 0x23f089a0  {alerted:true, loc_vars:function: 0x23f08d20, _saved_d_u:true, original_key:hippojoker, mod:table: 0x23ef2798, registered:true, rarity:2, cost:5 (more...)}
	 card = table: 0x23ddd3f0  {ARGS:table: 0x23c291e0, rank:1, click_offset:table: 0x243a5d28, dissolve_colours:table: 0x23f21978, static_rotation:false, ambient_tilt:0.2, parent:table: 0x23f34118 (more...)}
	 context = table: 0x24091af8  {main_eval:true, blind:table: 0x238d31b0, cardarea:table: 0x23f34118, setting_blind:true}
(7) Lua method 'calculate_joker' at file 'card.lua:2555'
	Local variables:
	 self = table: 0x23ddd3f0  {ARGS:table: 0x23c291e0, rank:1, click_offset:table: 0x243a5d28, dissolve_colours:table: 0x23f21978, static_rotation:false, ambient_tilt:0.2, parent:table: 0x23f34118 (more...)}
	 context = table: 0x24091af8  {main_eval:true, blind:table: 0x238d31b0, cardarea:table: 0x23f34118, setting_blind:true}
	 obj = table: 0x23f089a0  {alerted:true, loc_vars:function: 0x23f08d20, _saved_d_u:true, original_key:hippojoker, mod:table: 0x23ef2798, registered:true, rarity:2, cost:5 (more...)}
(8) Lua global 'eval_card' at file 'functions/common_events.lua:722'
	Local variables:
	 card = table: 0x23ddd3f0  {ARGS:table: 0x23c291e0, rank:1, click_offset:table: 0x243a5d28, dissolve_colours:table: 0x23f21978, static_rotation:false, ambient_tilt:0.2, parent:table: 0x23f34118 (more...)}
	 context = table: 0x24091af8  {main_eval:true, blind:table: 0x238d31b0, cardarea:table: 0x23f34118, setting_blind:true}
	 ret = table: 0x24016658  {}
	 post_trig = table: 0x24016680  {}
	 areas = table: 0x24033e20  {1:table: 0x23f34118, 2:table: 0x23fbf8b0, 3:table: 0x23b5a420}
	 area_set = table: 0x2405b528  {table: 0x23b5a420:true, table: 0x23fbf8b0:true, table: 0x23f34118:true}
(9) Lua field 'calculate_card_areas' at Steamodded file 'src/utils.lua:1720' 
	Local variables:
	 _type = string: "jokers"
	 context = table: 0x24091af8  {main_eval:true, blind:table: 0x238d31b0, cardarea:table: 0x23f34118, setting_blind:true}
	 return_table = nil
	 args = table: 0x2409fea8  {joker_area:true}
	 flags = table: 0x2409fed0  {}
	 (for generator) = C function: builtin#6
	 (for state) = table: 0x23fe1058  {1:table: 0x23f34118, 2:table: 0x23fbf8b0, 3:table: 0x23b5a420}
	 (for control) = number: 1
	 _ = number: 1
	 area = table: 0x23f34118  {click_offset:table: 0x23f336f8, static_rotation:false, shuffle_amt:0, T:table: 0x23b4cd20, offset:table: 0x23f1d4e0, role:table: 0x23e3f2b0, last_aligned:-1 (more...)}
	 (for generator) = C function: builtin#6
	 (for state) = table: 0x23cd35a8  {1:table: 0x23ddd3f0}
	 (for control) = number: 1
	 _ = number: 1
	 _card = table: 0x23ddd3f0  {ARGS:table: 0x23c291e0, rank:1, click_offset:table: 0x243a5d28, dissolve_colours:table: 0x23f21978, static_rotation:false, ambient_tilt:0.2, parent:table: 0x23f34118 (more...)}
(10) Lua field 'calculate_context' at Steamodded file 'src/utils.lua:1836' 
	Local variables:
	 context = table: 0x24091af8  {main_eval:true, blind:table: 0x238d31b0, cardarea:table: 0x23f34118, setting_blind:true}
	 return_table = nil
	 no_resolve = nil
	 has_area = nil
	 flags = table: 0x24091b20  {}
	 (*temporary) = number: 1
(11) Lua field 'func' at file 'functions/state_events.lua:276'
	Local variables:
	 blhash = string: "S"
(12) Lua method 'handle' at file 'engine/event.lua:99'
	Local variables:
	 self = table: 0x23cc3210  {start_timer:true, timer:TOTAL, blockable:true, trigger:immediate, func:function: 0x23c7d580, delay:0, complete:false, time:27.168213202205, blocking:true (more...)}
	 _results = table: 0x241fa5a8  {blocking:true, pause_skip:false, time_done:false, completed:false}
(13) Lua method 'update' at file 'engine/event.lua:182'
	Local variables:
	 self = table: 0x23e2bf40  {queue_last_processed:40.149999999999, queues:table: 0x23e2bf68, queue_dt:0.016666666666667, queue_timer:40.561660968784}
	 dt = number: 0.0166216
	 forced = nil
	 (for generator) = C function: next
	 (for state) = table: 0x23e2bf68  {unlock:table: 0x23e2c058, other:table: 0x23e2c0f8, tutorial:table: 0x23e2c0a8, base:table: 0x23e2c080, achievement:table: 0x23e2c0d0}
	 (for control) = number: nan
	 k = string: "base"
	 v = table: 0x23e2c080  {1:table: 0x24095608, 2:table: 0x23cc3210, 3:table: 0x237de6e0, 4:table: 0x248497e8, 5:table: 0x23a4da20, 6:table: 0x23a076f0, 7:table: 0x239bd408 (more...)}
	 blocked = boolean: false
	 i = number: 2
	 results = table: 0x241fa5a8  {blocking:true, pause_skip:false, time_done:false, completed:false}
(14) Lua upvalue 'gameUpdateRef' at file 'game.lua:2552'
	Local variables:
	 self = table: 0x23889f88  {F_GUIDE:false, F_CRASH_REPORTS:false, F_QUIT_BUTTON:true, HUD_tags:table: 0x243f5aa8, F_ENGLISH_ONLY:false, viewed_stake:1, HUD:table: 0x240e7c68 (more...)}
	 dt = number: 0.0166216
	 http_resp = nil
(15) Lua method 'update' at Steamodded file 'src/ui.lua:84' 
	Local variables:
	 self = table: 0x23889f88  {F_GUIDE:false, F_CRASH_REPORTS:false, F_QUIT_BUTTON:true, HUD_tags:table: 0x243f5aa8, F_ENGLISH_ONLY:false, viewed_stake:1, HUD:table: 0x240e7c68 (more...)}
	 dt = number: 0.0166216
(16) Lua field 'update' at file 'main.lua:999'
	Local variables:
	 dt = number: 0.0166216
(17) Lua function '?' at file 'main.lua:938' (best guess)
(18) global C function 'xpcall'
(19) LÖVE function at file 'boot.lua:377' (best guess)
	Local variables:
	 func = Lua function '?' (defined at line 909 of chunk main.lua)
	 inerror = boolean: true
	 deferErrhand = Lua function '(LÖVE Function)' (defined at line 348 of chunk [love "boot.lua"])
	 earlyinit = Lua function '(LÖVE Function)' (defined at line 355 of chunk [love "boot.lua"])
 
INFO - [G] file not found: main.lua: No such file or directory
INFO - [G] file not found: main.lua: No such file or directory
INFO - [G] 2025-10-08 01:00:34 :: INFO  :: StackTrace :: Additional Context:
Balatro Version: 1.0.1o-FULL
Modded Version: 1.0.0~BETA-0711a-STEAMODDED
LÖVE Version: 11.5.0
Lovely Version: 0.8.0
Platform: Windows
Steamodded Mods:
    1: Super Auto Jokers by Equi [ID: SuperAutoJokers, Version: 1.0.0]
    2: DebugPlus by WilsontheWolf [ID: DebugPlus, Version: 1.5.1, Uses Lovely]
Lovely Mods: 
