INFO - [♥] Lovely 0.8.0
INFO - [♥] Game directory is at "C:\\Program Files (x86)\\Steam\\steamapps\\common\\Balatro"
INFO - [♥] Writing logs to "C:\\Users\\PC\\AppData\\Roaming\\Balatro\\Mods\\lovely\\log"
INFO - [♥] Using mod directory at "C:\\Users\\PC\\AppData\\Roaming\\Balatro\\Mods"
INFO - [♥] Cleaning up dumps directory at "C:\\Users\\PC\\AppData\\Roaming\\Balatro\\Mods\\lovely\\dump"
INFO - [♥] Initialization complete in 54ms
INFO - [♥] Applied 1 patch to 'conf.lua'
INFO - [♥] Applied 11 patches to 'main.lua'
INFO - [♥] Applied 10 patches to 'engine/controller.lua'
INFO - [♥] Applied 15 patches to 'back.lua'
INFO - [♥] Applied 7 patches to 'tag.lua'
INFO - [♥] Applied 2 patches to 'engine/moveable.lua'
INFO - [♥] Applied 2 patches to 'engine/sprite.lua'
INFO - [♥] Applied 2 patches to 'engine/animatedsprite.lua'
INFO - [♥] Applied 67 patches to 'functions/misc_functions.lua'
INFO - [♥] Applied 40 patches to 'game.lua'
INFO - [♥] Applied 1 patch to 'globals.lua'
INFO - [♥] Applied 5 patches to 'engine/ui.lua'
INFO - [♥] Applied 95 patches to 'functions/UI_definitions.lua'
INFO - [♥] Applied 49 patches to 'functions/state_events.lua'
INFO - [♥] Applied 117 patches to 'functions/common_events.lua'
INFO - [♥] Applied 51 patches to 'functions/button_callbacks.lua'
INFO - [♥] Applied 186 patches to 'card.lua'
INFO - [♥] Applied 10 patches to 'cardarea.lua'
INFO - [♥] Applied 37 patches to 'blind.lua'
INFO - [♥] Applied 2 patches to 'engine/text.lua'
INFO - [G] Failed to connect to the debug server 
INFO - [G] 2025-09-24 18:35:03 :: DEBUG :: DebugConsole :: Steamodded Debug Socket started ! 
INFO - [G] 2025-09-24 18:35:03 :: INFO  :: SMODS :: Steamodded v1.0.0~BETA-0711a 
INFO - [♥] Applied 9 patches to 'engine/sound_manager.lua'
INFO - [♥] Applied 1 patch to 'engine/save_manager.lua'
INFO - [G] 2025-09-24 18:35:07 :: INFO  :: Loader :: Valid JSON file found 
INFO - [G] 2025-09-24 18:35:07 :: INFO  :: Loader :: Valid JSON file found 
INFO - [G] 2025-09-24 18:35:08 :: WARN  :: Joker :: Cannot take ownership of j_mail-in_rebate: Does not exist. 
INFO - [G] 2025-09-24 18:35:08 :: INFO  :: TIMER :: [0000] Injected Fonts in 0.001 ms 
INFO - [G] 2025-09-24 18:35:08 :: INFO  :: TIMER :: [0000] Injected Language in 0.002 ms 
INFO - [G] 2025-09-24 18:35:08 :: INFO  :: TIMER :: [0000] Injected [INTERNAL] in 2.463 ms 
INFO - [G] 2025-09-24 18:35:08 :: INFO  :: TIMER :: [0003] Injected Atlas in 438.402 ms 
INFO - [G] 2025-09-24 18:35:08 :: INFO  :: TIMER :: [0001] Injected Sound in 1.385 ms 
INFO - [G] 2025-09-24 18:35:08 :: INFO  :: TIMER :: [0008] Injected Stake in 0.403 ms 
INFO - [G] 2025-09-24 18:35:08 :: INFO  :: TIMER :: [0004] Injected Rarity in 0.031 ms 
INFO - [G] 2025-09-24 18:35:08 :: INFO  :: TIMER :: [0004] Injected ObjectType in 0.056 ms 
INFO - [G] 2025-09-24 18:35:08 :: INFO  :: TIMER :: [0070] Injected Center in 1.168 ms 
INFO - [G] 2025-09-24 18:35:08 :: INFO  :: TIMER :: [0007] Injected Undiscovered Sprite in 0.028 ms 
INFO - [G] 2025-09-24 18:35:08 :: INFO  :: TIMER :: [0002] Injected Blind in 0.035 ms 
INFO - [G] 2025-09-24 18:35:08 :: INFO  :: TIMER :: [0004] Injected Seal in 0.399 ms 
INFO - [G] 2025-09-24 18:35:08 :: INFO  :: TIMER :: [0004] Injected Suit in 0.278 ms 
INFO - [G] 2025-09-24 18:35:08 :: INFO  :: TIMER :: [0013] Injected Rank in 0.114 ms 
INFO - [G] 2025-09-24 18:35:08 :: INFO  :: TIMER :: [0028] Injected DeckSkin in 0.568 ms 
INFO - [G] 2025-09-24 18:35:08 :: INFO  :: TIMER :: [0012] Injected PokerHand in 0.071 ms 
INFO - [G] 2025-09-24 18:35:08 :: INFO  :: TIMER :: [0020] Injected Challenge in 0.053 ms 
INFO - [G] 2025-09-24 18:35:08 :: INFO  :: TIMER :: [0000] Injected Tag in 0.002 ms 
INFO - [G] 2025-09-24 18:35:08 :: INFO  :: TIMER :: [0004] Injected Sticker in 0.149 ms 
INFO - [G] 2025-09-24 18:35:08 :: INFO  :: TIMER :: [0000] Injected Shader in 0.002 ms 
INFO - [G] 2025-09-24 18:35:08 :: INFO  :: TIMER :: [0002] Injected Keybind in 0.022 ms 
INFO - [G] 2025-09-24 18:35:08 :: INFO  :: TIMER :: [0000] Injected Achievement in 0.084 ms 
INFO - [G] 2025-09-24 18:35:08 :: INFO  :: TIMER :: [0002] Injected nil in 0.024 ms 
INFO - [G] 2025-09-24 18:35:08 :: INFO  :: TIMER :: [0021] Injected Draw Step in 0.804 ms 
INFO - [G] 2025-09-24 18:35:08 :: INFO  :: TIMER :: [0000] Injected [INTERNAL] in 0.914 ms 
INFO - [G] [DebugPlus] Press [/] to toggle console and press [shift] + [/] to toggle new log previews 
INFO - [G] line not found
INFO - [G] line not found
INFO - [G] file not found: main.lua: No such file or directory
INFO - [G] file not found: main.lua: No such file or directory
INFO - [G] 2025-09-24 18:35:34 :: ERROR :: StackTrace :: Oops! The game crashed
[SMODS SuperAutoJokers "superautojokers_main.lua"]:450: attempt to index field 'extra' (a number value)
Stack Traceback
===============
(1) Lua upvalue 'orig' at file 'main.lua:612'
	Local variables:
	 msg = string: "[SMODS SuperAutoJokers \"superautojokers_main.lua\"]:450: attempt to index field 'extra' (a number value)"
	 (*temporary) = Lua function '?' (defined at line 31 of chunk [SMODS _ "src/logging.lua"])
	 (*temporary) = string: "Oops! The game crashed\
"
(2) Lua local 'handler' at file 'debugplus/console.lua:606' (from lovely module debugplus.console)
	Local variables:
	 msg = string: "[SMODS SuperAutoJokers \"superautojokers_main.lua\"]:450: attempt to index field 'extra' (a number value)"
(3) LÖVE metamethod at file 'boot.lua:352'
	Local variables:
	 errhand = Lua function '(LÖVE Function)' (defined at line 605 of chunk [lovely debugplus.console "debugplus/console.lua"])
	 handler = Lua function '(LÖVE Function)' (defined at line 605 of chunk [lovely debugplus.console "debugplus/console.lua"])
(4) Lua method 'calculate' at file 'superautojokers_main.lua:450' (from mod with id SuperAutoJokers)
	Local variables:
	 self = table: 0x20c006f0  {alerted:true, atlas:Joker, registered:true, _saved_d_u:true, original_key:8_ball, _discovered_unlocked_overwritten:true, calculate:function: 0x210e1b38 (more...)}
	 card = table: 0x20916f78  {click_offset:table: 0x209175a8, under_overlay:false, children:table: 0x20b64c50, ambient_tilt:0.2, parent:table: 0x20a8ec38, pinch:table: 0x20eeceb0 (more...)}
	 context = table: 0x20ef5488  {other_card:table: 0x20fa9498, poker_hands:table: 0x20d1e3f0, individual:true, scoring_name:Straight, scoring_hand:table: 0x2118dac8, full_hand:table: 0x20fa93f8 (more...)}
	 (*temporary) = Lua function '?' (defined at line 2595 of chunk [SMODS _ "src/utils.lua"])
	 (*temporary) = table: 0x20916f78  {click_offset:table: 0x209175a8, under_overlay:false, children:table: 0x20b64c50, ambient_tilt:0.2, parent:table: 0x20a8ec38, pinch:table: 0x20eeceb0 (more...)}
	 (*temporary) = string: "8ball"
	 (*temporary) = number: 1
	 (*temporary) = number: 4
	 (*temporary) = string: "attempt to index field 'extra' (a number value)"
(5) Lua method 'calculate_joker' at file 'card.lua:2555'
	Local variables:
	 self = table: 0x20916f78  {click_offset:table: 0x209175a8, under_overlay:false, children:table: 0x20b64c50, ambient_tilt:0.2, parent:table: 0x20a8ec38, pinch:table: 0x20eeceb0 (more...)}
	 context = table: 0x20ef5488  {other_card:table: 0x20fa9498, poker_hands:table: 0x20d1e3f0, individual:true, scoring_name:Straight, scoring_hand:table: 0x2118dac8, full_hand:table: 0x20fa93f8 (more...)}
	 obj = table: 0x20c006f0  {alerted:true, atlas:Joker, registered:true, _saved_d_u:true, original_key:8_ball, _discovered_unlocked_overwritten:true, calculate:function: 0x210e1b38 (more...)}
(6) Lua global 'eval_card' at file 'functions/common_events.lua:722'
	Local variables:
	 card = table: 0x20916f78  {click_offset:table: 0x209175a8, under_overlay:false, children:table: 0x20b64c50, ambient_tilt:0.2, parent:table: 0x20a8ec38, pinch:table: 0x20eeceb0 (more...)}
	 context = table: 0x20ef5488  {other_card:table: 0x20fa9498, poker_hands:table: 0x20d1e3f0, individual:true, scoring_name:Straight, scoring_hand:table: 0x2118dac8, full_hand:table: 0x20fa93f8 (more...)}
	 ret = table: 0x20ee51f0  {}
	 post_trig = table: 0x20ee5218  {}
	 areas = table: 0x20ee5240  {1:table: 0x20a8ec38, 2:table: 0x20f00dc8, 3:table: 0x20c03cd0}
	 area_set = table: 0x20ee5288  {table: 0x20a8ec38:true, table: 0x20f00dc8:true, table: 0x20c03cd0:true}
(7) Lua field 'calculate_card_areas' at Steamodded file 'src/utils.lua:1720' 
	Local variables:
	 _type = string: "jokers"
	 context = table: 0x20ef5488  {other_card:table: 0x20fa9498, poker_hands:table: 0x20d1e3f0, individual:true, scoring_name:Straight, scoring_hand:table: 0x2118dac8, full_hand:table: 0x20fa93f8 (more...)}
	 return_table = table: 0x20ef5638  {1:table: 0x20ef5678, 2:table: 0x20ef5760, 3:table: 0x20ee5050}
	 args = table: 0x20ef5898  {main_scoring:true}
	 flags = table: 0x20ee4fe0  {}
	 (for generator) = C function: builtin#6
	 (for state) = table: 0x20ee5008  {1:table: 0x20a8ec38, 2:table: 0x20f00dc8, 3:table: 0x20c03cd0}
	 (for control) = number: 1
	 _ = number: 1
	 area = table: 0x20a8ec38  {click_offset:table: 0x2123ed10, static_rotation:false, shuffle_amt:0, T:table: 0x20eea340, offset:table: 0x2122b5f0, role:table: 0x21571f10, last_aligned:-1 (more...)}
	 (for generator) = C function: builtin#6
	 (for state) = table: 0x210cabe0  {1:table: 0x210cac30, 2:table: 0x20916f78}
	 (for control) = number: 2
	 _ = number: 2
	 _card = table: 0x20916f78  {click_offset:table: 0x209175a8, under_overlay:false, children:table: 0x20b64c50, ambient_tilt:0.2, parent:table: 0x20a8ec38, pinch:table: 0x20eeceb0 (more...)}
(8) Lua field 'score_card' at Steamodded file 'src/utils.lua:1880' 
	Local variables:
	 card = table: 0x20fa9498  {click_offset:table: 0x20fa48a8, children:table: 0x212b6cf8, ambient_tilt:0.2, parent:table: 0x210819d8, highlighted:false, T:table: 0x20fa95f8 (more...)}
	 context = table: 0x20ef5488  {other_card:table: 0x20fa9498, poker_hands:table: 0x20d1e3f0, individual:true, scoring_name:Straight, scoring_hand:table: 0x2118dac8, full_hand:table: 0x20fa93f8 (more...)}
	 reps = table: 0x20ef5600  {1:1}
	 j = number: 1
	 effects = table: 0x20ef5638  {1:table: 0x20ef5678, 2:table: 0x20ef5760, 3:table: 0x20ee5050}
(9) Lua field 'calculate_main_scoring' at Steamodded file 'src/utils.lua:1924' 
	Local variables:
	 context = table: 0x20ef5488  {other_card:table: 0x20fa9498, poker_hands:table: 0x20d1e3f0, individual:true, scoring_name:Straight, scoring_hand:table: 0x2118dac8, full_hand:table: 0x20fa93f8 (more...)}
	 scoring_hand = table: 0x2118dac8  {1:table: 0x20fa9498, 2:table: 0x212bc6e0, 3:table: 0x21581200, 4:table: 0x211ac068, 5:table: 0x20fb8b00}
	 (for generator) = C function: builtin#6
	 (for state) = table: 0x20fa93f8  {1:table: 0x20fa9498, 2:table: 0x212bc6e0, 3:table: 0x21581200, 4:table: 0x211ac068, 5:table: 0x20fb8b00}
	 (for control) = number: 1
	 _ = number: 1
	 card = table: 0x20fa9498  {click_offset:table: 0x20fa48a8, children:table: 0x212b6cf8, ambient_tilt:0.2, parent:table: 0x210819d8, highlighted:false, T:table: 0x20fa95f8 (more...)}
	 in_scoring = boolean: true
(10) Lua field 'evaluate_play' at file 'functions/state_events.lua:614'
	Local variables:
	 e = nil
	 text = string: "Straight"
	 disp_text = string: "Straight"
	 poker_hands = table: 0x20d1e3f0  {Flush House:table: 0x21243d18, Full House:table: 0x21243d78, top:table: 0x21243f20, Flush:table: 0x20c58098, Pair:table: 0x20e459a0, Four of a Kind:table: 0x211954e0 (more...)}
	 scoring_hand = table: 0x2118dac8  {1:table: 0x20fa9498, 2:table: 0x212bc6e0, 3:table: 0x21581200, 4:table: 0x211ac068, 5:table: 0x20fb8b00}
	 non_loc_disp_text = string: "Straight"
	 final_scoring_hand = table: 0x2118dac8  {1:table: 0x20fa9498, 2:table: 0x212bc6e0, 3:table: 0x21581200, 4:table: 0x211ac068, 5:table: 0x20fb8b00}
	 hand_text_set = boolean: false
	 modded = nil
	 (for generator) = C function: builtin#6
	 (for state) = table: 0x20ef5460  {1:table: 0x210819d8, 2:table: 0x20f78bc8}
	 (for control) = number: 1
	 _ = number: 1
	 v = table: 0x210819d8  {click_offset:table: 0x210cb0c8, static_rotation:false, shuffle_amt:0, T:table: 0x20eedbf8, offset:table: 0x20bdbc78, role:table: 0x20c6e090, last_aligned:-1 (more...)}
(11) Lua field 'func' at file 'functions/state_events.lua:482'
(12) Lua method 'handle' at file 'engine/event.lua:99'
	Local variables:
	 self = table: 0x20aa23f8  {start_timer:true, timer:TOTAL, blockable:true, trigger:immediate, func:function: 0x20d17a90, delay:0, complete:false, time:35.97306640586, blocking:true (more...)}
	 _results = table: 0x20bacaf8  {blocking:true, pause_skip:false, time_done:false, completed:false}
(13) Lua method 'update' at file 'engine/event.lua:182'
	Local variables:
	 self = table: 0x20c9d4d8  {queue_last_processed:25, queues:table: 0x20c9d500, queue_dt:0.016666666666667, queue_timer:25.100133913921}
	 dt = number: 0.0166705
	 forced = nil
	 (for generator) = C function: next
	 (for state) = table: 0x20c9d500  {unlock:table: 0x20e90160, other:table: 0x20e90200, tutorial:table: 0x20e901b0, base:table: 0x20e90188, achievement:table: 0x20e901d8}
	 (for control) = number: nan
	 k = string: "base"
	 v = table: 0x20e90188  {1:table: 0x20845490, 2:table: 0x20aa23f8, 3:table: 0x210d8888, 4:table: 0x20ae2480, 5:table: 0x20d1e3c8, 6:table: 0x216abd30, 7:table: 0x212b0518 (more...)}
	 blocked = boolean: false
	 i = number: 2
	 results = table: 0x20bacaf8  {blocking:true, pause_skip:false, time_done:false, completed:false}
(14) Lua upvalue 'gameUpdateRef' at file 'game.lua:2552'
	Local variables:
	 self = table: 0x208678d0  {F_GUIDE:false, F_CRASH_REPORTS:false, F_QUIT_BUTTON:true, HUD_tags:table: 0x21650030, F_ENGLISH_ONLY:false, viewed_stake:1, HUD:table: 0x211b7738 (more...)}
	 dt = number: 0.0166705
	 http_resp = nil
(15) Lua method 'update' at Steamodded file 'src/ui.lua:84' 
	Local variables:
	 self = table: 0x208678d0  {F_GUIDE:false, F_CRASH_REPORTS:false, F_QUIT_BUTTON:true, HUD_tags:table: 0x21650030, F_ENGLISH_ONLY:false, viewed_stake:1, HUD:table: 0x211b7738 (more...)}
	 dt = number: 0.0166705
(16) Lua field 'update' at file 'main.lua:999'
	Local variables:
	 dt = number: 0.0166705
(17) Lua function '?' at file 'main.lua:938' (best guess)
(18) global C function 'xpcall'
(19) LÖVE function at file 'boot.lua:377' (best guess)
	Local variables:
	 func = Lua function '?' (defined at line 909 of chunk main.lua)
	 inerror = boolean: true
	 deferErrhand = Lua function '(LÖVE Function)' (defined at line 348 of chunk [love "boot.lua"])
	 earlyinit = Lua function '(LÖVE Function)' (defined at line 355 of chunk [love "boot.lua"])
 
INFO - [G] line not found
INFO - [G] file not found: main.lua: No such file or directory
INFO - [G] file not found: main.lua: No such file or directory
INFO - [G] 2025-09-24 18:35:34 :: INFO  :: StackTrace :: Additional Context:
Balatro Version: 1.0.1o-FULL
Modded Version: 1.0.0~BETA-0711a-STEAMODDED
LÖVE Version: 11.5.0
Lovely Version: 0.8.0
Platform: Windows
Steamodded Mods:
    1: Super Auto Jokers by Equi [ID: SuperAutoJokers, Version: 1.0.0]
    2: DebugPlus by WilsontheWolf [ID: DebugPlus, Version: 1.5.1, Uses Lovely]
Lovely Mods: 
