INFO - [♥] Lovely 0.8.0
INFO - [♥] Game directory is at "C:\\Program Files (x86)\\Steam\\steamapps\\common\\Balatro"
INFO - [♥] Writing logs to "C:\\Users\\PC\\AppData\\Roaming\\Balatro\\Mods\\lovely\\log"
INFO - [♥] Using mod directory at "C:\\Users\\PC\\AppData\\Roaming\\Balatro\\Mods"
INFO - [♥] Cleaning up dumps directory at "C:\\Users\\PC\\AppData\\Roaming\\Balatro\\Mods\\lovely\\dump"
INFO - [♥] Initialization complete in 76ms
INFO - [♥] Applied 1 patch to 'conf.lua'
INFO - [♥] Applied 11 patches to 'main.lua'
INFO - [♥] Applied 10 patches to 'engine/controller.lua'
INFO - [♥] Applied 15 patches to 'back.lua'
INFO - [♥] Applied 7 patches to 'tag.lua'
INFO - [♥] Applied 2 patches to 'engine/moveable.lua'
INFO - [♥] Applied 2 patches to 'engine/sprite.lua'
INFO - [♥] Applied 2 patches to 'engine/animatedsprite.lua'
INFO - [♥] Applied 67 patches to 'functions/misc_functions.lua'
INFO - [♥] Applied 40 patches to 'game.lua'
INFO - [♥] Applied 1 patch to 'globals.lua'
INFO - [♥] Applied 5 patches to 'engine/ui.lua'
INFO - [♥] Applied 95 patches to 'functions/UI_definitions.lua'
INFO - [♥] Applied 49 patches to 'functions/state_events.lua'
INFO - [♥] Applied 117 patches to 'functions/common_events.lua'
INFO - [♥] Applied 51 patches to 'functions/button_callbacks.lua'
INFO - [♥] Applied 186 patches to 'card.lua'
INFO - [♥] Applied 10 patches to 'cardarea.lua'
INFO - [♥] Applied 37 patches to 'blind.lua'
INFO - [♥] Applied 2 patches to 'engine/text.lua'
INFO - [G] Failed to connect to the debug server 
INFO - [G] 2025-09-23 19:47:47 :: DEBUG :: DebugConsole :: Steamodded Debug Socket started ! 
INFO - [G] 2025-09-23 19:47:47 :: INFO  :: SMODS :: Steamodded v1.0.0~BETA-0711a 
INFO - [♥] Applied 9 patches to 'engine/sound_manager.lua'
INFO - [♥] Applied 1 patch to 'engine/save_manager.lua'
INFO - [G] 2025-09-23 19:47:52 :: INFO  :: Loader :: Valid JSON file found 
INFO - [G] 2025-09-23 19:47:52 :: INFO  :: Loader :: Valid JSON file found 
INFO - [G] 2025-09-23 19:47:52 :: INFO  :: TIMER :: [0000] Injected Fonts in 0.002 ms 
INFO - [G] 2025-09-23 19:47:52 :: INFO  :: TIMER :: [0000] Injected Language in 0.002 ms 
INFO - [G] 2025-09-23 19:47:52 :: INFO  :: TIMER :: [0000] Injected [INTERNAL] in 9.560 ms 
INFO - [G] 2025-09-23 19:47:52 :: INFO  :: TIMER :: [0003] Injected Atlas in 432.774 ms 
INFO - [G] 2025-09-23 19:47:52 :: INFO  :: TIMER :: [0001] Injected Sound in 0.931 ms 
INFO - [G] 2025-09-23 19:47:52 :: INFO  :: TIMER :: [0008] Injected Stake in 2.048 ms 
INFO - [G] 2025-09-23 19:47:52 :: INFO  :: TIMER :: [0004] Injected Rarity in 0.031 ms 
INFO - [G] 2025-09-23 19:47:52 :: INFO  :: TIMER :: [0004] Injected ObjectType in 0.100 ms 
INFO - [G] 2025-09-23 19:47:52 :: INFO  :: TIMER :: [0068] Injected Center in 0.945 ms 
INFO - [G] 2025-09-23 19:47:52 :: INFO  :: TIMER :: [0007] Injected Undiscovered Sprite in 0.053 ms 
INFO - [G] 2025-09-23 19:47:52 :: INFO  :: TIMER :: [0002] Injected Blind in 0.027 ms 
INFO - [G] 2025-09-23 19:47:52 :: INFO  :: TIMER :: [0004] Injected Seal in 0.189 ms 
INFO - [G] 2025-09-23 19:47:52 :: INFO  :: TIMER :: [0004] Injected Suit in 0.098 ms 
INFO - [G] 2025-09-23 19:47:52 :: INFO  :: TIMER :: [0013] Injected Rank in 0.218 ms 
INFO - [G] 2025-09-23 19:47:52 :: INFO  :: TIMER :: [0028] Injected DeckSkin in 0.280 ms 
INFO - [G] 2025-09-23 19:47:52 :: INFO  :: TIMER :: [0012] Injected PokerHand in 0.074 ms 
INFO - [G] 2025-09-23 19:47:52 :: INFO  :: TIMER :: [0020] Injected Challenge in 0.088 ms 
INFO - [G] 2025-09-23 19:47:52 :: INFO  :: TIMER :: [0000] Injected Tag in 0.002 ms 
INFO - [G] 2025-09-23 19:47:52 :: INFO  :: TIMER :: [0004] Injected Sticker in 0.305 ms 
INFO - [G] 2025-09-23 19:47:52 :: INFO  :: TIMER :: [0000] Injected Shader in 0.020 ms 
INFO - [G] 2025-09-23 19:47:53 :: INFO  :: TIMER :: [0002] Injected Keybind in 0.021 ms 
INFO - [G] 2025-09-23 19:47:53 :: INFO  :: TIMER :: [0000] Injected Achievement in 0.094 ms 
INFO - [G] 2025-09-23 19:47:53 :: INFO  :: TIMER :: [0002] Injected nil in 0.032 ms 
INFO - [G] 2025-09-23 19:47:53 :: INFO  :: TIMER :: [0021] Injected Draw Step in 0.093 ms 
INFO - [G] 2025-09-23 19:47:53 :: INFO  :: TIMER :: [0000] Injected [INTERNAL] in 0.896 ms 
INFO - [G] [DebugPlus] Press [/] to toggle console and press [shift] + [/] to toggle new log previews 
INFO - [G] line not found
INFO - [G] file not found: functions/misc_functions.lua: No such file or directory
INFO - [G] file not found: main.lua: No such file or directory
INFO - [G] file not found: main.lua: No such file or directory
INFO - [G] 2025-09-23 19:51:00 :: ERROR :: StackTrace :: Oops! The game crashed
[SMODS _ "src/utils.lua"]:1252: attempt to perform arithmetic on local 'amount' (a table value)
Stack Traceback
===============
(1) Lua upvalue 'orig' at file 'main.lua:612'
	Local variables:
	 msg = string: "[SMODS _ \"src/utils.lua\"]:1252: attempt to perform arithmetic on local 'amount' (a table value)"
	 (*temporary) = Lua function '?' (defined at line 31 of chunk [SMODS _ "src/logging.lua"])
	 (*temporary) = string: "Oops! The game crashed\
"
(2) Lua local 'handler' at file 'debugplus/console.lua:606' (from lovely module debugplus.console)
	Local variables:
	 msg = string: "[SMODS _ \"src/utils.lua\"]:1252: attempt to perform arithmetic on local 'amount' (a table value)"
(3) LÖVE metamethod at file 'boot.lua:352'
	Local variables:
	 errhand = Lua function '(LÖVE Function)' (defined at line 605 of chunk [lovely debugplus.console "debugplus/console.lua"])
	 handler = Lua function '(LÖVE Function)' (defined at line 605 of chunk [lovely debugplus.console "debugplus/console.lua"])
(4) Lua field 'calculate_individual_effect' at Steamodded file 'src/utils.lua:1252' 
	Local variables:
	 effect = table: 0x3ae46450  {juice_card:table: 0x3b057c38, message_card:table: 0x3ade74c0, mult:table: 0x3b842100, card:table: 0x3b057c38}
	 scored_card = table: 0x3ade74c0  {role:table: 0x3ade81b8, zoom:true, click_offset:table: 0x3ade7868, under_overlay:false, children:table: 0x3ade8cc8, ambient_tilt:0.2, parent:table: 0x3ab192a8 (more...)}
	 key = string: "mult"
	 amount = table: 0x3b842100  {chips:0, chip_mod:8}
	 from_edition = boolean: false
	 (*temporary) = Lua function '?' (defined at line 750 of chunk functions/misc_functions.lua)
	 (*temporary) = number: 8
	 (*temporary) = number: 2.63076e-26
	 (*temporary) = table: 0x3aba4910  {queue_last_processed:186.50000000004, queues:table: 0x3aba4938, queue_dt:0.016666666666667, queue_timer:187.35937346934}
	 (*temporary) = table: 0x3b5e6a48  {start_timer:false, timer:TOTAL, blockable:true, trigger:immediate, func:function: 0x3b562610, delay:0, complete:false, time:545.8373818814, blocking:true (more...)}
	 (*temporary) = string: "base"
	 (*temporary) = nil
	 (*temporary) = table: 0x3aba4a50  {1:table: 0x3b0f7da8, 2:table: 0x3b1718d0, 3:table: 0x3ba0b538, 4:table: 0x3b74d308, 5:table: 0x3aec2b40, 6:table: 0x3b4a9000, 7:table: 0x3abd8760 (more...)}
	 (*temporary) = number: 26
	 (*temporary) = table: 0x3a821d28  {handle:function: 0x3a82b070, __index:table: 0x3a821d28, init:function: 0x3a821d50, __call:function: 0x3a7e9ca8, super:table: 0x3a7e9db0}
	 (*temporary) = string: "attempt to perform arithmetic on local 'amount' (a table value)"
(5) Lua field 'calculate_effect' at Steamodded file 'src/utils.lua:1506' 
	Local variables:
	 effect = table: 0x3ae46450  {juice_card:table: 0x3b057c38, message_card:table: 0x3ade74c0, mult:table: 0x3b842100, card:table: 0x3b057c38}
	 scored_card = table: 0x3ade74c0  {role:table: 0x3ade81b8, zoom:true, click_offset:table: 0x3ade7868, under_overlay:false, children:table: 0x3ade8cc8, ambient_tilt:0.2, parent:table: 0x3ab192a8 (more...)}
	 from_edition = boolean: false
	 pre_jokers = nil
	 ret = table: 0x3b120928  {}
	 (for generator) = C function: builtin#6
	 (for state) = table: 0x3ab8af68  {1:chips, 2:h_chips, 3:chip_mod, 4:mult, 5:h_mult, 6:mult_mod, 7:x_chips, 8:xchips, 9:Xchip_mod, 10:x_mult, 11:Xmult, 12:xmult, 13:x_mult_mod (more...)}
	 (for control) = number: 4
	 _ = number: 4
	 key = string: "mult"
(6) Lua field 'calculate_effect_table_key' at Steamodded file 'src/utils.lua:1489' 
	Local variables:
	 effect_table = table: 0x3ae60518  {jokers:table: 0x3ae46450}
	 key = string: "jokers"
	 card = table: 0x3ade74c0  {role:table: 0x3ade81b8, zoom:true, click_offset:table: 0x3ade7868, under_overlay:false, children:table: 0x3ade8cc8, ambient_tilt:0.2, parent:table: 0x3ab192a8 (more...)}
	 ret = table: 0x3b1a50f0  {calculated:true}
	 effect = table: 0x3ae46450  {juice_card:table: 0x3b057c38, message_card:table: 0x3ade74c0, mult:table: 0x3b842100, card:table: 0x3b057c38}
(7) Lua field 'trigger_effects' at Steamodded file 'src/utils.lua:1467' 
	Local variables:
	 effects = table: 0x3b7253b8  {1:table: 0x3b7253f8, 2:table: 0x3b094a10, 3:table: 0x3adeb770, 4:table: 0x3ae60518, 5:table: 0x3ac2cf80, 6:table: 0x3ac2d010}
	 card = table: 0x3ade74c0  {role:table: 0x3ade81b8, zoom:true, click_offset:table: 0x3ade7868, under_overlay:false, children:table: 0x3ade8cc8, ambient_tilt:0.2, parent:table: 0x3ab192a8 (more...)}
	 ret = table: 0x3b1a50f0  {calculated:true}
	 (for generator) = C function: builtin#6
	 (for state) = table: 0x3b7253b8  {1:table: 0x3b7253f8, 2:table: 0x3b094a10, 3:table: 0x3adeb770, 4:table: 0x3ae60518, 5:table: 0x3ac2cf80, 6:table: 0x3ac2d010}
	 (for control) = number: 4
	 _ = number: 4
	 effect_table = table: 0x3ae60518  {jokers:table: 0x3ae46450}
	 (for generator) = C function: builtin#6
	 (for state) = table: 0x3abe3c40  {1:jokers, 2:retriggers}
	 (for control) = number: 1
	 _ = number: 1
	 key = string: "jokers"
(8) Lua field 'score_card' at Steamodded file 'src/utils.lua:1884' 
	Local variables:
	 card = table: 0x3ade74c0  {role:table: 0x3ade81b8, zoom:true, click_offset:table: 0x3ade7868, under_overlay:false, children:table: 0x3ade8cc8, ambient_tilt:0.2, parent:table: 0x3ab192a8 (more...)}
	 context = table: 0x3b9b9d80  {other_card:table: 0x3ade74c0, poker_hands:table: 0x3aab1220, individual:true, scoring_name:Full House, scoring_hand:table: 0x3a98fc80, full_hand:table: 0x3af90080 (more...)}
	 reps = table: 0x3ae2fdb0  {1:1}
	 j = number: 1
	 effects = table: 0x3b7253b8  {1:table: 0x3b7253f8, 2:table: 0x3b094a10, 3:table: 0x3adeb770, 4:table: 0x3ae60518, 5:table: 0x3ac2cf80, 6:table: 0x3ac2d010}
(9) Lua field 'calculate_main_scoring' at Steamodded file 'src/utils.lua:1924' 
	Local variables:
	 context = table: 0x3b9b9d80  {other_card:table: 0x3ade74c0, poker_hands:table: 0x3aab1220, individual:true, scoring_name:Full House, scoring_hand:table: 0x3a98fc80, full_hand:table: 0x3af90080 (more...)}
	 scoring_hand = table: 0x3a98fc80  {1:table: 0x3ade74c0, 2:table: 0x3aa87f70, 3:table: 0x3aba3328, 4:table: 0x3ad98538, 5:table: 0x3a86d450}
	 (for generator) = C function: builtin#6
	 (for state) = table: 0x3af90080  {1:table: 0x3ade74c0, 2:table: 0x3aa87f70, 3:table: 0x3aba3328, 4:table: 0x3ad98538, 5:table: 0x3a86d450}
	 (for control) = number: 1
	 _ = number: 1
	 card = table: 0x3ade74c0  {role:table: 0x3ade81b8, zoom:true, click_offset:table: 0x3ade7868, under_overlay:false, children:table: 0x3ade8cc8, ambient_tilt:0.2, parent:table: 0x3ab192a8 (more...)}
	 in_scoring = boolean: true
(10) Lua field 'evaluate_play' at file 'functions/state_events.lua:614'
	Local variables:
	 e = nil
	 text = string: "Full House"
	 disp_text = string: "Full House"
	 poker_hands = table: 0x3aab1220  {Flush House:table: 0x3ba0c2f0, Full House:table: 0x3b5ed080, top:table: 0x3ab661f8, Flush:table: 0x3a89fb58, Pair:table: 0x3b5e61d8, Four of a Kind:table: 0x3aae3bc8 (more...)}
	 scoring_hand = table: 0x3a98fc80  {1:table: 0x3ade74c0, 2:table: 0x3aa87f70, 3:table: 0x3aba3328, 4:table: 0x3ad98538, 5:table: 0x3a86d450}
	 non_loc_disp_text = string: "Full House"
	 final_scoring_hand = table: 0x3a98fc80  {1:table: 0x3ade74c0, 2:table: 0x3aa87f70, 3:table: 0x3aba3328, 4:table: 0x3ad98538, 5:table: 0x3a86d450}
	 hand_text_set = boolean: false
	 modded = nil
	 (for generator) = C function: builtin#6
	 (for state) = table: 0x3b9b9d58  {1:table: 0x3ab192a8, 2:table: 0x3aed8518}
	 (for control) = number: 1
	 _ = number: 1
	 v = table: 0x3ab192a8  {click_offset:table: 0x3ac8c178, static_rotation:false, shuffle_amt:0, T:table: 0x3aaa1288, offset:table: 0x3a9dca40, role:table: 0x3aba6658, last_aligned:-1 (more...)}
(11) Lua field 'func' at file 'functions/state_events.lua:482'
(12) Lua method 'handle' at file 'engine/event.lua:99'
	Local variables:
	 self = table: 0x3b1718d0  {start_timer:true, timer:TOTAL, blockable:true, trigger:immediate, func:function: 0x3ae979a8, delay:0, complete:false, time:545.8373818814, blocking:true (more...)}
	 _results = table: 0x3b1b2178  {blocking:true, pause_skip:false, time_done:false, completed:false}
(13) Lua method 'update' at file 'engine/event.lua:182'
	Local variables:
	 self = table: 0x3aba4910  {queue_last_processed:186.50000000004, queues:table: 0x3aba4938, queue_dt:0.016666666666667, queue_timer:187.35937346934}
	 dt = number: 0.0165111
	 forced = nil
	 (for generator) = C function: next
	 (for state) = table: 0x3aba4938  {unlock:table: 0x3aba4a28, other:table: 0x3aba4ac8, tutorial:table: 0x3aba4a78, base:table: 0x3aba4a50, achievement:table: 0x3aba4aa0}
	 (for control) = number: nan
	 k = string: "base"
	 v = table: 0x3aba4a50  {1:table: 0x3b0f7da8, 2:table: 0x3b1718d0, 3:table: 0x3ba0b538, 4:table: 0x3b74d308, 5:table: 0x3aec2b40, 6:table: 0x3b4a9000, 7:table: 0x3abd8760 (more...)}
	 blocked = boolean: false
	 i = number: 2
	 results = table: 0x3b1b2178  {blocking:true, pause_skip:false, time_done:false, completed:false}
(14) Lua upvalue 'gameUpdateRef' at file 'game.lua:2552'
	Local variables:
	 self = table: 0x3a8a68b0  {F_GUIDE:false, F_CRASH_REPORTS:false, F_QUIT_BUTTON:true, HUD_tags:table: 0x3b62ba10, F_ENGLISH_ONLY:false, viewed_stake:1, HUD:table: 0x3b5b5048 (more...)}
	 dt = number: 0.0165111
	 http_resp = nil
(15) Lua method 'update' at Steamodded file 'src/ui.lua:84' 
	Local variables:
	 self = table: 0x3a8a68b0  {F_GUIDE:false, F_CRASH_REPORTS:false, F_QUIT_BUTTON:true, HUD_tags:table: 0x3b62ba10, F_ENGLISH_ONLY:false, viewed_stake:1, HUD:table: 0x3b5b5048 (more...)}
	 dt = number: 0.0165111
(16) Lua field 'update' at file 'main.lua:999'
	Local variables:
	 dt = number: 0.0165111
(17) Lua function '?' at file 'main.lua:938' (best guess)
(18) global C function 'xpcall'
(19) LÖVE function at file 'boot.lua:377' (best guess)
	Local variables:
	 func = Lua function '?' (defined at line 909 of chunk main.lua)
	 inerror = boolean: true
	 deferErrhand = Lua function '(LÖVE Function)' (defined at line 348 of chunk [love "boot.lua"])
	 earlyinit = Lua function '(LÖVE Function)' (defined at line 355 of chunk [love "boot.lua"])
 
INFO - [G] file not found: functions/misc_functions.lua: No such file or directory
INFO - [G] file not found: main.lua: No such file or directory
INFO - [G] file not found: main.lua: No such file or directory
INFO - [G] 2025-09-23 19:51:00 :: INFO  :: StackTrace :: Additional Context:
Balatro Version: 1.0.1o-FULL
Modded Version: 1.0.0~BETA-0711a-STEAMODDED
LÖVE Version: 11.5.0
Lovely Version: 0.8.0
Platform: Windows
Steamodded Mods:
    1: Super Auto Jokers by Equi [ID: SuperAutoJokers, Version: 1.0.0]
    2: DebugPlus by WilsontheWolf [ID: DebugPlus, Version: 1.5.1, Uses Lovely]
Lovely Mods: 
