INFO - [♥] Lovely 0.8.0
INFO - [♥] Game directory is at "C:\\Program Files (x86)\\Steam\\steamapps\\common\\Balatro"
INFO - [♥] Writing logs to "C:\\Users\\PC\\AppData\\Roaming\\Balatro\\Mods\\lovely\\log"
INFO - [♥] Using mod directory at "C:\\Users\\PC\\AppData\\Roaming\\Balatro\\Mods"
INFO - [♥] Cleaning up dumps directory at "C:\\Users\\PC\\AppData\\Roaming\\Balatro\\Mods\\lovely\\dump"
INFO - [♥] Initialization complete in 114ms
INFO - [♥] Applied 10 patches to 'main.lua'
INFO - [♥] Applied 5 patches to 'engine/controller.lua'
INFO - [♥] Applied 16 patches to 'back.lua'
INFO - [♥] Applied 7 patches to 'tag.lua'
INFO - [♥] Applied 3 patches to 'engine/moveable.lua'
INFO - [♥] Applied 2 patches to 'engine/sprite.lua'
INFO - [♥] Applied 2 patches to 'engine/animatedsprite.lua'
INFO - [♥] Applied 68 patches to 'functions/misc_functions.lua'
WARN - [♥] Pattern 'self.GAME.pseudorandom.seed = hash_seed(self.GAME.pseudorandom.seed)' on target 'game.lua' for pattern patch from BalatroMultiplayer\lovely\TheOrder.toml resulted in no matches
INFO - [♥] Applied 44 patches to 'game.lua'
INFO - [♥] Applied 2 patches to 'globals.lua'
INFO - [♥] Applied 5 patches to 'engine/ui.lua'
INFO - [♥] Applied 106 patches to 'functions/UI_definitions.lua'
INFO - [♥] Applied 54 patches to 'functions/state_events.lua'
INFO - [♥] Applied 132 patches to 'functions/common_events.lua'
INFO - [♥] Applied 54 patches to 'functions/button_callbacks.lua'
INFO - [♥] Applied 201 patches to 'card.lua'
INFO - [♥] Applied 12 patches to 'cardarea.lua'
INFO - [♥] Applied 37 patches to 'blind.lua'
INFO - [♥] Applied 2 patches to 'engine/text.lua'
INFO - [♥] Applied 3 patches to '=[SMODS _ "src/utils.lua"]'
INFO - [♥] Applied 1 patch to '=[SMODS _ "src/overrides.lua"]'
INFO - [♥] Applied 1 patch to '=[SMODS _ "src/game_object.lua"]'
INFO - [G] Failed to connect to the debug server
INFO - [G] 2025-08-27 18:08:48 :: DEBUG :: DebugConsole :: Steamodded Debug Socket started !
INFO - [G] 2025-08-27 18:08:48 :: INFO  :: SMODS :: Steamodded v1.0.0~BETA-0711a
INFO - [♥] Applied 9 patches to 'engine/sound_manager.lua'
INFO - [♥] Applied 1 patch to 'engine/save_manager.lua'
INFO - [G] 2025-08-27 18:08:55 :: INFO  :: Loader :: Valid JSON file found
INFO - [G] 2025-08-27 18:08:55 :: TRACE :: Loader :: Processing Mod file (Legacy header): BetterMouseAndGamepad_v1.0.6c.lua
INFO - [G] 2025-08-27 18:08:55 :: TRACE :: Loader :: Saving Mod Info: BetterMouseAndGamepad
INFO - [G] 2025-08-27 18:08:55 :: INFO  :: Loader :: Valid JSON file found
INFO - [G] 2025-08-27 18:08:55 :: DEBUG :: MULTIPLAYER :: Resetting lobby options
INFO - [G] 2025-08-27 18:08:55 :: DEBUG :: MULTIPLAYER :: Resetting game states
INFO - [G] 2025-08-27 18:08:55 :: TRACE :: MULTIPLAYER :: Client sent message: connect
INFO - [G] 2025-08-27 18:08:55 :: INFO  :: TIMER :: [0000] Injected Fonts in 0.002 ms
INFO - [G] 2025-08-27 18:08:55 :: INFO  :: TIMER :: [0000] Injected Language in 0.002 ms
INFO - [G] 2025-08-27 18:08:55 :: INFO  :: TIMER :: [0000] Injected [INTERNAL] in 2.504 ms
INFO - [G] 2025-08-27 18:08:56 :: INFO  :: TIMER :: [0022] Injected Atlas in 876.047 ms
INFO - [G] 2025-08-27 18:08:56 :: INFO  :: TIMER :: [0001] Injected Sound in 2.895 ms
INFO - [G] 2025-08-27 18:08:56 :: INFO  :: TIMER :: [0008] Injected Stake in 0.227 ms
INFO - [G] 2025-08-27 18:08:56 :: INFO  :: TIMER :: [0004] Injected Rarity in 0.061 ms
INFO - [G] 2025-08-27 18:08:56 :: INFO  :: TIMER :: [0004] Injected ObjectType in 4.428 ms
INFO - [G] 2025-08-27 18:08:56 :: INFO  :: TIMER :: [0081] Injected Center in 1.157 ms
INFO - [G] 2025-08-27 18:08:56 :: INFO  :: TIMER :: [0007] Injected Undiscovered Sprite in 0.044 ms
INFO - [G] 2025-08-27 18:08:56 :: INFO  :: TIMER :: [0003] Injected Blind in 0.034 ms
INFO - [G] 2025-08-27 18:08:56 :: INFO  :: TIMER :: [0004] Injected Seal in 0.190 ms
INFO - [G] 2025-08-27 18:08:56 :: INFO  :: TIMER :: [0004] Injected Suit in 0.090 ms
INFO - [G] 2025-08-27 18:08:56 :: INFO  :: TIMER :: [0013] Injected Rank in 0.152 ms
INFO - [G] 2025-08-27 18:08:56 :: INFO  :: TIMER :: [0028] Injected DeckSkin in 0.314 ms
INFO - [G] 2025-08-27 18:08:56 :: INFO  :: TIMER :: [0012] Injected PokerHand in 0.119 ms
INFO - [G] 2025-08-27 18:08:56 :: INFO  :: TIMER :: [0034] Injected Challenge in 0.088 ms
INFO - [G] 2025-08-27 18:08:56 :: INFO  :: TIMER :: [0001] Injected Tag in 0.020 ms
INFO - [G] 2025-08-27 18:08:56 :: INFO  :: TIMER :: [0006] Injected Sticker in 0.128 ms
INFO - [G] 2025-08-27 18:08:56 :: INFO  :: TIMER :: [0000] Injected Shader in 0.002 ms
INFO - [G] 2025-08-27 18:08:56 :: INFO  :: TIMER :: [0002] Injected Keybind in 0.024 ms
INFO - [G] 2025-08-27 18:08:57 :: INFO  :: TIMER :: [0000] Injected Achievement in 0.094 ms
INFO - [G] 2025-08-27 18:08:57 :: INFO  :: TIMER :: [0002] Injected nil in 0.024 ms
INFO - [G] 2025-08-27 18:08:57 :: INFO  :: TIMER :: [0022] Injected Draw Step in 0.128 ms
INFO - [G] 2025-08-27 18:08:57 :: INFO  :: TIMER :: [0000] Injected [INTERNAL] in 7.676 ms
INFO - [G] 2025-08-27 18:08:57 :: INFO  :: TIMER :: [0009] Injected nil in 0.061 ms
INFO - [G] 2025-08-27 18:08:57 :: INFO  :: TIMER :: [0003] Injected nil in 0.028 ms
INFO - [G] 2025-08-27 18:08:57 :: TRACE :: MULTIPLAYER :: Client got connected message:  (action: connected) 
INFO - [G] 2025-08-27 18:08:57 :: TRACE :: MULTIPLAYER :: Client sent message: action:username,username:Equi~13,modHash:
INFO - [G] 2025-08-27 18:08:57 :: TRACE :: MULTIPLAYER :: Client got version message:  (action: version) 
INFO - [G] 2025-08-27 18:08:57 :: TRACE :: MULTIPLAYER :: Client sent message: action:version,version:0.2.14-MULTIPLAYER
INFO - [G] 2025-08-27 18:08:57 :: TRACE :: MULTIPLAYER :: Client sent message: action:username,username:Equi~13,modHash:preview=true;theOrder=true;unlocked=true;encryptID=114770131200.07;serversideConnectionID=99363ae8;BetterMouseAndGamepad-1.0.6c;JokerDisplay-1.8.6;Lovely-0.8.0;Multiplayer-0.2.14;Preview-MultiplayerIntegration;Steamodded-1.0.0~BETA-0711a;TheOrder-MultiplayerIntegration
INFO - [G] 2025-08-27 18:10:17 :: DEBUG :: DefaultLogger :: (Idol) Selected card 6 of Diamonds with weight 1 of total 52
INFO - [G] 2025-08-27 18:10:17 :: DEBUG :: DefaultLogger :: (Mail) Selected card 9 with weight 7 of total 52
INFO - [G] 2025-08-27 18:11:01 :: DEBUG :: DefaultLogger :: (Idol) Selected card Queen of Clubs with weight 1 of total 52
INFO - [G] 2025-08-27 18:11:01 :: DEBUG :: DefaultLogger :: (Mail) Selected card 4 with weight 5 of total 52
INFO - [G] 2025-08-27 18:11:05 :: TRACE :: MULTIPLAYER :: Client sent message: action:moneyMoved,amount:5
INFO - [G] 2025-08-27 18:11:07 :: TRACE :: MULTIPLAYER :: Client sent message: action:usedCard,card:Buffoon Pack
INFO - [G] 2025-08-27 18:11:07 :: TRACE :: MULTIPLAYER :: Client sent message: action:moneyMoved,amount:-4
INFO - [G] 2025-08-27 18:11:09 :: TRACE :: MULTIPLAYER :: Client sent message: action:usedCard,card:Ride the Bus
