INFO - [♥] Lovely 0.8.0
INFO - [♥] Game directory is at "C:\\Program Files (x86)\\Steam\\steamapps\\common\\Balatro"
INFO - [♥] Writing logs to "C:\\Users\\PC\\AppData\\Roaming\\Balatro\\Mods\\lovely\\log"
INFO - [♥] Using mod directory at "C:\\Users\\PC\\AppData\\Roaming\\Balatro\\Mods"
INFO - [♥] Cleaning up dumps directory at "C:\\Users\\PC\\AppData\\Roaming\\Balatro\\Mods\\lovely\\dump"
INFO - [♥] Initialization complete in 66ms
INFO - [♥] Applied 1 patch to 'conf.lua'
INFO - [♥] Applied 11 patches to 'main.lua'
INFO - [♥] Applied 10 patches to 'engine/controller.lua'
INFO - [♥] Applied 15 patches to 'back.lua'
INFO - [♥] Applied 7 patches to 'tag.lua'
INFO - [♥] Applied 2 patches to 'engine/moveable.lua'
INFO - [♥] Applied 2 patches to 'engine/sprite.lua'
INFO - [♥] Applied 2 patches to 'engine/animatedsprite.lua'
INFO - [♥] Applied 67 patches to 'functions/misc_functions.lua'
INFO - [♥] Applied 40 patches to 'game.lua'
INFO - [♥] Applied 1 patch to 'globals.lua'
INFO - [♥] Applied 5 patches to 'engine/ui.lua'
INFO - [♥] Applied 95 patches to 'functions/UI_definitions.lua'
INFO - [♥] Applied 49 patches to 'functions/state_events.lua'
INFO - [♥] Applied 117 patches to 'functions/common_events.lua'
INFO - [♥] Applied 51 patches to 'functions/button_callbacks.lua'
INFO - [♥] Applied 186 patches to 'card.lua'
INFO - [♥] Applied 10 patches to 'cardarea.lua'
INFO - [♥] Applied 37 patches to 'blind.lua'
INFO - [♥] Applied 2 patches to 'engine/text.lua'
INFO - [G] Failed to connect to the debug server 
INFO - [G] 2025-10-07 11:48:11 :: DEBUG :: DebugConsole :: Steamodded Debug Socket started ! 
INFO - [G] 2025-10-07 11:48:11 :: INFO  :: SMODS :: Steamodded v1.0.0~BETA-0711a 
INFO - [♥] Applied 9 patches to 'engine/sound_manager.lua'
INFO - [♥] Applied 1 patch to 'engine/save_manager.lua'
INFO - [G] 2025-10-07 11:48:14 :: INFO  :: Loader :: Valid JSON file found 
INFO - [G] 2025-10-07 11:48:14 :: INFO  :: Loader :: Valid JSON file found 
INFO - [G] 2025-10-07 11:48:14 :: INFO  :: TIMER :: [0000] Injected Fonts in 0.002 ms 
INFO - [G] 2025-10-07 11:48:14 :: INFO  :: TIMER :: [0000] Injected Language in 0.002 ms 
INFO - [G] 2025-10-07 11:48:14 :: INFO  :: TIMER :: [0000] Injected [INTERNAL] in 2.251 ms 
INFO - [G] 2025-10-07 11:48:14 :: INFO  :: TIMER :: [0004] Injected Atlas in 428.792 ms 
INFO - [G] 2025-10-07 11:48:14 :: INFO  :: TIMER :: [0001] Injected Sound in 0.395 ms 
INFO - [G] 2025-10-07 11:48:14 :: INFO  :: TIMER :: [0008] Injected Stake in 0.408 ms 
INFO - [G] 2025-10-07 11:48:14 :: INFO  :: TIMER :: [0005] Injected Rarity in 0.037 ms 
INFO - [G] 2025-10-07 11:48:14 :: INFO  :: TIMER :: [0005] Injected ObjectType in 0.248 ms 
INFO - [G] 2025-10-07 11:48:14 :: INFO  :: TIMER :: [0103] Injected Center in 1.833 ms 
INFO - [G] 2025-10-07 11:48:14 :: INFO  :: TIMER :: [0007] Injected Undiscovered Sprite in 0.029 ms 
INFO - [G] 2025-10-07 11:48:14 :: INFO  :: TIMER :: [0002] Injected Blind in 0.028 ms 
INFO - [G] 2025-10-07 11:48:14 :: INFO  :: TIMER :: [0004] Injected Seal in 0.205 ms 
INFO - [G] 2025-10-07 11:48:14 :: INFO  :: TIMER :: [0004] Injected Suit in 0.188 ms 
INFO - [G] 2025-10-07 11:48:14 :: INFO  :: TIMER :: [0013] Injected Rank in 0.254 ms 
INFO - [G] 2025-10-07 11:48:14 :: INFO  :: TIMER :: [0028] Injected DeckSkin in 1.916 ms 
INFO - [G] 2025-10-07 11:48:14 :: INFO  :: TIMER :: [0012] Injected PokerHand in 0.070 ms 
INFO - [G] 2025-10-07 11:48:14 :: INFO  :: TIMER :: [0020] Injected Challenge in 0.054 ms 
INFO - [G] 2025-10-07 11:48:14 :: INFO  :: TIMER :: [0000] Injected Tag in 0.002 ms 
INFO - [G] 2025-10-07 11:48:14 :: INFO  :: TIMER :: [0004] Injected Sticker in 0.108 ms 
INFO - [G] 2025-10-07 11:48:15 :: INFO  :: TIMER :: [0000] Injected Shader in 0.002 ms 
INFO - [G] 2025-10-07 11:48:15 :: INFO  :: TIMER :: [0002] Injected Keybind in 0.022 ms 
INFO - [G] 2025-10-07 11:48:15 :: INFO  :: TIMER :: [0000] Injected Achievement in 0.087 ms 
INFO - [G] 2025-10-07 11:48:15 :: INFO  :: TIMER :: [0002] Injected nil in 0.071 ms 
INFO - [G] 2025-10-07 11:48:15 :: INFO  :: TIMER :: [0021] Injected Draw Step in 0.078 ms 
INFO - [G] 2025-10-07 11:48:15 :: INFO  :: TIMER :: [0000] Injected [INTERNAL] in 1.280 ms 
INFO - [G] [DebugPlus] Press [/] to toggle console and press [shift] + [/] to toggle new log previews 
INFO - [G] line not found
INFO - [G] file not found: functions/misc_functions.lua: No such file or directory
INFO - [G] file not found: main.lua: No such file or directory
INFO - [G] file not found: main.lua: No such file or directory
INFO - [G] 2025-10-07 11:48:35 :: ERROR :: StackTrace :: Oops! The game crashed
[SMODS _ "src/utils.lua"]:1252: attempt to perform arithmetic on local 'amount' (a table value)
Stack Traceback
===============
(1) Lua upvalue 'orig' at file 'main.lua:612'
	Local variables:
	 msg = string: "[SMODS _ \"src/utils.lua\"]:1252: attempt to perform arithmetic on local 'amount' (a table value)"
	 (*temporary) = Lua function '?' (defined at line 31 of chunk [SMODS _ "src/logging.lua"])
	 (*temporary) = string: "Oops! The game crashed\
"
(2) Lua local 'handler' at file 'debugplus/console.lua:606' (from lovely module debugplus.console)
	Local variables:
	 msg = string: "[SMODS _ \"src/utils.lua\"]:1252: attempt to perform arithmetic on local 'amount' (a table value)"
(3) LÖVE metamethod at file 'boot.lua:352'
	Local variables:
	 errhand = Lua function '(LÖVE Function)' (defined at line 605 of chunk [lovely debugplus.console "debugplus/console.lua"])
	 handler = Lua function '(LÖVE Function)' (defined at line 605 of chunk [lovely debugplus.console "debugplus/console.lua"])
(4) Lua field 'calculate_individual_effect' at Steamodded file 'src/utils.lua:1252' 
	Local variables:
	 effect = table: 0x02c6e778  {juice_card:table: 0x02976b48, message_card:table: 0x02f38118, mult:table: 0x0335ae38, card:table: 0x02976b48}
	 scored_card = table: 0x02f38118  {role:table: 0x02d04bb8, zoom:true, click_offset:table: 0x02fa1f78, under_overlay:false, children:table: 0x027bbd08, ambient_tilt:0.2, parent:table: 0x02802848 (more...)}
	 key = string: "mult"
	 amount = table: 0x0335ae38  {mult:4}
	 from_edition = boolean: false
	 (*temporary) = Lua function '?' (defined at line 750 of chunk functions/misc_functions.lua)
	 (*temporary) = number: 2
	 (*temporary) = number: 1.15778e-296
	 (*temporary) = table: 0x0278ba50  {queue_last_processed:20.25, queues:table: 0x0278ba78, queue_dt:0.016666666666667, queue_timer:20.601024196011}
	 (*temporary) = table: 0x02a615c8  {start_timer:false, timer:TOTAL, blockable:true, trigger:immediate, func:function: 0x02ce6df8, delay:0, complete:false, time:51.945862735752, blocking:true (more...)}
	 (*temporary) = string: "base"
	 (*temporary) = nil
	 (*temporary) = table: 0x0278bb90  {1:table: 0x02c4eb78, 2:table: 0x02a0eb20, 3:table: 0x0258c700, 4:table: 0x029a17d0, 5:table: 0x02f75e90, 6:table: 0x030aeff0, 7:table: 0x030b7ba0 (more...)}
	 (*temporary) = number: 15
	 (*temporary) = table: 0x02601e38  {handle:function: 0x0260b180, __index:table: 0x02601e38, init:function: 0x02601e60, __call:function: 0x025c9db8, super:table: 0x025c9ec0}
	 (*temporary) = string: "attempt to perform arithmetic on local 'amount' (a table value)"
(5) Lua field 'calculate_effect' at Steamodded file 'src/utils.lua:1506' 
	Local variables:
	 effect = table: 0x02c6e778  {juice_card:table: 0x02976b48, message_card:table: 0x02f38118, mult:table: 0x0335ae38, card:table: 0x02976b48}
	 scored_card = table: 0x02f38118  {role:table: 0x02d04bb8, zoom:true, click_offset:table: 0x02fa1f78, under_overlay:false, children:table: 0x027bbd08, ambient_tilt:0.2, parent:table: 0x02802848 (more...)}
	 from_edition = boolean: false
	 pre_jokers = nil
	 ret = table: 0x03175118  {}
	 (for generator) = C function: builtin#6
	 (for state) = table: 0x029a7988  {1:chips, 2:h_chips, 3:chip_mod, 4:mult, 5:h_mult, 6:mult_mod, 7:x_chips, 8:xchips, 9:Xchip_mod, 10:x_mult, 11:Xmult, 12:xmult, 13:x_mult_mod (more...)}
	 (for control) = number: 4
	 _ = number: 4
	 key = string: "mult"
(6) Lua field 'calculate_effect_table_key' at Steamodded file 'src/utils.lua:1489' 
	Local variables:
	 effect_table = table: 0x02ee6f00  {jokers:table: 0x02c6e778}
	 key = string: "jokers"
	 card = table: 0x02f38118  {role:table: 0x02d04bb8, zoom:true, click_offset:table: 0x02fa1f78, under_overlay:false, children:table: 0x027bbd08, ambient_tilt:0.2, parent:table: 0x02802848 (more...)}
	 ret = table: 0x02992e38  {calculated:true}
	 effect = table: 0x02c6e778  {juice_card:table: 0x02976b48, message_card:table: 0x02f38118, mult:table: 0x0335ae38, card:table: 0x02976b48}
(7) Lua field 'trigger_effects' at Steamodded file 'src/utils.lua:1467' 
	Local variables:
	 effects = table: 0x02914e40  {1:table: 0x02cf2b48, 2:table: 0x0285f460, 3:table: 0x02ee6f00, 4:table: 0x02a826a8, 5:table: 0x02cebc68}
	 card = table: 0x02f38118  {role:table: 0x02d04bb8, zoom:true, click_offset:table: 0x02fa1f78, under_overlay:false, children:table: 0x027bbd08, ambient_tilt:0.2, parent:table: 0x02802848 (more...)}
	 ret = table: 0x02992e38  {calculated:true}
	 (for generator) = C function: builtin#6
	 (for state) = table: 0x02914e40  {1:table: 0x02cf2b48, 2:table: 0x0285f460, 3:table: 0x02ee6f00, 4:table: 0x02a826a8, 5:table: 0x02cebc68}
	 (for control) = number: 3
	 _ = number: 3
	 effect_table = table: 0x02ee6f00  {jokers:table: 0x02c6e778}
	 (for generator) = C function: builtin#6
	 (for state) = table: 0x02e62220  {1:jokers, 2:retriggers}
	 (for control) = number: 1
	 _ = number: 1
	 key = string: "jokers"
(8) Lua field 'score_card' at Steamodded file 'src/utils.lua:1884' 
	Local variables:
	 card = table: 0x02f38118  {role:table: 0x02d04bb8, zoom:true, click_offset:table: 0x02fa1f78, under_overlay:false, children:table: 0x027bbd08, ambient_tilt:0.2, parent:table: 0x02802848 (more...)}
	 context = table: 0x02d1e640  {other_card:table: 0x02f38118, poker_hands:table: 0x02f76430, individual:true, scoring_name:Pair, scoring_hand:table: 0x03379600, full_hand:table: 0x02ab1e58 (more...)}
	 reps = table: 0x02f991c0  {1:1}
	 j = number: 1
	 effects = table: 0x02914e40  {1:table: 0x02cf2b48, 2:table: 0x0285f460, 3:table: 0x02ee6f00, 4:table: 0x02a826a8, 5:table: 0x02cebc68}
(9) Lua field 'calculate_main_scoring' at Steamodded file 'src/utils.lua:1924' 
	Local variables:
	 context = table: 0x02d1e640  {other_card:table: 0x02f38118, poker_hands:table: 0x02f76430, individual:true, scoring_name:Pair, scoring_hand:table: 0x03379600, full_hand:table: 0x02ab1e58 (more...)}
	 scoring_hand = table: 0x03379600  {1:table: 0x02f38118, 2:table: 0x027c8658}
	 (for generator) = C function: builtin#6
	 (for state) = table: 0x02ab1e58  {1:table: 0x02d7fed0, 2:table: 0x02bb0918, 3:table: 0x02f38118, 4:table: 0x027c8658}
	 (for control) = number: 3
	 _ = number: 3
	 card = table: 0x02f38118  {role:table: 0x02d04bb8, zoom:true, click_offset:table: 0x02fa1f78, under_overlay:false, children:table: 0x027bbd08, ambient_tilt:0.2, parent:table: 0x02802848 (more...)}
	 in_scoring = boolean: true
(10) Lua field 'evaluate_play' at file 'functions/state_events.lua:614'
	Local variables:
	 e = nil
	 text = string: "Pair"
	 disp_text = string: "Pair"
	 poker_hands = table: 0x02f76430  {Flush House:table: 0x02f97ce8, Full House:table: 0x027d0848, top:table: 0x02f98e48, Flush:table: 0x028be300, Pair:table: 0x03147c98, Four of a Kind:table: 0x03291490 (more...)}
	 scoring_hand = table: 0x03379600  {1:table: 0x02f38118, 2:table: 0x027c8658}
	 non_loc_disp_text = string: "Pair"
	 final_scoring_hand = table: 0x03379600  {1:table: 0x02f38118, 2:table: 0x027c8658}
	 hand_text_set = boolean: false
	 modded = nil
	 (for generator) = C function: builtin#6
	 (for state) = table: 0x027ffd90  {1:table: 0x02802848, 2:table: 0x02faf788}
	 (for control) = number: 1
	 _ = number: 1
	 v = table: 0x02802848  {click_offset:table: 0x02f349e8, static_rotation:false, shuffle_amt:0, T:table: 0x02f349c0, offset:table: 0x02d20ec0, role:table: 0x02bacad0, last_aligned:-1 (more...)}
(11) Lua field 'func' at file 'functions/state_events.lua:482'
(12) Lua method 'handle' at file 'engine/event.lua:99'
	Local variables:
	 self = table: 0x02a0eb20  {start_timer:true, timer:TOTAL, blockable:true, trigger:immediate, func:function: 0x029d3858, delay:0, complete:false, time:51.945862735752, blocking:true (more...)}
	 _results = table: 0x02fdfd10  {blocking:true, pause_skip:false, time_done:false, completed:false}
(13) Lua method 'update' at file 'engine/event.lua:182'
	Local variables:
	 self = table: 0x0278ba50  {queue_last_processed:20.25, queues:table: 0x0278ba78, queue_dt:0.016666666666667, queue_timer:20.601024196011}
	 dt = number: 0.0167415
	 forced = nil
	 (for generator) = C function: next
	 (for state) = table: 0x0278ba78  {unlock:table: 0x0278bb68, other:table: 0x0278bc08, tutorial:table: 0x0278bbb8, base:table: 0x0278bb90, achievement:table: 0x0278bbe0}
	 (for control) = number: nan
	 k = string: "base"
	 v = table: 0x0278bb90  {1:table: 0x02c4eb78, 2:table: 0x02a0eb20, 3:table: 0x0258c700, 4:table: 0x029a17d0, 5:table: 0x02f75e90, 6:table: 0x030aeff0, 7:table: 0x030b7ba0 (more...)}
	 blocked = boolean: false
	 i = number: 2
	 results = table: 0x02fdfd10  {blocking:true, pause_skip:false, time_done:false, completed:false}
(14) Lua upvalue 'gameUpdateRef' at file 'game.lua:2552'
	Local variables:
	 self = table: 0x026869c0  {F_GUIDE:false, F_CRASH_REPORTS:false, F_QUIT_BUTTON:true, HUD_tags:table: 0x0312cce8, F_ENGLISH_ONLY:false, viewed_stake:1, HUD:table: 0x02bbb088 (more...)}
	 dt = number: 0.0167415
	 http_resp = nil
(15) Lua method 'update' at Steamodded file 'src/ui.lua:84' 
	Local variables:
	 self = table: 0x026869c0  {F_GUIDE:false, F_CRASH_REPORTS:false, F_QUIT_BUTTON:true, HUD_tags:table: 0x0312cce8, F_ENGLISH_ONLY:false, viewed_stake:1, HUD:table: 0x02bbb088 (more...)}
	 dt = number: 0.0167415
(16) Lua field 'update' at file 'main.lua:999'
	Local variables:
	 dt = number: 0.0167415
(17) Lua function '?' at file 'main.lua:938' (best guess)
(18) global C function 'xpcall'
(19) LÖVE function at file 'boot.lua:377' (best guess)
	Local variables:
	 func = Lua function '?' (defined at line 909 of chunk main.lua)
	 inerror = boolean: true
	 deferErrhand = Lua function '(LÖVE Function)' (defined at line 348 of chunk [love "boot.lua"])
	 earlyinit = Lua function '(LÖVE Function)' (defined at line 355 of chunk [love "boot.lua"])
 
INFO - [G] file not found: functions/misc_functions.lua: No such file or directory
INFO - [G] file not found: main.lua: No such file or directory
INFO - [G] file not found: main.lua: No such file or directory
INFO - [G] 2025-10-07 11:48:35 :: INFO  :: StackTrace :: Additional Context:
Balatro Version: 1.0.1o-FULL
Modded Version: 1.0.0~BETA-0711a-STEAMODDED
LÖVE Version: 11.5.0
Lovely Version: 0.8.0
Platform: Windows
Steamodded Mods:
    1: Super Auto Jokers by Equi [ID: SuperAutoJokers, Version: 1.0.0]
    2: DebugPlus by WilsontheWolf [ID: DebugPlus, Version: 1.5.1, Uses Lovely]
Lovely Mods: 
