INFO - [♥] Lovely 0.8.0
INFO - [♥] Game directory is at "C:\\Program Files (x86)\\Steam\\steamapps\\common\\Balatro"
INFO - [♥] Writing logs to "C:\\Users\\PC\\AppData\\Roaming\\Balatro\\Mods\\lovely\\log"
INFO - [♥] Using mod directory at "C:\\Users\\PC\\AppData\\Roaming\\Balatro\\Mods"
INFO - [♥] Cleaning up dumps directory at "C:\\Users\\PC\\AppData\\Roaming\\Balatro\\Mods\\lovely\\dump"
INFO - [♥] Initialization complete in 213ms
INFO - [♥] Applied 1 patch to 'conf.lua'
INFO - [♥] Applied 11 patches to 'main.lua'
INFO - [♥] Applied 10 patches to 'engine/controller.lua'
INFO - [♥] Applied 15 patches to 'back.lua'
INFO - [♥] Applied 7 patches to 'tag.lua'
INFO - [♥] Applied 2 patches to 'engine/moveable.lua'
INFO - [♥] Applied 2 patches to 'engine/sprite.lua'
INFO - [♥] Applied 2 patches to 'engine/animatedsprite.lua'
INFO - [♥] Applied 67 patches to 'functions/misc_functions.lua'
INFO - [♥] Applied 40 patches to 'game.lua'
INFO - [♥] Applied 1 patch to 'globals.lua'
INFO - [♥] Applied 5 patches to 'engine/ui.lua'
INFO - [♥] Applied 95 patches to 'functions/UI_definitions.lua'
INFO - [♥] Applied 49 patches to 'functions/state_events.lua'
INFO - [♥] Applied 117 patches to 'functions/common_events.lua'
INFO - [♥] Applied 51 patches to 'functions/button_callbacks.lua'
INFO - [♥] Applied 186 patches to 'card.lua'
INFO - [♥] Applied 10 patches to 'cardarea.lua'
INFO - [♥] Applied 37 patches to 'blind.lua'
INFO - [♥] Applied 2 patches to 'engine/text.lua'
INFO - [G] Failed to connect to the debug server 
INFO - [G] 2025-09-14 20:30:19 :: DEBUG :: DebugConsole :: Steamodded Debug Socket started ! 
INFO - [G] 2025-09-14 20:30:19 :: INFO  :: SMODS :: Steamodded v1.0.0~BETA-0711a 
INFO - [♥] Applied 9 patches to 'engine/sound_manager.lua'
INFO - [♥] Applied 1 patch to 'engine/save_manager.lua'
INFO - [G] 2025-09-14 20:30:25 :: INFO  :: Loader :: Valid JSON file found 
INFO - [G] 2025-09-14 20:30:25 :: INFO  :: Loader :: Valid JSON file found 
INFO - [G] 2025-09-14 20:30:25 :: INFO  :: TIMER :: [0000] Injected Fonts in 0.002 ms 
INFO - [G] 2025-09-14 20:30:25 :: INFO  :: TIMER :: [0000] Injected Language in 0.002 ms 
INFO - [G] 2025-09-14 20:30:25 :: INFO  :: TIMER :: [0000] Injected [INTERNAL] in 3.055 ms 
INFO - [G] 2025-09-14 20:30:25 :: INFO  :: TIMER :: [0003] Injected Atlas in 523.997 ms 
INFO - [G] 2025-09-14 20:30:25 :: INFO  :: TIMER :: [0001] Injected Sound in 8.294 ms 
INFO - [G] 2025-09-14 20:30:25 :: INFO  :: TIMER :: [0008] Injected Stake in 0.263 ms 
INFO - [G] 2025-09-14 20:30:25 :: INFO  :: TIMER :: [0004] Injected Rarity in 0.038 ms 
INFO - [G] 2025-09-14 20:30:25 :: INFO  :: TIMER :: [0004] Injected ObjectType in 0.059 ms 
INFO - [G] 2025-09-14 20:30:26 :: INFO  :: TIMER :: [0061] Injected Center in 1.095 ms 
INFO - [G] 2025-09-14 20:30:26 :: INFO  :: TIMER :: [0007] Injected Undiscovered Sprite in 0.033 ms 
INFO - [G] 2025-09-14 20:30:26 :: INFO  :: TIMER :: [0002] Injected Blind in 0.035 ms 
INFO - [G] 2025-09-14 20:30:26 :: INFO  :: TIMER :: [0004] Injected Seal in 0.353 ms 
INFO - [G] 2025-09-14 20:30:26 :: INFO  :: TIMER :: [0004] Injected Suit in 0.150 ms 
INFO - [G] 2025-09-14 20:30:26 :: INFO  :: TIMER :: [0013] Injected Rank in 0.171 ms 
INFO - [G] 2025-09-14 20:30:26 :: INFO  :: TIMER :: [0028] Injected DeckSkin in 0.713 ms 
INFO - [G] 2025-09-14 20:30:26 :: INFO  :: TIMER :: [0012] Injected PokerHand in 0.148 ms 
INFO - [G] 2025-09-14 20:30:26 :: INFO  :: TIMER :: [0020] Injected Challenge in 0.201 ms 
INFO - [G] 2025-09-14 20:30:26 :: INFO  :: TIMER :: [0000] Injected Tag in 0.002 ms 
INFO - [G] 2025-09-14 20:30:26 :: INFO  :: TIMER :: [0004] Injected Sticker in 0.118 ms 
INFO - [G] 2025-09-14 20:30:26 :: INFO  :: TIMER :: [0000] Injected Shader in 0.003 ms 
INFO - [G] 2025-09-14 20:30:26 :: INFO  :: TIMER :: [0002] Injected Keybind in 0.023 ms 
INFO - [G] 2025-09-14 20:30:26 :: INFO  :: TIMER :: [0000] Injected Achievement in 0.093 ms 
INFO - [G] 2025-09-14 20:30:26 :: INFO  :: TIMER :: [0002] Injected nil in 0.027 ms 
INFO - [G] 2025-09-14 20:30:26 :: INFO  :: TIMER :: [0021] Injected Draw Step in 0.107 ms 
INFO - [G] 2025-09-14 20:30:26 :: INFO  :: TIMER :: [0000] Injected [INTERNAL] in 1.217 ms 
INFO - [G] [DebugPlus] Press [/] to toggle console and press [shift] + [/] to toggle new log previews 
