INFO - [♥] Lovely 0.8.0
INFO - [♥] Game directory is at "C:\\Program Files (x86)\\Steam\\steamapps\\common\\Balatro"
INFO - [♥] Writing logs to "C:\\Users\\PC\\AppData\\Roaming\\Balatro\\Mods\\lovely\\log"
INFO - [♥] Using mod directory at "C:\\Users\\PC\\AppData\\Roaming\\Balatro\\Mods"
INFO - [♥] Cleaning up dumps directory at "C:\\Users\\PC\\AppData\\Roaming\\Balatro\\Mods\\lovely\\dump"
INFO - [♥] Initialization complete in 171ms
INFO - [♥] Applied 1 patch to 'conf.lua'
INFO - [♥] Applied 11 patches to 'main.lua'
INFO - [♥] Applied 10 patches to 'engine/controller.lua'
INFO - [♥] Applied 15 patches to 'back.lua'
INFO - [♥] Applied 7 patches to 'tag.lua'
INFO - [♥] Applied 2 patches to 'engine/moveable.lua'
INFO - [♥] Applied 2 patches to 'engine/sprite.lua'
INFO - [♥] Applied 2 patches to 'engine/animatedsprite.lua'
INFO - [♥] Applied 67 patches to 'functions/misc_functions.lua'
INFO - [♥] Applied 40 patches to 'game.lua'
INFO - [♥] Applied 1 patch to 'globals.lua'
INFO - [♥] Applied 5 patches to 'engine/ui.lua'
INFO - [♥] Applied 95 patches to 'functions/UI_definitions.lua'
INFO - [♥] Applied 49 patches to 'functions/state_events.lua'
INFO - [♥] Applied 117 patches to 'functions/common_events.lua'
INFO - [♥] Applied 51 patches to 'functions/button_callbacks.lua'
INFO - [♥] Applied 186 patches to 'card.lua'
INFO - [♥] Applied 10 patches to 'cardarea.lua'
INFO - [♥] Applied 37 patches to 'blind.lua'
INFO - [♥] Applied 2 patches to 'engine/text.lua'
INFO - [G] Failed to connect to the debug server 
INFO - [G] 2025-10-07 11:26:44 :: DEBUG :: DebugConsole :: Steamodded Debug Socket started ! 
INFO - [G] 2025-10-07 11:26:44 :: INFO  :: SMODS :: Steamodded v1.0.0~BETA-0711a 
INFO - [♥] Applied 9 patches to 'engine/sound_manager.lua'
INFO - [♥] Applied 1 patch to 'engine/save_manager.lua'
INFO - [G] 2025-10-07 11:26:52 :: INFO  :: Loader :: Valid JSON file found 
INFO - [G] 2025-10-07 11:26:52 :: INFO  :: Loader :: Valid JSON file found 
INFO - [G] 2025-10-07 11:26:52 :: INFO  :: TIMER :: [0000] Injected Fonts in 0.002 ms 
INFO - [G] 2025-10-07 11:26:52 :: INFO  :: TIMER :: [0000] Injected Language in 0.004 ms 
INFO - [G] 2025-10-07 11:26:52 :: INFO  :: TIMER :: [0000] Injected [INTERNAL] in 2.762 ms 
INFO - [G] 2025-10-07 11:26:53 :: INFO  :: TIMER :: [0004] Injected Atlas in 426.132 ms 
INFO - [G] 2025-10-07 11:26:53 :: INFO  :: TIMER :: [0001] Injected Sound in 1.227 ms 
INFO - [G] 2025-10-07 11:26:53 :: INFO  :: TIMER :: [0008] Injected Stake in 0.287 ms 
INFO - [G] 2025-10-07 11:26:53 :: INFO  :: TIMER :: [0005] Injected Rarity in 0.077 ms 
INFO - [G] 2025-10-07 11:26:53 :: INFO  :: TIMER :: [0005] Injected ObjectType in 0.083 ms 
INFO - [G] 2025-10-07 11:26:53 :: INFO  :: TIMER :: [0103] Injected Center in 1.668 ms 
INFO - [G] 2025-10-07 11:26:53 :: INFO  :: TIMER :: [0007] Injected Undiscovered Sprite in 0.029 ms 
INFO - [G] 2025-10-07 11:26:53 :: INFO  :: TIMER :: [0002] Injected Blind in 0.076 ms 
INFO - [G] 2025-10-07 11:26:53 :: INFO  :: TIMER :: [0004] Injected Seal in 0.187 ms 
INFO - [G] 2025-10-07 11:26:53 :: INFO  :: TIMER :: [0004] Injected Suit in 0.554 ms 
INFO - [G] 2025-10-07 11:26:53 :: INFO  :: TIMER :: [0013] Injected Rank in 0.288 ms 
INFO - [G] 2025-10-07 11:26:53 :: INFO  :: TIMER :: [0028] Injected DeckSkin in 0.536 ms 
INFO - [G] 2025-10-07 11:26:53 :: INFO  :: TIMER :: [0012] Injected PokerHand in 0.116 ms 
INFO - [G] 2025-10-07 11:26:53 :: INFO  :: TIMER :: [0020] Injected Challenge in 0.058 ms 
INFO - [G] 2025-10-07 11:26:53 :: INFO  :: TIMER :: [0000] Injected Tag in 0.002 ms 
INFO - [G] 2025-10-07 11:26:53 :: INFO  :: TIMER :: [0004] Injected Sticker in 0.127 ms 
INFO - [G] 2025-10-07 11:26:53 :: INFO  :: TIMER :: [0000] Injected Shader in 0.002 ms 
INFO - [G] 2025-10-07 11:26:53 :: INFO  :: TIMER :: [0002] Injected Keybind in 0.023 ms 
INFO - [G] 2025-10-07 11:26:53 :: INFO  :: TIMER :: [0000] Injected Achievement in 0.085 ms 
INFO - [G] 2025-10-07 11:26:53 :: INFO  :: TIMER :: [0002] Injected nil in 0.024 ms 
INFO - [G] 2025-10-07 11:26:53 :: INFO  :: TIMER :: [0021] Injected Draw Step in 0.080 ms 
INFO - [G] 2025-10-07 11:26:53 :: INFO  :: TIMER :: [0000] Injected [INTERNAL] in 1.039 ms 
INFO - [G] [DebugPlus] Press [/] to toggle console and press [shift] + [/] to toggle new log previews 
INFO - [G] line not found
INFO - [G] file not found: functions/misc_functions.lua: No such file or directory
INFO - [G] file not found: main.lua: No such file or directory
INFO - [G] file not found: main.lua: No such file or directory
INFO - [G] 2025-10-07 11:27:13 :: ERROR :: StackTrace :: Oops! The game crashed
[SMODS _ "src/utils.lua"]:1252: attempt to perform arithmetic on local 'amount' (a table value)
Stack Traceback
===============
(1) Lua upvalue 'orig' at file 'main.lua:612'
	Local variables:
	 msg = string: "[SMODS _ \"src/utils.lua\"]:1252: attempt to perform arithmetic on local 'amount' (a table value)"
	 (*temporary) = Lua function '?' (defined at line 31 of chunk [SMODS _ "src/logging.lua"])
	 (*temporary) = string: "Oops! The game crashed\
"
(2) Lua local 'handler' at file 'debugplus/console.lua:606' (from lovely module debugplus.console)
	Local variables:
	 msg = string: "[SMODS _ \"src/utils.lua\"]:1252: attempt to perform arithmetic on local 'amount' (a table value)"
(3) LÖVE metamethod at file 'boot.lua:352'
	Local variables:
	 errhand = Lua function '(LÖVE Function)' (defined at line 605 of chunk [lovely debugplus.console "debugplus/console.lua"])
	 handler = Lua function '(LÖVE Function)' (defined at line 605 of chunk [lovely debugplus.console "debugplus/console.lua"])
(4) Lua field 'calculate_individual_effect' at Steamodded file 'src/utils.lua:1252' 
	Local variables:
	 effect = table: 0x0dba5258  {juice_card:table: 0x0d1b26e8, message_card:table: 0x0d0b59c0, mult:table: 0x0dbdadd8, card:table: 0x0d1b26e8}
	 scored_card = table: 0x0d0b59c0  {role:table: 0x0ce44500, zoom:true, click_offset:table: 0x0d7b49c0, shadow_height:0.2, children:table: 0x0d3f5ec8, ambient_tilt:0.2, parent:table: 0x0d44d0a8 (more...)}
	 key = string: "mult"
	 amount = table: 0x0dbdadd8  {mult:4}
	 from_edition = boolean: false
	 (*temporary) = Lua function '?' (defined at line 750 of chunk functions/misc_functions.lua)
	 (*temporary) = number: 2
	 (*temporary) = number: 2.3223e-246
	 (*temporary) = table: 0x0d344720  {queue_last_processed:18.75, queues:table: 0x0d344748, queue_dt:0.016666666666667, queue_timer:19.52403588045}
	 (*temporary) = table: 0x0d1720b8  {start_timer:false, timer:TOTAL, blockable:true, trigger:immediate, func:function: 0x0cfeb360, delay:0, complete:false, time:46.544648751892, blocking:true (more...)}
	 (*temporary) = string: "base"
	 (*temporary) = nil
	 (*temporary) = table: 0x0d344860  {1:table: 0x0d44e5f8, 2:table: 0x0cf11658, 3:table: 0x0dc06a20, 4:table: 0x0dc06a48, 5:table: 0x0ce43b48, 6:table: 0x0dc039e8, 7:table: 0x0d8f0420 (more...)}
	 (*temporary) = number: 16
	 (*temporary) = table: 0x0cd21d28  {handle:function: 0x0cd2b070, __index:table: 0x0cd21d28, init:function: 0x0cd21d50, __call:function: 0x0cce9ca8, super:table: 0x0cce9db0}
	 (*temporary) = string: "attempt to perform arithmetic on local 'amount' (a table value)"
(5) Lua field 'calculate_effect' at Steamodded file 'src/utils.lua:1506' 
	Local variables:
	 effect = table: 0x0dba5258  {juice_card:table: 0x0d1b26e8, message_card:table: 0x0d0b59c0, mult:table: 0x0dbdadd8, card:table: 0x0d1b26e8}
	 scored_card = table: 0x0d0b59c0  {role:table: 0x0ce44500, zoom:true, click_offset:table: 0x0d7b49c0, shadow_height:0.2, children:table: 0x0d3f5ec8, ambient_tilt:0.2, parent:table: 0x0d44d0a8 (more...)}
	 from_edition = boolean: false
	 pre_jokers = nil
	 ret = table: 0x0d678038  {}
	 (for generator) = C function: builtin#6
	 (for state) = table: 0x0d0c5668  {1:chips, 2:h_chips, 3:chip_mod, 4:mult, 5:h_mult, 6:mult_mod, 7:x_chips, 8:xchips, 9:Xchip_mod, 10:x_mult, 11:Xmult, 12:xmult, 13:x_mult_mod (more...)}
	 (for control) = number: 4
	 _ = number: 4
	 key = string: "mult"
(6) Lua field 'calculate_effect_table_key' at Steamodded file 'src/utils.lua:1489' 
	Local variables:
	 effect_table = table: 0x0d6769d8  {jokers:table: 0x0dba5258}
	 key = string: "jokers"
	 card = table: 0x0d0b59c0  {role:table: 0x0ce44500, zoom:true, click_offset:table: 0x0d7b49c0, shadow_height:0.2, children:table: 0x0d3f5ec8, ambient_tilt:0.2, parent:table: 0x0d44d0a8 (more...)}
	 ret = table: 0x0dba5280  {calculated:true}
	 effect = table: 0x0dba5258  {juice_card:table: 0x0d1b26e8, message_card:table: 0x0d0b59c0, mult:table: 0x0dbdadd8, card:table: 0x0d1b26e8}
(7) Lua field 'trigger_effects' at Steamodded file 'src/utils.lua:1467' 
	Local variables:
	 effects = table: 0x0d460388  {1:table: 0x0d4603c8, 2:table: 0x0d676808, 3:table: 0x0d6769d8, 4:table: 0x0d17a5c8, 5:table: 0x0d17a6a8}
	 card = table: 0x0d0b59c0  {role:table: 0x0ce44500, zoom:true, click_offset:table: 0x0d7b49c0, shadow_height:0.2, children:table: 0x0d3f5ec8, ambient_tilt:0.2, parent:table: 0x0d44d0a8 (more...)}
	 ret = table: 0x0dba5280  {calculated:true}
	 (for generator) = C function: builtin#6
	 (for state) = table: 0x0d460388  {1:table: 0x0d4603c8, 2:table: 0x0d676808, 3:table: 0x0d6769d8, 4:table: 0x0d17a5c8, 5:table: 0x0d17a6a8}
	 (for control) = number: 3
	 _ = number: 3
	 effect_table = table: 0x0d6769d8  {jokers:table: 0x0dba5258}
	 (for generator) = C function: builtin#6
	 (for state) = table: 0x0d0a4328  {1:jokers, 2:retriggers}
	 (for control) = number: 1
	 _ = number: 1
	 key = string: "jokers"
(8) Lua field 'score_card' at Steamodded file 'src/utils.lua:1884' 
	Local variables:
	 card = table: 0x0d0b59c0  {role:table: 0x0ce44500, zoom:true, click_offset:table: 0x0d7b49c0, shadow_height:0.2, children:table: 0x0d3f5ec8, ambient_tilt:0.2, parent:table: 0x0d44d0a8 (more...)}
	 context = table: 0x0d4601d8  {other_card:table: 0x0d0b59c0, poker_hands:table: 0x0d3aaf00, individual:true, scoring_name:Pair, scoring_hand:table: 0x0d9517d8, full_hand:table: 0x0d44d8e8 (more...)}
	 reps = table: 0x0d460350  {1:1}
	 j = number: 1
	 effects = table: 0x0d460388  {1:table: 0x0d4603c8, 2:table: 0x0d676808, 3:table: 0x0d6769d8, 4:table: 0x0d17a5c8, 5:table: 0x0d17a6a8}
(9) Lua field 'calculate_main_scoring' at Steamodded file 'src/utils.lua:1924' 
	Local variables:
	 context = table: 0x0d4601d8  {other_card:table: 0x0d0b59c0, poker_hands:table: 0x0d3aaf00, individual:true, scoring_name:Pair, scoring_hand:table: 0x0d9517d8, full_hand:table: 0x0d44d8e8 (more...)}
	 scoring_hand = table: 0x0d9517d8  {1:table: 0x0d0b59c0, 2:table: 0x0cf95b98}
	 (for generator) = C function: builtin#6
	 (for state) = table: 0x0d44d8e8  {1:table: 0x0d0b59c0, 2:table: 0x0cf95b98}
	 (for control) = number: 1
	 _ = number: 1
	 card = table: 0x0d0b59c0  {role:table: 0x0ce44500, zoom:true, click_offset:table: 0x0d7b49c0, shadow_height:0.2, children:table: 0x0d3f5ec8, ambient_tilt:0.2, parent:table: 0x0d44d0a8 (more...)}
	 in_scoring = boolean: true
(10) Lua field 'evaluate_play' at file 'functions/state_events.lua:614'
	Local variables:
	 e = nil
	 text = string: "Pair"
	 disp_text = string: "Pair"
	 poker_hands = table: 0x0d3aaf00  {Flush House:table: 0x0d0bc060, Full House:table: 0x0d0bc0c0, top:table: 0x0cf7e788, Flush:table: 0x0d046e90, Pair:table: 0x0d17ab28, Four of a Kind:table: 0x0d96bea8 (more...)}
	 scoring_hand = table: 0x0d9517d8  {1:table: 0x0d0b59c0, 2:table: 0x0cf95b98}
	 non_loc_disp_text = string: "Pair"
	 final_scoring_hand = table: 0x0d9517d8  {1:table: 0x0d0b59c0, 2:table: 0x0cf95b98}
	 hand_text_set = boolean: false
	 modded = nil
	 (for generator) = C function: builtin#6
	 (for state) = table: 0x0d4601b0  {1:table: 0x0d44d0a8, 2:table: 0x0d44c800}
	 (for control) = number: 1
	 _ = number: 1
	 v = table: 0x0d44d0a8  {click_offset:table: 0x0d44d208, static_rotation:false, shuffle_amt:0, T:table: 0x0d44d1e0, offset:table: 0x0d44d7c8, role:table: 0x0d44d5f8, last_aligned:-1 (more...)}
(11) Lua field 'func' at file 'functions/state_events.lua:482'
(12) Lua method 'handle' at file 'engine/event.lua:99'
	Local variables:
	 self = table: 0x0dc06a20  {start_timer:true, timer:TOTAL, blockable:true, trigger:immediate, func:function: 0x0dad9968, delay:0, complete:false, time:46.544648751892, blocking:true (more...)}
	 _results = table: 0x0d6f95e0  {blocking:true, pause_skip:false, time_done:false, completed:false}
(13) Lua method 'update' at file 'engine/event.lua:182'
	Local variables:
	 self = table: 0x0d344720  {queue_last_processed:18.75, queues:table: 0x0d344748, queue_dt:0.016666666666667, queue_timer:19.52403588045}
	 dt = number: 0.0166649
	 forced = nil
	 (for generator) = C function: next
	 (for state) = table: 0x0d344748  {unlock:table: 0x0d344838, other:table: 0x0d3448d8, tutorial:table: 0x0d344888, base:table: 0x0d344860, achievement:table: 0x0d3448b0}
	 (for control) = number: nan
	 k = string: "base"
	 v = table: 0x0d344860  {1:table: 0x0d44e5f8, 2:table: 0x0cf11658, 3:table: 0x0dc06a20, 4:table: 0x0dc06a48, 5:table: 0x0ce43b48, 6:table: 0x0dc039e8, 7:table: 0x0d8f0420 (more...)}
	 blocked = boolean: false
	 i = number: 3
	 results = table: 0x0d6f95e0  {blocking:true, pause_skip:false, time_done:false, completed:false}
(14) Lua upvalue 'gameUpdateRef' at file 'game.lua:2552'
	Local variables:
	 self = table: 0x0cda6860  {F_GUIDE:false, F_CRASH_REPORTS:false, F_QUIT_BUTTON:true, HUD_tags:table: 0x0d4c0558, F_ENGLISH_ONLY:false, viewed_stake:1, HUD:table: 0x0d48a600 (more...)}
	 dt = number: 0.0166649
	 http_resp = nil
(15) Lua method 'update' at Steamodded file 'src/ui.lua:84' 
	Local variables:
	 self = table: 0x0cda6860  {F_GUIDE:false, F_CRASH_REPORTS:false, F_QUIT_BUTTON:true, HUD_tags:table: 0x0d4c0558, F_ENGLISH_ONLY:false, viewed_stake:1, HUD:table: 0x0d48a600 (more...)}
	 dt = number: 0.0166649
(16) Lua field 'update' at file 'main.lua:999'
	Local variables:
	 dt = number: 0.0166649
(17) Lua function '?' at file 'main.lua:938' (best guess)
(18) global C function 'xpcall'
(19) LÖVE function at file 'boot.lua:377' (best guess)
	Local variables:
	 func = Lua function '?' (defined at line 909 of chunk main.lua)
	 inerror = boolean: true
	 deferErrhand = Lua function '(LÖVE Function)' (defined at line 348 of chunk [love "boot.lua"])
	 earlyinit = Lua function '(LÖVE Function)' (defined at line 355 of chunk [love "boot.lua"])
 
INFO - [G] file not found: functions/misc_functions.lua: No such file or directory
INFO - [G] file not found: main.lua: No such file or directory
INFO - [G] file not found: main.lua: No such file or directory
INFO - [G] 2025-10-07 11:27:13 :: INFO  :: StackTrace :: Additional Context:
Balatro Version: 1.0.1o-FULL
Modded Version: 1.0.0~BETA-0711a-STEAMODDED
LÖVE Version: 11.5.0
Lovely Version: 0.8.0
Platform: Windows
Steamodded Mods:
    1: Super Auto Jokers by Equi [ID: SuperAutoJokers, Version: 1.0.0]
    2: DebugPlus by WilsontheWolf [ID: DebugPlus, Version: 1.5.1, Uses Lovely]
Lovely Mods: 
