INFO - [♥] Lovely 0.8.0
INFO - [♥] Game directory is at "C:\\Program Files (x86)\\Steam\\steamapps\\common\\Balatro"
INFO - [♥] Writing logs to "C:\\Users\\PC\\AppData\\Roaming\\Balatro\\Mods\\lovely\\log"
INFO - [♥] Using mod directory at "C:\\Users\\PC\\AppData\\Roaming\\Balatro\\Mods"
INFO - [♥] Cleaning up dumps directory at "C:\\Users\\PC\\AppData\\Roaming\\Balatro\\Mods\\lovely\\dump"
INFO - [♥] Initialization complete in 115ms
INFO - [♥] Applied 1 patch to 'conf.lua'
INFO - [♥] Applied 11 patches to 'main.lua'
INFO - [♥] Applied 10 patches to 'engine/controller.lua'
INFO - [♥] Applied 15 patches to 'back.lua'
INFO - [♥] Applied 7 patches to 'tag.lua'
INFO - [♥] Applied 2 patches to 'engine/moveable.lua'
INFO - [♥] Applied 2 patches to 'engine/sprite.lua'
INFO - [♥] Applied 2 patches to 'engine/animatedsprite.lua'
INFO - [♥] Applied 67 patches to 'functions/misc_functions.lua'
INFO - [♥] Applied 40 patches to 'game.lua'
INFO - [♥] Applied 1 patch to 'globals.lua'
INFO - [♥] Applied 5 patches to 'engine/ui.lua'
INFO - [♥] Applied 95 patches to 'functions/UI_definitions.lua'
INFO - [♥] Applied 49 patches to 'functions/state_events.lua'
INFO - [♥] Applied 117 patches to 'functions/common_events.lua'
INFO - [♥] Applied 51 patches to 'functions/button_callbacks.lua'
INFO - [♥] Applied 186 patches to 'card.lua'
INFO - [♥] Applied 10 patches to 'cardarea.lua'
INFO - [♥] Applied 37 patches to 'blind.lua'
INFO - [♥] Applied 2 patches to 'engine/text.lua'
INFO - [G] Failed to connect to the debug server 
INFO - [G] 2025-09-29 22:29:42 :: DEBUG :: DebugConsole :: Steamodded Debug Socket started ! 
INFO - [G] 2025-09-29 22:29:42 :: INFO  :: SMODS :: Steamodded v1.0.0~BETA-0711a 
INFO - [♥] Applied 9 patches to 'engine/sound_manager.lua'
INFO - [♥] Applied 1 patch to 'engine/save_manager.lua'
INFO - [G] 2025-09-29 22:29:45 :: INFO  :: Loader :: Valid JSON file found 
INFO - [G] 2025-09-29 22:29:45 :: INFO  :: Loader :: Valid JSON file found 
INFO - [G] 2025-09-29 22:29:45 :: INFO  :: TIMER :: [0000] Injected Fonts in 0.002 ms 
INFO - [G] 2025-09-29 22:29:45 :: INFO  :: TIMER :: [0000] Injected Language in 0.002 ms 
INFO - [G] 2025-09-29 22:29:45 :: INFO  :: TIMER :: [0000] Injected [INTERNAL] in 2.774 ms 
INFO - [G] 2025-09-29 22:29:46 :: INFO  :: TIMER :: [0004] Injected Atlas in 459.264 ms 
INFO - [G] 2025-09-29 22:29:46 :: INFO  :: TIMER :: [0001] Injected Sound in 0.771 ms 
INFO - [G] 2025-09-29 22:29:46 :: INFO  :: TIMER :: [0008] Injected Stake in 0.457 ms 
INFO - [G] 2025-09-29 22:29:46 :: INFO  :: TIMER :: [0005] Injected Rarity in 0.049 ms 
INFO - [G] 2025-09-29 22:29:46 :: INFO  :: TIMER :: [0005] Injected ObjectType in 0.108 ms 
INFO - [G] 2025-09-29 22:29:46 :: INFO  :: TIMER :: [0089] Injected Center in 1.496 ms 
INFO - [G] 2025-09-29 22:29:46 :: INFO  :: TIMER :: [0007] Injected Undiscovered Sprite in 0.028 ms 
INFO - [G] 2025-09-29 22:29:46 :: INFO  :: TIMER :: [0002] Injected Blind in 0.032 ms 
INFO - [G] 2025-09-29 22:29:46 :: INFO  :: TIMER :: [0004] Injected Seal in 0.185 ms 
INFO - [G] 2025-09-29 22:29:46 :: INFO  :: TIMER :: [0004] Injected Suit in 0.189 ms 
INFO - [G] 2025-09-29 22:29:46 :: INFO  :: TIMER :: [0013] Injected Rank in 0.191 ms 
INFO - [G] 2025-09-29 22:29:46 :: INFO  :: TIMER :: [0028] Injected DeckSkin in 0.517 ms 
INFO - [G] 2025-09-29 22:29:46 :: INFO  :: TIMER :: [0012] Injected PokerHand in 0.124 ms 
INFO - [G] 2025-09-29 22:29:46 :: INFO  :: TIMER :: [0020] Injected Challenge in 0.430 ms 
INFO - [G] 2025-09-29 22:29:46 :: INFO  :: TIMER :: [0000] Injected Tag in 0.002 ms 
INFO - [G] 2025-09-29 22:29:46 :: INFO  :: TIMER :: [0004] Injected Sticker in 0.121 ms 
INFO - [G] 2025-09-29 22:29:46 :: INFO  :: TIMER :: [0000] Injected Shader in 0.002 ms 
INFO - [G] 2025-09-29 22:29:46 :: INFO  :: TIMER :: [0002] Injected Keybind in 0.026 ms 
INFO - [G] 2025-09-29 22:29:46 :: INFO  :: TIMER :: [0000] Injected Achievement in 0.088 ms 
INFO - [G] 2025-09-29 22:29:46 :: INFO  :: TIMER :: [0002] Injected nil in 0.027 ms 
INFO - [G] 2025-09-29 22:29:46 :: INFO  :: TIMER :: [0021] Injected Draw Step in 0.418 ms 
INFO - [G] 2025-09-29 22:29:46 :: INFO  :: TIMER :: [0000] Injected [INTERNAL] in 1.110 ms 
INFO - [G] [DebugPlus] Press [/] to toggle console and press [shift] + [/] to toggle new log previews 
INFO - [G] line not found
INFO - [G] line not found
INFO - [G] file not found: functions/button_callbacks.lua: No such file or directory
INFO - [G] file not found: main.lua: No such file or directory
INFO - [G] file not found: main.lua: No such file or directory
INFO - [G] 2025-09-29 22:29:54 :: ERROR :: StackTrace :: Oops! The game crashed
engine/sprite.lua:11: attempt to index field 'atlas' (a nil value)
Stack Traceback
===============
(1) Lua upvalue 'orig' at file 'main.lua:612'
	Local variables:
	 msg = string: "engine/sprite.lua:11: attempt to index field 'atlas' (a nil value)"
	 (*temporary) = Lua function '?' (defined at line 31 of chunk [SMODS _ "src/logging.lua"])
	 (*temporary) = string: "Oops! The game crashed\
"
(2) Lua local 'handler' at file 'debugplus/console.lua:606' (from lovely module debugplus.console)
	Local variables:
	 msg = string: "engine/sprite.lua:11: attempt to index field 'atlas' (a nil value)"
(3) LÖVE metamethod at file 'boot.lua:352'
	Local variables:
	 errhand = Lua function '(LÖVE Function)' (defined at line 605 of chunk [lovely debugplus.console "debugplus/console.lua"])
	 handler = Lua function '(LÖVE Function)' (defined at line 605 of chunk [lovely debugplus.console "debugplus/console.lua"])
(4) Lua method 'init' at file 'engine/sprite.lua:11'
	Local variables:
	 self = table: 0x1df44240  {velocity:table: 0x1e0d01e8, click_offset:table: 0x1e78fda8, children:table: 0x1e0c0f28, T:table: 0x1e78dbf0, CT:table: 0x1e7c9418, shadow_height:0.2 (more...)}
	 X = number: 10
	 Y = number: 0.407012
	 W = number: 2.04878
	 H = number: 2.75122
	 new_sprite_atlas = nil
	 sprite_pos = table: 0x1ddc6e88  {y:6, x:0}
	 (*temporary) = table: 0x1e39df20  {}
	 (*temporary) = nil
	 (*temporary) = number: 10
	 (*temporary) = number: 0.407012
	 (*temporary) = number: 2.04878
	 (*temporary) = number: 2.75122
	 (*temporary) = string: "attempt to index field 'atlas' (a nil value)"
(5) Lua global 'Sprite' at file 'engine/object.lua:35'
	Local variables:
	 self = table: 0x1dda32d8  {reset:function: 0x1dda33c0, draw_shader:function: 0x1dda3320, define_draw_steps:function: 0x1dda3300, remove:function: 0x1dd9fc60, draw_self:function: 0x1dda3340 (more...)}
	 obj = table: 0x1df44240  {velocity:table: 0x1e0d01e8, click_offset:table: 0x1e78fda8, children:table: 0x1e0c0f28, T:table: 0x1e78dbf0, CT:table: 0x1e7c9418, shadow_height:0.2 (more...)}
(6) Lua method 'set_sprites' at Steamodded file 'src/overrides.lua:1674' 
	Local variables:
	 self = table: 0x1e1999c0  {click_offset:table: 0x1e2036a8, children:table: 0x1ded9cb8, ambient_tilt:0.2, T:table: 0x1e053060, offset:table: 0x1e6a72d8, role:table: 0x1e023fa0 (more...)}
	 _center = table: 0x1e136fe0  {alerted:true, _saved_d_u:true, original_key:slothjoker, mod:table: 0x1e507980, _u:true, rarity:sapjokers_token, cost:1, order:1, _d:false, blueprint_compat:true (more...)}
	 _front = nil
	 (*temporary) = table: 0x1ded9cb8  {shadow:table: 0x1e02d238}
(7) Lua method 'set_ability' at file 'card.lua:324'
	Local variables:
	 self = table: 0x1e1999c0  {click_offset:table: 0x1e2036a8, children:table: 0x1ded9cb8, ambient_tilt:0.2, T:table: 0x1e053060, offset:table: 0x1e6a72d8, role:table: 0x1e023fa0 (more...)}
	 center = table: 0x1e136fe0  {alerted:true, _saved_d_u:true, original_key:slothjoker, mod:table: 0x1e507980, _u:true, rarity:sapjokers_token, cost:1, order:1, _d:false, blueprint_compat:true (more...)}
	 initial = boolean: true
	 delay_sprites = nil
	 X = number: 10
	 Y = number: 0.407012
	 W = number: 2.04878
	 H = number: 2.75122
	 old_center = table: 0x1e136fe0  {alerted:true, _saved_d_u:true, original_key:slothjoker, mod:table: 0x1e507980, _u:true, rarity:sapjokers_token, cost:1, order:1, _d:false, blueprint_compat:true (more...)}
	 was_added_to_deck = boolean: false
(8) Lua upvalue 'card_init' at file 'card.lua:45'
	Local variables:
	 self = table: 0x1e1999c0  {click_offset:table: 0x1e2036a8, children:table: 0x1ded9cb8, ambient_tilt:0.2, T:table: 0x1e053060, offset:table: 0x1e6a72d8, role:table: 0x1e023fa0 (more...)}
	 X = number: 10
	 Y = number: 0.407012
	 W = number: 2.04878
	 H = number: 2.75122
	 card = nil
	 center = table: 0x1e136fe0  {alerted:true, _saved_d_u:true, original_key:slothjoker, mod:table: 0x1e507980, _u:true, rarity:sapjokers_token, cost:1, order:1, _d:false, blueprint_compat:true (more...)}
	 params = nil
(9) Lua method 'init' at Steamodded file 'src/overrides.lua:1724' 
	Local variables:
	 self = table: 0x1e1999c0  {click_offset:table: 0x1e2036a8, children:table: 0x1ded9cb8, ambient_tilt:0.2, T:table: 0x1e053060, offset:table: 0x1e6a72d8, role:table: 0x1e023fa0 (more...)}
	 X = number: 10
	 Y = number: 0.407012
	 W = number: 2.04878
	 H = number: 2.75122
	 card = nil
	 center = table: 0x1e136fe0  {alerted:true, _saved_d_u:true, original_key:slothjoker, mod:table: 0x1e507980, _u:true, rarity:sapjokers_token, cost:1, order:1, _d:false, blueprint_compat:true (more...)}
	 params = nil
(10) Lua global 'Card' at file 'engine/object.lua:35'
	Local variables:
	 self = table: 0x1e013ed0  {get_chip_x_bonus:function: 0x1e0174a0, should_hide_front:function: 0x1e107868, set_base:function: 0x1e017150, set_card_area:function: 0x1ddc3a10 (more...)}
	 obj = table: 0x1e1999c0  {click_offset:table: 0x1e2036a8, children:table: 0x1ded9cb8, ambient_tilt:0.2, T:table: 0x1e053060, offset:table: 0x1e6a72d8, role:table: 0x1e023fa0 (more...)}
(11) Lua function '?' at Steamodded file 'src/ui.lua:1802'  (best guess)
	Local variables:
	 e = table: 0x1e3dbe68  {to_val:Page 11/12, cycle_config:table: 0x1e50b770, from_key:12, to_key:11, from_val:Page 12/12}
	 (for index) = number: 1
	 (for limit) = number: 3
	 (for step) = number: 1
	 j = number: 1
	 (for index) = number: 1
	 (for limit) = number: 5
	 (for step) = number: 1
	 i = number: 1
	 center = table: 0x1e136fe0  {alerted:true, _saved_d_u:true, original_key:slothjoker, mod:table: 0x1e507980, _u:true, rarity:sapjokers_token, cost:1, order:1, _d:false, blueprint_compat:true (more...)}
(12) Lua function '?' at file 'functions/button_callbacks.lua:579' (best guess)
	Local variables:
	 e = table: 0x1e1a64d0  {pixellated_rect:table: 0x1e458a48, click_offset:table: 0x1ded9bd0, children:table: 0x1e1a64f8, parent:table: 0x1e1a6330, T:table: 0x1ded9ba8 (more...)}
	 from_val = string: "Page 12/12"
	 from_key = number: 12
	 old_pip = nil
	 cycle_main = table: 0x1e0ea028  {pixellated_rect:table: 0x1dfecd38, click_offset:table: 0x1df69fe8, children:table: 0x1e0ea050, parent:table: 0x1e1a6330, T:table: 0x1df69ef8 (more...)}
	 to_val = string: "Page 11/12"
	 to_key = number: 11
	 new_pip = nil
(13) Lua method 'click' at file 'engine/ui.lua:981'
	Local variables:
	 self = table: 0x1e1a64d0  {pixellated_rect:table: 0x1e458a48, click_offset:table: 0x1ded9bd0, children:table: 0x1e1a64f8, parent:table: 0x1e1a6330, T:table: 0x1ded9ba8 (more...)}
(14) Lua method 'update' at file 'engine/controller.lua:375'
	Local variables:
	 self = table: 0x1e39f968  {held_button_times:table: 0x1e3a0238, focus_cursor_stack_level:1, snap_cursor_to:table: 0x1de9a858, interrupt:table: 0x1e3a0288, GAMEPAD:table: 0x1e3a0ab8 (more...)}
	 dt = number: 0.0214153
(15) Lua upvalue 'gameUpdateRef' at file 'game.lua:2689'
	Local variables:
	 self = table: 0x1de066c8  {F_GUIDE:false, F_CRASH_REPORTS:false, F_QUIT_BUTTON:true, F_ENGLISH_ONLY:false, sort_id:30, F_DISCORD:true, STAGE:1, F_MOBILE_UI:false, F_NO_SAVING:false (more...)}
	 dt = number: 0
(16) Lua method 'update' at Steamodded file 'src/ui.lua:84' 
	Local variables:
	 self = table: 0x1de066c8  {F_GUIDE:false, F_CRASH_REPORTS:false, F_QUIT_BUTTON:true, F_ENGLISH_ONLY:false, sort_id:30, F_DISCORD:true, STAGE:1, F_MOBILE_UI:false, F_NO_SAVING:false (more...)}
	 dt = number: 0.0214153
(17) Lua field 'update' at file 'main.lua:999'
	Local variables:
	 dt = number: 0.0214153
(18) Lua function '?' at file 'main.lua:938' (best guess)
(19) global C function 'xpcall'
(20) LÖVE function at file 'boot.lua:377' (best guess)
	Local variables:
	 func = Lua function '?' (defined at line 909 of chunk main.lua)
	 inerror = boolean: true
	 deferErrhand = Lua function '(LÖVE Function)' (defined at line 348 of chunk [love "boot.lua"])
	 earlyinit = Lua function '(LÖVE Function)' (defined at line 355 of chunk [love "boot.lua"])
 
INFO - [G] line not found
INFO - [G] file not found: functions/button_callbacks.lua: No such file or directory
INFO - [G] file not found: main.lua: No such file or directory
INFO - [G] file not found: main.lua: No such file or directory
INFO - [G] 2025-09-29 22:29:54 :: INFO  :: StackTrace :: Additional Context:
Balatro Version: 1.0.1o-FULL
Modded Version: 1.0.0~BETA-0711a-STEAMODDED
LÖVE Version: 11.5.0
Lovely Version: 0.8.0
Platform: Windows
Steamodded Mods:
    1: Super Auto Jokers by Equi [ID: SuperAutoJokers, Version: 1.0.0]
    2: DebugPlus by WilsontheWolf [ID: DebugPlus, Version: 1.5.1, Uses Lovely]
Lovely Mods: 
