INFO - [♥] Lovely 0.8.0
INFO - [♥] Game directory is at "C:\\Program Files (x86)\\Steam\\steamapps\\common\\Balatro"
INFO - [♥] Writing logs to "C:\\Users\\PC\\AppData\\Roaming\\Balatro\\Mods\\lovely\\log"
INFO - [♥] Using mod directory at "C:\\Users\\PC\\AppData\\Roaming\\Balatro\\Mods"
INFO - [♥] Cleaning up dumps directory at "C:\\Users\\PC\\AppData\\Roaming\\Balatro\\Mods\\lovely\\dump"
INFO - [♥] Initialization complete in 133ms
INFO - [♥] Applied 1 patch to 'conf.lua'
INFO - [♥] Applied 11 patches to 'main.lua'
INFO - [♥] Applied 10 patches to 'engine/controller.lua'
INFO - [♥] Applied 15 patches to 'back.lua'
INFO - [♥] Applied 7 patches to 'tag.lua'
INFO - [♥] Applied 2 patches to 'engine/moveable.lua'
INFO - [♥] Applied 2 patches to 'engine/sprite.lua'
INFO - [♥] Applied 2 patches to 'engine/animatedsprite.lua'
INFO - [♥] Applied 67 patches to 'functions/misc_functions.lua'
INFO - [♥] Applied 40 patches to 'game.lua'
INFO - [♥] Applied 1 patch to 'globals.lua'
INFO - [♥] Applied 5 patches to 'engine/ui.lua'
INFO - [♥] Applied 95 patches to 'functions/UI_definitions.lua'
INFO - [♥] Applied 49 patches to 'functions/state_events.lua'
INFO - [♥] Applied 117 patches to 'functions/common_events.lua'
INFO - [♥] Applied 51 patches to 'functions/button_callbacks.lua'
INFO - [♥] Applied 186 patches to 'card.lua'
INFO - [♥] Applied 10 patches to 'cardarea.lua'
INFO - [♥] Applied 37 patches to 'blind.lua'
INFO - [♥] Applied 2 patches to 'engine/text.lua'
INFO - [G] Failed to connect to the debug server 
INFO - [G] 2025-09-11 16:26:06 :: DEBUG :: DebugConsole :: Steamodded Debug Socket started ! 
INFO - [G] 2025-09-11 16:26:06 :: INFO  :: SMODS :: Steamodded v1.0.0~BETA-0711a 
INFO - [♥] Applied 9 patches to 'engine/sound_manager.lua'
INFO - [♥] Applied 1 patch to 'engine/save_manager.lua'
INFO - [G] 2025-09-11 16:26:13 :: INFO  :: Loader :: Valid JSON file found 
INFO - [G] 2025-09-11 16:26:13 :: INFO  :: Loader :: Valid JSON file found 
INFO - [G] 2025-09-11 16:26:13 :: INFO  :: TIMER :: [0000] Injected Fonts in 0.001 ms 
INFO - [G] 2025-09-11 16:26:13 :: INFO  :: TIMER :: [0000] Injected Language in 0.002 ms 
INFO - [G] 2025-09-11 16:26:13 :: INFO  :: TIMER :: [0000] Injected [INTERNAL] in 3.216 ms 
INFO - [G] 2025-09-11 16:26:14 :: INFO  :: TIMER :: [0003] Injected Atlas in 928.429 ms 
INFO - [G] 2025-09-11 16:26:14 :: INFO  :: TIMER :: [0001] Injected Sound in 4.467 ms 
INFO - [G] 2025-09-11 16:26:14 :: INFO  :: TIMER :: [0008] Injected Stake in 0.308 ms 
INFO - [G] 2025-09-11 16:26:14 :: INFO  :: TIMER :: [0004] Injected Rarity in 0.093 ms 
INFO - [G] 2025-09-11 16:26:14 :: INFO  :: TIMER :: [0004] Injected ObjectType in 0.075 ms 
INFO - [G] 2025-09-11 16:26:14 :: INFO  :: TIMER :: [0057] Injected Center in 1.295 ms 
INFO - [G] 2025-09-11 16:26:14 :: INFO  :: TIMER :: [0007] Injected Undiscovered Sprite in 0.030 ms 
INFO - [G] 2025-09-11 16:26:14 :: INFO  :: TIMER :: [0002] Injected Blind in 0.030 ms 
INFO - [G] 2025-09-11 16:26:14 :: INFO  :: TIMER :: [0004] Injected Seal in 0.449 ms 
INFO - [G] 2025-09-11 16:26:14 :: INFO  :: TIMER :: [0004] Injected Suit in 0.118 ms 
INFO - [G] 2025-09-11 16:26:14 :: INFO  :: TIMER :: [0013] Injected Rank in 0.153 ms 
INFO - [G] 2025-09-11 16:26:14 :: INFO  :: TIMER :: [0028] Injected DeckSkin in 0.399 ms 
INFO - [G] 2025-09-11 16:26:14 :: INFO  :: TIMER :: [0012] Injected PokerHand in 0.117 ms 
INFO - [G] 2025-09-11 16:26:14 :: INFO  :: TIMER :: [0020] Injected Challenge in 0.058 ms 
INFO - [G] 2025-09-11 16:26:14 :: INFO  :: TIMER :: [0000] Injected Tag in 0.002 ms 
INFO - [G] 2025-09-11 16:26:14 :: INFO  :: TIMER :: [0004] Injected Sticker in 0.173 ms 
INFO - [G] 2025-09-11 16:26:14 :: INFO  :: TIMER :: [0000] Injected Shader in 0.002 ms 
INFO - [G] 2025-09-11 16:26:14 :: INFO  :: TIMER :: [0002] Injected Keybind in 0.021 ms 
INFO - [G] 2025-09-11 16:26:14 :: INFO  :: TIMER :: [0000] Injected Achievement in 0.102 ms 
INFO - [G] 2025-09-11 16:26:14 :: INFO  :: TIMER :: [0002] Injected nil in 0.025 ms 
INFO - [G] 2025-09-11 16:26:14 :: INFO  :: TIMER :: [0021] Injected Draw Step in 0.201 ms 
INFO - [G] 2025-09-11 16:26:14 :: INFO  :: TIMER :: [0000] Injected [INTERNAL] in 1.375 ms 
INFO - [G] [DebugPlus] Press [/] to toggle console and press [shift] + [/] to toggle new log previews 
INFO - [G] line not found
INFO - [G] file not found: functions/button_callbacks.lua: No such file or directory
INFO - [G] file not found: main.lua: No such file or directory
INFO - [G] file not found: main.lua: No such file or directory
INFO - [G] 2025-09-11 16:26:41 :: ERROR :: StackTrace :: Oops! The game crashed
functions/common_events.lua:2323: attempt to index local 'center' (a nil value)
Stack Traceback
===============
(1) Lua upvalue 'orig' at file 'main.lua:612'
	Local variables:
	 msg = string: "functions/common_events.lua:2323: attempt to index local 'center' (a nil value)"
	 (*temporary) = Lua function '?' (defined at line 31 of chunk [SMODS _ "src/logging.lua"])
	 (*temporary) = string: "Oops! The game crashed\
"
(2) Lua local 'handler' at file 'debugplus/console.lua:606' (from lovely module debugplus.console)
	Local variables:
	 msg = string: "functions/common_events.lua:2323: attempt to index local 'center' (a nil value)"
(3) LÖVE metamethod at file 'boot.lua:352'
	Local variables:
	 errhand = Lua function '(LÖVE Function)' (defined at line 605 of chunk [lovely debugplus.console "debugplus/console.lua"])
	 handler = Lua function '(LÖVE Function)' (defined at line 605 of chunk [lovely debugplus.console "debugplus/console.lua"])
(4) Lua global 'create_card' at file 'functions/common_events.lua:2323'
	Local variables:
	 _type = string: "Spectral"
	 area = table: 0x1a784b40  {click_offset:table: 0x1a7ad6e8, static_rotation:false, shuffle_amt:0, T:table: 0x1a7ad438, offset:table: 0x1a0f1230, role:table: 0x1a08f4d0, last_aligned:-1 (more...)}
	 legendary = nil
	 _rarity = nil
	 skip_materialize = nil
	 soulable = nil
	 forced_key = string: "aura"
	 key_append = nil
	 area = table: 0x1a784b40  {click_offset:table: 0x1a7ad6e8, static_rotation:false, shuffle_amt:0, T:table: 0x1a7ad438, offset:table: 0x1a0f1230, role:table: 0x1a08f4d0, last_aligned:-1 (more...)}
	 center = nil
	 (*temporary) = table: 0x1a1e6c10  {j_mime:table: 0x1a04a3d0, j_ring_master:table: 0x1a4c5628, b_challenge:table: 0x1a405b58, j_sapjokers_skunkjoker:table: 0x1a2cbc18, c_medium:table: 0x1a19df78 (more...)}
	 (*temporary) = number: 547
	 (*temporary) = table: 0x1ada2c70  {click_offset:table: 0x1adfabb8, children:table: 0x1ada2c98, parent:table: 0x1ada2ad0, T:table: 0x1adfaac8, offset:table: 0x1adfb8b8, role:table: 0x1adfbb28 (more...)}
	 (*temporary) = table: 0x1ada2c70  {click_offset:table: 0x1adfabb8, children:table: 0x1ada2c98, parent:table: 0x1ada2ad0, T:table: 0x1adfaac8, offset:table: 0x1adfb8b8, role:table: 0x1adfbb28 (more...)}
	 (*temporary) = table: 0x19f4b000  {1:table: 0x1a790e50, 2:table: 0x1a6c7478, 3:table: 0x1a784b40, 4:table: 0x1a7923c8, 5:table: 0x1a82eee8, 6:table: 0x1a0925e8, 7:table: 0x1a26ac70 (more...)}
	 (*temporary) = number: 547
	 (*temporary) = table: 0x1ada2c70  {click_offset:table: 0x1adfabb8, children:table: 0x1ada2c98, parent:table: 0x1ada2ad0, T:table: 0x1adfaac8, offset:table: 0x1adfb8b8, role:table: 0x1adfbb28 (more...)}
	 (*temporary) = number: nan
	 (*temporary) = number: 547
	 (*temporary) = table: 0x1ada2e10  {click_offset:table: 0x1adf99b0, children:table: 0x1ada2e38, parent:table: 0x1ada2c70, T:table: 0x1adf9738, offset:table: 0x1adfa6b0, role:table: 0x1adfa920 (more...)}
	 (*temporary) = table: 0x1ada2e10  {click_offset:table: 0x1adf99b0, children:table: 0x1ada2e38, parent:table: 0x1ada2c70, T:table: 0x1adf9738, offset:table: 0x1adfa6b0, role:table: 0x1adfa920 (more...)}
	 (*temporary) = table: 0x19f4b000  {1:table: 0x1a790e50, 2:table: 0x1a6c7478, 3:table: 0x1a784b40, 4:table: 0x1a7923c8, 5:table: 0x1a82eee8, 6:table: 0x1a0925e8, 7:table: 0x1a26ac70 (more...)}
	 (*temporary) = number: 547
	 (*temporary) = string: "attempt to index local 'center' (a nil value)"
(5) Lua method 'calculate' at file 'superautojokers_main.lua:195' (from mod with id SuperAutoJokers)
	Local variables:
	 self = table: 0x1a2b3bd8  {alerted:true, loc_vars:function: 0x1a2fe930, _saved_d_u:true, original_key:cowjoker, mod:table: 0x1a637168, registered:true, rarity:2, cost:6 (more...)}
	 card = table: 0x1a2f5bc8  {click_offset:table: 0x1a2f71a0, static_rotation:false, ambient_tilt:0.2, parent:table: 0x1a7923c8, T:table: 0x1a2f6340, bypass_discovery_center:true (more...)}
	 context = table: 0x1a852ad8  {selling_self:true}
(6) Lua method 'calculate_joker' at file 'card.lua:2555'
	Local variables:
	 self = table: 0x1a2f5bc8  {click_offset:table: 0x1a2f71a0, static_rotation:false, ambient_tilt:0.2, parent:table: 0x1a7923c8, T:table: 0x1a2f6340, bypass_discovery_center:true (more...)}
	 context = table: 0x1a852ad8  {selling_self:true}
	 obj = table: 0x1a2b3bd8  {alerted:true, loc_vars:function: 0x1a2fe930, _saved_d_u:true, original_key:cowjoker, mod:table: 0x1a637168, registered:true, rarity:2, cost:6 (more...)}
(7) Lua global 'eval_card' at file 'functions/common_events.lua:722'
	Local variables:
	 card = table: 0x1a2f5bc8  {click_offset:table: 0x1a2f71a0, static_rotation:false, ambient_tilt:0.2, parent:table: 0x1a7923c8, T:table: 0x1a2f6340, bypass_discovery_center:true (more...)}
	 context = table: 0x1a852ad8  {selling_self:true}
	 ret = table: 0x1a852b38  {}
	 post_trig = table: 0x1a852b60  {}
	 areas = table: 0x1a852b88  {1:table: 0x1a7923c8, 2:table: 0x1a784b40, 3:table: 0x1a0925e8}
	 area_set = table: 0x1a852bd0  {table: 0x1a7923c8:true, table: 0x1a0925e8:true, table: 0x1a784b40:true}
(8) Lua method 'sell_card' at file 'card.lua:1837'
	Local variables:
	 self = table: 0x1a2f5bc8  {click_offset:table: 0x1a2f71a0, static_rotation:false, ambient_tilt:0.2, parent:table: 0x1a7923c8, T:table: 0x1a2f6340, bypass_discovery_center:true (more...)}
	 area = table: 0x1a7923c8  {click_offset:table: 0x1a7eaa20, static_rotation:false, shuffle_amt:0, T:table: 0x1a7e9ae0, offset:table: 0x1a823690, role:table: 0x1a819f30, last_aligned:-1 (more...)}
(9) Lua function '?' at file 'functions/button_callbacks.lua:2366' (best guess)
	Local variables:
	 e = table: 0x1ada2fb0  {pixellated_rect:table: 0x1a0e2570, click_offset:table: 0x1adb0b50, children:table: 0x1ada2fd8, parent:table: 0x1ada2e10, T:table: 0x1adb0a60 (more...)}
	 card = table: 0x1a2f5bc8  {click_offset:table: 0x1a2f71a0, static_rotation:false, ambient_tilt:0.2, parent:table: 0x1a7923c8, T:table: 0x1a2f6340, bypass_discovery_center:true (more...)}
(10) Lua method 'click' at file 'engine/ui.lua:981'
	Local variables:
	 self = table: 0x1ada2fb0  {pixellated_rect:table: 0x1a0e2570, click_offset:table: 0x1adb0b50, children:table: 0x1ada2fd8, parent:table: 0x1ada2e10, T:table: 0x1adb0a60 (more...)}
(11) Lua method 'update' at file 'engine/controller.lua:375'
	Local variables:
	 self = table: 0x1a495e60  {held_button_times:table: 0x1a496730, focus_cursor_stack_level:1, snap_cursor_to:table: 0x1a2f86c0, interrupt:table: 0x1a496780, GAMEPAD:table: 0x1a496fb0 (more...)}
	 dt = number: 0.0168384
(12) Lua upvalue 'gameUpdateRef' at file 'game.lua:2689'
	Local variables:
	 self = table: 0x19f46858  {F_GUIDE:false, F_CRASH_REPORTS:false, F_QUIT_BUTTON:true, HUD_tags:table: 0x1ac97f18, F_ENGLISH_ONLY:false, viewed_stake:1, HUD:table: 0x1ac1f108 (more...)}
	 dt = number: 0.0168384
(13) Lua method 'update' at Steamodded file 'src/ui.lua:84' 
	Local variables:
	 self = table: 0x19f46858  {F_GUIDE:false, F_CRASH_REPORTS:false, F_QUIT_BUTTON:true, HUD_tags:table: 0x1ac97f18, F_ENGLISH_ONLY:false, viewed_stake:1, HUD:table: 0x1ac1f108 (more...)}
	 dt = number: 0.0168384
(14) Lua field 'update' at file 'main.lua:999'
	Local variables:
	 dt = number: 0.0168384
(15) Lua function '?' at file 'main.lua:938' (best guess)
(16) global C function 'xpcall'
(17) LÖVE function at file 'boot.lua:377' (best guess)
	Local variables:
	 func = Lua function '?' (defined at line 909 of chunk main.lua)
	 inerror = boolean: true
	 deferErrhand = Lua function '(LÖVE Function)' (defined at line 348 of chunk [love "boot.lua"])
	 earlyinit = Lua function '(LÖVE Function)' (defined at line 355 of chunk [love "boot.lua"])
 
INFO - [G] file not found: functions/button_callbacks.lua: No such file or directory
INFO - [G] file not found: main.lua: No such file or directory
INFO - [G] file not found: main.lua: No such file or directory
INFO - [G] 2025-09-11 16:26:41 :: INFO  :: StackTrace :: Additional Context:
Balatro Version: 1.0.1o-FULL
Modded Version: 1.0.0~BETA-0711a-STEAMODDED
LÖVE Version: 11.5.0
Lovely Version: 0.8.0
Platform: Windows
Steamodded Mods:
    1: Super Auto Jokers by Equi [ID: SuperAutoJokers, Version: 1.0.0]
    2: DebugPlus by WilsontheWolf [ID: DebugPlus, Version: 1.5.1, Uses Lovely]
Lovely Mods: 
