INFO - [♥] Lovely 0.8.0
INFO - [♥] Game directory is at "C:\\Program Files (x86)\\Steam\\steamapps\\common\\Balatro"
INFO - [♥] Writing logs to "C:\\Users\\PC\\AppData\\Roaming\\Balatro\\Mods\\lovely\\log"
INFO - [♥] Using mod directory at "C:\\Users\\PC\\AppData\\Roaming\\Balatro\\Mods"
INFO - [♥] Cleaning up dumps directory at "C:\\Users\\PC\\AppData\\Roaming\\Balatro\\Mods\\lovely\\dump"
INFO - [♥] Initialization complete in 151ms
INFO - [♥] Applied 1 patch to 'conf.lua'
INFO - [♥] Applied 11 patches to 'main.lua'
INFO - [♥] Applied 10 patches to 'engine/controller.lua'
INFO - [♥] Applied 15 patches to 'back.lua'
INFO - [♥] Applied 7 patches to 'tag.lua'
INFO - [♥] Applied 2 patches to 'engine/moveable.lua'
INFO - [♥] Applied 2 patches to 'engine/sprite.lua'
INFO - [♥] Applied 2 patches to 'engine/animatedsprite.lua'
INFO - [♥] Applied 67 patches to 'functions/misc_functions.lua'
INFO - [♥] Applied 40 patches to 'game.lua'
INFO - [♥] Applied 1 patch to 'globals.lua'
INFO - [♥] Applied 5 patches to 'engine/ui.lua'
INFO - [♥] Applied 95 patches to 'functions/UI_definitions.lua'
INFO - [♥] Applied 49 patches to 'functions/state_events.lua'
INFO - [♥] Applied 117 patches to 'functions/common_events.lua'
INFO - [♥] Applied 51 patches to 'functions/button_callbacks.lua'
INFO - [♥] Applied 186 patches to 'card.lua'
INFO - [♥] Applied 10 patches to 'cardarea.lua'
INFO - [♥] Applied 37 patches to 'blind.lua'
INFO - [♥] Applied 2 patches to 'engine/text.lua'
INFO - [G] Failed to connect to the debug server 
INFO - [G] 2025-09-24 18:31:01 :: DEBUG :: DebugConsole :: Steamodded Debug Socket started ! 
INFO - [G] 2025-09-24 18:31:01 :: INFO  :: SMODS :: Steamodded v1.0.0~BETA-0711a 
INFO - [♥] Applied 9 patches to 'engine/sound_manager.lua'
INFO - [♥] Applied 1 patch to 'engine/save_manager.lua'
INFO - [G] 2025-09-24 18:31:06 :: INFO  :: Loader :: Valid JSON file found 
INFO - [G] 2025-09-24 18:31:06 :: INFO  :: Loader :: Valid JSON file found 
INFO - [G] 2025-09-24 18:31:06 :: WARN  :: Joker :: Cannot take ownership of j_mail-in_rebate: Does not exist. 
INFO - [G] 2025-09-24 18:31:06 :: INFO  :: TIMER :: [0000] Injected Fonts in 0.002 ms 
INFO - [G] 2025-09-24 18:31:06 :: INFO  :: TIMER :: [0000] Injected Language in 0.002 ms 
INFO - [G] 2025-09-24 18:31:06 :: INFO  :: TIMER :: [0000] Injected [INTERNAL] in 3.064 ms 
INFO - [G] 2025-09-24 18:31:06 :: INFO  :: TIMER :: [0003] Injected Atlas in 381.895 ms 
INFO - [G] 2025-09-24 18:31:06 :: INFO  :: TIMER :: [0001] Injected Sound in 1.390 ms 
INFO - [G] 2025-09-24 18:31:06 :: INFO  :: TIMER :: [0008] Injected Stake in 0.277 ms 
INFO - [G] 2025-09-24 18:31:06 :: INFO  :: TIMER :: [0004] Injected Rarity in 0.074 ms 
INFO - [G] 2025-09-24 18:31:06 :: INFO  :: TIMER :: [0004] Injected ObjectType in 0.055 ms 
INFO - [G] 2025-09-24 18:31:06 :: INFO  :: TIMER :: [0070] Injected Center in 1.140 ms 
INFO - [G] 2025-09-24 18:31:06 :: INFO  :: TIMER :: [0007] Injected Undiscovered Sprite in 0.030 ms 
INFO - [G] 2025-09-24 18:31:06 :: INFO  :: TIMER :: [0002] Injected Blind in 0.027 ms 
INFO - [G] 2025-09-24 18:31:06 :: INFO  :: TIMER :: [0004] Injected Seal in 0.336 ms 
INFO - [G] 2025-09-24 18:31:06 :: INFO  :: TIMER :: [0004] Injected Suit in 0.104 ms 
INFO - [G] 2025-09-24 18:31:06 :: INFO  :: TIMER :: [0013] Injected Rank in 0.195 ms 
INFO - [G] 2025-09-24 18:31:06 :: INFO  :: TIMER :: [0028] Injected DeckSkin in 0.741 ms 
INFO - [G] 2025-09-24 18:31:06 :: INFO  :: TIMER :: [0012] Injected PokerHand in 0.141 ms 
INFO - [G] 2025-09-24 18:31:06 :: INFO  :: TIMER :: [0020] Injected Challenge in 0.137 ms 
INFO - [G] 2025-09-24 18:31:06 :: INFO  :: TIMER :: [0000] Injected Tag in 0.002 ms 
INFO - [G] 2025-09-24 18:31:06 :: INFO  :: TIMER :: [0004] Injected Sticker in 0.288 ms 
INFO - [G] 2025-09-24 18:31:06 :: INFO  :: TIMER :: [0000] Injected Shader in 0.003 ms 
INFO - [G] 2025-09-24 18:31:06 :: INFO  :: TIMER :: [0002] Injected Keybind in 0.025 ms 
INFO - [G] 2025-09-24 18:31:06 :: INFO  :: TIMER :: [0000] Injected Achievement in 0.112 ms 
INFO - [G] 2025-09-24 18:31:06 :: INFO  :: TIMER :: [0002] Injected nil in 0.024 ms 
INFO - [G] 2025-09-24 18:31:06 :: INFO  :: TIMER :: [0021] Injected Draw Step in 0.348 ms 
INFO - [G] 2025-09-24 18:31:06 :: INFO  :: TIMER :: [0000] Injected [INTERNAL] in 1.016 ms 
INFO - [G] [DebugPlus] Press [/] to toggle console and press [shift] + [/] to toggle new log previews 
INFO - [G] line not found
INFO - [G] file not found: main.lua: No such file or directory
INFO - [G] file not found: main.lua: No such file or directory
INFO - [G] 2025-09-24 18:31:25 :: ERROR :: StackTrace :: Oops! The game crashed
[SMODS SuperAutoJokers "superautojokers_main.lua"]:450: attempt to perform arithmetic on field 'cards' (a table value)
Stack Traceback
===============
(1) Lua upvalue 'orig' at file 'main.lua:612'
	Local variables:
	 msg = string: "[SMODS SuperAutoJokers \"superautojokers_main.lua\"]:450: attempt to perform arithmetic on field 'cards' (a table value)"
	 (*temporary) = Lua function '?' (defined at line 31 of chunk [SMODS _ "src/logging.lua"])
	 (*temporary) = string: "Oops! The game crashed\
"
(2) Lua local 'handler' at file 'debugplus/console.lua:606' (from lovely module debugplus.console)
	Local variables:
	 msg = string: "[SMODS SuperAutoJokers \"superautojokers_main.lua\"]:450: attempt to perform arithmetic on field 'cards' (a table value)"
(3) LÖVE metamethod at file 'boot.lua:352'
	Local variables:
	 errhand = Lua function '(LÖVE Function)' (defined at line 605 of chunk [lovely debugplus.console "debugplus/console.lua"])
	 handler = Lua function '(LÖVE Function)' (defined at line 605 of chunk [lovely debugplus.console "debugplus/console.lua"])
(4) Lua method 'calculate' at file 'superautojokers_main.lua:450' (from mod with id SuperAutoJokers)
	Local variables:
	 self = table: 0x07f5fe68  {alerted:true, atlas:Joker, registered:true, _saved_d_u:true, original_key:8_ball, _discovered_unlocked_overwritten:true, calculate:function: 0x07f6a418 (more...)}
	 card = table: 0x08a9a7e8  {click_offset:table: 0x08a9a948, static_rotation:false, ambient_tilt:0.2, parent:table: 0x082ce338, T:table: 0x08a9a9b0, last_aligned:-1, extra_cost:0 (more...)}
	 context = table: 0x07b6f078  {other_card:table: 0x0803de88, poker_hands:table: 0x08267d70, individual:true, scoring_name:Straight, scoring_hand:table: 0x08247108, full_hand:table: 0x082d17e8 (more...)}
	 (*temporary) = table: 0x082ce298  {}
	 (*temporary) = number: 0
	 (*temporary) = nil
	 (*temporary) = string: "nil"
	 (*temporary) = nil
	 (*temporary) = string: "attempt to perform arithmetic on field 'cards' (a table value)"
(5) Lua method 'calculate_joker' at file 'card.lua:2555'
	Local variables:
	 self = table: 0x08a9a7e8  {click_offset:table: 0x08a9a948, static_rotation:false, ambient_tilt:0.2, parent:table: 0x082ce338, T:table: 0x08a9a9b0, last_aligned:-1, extra_cost:0 (more...)}
	 context = table: 0x07b6f078  {other_card:table: 0x0803de88, poker_hands:table: 0x08267d70, individual:true, scoring_name:Straight, scoring_hand:table: 0x08247108, full_hand:table: 0x082d17e8 (more...)}
	 obj = table: 0x07f5fe68  {alerted:true, atlas:Joker, registered:true, _saved_d_u:true, original_key:8_ball, _discovered_unlocked_overwritten:true, calculate:function: 0x07f6a418 (more...)}
(6) Lua global 'eval_card' at file 'functions/common_events.lua:722'
	Local variables:
	 card = table: 0x08a9a7e8  {click_offset:table: 0x08a9a948, static_rotation:false, ambient_tilt:0.2, parent:table: 0x082ce338, T:table: 0x08a9a9b0, last_aligned:-1, extra_cost:0 (more...)}
	 context = table: 0x07b6f078  {other_card:table: 0x0803de88, poker_hands:table: 0x08267d70, individual:true, scoring_name:Straight, scoring_hand:table: 0x08247108, full_hand:table: 0x082d17e8 (more...)}
	 ret = table: 0x07da2478  {}
	 post_trig = table: 0x07e18cb0  {}
	 areas = table: 0x07e18cd8  {1:table: 0x082ce338, 2:table: 0x082cda28, 3:table: 0x082cf540}
	 area_set = table: 0x07e18d20  {table: 0x082cda28:true, table: 0x082cf540:true, table: 0x082ce338:true}
(7) Lua field 'calculate_card_areas' at Steamodded file 'src/utils.lua:1720' 
	Local variables:
	 _type = string: "jokers"
	 context = table: 0x07b6f078  {other_card:table: 0x0803de88, poker_hands:table: 0x08267d70, individual:true, scoring_name:Straight, scoring_hand:table: 0x08247108, full_hand:table: 0x082d17e8 (more...)}
	 return_table = table: 0x08849450  {1:table: 0x08849490, 2:table: 0x08a0b700, 3:table: 0x08684460}
	 args = table: 0x07dd7ac0  {main_scoring:true}
	 flags = table: 0x07c2da70  {}
	 (for generator) = C function: builtin#6
	 (for state) = table: 0x07c2da98  {1:table: 0x082ce338, 2:table: 0x082cda28, 3:table: 0x082cf540}
	 (for control) = number: 1
	 _ = number: 1
	 area = table: 0x082ce338  {click_offset:table: 0x082ce498, static_rotation:false, shuffle_amt:0, T:table: 0x082ce470, offset:table: 0x082cea58, role:table: 0x082ce888, last_aligned:-1 (more...)}
	 (for generator) = C function: builtin#6
	 (for state) = table: 0x082ceb78  {1:table: 0x07fec298, 2:table: 0x08a9a7e8}
	 (for control) = number: 2
	 _ = number: 2
	 _card = table: 0x08a9a7e8  {click_offset:table: 0x08a9a948, static_rotation:false, ambient_tilt:0.2, parent:table: 0x082ce338, T:table: 0x08a9a9b0, last_aligned:-1, extra_cost:0 (more...)}
(8) Lua field 'score_card' at Steamodded file 'src/utils.lua:1880' 
	Local variables:
	 card = table: 0x0803de88  {role:table: 0x08266560, zoom:true, click_offset:table: 0x083046d0, under_overlay:false, children:table: 0x08158d58, ambient_tilt:0.2, parent:table: 0x082d0fa8 (more...)}
	 context = table: 0x07b6f078  {other_card:table: 0x0803de88, poker_hands:table: 0x08267d70, individual:true, scoring_name:Straight, scoring_hand:table: 0x08247108, full_hand:table: 0x082d17e8 (more...)}
	 reps = table: 0x07d47878  {1:1}
	 j = number: 1
	 effects = table: 0x08849450  {1:table: 0x08849490, 2:table: 0x08a0b700, 3:table: 0x08684460}
(9) Lua field 'calculate_main_scoring' at Steamodded file 'src/utils.lua:1924' 
	Local variables:
	 context = table: 0x07b6f078  {other_card:table: 0x0803de88, poker_hands:table: 0x08267d70, individual:true, scoring_name:Straight, scoring_hand:table: 0x08247108, full_hand:table: 0x082d17e8 (more...)}
	 scoring_hand = table: 0x08247108  {1:table: 0x0803de88, 2:table: 0x07be3450, 3:table: 0x07bfc550, 4:table: 0x07a3cc48, 5:table: 0x080090f0}
	 (for generator) = C function: builtin#6
	 (for state) = table: 0x082d17e8  {1:table: 0x0803de88, 2:table: 0x07be3450, 3:table: 0x07bfc550, 4:table: 0x07a3cc48, 5:table: 0x080090f0}
	 (for control) = number: 1
	 _ = number: 1
	 card = table: 0x0803de88  {role:table: 0x08266560, zoom:true, click_offset:table: 0x083046d0, under_overlay:false, children:table: 0x08158d58, ambient_tilt:0.2, parent:table: 0x082d0fa8 (more...)}
	 in_scoring = boolean: true
(10) Lua field 'evaluate_play' at file 'functions/state_events.lua:614'
	Local variables:
	 e = nil
	 text = string: "Straight"
	 disp_text = string: "Straight"
	 poker_hands = table: 0x08267d70  {Flush House:table: 0x081de0f8, Full House:table: 0x07d31748, top:table: 0x081dc918, Flush:table: 0x080f0038, Pair:table: 0x07c0a440, Four of a Kind:table: 0x081e62e0 (more...)}
	 scoring_hand = table: 0x08247108  {1:table: 0x0803de88, 2:table: 0x07be3450, 3:table: 0x07bfc550, 4:table: 0x07a3cc48, 5:table: 0x080090f0}
	 non_loc_disp_text = string: "Straight"
	 final_scoring_hand = table: 0x08247108  {1:table: 0x0803de88, 2:table: 0x07be3450, 3:table: 0x07bfc550, 4:table: 0x07a3cc48, 5:table: 0x080090f0}
	 hand_text_set = boolean: false
	 modded = nil
	 (for generator) = C function: builtin#6
	 (for state) = table: 0x07b6f050  {1:table: 0x082d0fa8, 2:table: 0x082d0700}
	 (for control) = number: 1
	 _ = number: 1
	 v = table: 0x082d0fa8  {click_offset:table: 0x082d1108, static_rotation:false, shuffle_amt:0, T:table: 0x082d10e0, offset:table: 0x082d16c8, role:table: 0x082d14f8, last_aligned:-1 (more...)}
(11) Lua field 'func' at file 'functions/state_events.lua:482'
(12) Lua method 'handle' at file 'engine/event.lua:99'
	Local variables:
	 self = table: 0x083a09c8  {start_timer:true, timer:TOTAL, blockable:true, trigger:immediate, func:function: 0x07e6c8d8, delay:0, complete:false, time:40.086338168305, blocking:true (more...)}
	 _results = table: 0x0836d3a8  {blocking:true, pause_skip:false, time_done:false, completed:false}
(13) Lua method 'update' at file 'engine/event.lua:182'
	Local variables:
	 self = table: 0x07fb3a30  {queue_last_processed:18.216666666667, queues:table: 0x07fb3a58, queue_dt:0.016666666666667, queue_timer:18.467347569364}
	 dt = number: 0.0166644
	 forced = nil
	 (for generator) = C function: next
	 (for state) = table: 0x07fb3a58  {unlock:table: 0x07fb3b48, other:table: 0x07fb3be8, tutorial:table: 0x07fb3b98, base:table: 0x07fb3b70, achievement:table: 0x07fb3bc0}
	 (for control) = number: nan
	 k = string: "base"
	 v = table: 0x07fb3b70  {1:table: 0x082d2538, 2:table: 0x083a09c8, 3:table: 0x0837fbe0, 4:table: 0x07fb3088, 5:table: 0x081a6b70, 6:table: 0x07e1d160, 7:table: 0x07de1e50 (more...)}
	 blocked = boolean: false
	 i = number: 2
	 results = table: 0x0836d3a8  {blocking:true, pause_skip:false, time_done:false, completed:false}
(14) Lua upvalue 'gameUpdateRef' at file 'game.lua:2552'
	Local variables:
	 self = table: 0x07a72af0  {F_GUIDE:false, F_CRASH_REPORTS:false, F_QUIT_BUTTON:true, HUD_tags:table: 0x0806cd90, F_ENGLISH_ONLY:false, viewed_stake:1, HUD:table: 0x08379508 (more...)}
	 dt = number: 0.0166644
	 http_resp = nil
(15) Lua method 'update' at Steamodded file 'src/ui.lua:84' 
	Local variables:
	 self = table: 0x07a72af0  {F_GUIDE:false, F_CRASH_REPORTS:false, F_QUIT_BUTTON:true, HUD_tags:table: 0x0806cd90, F_ENGLISH_ONLY:false, viewed_stake:1, HUD:table: 0x08379508 (more...)}
	 dt = number: 0.0166644
(16) Lua field 'update' at file 'main.lua:999'
	Local variables:
	 dt = number: 0.0166644
(17) Lua function '?' at file 'main.lua:938' (best guess)
(18) global C function 'xpcall'
(19) LÖVE function at file 'boot.lua:377' (best guess)
	Local variables:
	 func = Lua function '?' (defined at line 909 of chunk main.lua)
	 inerror = boolean: true
	 deferErrhand = Lua function '(LÖVE Function)' (defined at line 348 of chunk [love "boot.lua"])
	 earlyinit = Lua function '(LÖVE Function)' (defined at line 355 of chunk [love "boot.lua"])
 
INFO - [G] file not found: main.lua: No such file or directory
INFO - [G] file not found: main.lua: No such file or directory
INFO - [G] 2025-09-24 18:31:25 :: INFO  :: StackTrace :: Additional Context:
Balatro Version: 1.0.1o-FULL
Modded Version: 1.0.0~BETA-0711a-STEAMODDED
LÖVE Version: 11.5.0
Lovely Version: 0.8.0
Platform: Windows
Steamodded Mods:
    1: Super Auto Jokers by Equi [ID: SuperAutoJokers, Version: 1.0.0]
    2: DebugPlus by WilsontheWolf [ID: DebugPlus, Version: 1.5.1, Uses Lovely]
Lovely Mods: 
