INFO - [♥] Lovely 0.8.0
INFO - [♥] Game directory is at "C:\\Program Files (x86)\\Steam\\steamapps\\common\\Balatro"
INFO - [♥] Writing logs to "C:\\Users\\PC\\AppData\\Roaming\\Balatro\\Mods\\lovely\\log"
INFO - [♥] Using mod directory at "C:\\Users\\PC\\AppData\\Roaming\\Balatro\\Mods"
INFO - [♥] Cleaning up dumps directory at "C:\\Users\\PC\\AppData\\Roaming\\Balatro\\Mods\\lovely\\dump"
INFO - [♥] Initialization complete in 62ms
INFO - [♥] Applied 1 patch to 'conf.lua'
INFO - [♥] Applied 11 patches to 'main.lua'
INFO - [♥] Applied 10 patches to 'engine/controller.lua'
INFO - [♥] Applied 15 patches to 'back.lua'
INFO - [♥] Applied 7 patches to 'tag.lua'
INFO - [♥] Applied 2 patches to 'engine/moveable.lua'
INFO - [♥] Applied 2 patches to 'engine/sprite.lua'
INFO - [♥] Applied 2 patches to 'engine/animatedsprite.lua'
INFO - [♥] Applied 67 patches to 'functions/misc_functions.lua'
INFO - [♥] Applied 40 patches to 'game.lua'
INFO - [♥] Applied 1 patch to 'globals.lua'
INFO - [♥] Applied 5 patches to 'engine/ui.lua'
INFO - [♥] Applied 95 patches to 'functions/UI_definitions.lua'
INFO - [♥] Applied 49 patches to 'functions/state_events.lua'
INFO - [♥] Applied 117 patches to 'functions/common_events.lua'
INFO - [♥] Applied 51 patches to 'functions/button_callbacks.lua'
INFO - [♥] Applied 186 patches to 'card.lua'
INFO - [♥] Applied 10 patches to 'cardarea.lua'
INFO - [♥] Applied 37 patches to 'blind.lua'
INFO - [♥] Applied 2 patches to 'engine/text.lua'
INFO - [G] Failed to connect to the debug server 
INFO - [G] 2025-09-24 18:41:53 :: DEBUG :: DebugConsole :: Steamodded Debug Socket started ! 
INFO - [G] 2025-09-24 18:41:53 :: INFO  :: SMODS :: Steamodded v1.0.0~BETA-0711a 
INFO - [♥] Applied 9 patches to 'engine/sound_manager.lua'
INFO - [♥] Applied 1 patch to 'engine/save_manager.lua'
INFO - [G] 2025-09-24 18:41:56 :: INFO  :: Loader :: Valid JSON file found 
INFO - [G] 2025-09-24 18:41:56 :: INFO  :: Loader :: Valid JSON file found 
INFO - [G] 2025-09-24 18:41:56 :: WARN  :: Joker :: Cannot take ownership of j_mail-in_rebate: Does not exist. 
INFO - [G] 2025-09-24 18:41:56 :: INFO  :: TIMER :: [0000] Injected Fonts in 0.002 ms 
INFO - [G] 2025-09-24 18:41:56 :: INFO  :: TIMER :: [0000] Injected Language in 0.001 ms 
INFO - [G] 2025-09-24 18:41:56 :: INFO  :: TIMER :: [0000] Injected [INTERNAL] in 3.193 ms 
INFO - [G] 2025-09-24 18:41:56 :: INFO  :: TIMER :: [0003] Injected Atlas in 405.698 ms 
INFO - [G] 2025-09-24 18:41:56 :: INFO  :: TIMER :: [0001] Injected Sound in 1.032 ms 
INFO - [G] 2025-09-24 18:41:56 :: INFO  :: TIMER :: [0008] Injected Stake in 0.213 ms 
INFO - [G] 2025-09-24 18:41:56 :: INFO  :: TIMER :: [0004] Injected Rarity in 0.037 ms 
INFO - [G] 2025-09-24 18:41:56 :: INFO  :: TIMER :: [0004] Injected ObjectType in 0.072 ms 
INFO - [G] 2025-09-24 18:41:56 :: INFO  :: TIMER :: [0070] Injected Center in 1.167 ms 
INFO - [G] 2025-09-24 18:41:56 :: INFO  :: TIMER :: [0007] Injected Undiscovered Sprite in 0.028 ms 
INFO - [G] 2025-09-24 18:41:56 :: INFO  :: TIMER :: [0002] Injected Blind in 0.027 ms 
INFO - [G] 2025-09-24 18:41:56 :: INFO  :: TIMER :: [0004] Injected Seal in 0.373 ms 
INFO - [G] 2025-09-24 18:41:56 :: INFO  :: TIMER :: [0004] Injected Suit in 0.102 ms 
INFO - [G] 2025-09-24 18:41:56 :: INFO  :: TIMER :: [0013] Injected Rank in 0.579 ms 
INFO - [G] 2025-09-24 18:41:56 :: INFO  :: TIMER :: [0028] Injected DeckSkin in 2.046 ms 
INFO - [G] 2025-09-24 18:41:56 :: INFO  :: TIMER :: [0012] Injected PokerHand in 0.119 ms 
INFO - [G] 2025-09-24 18:41:56 :: INFO  :: TIMER :: [0020] Injected Challenge in 0.054 ms 
INFO - [G] 2025-09-24 18:41:56 :: INFO  :: TIMER :: [0000] Injected Tag in 0.002 ms 
INFO - [G] 2025-09-24 18:41:56 :: INFO  :: TIMER :: [0004] Injected Sticker in 0.183 ms 
INFO - [G] 2025-09-24 18:41:56 :: INFO  :: TIMER :: [0000] Injected Shader in 0.003 ms 
INFO - [G] 2025-09-24 18:41:56 :: INFO  :: TIMER :: [0002] Injected Keybind in 0.040 ms 
INFO - [G] 2025-09-24 18:41:56 :: INFO  :: TIMER :: [0000] Injected Achievement in 0.220 ms 
INFO - [G] 2025-09-24 18:41:57 :: INFO  :: TIMER :: [0002] Injected nil in 0.023 ms 
INFO - [G] 2025-09-24 18:41:57 :: INFO  :: TIMER :: [0021] Injected Draw Step in 0.159 ms 
INFO - [G] 2025-09-24 18:41:57 :: INFO  :: TIMER :: [0000] Injected [INTERNAL] in 1.406 ms 
INFO - [G] [DebugPlus] Press [/] to toggle console and press [shift] + [/] to toggle new log previews 
INFO - [G] line not found
INFO - [G] line not found
INFO - [G] file not found: main.lua: No such file or directory
INFO - [G] file not found: main.lua: No such file or directory
INFO - [G] 2025-09-24 18:42:08 :: ERROR :: StackTrace :: Oops! The game crashed
[SMODS SuperAutoJokers "superautojokers_main.lua"]:455: attempt to index field 'extra' (a number value)
Stack Traceback
===============
(1) Lua upvalue 'orig' at file 'main.lua:612'
	Local variables:
	 msg = string: "[SMODS SuperAutoJokers \"superautojokers_main.lua\"]:455: attempt to index field 'extra' (a number value)"
	 (*temporary) = Lua function '?' (defined at line 31 of chunk [SMODS _ "src/logging.lua"])
	 (*temporary) = string: "Oops! The game crashed\
"
(2) Lua local 'handler' at file 'debugplus/console.lua:606' (from lovely module debugplus.console)
	Local variables:
	 msg = string: "[SMODS SuperAutoJokers \"superautojokers_main.lua\"]:455: attempt to index field 'extra' (a number value)"
(3) LÖVE metamethod at file 'boot.lua:352'
	Local variables:
	 errhand = Lua function '(LÖVE Function)' (defined at line 605 of chunk [lovely debugplus.console "debugplus/console.lua"])
	 handler = Lua function '(LÖVE Function)' (defined at line 605 of chunk [lovely debugplus.console "debugplus/console.lua"])
(4) Lua method 'calculate' at file 'superautojokers_main.lua:455' (from mod with id SuperAutoJokers)
	Local variables:
	 self = table: 0x4041e560  {alerted:true, loc_vars:function: 0x407a8490, atlas:Joker, registered:true, _saved_d_u:true, original_key:8_ball, _discovered_unlocked_overwritten:true (more...)}
	 card = table: 0x400dea38  {click_offset:table: 0x405b5818, under_overlay:false, children:table: 0x402bd110, ambient_tilt:0.2, parent:table: 0x4080d560, pinch:table: 0x401f9930 (more...)}
	 context = table: 0x40e87728  {other_card:table: 0x4085f120, poker_hands:table: 0x40038880, individual:true, scoring_name:Straight, scoring_hand:table: 0x40e5b420, full_hand:table: 0x4085f080 (more...)}
	 (*temporary) = Lua function '?' (defined at line 2595 of chunk [SMODS _ "src/utils.lua"])
	 (*temporary) = table: 0x400dea38  {click_offset:table: 0x405b5818, under_overlay:false, children:table: 0x402bd110, ambient_tilt:0.2, parent:table: 0x4080d560, pinch:table: 0x401f9930 (more...)}
	 (*temporary) = string: "8ball"
	 (*temporary) = number: 1
	 (*temporary) = number: 4
	 (*temporary) = string: "attempt to index field 'extra' (a number value)"
(5) Lua method 'calculate_joker' at file 'card.lua:2555'
	Local variables:
	 self = table: 0x400dea38  {click_offset:table: 0x405b5818, under_overlay:false, children:table: 0x402bd110, ambient_tilt:0.2, parent:table: 0x4080d560, pinch:table: 0x401f9930 (more...)}
	 context = table: 0x40e87728  {other_card:table: 0x4085f120, poker_hands:table: 0x40038880, individual:true, scoring_name:Straight, scoring_hand:table: 0x40e5b420, full_hand:table: 0x4085f080 (more...)}
	 obj = table: 0x4041e560  {alerted:true, loc_vars:function: 0x407a8490, atlas:Joker, registered:true, _saved_d_u:true, original_key:8_ball, _discovered_unlocked_overwritten:true (more...)}
(6) Lua global 'eval_card' at file 'functions/common_events.lua:722'
	Local variables:
	 card = table: 0x400dea38  {click_offset:table: 0x405b5818, under_overlay:false, children:table: 0x402bd110, ambient_tilt:0.2, parent:table: 0x4080d560, pinch:table: 0x401f9930 (more...)}
	 context = table: 0x40e87728  {other_card:table: 0x4085f120, poker_hands:table: 0x40038880, individual:true, scoring_name:Straight, scoring_hand:table: 0x40e5b420, full_hand:table: 0x4085f080 (more...)}
	 ret = table: 0x40e87d70  {}
	 post_trig = table: 0x40e87d98  {}
	 areas = table: 0x40e87dc0  {1:table: 0x4080d560, 2:table: 0x4001d858, 3:table: 0x401dad10}
	 area_set = table: 0x40e87e08  {table: 0x4001d858:true, table: 0x401dad10:true, table: 0x4080d560:true}
(7) Lua field 'calculate_card_areas' at Steamodded file 'src/utils.lua:1720' 
	Local variables:
	 _type = string: "jokers"
	 context = table: 0x40e87728  {other_card:table: 0x4085f120, poker_hands:table: 0x40038880, individual:true, scoring_name:Straight, scoring_hand:table: 0x40e5b420, full_hand:table: 0x4085f080 (more...)}
	 return_table = table: 0x40e878d8  {1:table: 0x40e87918, 2:table: 0x40e87a00, 3:table: 0x40e87bd0}
	 args = table: 0x40e87b38  {main_scoring:true}
	 flags = table: 0x40e87b60  {}
	 (for generator) = C function: builtin#6
	 (for state) = table: 0x40e87b88  {1:table: 0x4080d560, 2:table: 0x4001d858, 3:table: 0x401dad10}
	 (for control) = number: 1
	 _ = number: 1
	 area = table: 0x4080d560  {click_offset:table: 0x4064c4b0, static_rotation:false, shuffle_amt:0, T:table: 0x407e83e8, offset:table: 0x4015d190, role:table: 0x40169500, last_aligned:-1 (more...)}
	 (for generator) = C function: builtin#6
	 (for state) = table: 0x402d9670  {1:table: 0x405c6708, 2:table: 0x400dea38}
	 (for control) = number: 2
	 _ = number: 2
	 _card = table: 0x400dea38  {click_offset:table: 0x405b5818, under_overlay:false, children:table: 0x402bd110, ambient_tilt:0.2, parent:table: 0x4080d560, pinch:table: 0x401f9930 (more...)}
(8) Lua field 'score_card' at Steamodded file 'src/utils.lua:1880' 
	Local variables:
	 card = table: 0x4085f120  {click_offset:table: 0x40588dc0, children:table: 0x4067f730, ambient_tilt:0.2, parent:table: 0x4019cf98, highlighted:false, T:table: 0x4085f338 (more...)}
	 context = table: 0x40e87728  {other_card:table: 0x4085f120, poker_hands:table: 0x40038880, individual:true, scoring_name:Straight, scoring_hand:table: 0x40e5b420, full_hand:table: 0x4085f080 (more...)}
	 reps = table: 0x40e878a0  {1:1}
	 j = number: 1
	 effects = table: 0x40e878d8  {1:table: 0x40e87918, 2:table: 0x40e87a00, 3:table: 0x40e87bd0}
(9) Lua field 'calculate_main_scoring' at Steamodded file 'src/utils.lua:1924' 
	Local variables:
	 context = table: 0x40e87728  {other_card:table: 0x4085f120, poker_hands:table: 0x40038880, individual:true, scoring_name:Straight, scoring_hand:table: 0x40e5b420, full_hand:table: 0x4085f080 (more...)}
	 scoring_hand = table: 0x40e5b420  {1:table: 0x4085f120, 2:table: 0x40685118, 3:table: 0x406940e0, 4:table: 0x408696a0, 5:table: 0x406a0668}
	 (for generator) = C function: builtin#6
	 (for state) = table: 0x4085f080  {1:table: 0x4085f120, 2:table: 0x40685118, 3:table: 0x406940e0, 4:table: 0x408696a0, 5:table: 0x406a0668}
	 (for control) = number: 1
	 _ = number: 1
	 card = table: 0x4085f120  {click_offset:table: 0x40588dc0, children:table: 0x4067f730, ambient_tilt:0.2, parent:table: 0x4019cf98, highlighted:false, T:table: 0x4085f338 (more...)}
	 in_scoring = boolean: true
(10) Lua field 'evaluate_play' at file 'functions/state_events.lua:614'
	Local variables:
	 e = nil
	 text = string: "Straight"
	 disp_text = string: "Straight"
	 poker_hands = table: 0x40038880  {Flush House:table: 0x40ea4d98, Full House:table: 0x40ea4df8, top:table: 0x40ea4fa0, Flush:table: 0x407b9938, Pair:table: 0x40237c88, Four of a Kind:table: 0x408d1ec8 (more...)}
	 scoring_hand = table: 0x40e5b420  {1:table: 0x4085f120, 2:table: 0x40685118, 3:table: 0x406940e0, 4:table: 0x408696a0, 5:table: 0x406a0668}
	 non_loc_disp_text = string: "Straight"
	 final_scoring_hand = table: 0x40e5b420  {1:table: 0x4085f120, 2:table: 0x40685118, 3:table: 0x406940e0, 4:table: 0x408696a0, 5:table: 0x406a0668}
	 hand_text_set = boolean: false
	 modded = nil
	 (for generator) = C function: builtin#6
	 (for state) = table: 0x40e87700  {1:table: 0x4019cf98, 2:table: 0x405b6a28}
	 (for control) = number: 1
	 _ = number: 1
	 v = table: 0x4019cf98  {click_offset:table: 0x4091fb88, static_rotation:false, shuffle_amt:0, T:table: 0x406ba078, offset:table: 0x40082878, role:table: 0x408f7b90, last_aligned:-1 (more...)}
(11) Lua field 'func' at file 'functions/state_events.lua:482'
(12) Lua method 'handle' at file 'engine/event.lua:99'
	Local variables:
	 self = table: 0x4057d0d0  {start_timer:true, timer:TOTAL, blockable:true, trigger:immediate, func:function: 0x40d01d80, delay:0, complete:false, time:28.363200793659, blocking:true (more...)}
	 _results = table: 0x40943800  {blocking:true, pause_skip:false, time_done:false, completed:false}
(13) Lua method 'update' at file 'engine/event.lua:182'
	Local variables:
	 self = table: 0x405755e8  {queue_last_processed:10.95, queues:table: 0x40575610, queue_dt:0.016666666666667, queue_timer:11.282745489409}
	 dt = number: 0.0167318
	 forced = nil
	 (for generator) = C function: next
	 (for state) = table: 0x40575610  {unlock:table: 0x4057b810, other:table: 0x4057b8b0, tutorial:table: 0x4057b860, base:table: 0x4057b838, achievement:table: 0x4057b888}
	 (for control) = number: nan
	 k = string: "base"
	 v = table: 0x4057b838  {1:table: 0x402d9648, 2:table: 0x4057d0d0, 3:table: 0x402010a8, 4:table: 0x40671c88, 5:table: 0x40038858, 6:table: 0x4072b688, 7:table: 0x4072bb20 (more...)}
	 blocked = boolean: false
	 i = number: 2
	 results = table: 0x40943800  {blocking:true, pause_skip:false, time_done:false, completed:false}
(14) Lua upvalue 'gameUpdateRef' at file 'game.lua:2552'
	Local variables:
	 self = table: 0x4002b140  {F_GUIDE:false, F_CRASH_REPORTS:false, F_QUIT_BUTTON:true, HUD_tags:table: 0x40d13230, F_ENGLISH_ONLY:false, viewed_stake:1, HUD:table: 0x4050f570 (more...)}
	 dt = number: 0.0167318
	 http_resp = nil
(15) Lua method 'update' at Steamodded file 'src/ui.lua:84' 
	Local variables:
	 self = table: 0x4002b140  {F_GUIDE:false, F_CRASH_REPORTS:false, F_QUIT_BUTTON:true, HUD_tags:table: 0x40d13230, F_ENGLISH_ONLY:false, viewed_stake:1, HUD:table: 0x4050f570 (more...)}
	 dt = number: 0.0167318
(16) Lua field 'update' at file 'main.lua:999'
	Local variables:
	 dt = number: 0.0167318
(17) Lua function '?' at file 'main.lua:938' (best guess)
(18) global C function 'xpcall'
(19) LÖVE function at file 'boot.lua:377' (best guess)
	Local variables:
	 func = Lua function '?' (defined at line 909 of chunk main.lua)
	 inerror = boolean: true
	 deferErrhand = Lua function '(LÖVE Function)' (defined at line 348 of chunk [love "boot.lua"])
	 earlyinit = Lua function '(LÖVE Function)' (defined at line 355 of chunk [love "boot.lua"])
 
INFO - [G] line not found
INFO - [G] file not found: main.lua: No such file or directory
INFO - [G] file not found: main.lua: No such file or directory
INFO - [G] 2025-09-24 18:42:08 :: INFO  :: StackTrace :: Additional Context:
Balatro Version: 1.0.1o-FULL
Modded Version: 1.0.0~BETA-0711a-STEAMODDED
LÖVE Version: 11.5.0
Lovely Version: 0.8.0
Platform: Windows
Steamodded Mods:
    1: Super Auto Jokers by Equi [ID: SuperAutoJokers, Version: 1.0.0]
    2: DebugPlus by WilsontheWolf [ID: DebugPlus, Version: 1.5.1, Uses Lovely]
Lovely Mods: 
