INFO - [♥] Lovely 0.8.0
INFO - [♥] Game directory is at "C:\\Program Files (x86)\\Steam\\steamapps\\common\\Balatro"
INFO - [♥] Writing logs to "C:\\Users\\PC\\AppData\\Roaming\\Balatro\\Mods\\lovely\\log"
INFO - [♥] Using mod directory at "C:\\Users\\PC\\AppData\\Roaming\\Balatro\\Mods"
INFO - [♥] Cleaning up dumps directory at "C:\\Users\\PC\\AppData\\Roaming\\Balatro\\Mods\\lovely\\dump"
INFO - [♥] Initialization complete in 113ms
INFO - [♥] Applied 1 patch to 'conf.lua'
INFO - [♥] Applied 11 patches to 'main.lua'
INFO - [♥] Applied 10 patches to 'engine/controller.lua'
INFO - [♥] Applied 15 patches to 'back.lua'
INFO - [♥] Applied 7 patches to 'tag.lua'
INFO - [♥] Applied 2 patches to 'engine/moveable.lua'
INFO - [♥] Applied 2 patches to 'engine/sprite.lua'
INFO - [♥] Applied 2 patches to 'engine/animatedsprite.lua'
INFO - [♥] Applied 67 patches to 'functions/misc_functions.lua'
INFO - [♥] Applied 40 patches to 'game.lua'
INFO - [♥] Applied 1 patch to 'globals.lua'
INFO - [♥] Applied 5 patches to 'engine/ui.lua'
INFO - [♥] Applied 95 patches to 'functions/UI_definitions.lua'
INFO - [♥] Applied 49 patches to 'functions/state_events.lua'
INFO - [♥] Applied 117 patches to 'functions/common_events.lua'
INFO - [♥] Applied 51 patches to 'functions/button_callbacks.lua'
INFO - [♥] Applied 186 patches to 'card.lua'
INFO - [♥] Applied 10 patches to 'cardarea.lua'
INFO - [♥] Applied 37 patches to 'blind.lua'
INFO - [♥] Applied 2 patches to 'engine/text.lua'
INFO - [G] Failed to connect to the debug server 
INFO - [G] 2025-09-21 16:26:54 :: DEBUG :: DebugConsole :: Steamodded Debug Socket started ! 
INFO - [G] 2025-09-21 16:26:54 :: INFO  :: SMODS :: Steamodded v1.0.0~BETA-0711a 
INFO - [♥] Applied 1 patch to 'engine/save_manager.lua'
INFO - [♥] Applied 9 patches to 'engine/sound_manager.lua'
INFO - [G] 2025-09-21 16:27:01 :: INFO  :: Loader :: Valid JSON file found 
INFO - [G] 2025-09-21 16:27:01 :: INFO  :: Loader :: Valid JSON file found 
INFO - [G] 2025-09-21 16:27:01 :: INFO  :: TIMER :: [0000] Injected Fonts in 0.001 ms 
INFO - [G] 2025-09-21 16:27:01 :: INFO  :: TIMER :: [0000] Injected Language in 0.023 ms 
INFO - [G] 2025-09-21 16:27:01 :: INFO  :: TIMER :: [0000] Injected [INTERNAL] in 2.472 ms 
INFO - [G] 2025-09-21 16:27:01 :: INFO  :: TIMER :: [0003] Injected Atlas in 404.056 ms 
INFO - [G] 2025-09-21 16:27:01 :: INFO  :: TIMER :: [0001] Injected Sound in 0.889 ms 
INFO - [G] 2025-09-21 16:27:01 :: INFO  :: TIMER :: [0008] Injected Stake in 0.390 ms 
INFO - [G] 2025-09-21 16:27:01 :: INFO  :: TIMER :: [0004] Injected Rarity in 0.035 ms 
INFO - [G] 2025-09-21 16:27:01 :: INFO  :: TIMER :: [0004] Injected ObjectType in 0.052 ms 
INFO - [G] 2025-09-21 16:27:02 :: INFO  :: TIMER :: [0068] Injected Center in 0.994 ms 
INFO - [G] 2025-09-21 16:27:02 :: INFO  :: TIMER :: [0007] Injected Undiscovered Sprite in 0.064 ms 
INFO - [G] 2025-09-21 16:27:02 :: INFO  :: TIMER :: [0002] Injected Blind in 0.025 ms 
INFO - [G] 2025-09-21 16:27:02 :: INFO  :: TIMER :: [0004] Injected Seal in 0.392 ms 
INFO - [G] 2025-09-21 16:27:02 :: INFO  :: TIMER :: [0004] Injected Suit in 0.147 ms 
INFO - [G] 2025-09-21 16:27:02 :: INFO  :: TIMER :: [0013] Injected Rank in 0.148 ms 
INFO - [G] 2025-09-21 16:27:02 :: INFO  :: TIMER :: [0028] Injected DeckSkin in 0.622 ms 
INFO - [G] 2025-09-21 16:27:02 :: INFO  :: TIMER :: [0012] Injected PokerHand in 0.171 ms 
INFO - [G] 2025-09-21 16:27:02 :: INFO  :: TIMER :: [0020] Injected Challenge in 0.482 ms 
INFO - [G] 2025-09-21 16:27:02 :: INFO  :: TIMER :: [0000] Injected Tag in 0.002 ms 
INFO - [G] 2025-09-21 16:27:02 :: INFO  :: TIMER :: [0004] Injected Sticker in 0.111 ms 
INFO - [G] 2025-09-21 16:27:02 :: INFO  :: TIMER :: [0000] Injected Shader in 0.002 ms 
INFO - [G] 2025-09-21 16:27:02 :: INFO  :: TIMER :: [0002] Injected Keybind in 0.021 ms 
INFO - [G] 2025-09-21 16:27:02 :: INFO  :: TIMER :: [0000] Injected Achievement in 0.086 ms 
INFO - [G] 2025-09-21 16:27:02 :: INFO  :: TIMER :: [0002] Injected nil in 0.024 ms 
INFO - [G] 2025-09-21 16:27:02 :: INFO  :: TIMER :: [0021] Injected Draw Step in 0.294 ms 
INFO - [G] 2025-09-21 16:27:02 :: INFO  :: TIMER :: [0000] Injected [INTERNAL] in 0.869 ms 
INFO - [G] [DebugPlus] Press [/] to toggle console and press [shift] + [/] to toggle new log previews 
INFO - [G] line not found
INFO - [G] file not found: main.lua: No such file or directory
INFO - [G] file not found: main.lua: No such file or directory
INFO - [G] 2025-09-21 16:27:25 :: ERROR :: StackTrace :: Oops! The game crashed
[SMODS _ "src/utils.lua"]:959: attempt to index field 'ability' (a nil value)
Stack Traceback
===============
(1) Lua upvalue 'orig' at file 'main.lua:612'
	Local variables:
	 msg = string: "[SMODS _ \"src/utils.lua\"]:959: attempt to index field 'ability' (a nil value)"
	 (*temporary) = Lua function '?' (defined at line 31 of chunk [SMODS _ "src/logging.lua"])
	 (*temporary) = string: "Oops! The game crashed\
"
(2) Lua local 'handler' at file 'debugplus/console.lua:606' (from lovely module debugplus.console)
	Local variables:
	 msg = string: "[SMODS _ \"src/utils.lua\"]:959: attempt to index field 'ability' (a nil value)"
(3) LÖVE metamethod at file 'boot.lua:352'
	Local variables:
	 errhand = Lua function '(LÖVE Function)' (defined at line 605 of chunk [lovely debugplus.console "debugplus/console.lua"])
	 handler = Lua function '(LÖVE Function)' (defined at line 605 of chunk [lovely debugplus.console "debugplus/console.lua"])
(4) Lua field 'get_enhancements' at Steamodded file 'src/utils.lua:959' 
	Local variables:
	 card = table: 0x327a0518  {get_chip_x_bonus:function: 0x327a3ae8, should_hide_front:function: 0x3268d128, set_base:function: 0x327a3798, set_card_area:function: 0x32553dc0 (more...)}
	 extra_only = nil
	 (*temporary) = nil
	 (*temporary) = string: "chips1"
	 (*temporary) = number: 1
	 (*temporary) = string: "before"
	 (*temporary) = nil
	 (*temporary) = nil
	 (*temporary) = string: "tm"
	 (*temporary) = number: -0.137561
	 (*temporary) = table: 0x3337c0f8  {}
	 (*temporary) = number: 0.75
	 (*temporary) = table: 0x325a0da8  {1:0, 2:0.6156862745098, 3:1, 4:1}
	 (*temporary) = nil
	 (*temporary) = number: 8.93573e-66
	 (*temporary) = table: 0x32ab67e8  {queue_last_processed:22.833333333333, queues:table: 0x32ab6810, queue_dt:0.016666666666667, queue_timer:23.049508276609}
	 (*temporary) = table: 0x333d1ca0  {start_timer:false, timer:TOTAL, blockable:true, trigger:before, func:function: 0x32a904d0, delay:0.75, complete:false, time:54.264110749758, blocking:true (more...)}
	 (*temporary) = string: "base"
	 (*temporary) = nil
	 (*temporary) = table: 0x32abc2f8  {1:table: 0x32ba1d78, 2:table: 0x32bf5f90, 3:table: 0x32b05770, 4:table: 0x33560e10, 5:table: 0x33560090, 6:table: 0x32afc728, 7:table: 0x32ea0018 (more...)}
	 (*temporary) = string: "attempt to index field 'ability' (a nil value)"
(5) Lua field 'has_no_rank' at Steamodded file 'src/utils.lua:1063' 
	Local variables:
	 card = table: 0x327a0518  {get_chip_x_bonus:function: 0x327a3ae8, should_hide_front:function: 0x3268d128, set_base:function: 0x327a3798, set_card_area:function: 0x32553dc0 (more...)}
	 (*temporary) = C function: pairs
(6) Lua upvalue 'card_get_id_ref' at file 'card.lua:1146'
	Local variables:
	 self = table: 0x327a0518  {get_chip_x_bonus:function: 0x327a3ae8, should_hide_front:function: 0x3268d128, set_base:function: 0x327a3798, set_card_area:function: 0x32553dc0 (more...)}
(7) Lua method 'get_id' at file 'superautojokers_main.lua:427' (from mod with id SuperAutoJokers)
	Local variables:
	 self = table: 0x327a0518  {get_chip_x_bonus:function: 0x327a3ae8, should_hide_front:function: 0x3268d128, set_base:function: 0x327a3798, set_card_area:function: 0x32553dc0 (more...)}
(8) Lua method 'is_six' at file 'superautojokers_main.lua:384' (from mod with id SuperAutoJokers)
	Local variables:
	 self = table: 0x327a0518  {get_chip_x_bonus:function: 0x327a3ae8, should_hide_front:function: 0x3268d128, set_base:function: 0x327a3798, set_card_area:function: 0x32553dc0 (more...)}
(9) Lua method 'calculate_joker' at file 'superautojokers_main.lua:401' (from mod with id SuperAutoJokers)
	Local variables:
	 self = table: 0x3284a1e8  {click_offset:table: 0x329624b8, static_rotation:false, ambient_tilt:0.2, parent:table: 0x32df1310, T:table: 0x324cc6b0, last_aligned:-1, extra_cost:0 (more...)}
	 context = table: 0x32c06b48  {destroying_card:table: 0x32ac84a0, main_eval:true, poker_hands:table: 0x32b206f8, scoring_name:High Card, scoring_hand:table: 0x32c45f78, full_hand:table: 0x32946d58 (more...)}
(10) Lua global 'eval_card' at file 'functions/common_events.lua:722'
	Local variables:
	 card = table: 0x3284a1e8  {click_offset:table: 0x329624b8, static_rotation:false, ambient_tilt:0.2, parent:table: 0x32df1310, T:table: 0x324cc6b0, last_aligned:-1, extra_cost:0 (more...)}
	 context = table: 0x32c06b48  {destroying_card:table: 0x32ac84a0, main_eval:true, poker_hands:table: 0x32b206f8, scoring_name:High Card, scoring_hand:table: 0x32c45f78, full_hand:table: 0x32946d58 (more...)}
	 ret = table: 0x33467978  {}
	 post_trig = table: 0x334679a0  {}
	 areas = table: 0x331b1460  {1:table: 0x32df1310, 2:table: 0x32df0a00, 3:table: 0x3277b7b0}
	 area_set = table: 0x331c93a0  {table: 0x32df1310:true, table: 0x3277b7b0:true, table: 0x32df0a00:true}
(11) Lua field 'calculate_card_areas' at Steamodded file 'src/utils.lua:1720' 
	Local variables:
	 _type = string: "jokers"
	 context = table: 0x32c06b48  {destroying_card:table: 0x32ac84a0, main_eval:true, poker_hands:table: 0x32b206f8, scoring_name:High Card, scoring_hand:table: 0x32c45f78, full_hand:table: 0x32946d58 (more...)}
	 return_table = nil
	 args = table: 0x334678e0  {has_area:true, joker_area:true}
	 flags = table: 0x33467908  {}
	 (for generator) = C function: builtin#6
	 (for state) = table: 0x33467930  {1:table: 0x32df1310, 2:table: 0x32df0a00, 3:table: 0x3277b7b0}
	 (for control) = number: 1
	 _ = number: 1
	 area = table: 0x32df1310  {click_offset:table: 0x32df1470, static_rotation:false, shuffle_amt:0, T:table: 0x32df1448, offset:table: 0x32df1a30, role:table: 0x32df1860, last_aligned:-1 (more...)}
	 (for generator) = C function: builtin#6
	 (for state) = table: 0x32df1b50  {1:table: 0x3284a1e8}
	 (for control) = number: 1
	 _ = number: 1
	 _card = table: 0x3284a1e8  {click_offset:table: 0x329624b8, static_rotation:false, ambient_tilt:0.2, parent:table: 0x32df1310, T:table: 0x324cc6b0, last_aligned:-1, extra_cost:0 (more...)}
(12) Lua field 'calculate_context' at Steamodded file 'src/utils.lua:1836' 
	Local variables:
	 context = table: 0x32c06b48  {destroying_card:table: 0x32ac84a0, main_eval:true, poker_hands:table: 0x32b206f8, scoring_name:High Card, scoring_hand:table: 0x32c45f78, full_hand:table: 0x32946d58 (more...)}
	 return_table = nil
	 no_resolve = nil
	 has_area = boolean: true
	 flags = table: 0x334678b8  {}
	 (*temporary) = number: 1
(13) Lua field 'calculate_destroying_cards' at Steamodded file 'src/utils.lua:1998' 
	Local variables:
	 context = table: 0x32c06b48  {destroying_card:table: 0x32ac84a0, main_eval:true, poker_hands:table: 0x32b206f8, scoring_name:High Card, scoring_hand:table: 0x32c45f78, full_hand:table: 0x32946d58 (more...)}
	 cards_destroyed = table: 0x32c06ad0  {}
	 scoring_hand = table: 0x32c45f78  {1:table: 0x32ac84a0}
	 (for generator) = C function: builtin#6
	 (for state) = table: 0x32946d58  {1:table: 0x32ac84a0}
	 (for control) = number: 1
	 i = number: 1
	 card = table: 0x32ac84a0  {click_offset:table: 0x32c82b08, rank:1, children:table: 0x32c516c8, ambient_tilt:0.2, parent:table: 0x32e68380, highlighted:false, T:table: 0x32ac84c8 (more...)}
	 destroyed = nil
	 in_scoring = boolean: true
(14) Lua field 'evaluate_play' at file 'functions/state_events.lua:708'
	Local variables:
	 e = nil
	 text = string: "High Card"
	 disp_text = string: "High Card"
	 poker_hands = table: 0x32b206f8  {Flush House:table: 0x327729b0, Full House:table: 0x32d688f8, top:table: 0x327729d8, Flush:table: 0x32ed9d90, Pair:table: 0x32bb1708, Four of a Kind:table: 0x325d4bf0 (more...)}
	 scoring_hand = table: 0x32c45f78  {1:table: 0x32ac84a0}
	 non_loc_disp_text = string: "High Card"
	 final_scoring_hand = table: 0x32c45f78  {1:table: 0x32ac84a0}
	 hand_text_set = boolean: false
	 modded = nil
	 nu_chip = nil
	 nu_mult = nil
	 cards_destroyed = table: 0x32c06ad0  {}
	 (for generator) = C function: builtin#6
	 (for state) = table: 0x32c06b20  {1:table: 0x32e68380, 2:table: 0x32b08c00}
	 (for control) = number: 1
	 _ = number: 1
	 v = table: 0x32e68380  {click_offset:table: 0x3258c8c0, static_rotation:false, shuffle_amt:0, T:table: 0x32481120, offset:table: 0x32953508, role:table: 0x32c7ac48, last_aligned:-1 (more...)}
(15) Lua field 'func' at file 'functions/state_events.lua:482'
(16) Lua method 'handle' at file 'engine/event.lua:99'
	Local variables:
	 self = table: 0x32b05770  {start_timer:true, timer:TOTAL, blockable:true, trigger:immediate, func:function: 0x33439e20, delay:0, complete:false, time:54.264110749758, blocking:true (more...)}
	 _results = table: 0x32e88ff0  {blocking:true, pause_skip:false, time_done:false, completed:false}
(17) Lua method 'update' at file 'engine/event.lua:182'
	Local variables:
	 self = table: 0x32ab67e8  {queue_last_processed:22.833333333333, queues:table: 0x32ab6810, queue_dt:0.016666666666667, queue_timer:23.049508276609}
	 dt = number: 0.0165303
	 forced = nil
	 (for generator) = C function: next
	 (for state) = table: 0x32ab6810  {unlock:table: 0x32abc2d0, other:table: 0x32abc370, tutorial:table: 0x32abc320, base:table: 0x32abc2f8, achievement:table: 0x32abc348}
	 (for control) = number: nan
	 k = string: "base"
	 v = table: 0x32abc2f8  {1:table: 0x32ba1d78, 2:table: 0x32bf5f90, 3:table: 0x32b05770, 4:table: 0x33560e10, 5:table: 0x33560090, 6:table: 0x32afc728, 7:table: 0x32ea0018 (more...)}
	 blocked = boolean: false
	 i = number: 3
	 results = table: 0x32e88ff0  {blocking:true, pause_skip:false, time_done:false, completed:false}
(18) Lua upvalue 'gameUpdateRef' at file 'game.lua:2552'
	Local variables:
	 self = table: 0x3259b060  {F_GUIDE:false, F_CRASH_REPORTS:false, F_QUIT_BUTTON:true, HUD_tags:table: 0x32eb2cb0, F_ENGLISH_ONLY:false, viewed_stake:1, HUD:table: 0x331b6028 (more...)}
	 dt = number: 0.0165303
	 http_resp = nil
(19) Lua method 'update' at Steamodded file 'src/ui.lua:84' 
	Local variables:
	 self = table: 0x3259b060  {F_GUIDE:false, F_CRASH_REPORTS:false, F_QUIT_BUTTON:true, HUD_tags:table: 0x32eb2cb0, F_ENGLISH_ONLY:false, viewed_stake:1, HUD:table: 0x331b6028 (more...)}
	 dt = number: 0.0165303
(20) Lua field 'update' at file 'main.lua:999'
	Local variables:
	 dt = number: 0.0165303
(21) Lua function '?' at file 'main.lua:938' (best guess)
(22) global C function 'xpcall'
(23) LÖVE function at file 'boot.lua:377' (best guess)
	Local variables:
	 func = Lua function '?' (defined at line 909 of chunk main.lua)
	 inerror = boolean: true
	 deferErrhand = Lua function '(LÖVE Function)' (defined at line 348 of chunk [love "boot.lua"])
	 earlyinit = Lua function '(LÖVE Function)' (defined at line 355 of chunk [love "boot.lua"])
 
INFO - [G] file not found: main.lua: No such file or directory
INFO - [G] file not found: main.lua: No such file or directory
INFO - [G] 2025-09-21 16:27:25 :: INFO  :: StackTrace :: Additional Context:
Balatro Version: 1.0.1o-FULL
Modded Version: 1.0.0~BETA-0711a-STEAMODDED
LÖVE Version: 11.5.0
Lovely Version: 0.8.0
Platform: Windows
Steamodded Mods:
    1: Super Auto Jokers by Equi [ID: SuperAutoJokers, Version: 1.0.0]
    2: DebugPlus by WilsontheWolf [ID: DebugPlus, Version: 1.5.1, Uses Lovely]
Lovely Mods: 
