INFO - [♥] Lovely 0.8.0
INFO - [♥] Game directory is at "C:\\Program Files (x86)\\Steam\\steamapps\\common\\Balatro"
INFO - [♥] Writing logs to "C:\\Users\\PC\\AppData\\Roaming\\Balatro\\Mods\\lovely\\log"
INFO - [♥] Using mod directory at "C:\\Users\\PC\\AppData\\Roaming\\Balatro\\Mods"
INFO - [♥] Cleaning up dumps directory at "C:\\Users\\PC\\AppData\\Roaming\\Balatro\\Mods\\lovely\\dump"
INFO - [♥] Initialization complete in 168ms
INFO - [♥] Applied 10 patches to 'main.lua'
INFO - [♥] Applied 5 patches to 'engine/controller.lua'
INFO - [♥] Applied 16 patches to 'back.lua'
INFO - [♥] Applied 7 patches to 'tag.lua'
INFO - [♥] Applied 3 patches to 'engine/moveable.lua'
INFO - [♥] Applied 2 patches to 'engine/sprite.lua'
INFO - [♥] Applied 2 patches to 'engine/animatedsprite.lua'
INFO - [♥] Applied 68 patches to 'functions/misc_functions.lua'
WARN - [♥] Pattern 'self.GAME.pseudorandom.seed = hash_seed(self.GAME.pseudorandom.seed)' on target 'game.lua' for pattern patch from BalatroMultiplayer\lovely\TheOrder.toml resulted in no matches
INFO - [♥] Applied 44 patches to 'game.lua'
INFO - [♥] Applied 2 patches to 'globals.lua'
INFO - [♥] Applied 5 patches to 'engine/ui.lua'
INFO - [♥] Applied 106 patches to 'functions/UI_definitions.lua'
INFO - [♥] Applied 54 patches to 'functions/state_events.lua'
INFO - [♥] Applied 132 patches to 'functions/common_events.lua'
INFO - [♥] Applied 54 patches to 'functions/button_callbacks.lua'
INFO - [♥] Applied 201 patches to 'card.lua'
INFO - [♥] Applied 12 patches to 'cardarea.lua'
INFO - [♥] Applied 37 patches to 'blind.lua'
INFO - [♥] Applied 2 patches to 'engine/text.lua'
INFO - [♥] Applied 3 patches to '=[SMODS _ "src/utils.lua"]'
INFO - [♥] Applied 1 patch to '=[SMODS _ "src/overrides.lua"]'
INFO - [♥] Applied 1 patch to '=[SMODS _ "src/game_object.lua"]'
INFO - [G] Failed to connect to the debug server
INFO - [G] 2025-08-25 19:18:38 :: DEBUG :: DebugConsole :: Steamodded Debug Socket started !
INFO - [G] 2025-08-25 19:18:38 :: INFO  :: SMODS :: Steamodded v1.0.0~BETA-0711a
INFO - [♥] Applied 9 patches to 'engine/sound_manager.lua'
INFO - [♥] Applied 1 patch to 'engine/save_manager.lua'
INFO - [G] 2025-08-25 19:18:41 :: INFO  :: Loader :: Valid JSON file found
INFO - [G] 2025-08-25 19:18:41 :: TRACE :: Loader :: Processing Mod file (Legacy header): BetterMouseAndGamepad_v1.0.6c.lua
INFO - [G] 2025-08-25 19:18:41 :: TRACE :: Loader :: Saving Mod Info: BetterMouseAndGamepad
INFO - [G] 2025-08-25 19:18:41 :: DEBUG :: MULTIPLAYER :: Resetting lobby options
INFO - [G] 2025-08-25 19:18:41 :: DEBUG :: MULTIPLAYER :: Resetting game states
INFO - [G] 2025-08-25 19:18:41 :: TRACE :: MULTIPLAYER :: Client sent message: connect
INFO - [G] 2025-08-25 19:18:41 :: INFO  :: TIMER :: [0000] Injected Fonts in 0.002 ms
INFO - [G] 2025-08-25 19:18:41 :: INFO  :: TIMER :: [0000] Injected Language in 0.002 ms
INFO - [G] 2025-08-25 19:18:41 :: INFO  :: TIMER :: [0000] Injected [INTERNAL] in 3.328 ms
INFO - [G] 2025-08-25 19:18:42 :: INFO  :: TIMER :: [0021] Injected Atlas in 392.511 ms
INFO - [G] 2025-08-25 19:18:42 :: INFO  :: TIMER :: [0001] Injected Sound in 1.288 ms
INFO - [G] 2025-08-25 19:18:42 :: INFO  :: TIMER :: [0008] Injected Stake in 0.476 ms
INFO - [G] 2025-08-25 19:18:42 :: INFO  :: TIMER :: [0004] Injected Rarity in 0.040 ms
INFO - [G] 2025-08-25 19:18:42 :: INFO  :: TIMER :: [0004] Injected ObjectType in 0.233 ms
INFO - [G] 2025-08-25 19:18:42 :: INFO  :: TIMER :: [0081] Injected Center in 1.090 ms
INFO - [G] 2025-08-25 19:18:42 :: INFO  :: TIMER :: [0007] Injected Undiscovered Sprite in 0.029 ms
INFO - [G] 2025-08-25 19:18:42 :: INFO  :: TIMER :: [0003] Injected Blind in 0.225 ms
INFO - [G] 2025-08-25 19:18:42 :: INFO  :: TIMER :: [0004] Injected Seal in 0.212 ms
INFO - [G] 2025-08-25 19:18:42 :: INFO  :: TIMER :: [0004] Injected Suit in 0.482 ms
INFO - [G] 2025-08-25 19:18:42 :: INFO  :: TIMER :: [0013] Injected Rank in 0.169 ms
INFO - [G] 2025-08-25 19:18:42 :: INFO  :: TIMER :: [0028] Injected DeckSkin in 0.336 ms
INFO - [G] 2025-08-25 19:18:42 :: INFO  :: TIMER :: [0012] Injected PokerHand in 1.120 ms
INFO - [G] 2025-08-25 19:18:42 :: INFO  :: TIMER :: [0034] Injected Challenge in 0.198 ms
INFO - [G] 2025-08-25 19:18:42 :: INFO  :: TIMER :: [0001] Injected Tag in 0.026 ms
INFO - [G] 2025-08-25 19:18:42 :: INFO  :: TIMER :: [0006] Injected Sticker in 0.245 ms
INFO - [G] 2025-08-25 19:18:42 :: INFO  :: TIMER :: [0000] Injected Shader in 0.002 ms
INFO - [G] 2025-08-25 19:18:42 :: INFO  :: TIMER :: [0002] Injected Keybind in 0.029 ms
INFO - [G] 2025-08-25 19:18:42 :: INFO  :: TIMER :: [0000] Injected Achievement in 0.099 ms
INFO - [G] 2025-08-25 19:18:42 :: INFO  :: TIMER :: [0002] Injected nil in 0.107 ms
INFO - [G] 2025-08-25 19:18:42 :: INFO  :: TIMER :: [0022] Injected Draw Step in 1.800 ms
INFO - [G] 2025-08-25 19:18:42 :: INFO  :: TIMER :: [0000] Injected [INTERNAL] in 7.328 ms
INFO - [G] 2025-08-25 19:18:42 :: INFO  :: TIMER :: [0009] Injected nil in 0.047 ms
INFO - [G] 2025-08-25 19:18:42 :: INFO  :: TIMER :: [0003] Injected nil in 0.030 ms
INFO - [G] 2025-08-25 19:18:42 :: TRACE :: MULTIPLAYER :: Client got connected message:  (action: connected) 
INFO - [G] 2025-08-25 19:18:42 :: TRACE :: MULTIPLAYER :: Client sent message: action:username,username:Equi~1,modHash:
INFO - [G] 2025-08-25 19:18:42 :: TRACE :: MULTIPLAYER :: Client got version message:  (action: version) 
INFO - [G] 2025-08-25 19:18:42 :: TRACE :: MULTIPLAYER :: Client sent message: action:version,version:0.2.14-MULTIPLAYER
INFO - [G] 2025-08-25 19:18:42 :: TRACE :: MULTIPLAYER :: Client sent message: action:username,username:Equi~1,modHash:preview=false;theOrder=true;unlocked=true;encryptID=106268640000.07;serversideConnectionID=99363ae8;BetterMouseAndGamepad-1.0.6c;Lovely-0.8.0;Multiplayer-0.2.14;Steamodded-1.0.0~BETA-0711a;TheOrder-MultiplayerIntegration
INFO - [G] 2025-08-25 19:19:28 :: INFO  :: TIMER :: [0000] Injected Fonts in 0.002 ms
INFO - [G] 2025-08-25 19:19:28 :: INFO  :: TIMER :: [0000] Injected Language in 0.001 ms
INFO - [G] 2025-08-25 19:19:28 :: INFO  :: TIMER :: [0000] Injected [INTERNAL] in 2.206 ms
INFO - [G] 2025-08-25 19:19:28 :: INFO  :: TIMER :: [0021] Injected Atlas in 361.244 ms
INFO - [G] 2025-08-25 19:19:28 :: INFO  :: TIMER :: [0001] Injected Sound in 0.009 ms
INFO - [G] 2025-08-25 19:19:28 :: INFO  :: TIMER :: [0008] Injected Stake in 0.090 ms
INFO - [G] 2025-08-25 19:19:28 :: INFO  :: TIMER :: [0004] Injected Rarity in 0.023 ms
INFO - [G] 2025-08-25 19:19:28 :: INFO  :: TIMER :: [0004] Injected ObjectType in 0.034 ms
INFO - [G] 2025-08-25 19:19:28 :: INFO  :: TIMER :: [0081] Injected Center in 0.821 ms
INFO - [G] 2025-08-25 19:19:28 :: INFO  :: TIMER :: [0007] Injected Undiscovered Sprite in 0.018 ms
INFO - [G] 2025-08-25 19:19:28 :: INFO  :: TIMER :: [0003] Injected Blind in 0.025 ms
INFO - [G] 2025-08-25 19:19:28 :: INFO  :: TIMER :: [0004] Injected Seal in 0.652 ms
INFO - [G] 2025-08-25 19:19:28 :: INFO  :: TIMER :: [0004] Injected Suit in 0.228 ms
INFO - [G] 2025-08-25 19:19:28 :: INFO  :: TIMER :: [0013] Injected Rank in 0.107 ms
INFO - [G] 2025-08-25 19:19:28 :: INFO  :: TIMER :: [0028] Injected DeckSkin in 0.343 ms
INFO - [G] 2025-08-25 19:19:28 :: INFO  :: TIMER :: [0012] Injected PokerHand in 0.073 ms
INFO - [G] 2025-08-25 19:19:28 :: INFO  :: TIMER :: [0034] Injected Challenge in 0.083 ms
INFO - [G] 2025-08-25 19:19:28 :: INFO  :: TIMER :: [0001] Injected Tag in 0.011 ms
INFO - [G] 2025-08-25 19:19:28 :: INFO  :: TIMER :: [0006] Injected Sticker in 0.119 ms
INFO - [G] 2025-08-25 19:19:28 :: INFO  :: TIMER :: [0000] Injected Shader in 0.001 ms
INFO - [G] 2025-08-25 19:19:28 :: INFO  :: TIMER :: [0002] Injected Keybind in 0.008 ms
INFO - [G] 2025-08-25 19:19:28 :: INFO  :: TIMER :: [0000] Injected Achievement in 0.070 ms
INFO - [G] 2025-08-25 19:19:28 :: INFO  :: TIMER :: [0002] Injected nil in 0.012 ms
INFO - [G] 2025-08-25 19:19:28 :: INFO  :: TIMER :: [0022] Injected Draw Step in 0.059 ms
INFO - [G] 2025-08-25 19:19:28 :: INFO  :: TIMER :: [0000] Injected [INTERNAL] in 4.026 ms
INFO - [G] 2025-08-25 19:19:28 :: INFO  :: TIMER :: [0009] Injected nil in 0.033 ms
INFO - [G] 2025-08-25 19:19:28 :: INFO  :: TIMER :: [0003] Injected nil in 0.013 ms
INFO - [G] LONG DT @ 45: 0.097820644475982
INFO - [G] LONG DT @ 12: 0.082650495580786
INFO - [G] LONG DT @ 12: 0.068896696464628
INFO - [G] LONG DT @ 12: 0.057981157171702
INFO - [G] 2025-08-25 19:20:18 :: TRACE :: MULTIPLAYER :: Client sent message: action:username,username:Equi~13,modHash:preview=false;theOrder=true;unlocked=true;encryptID=106268640000.07;serversideConnectionID=99363ae8;BetterMouseAndGamepad-1.0.6c;Lovely-0.8.0;Multiplayer-0.2.14;Steamodded-1.0.0~BETA-0711a;TheOrder-MultiplayerIntegration
