INFO - [♥] Lovely 0.8.0
INFO - [♥] Game directory is at "C:\\Program Files (x86)\\Steam\\steamapps\\common\\Balatro"
INFO - [♥] Writing logs to "C:\\Users\\PC\\AppData\\Roaming\\Balatro\\Mods\\lovely\\log"
INFO - [♥] Using mod directory at "C:\\Users\\PC\\AppData\\Roaming\\Balatro\\Mods"
INFO - [♥] Cleaning up dumps directory at "C:\\Users\\PC\\AppData\\Roaming\\Balatro\\Mods\\lovely\\dump"
INFO - [♥] Initialization complete in 66ms
INFO - [♥] Applied 1 patch to 'conf.lua'
INFO - [♥] Applied 11 patches to 'main.lua'
INFO - [♥] Applied 10 patches to 'engine/controller.lua'
INFO - [♥] Applied 15 patches to 'back.lua'
INFO - [♥] Applied 7 patches to 'tag.lua'
INFO - [♥] Applied 2 patches to 'engine/moveable.lua'
INFO - [♥] Applied 2 patches to 'engine/sprite.lua'
INFO - [♥] Applied 2 patches to 'engine/animatedsprite.lua'
INFO - [♥] Applied 67 patches to 'functions/misc_functions.lua'
INFO - [♥] Applied 40 patches to 'game.lua'
INFO - [♥] Applied 1 patch to 'globals.lua'
INFO - [♥] Applied 5 patches to 'engine/ui.lua'
INFO - [♥] Applied 95 patches to 'functions/UI_definitions.lua'
INFO - [♥] Applied 49 patches to 'functions/state_events.lua'
INFO - [♥] Applied 117 patches to 'functions/common_events.lua'
INFO - [♥] Applied 51 patches to 'functions/button_callbacks.lua'
INFO - [♥] Applied 186 patches to 'card.lua'
INFO - [♥] Applied 10 patches to 'cardarea.lua'
INFO - [♥] Applied 37 patches to 'blind.lua'
INFO - [♥] Applied 2 patches to 'engine/text.lua'
INFO - [G] Failed to connect to the debug server 
INFO - [G] 2025-10-07 11:22:43 :: DEBUG :: DebugConsole :: Steamodded Debug Socket started ! 
INFO - [G] 2025-10-07 11:22:43 :: INFO  :: SMODS :: Steamodded v1.0.0~BETA-0711a 
INFO - [♥] Applied 9 patches to 'engine/sound_manager.lua'
INFO - [♥] Applied 1 patch to 'engine/save_manager.lua'
INFO - [G] 2025-10-07 11:22:48 :: INFO  :: Loader :: Valid JSON file found 
INFO - [G] 2025-10-07 11:22:48 :: INFO  :: Loader :: Valid JSON file found 
INFO - [G] 2025-10-07 11:22:49 :: INFO  :: TIMER :: [0000] Injected Fonts in 0.002 ms 
INFO - [G] 2025-10-07 11:22:49 :: INFO  :: TIMER :: [0000] Injected Language in 0.002 ms 
INFO - [G] 2025-10-07 11:22:49 :: INFO  :: TIMER :: [0000] Injected [INTERNAL] in 2.770 ms 
INFO - [G] 2025-10-07 11:22:50 :: INFO  :: TIMER :: [0004] Injected Atlas in 611.520 ms 
INFO - [G] 2025-10-07 11:22:50 :: INFO  :: TIMER :: [0001] Injected Sound in 0.996 ms 
INFO - [G] 2025-10-07 11:22:50 :: INFO  :: TIMER :: [0008] Injected Stake in 0.250 ms 
INFO - [G] 2025-10-07 11:22:50 :: INFO  :: TIMER :: [0005] Injected Rarity in 0.040 ms 
INFO - [G] 2025-10-07 11:22:50 :: INFO  :: TIMER :: [0005] Injected ObjectType in 0.402 ms 
INFO - [G] 2025-10-07 11:22:50 :: INFO  :: TIMER :: [0103] Injected Center in 1.754 ms 
INFO - [G] 2025-10-07 11:22:50 :: INFO  :: TIMER :: [0007] Injected Undiscovered Sprite in 0.045 ms 
INFO - [G] 2025-10-07 11:22:50 :: INFO  :: TIMER :: [0002] Injected Blind in 0.027 ms 
INFO - [G] 2025-10-07 11:22:50 :: INFO  :: TIMER :: [0004] Injected Seal in 0.184 ms 
INFO - [G] 2025-10-07 11:22:50 :: INFO  :: TIMER :: [0004] Injected Suit in 0.122 ms 
INFO - [G] 2025-10-07 11:22:50 :: INFO  :: TIMER :: [0013] Injected Rank in 0.176 ms 
INFO - [G] 2025-10-07 11:22:50 :: INFO  :: TIMER :: [0028] Injected DeckSkin in 0.318 ms 
INFO - [G] 2025-10-07 11:22:50 :: INFO  :: TIMER :: [0012] Injected PokerHand in 0.150 ms 
INFO - [G] 2025-10-07 11:22:50 :: INFO  :: TIMER :: [0020] Injected Challenge in 0.115 ms 
INFO - [G] 2025-10-07 11:22:50 :: INFO  :: TIMER :: [0000] Injected Tag in 0.002 ms 
INFO - [G] 2025-10-07 11:22:50 :: INFO  :: TIMER :: [0004] Injected Sticker in 0.112 ms 
INFO - [G] 2025-10-07 11:22:50 :: INFO  :: TIMER :: [0000] Injected Shader in 0.002 ms 
INFO - [G] 2025-10-07 11:22:50 :: INFO  :: TIMER :: [0002] Injected Keybind in 0.022 ms 
INFO - [G] 2025-10-07 11:22:50 :: INFO  :: TIMER :: [0000] Injected Achievement in 0.083 ms 
INFO - [G] 2025-10-07 11:22:50 :: INFO  :: TIMER :: [0002] Injected nil in 0.024 ms 
INFO - [G] 2025-10-07 11:22:50 :: INFO  :: TIMER :: [0021] Injected Draw Step in 0.354 ms 
INFO - [G] 2025-10-07 11:22:50 :: INFO  :: TIMER :: [0000] Injected [INTERNAL] in 1.451 ms 
INFO - [G] [DebugPlus] Press [/] to toggle console and press [shift] + [/] to toggle new log previews 
INFO - [G] line not found
INFO - [G] file not found: functions/misc_functions.lua: No such file or directory
INFO - [G] file not found: main.lua: No such file or directory
INFO - [G] file not found: main.lua: No such file or directory
INFO - [G] 2025-10-07 11:22:59 :: ERROR :: StackTrace :: Oops! The game crashed
[SMODS _ "src/utils.lua"]:1252: attempt to perform arithmetic on local 'amount' (a table value)
Stack Traceback
===============
(1) Lua upvalue 'orig' at file 'main.lua:612'
	Local variables:
	 msg = string: "[SMODS _ \"src/utils.lua\"]:1252: attempt to perform arithmetic on local 'amount' (a table value)"
	 (*temporary) = Lua function '?' (defined at line 31 of chunk [SMODS _ "src/logging.lua"])
	 (*temporary) = string: "Oops! The game crashed\
"
(2) Lua local 'handler' at file 'debugplus/console.lua:606' (from lovely module debugplus.console)
	Local variables:
	 msg = string: "[SMODS _ \"src/utils.lua\"]:1252: attempt to perform arithmetic on local 'amount' (a table value)"
(3) LÖVE metamethod at file 'boot.lua:352'
	Local variables:
	 errhand = Lua function '(LÖVE Function)' (defined at line 605 of chunk [lovely debugplus.console "debugplus/console.lua"])
	 handler = Lua function '(LÖVE Function)' (defined at line 605 of chunk [lovely debugplus.console "debugplus/console.lua"])
(4) Lua field 'calculate_individual_effect' at Steamodded file 'src/utils.lua:1252' 
	Local variables:
	 effect = table: 0x195a3bd8  {juice_card:table: 0x1928f420, message_card:table: 0x195c4ed8, mult:table: 0x1919eb18, card:table: 0x1928f420}
	 scored_card = table: 0x195c4ed8  {click_offset:table: 0x195c52a8, children:table: 0x1915b9a0, ambient_tilt:0.2, parent:table: 0x1972a7b8, highlighted:false, T:table: 0x195c50f0 (more...)}
	 key = string: "mult"
	 amount = table: 0x1919eb18  {_mult:4}
	 from_edition = boolean: false
	 (*temporary) = Lua function '?' (defined at line 750 of chunk functions/misc_functions.lua)
	 (*temporary) = number: 2
	 (*temporary) = number: 2.88071e-188
	 (*temporary) = table: 0x192b65a0  {queue_last_processed:7.9833333333333, queues:table: 0x192b65c8, queue_dt:0.016666666666667, queue_timer:8.2991601844841}
	 (*temporary) = table: 0x19a01408  {start_timer:false, timer:TOTAL, blockable:true, trigger:immediate, func:function: 0x1912c750, delay:0, complete:false, time:23.906761929164, blocking:true (more...)}
	 (*temporary) = string: "base"
	 (*temporary) = nil
	 (*temporary) = table: 0x192b5950  {1:table: 0x19289998, 2:table: 0x18f7f520, 3:table: 0x192dca60, 4:table: 0x192dc980, 5:table: 0x195616c0, 6:table: 0x195937d0, 7:table: 0x19594370 (more...)}
	 (*temporary) = number: 21
	 (*temporary) = table: 0x18e21e80  {handle:function: 0x18e2b1c8, __index:table: 0x18e21e80, init:function: 0x18e21ea8, __call:function: 0x18de9e00, super:table: 0x18de9f08}
	 (*temporary) = string: "attempt to perform arithmetic on local 'amount' (a table value)"
(5) Lua field 'calculate_effect' at Steamodded file 'src/utils.lua:1506' 
	Local variables:
	 effect = table: 0x195a3bd8  {juice_card:table: 0x1928f420, message_card:table: 0x195c4ed8, mult:table: 0x1919eb18, card:table: 0x1928f420}
	 scored_card = table: 0x195c4ed8  {click_offset:table: 0x195c52a8, children:table: 0x1915b9a0, ambient_tilt:0.2, parent:table: 0x1972a7b8, highlighted:false, T:table: 0x195c50f0 (more...)}
	 from_edition = boolean: false
	 pre_jokers = nil
	 ret = table: 0x18fe47b8  {}
	 (for generator) = C function: builtin#6
	 (for state) = table: 0x191be8f0  {1:chips, 2:h_chips, 3:chip_mod, 4:mult, 5:h_mult, 6:mult_mod, 7:x_chips, 8:xchips, 9:Xchip_mod, 10:x_mult, 11:Xmult, 12:xmult, 13:x_mult_mod (more...)}
	 (for control) = number: 4
	 _ = number: 4
	 key = string: "mult"
(6) Lua field 'calculate_effect_table_key' at Steamodded file 'src/utils.lua:1489' 
	Local variables:
	 effect_table = table: 0x19563bd0  {jokers:table: 0x195a3bd8}
	 key = string: "jokers"
	 card = table: 0x195c4ed8  {click_offset:table: 0x195c52a8, children:table: 0x1915b9a0, ambient_tilt:0.2, parent:table: 0x1972a7b8, highlighted:false, T:table: 0x195c50f0 (more...)}
	 ret = table: 0x192376c0  {calculated:true}
	 effect = table: 0x195a3bd8  {juice_card:table: 0x1928f420, message_card:table: 0x195c4ed8, mult:table: 0x1919eb18, card:table: 0x1928f420}
(7) Lua field 'trigger_effects' at Steamodded file 'src/utils.lua:1467' 
	Local variables:
	 effects = table: 0x192a6a28  {1:table: 0x192a6a68, 2:table: 0x192ab340, 3:table: 0x19563bd0, 4:table: 0x19483998, 5:table: 0x19431f18}
	 card = table: 0x195c4ed8  {click_offset:table: 0x195c52a8, children:table: 0x1915b9a0, ambient_tilt:0.2, parent:table: 0x1972a7b8, highlighted:false, T:table: 0x195c50f0 (more...)}
	 ret = table: 0x192376c0  {calculated:true}
	 (for generator) = C function: builtin#6
	 (for state) = table: 0x192a6a28  {1:table: 0x192a6a68, 2:table: 0x192ab340, 3:table: 0x19563bd0, 4:table: 0x19483998, 5:table: 0x19431f18}
	 (for control) = number: 3
	 _ = number: 3
	 effect_table = table: 0x19563bd0  {jokers:table: 0x195a3bd8}
	 (for generator) = C function: builtin#6
	 (for state) = table: 0x194e1a28  {1:jokers, 2:retriggers}
	 (for control) = number: 1
	 _ = number: 1
	 key = string: "jokers"
(8) Lua field 'score_card' at Steamodded file 'src/utils.lua:1884' 
	Local variables:
	 card = table: 0x195c4ed8  {click_offset:table: 0x195c52a8, children:table: 0x1915b9a0, ambient_tilt:0.2, parent:table: 0x1972a7b8, highlighted:false, T:table: 0x195c50f0 (more...)}
	 context = table: 0x19af8920  {individual:true, poker_hands:table: 0x1944c2e8, cardarea:table: 0x1972a7b8, scoring_name:Two Pair, scoring_hand:table: 0x19507878, full_hand:table: 0x193ff680 (more...)}
	 reps = table: 0x192a69f0  {1:1}
	 j = number: 1
	 effects = table: 0x192a6a28  {1:table: 0x192a6a68, 2:table: 0x192ab340, 3:table: 0x19563bd0, 4:table: 0x19483998, 5:table: 0x19431f18}
(9) Lua field 'calculate_main_scoring' at Steamodded file 'src/utils.lua:1924' 
	Local variables:
	 context = table: 0x19af8920  {individual:true, poker_hands:table: 0x1944c2e8, cardarea:table: 0x1972a7b8, scoring_name:Two Pair, scoring_hand:table: 0x19507878, full_hand:table: 0x193ff680 (more...)}
	 scoring_hand = table: 0x19507878  {1:table: 0x193ff720, 2:table: 0x195b8348, 3:table: 0x195c4ed8, 4:table: 0x191616c0}
	 (for generator) = C function: builtin#6
	 (for state) = table: 0x193ff680  {1:table: 0x193ff720, 2:table: 0x195b8348, 3:table: 0x195c4ed8, 4:table: 0x191616c0}
	 (for control) = number: 3
	 _ = number: 3
	 card = table: 0x195c4ed8  {click_offset:table: 0x195c52a8, children:table: 0x1915b9a0, ambient_tilt:0.2, parent:table: 0x1972a7b8, highlighted:false, T:table: 0x195c50f0 (more...)}
	 in_scoring = boolean: true
(10) Lua field 'evaluate_play' at file 'functions/state_events.lua:614'
	Local variables:
	 e = nil
	 text = string: "Two Pair"
	 disp_text = string: "Two Pair"
	 poker_hands = table: 0x1944c2e8  {Flush House:table: 0x18f5e8d0, Full House:table: 0x19096e00, top:table: 0x19096e28, Flush:table: 0x19561b68, Pair:table: 0x18f9bea0, Four of a Kind:table: 0x19011aa8 (more...)}
	 scoring_hand = table: 0x19507878  {1:table: 0x193ff720, 2:table: 0x195b8348, 3:table: 0x195c4ed8, 4:table: 0x191616c0}
	 non_loc_disp_text = string: "Two Pair"
	 final_scoring_hand = table: 0x19507878  {1:table: 0x193ff720, 2:table: 0x195b8348, 3:table: 0x195c4ed8, 4:table: 0x191616c0}
	 hand_text_set = boolean: false
	 modded = nil
	 (for generator) = C function: builtin#6
	 (for state) = table: 0x19af88f8  {1:table: 0x1972a7b8, 2:table: 0x1959ab88}
	 (for control) = number: 1
	 _ = number: 1
	 v = table: 0x1972a7b8  {click_offset:table: 0x18ef17c8, static_rotation:false, shuffle_amt:0, T:table: 0x191d4a48, offset:table: 0x18ec08b8, role:table: 0x19817eb8, last_aligned:-1 (more...)}
(11) Lua field 'func' at file 'functions/state_events.lua:482'
(12) Lua method 'handle' at file 'engine/event.lua:99'
	Local variables:
	 self = table: 0x18f7f520  {start_timer:true, timer:TOTAL, blockable:true, trigger:immediate, func:function: 0x19721cd0, delay:0, complete:false, time:23.906761929164, blocking:true (more...)}
	 _results = table: 0x197fad80  {blocking:true, pause_skip:false, time_done:false, completed:false}
(13) Lua method 'update' at file 'engine/event.lua:182'
	Local variables:
	 self = table: 0x192b65a0  {queue_last_processed:7.9833333333333, queues:table: 0x192b65c8, queue_dt:0.016666666666667, queue_timer:8.2991601844841}
	 dt = number: 0.0165818
	 forced = nil
	 (for generator) = C function: next
	 (for state) = table: 0x192b65c8  {unlock:table: 0x192b5928, other:table: 0x192b65f0, tutorial:table: 0x192b5978, base:table: 0x192b5950, achievement:table: 0x192b59a0}
	 (for control) = number: nan
	 k = string: "base"
	 v = table: 0x192b5950  {1:table: 0x19289998, 2:table: 0x18f7f520, 3:table: 0x192dca60, 4:table: 0x192dc980, 5:table: 0x195616c0, 6:table: 0x195937d0, 7:table: 0x19594370 (more...)}
	 blocked = boolean: false
	 i = number: 2
	 results = table: 0x197fad80  {blocking:true, pause_skip:false, time_done:false, completed:false}
(14) Lua upvalue 'gameUpdateRef' at file 'game.lua:2552'
	Local variables:
	 self = table: 0x18eab0c0  {F_GUIDE:false, F_CRASH_REPORTS:false, F_QUIT_BUTTON:true, HUD_tags:table: 0x199cf4a0, F_ENGLISH_ONLY:false, viewed_stake:1, HUD:table: 0x199564b0 (more...)}
	 dt = number: 0.0165818
	 http_resp = nil
(15) Lua method 'update' at Steamodded file 'src/ui.lua:84' 
	Local variables:
	 self = table: 0x18eab0c0  {F_GUIDE:false, F_CRASH_REPORTS:false, F_QUIT_BUTTON:true, HUD_tags:table: 0x199cf4a0, F_ENGLISH_ONLY:false, viewed_stake:1, HUD:table: 0x199564b0 (more...)}
	 dt = number: 0.0165818
(16) Lua field 'update' at file 'main.lua:999'
	Local variables:
	 dt = number: 0.0165818
(17) Lua function '?' at file 'main.lua:938' (best guess)
(18) global C function 'xpcall'
(19) LÖVE function at file 'boot.lua:377' (best guess)
	Local variables:
	 func = Lua function '?' (defined at line 909 of chunk main.lua)
	 inerror = boolean: true
	 deferErrhand = Lua function '(LÖVE Function)' (defined at line 348 of chunk [love "boot.lua"])
	 earlyinit = Lua function '(LÖVE Function)' (defined at line 355 of chunk [love "boot.lua"])
 
INFO - [G] file not found: functions/misc_functions.lua: No such file or directory
INFO - [G] file not found: main.lua: No such file or directory
INFO - [G] file not found: main.lua: No such file or directory
INFO - [G] 2025-10-07 11:22:59 :: INFO  :: StackTrace :: Additional Context:
Balatro Version: 1.0.1o-FULL
Modded Version: 1.0.0~BETA-0711a-STEAMODDED
LÖVE Version: 11.5.0
Lovely Version: 0.8.0
Platform: Windows
Steamodded Mods:
    1: Super Auto Jokers by Equi [ID: SuperAutoJokers, Version: 1.0.0]
    2: DebugPlus by WilsontheWolf [ID: DebugPlus, Version: 1.5.1, Uses Lovely]
Lovely Mods: 
