INFO - [♥] Lovely 0.8.0
INFO - [♥] Game directory is at "C:\\Program Files (x86)\\Steam\\steamapps\\common\\Balatro"
INFO - [♥] Writing logs to "C:\\Users\\PC\\AppData\\Roaming\\Balatro\\Mods\\lovely\\log"
INFO - [♥] Using mod directory at "C:\\Users\\PC\\AppData\\Roaming\\Balatro\\Mods"
INFO - [♥] Cleaning up dumps directory at "C:\\Users\\PC\\AppData\\Roaming\\Balatro\\Mods\\lovely\\dump"
INFO - [♥] Initialization complete in 77ms
INFO - [♥] Applied 1 patch to 'conf.lua'
INFO - [♥] Applied 11 patches to 'main.lua'
INFO - [♥] Applied 10 patches to 'engine/controller.lua'
INFO - [♥] Applied 15 patches to 'back.lua'
INFO - [♥] Applied 7 patches to 'tag.lua'
INFO - [♥] Applied 2 patches to 'engine/moveable.lua'
INFO - [♥] Applied 2 patches to 'engine/sprite.lua'
INFO - [♥] Applied 2 patches to 'engine/animatedsprite.lua'
INFO - [♥] Applied 67 patches to 'functions/misc_functions.lua'
INFO - [♥] Applied 40 patches to 'game.lua'
INFO - [♥] Applied 1 patch to 'globals.lua'
INFO - [♥] Applied 5 patches to 'engine/ui.lua'
INFO - [♥] Applied 95 patches to 'functions/UI_definitions.lua'
INFO - [♥] Applied 49 patches to 'functions/state_events.lua'
INFO - [♥] Applied 117 patches to 'functions/common_events.lua'
INFO - [♥] Applied 51 patches to 'functions/button_callbacks.lua'
INFO - [♥] Applied 186 patches to 'card.lua'
INFO - [♥] Applied 10 patches to 'cardarea.lua'
INFO - [♥] Applied 37 patches to 'blind.lua'
INFO - [♥] Applied 2 patches to 'engine/text.lua'
INFO - [G] Failed to connect to the debug server 
INFO - [G] 2025-09-23 21:18:33 :: DEBUG :: DebugConsole :: Steamodded Debug Socket started ! 
INFO - [G] 2025-09-23 21:18:33 :: INFO  :: SMODS :: Steamodded v1.0.0~BETA-0711a 
INFO - [♥] Applied 9 patches to 'engine/sound_manager.lua'
INFO - [♥] Applied 1 patch to 'engine/save_manager.lua'
INFO - [G] 2025-09-23 21:18:36 :: INFO  :: Loader :: Valid JSON file found 
INFO - [G] 2025-09-23 21:18:36 :: INFO  :: Loader :: Valid JSON file found 
INFO - [G] 2025-09-23 21:18:36 :: INFO  :: TIMER :: [0000] Injected Fonts in 0.002 ms 
INFO - [G] 2025-09-23 21:18:36 :: INFO  :: TIMER :: [0000] Injected Language in 0.003 ms 
INFO - [G] 2025-09-23 21:18:36 :: INFO  :: TIMER :: [0000] Injected [INTERNAL] in 3.371 ms 
INFO - [G] 2025-09-23 21:18:37 :: INFO  :: TIMER :: [0003] Injected Atlas in 449.842 ms 
INFO - [G] 2025-09-23 21:18:37 :: INFO  :: TIMER :: [0001] Injected Sound in 1.062 ms 
INFO - [G] 2025-09-23 21:18:37 :: INFO  :: TIMER :: [0008] Injected Stake in 0.237 ms 
INFO - [G] 2025-09-23 21:18:37 :: INFO  :: TIMER :: [0004] Injected Rarity in 0.038 ms 
INFO - [G] 2025-09-23 21:18:37 :: INFO  :: TIMER :: [0004] Injected ObjectType in 0.053 ms 
INFO - [G] 2025-09-23 21:18:37 :: INFO  :: TIMER :: [0068] Injected Center in 0.880 ms 
INFO - [G] 2025-09-23 21:18:37 :: INFO  :: TIMER :: [0007] Injected Undiscovered Sprite in 0.065 ms 
INFO - [G] 2025-09-23 21:18:37 :: INFO  :: TIMER :: [0002] Injected Blind in 0.049 ms 
INFO - [G] 2025-09-23 21:18:37 :: INFO  :: TIMER :: [0004] Injected Seal in 0.225 ms 
INFO - [G] 2025-09-23 21:18:37 :: INFO  :: TIMER :: [0004] Injected Suit in 0.632 ms 
INFO - [G] 2025-09-23 21:18:37 :: INFO  :: TIMER :: [0013] Injected Rank in 0.272 ms 
INFO - [G] 2025-09-23 21:18:37 :: INFO  :: TIMER :: [0028] Injected DeckSkin in 0.512 ms 
INFO - [G] 2025-09-23 21:18:37 :: INFO  :: TIMER :: [0012] Injected PokerHand in 0.110 ms 
INFO - [G] 2025-09-23 21:18:37 :: INFO  :: TIMER :: [0020] Injected Challenge in 0.105 ms 
INFO - [G] 2025-09-23 21:18:37 :: INFO  :: TIMER :: [0000] Injected Tag in 0.002 ms 
INFO - [G] 2025-09-23 21:18:37 :: INFO  :: TIMER :: [0004] Injected Sticker in 0.105 ms 
INFO - [G] 2025-09-23 21:18:37 :: INFO  :: TIMER :: [0000] Injected Shader in 0.002 ms 
INFO - [G] 2025-09-23 21:18:37 :: INFO  :: TIMER :: [0002] Injected Keybind in 0.022 ms 
INFO - [G] 2025-09-23 21:18:37 :: INFO  :: TIMER :: [0000] Injected Achievement in 0.159 ms 
INFO - [G] 2025-09-23 21:18:37 :: INFO  :: TIMER :: [0002] Injected nil in 0.023 ms 
INFO - [G] 2025-09-23 21:18:37 :: INFO  :: TIMER :: [0021] Injected Draw Step in 0.110 ms 
INFO - [G] 2025-09-23 21:18:37 :: INFO  :: TIMER :: [0000] Injected [INTERNAL] in 0.819 ms 
INFO - [G] [DebugPlus] Press [/] to toggle console and press [shift] + [/] to toggle new log previews 
INFO - [G] line not found
INFO - [G] file not found: functions/misc_functions.lua: No such file or directory
INFO - [G] file not found: main.lua: No such file or directory
INFO - [G] file not found: main.lua: No such file or directory
INFO - [G] 2025-09-23 21:19:58 :: ERROR :: StackTrace :: Oops! The game crashed
[SMODS _ "src/utils.lua"]:1252: attempt to perform arithmetic on local 'amount' (a table value)
Stack Traceback
===============
(1) Lua upvalue 'orig' at file 'main.lua:612'
	Local variables:
	 msg = string: "[SMODS _ \"src/utils.lua\"]:1252: attempt to perform arithmetic on local 'amount' (a table value)"
	 (*temporary) = Lua function '?' (defined at line 31 of chunk [SMODS _ "src/logging.lua"])
	 (*temporary) = string: "Oops! The game crashed\
"
(2) Lua local 'handler' at file 'debugplus/console.lua:606' (from lovely module debugplus.console)
	Local variables:
	 msg = string: "[SMODS _ \"src/utils.lua\"]:1252: attempt to perform arithmetic on local 'amount' (a table value)"
(3) LÖVE metamethod at file 'boot.lua:352'
	Local variables:
	 errhand = Lua function '(LÖVE Function)' (defined at line 605 of chunk [lovely debugplus.console "debugplus/console.lua"])
	 handler = Lua function '(LÖVE Function)' (defined at line 605 of chunk [lovely debugplus.console "debugplus/console.lua"])
(4) Lua field 'calculate_individual_effect' at Steamodded file 'src/utils.lua:1252' 
	Local variables:
	 effect = table: 0x0b5e4c38  {juice_card:table: 0x0b776b38, message_card:table: 0x0aa6c158, mult:table: 0x0b5479e0, card:table: 0x0b776b38}
	 scored_card = table: 0x0aa6c158  {role:table: 0x0a8c6eb8, zoom:true, click_offset:table: 0x0b315940, under_overlay:false, children:table: 0x0ac91548, ambient_tilt:0.2, parent:table: 0x0a98fee0 (more...)}
	 key = string: "mult"
	 amount = table: 0x0b5479e0  {chips:0, chip_mod:8}
	 from_edition = boolean: false
	 (*temporary) = Lua function '?' (defined at line 750 of chunk functions/misc_functions.lua)
	 (*temporary) = number: 17
	 (*temporary) = number: 5.79582e-258
	 (*temporary) = table: 0x0ac57d58  {queue_last_processed:79.28333333333, queues:table: 0x0ac57d80, queue_dt:0.016666666666667, queue_timer:80.370447491776}
	 (*temporary) = table: 0x0b64dd60  {start_timer:false, timer:TOTAL, blockable:true, trigger:immediate, func:function: 0x0a9b4168, delay:0, complete:false, time:124.87881440471, blocking:true (more...)}
	 (*temporary) = string: "base"
	 (*temporary) = nil
	 (*temporary) = table: 0x0ac57e98  {1:table: 0x0a961b78, 2:table: 0x0ae47b40, 3:table: 0x0b725ab8, 4:table: 0x0b725ae0, 5:table: 0x0b515bc0, 6:table: 0x0b677e00, 7:table: 0x0b5518b0 (more...)}
	 (*temporary) = number: 30
	 (*temporary) = table: 0x0a681dd0  {handle:function: 0x0a68b118, __index:table: 0x0a681dd0, init:function: 0x0a681df8, __call:function: 0x0a649d50, super:table: 0x0a649e58}
	 (*temporary) = string: "attempt to perform arithmetic on local 'amount' (a table value)"
(5) Lua field 'calculate_effect' at Steamodded file 'src/utils.lua:1506' 
	Local variables:
	 effect = table: 0x0b5e4c38  {juice_card:table: 0x0b776b38, message_card:table: 0x0aa6c158, mult:table: 0x0b5479e0, card:table: 0x0b776b38}
	 scored_card = table: 0x0aa6c158  {role:table: 0x0a8c6eb8, zoom:true, click_offset:table: 0x0b315940, under_overlay:false, children:table: 0x0ac91548, ambient_tilt:0.2, parent:table: 0x0a98fee0 (more...)}
	 from_edition = boolean: false
	 pre_jokers = nil
	 ret = table: 0x0b526a70  {}
	 (for generator) = C function: builtin#6
	 (for state) = table: 0x0a9edb38  {1:chips, 2:h_chips, 3:chip_mod, 4:mult, 5:h_mult, 6:mult_mod, 7:x_chips, 8:xchips, 9:Xchip_mod, 10:x_mult, 11:Xmult, 12:xmult, 13:x_mult_mod (more...)}
	 (for control) = number: 4
	 _ = number: 4
	 key = string: "mult"
(6) Lua field 'calculate_effect_table_key' at Steamodded file 'src/utils.lua:1489' 
	Local variables:
	 effect_table = table: 0x0b5e4a08  {jokers:table: 0x0b5e4c38}
	 key = string: "jokers"
	 card = table: 0x0aa6c158  {role:table: 0x0a8c6eb8, zoom:true, click_offset:table: 0x0b315940, under_overlay:false, children:table: 0x0ac91548, ambient_tilt:0.2, parent:table: 0x0a98fee0 (more...)}
	 ret = table: 0x0b6c3868  {calculated:true}
	 effect = table: 0x0b5e4c38  {juice_card:table: 0x0b776b38, message_card:table: 0x0aa6c158, mult:table: 0x0b5479e0, card:table: 0x0b776b38}
(7) Lua field 'trigger_effects' at Steamodded file 'src/utils.lua:1467' 
	Local variables:
	 effects = table: 0x0b71b4c0  {1:table: 0x0b71b500, 2:table: 0x0b71b5e8, 3:table: 0x0b71b7b8, 4:table: 0x0b71bab8, 5:table: 0x0b4f12c0, 6:table: 0x0b5e4778, 7:table: 0x0b5e4a08 (more...)}
	 card = table: 0x0aa6c158  {role:table: 0x0a8c6eb8, zoom:true, click_offset:table: 0x0b315940, under_overlay:false, children:table: 0x0ac91548, ambient_tilt:0.2, parent:table: 0x0a98fee0 (more...)}
	 ret = table: 0x0b6c3868  {calculated:true}
	 (for generator) = C function: builtin#6
	 (for state) = table: 0x0b71b4c0  {1:table: 0x0b71b500, 2:table: 0x0b71b5e8, 3:table: 0x0b71b7b8, 4:table: 0x0b71bab8, 5:table: 0x0b4f12c0, 6:table: 0x0b5e4778, 7:table: 0x0b5e4a08 (more...)}
	 (for control) = number: 7
	 _ = number: 7
	 effect_table = table: 0x0b5e4a08  {jokers:table: 0x0b5e4c38}
	 (for generator) = C function: builtin#6
	 (for state) = table: 0x0b526a30  {1:jokers, 2:retriggers}
	 (for control) = number: 1
	 _ = number: 1
	 key = string: "jokers"
(8) Lua field 'score_card' at Steamodded file 'src/utils.lua:1884' 
	Local variables:
	 card = table: 0x0aa6c158  {role:table: 0x0a8c6eb8, zoom:true, click_offset:table: 0x0b315940, under_overlay:false, children:table: 0x0ac91548, ambient_tilt:0.2, parent:table: 0x0a98fee0 (more...)}
	 context = table: 0x0b591f28  {other_card:table: 0x0aa6c158, poker_hands:table: 0x0b6ab208, individual:true, scoring_name:Full House, scoring_hand:table: 0x0b79e498, full_hand:table: 0x0ae47d30 (more...)}
	 reps = table: 0x0b71b488  {1:1}
	 j = number: 1
	 effects = table: 0x0b71b4c0  {1:table: 0x0b71b500, 2:table: 0x0b71b5e8, 3:table: 0x0b71b7b8, 4:table: 0x0b71bab8, 5:table: 0x0b4f12c0, 6:table: 0x0b5e4778, 7:table: 0x0b5e4a08 (more...)}
(9) Lua field 'calculate_main_scoring' at Steamodded file 'src/utils.lua:1924' 
	Local variables:
	 context = table: 0x0b591f28  {other_card:table: 0x0aa6c158, poker_hands:table: 0x0b6ab208, individual:true, scoring_name:Full House, scoring_hand:table: 0x0b79e498, full_hand:table: 0x0ae47d30 (more...)}
	 scoring_hand = table: 0x0b79e498  {1:table: 0x0aa6c158, 2:table: 0x0a8fcf00, 3:table: 0x0adbfb88, 4:table: 0x0ac34690, 5:table: 0x0adc8508}
	 (for generator) = C function: builtin#6
	 (for state) = table: 0x0ae47d30  {1:table: 0x0aa6c158, 2:table: 0x0a8fcf00, 3:table: 0x0adbfb88, 4:table: 0x0ac34690, 5:table: 0x0adc8508}
	 (for control) = number: 1
	 _ = number: 1
	 card = table: 0x0aa6c158  {role:table: 0x0a8c6eb8, zoom:true, click_offset:table: 0x0b315940, under_overlay:false, children:table: 0x0ac91548, ambient_tilt:0.2, parent:table: 0x0a98fee0 (more...)}
	 in_scoring = boolean: true
(10) Lua field 'evaluate_play' at file 'functions/state_events.lua:614'
	Local variables:
	 e = nil
	 text = string: "Full House"
	 disp_text = string: "Full House"
	 poker_hands = table: 0x0b6ab208  {Flush House:table: 0x0a87fd08, Full House:table: 0x0aeb6c60, top:table: 0x0b672798, Flush:table: 0x0b6087b8, Pair:table: 0x0ac51b18, Four of a Kind:table: 0x0afa9b18 (more...)}
	 scoring_hand = table: 0x0b79e498  {1:table: 0x0aa6c158, 2:table: 0x0a8fcf00, 3:table: 0x0adbfb88, 4:table: 0x0ac34690, 5:table: 0x0adc8508}
	 non_loc_disp_text = string: "Full House"
	 final_scoring_hand = table: 0x0b79e498  {1:table: 0x0aa6c158, 2:table: 0x0a8fcf00, 3:table: 0x0adbfb88, 4:table: 0x0ac34690, 5:table: 0x0adc8508}
	 hand_text_set = boolean: false
	 modded = nil
	 (for generator) = C function: builtin#6
	 (for state) = table: 0x0b591f00  {1:table: 0x0a98fee0, 2:table: 0x0a7e6fa0}
	 (for control) = number: 1
	 _ = number: 1
	 v = table: 0x0a98fee0  {click_offset:table: 0x0a9e8028, static_rotation:false, shuffle_amt:0, T:table: 0x0a97db40, offset:table: 0x0a715658, role:table: 0x0afd7098, last_aligned:-1 (more...)}
(11) Lua field 'func' at file 'functions/state_events.lua:482'
(12) Lua method 'handle' at file 'engine/event.lua:99'
	Local variables:
	 self = table: 0x0b725ab8  {start_timer:true, timer:TOTAL, blockable:true, trigger:immediate, func:function: 0x0a97cd78, delay:0, complete:false, time:124.87881440471, blocking:true (more...)}
	 _results = table: 0x0af48c20  {blocking:true, pause_skip:false, time_done:false, completed:false}
(13) Lua method 'update' at file 'engine/event.lua:182'
	Local variables:
	 self = table: 0x0ac57d58  {queue_last_processed:79.28333333333, queues:table: 0x0ac57d80, queue_dt:0.016666666666667, queue_timer:80.370447491776}
	 dt = number: 0.0163767
	 forced = nil
	 (for generator) = C function: next
	 (for state) = table: 0x0ac57d80  {unlock:table: 0x0ac57e70, other:table: 0x0ac57f10, tutorial:table: 0x0ac57ec0, base:table: 0x0ac57e98, achievement:table: 0x0ac57ee8}
	 (for control) = number: nan
	 k = string: "base"
	 v = table: 0x0ac57e98  {1:table: 0x0a961b78, 2:table: 0x0ae47b40, 3:table: 0x0b725ab8, 4:table: 0x0b725ae0, 5:table: 0x0b515bc0, 6:table: 0x0b677e00, 7:table: 0x0b5518b0 (more...)}
	 blocked = boolean: false
	 i = number: 3
	 results = table: 0x0af48c20  {blocking:true, pause_skip:false, time_done:false, completed:false}
(14) Lua upvalue 'gameUpdateRef' at file 'game.lua:2552'
	Local variables:
	 self = table: 0x0a7068c0  {F_GUIDE:false, F_CRASH_REPORTS:false, F_QUIT_BUTTON:true, HUD_tags:table: 0x0af62878, F_ENGLISH_ONLY:false, viewed_stake:1, HUD:table: 0x0aedbdc0 (more...)}
	 dt = number: 0.0163767
	 http_resp = nil
(15) Lua method 'update' at Steamodded file 'src/ui.lua:84' 
	Local variables:
	 self = table: 0x0a7068c0  {F_GUIDE:false, F_CRASH_REPORTS:false, F_QUIT_BUTTON:true, HUD_tags:table: 0x0af62878, F_ENGLISH_ONLY:false, viewed_stake:1, HUD:table: 0x0aedbdc0 (more...)}
	 dt = number: 0.0163767
(16) Lua field 'update' at file 'main.lua:999'
	Local variables:
	 dt = number: 0.0163767
(17) Lua function '?' at file 'main.lua:938' (best guess)
(18) global C function 'xpcall'
(19) LÖVE function at file 'boot.lua:377' (best guess)
	Local variables:
	 func = Lua function '?' (defined at line 909 of chunk main.lua)
	 inerror = boolean: true
	 deferErrhand = Lua function '(LÖVE Function)' (defined at line 348 of chunk [love "boot.lua"])
	 earlyinit = Lua function '(LÖVE Function)' (defined at line 355 of chunk [love "boot.lua"])
 
INFO - [G] file not found: functions/misc_functions.lua: No such file or directory
INFO - [G] file not found: main.lua: No such file or directory
INFO - [G] file not found: main.lua: No such file or directory
INFO - [G] 2025-09-23 21:19:58 :: INFO  :: StackTrace :: Additional Context:
Balatro Version: 1.0.1o-FULL
Modded Version: 1.0.0~BETA-0711a-STEAMODDED
LÖVE Version: 11.5.0
Lovely Version: 0.8.0
Platform: Windows
Steamodded Mods:
    1: Super Auto Jokers by Equi [ID: SuperAutoJokers, Version: 1.0.0]
    2: DebugPlus by WilsontheWolf [ID: DebugPlus, Version: 1.5.1, Uses Lovely]
Lovely Mods: 
