INFO - [♥] Lovely 0.8.0
INFO - [♥] Game directory is at "C:\\Program Files (x86)\\Steam\\steamapps\\common\\Balatro"
INFO - [♥] Writing logs to "C:\\Users\\PC\\AppData\\Roaming\\Balatro\\Mods\\lovely\\log"
INFO - [♥] Using mod directory at "C:\\Users\\PC\\AppData\\Roaming\\Balatro\\Mods"
INFO - [♥] Cleaning up dumps directory at "C:\\Users\\PC\\AppData\\Roaming\\Balatro\\Mods\\lovely\\dump"
INFO - [♥] Initialization complete in 53ms
INFO - [♥] Applied 1 patch to 'conf.lua'
INFO - [♥] Applied 11 patches to 'main.lua'
INFO - [♥] Applied 10 patches to 'engine/controller.lua'
INFO - [♥] Applied 15 patches to 'back.lua'
INFO - [♥] Applied 7 patches to 'tag.lua'
INFO - [♥] Applied 2 patches to 'engine/moveable.lua'
INFO - [♥] Applied 2 patches to 'engine/sprite.lua'
INFO - [♥] Applied 2 patches to 'engine/animatedsprite.lua'
INFO - [♥] Applied 67 patches to 'functions/misc_functions.lua'
INFO - [♥] Applied 40 patches to 'game.lua'
INFO - [♥] Applied 1 patch to 'globals.lua'
INFO - [♥] Applied 5 patches to 'engine/ui.lua'
INFO - [♥] Applied 95 patches to 'functions/UI_definitions.lua'
INFO - [♥] Applied 49 patches to 'functions/state_events.lua'
INFO - [♥] Applied 117 patches to 'functions/common_events.lua'
INFO - [♥] Applied 51 patches to 'functions/button_callbacks.lua'
INFO - [♥] Applied 186 patches to 'card.lua'
INFO - [♥] Applied 10 patches to 'cardarea.lua'
INFO - [♥] Applied 37 patches to 'blind.lua'
INFO - [♥] Applied 2 patches to 'engine/text.lua'
INFO - [G] Failed to connect to the debug server 
INFO - [G] 2025-09-21 17:14:17 :: DEBUG :: DebugConsole :: Steamodded Debug Socket started ! 
INFO - [G] 2025-09-21 17:14:17 :: INFO  :: SMODS :: Steamodded v1.0.0~BETA-0711a 
INFO - [♥] Applied 9 patches to 'engine/sound_manager.lua'
INFO - [♥] Applied 1 patch to 'engine/save_manager.lua'
INFO - [G] 2025-09-21 17:14:20 :: INFO  :: Loader :: Valid JSON file found 
INFO - [G] 2025-09-21 17:14:20 :: INFO  :: Loader :: Valid JSON file found 
INFO - [G] 2025-09-21 17:14:20 :: INFO  :: TIMER :: [0000] Injected Fonts in 0.001 ms 
INFO - [G] 2025-09-21 17:14:20 :: INFO  :: TIMER :: [0000] Injected Language in 0.027 ms 
INFO - [G] 2025-09-21 17:14:20 :: INFO  :: TIMER :: [0000] Injected [INTERNAL] in 7.943 ms 
INFO - [G] 2025-09-21 17:14:21 :: INFO  :: TIMER :: [0003] Injected Atlas in 568.454 ms 
INFO - [G] 2025-09-21 17:14:21 :: INFO  :: TIMER :: [0001] Injected Sound in 0.733 ms 
INFO - [G] 2025-09-21 17:14:21 :: INFO  :: TIMER :: [0008] Injected Stake in 0.472 ms 
INFO - [G] 2025-09-21 17:14:21 :: INFO  :: TIMER :: [0004] Injected Rarity in 0.032 ms 
INFO - [G] 2025-09-21 17:14:21 :: INFO  :: TIMER :: [0004] Injected ObjectType in 1.049 ms 
INFO - [G] 2025-09-21 17:14:21 :: INFO  :: TIMER :: [0068] Injected Center in 0.926 ms 
INFO - [G] 2025-09-21 17:14:21 :: INFO  :: TIMER :: [0007] Injected Undiscovered Sprite in 0.041 ms 
INFO - [G] 2025-09-21 17:14:21 :: INFO  :: TIMER :: [0002] Injected Blind in 0.034 ms 
INFO - [G] 2025-09-21 17:14:21 :: INFO  :: TIMER :: [0004] Injected Seal in 0.521 ms 
INFO - [G] 2025-09-21 17:14:21 :: INFO  :: TIMER :: [0004] Injected Suit in 0.118 ms 
INFO - [G] 2025-09-21 17:14:21 :: INFO  :: TIMER :: [0013] Injected Rank in 0.170 ms 
INFO - [G] 2025-09-21 17:14:21 :: INFO  :: TIMER :: [0028] Injected DeckSkin in 0.636 ms 
INFO - [G] 2025-09-21 17:14:21 :: INFO  :: TIMER :: [0012] Injected PokerHand in 0.074 ms 
INFO - [G] 2025-09-21 17:14:21 :: INFO  :: TIMER :: [0020] Injected Challenge in 0.063 ms 
INFO - [G] 2025-09-21 17:14:21 :: INFO  :: TIMER :: [0000] Injected Tag in 0.002 ms 
INFO - [G] 2025-09-21 17:14:21 :: INFO  :: TIMER :: [0004] Injected Sticker in 0.114 ms 
INFO - [G] 2025-09-21 17:14:21 :: INFO  :: TIMER :: [0000] Injected Shader in 0.002 ms 
INFO - [G] 2025-09-21 17:14:21 :: INFO  :: TIMER :: [0002] Injected Keybind in 0.022 ms 
INFO - [G] 2025-09-21 17:14:21 :: INFO  :: TIMER :: [0000] Injected Achievement in 0.085 ms 
INFO - [G] 2025-09-21 17:14:21 :: INFO  :: TIMER :: [0002] Injected nil in 0.026 ms 
INFO - [G] 2025-09-21 17:14:21 :: INFO  :: TIMER :: [0021] Injected Draw Step in 0.173 ms 
INFO - [G] 2025-09-21 17:14:21 :: INFO  :: TIMER :: [0000] Injected [INTERNAL] in 1.064 ms 
INFO - [G] [DebugPlus] Press [/] to toggle console and press [shift] + [/] to toggle new log previews 
INFO - [G] line not found
INFO - [G] file not found: main.lua: No such file or directory
INFO - [G] file not found: main.lua: No such file or directory
INFO - [G] 2025-09-21 17:14:44 :: ERROR :: StackTrace :: Oops! The game crashed
[SMODS SuperAutoJokers "superautojokers_main.lua"]:424: attempt to index field 'other_card' (a nil value)
Stack Traceback
===============
(1) Lua upvalue 'orig' at file 'main.lua:612'
	Local variables:
	 msg = string: "[SMODS SuperAutoJokers \"superautojokers_main.lua\"]:424: attempt to index field 'other_card' (a nil value)"
	 (*temporary) = Lua function '?' (defined at line 31 of chunk [SMODS _ "src/logging.lua"])
	 (*temporary) = string: "Oops! The game crashed\
"
(2) Lua local 'handler' at file 'debugplus/console.lua:606' (from lovely module debugplus.console)
	Local variables:
	 msg = string: "[SMODS SuperAutoJokers \"superautojokers_main.lua\"]:424: attempt to index field 'other_card' (a nil value)"
(3) LÖVE metamethod at file 'boot.lua:352'
	Local variables:
	 errhand = Lua function '(LÖVE Function)' (defined at line 605 of chunk [lovely debugplus.console "debugplus/console.lua"])
	 handler = Lua function '(LÖVE Function)' (defined at line 605 of chunk [lovely debugplus.console "debugplus/console.lua"])
(4) Lua method 'calculate_joker' at file 'superautojokers_main.lua:424' (from mod with id SuperAutoJokers)
	Local variables:
	 self = table: 0x177355c0  {click_offset:table: 0x17d042a8, static_rotation:false, ambient_tilt:0.2, parent:table: 0x1768e538, T:table: 0x17cf96e8, last_aligned:-1, extra_cost:0 (more...)}
	 context = table: 0x17d54b28  {card_added:true, main_eval:true, cardarea:table: 0x1768e538, card:table: 0x171ccc08}
	 (*temporary) = nil
	 (*temporary) = nil
	 (*temporary) = number: 3
	 (*temporary) = string: "pinned"
	 (*temporary) = table: 0x174f0c10  {order:4, rate:0, should_apply:false, _saved_d_u:true, apply:function: 0x174f0268, sticker_sprite:table: 0x174f0328, atlas:stickers, prefix_config:table: 0x174f0d50 (more...)}
	 (*temporary) = string: "attempt to index field 'other_card' (a nil value)"
(5) Lua global 'eval_card' at file 'functions/common_events.lua:722'
	Local variables:
	 card = table: 0x177355c0  {click_offset:table: 0x17d042a8, static_rotation:false, ambient_tilt:0.2, parent:table: 0x1768e538, T:table: 0x17cf96e8, last_aligned:-1, extra_cost:0 (more...)}
	 context = table: 0x17d54b28  {card_added:true, main_eval:true, cardarea:table: 0x1768e538, card:table: 0x171ccc08}
	 ret = table: 0x17ddf180  {}
	 post_trig = table: 0x17ddf1a8  {}
	 areas = table: 0x17d54ed8  {1:table: 0x1768e538, 2:table: 0x1768dc28, 3:table: 0x1768f740}
	 area_set = table: 0x17d54f20  {table: 0x1768e538:true, table: 0x1768f740:true, table: 0x1768dc28:true}
(6) Lua field 'calculate_card_areas' at Steamodded file 'src/utils.lua:1720' 
	Local variables:
	 _type = string: "jokers"
	 context = table: 0x17d54b28  {card_added:true, main_eval:true, cardarea:table: 0x1768e538, card:table: 0x171ccc08}
	 return_table = nil
	 args = table: 0x17de59c8  {joker_area:true}
	 flags = table: 0x17e2ad18  {}
	 (for generator) = C function: builtin#6
	 (for state) = table: 0x17ddf138  {1:table: 0x1768e538, 2:table: 0x1768dc28, 3:table: 0x1768f740}
	 (for control) = number: 1
	 _ = number: 1
	 area = table: 0x1768e538  {click_offset:table: 0x1768e698, static_rotation:false, shuffle_amt:0, T:table: 0x1768e670, offset:table: 0x1768ec58, role:table: 0x1768ea88, last_aligned:-1 (more...)}
	 (for generator) = C function: builtin#6
	 (for state) = table: 0x1768ed78  {1:table: 0x177355c0}
	 (for control) = number: 1
	 _ = number: 1
	 _card = table: 0x177355c0  {click_offset:table: 0x17d042a8, static_rotation:false, ambient_tilt:0.2, parent:table: 0x1768e538, T:table: 0x17cf96e8, last_aligned:-1, extra_cost:0 (more...)}
(7) Lua field 'calculate_context' at Steamodded file 'src/utils.lua:1836' 
	Local variables:
	 context = table: 0x17d54b28  {card_added:true, main_eval:true, cardarea:table: 0x1768e538, card:table: 0x171ccc08}
	 return_table = nil
	 no_resolve = nil
	 has_area = nil
	 flags = table: 0x17d54b50  {}
	 (*temporary) = number: 1
(8) Lua method 'add_to_deck' at file 'card.lua:792'
	Local variables:
	 self = table: 0x171ccc08  {click_offset:table: 0x17c7a770, last_moved:-1, children:table: 0x17295aa8, ambient_tilt:0.2, dissolve_colours:table: 0x1769e858, debuff:false (more...)}
	 from_debuff = nil
	 obj = table: 0x17584358  {alerted:true, _saved_d_u:true, original_key:parrotjoker, loc_txt:table: 0x175844d0, _u:true, rarity:2, cost:6, order:150, _d:true, blueprint_compat:false (more...)}
	 is_playing_card = boolean: false
(9) Lua global 'add_joker' at file 'functions/common_events.lua:379'
	Local variables:
	 joker = string: "j_sapjokers_parrotjoker"
	 edition = nil
	 silent = nil
	 eternal = nil
	 _area = table: 0x1768e538  {click_offset:table: 0x1768e698, static_rotation:false, shuffle_amt:0, T:table: 0x1768e670, offset:table: 0x1768ec58, role:table: 0x1768ea88, last_aligned:-1 (more...)}
	 _T = table: 0x1768e670  {x:4.7573170731707, w:10.039024390244, y:0, h:2.6136585365854, scale:1, r:0}
	 card = table: 0x171ccc08  {click_offset:table: 0x17c7a770, last_moved:-1, children:table: 0x17295aa8, ambient_tilt:0.2, dissolve_colours:table: 0x1769e858, debuff:false (more...)}
(10) Lua method 'key_press_update' at file 'engine/controller.lua:853'
	Local variables:
	 self = table: 0x17434b10  {held_button_times:table: 0x174353e0, focus_cursor_stack_level:1, snap_cursor_to:table: 0x17e7d138, interrupt:table: 0x17435430, GAMEPAD:table: 0x17435c60 (more...)}
	 key = string: "3"
	 dt = number: 0.016733
	 _card = table: 0x17d9e428  {click_offset:table: 0x17d90410, children:table: 0x17efff80, ambient_tilt:0.2, parent:table: 0x172758b8, T:table: 0x17d90320, offset:table: 0x17eff3d8 (more...)}
(11) Lua method 'update' at file 'engine/controller.lua:244'
	Local variables:
	 self = table: 0x17434b10  {held_button_times:table: 0x174353e0, focus_cursor_stack_level:1, snap_cursor_to:table: 0x17e7d138, interrupt:table: 0x17435430, GAMEPAD:table: 0x17435c60 (more...)}
	 dt = number: 0.016733
	 (for generator) = C function: next
	 (for state) = table: 0x17435138  {3:true}
	 (for control) = number: nan
	 k = string: "3"
	 v = boolean: true
(12) Lua upvalue 'gameUpdateRef' at file 'game.lua:2689'
	Local variables:
	 self = table: 0x16ec6810  {F_GUIDE:false, F_CRASH_REPORTS:false, F_QUIT_BUTTON:true, HUD_tags:table: 0x17ac8498, F_ENGLISH_ONLY:false, viewed_stake:1, HUD:table: 0x1761c818 (more...)}
	 dt = number: 0
(13) Lua method 'update' at Steamodded file 'src/ui.lua:84' 
	Local variables:
	 self = table: 0x16ec6810  {F_GUIDE:false, F_CRASH_REPORTS:false, F_QUIT_BUTTON:true, HUD_tags:table: 0x17ac8498, F_ENGLISH_ONLY:false, viewed_stake:1, HUD:table: 0x1761c818 (more...)}
	 dt = number: 0.016733
(14) Lua field 'update' at file 'main.lua:999'
	Local variables:
	 dt = number: 0.016733
(15) Lua function '?' at file 'main.lua:938' (best guess)
(16) global C function 'xpcall'
(17) LÖVE function at file 'boot.lua:377' (best guess)
	Local variables:
	 func = Lua function '?' (defined at line 909 of chunk main.lua)
	 inerror = boolean: true
	 deferErrhand = Lua function '(LÖVE Function)' (defined at line 348 of chunk [love "boot.lua"])
	 earlyinit = Lua function '(LÖVE Function)' (defined at line 355 of chunk [love "boot.lua"])
 
INFO - [G] file not found: main.lua: No such file or directory
INFO - [G] file not found: main.lua: No such file or directory
INFO - [G] 2025-09-21 17:14:44 :: INFO  :: StackTrace :: Additional Context:
Balatro Version: 1.0.1o-FULL
Modded Version: 1.0.0~BETA-0711a-STEAMODDED
LÖVE Version: 11.5.0
Lovely Version: 0.8.0
Platform: Windows
Steamodded Mods:
    1: Super Auto Jokers by Equi [ID: SuperAutoJokers, Version: 1.0.0]
    2: DebugPlus by WilsontheWolf [ID: DebugPlus, Version: 1.5.1, Uses Lovely]
Lovely Mods: 
