INFO - [♥] Lovely 0.8.0
INFO - [♥] Game directory is at "C:\\Program Files (x86)\\Steam\\steamapps\\common\\Balatro"
INFO - [♥] Writing logs to "C:\\Users\\PC\\AppData\\Roaming\\Balatro\\Mods\\lovely\\log"
INFO - [♥] Using mod directory at "C:\\Users\\PC\\AppData\\Roaming\\Balatro\\Mods"
WARN - [♥] Unknown key `patches.11.?.match_indent` found in patch file at "C:\\Users\\PC\\AppData\\Roaming\\Balatro\\Mods\\Mayhem\\lovely.toml", ignoring it
WARN - [♥] Unknown key `patches.12.?.match_indent` found in patch file at "C:\\Users\\PC\\AppData\\Roaming\\Balatro\\Mods\\Mayhem\\lovely.toml", ignoring it
WARN - [♥] Unknown key `patches.49.?.match_indent` found in patch file at "C:\\Users\\PC\\AppData\\Roaming\\Balatro\\Mods\\Talisman\\lovely.toml", ignoring it
WARN - [♥] Unknown key `patches.52.?.match_indent` found in patch file at "C:\\Users\\PC\\AppData\\Roaming\\Balatro\\Mods\\Talisman\\lovely.toml", ignoring it
INFO - [♥] Cleaning up dumps directory at "C:\\Users\\PC\\AppData\\Roaming\\Balatro\\Mods\\lovely\\dump"
INFO - [♥] Initialization complete in 195ms
INFO - [♥] Applied 1 patch to 'conf.lua'
WARN - [♥] Pattern 'G.ARGS.score_intensity.organ = G.video_organ or G.ARGS.score_intensity.required_score > 0 and math.max(math.min(0.4, 0.1*math.log(G.ARGS.score_intensity.earned_score/(G.ARGS.score_intensity.required_score+1), 5)),0.) or 0' on target 'main.lua' for pattern patch from Talisman\lovely.toml resulted in no matches
WARN - [♥] Pattern 'if type(G.GAME.current_round.current_hand.chips) ~= \'number\' or type(G.GAME.current_round.current_hand.mult) ~= \'number\' then' on target 'main.lua' for pattern patch from Talisman\lovely.toml resulted in no matches
INFO - [♥] Applied 10 patches to 'main.lua'
INFO - [♥] Applied 2 patches to 'engine/string_packer.lua'
INFO - [♥] Applied 5 patches to 'engine/controller.lua'
INFO - [♥] Applied 16 patches to 'back.lua'
INFO - [♥] Applied 7 patches to 'tag.lua'
INFO - [♥] Applied 3 patches to 'engine/moveable.lua'
INFO - [♥] Applied 3 patches to 'engine/sprite.lua'
INFO - [♥] Applied 2 patches to 'engine/animatedsprite.lua'
WARN - [♥] Pattern 'assembled_string = assembled_string..(type(subpart) == \'string\' and subpart or args.vars[tonumber(subpart[1])] or \'ERROR\')' on target 'functions/misc_functions.lua' for pattern patch from Talisman\lovely.toml resulted in no matches
WARN - [♥] Pattern 'G.ARGS.score_intensity.organ = G.video_organ or G.ARGS.score_intensity.required_score > 0 and math.max(math.min(0.4, 0.1*math.log(G.ARGS.score_intensity.earned_score/(G.ARGS.score_intensity.required_score+1), 5)),0.) or 0' on target 'functions/misc_functions.lua' for pattern patch from Mayhem\lovely.toml resulted in no matches
INFO - [♥] Applied 75 patches to 'functions/misc_functions.lua'
WARN - [♥] Pattern 'G.SHADERS[\'CRT\']:send(\'glitch_intensity\', glitched_intensity or 0)' on target 'game.lua' for pattern patch from Mayhem\lovely.toml resulted in no matches
INFO - [♥] Applied 50 patches to 'game.lua'
INFO - [♥] Applied 2 patches to 'globals.lua'
INFO - [♥] Applied 8 patches to 'engine/ui.lua'
WARN - [♥] Pattern '{n=G.UIT.T, config={text = G.GAME.hands[handname].chips, scale = 0.45, colour = G.C.UI.TEXT_LIGHT}},' on target 'functions/UI_definitions.lua' for pattern patch from Talisman\lovely.toml resulted in no matches
WARN - [♥] Pattern '{n=G.UIT.T, config={text = G.GAME.hands[handname].mult, scale = 0.45, colour = G.C.UI.TEXT_LIGHT}}' on target 'functions/UI_definitions.lua' for pattern patch from Talisman\lovely.toml resulted in no matches
INFO - [♥] Applied 92 patches to 'functions/UI_definitions.lua'
WARN - [♥] Pattern 'if effects[ii].card then' on target 'functions/state_events.lua' for pattern patch from Talisman\lovely.toml resulted in no matches
WARN - [♥] Pattern 'if effects.jokers.Xmult_mod then mult = mod_mult(mult*effects.jokers.Xmult_mod);extras.mult = true  end' on target 'functions/state_events.lua' for pattern patch from Talisman\lovely.toml resulted in no matches
WARN - [♥] Pattern 'if effect.Xmult_mod then mult = mod_mult(mult*effect.Xmult_mod);extras.mult = true  end' on target 'functions/state_events.lua' for pattern patch from Talisman\lovely.toml resulted in no matches
WARN - [♥] Pattern 'if effects[ii].message then' on target 'functions/state_events.lua' for pattern patch from Talisman\lovely.toml resulted in no matches
WARN - [♥] Pattern '--calculate the card edition effects' on target 'functions/state_events.lua' for pattern patch from Talisman\lovely.toml resulted in no matches
WARN - [♥] Pattern 'if effects[ii].edition.p_dollars_mod then' on target 'functions/state_events.lua' for pattern patch from Talisman\lovely.toml resulted in no matches
WARN - [♥] Pattern 'if edition_effects.jokers.x_mult_mod then' on target 'functions/state_events.lua' for pattern patch from Talisman\lovely.toml resulted in no matches
WARN - [♥] Pattern 'if effects.jokers.Xmult_mod then mult = mod_mult(mult*effects.jokers.Xmult_mod);extras.mult = true  end' on target 'functions/state_events.lua' for pattern patch from Mayhem\lovely.toml resulted in no matches
WARN - [♥] Pattern 'if effect.Xmult_mod then mult = mod_mult(mult*effect.Xmult_mod);extras.mult = true  end' on target 'functions/state_events.lua' for pattern patch from Mayhem\lovely.toml resulted in no matches
WARN - [♥] Pattern 'update_hand_text({delay = 0}, {chips = extras.hand_chips and hand_chips, mult = extras.mult and mult})' on target 'functions/state_events.lua' for pattern patch from Mayhem\lovely.toml resulted in no matches
WARN - [♥] Regex 'hand_chips\\*mult' on target 'functions/state_events.lua' for regex patch from Mayhem\lovely.toml resulted in no matches
WARN - [♥] Regex 'to_big\\(hand_chips\\)\\*mult' on target 'functions/state_events.lua' for regex patch from Mayhem\lovely.toml resulted in no matches
INFO - [♥] Applied 65 patches to 'functions/state_events.lua'
WARN - [♥] Pattern 'if num_dollars > 60 then' on target 'functions/common_events.lua' for pattern patch from Talisman\lovely.toml resulted in no matches
WARN - [♥] Pattern 'func = (function() if eval_func(card) then if not first or first then card:juice_up(0.1, 0.1) end;juice_card_until(card, eval_func, nil, 0.8) end return true end)' on target 'functions/common_events.lua' for pattern patch from Talisman\lovely.toml resulted in no matches
WARN - [♥] Pattern 'elseif eval_type == \'x_chips\' then \n\tsound = \'talisman_xchip\'\n\tamt = amt\n\ttext = \'X\' .. amt\n\tcolour = G.C.CHIPS\n\tconfig.type = \'fade\'\n\tconfig.scale = 0.7\nelseif eval_type == \'e_chips\' then \n\tsound = \'talisman_echip\'\n\tamt = amt\n\ttext = \'^\' .. amt\n\tcolour = G.C.CHIPS\n\tconfig.type = \'fade\'\n\tconfig.scale = 0.7\nelseif eval_type == \'ee_chips\' then \n\tsound = \'talisman_eechip\'\n\tamt = amt\n\ttext = \'^^\' .. amt\n\tcolour = G.C.CHIPS\n\tconfig.type = \'fade\'\n\tconfig.scale = 0.7\nelseif eval_type == \'eee_chips\' then \n\tsound = \'talisman_eeechip\'\n\tamt = amt\n\ttext = \'^^^\' .. amt\n\tcolour = G.C.CHIPS\n\tconfig.type = \'fade\'\n\tconfig.scale = 0.7\nelseif eval_type == \'hyper_chips\' then\n\tsound = \'talisman_eeechip\'\n\ttext = (amt[1] > 5 and (\'{\' .. tostring(amt[1]) .. \'}\') or string.rep(\'^\', amt[1])) .. tostring(amt[2])\n\tamt = amt[2]\n\tcolour = G.C.CHIPS\n\tconfig.type = \'fade\'\n\tconfig.scale = 0.7\nelseif eval_type == \'e_mult\' then \n\tsound = \'talisman_emult\'\n\tamt = amt\n\ttext = \'^\' .. amt .. \' Mult\'\n\tcolour = G.C.MULT\n\tconfig.type = \'fade\'\n\tconfig.scale = 0.7\nelseif eval_type == \'ee_mult\' then \n\tsound = \'talisman_eemult\'\n\tamt = amt\n\ttext = \'^^\' .. amt .. \' Mult\'\n\tcolour = G.C.MULT\n\tconfig.type = \'fade\'\n\tconfig.scale = 0.7\nelseif eval_type == \'eee_mult\' then \n\tsound = \'talisman_eeemult\'\n\tamt = amt\n\ttext = \'^^^\' .. amt .. \' Mult\'\n\tcolour = G.C.MULT\n\tconfig.type = \'fade\'\n\tconfig.scale = 0.7\nelseif eval_type == \'hyper_mult\' or eval_type == \'hypermult_mod\' then \n\tsound = \'talisman_eeemult\'\n\ttext = (amt[1] > 5 and (\'{\' .. tostring(amt[1]) .. \'}\') or string.rep(\'^\', amt[1])) .. tostring(amt[2]) .. \' Mult\'\n\tamt = amt[2]\n\tcolour = G.C.MULT\n\tconfig.type = \'fade\'\n\tconfig.scale = 0.7' on target 'functions/common_events.lua' for pattern patch from Mayhem\lovely.toml resulted in no matches
WARN - [♥] Pattern 'if not extra or not extra.no_juice then\n                card:juice_up(0.6, 0.1)\n                G.ROOM.jiggle = G.ROOM.jiggle + 0.7\n            end\n        else\n            G.E_MANAGER:add_event(Event({ --Add bonus chips from this card\n                    trigger = \'before\',\n                    delay = delay,\n                    func = function()\n                    if extrafunc then extrafunc() end\n                    attention_text({\n                        text = text,\n                        scale = config.scale or 1, \n                        hold = delay - 0.2,\n                        backdrop_colour = colour,\n                        align = card_aligned,\n                        major = card,\n                        offset = {x = 0, y = y_off}\n                    })\n                    play_sound(sound, 0.8+percent*0.2, volume)\n                    if not extra or not extra.no_juice then\n                        card:juice_up(0.6, 0.1)\n                        G.ROOM.jiggle = G.ROOM.jiggle + 0.7\n                    end\n' on target 'functions/common_events.lua' for pattern patch from Mayhem\lovely.toml resulted in no matches
INFO - [♥] Applied 153 patches to 'functions/common_events.lua'
INFO - [♥] Applied 60 patches to 'functions/button_callbacks.lua'
WARN - [♥] Pattern 'Xmult_mod = G.P_CENTERS.v_observatory.config.extra' on target 'card.lua' for pattern patch from Incantation\lovely.toml resulted in no matches
WARN - [♥] Pattern 'if G.GAME.blind then G.E_MANAGER:add_event(Event({ func = function() G.GAME.blind:set_blind(nil, true, nil); return true end })) end' on target 'card.lua' for pattern patch from Talisman\lovely.toml resulted in no matches
WARN - [♥] Pattern 'x_mult = center.config.Xmult or 1,' on target 'card.lua' for pattern patch from Talisman\lovely.toml resulted in no matches
WARN - [♥] Pattern 'if effect.Xmult_mod then mult = mod_mult(mult*effect.Xmult_mod);extras.mult = true  end' on target 'card.lua' for pattern patch from Mayhem\lovely.toml resulted in no matches
WARN - [♥] Pattern 'if center.name == \"m_mp_glass\" then' on target 'card.lua' for pattern patch from Mayhem\lovely.toml resulted in no matches
INFO - [♥] Applied 174 patches to 'card.lua'
INFO - [♥] Applied 13 patches to 'cardarea.lua'
INFO - [♥] Applied 38 patches to 'blind.lua'
INFO - [♥] Applied 6 patches to 'engine/text.lua'
INFO - [G] Failed to connect to the debug server
INFO - [G] 2025-07-03 20:27:49 :: DEBUG :: DebugConsole :: Steamodded Debug Socket started !
INFO - [G] 2025-07-03 20:27:49 :: INFO  :: SMODS :: Steamodded v1.0.0~BETA-0614a
INFO - [♥] Applied 9 patches to 'engine/sound_manager.lua'
INFO - [♥] Applied 3 patches to 'engine/save_manager.lua'
INFO - [♥] Applied 2 patches to 'engine/string_packer.lua'
INFO - [G] 2025-07-03 20:27:52 :: TRACE :: Loader :: Processing Mod file (Legacy header): Aurinko.lua
INFO - [G] 2025-07-03 20:27:52 :: TRACE :: Loader :: Saving Mod Info: aurinko
INFO - [G] 2025-07-03 20:27:52 :: TRACE :: Loader :: Processing Mod file (Legacy header): FusionJokers.lua
INFO - [G] 2025-07-03 20:27:52 :: TRACE :: Loader :: Saving Mod Info: FusionJokers
INFO - [G] 2025-07-03 20:27:52 :: INFO  :: Loader :: Valid JSON file found
INFO - [G] 2025-07-03 20:27:52 :: TRACE :: Loader :: Processing Mod file (Legacy header): JenLib.lua
INFO - [G] 2025-07-03 20:27:52 :: TRACE :: Loader :: Saving Mod Info: JenLib
INFO - [G] 2025-07-03 20:27:52 :: INFO  :: Loader :: Valid JSON file found
INFO - [G] 2025-07-03 20:27:52 :: TRACE :: Loader :: Processing Mod file (Legacy header): Nopeus.lua
INFO - [G] 2025-07-03 20:27:52 :: TRACE :: Loader :: Saving Mod Info: nopeus
INFO - [G] 2025-07-03 20:27:52 :: TRACE :: Loader :: Processing Mod file (Legacy header): steamodded_metadata.lua
INFO - [G] 2025-07-03 20:27:52 :: TRACE :: Loader :: Saving Mod Info: Talisman
INFO - [G] 2025-07-03 20:27:52 :: INFO  :: TIMER :: [0000] Injected Fonts in 0.001 ms
INFO - [G] 2025-07-03 20:27:52 :: INFO  :: TIMER :: [0000] Injected Language in 0.002 ms
INFO - [G] 2025-07-03 20:27:52 :: INFO  :: TIMER :: [0000] Injected [INTERNAL] in 2.075 ms
INFO - [G] 2025-07-03 20:27:53 :: INFO  :: TIMER :: [0047] Injected Atlas in 498.954 ms
INFO - [G] 2025-07-03 20:27:53 :: INFO  :: TIMER :: [0125] Injected Sound in 593.969 ms
INFO - [G] 2025-07-03 20:27:53 :: INFO  :: TIMER :: [0008] Injected Stake in 0.273 ms
INFO - [G] 2025-07-03 20:27:53 :: INFO  :: TIMER :: [0012] Injected Rarity in 0.071 ms
INFO - [G] 2025-07-03 20:27:53 :: INFO  :: TIMER :: [0017] Injected ObjectType in 0.369 ms
INFO - [G] 2025-07-03 20:27:53 :: INFO  :: TIMER :: [0303] Injected Center in 4.871 ms
INFO - [G] 2025-07-03 20:27:53 :: INFO  :: TIMER :: [0007] Injected Undiscovered Sprite in 0.046 ms
INFO - [G] 2025-07-03 20:27:53 :: INFO  :: TIMER :: [0031] Injected Blind in 0.168 ms
INFO - [G] 2025-07-03 20:27:53 :: INFO  :: TIMER :: [0014] Injected Seal in 1.041 ms
INFO - [G] 2025-07-03 20:27:53 :: INFO  :: TIMER :: [0004] Injected Suit in 0.259 ms
INFO - [G] 2025-07-03 20:27:53 :: INFO  :: TIMER :: [0013] Injected Rank in 0.212 ms
INFO - [G] 2025-07-03 20:27:53 :: INFO  :: TIMER :: [0028] Injected DeckSkin in 0.436 ms
INFO - [G] 2025-07-03 20:27:53 :: INFO  :: TIMER :: [0013] Injected PokerHand in 0.172 ms
INFO - [G] 2025-07-03 20:27:53 :: INFO  :: TIMER :: [0020] Injected Challenge in 0.125 ms
INFO - [G] 2025-07-03 20:27:53 :: INFO  :: TIMER :: [0004] Injected Tag in 0.034 ms
INFO - [G] 2025-07-03 20:27:53 :: INFO  :: TIMER :: [0004] Injected Sticker in 0.151 ms
INFO - [G] 2025-07-03 20:27:55 :: INFO  :: TIMER :: [0011] Injected Shader in 1216.610 ms
INFO - [G] 2025-07-03 20:27:55 :: INFO  :: TIMER :: [0002] Injected Keybind in 0.025 ms
INFO - [G] 2025-07-03 20:27:55 :: INFO  :: TIMER :: [0005] Injected Achievement in 0.159 ms
INFO - [G] 2025-07-03 20:27:55 :: INFO  :: TIMER :: [0017] Injected nil in 0.429 ms
INFO - [G] 2025-07-03 20:27:55 :: INFO  :: TIMER :: [0022] Injected Draw Step in 0.204 ms
INFO - [G] 2025-07-03 20:27:55 :: INFO  :: TIMER :: [0000] Injected [INTERNAL] in 10.992 ms
INFO - [G] 2025-07-03 20:28:01 :: INFO  :: TIMER :: [0000] Injected Fonts in 0.001 ms
INFO - [G] 2025-07-03 20:28:01 :: INFO  :: TIMER :: [0000] Injected Language in 0.001 ms
INFO - [G] 2025-07-03 20:28:01 :: INFO  :: TIMER :: [0000] Injected [INTERNAL] in 2.422 ms
INFO - [G] 2025-07-03 20:28:01 :: INFO  :: TIMER :: [0047] Injected Atlas in 497.583 ms
INFO - [G] 2025-07-03 20:28:01 :: INFO  :: TIMER :: [0125] Injected Sound in 0.357 ms
INFO - [G] 2025-07-03 20:28:01 :: INFO  :: TIMER :: [0008] Injected Stake in 0.162 ms
INFO - [G] 2025-07-03 20:28:01 :: INFO  :: TIMER :: [0012] Injected Rarity in 0.053 ms
INFO - [G] 2025-07-03 20:28:01 :: INFO  :: TIMER :: [0017] Injected ObjectType in 0.262 ms
INFO - [G] 2025-07-03 20:28:01 :: INFO  :: TIMER :: [0303] Injected Center in 2.923 ms
INFO - [G] 2025-07-03 20:28:01 :: INFO  :: TIMER :: [0007] Injected Undiscovered Sprite in 0.040 ms
INFO - [G] 2025-07-03 20:28:01 :: INFO  :: TIMER :: [0031] Injected Blind in 0.188 ms
INFO - [G] 2025-07-03 20:28:01 :: INFO  :: TIMER :: [0014] Injected Seal in 0.815 ms
INFO - [G] 2025-07-03 20:28:01 :: INFO  :: TIMER :: [0004] Injected Suit in 0.198 ms
INFO - [G] 2025-07-03 20:28:01 :: INFO  :: TIMER :: [0013] Injected Rank in 0.464 ms
INFO - [G] 2025-07-03 20:28:01 :: INFO  :: TIMER :: [0028] Injected DeckSkin in 0.483 ms
INFO - [G] 2025-07-03 20:28:01 :: INFO  :: TIMER :: [0013] Injected PokerHand in 0.251 ms
INFO - [G] 2025-07-03 20:28:01 :: INFO  :: TIMER :: [0020] Injected Challenge in 0.204 ms
INFO - [G] 2025-07-03 20:28:01 :: INFO  :: TIMER :: [0004] Injected Tag in 0.025 ms
INFO - [G] 2025-07-03 20:28:01 :: INFO  :: TIMER :: [0004] Injected Sticker in 0.093 ms
INFO - [G] 2025-07-03 20:28:02 :: INFO  :: TIMER :: [0011] Injected Shader in 115.358 ms
INFO - [G] 2025-07-03 20:28:02 :: INFO  :: TIMER :: [0002] Injected Keybind in 0.012 ms
INFO - [G] 2025-07-03 20:28:02 :: INFO  :: TIMER :: [0005] Injected Achievement in 0.107 ms
INFO - [G] 2025-07-03 20:28:02 :: INFO  :: TIMER :: [0017] Injected nil in 0.048 ms
INFO - [G] 2025-07-03 20:28:02 :: INFO  :: TIMER :: [0022] Injected Draw Step in 0.122 ms
INFO - [G] 2025-07-03 20:28:02 :: INFO  :: TIMER :: [0000] Injected [INTERNAL] in 15.228 ms
INFO - [G] LONG DT @ 17: 0.1
INFO - [G] LONG DT @ 12: 0.08335382
INFO - [G] LONG DT @ 12: 0.068110276
INFO - [G] LONG DT @ 12: 0.0559638408
