INFO - [♥] Lovely 0.8.0
INFO - [♥] Game directory is at "C:\\Program Files (x86)\\Steam\\steamapps\\common\\Balatro"
INFO - [♥] Writing logs to "C:\\Users\\PC\\AppData\\Roaming\\Balatro\\Mods\\lovely\\log"
INFO - [♥] Using mod directory at "C:\\Users\\PC\\AppData\\Roaming\\Balatro\\Mods"
INFO - [♥] Cleaning up dumps directory at "C:\\Users\\PC\\AppData\\Roaming\\Balatro\\Mods\\lovely\\dump"
INFO - [♥] Initialization complete in 84ms
INFO - [♥] Applied 1 patch to 'conf.lua'
INFO - [♥] Applied 11 patches to 'main.lua'
INFO - [♥] Applied 10 patches to 'engine/controller.lua'
INFO - [♥] Applied 15 patches to 'back.lua'
INFO - [♥] Applied 7 patches to 'tag.lua'
INFO - [♥] Applied 2 patches to 'engine/moveable.lua'
INFO - [♥] Applied 2 patches to 'engine/sprite.lua'
INFO - [♥] Applied 2 patches to 'engine/animatedsprite.lua'
INFO - [♥] Applied 67 patches to 'functions/misc_functions.lua'
INFO - [♥] Applied 40 patches to 'game.lua'
INFO - [♥] Applied 1 patch to 'globals.lua'
INFO - [♥] Applied 5 patches to 'engine/ui.lua'
INFO - [♥] Applied 95 patches to 'functions/UI_definitions.lua'
INFO - [♥] Applied 49 patches to 'functions/state_events.lua'
INFO - [♥] Applied 117 patches to 'functions/common_events.lua'
INFO - [♥] Applied 51 patches to 'functions/button_callbacks.lua'
INFO - [♥] Applied 186 patches to 'card.lua'
INFO - [♥] Applied 10 patches to 'cardarea.lua'
INFO - [♥] Applied 37 patches to 'blind.lua'
INFO - [♥] Applied 2 patches to 'engine/text.lua'
INFO - [G] Failed to connect to the debug server 
INFO - [G] 2025-09-24 19:03:25 :: DEBUG :: DebugConsole :: Steamodded Debug Socket started ! 
INFO - [G] 2025-09-24 19:03:25 :: INFO  :: SMODS :: Steamodded v1.0.0~BETA-0711a 
INFO - [♥] Applied 9 patches to 'engine/sound_manager.lua'
INFO - [♥] Applied 1 patch to 'engine/save_manager.lua'
INFO - [G] 2025-09-24 19:03:28 :: INFO  :: Loader :: Valid JSON file found 
INFO - [G] 2025-09-24 19:03:28 :: INFO  :: Loader :: Valid JSON file found 
INFO - [G] 2025-09-24 19:03:29 :: WARN  :: Joker :: Cannot take ownership of j_mail-in_rebate: Does not exist. 
INFO - [G] 2025-09-24 19:03:29 :: INFO  :: TIMER :: [0000] Injected Fonts in 0.002 ms 
INFO - [G] 2025-09-24 19:03:29 :: INFO  :: TIMER :: [0000] Injected Language in 0.002 ms 
INFO - [G] 2025-09-24 19:03:29 :: INFO  :: TIMER :: [0000] Injected [INTERNAL] in 3.573 ms 
INFO - [G] 2025-09-24 19:03:29 :: INFO  :: TIMER :: [0003] Injected Atlas in 505.617 ms 
INFO - [G] 2025-09-24 19:03:29 :: INFO  :: TIMER :: [0001] Injected Sound in 0.856 ms 
INFO - [G] 2025-09-24 19:03:29 :: INFO  :: TIMER :: [0008] Injected Stake in 0.302 ms 
INFO - [G] 2025-09-24 19:03:29 :: INFO  :: TIMER :: [0004] Injected Rarity in 0.039 ms 
INFO - [G] 2025-09-24 19:03:29 :: INFO  :: TIMER :: [0004] Injected ObjectType in 0.058 ms 
INFO - [G] 2025-09-24 19:03:29 :: INFO  :: TIMER :: [0070] Injected Center in 1.178 ms 
INFO - [G] 2025-09-24 19:03:29 :: INFO  :: TIMER :: [0007] Injected Undiscovered Sprite in 0.057 ms 
INFO - [G] 2025-09-24 19:03:29 :: INFO  :: TIMER :: [0002] Injected Blind in 0.027 ms 
INFO - [G] 2025-09-24 19:03:29 :: INFO  :: TIMER :: [0004] Injected Seal in 0.238 ms 
INFO - [G] 2025-09-24 19:03:29 :: INFO  :: TIMER :: [0004] Injected Suit in 0.123 ms 
INFO - [G] 2025-09-24 19:03:29 :: INFO  :: TIMER :: [0013] Injected Rank in 0.251 ms 
INFO - [G] 2025-09-24 19:03:29 :: INFO  :: TIMER :: [0028] Injected DeckSkin in 0.769 ms 
INFO - [G] 2025-09-24 19:03:29 :: INFO  :: TIMER :: [0012] Injected PokerHand in 0.165 ms 
INFO - [G] 2025-09-24 19:03:29 :: INFO  :: TIMER :: [0020] Injected Challenge in 0.192 ms 
INFO - [G] 2025-09-24 19:03:29 :: INFO  :: TIMER :: [0000] Injected Tag in 0.003 ms 
INFO - [G] 2025-09-24 19:03:29 :: INFO  :: TIMER :: [0004] Injected Sticker in 0.130 ms 
INFO - [G] 2025-09-24 19:03:29 :: INFO  :: TIMER :: [0000] Injected Shader in 0.002 ms 
INFO - [G] 2025-09-24 19:03:29 :: INFO  :: TIMER :: [0002] Injected Keybind in 0.025 ms 
INFO - [G] 2025-09-24 19:03:29 :: INFO  :: TIMER :: [0000] Injected Achievement in 0.217 ms 
INFO - [G] 2025-09-24 19:03:29 :: INFO  :: TIMER :: [0002] Injected nil in 0.028 ms 
INFO - [G] 2025-09-24 19:03:29 :: INFO  :: TIMER :: [0021] Injected Draw Step in 0.176 ms 
INFO - [G] 2025-09-24 19:03:29 :: INFO  :: TIMER :: [0000] Injected [INTERNAL] in 1.642 ms 
INFO - [G] [DebugPlus] Press [/] to toggle console and press [shift] + [/] to toggle new log previews 
INFO - [G] line not found
INFO - [G] file not found: main.lua: No such file or directory
INFO - [G] file not found: main.lua: No such file or directory
INFO - [G] 2025-09-24 19:04:25 :: ERROR :: StackTrace :: Oops! The game crashed
[SMODS _ "src/utils.lua"]:2597: attempt to perform arithmetic on local 'denominator' (a table value)
Stack Traceback
===============
(1) Lua upvalue 'orig' at file 'main.lua:612'
	Local variables:
	 msg = string: "[SMODS _ \"src/utils.lua\"]:2597: attempt to perform arithmetic on local 'denominator' (a table value)"
	 (*temporary) = Lua function '?' (defined at line 31 of chunk [SMODS _ "src/logging.lua"])
	 (*temporary) = string: "Oops! The game crashed\
"
(2) Lua local 'handler' at file 'debugplus/console.lua:606' (from lovely module debugplus.console)
	Local variables:
	 msg = string: "[SMODS _ \"src/utils.lua\"]:2597: attempt to perform arithmetic on local 'denominator' (a table value)"
(3) LÖVE metamethod at file 'boot.lua:352'
	Local variables:
	 errhand = Lua function '(LÖVE Function)' (defined at line 605 of chunk [lovely debugplus.console "debugplus/console.lua"])
	 handler = Lua function '(LÖVE Function)' (defined at line 605 of chunk [lovely debugplus.console "debugplus/console.lua"])
(4) Lua field 'pseudorandom_probability' at Steamodded file 'src/utils.lua:2597' 
	Local variables:
	 trigger_obj = table: 0x3f9a7758  {NEW_ALIGNMENT:false, zoom:true, click_offset:table: 0x3f45f3d0, under_overlay:false, children:table: 0x3f2d8ce8, ambient_tilt:0.2, parent:table: 0x3f4b1d28 (more...)}
	 seed = string: "8ball"
	 base_numerator = number: 1
	 base_denominator = table: 0x3f764770  {odds:4}
	 identifier = nil
	 numerator = number: 1
	 denominator = table: 0x3f764770  {odds:4}
	 (*temporary) = number: 0.736732
	 (*temporary) = number: 0.736732
	 (*temporary) = nil
	 (*temporary) = nil
	 (*temporary) = C function: builtin#63
	 (*temporary) = string: "attempt to perform arithmetic on local 'denominator' (a table value)"
(5) Lua method 'calculate_joker' at file 'card.lua:3396'
	Local variables:
	 self = table: 0x3f9a7758  {NEW_ALIGNMENT:false, zoom:true, click_offset:table: 0x3f45f3d0, under_overlay:false, children:table: 0x3f2d8ce8, ambient_tilt:0.2, parent:table: 0x3f4b1d28 (more...)}
	 context = table: 0x3fc1c868  {other_card:table: 0x3fa9daf0, poker_hands:table: 0x3f8262f0, individual:true, scoring_name:Full House, scoring_hand:table: 0x3fc20218, full_hand:table: 0x3fa9da50 (more...)}
	 obj = table: 0x3f7bc888  {alerted:true, loc_vars:function: 0x3f913c58, atlas:Joker, registered:true, _saved_d_u:true, original_key:8_ball, _discovered_unlocked_overwritten:true (more...)}
	 context_blueprint_card = nil
(6) Lua global 'eval_card' at file 'functions/common_events.lua:722'
	Local variables:
	 card = table: 0x3f9a7758  {NEW_ALIGNMENT:false, zoom:true, click_offset:table: 0x3f45f3d0, under_overlay:false, children:table: 0x3f2d8ce8, ambient_tilt:0.2, parent:table: 0x3f4b1d28 (more...)}
	 context = table: 0x3fc1c868  {other_card:table: 0x3fa9daf0, poker_hands:table: 0x3f8262f0, individual:true, scoring_name:Full House, scoring_hand:table: 0x3fc20218, full_hand:table: 0x3fa9da50 (more...)}
	 ret = table: 0x3fc1ceb0  {}
	 post_trig = table: 0x3fc1ced8  {}
	 areas = table: 0x3fc1cf00  {1:table: 0x3f4b1d28, 2:table: 0x3f7476a0, 3:table: 0x3f2acdd0}
	 area_set = table: 0x3fc1cf48  {table: 0x3f4b1d28:true, table: 0x3f7476a0:true, table: 0x3f2acdd0:true}
(7) Lua field 'calculate_card_areas' at Steamodded file 'src/utils.lua:1720' 
	Local variables:
	 _type = string: "jokers"
	 context = table: 0x3fc1c868  {other_card:table: 0x3fa9daf0, poker_hands:table: 0x3f8262f0, individual:true, scoring_name:Full House, scoring_hand:table: 0x3fc20218, full_hand:table: 0x3fa9da50 (more...)}
	 return_table = table: 0x3fc1ca18  {1:table: 0x3fc1ca58, 2:table: 0x3fc1cb40, 3:table: 0x3fc1cd10}
	 args = table: 0x3fc1cc78  {main_scoring:true}
	 flags = table: 0x3fc1cca0  {}
	 (for generator) = C function: builtin#6
	 (for state) = table: 0x3fc1ccc8  {1:table: 0x3f4b1d28, 2:table: 0x3f7476a0, 3:table: 0x3f2acdd0}
	 (for control) = number: 1
	 _ = number: 1
	 area = table: 0x3f4b1d28  {click_offset:table: 0x3f576cf8, static_rotation:false, shuffle_amt:0, T:table: 0x3f49a968, offset:table: 0x3f626eb8, role:table: 0x3fc10238, last_aligned:-1 (more...)}
	 (for generator) = C function: builtin#6
	 (for state) = table: 0x3f60c108  {1:table: 0x3f60bed0, 2:table: 0x3f9a7758, 3:table: 0x3f6e9ef0, 4:table: 0x3f5404f0, 5:table: 0x3f674ab8}
	 (for control) = number: 2
	 _ = number: 2
	 _card = table: 0x3f9a7758  {NEW_ALIGNMENT:false, zoom:true, click_offset:table: 0x3f45f3d0, under_overlay:false, children:table: 0x3f2d8ce8, ambient_tilt:0.2, parent:table: 0x3f4b1d28 (more...)}
(8) Lua field 'score_card' at Steamodded file 'src/utils.lua:1880' 
	Local variables:
	 card = table: 0x3fa9daf0  {ignore_base_shader:table: 0x3f5783a0, click_offset:table: 0x3fa9ddf8, rank:1, children:table: 0x3f7d2e60, ambient_tilt:0.2, parent:table: 0x3fb905c0 (more...)}
	 context = table: 0x3fc1c868  {other_card:table: 0x3fa9daf0, poker_hands:table: 0x3f8262f0, individual:true, scoring_name:Full House, scoring_hand:table: 0x3fc20218, full_hand:table: 0x3fa9da50 (more...)}
	 reps = table: 0x3fc1c9e0  {1:1}
	 j = number: 1
	 effects = table: 0x3fc1ca18  {1:table: 0x3fc1ca58, 2:table: 0x3fc1cb40, 3:table: 0x3fc1cd10}
(9) Lua field 'calculate_main_scoring' at Steamodded file 'src/utils.lua:1924' 
	Local variables:
	 context = table: 0x3fc1c868  {other_card:table: 0x3fa9daf0, poker_hands:table: 0x3f8262f0, individual:true, scoring_name:Full House, scoring_hand:table: 0x3fc20218, full_hand:table: 0x3fa9da50 (more...)}
	 scoring_hand = table: 0x3fc20218  {1:table: 0x3fa9daf0, 2:table: 0x3f559200, 3:table: 0x3fd14440, 4:table: 0x3faa7078, 5:table: 0x3f7ecd38}
	 (for generator) = C function: builtin#6
	 (for state) = table: 0x3fa9da50  {1:table: 0x3fa9daf0, 2:table: 0x3f559200, 3:table: 0x3fd14440, 4:table: 0x3faa7078, 5:table: 0x3f7ecd38}
	 (for control) = number: 1
	 _ = number: 1
	 card = table: 0x3fa9daf0  {ignore_base_shader:table: 0x3f5783a0, click_offset:table: 0x3fa9ddf8, rank:1, children:table: 0x3f7d2e60, ambient_tilt:0.2, parent:table: 0x3fb905c0 (more...)}
	 in_scoring = boolean: true
(10) Lua field 'evaluate_play' at file 'functions/state_events.lua:614'
	Local variables:
	 e = nil
	 text = string: "Full House"
	 disp_text = string: "Full House"
	 poker_hands = table: 0x3f8262f0  {Flush House:table: 0x40368640, Full House:table: 0x40336008, top:table: 0x40367aa8, Flush:table: 0x3fd3de60, Pair:table: 0x40383aa0, Four of a Kind:table: 0x402f6a20 (more...)}
	 scoring_hand = table: 0x3fc20218  {1:table: 0x3fa9daf0, 2:table: 0x3f559200, 3:table: 0x3fd14440, 4:table: 0x3faa7078, 5:table: 0x3f7ecd38}
	 non_loc_disp_text = string: "Full House"
	 final_scoring_hand = table: 0x3fc20218  {1:table: 0x3fa9daf0, 2:table: 0x3f559200, 3:table: 0x3fd14440, 4:table: 0x3faa7078, 5:table: 0x3f7ecd38}
	 hand_text_set = boolean: false
	 modded = nil
	 (for generator) = C function: builtin#6
	 (for state) = table: 0x3fc1c840  {1:table: 0x3fb905c0, 2:table: 0x3f6326f8}
	 (for control) = number: 1
	 _ = number: 1
	 v = table: 0x3fb905c0  {click_offset:table: 0x3fbddba0, static_rotation:false, shuffle_amt:0, T:table: 0x3fbfda48, offset:table: 0x3f5aafb8, role:table: 0x3f974ee0, last_aligned:-1 (more...)}
(11) Lua field 'func' at file 'functions/state_events.lua:482'
(12) Lua method 'handle' at file 'engine/event.lua:99'
	Local variables:
	 self = table: 0x40126e10  {start_timer:true, timer:TOTAL, blockable:true, trigger:immediate, func:function: 0x40176bb0, delay:0, complete:false, time:169.33241848232, blocking:true (more...)}
	 _results = table: 0x3fd333b0  {blocking:true, pause_skip:false, time_done:false, completed:false}
(13) Lua method 'update' at file 'engine/event.lua:182'
	Local variables:
	 self = table: 0x3f960690  {queue_last_processed:54.033333333332, queues:table: 0x3f9606b8, queue_dt:0.016666666666667, queue_timer:54.721893985154}
	 dt = number: 0.0166968
	 forced = nil
	 (for generator) = C function: next
	 (for state) = table: 0x3f9606b8  {unlock:table: 0x3f9607a8, other:table: 0x3f960848, tutorial:table: 0x3f9607f8, base:table: 0x3f9607d0, achievement:table: 0x3f960820}
	 (for control) = number: nan
	 k = string: "base"
	 v = table: 0x3f9607d0  {1:table: 0x3f60c0e0, 2:table: 0x40126e10, 3:table: 0x40127280, 4:table: 0x40127308, 5:table: 0x3f8262c8, 6:table: 0x40294ad0, 7:table: 0x40294f68 (more...)}
	 blocked = boolean: false
	 i = number: 2
	 results = table: 0x3fd333b0  {blocking:true, pause_skip:false, time_done:false, completed:false}
(14) Lua upvalue 'gameUpdateRef' at file 'game.lua:2552'
	Local variables:
	 self = table: 0x3f416868  {F_GUIDE:false, F_CRASH_REPORTS:false, F_QUIT_BUTTON:true, HUD_tags:table: 0x400bc7d0, F_ENGLISH_ONLY:false, viewed_stake:1, HUD:table: 0x3fa0c3e0 (more...)}
	 dt = number: 0.0166968
	 http_resp = nil
(15) Lua method 'update' at Steamodded file 'src/ui.lua:84' 
	Local variables:
	 self = table: 0x3f416868  {F_GUIDE:false, F_CRASH_REPORTS:false, F_QUIT_BUTTON:true, HUD_tags:table: 0x400bc7d0, F_ENGLISH_ONLY:false, viewed_stake:1, HUD:table: 0x3fa0c3e0 (more...)}
	 dt = number: 0.0166968
(16) Lua field 'update' at file 'main.lua:999'
	Local variables:
	 dt = number: 0.0166968
(17) Lua function '?' at file 'main.lua:938' (best guess)
(18) global C function 'xpcall'
(19) LÖVE function at file 'boot.lua:377' (best guess)
	Local variables:
	 func = Lua function '?' (defined at line 909 of chunk main.lua)
	 inerror = boolean: true
	 deferErrhand = Lua function '(LÖVE Function)' (defined at line 348 of chunk [love "boot.lua"])
	 earlyinit = Lua function '(LÖVE Function)' (defined at line 355 of chunk [love "boot.lua"])
 
INFO - [G] file not found: main.lua: No such file or directory
INFO - [G] file not found: main.lua: No such file or directory
INFO - [G] 2025-09-24 19:04:25 :: INFO  :: StackTrace :: Additional Context:
Balatro Version: 1.0.1o-FULL
Modded Version: 1.0.0~BETA-0711a-STEAMODDED
LÖVE Version: 11.5.0
Lovely Version: 0.8.0
Platform: Windows
Steamodded Mods:
    1: Super Auto Jokers by Equi [ID: SuperAutoJokers, Version: 1.0.0]
    2: DebugPlus by WilsontheWolf [ID: DebugPlus, Version: 1.5.1, Uses Lovely]
Lovely Mods: 
