INFO - [♥] Lovely 0.8.0
INFO - [♥] Game directory is at "C:\\Program Files (x86)\\Steam\\steamapps\\common\\Balatro"
INFO - [♥] Writing logs to "C:\\Users\\PC\\AppData\\Roaming\\Balatro\\Mods\\lovely\\log"
INFO - [♥] Using mod directory at "C:\\Users\\PC\\AppData\\Roaming\\Balatro\\Mods"
INFO - [♥] Cleaning up dumps directory at "C:\\Users\\PC\\AppData\\Roaming\\Balatro\\Mods\\lovely\\dump"
INFO - [♥] Initialization complete in 92ms
INFO - [♥] Applied 1 patch to 'conf.lua'
INFO - [♥] Applied 11 patches to 'main.lua'
INFO - [♥] Applied 10 patches to 'engine/controller.lua'
INFO - [♥] Applied 15 patches to 'back.lua'
INFO - [♥] Applied 7 patches to 'tag.lua'
INFO - [♥] Applied 2 patches to 'engine/moveable.lua'
INFO - [♥] Applied 2 patches to 'engine/sprite.lua'
INFO - [♥] Applied 2 patches to 'engine/animatedsprite.lua'
INFO - [♥] Applied 67 patches to 'functions/misc_functions.lua'
INFO - [♥] Applied 40 patches to 'game.lua'
INFO - [♥] Applied 1 patch to 'globals.lua'
INFO - [♥] Applied 5 patches to 'engine/ui.lua'
INFO - [♥] Applied 95 patches to 'functions/UI_definitions.lua'
INFO - [♥] Applied 49 patches to 'functions/state_events.lua'
INFO - [♥] Applied 117 patches to 'functions/common_events.lua'
INFO - [♥] Applied 51 patches to 'functions/button_callbacks.lua'
INFO - [♥] Applied 186 patches to 'card.lua'
INFO - [♥] Applied 10 patches to 'cardarea.lua'
INFO - [♥] Applied 37 patches to 'blind.lua'
INFO - [♥] Applied 2 patches to 'engine/text.lua'
INFO - [G] Failed to connect to the debug server 
INFO - [G] 2025-10-03 13:01:46 :: DEBUG :: DebugConsole :: Steamodded Debug Socket started ! 
INFO - [G] 2025-10-03 13:01:46 :: INFO  :: SMODS :: Steamodded v1.0.0~BETA-0711a 
INFO - [♥] Applied 9 patches to 'engine/sound_manager.lua'
INFO - [♥] Applied 1 patch to 'engine/save_manager.lua'
INFO - [G] 2025-10-03 13:01:50 :: INFO  :: Loader :: Valid JSON file found 
INFO - [G] 2025-10-03 13:01:50 :: INFO  :: Loader :: Valid JSON file found 
INFO - [G] 2025-10-03 13:01:50 :: INFO  :: TIMER :: [0000] Injected Fonts in 0.002 ms 
INFO - [G] 2025-10-03 13:01:50 :: INFO  :: TIMER :: [0000] Injected Language in 0.003 ms 
INFO - [G] 2025-10-03 13:01:50 :: INFO  :: TIMER :: [0000] Injected [INTERNAL] in 4.203 ms 
INFO - [G] 2025-10-03 13:01:50 :: INFO  :: TIMER :: [0004] Injected Atlas in 454.258 ms 
INFO - [G] 2025-10-03 13:01:50 :: INFO  :: TIMER :: [0001] Injected Sound in 0.748 ms 
INFO - [G] 2025-10-03 13:01:50 :: INFO  :: TIMER :: [0008] Injected Stake in 0.297 ms 
INFO - [G] 2025-10-03 13:01:50 :: INFO  :: TIMER :: [0005] Injected Rarity in 0.041 ms 
INFO - [G] 2025-10-03 13:01:50 :: INFO  :: TIMER :: [0005] Injected ObjectType in 0.088 ms 
INFO - [G] 2025-10-03 13:01:50 :: INFO  :: TIMER :: [0095] Injected Center in 1.597 ms 
INFO - [G] 2025-10-03 13:01:50 :: INFO  :: TIMER :: [0007] Injected Undiscovered Sprite in 0.027 ms 
INFO - [G] 2025-10-03 13:01:50 :: INFO  :: TIMER :: [0002] Injected Blind in 0.027 ms 
INFO - [G] 2025-10-03 13:01:50 :: INFO  :: TIMER :: [0004] Injected Seal in 0.327 ms 
INFO - [G] 2025-10-03 13:01:50 :: INFO  :: TIMER :: [0004] Injected Suit in 0.089 ms 
INFO - [G] 2025-10-03 13:01:50 :: INFO  :: TIMER :: [0013] Injected Rank in 0.201 ms 
INFO - [G] 2025-10-03 13:01:50 :: INFO  :: TIMER :: [0028] Injected DeckSkin in 0.547 ms 
INFO - [G] 2025-10-03 13:01:50 :: INFO  :: TIMER :: [0012] Injected PokerHand in 0.069 ms 
INFO - [G] 2025-10-03 13:01:50 :: INFO  :: TIMER :: [0020] Injected Challenge in 0.099 ms 
INFO - [G] 2025-10-03 13:01:51 :: INFO  :: TIMER :: [0000] Injected Tag in 0.003 ms 
INFO - [G] 2025-10-03 13:01:51 :: INFO  :: TIMER :: [0004] Injected Sticker in 0.157 ms 
INFO - [G] 2025-10-03 13:01:51 :: INFO  :: TIMER :: [0000] Injected Shader in 0.002 ms 
INFO - [G] 2025-10-03 13:01:51 :: INFO  :: TIMER :: [0002] Injected Keybind in 0.040 ms 
INFO - [G] 2025-10-03 13:01:51 :: INFO  :: TIMER :: [0000] Injected Achievement in 0.084 ms 
INFO - [G] 2025-10-03 13:01:51 :: INFO  :: TIMER :: [0002] Injected nil in 0.064 ms 
INFO - [G] 2025-10-03 13:01:51 :: INFO  :: TIMER :: [0021] Injected Draw Step in 0.083 ms 
INFO - [G] 2025-10-03 13:01:51 :: INFO  :: TIMER :: [0000] Injected [INTERNAL] in 1.051 ms 
INFO - [G] [DebugPlus] Press [/] to toggle console and press [shift] + [/] to toggle new log previews 
INFO - [G] line not found
INFO - [G] file not found: main.lua: No such file or directory
INFO - [G] file not found: main.lua: No such file or directory
INFO - [G] 2025-10-03 13:02:33 :: ERROR :: StackTrace :: Oops! The game crashed
[SMODS SuperAutoJokers "superautojokers_main.lua"]:1164: attempt to index field 'extra' (a nil value)
Stack Traceback
===============
(1) Lua upvalue 'orig' at file 'main.lua:612'
	Local variables:
	 msg = string: "[SMODS SuperAutoJokers \"superautojokers_main.lua\"]:1164: attempt to index field 'extra' (a nil value)"
	 (*temporary) = Lua function '?' (defined at line 31 of chunk [SMODS _ "src/logging.lua"])
	 (*temporary) = string: "Oops! The game crashed\
"
(2) Lua local 'handler' at file 'debugplus/console.lua:606' (from lovely module debugplus.console)
	Local variables:
	 msg = string: "[SMODS SuperAutoJokers \"superautojokers_main.lua\"]:1164: attempt to index field 'extra' (a nil value)"
(3) LÖVE metamethod at file 'boot.lua:352'
	Local variables:
	 errhand = Lua function '(LÖVE Function)' (defined at line 605 of chunk [lovely debugplus.console "debugplus/console.lua"])
	 handler = Lua function '(LÖVE Function)' (defined at line 605 of chunk [lovely debugplus.console "debugplus/console.lua"])
(4) Lua method 'calculate' at file 'superautojokers_main.lua:1164' (from mod with id SuperAutoJokers)
	Local variables:
	 self = table: 0x229382e8  {alerted:true, loc_vars:function: 0x22938668, _saved_d_u:true, original_key:monkeyjoker, mod:table: 0x225d96c8, registered:true, rarity:3, cost:6 (more...)}
	 card = table: 0x22662478  {click_offset:table: 0x2241af78, static_rotation:false, rank:1, parent:table: 0x2273c480, T:table: 0x2267b028, last_aligned:-1, extra_cost:0, highlighted:false (more...)}
	 context = table: 0x22212d38  {end_of_round:true, main_eval:true, game_over:false, beat_boss:false, cardarea:table: 0x2273c480}
	 (for generator) = C function: next
	 (for state) = table: 0x228ece20  {1:table: 0x22378b98, 2:table: 0x2275a800, 3:table: 0x228be200}
	 (for control) = number: nan
	 _ = number: 1
	 card = table: 0x22378b98  {sprite_facing:front, click_offset:table: 0x22378f40, ambient_tilt:0.2, children:table: 0x22984df0, rank:1, parent:table: 0x2235b508, click_timeout:0.3 (more...)}
	 (*temporary) = table: 0x2280bc80  {}
	 (*temporary) = nil
	 (*temporary) = string: "m_lucky"
	 (*temporary) = boolean: true
	 (*temporary) = number: 1.091e-144
	 (*temporary) = string: "attempt to index field 'extra' (a nil value)"
(5) Lua method 'calculate_joker' at file 'card.lua:2555'
	Local variables:
	 self = table: 0x22662478  {click_offset:table: 0x2241af78, static_rotation:false, rank:1, parent:table: 0x2273c480, T:table: 0x2267b028, last_aligned:-1, extra_cost:0, highlighted:false (more...)}
	 context = table: 0x22212d38  {end_of_round:true, main_eval:true, game_over:false, beat_boss:false, cardarea:table: 0x2273c480}
	 obj = table: 0x229382e8  {alerted:true, loc_vars:function: 0x22938668, _saved_d_u:true, original_key:monkeyjoker, mod:table: 0x225d96c8, registered:true, rarity:3, cost:6 (more...)}
(6) Lua global 'eval_card' at file 'functions/common_events.lua:722'
	Local variables:
	 card = table: 0x22662478  {click_offset:table: 0x2241af78, static_rotation:false, rank:1, parent:table: 0x2273c480, T:table: 0x2267b028, last_aligned:-1, extra_cost:0, highlighted:false (more...)}
	 context = table: 0x22212d38  {end_of_round:true, main_eval:true, game_over:false, beat_boss:false, cardarea:table: 0x2273c480}
	 ret = table: 0x22223528  {}
	 post_trig = table: 0x22847290  {}
	 areas = table: 0x2273a360  {1:table: 0x2273c480, 2:table: 0x2246d808, 3:table: 0x220e0150}
	 area_set = table: 0x22807a50  {table: 0x2246d808:true, table: 0x220e0150:true, table: 0x2273c480:true}
(7) Lua field 'calculate_card_areas' at Steamodded file 'src/utils.lua:1720' 
	Local variables:
	 _type = string: "jokers"
	 context = table: 0x22212d38  {end_of_round:true, main_eval:true, game_over:false, beat_boss:false, cardarea:table: 0x2273c480}
	 return_table = nil
	 args = table: 0x22819df0  {joker_area:true}
	 flags = table: 0x22805150  {}
	 (for generator) = C function: builtin#6
	 (for state) = table: 0x222ab250  {1:table: 0x2273c480, 2:table: 0x2246d808, 3:table: 0x220e0150}
	 (for control) = number: 1
	 _ = number: 1
	 area = table: 0x2273c480  {click_offset:table: 0x22686510, static_rotation:false, shuffle_amt:0, T:table: 0x22685710, offset:table: 0x2226cb48, role:table: 0x2281b068, last_aligned:-1 (more...)}
	 (for generator) = C function: builtin#6
	 (for state) = table: 0x226988c8  {1:table: 0x22662478}
	 (for control) = number: 1
	 _ = number: 1
	 _card = table: 0x22662478  {click_offset:table: 0x2241af78, static_rotation:false, rank:1, parent:table: 0x2273c480, T:table: 0x2267b028, last_aligned:-1, extra_cost:0, highlighted:false (more...)}
(8) Lua field 'calculate_context' at Steamodded file 'src/utils.lua:1836' 
	Local variables:
	 context = table: 0x22212d38  {end_of_round:true, main_eval:true, game_over:false, beat_boss:false, cardarea:table: 0x2273c480}
	 return_table = nil
	 no_resolve = nil
	 has_area = nil
	 flags = table: 0x2288e400  {}
	 (*temporary) = number: 1
(9) Lua field 'func' at file 'functions/state_events.lua:104'
	Local variables:
	 game_over = boolean: false
	 game_won = boolean: false
(10) Lua method 'handle' at file 'engine/event.lua:55'
	Local variables:
	 self = table: 0x223867f8  {start_timer:true, timer:TOTAL, blockable:true, trigger:after, func:function: 0x226cbd38, delay:0.2, complete:false, time:99.641427619513, blocking:true (more...)}
	 _results = table: 0x229c7ef8  {blocking:true, pause_skip:false, time_done:true, completed:false}
(11) Lua method 'update' at file 'engine/event.lua:182'
	Local variables:
	 self = table: 0x2243f3c8  {queue_last_processed:41.899999999999, queues:table: 0x2243f3f0, queue_dt:0.016666666666667, queue_timer:42.256446928765}
	 dt = number: 0.0167284
	 forced = nil
	 (for generator) = C function: next
	 (for state) = table: 0x2243f3f0  {unlock:table: 0x2243f4e0, other:table: 0x2243f580, tutorial:table: 0x2243f530, base:table: 0x2243f508, achievement:table: 0x2243f558}
	 (for control) = number: nan
	 k = string: "base"
	 v = table: 0x2243f508  {1:table: 0x221da1c0, 2:table: 0x223867f8, 3:table: 0x22945250}
	 blocked = boolean: false
	 i = number: 2
	 results = table: 0x229c7ef8  {blocking:true, pause_skip:false, time_done:true, completed:false}
(12) Lua upvalue 'gameUpdateRef' at file 'game.lua:2552'
	Local variables:
	 self = table: 0x22096b20  {F_GUIDE:false, F_CRASH_REPORTS:false, F_QUIT_BUTTON:true, HUD_tags:table: 0x22b1caa8, F_ENGLISH_ONLY:false, viewed_stake:1, HUD:table: 0x2270b820 (more...)}
	 dt = number: 0.0167284
	 http_resp = nil
(13) Lua method 'update' at Steamodded file 'src/ui.lua:84' 
	Local variables:
	 self = table: 0x22096b20  {F_GUIDE:false, F_CRASH_REPORTS:false, F_QUIT_BUTTON:true, HUD_tags:table: 0x22b1caa8, F_ENGLISH_ONLY:false, viewed_stake:1, HUD:table: 0x2270b820 (more...)}
	 dt = number: 0.0167284
(14) Lua field 'update' at file 'main.lua:999'
	Local variables:
	 dt = number: 0.0167284
(15) Lua function '?' at file 'main.lua:938' (best guess)
(16) global C function 'xpcall'
(17) LÖVE function at file 'boot.lua:377' (best guess)
	Local variables:
	 func = Lua function '?' (defined at line 909 of chunk main.lua)
	 inerror = boolean: true
	 deferErrhand = Lua function '(LÖVE Function)' (defined at line 348 of chunk [love "boot.lua"])
	 earlyinit = Lua function '(LÖVE Function)' (defined at line 355 of chunk [love "boot.lua"])
 
INFO - [G] file not found: main.lua: No such file or directory
INFO - [G] file not found: main.lua: No such file or directory
INFO - [G] 2025-10-03 13:02:33 :: INFO  :: StackTrace :: Additional Context:
Balatro Version: 1.0.1o-FULL
Modded Version: 1.0.0~BETA-0711a-STEAMODDED
LÖVE Version: 11.5.0
Lovely Version: 0.8.0
Platform: Windows
Steamodded Mods:
    1: Super Auto Jokers by Equi [ID: SuperAutoJokers, Version: 1.0.0]
    2: DebugPlus by WilsontheWolf [ID: DebugPlus, Version: 1.5.1, Uses Lovely]
Lovely Mods: 
