INFO - [♥] Lovely 0.8.0
INFO - [♥] Game directory is at "C:\\Program Files (x86)\\Steam\\steamapps\\common\\Balatro"
INFO - [♥] Writing logs to "C:\\Users\\PC\\AppData\\Roaming\\Balatro\\Mods\\lovely\\log"
INFO - [♥] Using mod directory at "C:\\Users\\PC\\AppData\\Roaming\\Balatro\\Mods"
INFO - [♥] Cleaning up dumps directory at "C:\\Users\\PC\\AppData\\Roaming\\Balatro\\Mods\\lovely\\dump"
INFO - [♥] Initialization complete in 488ms
INFO - [♥] Applied 1 patch to 'conf.lua'
INFO - [♥] Applied 11 patches to 'main.lua'
INFO - [♥] Applied 10 patches to 'engine/controller.lua'
INFO - [♥] Applied 15 patches to 'back.lua'
INFO - [♥] Applied 7 patches to 'tag.lua'
INFO - [♥] Applied 2 patches to 'engine/moveable.lua'
INFO - [♥] Applied 2 patches to 'engine/sprite.lua'
INFO - [♥] Applied 2 patches to 'engine/animatedsprite.lua'
INFO - [♥] Applied 67 patches to 'functions/misc_functions.lua'
INFO - [♥] Applied 40 patches to 'game.lua'
INFO - [♥] Applied 1 patch to 'globals.lua'
INFO - [♥] Applied 5 patches to 'engine/ui.lua'
INFO - [♥] Applied 95 patches to 'functions/UI_definitions.lua'
INFO - [♥] Applied 49 patches to 'functions/state_events.lua'
INFO - [♥] Applied 117 patches to 'functions/common_events.lua'
INFO - [♥] Applied 51 patches to 'functions/button_callbacks.lua'
INFO - [♥] Applied 186 patches to 'card.lua'
INFO - [♥] Applied 10 patches to 'cardarea.lua'
INFO - [♥] Applied 37 patches to 'blind.lua'
INFO - [♥] Applied 2 patches to 'engine/text.lua'
INFO - [G] Failed to connect to the debug server 
INFO - [G] 2025-09-11 16:27:03 :: DEBUG :: DebugConsole :: Steamodded Debug Socket started ! 
INFO - [G] 2025-09-11 16:27:03 :: INFO  :: SMODS :: Steamodded v1.0.0~BETA-0711a 
INFO - [♥] Applied 9 patches to 'engine/sound_manager.lua'
INFO - [♥] Applied 1 patch to 'engine/save_manager.lua'
INFO - [G] 2025-09-11 16:27:07 :: INFO  :: Loader :: Valid JSON file found 
INFO - [G] 2025-09-11 16:27:07 :: INFO  :: Loader :: Valid JSON file found 
INFO - [G] 2025-09-11 16:27:08 :: INFO  :: TIMER :: [0000] Injected Fonts in 0.001 ms 
INFO - [G] 2025-09-11 16:27:08 :: INFO  :: TIMER :: [0000] Injected Language in 0.002 ms 
INFO - [G] 2025-09-11 16:27:08 :: INFO  :: TIMER :: [0000] Injected [INTERNAL] in 8.007 ms 
INFO - [G] 2025-09-11 16:27:08 :: INFO  :: TIMER :: [0003] Injected Atlas in 454.199 ms 
INFO - [G] 2025-09-11 16:27:08 :: INFO  :: TIMER :: [0001] Injected Sound in 0.966 ms 
INFO - [G] 2025-09-11 16:27:08 :: INFO  :: TIMER :: [0008] Injected Stake in 0.484 ms 
INFO - [G] 2025-09-11 16:27:08 :: INFO  :: TIMER :: [0004] Injected Rarity in 0.030 ms 
INFO - [G] 2025-09-11 16:27:08 :: INFO  :: TIMER :: [0004] Injected ObjectType in 0.089 ms 
INFO - [G] 2025-09-11 16:27:08 :: INFO  :: TIMER :: [0057] Injected Center in 0.822 ms 
INFO - [G] 2025-09-11 16:27:08 :: INFO  :: TIMER :: [0007] Injected Undiscovered Sprite in 0.034 ms 
INFO - [G] 2025-09-11 16:27:08 :: INFO  :: TIMER :: [0002] Injected Blind in 0.027 ms 
INFO - [G] 2025-09-11 16:27:08 :: INFO  :: TIMER :: [0004] Injected Seal in 0.210 ms 
INFO - [G] 2025-09-11 16:27:08 :: INFO  :: TIMER :: [0004] Injected Suit in 0.095 ms 
INFO - [G] 2025-09-11 16:27:08 :: INFO  :: TIMER :: [0013] Injected Rank in 0.169 ms 
INFO - [G] 2025-09-11 16:27:08 :: INFO  :: TIMER :: [0028] Injected DeckSkin in 0.605 ms 
INFO - [G] 2025-09-11 16:27:08 :: INFO  :: TIMER :: [0012] Injected PokerHand in 0.181 ms 
INFO - [G] 2025-09-11 16:27:08 :: INFO  :: TIMER :: [0020] Injected Challenge in 0.116 ms 
INFO - [G] 2025-09-11 16:27:08 :: INFO  :: TIMER :: [0000] Injected Tag in 0.002 ms 
INFO - [G] 2025-09-11 16:27:08 :: INFO  :: TIMER :: [0004] Injected Sticker in 0.124 ms 
INFO - [G] 2025-09-11 16:27:08 :: INFO  :: TIMER :: [0000] Injected Shader in 0.003 ms 
INFO - [G] 2025-09-11 16:27:08 :: INFO  :: TIMER :: [0002] Injected Keybind in 0.022 ms 
INFO - [G] 2025-09-11 16:27:08 :: INFO  :: TIMER :: [0000] Injected Achievement in 0.090 ms 
INFO - [G] 2025-09-11 16:27:08 :: INFO  :: TIMER :: [0002] Injected nil in 0.024 ms 
INFO - [G] 2025-09-11 16:27:08 :: INFO  :: TIMER :: [0021] Injected Draw Step in 0.207 ms 
INFO - [G] 2025-09-11 16:27:08 :: INFO  :: TIMER :: [0000] Injected [INTERNAL] in 1.085 ms 
INFO - [G] [DebugPlus] Press [/] to toggle console and press [shift] + [/] to toggle new log previews 
INFO - [G] line not found
INFO - [G] file not found: functions/button_callbacks.lua: No such file or directory
INFO - [G] file not found: main.lua: No such file or directory
INFO - [G] file not found: main.lua: No such file or directory
INFO - [G] 2025-09-11 16:27:43 :: ERROR :: StackTrace :: Oops! The game crashed
functions/common_events.lua:2323: attempt to index local 'center' (a nil value)
Stack Traceback
===============
(1) Lua upvalue 'orig' at file 'main.lua:612'
	Local variables:
	 msg = string: "functions/common_events.lua:2323: attempt to index local 'center' (a nil value)"
	 (*temporary) = Lua function '?' (defined at line 31 of chunk [SMODS _ "src/logging.lua"])
	 (*temporary) = string: "Oops! The game crashed\
"
(2) Lua local 'handler' at file 'debugplus/console.lua:606' (from lovely module debugplus.console)
	Local variables:
	 msg = string: "functions/common_events.lua:2323: attempt to index local 'center' (a nil value)"
(3) LÖVE metamethod at file 'boot.lua:352'
	Local variables:
	 errhand = Lua function '(LÖVE Function)' (defined at line 605 of chunk [lovely debugplus.console "debugplus/console.lua"])
	 handler = Lua function '(LÖVE Function)' (defined at line 605 of chunk [lovely debugplus.console "debugplus/console.lua"])
(4) Lua global 'create_card' at file 'functions/common_events.lua:2323'
	Local variables:
	 _type = string: "Spectral"
	 area = table: 0x2f5bc688  {click_offset:table: 0x2f339ba0, static_rotation:false, shuffle_amt:0, T:table: 0x2f5cacf0, offset:table: 0x2ee8dbd8, role:table: 0x2f294370, last_aligned:-1 (more...)}
	 legendary = nil
	 _rarity = nil
	 skip_materialize = nil
	 soulable = nil
	 forced_key = string: "aura"
	 key_append = nil
	 area = table: 0x2f5bc688  {click_offset:table: 0x2f339ba0, static_rotation:false, shuffle_amt:0, T:table: 0x2f5cacf0, offset:table: 0x2ee8dbd8, role:table: 0x2f294370, last_aligned:-1 (more...)}
	 center = nil
	 (*temporary) = table: 0x2ef16a38  {j_mime:table: 0x2eff5d38, j_ring_master:table: 0x2f1f6de8, b_challenge:table: 0x2f16cfc0, j_sapjokers_skunkjoker:table: 0x2eeba710, c_medium:table: 0x2f139b90 (more...)}
	 (*temporary) = number: 486
	 (*temporary) = table: 0x2fd06750  {click_offset:table: 0x2fcdefd8, children:table: 0x2fd06778, parent:table: 0x2fd065b0, T:table: 0x2fce01b0, offset:table: 0x2fd10830, role:table: 0x2fd10aa0 (more...)}
	 (*temporary) = table: 0x2fd06750  {click_offset:table: 0x2fcdefd8, children:table: 0x2fd06778, parent:table: 0x2fd065b0, T:table: 0x2fce01b0, offset:table: 0x2fd10830, role:table: 0x2fd10aa0 (more...)}
	 (*temporary) = table: 0x2ec6ef88  {1:table: 0x2f910138, 2:table: 0x2f23b328, 3:table: 0x2f5bc688, 4:table: 0x2f1afd08, 5:table: 0x2f0261c0, 6:table: 0x2f1ca480, 7:table: 0x2eee57a0 (more...)}
	 (*temporary) = number: 486
	 (*temporary) = table: 0x2fd06750  {click_offset:table: 0x2fcdefd8, children:table: 0x2fd06778, parent:table: 0x2fd065b0, T:table: 0x2fce01b0, offset:table: 0x2fd10830, role:table: 0x2fd10aa0 (more...)}
	 (*temporary) = number: nan
	 (*temporary) = number: 486
	 (*temporary) = table: 0x2fd068f0  {click_offset:table: 0x2fcdf098, children:table: 0x2fd06918, parent:table: 0x2fd06750, T:table: 0x2fcdee20, offset:table: 0x2fcdfd98, role:table: 0x2fce0008 (more...)}
	 (*temporary) = table: 0x2fd068f0  {click_offset:table: 0x2fcdf098, children:table: 0x2fd06918, parent:table: 0x2fd06750, T:table: 0x2fcdee20, offset:table: 0x2fcdfd98, role:table: 0x2fce0008 (more...)}
	 (*temporary) = table: 0x2ec6ef88  {1:table: 0x2f910138, 2:table: 0x2f23b328, 3:table: 0x2f5bc688, 4:table: 0x2f1afd08, 5:table: 0x2f0261c0, 6:table: 0x2f1ca480, 7:table: 0x2eee57a0 (more...)}
	 (*temporary) = number: 486
	 (*temporary) = string: "attempt to index local 'center' (a nil value)"
(5) Lua method 'calculate' at file 'superautojokers_main.lua:195' (from mod with id SuperAutoJokers)
	Local variables:
	 self = table: 0x2f001750  {alerted:true, loc_vars:function: 0x2ee537e0, _saved_d_u:true, original_key:cowjoker, mod:table: 0x2f365b98, registered:true, rarity:2, cost:6 (more...)}
	 card = table: 0x2fb6e580  {click_offset:table: 0x2fb6e5a8, static_rotation:false, rank:1, parent:table: 0x2f1afd08, T:table: 0x2fb36558, last_aligned:-1, extra_cost:0, highlighted:true (more...)}
	 context = table: 0x2fb7ff18  {selling_self:true}
(6) Lua method 'calculate_joker' at file 'card.lua:2555'
	Local variables:
	 self = table: 0x2fb6e580  {click_offset:table: 0x2fb6e5a8, static_rotation:false, rank:1, parent:table: 0x2f1afd08, T:table: 0x2fb36558, last_aligned:-1, extra_cost:0, highlighted:true (more...)}
	 context = table: 0x2fb7ff18  {selling_self:true}
	 obj = table: 0x2f001750  {alerted:true, loc_vars:function: 0x2ee537e0, _saved_d_u:true, original_key:cowjoker, mod:table: 0x2f365b98, registered:true, rarity:2, cost:6 (more...)}
(7) Lua global 'eval_card' at file 'functions/common_events.lua:722'
	Local variables:
	 card = table: 0x2fb6e580  {click_offset:table: 0x2fb6e5a8, static_rotation:false, rank:1, parent:table: 0x2f1afd08, T:table: 0x2fb36558, last_aligned:-1, extra_cost:0, highlighted:true (more...)}
	 context = table: 0x2fb7ff18  {selling_self:true}
	 ret = table: 0x2ee07ba8  {}
	 post_trig = table: 0x2ee07bd0  {}
	 areas = table: 0x2ef4ae28  {1:table: 0x2f1afd08, 2:table: 0x2f5bc688, 3:table: 0x2f1ca480}
	 area_set = table: 0x2f316600  {table: 0x2f1afd08:true, table: 0x2f5bc688:true, table: 0x2f1ca480:true}
(8) Lua method 'sell_card' at file 'card.lua:1837'
	Local variables:
	 self = table: 0x2fb6e580  {click_offset:table: 0x2fb6e5a8, static_rotation:false, rank:1, parent:table: 0x2f1afd08, T:table: 0x2fb36558, last_aligned:-1, extra_cost:0, highlighted:true (more...)}
	 area = table: 0x2f1afd08  {click_offset:table: 0x2f34d888, static_rotation:false, shuffle_amt:0, T:table: 0x2f34d860, offset:table: 0x2f18e138, role:table: 0x2f010f38, last_aligned:-1 (more...)}
(9) Lua function '?' at file 'functions/button_callbacks.lua:2366' (best guess)
	Local variables:
	 e = table: 0x2fd06a90  {pixellated_rect:table: 0x2ef00450, click_offset:table: 0x2fc2df98, children:table: 0x2fd06ab8, parent:table: 0x2fd068f0, T:table: 0x2fc2dea8 (more...)}
	 card = table: 0x2fb6e580  {click_offset:table: 0x2fb6e5a8, static_rotation:false, rank:1, parent:table: 0x2f1afd08, T:table: 0x2fb36558, last_aligned:-1, extra_cost:0, highlighted:true (more...)}
(10) Lua method 'click' at file 'engine/ui.lua:981'
	Local variables:
	 self = table: 0x2fd06a90  {pixellated_rect:table: 0x2ef00450, click_offset:table: 0x2fc2df98, children:table: 0x2fd06ab8, parent:table: 0x2fd068f0, T:table: 0x2fc2dea8 (more...)}
(11) Lua method 'update' at file 'engine/controller.lua:375'
	Local variables:
	 self = table: 0x2f1c6d70  {held_button_times:table: 0x2f1c7640, focus_cursor_stack_level:1, snap_cursor_to:table: 0x2fbd2838, interrupt:table: 0x2f1c7690, GAMEPAD:table: 0x2f1c7ec0 (more...)}
	 dt = number: 0.0169329
(12) Lua upvalue 'gameUpdateRef' at file 'game.lua:2689'
	Local variables:
	 self = table: 0x2ec6a808  {F_GUIDE:false, F_CRASH_REPORTS:false, F_QUIT_BUTTON:true, HUD_tags:table: 0x2f92ead0, F_ENGLISH_ONLY:false, viewed_stake:1, HUD:table: 0x2f5ef188 (more...)}
	 dt = number: 0.0169329
(13) Lua method 'update' at Steamodded file 'src/ui.lua:84' 
	Local variables:
	 self = table: 0x2ec6a808  {F_GUIDE:false, F_CRASH_REPORTS:false, F_QUIT_BUTTON:true, HUD_tags:table: 0x2f92ead0, F_ENGLISH_ONLY:false, viewed_stake:1, HUD:table: 0x2f5ef188 (more...)}
	 dt = number: 0.0169329
(14) Lua field 'update' at file 'main.lua:999'
	Local variables:
	 dt = number: 0.0169329
(15) Lua function '?' at file 'main.lua:938' (best guess)
(16) global C function 'xpcall'
(17) LÖVE function at file 'boot.lua:377' (best guess)
	Local variables:
	 func = Lua function '?' (defined at line 909 of chunk main.lua)
	 inerror = boolean: true
	 deferErrhand = Lua function '(LÖVE Function)' (defined at line 348 of chunk [love "boot.lua"])
	 earlyinit = Lua function '(LÖVE Function)' (defined at line 355 of chunk [love "boot.lua"])
 
INFO - [G] file not found: functions/button_callbacks.lua: No such file or directory
INFO - [G] file not found: main.lua: No such file or directory
INFO - [G] file not found: main.lua: No such file or directory
INFO - [G] 2025-09-11 16:27:43 :: INFO  :: StackTrace :: Additional Context:
Balatro Version: 1.0.1o-FULL
Modded Version: 1.0.0~BETA-0711a-STEAMODDED
LÖVE Version: 11.5.0
Lovely Version: 0.8.0
Platform: Windows
Steamodded Mods:
    1: Super Auto Jokers by Equi [ID: SuperAutoJokers, Version: 1.0.0]
    2: DebugPlus by WilsontheWolf [ID: DebugPlus, Version: 1.5.1, Uses Lovely]
Lovely Mods: 
