INFO - [♥] Lovely 0.8.0
INFO - [♥] Game directory is at "C:\\Program Files (x86)\\Steam\\steamapps\\common\\Balatro"
INFO - [♥] Writing logs to "C:\\Users\\PC\\AppData\\Roaming\\Balatro\\Mods\\lovely\\log"
INFO - [♥] Using mod directory at "C:\\Users\\PC\\AppData\\Roaming\\Balatro\\Mods"
INFO - [♥] Cleaning up dumps directory at "C:\\Users\\PC\\AppData\\Roaming\\Balatro\\Mods\\lovely\\dump"
INFO - [♥] Initialization complete in 132ms
INFO - [♥] Applied 1 patch to 'conf.lua'
INFO - [♥] Applied 11 patches to 'main.lua'
INFO - [♥] Applied 10 patches to 'engine/controller.lua'
INFO - [♥] Applied 15 patches to 'back.lua'
INFO - [♥] Applied 7 patches to 'tag.lua'
INFO - [♥] Applied 2 patches to 'engine/moveable.lua'
INFO - [♥] Applied 2 patches to 'engine/sprite.lua'
INFO - [♥] Applied 2 patches to 'engine/animatedsprite.lua'
INFO - [♥] Applied 67 patches to 'functions/misc_functions.lua'
INFO - [♥] Applied 40 patches to 'game.lua'
INFO - [♥] Applied 1 patch to 'globals.lua'
INFO - [♥] Applied 5 patches to 'engine/ui.lua'
INFO - [♥] Applied 95 patches to 'functions/UI_definitions.lua'
INFO - [♥] Applied 49 patches to 'functions/state_events.lua'
INFO - [♥] Applied 117 patches to 'functions/common_events.lua'
INFO - [♥] Applied 51 patches to 'functions/button_callbacks.lua'
INFO - [♥] Applied 186 patches to 'card.lua'
INFO - [♥] Applied 10 patches to 'cardarea.lua'
INFO - [♥] Applied 37 patches to 'blind.lua'
INFO - [♥] Applied 2 patches to 'engine/text.lua'
INFO - [G] Failed to connect to the debug server 
INFO - [G] 2025-09-11 15:58:39 :: DEBUG :: DebugConsole :: Steamodded Debug Socket started ! 
INFO - [G] 2025-09-11 15:58:39 :: INFO  :: SMODS :: Steamodded v1.0.0~BETA-0711a 
INFO - [♥] Applied 9 patches to 'engine/sound_manager.lua'
INFO - [♥] Applied 1 patch to 'engine/save_manager.lua'
INFO - [G] 2025-09-11 15:58:45 :: INFO  :: Loader :: Valid JSON file found 
INFO - [G] 2025-09-11 15:58:45 :: INFO  :: Loader :: Valid JSON file found 
INFO - [G] 2025-09-11 15:58:46 :: INFO  :: TIMER :: [0000] Injected Fonts in 0.001 ms 
INFO - [G] 2025-09-11 15:58:46 :: INFO  :: TIMER :: [0000] Injected Language in 0.002 ms 
INFO - [G] 2025-09-11 15:58:46 :: INFO  :: TIMER :: [0000] Injected [INTERNAL] in 3.815 ms 
INFO - [G] 2025-09-11 15:58:46 :: INFO  :: TIMER :: [0003] Injected Atlas in 644.198 ms 
INFO - [G] 2025-09-11 15:58:46 :: INFO  :: TIMER :: [0001] Injected Sound in 1.781 ms 
INFO - [G] 2025-09-11 15:58:46 :: INFO  :: TIMER :: [0008] Injected Stake in 0.433 ms 
INFO - [G] 2025-09-11 15:58:46 :: INFO  :: TIMER :: [0004] Injected Rarity in 0.039 ms 
INFO - [G] 2025-09-11 15:58:46 :: INFO  :: TIMER :: [0004] Injected ObjectType in 0.062 ms 
INFO - [G] 2025-09-11 15:58:46 :: INFO  :: TIMER :: [0057] Injected Center in 0.875 ms 
INFO - [G] 2025-09-11 15:58:46 :: INFO  :: TIMER :: [0007] Injected Undiscovered Sprite in 0.029 ms 
INFO - [G] 2025-09-11 15:58:46 :: INFO  :: TIMER :: [0002] Injected Blind in 0.027 ms 
INFO - [G] 2025-09-11 15:58:46 :: INFO  :: TIMER :: [0004] Injected Seal in 0.204 ms 
INFO - [G] 2025-09-11 15:58:46 :: INFO  :: TIMER :: [0004] Injected Suit in 0.145 ms 
INFO - [G] 2025-09-11 15:58:46 :: INFO  :: TIMER :: [0013] Injected Rank in 0.165 ms 
INFO - [G] 2025-09-11 15:58:46 :: INFO  :: TIMER :: [0028] Injected DeckSkin in 0.362 ms 
INFO - [G] 2025-09-11 15:58:46 :: INFO  :: TIMER :: [0012] Injected PokerHand in 0.079 ms 
INFO - [G] 2025-09-11 15:58:46 :: INFO  :: TIMER :: [0020] Injected Challenge in 0.055 ms 
INFO - [G] 2025-09-11 15:58:46 :: INFO  :: TIMER :: [0000] Injected Tag in 0.002 ms 
INFO - [G] 2025-09-11 15:58:46 :: INFO  :: TIMER :: [0004] Injected Sticker in 0.310 ms 
INFO - [G] 2025-09-11 15:58:46 :: INFO  :: TIMER :: [0000] Injected Shader in 0.075 ms 
INFO - [G] 2025-09-11 15:58:46 :: INFO  :: TIMER :: [0002] Injected Keybind in 0.021 ms 
INFO - [G] 2025-09-11 15:58:47 :: INFO  :: TIMER :: [0000] Injected Achievement in 0.351 ms 
INFO - [G] 2025-09-11 15:58:47 :: INFO  :: TIMER :: [0002] Injected nil in 0.025 ms 
INFO - [G] 2025-09-11 15:58:47 :: INFO  :: TIMER :: [0021] Injected Draw Step in 0.209 ms 
INFO - [G] 2025-09-11 15:58:47 :: INFO  :: TIMER :: [0000] Injected [INTERNAL] in 3.082 ms 
INFO - [G] [DebugPlus] Press [/] to toggle console and press [shift] + [/] to toggle new log previews 
INFO - [G] line not found
INFO - [G] file not found: functions/button_callbacks.lua: No such file or directory
INFO - [G] file not found: main.lua: No such file or directory
INFO - [G] file not found: main.lua: No such file or directory
INFO - [G] 2025-09-11 16:00:01 :: ERROR :: StackTrace :: Oops! The game crashed
functions/common_events.lua:2323: attempt to index local 'center' (a nil value)
Stack Traceback
===============
(1) Lua upvalue 'orig' at file 'main.lua:612'
	Local variables:
	 msg = string: "functions/common_events.lua:2323: attempt to index local 'center' (a nil value)"
	 (*temporary) = Lua function '?' (defined at line 31 of chunk [SMODS _ "src/logging.lua"])
	 (*temporary) = string: "Oops! The game crashed\
"
(2) Lua local 'handler' at file 'debugplus/console.lua:606' (from lovely module debugplus.console)
	Local variables:
	 msg = string: "functions/common_events.lua:2323: attempt to index local 'center' (a nil value)"
(3) LÖVE metamethod at file 'boot.lua:352'
	Local variables:
	 errhand = Lua function '(LÖVE Function)' (defined at line 605 of chunk [lovely debugplus.console "debugplus/console.lua"])
	 handler = Lua function '(LÖVE Function)' (defined at line 605 of chunk [lovely debugplus.console "debugplus/console.lua"])
(4) Lua global 'create_card' at file 'functions/common_events.lua:2323'
	Local variables:
	 _type = nil
	 area = nil
	 legendary = nil
	 _rarity = nil
	 skip_materialize = nil
	 soulable = nil
	 forced_key = string: "aura"
	 key_append = nil
	 area = table: 0x05e3ca10  {click_offset:table: 0x05b25d08, static_rotation:false, shuffle_amt:0, T:table: 0x05c85330, offset:table: 0x05830d00, role:table: 0x055ee7d8, last_aligned:-1 (more...)}
	 center = nil
	 (*temporary) = table: 0x05947798  {j_mime:table: 0x0595d7f0, j_ring_master:table: 0x057de3d0, b_challenge:table: 0x05bab418, j_sapjokers_skunkjoker:table: 0x05574718, c_medium:table: 0x05933de0 (more...)}
	 (*temporary) = number: 488
	 (*temporary) = table: 0x05eb2888  {click_offset:table: 0x05d4c8f0, children:table: 0x066e6a08, parent:table: 0x05ec0af0, T:table: 0x05d4c8c8, offset:table: 0x0650f2c8, role:table: 0x06598f60 (more...)}
	 (*temporary) = number: nan
	 (*temporary) = number: 488
	 (*temporary) = table: 0x066ab490  {click_offset:table: 0x05544980, children:table: 0x058fb9e0, parent:table: 0x05eb2888, T:table: 0x06863220, offset:table: 0x05e39460, role:table: 0x05e5a958 (more...)}
	 (*temporary) = table: 0x066ab490  {click_offset:table: 0x05544980, children:table: 0x058fb9e0, parent:table: 0x05eb2888, T:table: 0x06863220, offset:table: 0x05e39460, role:table: 0x05e5a958 (more...)}
	 (*temporary) = table: 0x05587018  {1:table: 0x05af55c0, 2:table: 0x05c02338, 3:table: 0x05d3b760, 4:table: 0x05e3ca10, 5:table: 0x05aa4da0, 6:table: 0x057e5850, 7:table: 0x0570d8b8 (more...)}
	 (*temporary) = number: 488
	 (*temporary) = table: 0x066ab490  {click_offset:table: 0x05544980, children:table: 0x058fb9e0, parent:table: 0x05eb2888, T:table: 0x06863220, offset:table: 0x05e39460, role:table: 0x05e5a958 (more...)}
	 (*temporary) = number: nan
	 (*temporary) = number: 488
	 (*temporary) = table: 0x05bffd00  {pixellated_rect:table: 0x065a6898, click_offset:table: 0x05d087b8, children:table: 0x06829d70, parent:table: 0x066ab490, T:table: 0x05ae68a8 (more...)}
	 (*temporary) = string: "attempt to index local 'center' (a nil value)"
(5) Lua field 'create_card' at Steamodded file 'src/utils.lua:382' 
	Local variables:
	 t = table: 0x056cdbc8  {key:aura}
(6) Lua field 'add_card' at Steamodded file 'src/utils.lua:406' 
	Local variables:
	 t = table: 0x056cdbc8  {key:aura}
(7) Lua method 'calculate' at file 'superautojokers_main.lua:190' (from mod with id SuperAutoJokers)
	Local variables:
	 self = table: 0x058a7230  {alerted:true, _saved_d_u:true, original_key:cowjoker, loc_txt:table: 0x05817b10, registered:true, rarity:2, cost:6, eternal_compat:false, calculate:function: 0x054c39c8 (more...)}
	 card = table: 0x05caac60  {click_offset:table: 0x0587c940, static_rotation:false, rank:1, parent:table: 0x05e3ca10, T:table: 0x05b945d8, last_aligned:-1, extra_cost:0, highlighted:true (more...)}
	 context = table: 0x06766ee0  {selling_self:true}
(8) Lua method 'calculate_joker' at file 'card.lua:2555'
	Local variables:
	 self = table: 0x05caac60  {click_offset:table: 0x0587c940, static_rotation:false, rank:1, parent:table: 0x05e3ca10, T:table: 0x05b945d8, last_aligned:-1, extra_cost:0, highlighted:true (more...)}
	 context = table: 0x06766ee0  {selling_self:true}
	 obj = table: 0x058a7230  {alerted:true, _saved_d_u:true, original_key:cowjoker, loc_txt:table: 0x05817b10, registered:true, rarity:2, cost:6, eternal_compat:false, calculate:function: 0x054c39c8 (more...)}
(9) Lua global 'eval_card' at file 'functions/common_events.lua:722'
	Local variables:
	 card = table: 0x05caac60  {click_offset:table: 0x0587c940, static_rotation:false, rank:1, parent:table: 0x05e3ca10, T:table: 0x05b945d8, last_aligned:-1, extra_cost:0, highlighted:true (more...)}
	 context = table: 0x06766ee0  {selling_self:true}
	 ret = table: 0x05eb7690  {}
	 post_trig = table: 0x05eb76b8  {}
	 areas = table: 0x056cff48  {1:table: 0x05e3ca10, 2:table: 0x05d3b760, 3:table: 0x057e5850}
	 area_set = table: 0x05eb76e0  {table: 0x057e5850:true, table: 0x05e3ca10:true, table: 0x05d3b760:true}
(10) Lua method 'sell_card' at file 'card.lua:1837'
	Local variables:
	 self = table: 0x05caac60  {click_offset:table: 0x0587c940, static_rotation:false, rank:1, parent:table: 0x05e3ca10, T:table: 0x05b945d8, last_aligned:-1, extra_cost:0, highlighted:true (more...)}
	 area = table: 0x05e3ca10  {click_offset:table: 0x05b25d08, static_rotation:false, shuffle_amt:0, T:table: 0x05c85330, offset:table: 0x05830d00, role:table: 0x055ee7d8, last_aligned:-1 (more...)}
(11) Lua function '?' at file 'functions/button_callbacks.lua:2366' (best guess)
	Local variables:
	 e = table: 0x05bffd00  {pixellated_rect:table: 0x065a6898, click_offset:table: 0x05d087b8, children:table: 0x06829d70, parent:table: 0x066ab490, T:table: 0x05ae68a8 (more...)}
	 card = table: 0x05caac60  {click_offset:table: 0x0587c940, static_rotation:false, rank:1, parent:table: 0x05e3ca10, T:table: 0x05b945d8, last_aligned:-1, extra_cost:0, highlighted:true (more...)}
(12) Lua method 'click' at file 'engine/ui.lua:981'
	Local variables:
	 self = table: 0x05bffd00  {pixellated_rect:table: 0x065a6898, click_offset:table: 0x05d087b8, children:table: 0x06829d70, parent:table: 0x066ab490, T:table: 0x05ae68a8 (more...)}
(13) Lua method 'update' at file 'engine/controller.lua:375'
	Local variables:
	 self = table: 0x05ad5398  {held_button_times:table: 0x05ad5c68, focus_cursor_stack_level:1, snap_cursor_to:table: 0x067a4eb8, interrupt:table: 0x05ad5cb8, GAMEPAD:table: 0x05ad64e8 (more...)}
	 dt = number: 0.0168324
(14) Lua upvalue 'gameUpdateRef' at file 'game.lua:2689'
	Local variables:
	 self = table: 0x05582850  {F_GUIDE:false, F_CRASH_REPORTS:false, F_QUIT_BUTTON:true, HUD_tags:table: 0x06604200, F_ENGLISH_ONLY:false, viewed_stake:1, HUD:table: 0x0656d628 (more...)}
	 dt = number: 0.0168324
(15) Lua method 'update' at Steamodded file 'src/ui.lua:84' 
	Local variables:
	 self = table: 0x05582850  {F_GUIDE:false, F_CRASH_REPORTS:false, F_QUIT_BUTTON:true, HUD_tags:table: 0x06604200, F_ENGLISH_ONLY:false, viewed_stake:1, HUD:table: 0x0656d628 (more...)}
	 dt = number: 0.0168324
(16) Lua field 'update' at file 'main.lua:999'
	Local variables:
	 dt = number: 0.0168324
(17) Lua function '?' at file 'main.lua:938' (best guess)
(18) global C function 'xpcall'
(19) LÖVE function at file 'boot.lua:377' (best guess)
	Local variables:
	 func = Lua function '?' (defined at line 909 of chunk main.lua)
	 inerror = boolean: true
	 deferErrhand = Lua function '(LÖVE Function)' (defined at line 348 of chunk [love "boot.lua"])
	 earlyinit = Lua function '(LÖVE Function)' (defined at line 355 of chunk [love "boot.lua"])
 
INFO - [G] file not found: functions/button_callbacks.lua: No such file or directory
INFO - [G] file not found: main.lua: No such file or directory
INFO - [G] file not found: main.lua: No such file or directory
INFO - [G] 2025-09-11 16:00:01 :: INFO  :: StackTrace :: Additional Context:
Balatro Version: 1.0.1o-FULL
Modded Version: 1.0.0~BETA-0711a-STEAMODDED
LÖVE Version: 11.5.0
Lovely Version: 0.8.0
Platform: Windows
Steamodded Mods:
    1: Super Auto Jokers by Equi [ID: SuperAutoJokers, Version: 1.0.0]
    2: DebugPlus by WilsontheWolf [ID: DebugPlus, Version: 1.5.1, Uses Lovely]
Lovely Mods: 
