INFO - [♥] Lovely 0.8.0
INFO - [♥] Game directory is at "C:\\Program Files (x86)\\Steam\\steamapps\\common\\Balatro"
INFO - [♥] Writing logs to "C:\\Users\\PC\\AppData\\Roaming\\Balatro\\Mods\\lovely\\log"
INFO - [♥] Using mod directory at "C:\\Users\\PC\\AppData\\Roaming\\Balatro\\Mods"
INFO - [♥] Cleaning up dumps directory at "C:\\Users\\PC\\AppData\\Roaming\\Balatro\\Mods\\lovely\\dump"
INFO - [♥] Initialization complete in 70ms
INFO - [♥] Applied 1 patch to 'conf.lua'
INFO - [♥] Applied 11 patches to 'main.lua'
INFO - [♥] Applied 10 patches to 'engine/controller.lua'
INFO - [♥] Applied 15 patches to 'back.lua'
INFO - [♥] Applied 7 patches to 'tag.lua'
INFO - [♥] Applied 2 patches to 'engine/moveable.lua'
INFO - [♥] Applied 2 patches to 'engine/sprite.lua'
INFO - [♥] Applied 2 patches to 'engine/animatedsprite.lua'
INFO - [♥] Applied 67 patches to 'functions/misc_functions.lua'
INFO - [♥] Applied 40 patches to 'game.lua'
INFO - [♥] Applied 1 patch to 'globals.lua'
INFO - [♥] Applied 5 patches to 'engine/ui.lua'
INFO - [♥] Applied 95 patches to 'functions/UI_definitions.lua'
INFO - [♥] Applied 49 patches to 'functions/state_events.lua'
INFO - [♥] Applied 117 patches to 'functions/common_events.lua'
INFO - [♥] Applied 51 patches to 'functions/button_callbacks.lua'
INFO - [♥] Applied 186 patches to 'card.lua'
INFO - [♥] Applied 10 patches to 'cardarea.lua'
INFO - [♥] Applied 37 patches to 'blind.lua'
INFO - [♥] Applied 2 patches to 'engine/text.lua'
INFO - [G] Failed to connect to the debug server 
INFO - [G] 2025-09-24 18:33:48 :: DEBUG :: DebugConsole :: Steamodded Debug Socket started ! 
INFO - [G] 2025-09-24 18:33:48 :: INFO  :: SMODS :: Steamodded v1.0.0~BETA-0711a 
INFO - [♥] Applied 9 patches to 'engine/sound_manager.lua'
INFO - [♥] Applied 1 patch to 'engine/save_manager.lua'
INFO - [G] 2025-09-24 18:33:52 :: INFO  :: Loader :: Valid JSON file found 
INFO - [G] 2025-09-24 18:33:52 :: INFO  :: Loader :: Valid JSON file found 
INFO - [G] 2025-09-24 18:33:52 :: WARN  :: Joker :: Cannot take ownership of j_mail-in_rebate: Does not exist. 
INFO - [G] 2025-09-24 18:33:52 :: INFO  :: TIMER :: [0000] Injected Fonts in 0.001 ms 
INFO - [G] 2025-09-24 18:33:52 :: INFO  :: TIMER :: [0000] Injected Language in 0.002 ms 
INFO - [G] 2025-09-24 18:33:52 :: INFO  :: TIMER :: [0000] Injected [INTERNAL] in 3.028 ms 
INFO - [G] 2025-09-24 18:33:53 :: INFO  :: TIMER :: [0003] Injected Atlas in 439.477 ms 
INFO - [G] 2025-09-24 18:33:53 :: INFO  :: TIMER :: [0001] Injected Sound in 1.015 ms 
INFO - [G] 2025-09-24 18:33:53 :: INFO  :: TIMER :: [0008] Injected Stake in 1.312 ms 
INFO - [G] 2025-09-24 18:33:53 :: INFO  :: TIMER :: [0004] Injected Rarity in 0.160 ms 
INFO - [G] 2025-09-24 18:33:53 :: INFO  :: TIMER :: [0004] Injected ObjectType in 0.452 ms 
INFO - [G] 2025-09-24 18:33:53 :: INFO  :: TIMER :: [0070] Injected Center in 2.225 ms 
INFO - [G] 2025-09-24 18:33:53 :: INFO  :: TIMER :: [0007] Injected Undiscovered Sprite in 0.029 ms 
INFO - [G] 2025-09-24 18:33:53 :: INFO  :: TIMER :: [0002] Injected Blind in 0.029 ms 
INFO - [G] 2025-09-24 18:33:53 :: INFO  :: TIMER :: [0004] Injected Seal in 0.361 ms 
INFO - [G] 2025-09-24 18:33:53 :: INFO  :: TIMER :: [0004] Injected Suit in 0.218 ms 
INFO - [G] 2025-09-24 18:33:53 :: INFO  :: TIMER :: [0013] Injected Rank in 0.271 ms 
INFO - [G] 2025-09-24 18:33:53 :: INFO  :: TIMER :: [0028] Injected DeckSkin in 0.529 ms 
INFO - [G] 2025-09-24 18:33:53 :: INFO  :: TIMER :: [0012] Injected PokerHand in 0.338 ms 
INFO - [G] 2025-09-24 18:33:53 :: INFO  :: TIMER :: [0020] Injected Challenge in 0.157 ms 
INFO - [G] 2025-09-24 18:33:53 :: INFO  :: TIMER :: [0000] Injected Tag in 0.002 ms 
INFO - [G] 2025-09-24 18:33:53 :: INFO  :: TIMER :: [0004] Injected Sticker in 0.287 ms 
INFO - [G] 2025-09-24 18:33:53 :: INFO  :: TIMER :: [0000] Injected Shader in 0.003 ms 
INFO - [G] 2025-09-24 18:33:53 :: INFO  :: TIMER :: [0002] Injected Keybind in 0.045 ms 
INFO - [G] 2025-09-24 18:33:53 :: INFO  :: TIMER :: [0000] Injected Achievement in 0.084 ms 
INFO - [G] 2025-09-24 18:33:53 :: INFO  :: TIMER :: [0002] Injected nil in 0.025 ms 
INFO - [G] 2025-09-24 18:33:53 :: INFO  :: TIMER :: [0021] Injected Draw Step in 0.377 ms 
INFO - [G] 2025-09-24 18:33:53 :: INFO  :: TIMER :: [0000] Injected [INTERNAL] in 1.214 ms 
INFO - [G] [DebugPlus] Press [/] to toggle console and press [shift] + [/] to toggle new log previews 
INFO - [G] line not found
INFO - [G] line not found
INFO - [G] file not found: main.lua: No such file or directory
INFO - [G] file not found: main.lua: No such file or directory
INFO - [G] 2025-09-24 18:34:05 :: ERROR :: StackTrace :: Oops! The game crashed
[SMODS SuperAutoJokers "superautojokers_main.lua"]:450: attempt to index field 'ability' (a nil value)
Stack Traceback
===============
(1) Lua upvalue 'orig' at file 'main.lua:612'
	Local variables:
	 msg = string: "[SMODS SuperAutoJokers \"superautojokers_main.lua\"]:450: attempt to index field 'ability' (a nil value)"
	 (*temporary) = Lua function '?' (defined at line 31 of chunk [SMODS _ "src/logging.lua"])
	 (*temporary) = string: "Oops! The game crashed\
"
(2) Lua local 'handler' at file 'debugplus/console.lua:606' (from lovely module debugplus.console)
	Local variables:
	 msg = string: "[SMODS SuperAutoJokers \"superautojokers_main.lua\"]:450: attempt to index field 'ability' (a nil value)"
(3) LÖVE metamethod at file 'boot.lua:352'
	Local variables:
	 errhand = Lua function '(LÖVE Function)' (defined at line 605 of chunk [lovely debugplus.console "debugplus/console.lua"])
	 handler = Lua function '(LÖVE Function)' (defined at line 605 of chunk [lovely debugplus.console "debugplus/console.lua"])
(4) Lua method 'calculate' at file 'superautojokers_main.lua:450' (from mod with id SuperAutoJokers)
	Local variables:
	 self = table: 0x3ecb0dd8  {alerted:true, atlas:Joker, registered:true, _saved_d_u:true, original_key:8_ball, _discovered_unlocked_overwritten:true, calculate:function: 0x3f0c23c8 (more...)}
	 card = table: 0x3e8b2698  {click_offset:table: 0x3eb06f58, under_overlay:false, children:table: 0x3ee3aaa0, ambient_tilt:0.2, parent:table: 0x3e8be060, pinch:table: 0x3e6aecd0 (more...)}
	 context = table: 0x3ef469b0  {other_card:table: 0x3effffc0, poker_hands:table: 0x3e873320, individual:true, scoring_name:Straight, scoring_hand:table: 0x3e74e070, full_hand:table: 0x3effff20 (more...)}
	 (*temporary) = Lua function '?' (defined at line 2595 of chunk [SMODS _ "src/utils.lua"])
	 (*temporary) = table: 0x3ecb0dd8  {alerted:true, atlas:Joker, registered:true, _saved_d_u:true, original_key:8_ball, _discovered_unlocked_overwritten:true, calculate:function: 0x3f0c23c8 (more...)}
	 (*temporary) = string: "8ball"
	 (*temporary) = number: 1
	 (*temporary) = nil
	 (*temporary) = string: "attempt to index field 'ability' (a nil value)"
(5) Lua method 'calculate_joker' at file 'card.lua:2555'
	Local variables:
	 self = table: 0x3e8b2698  {click_offset:table: 0x3eb06f58, under_overlay:false, children:table: 0x3ee3aaa0, ambient_tilt:0.2, parent:table: 0x3e8be060, pinch:table: 0x3e6aecd0 (more...)}
	 context = table: 0x3ef469b0  {other_card:table: 0x3effffc0, poker_hands:table: 0x3e873320, individual:true, scoring_name:Straight, scoring_hand:table: 0x3e74e070, full_hand:table: 0x3effff20 (more...)}
	 obj = table: 0x3ecb0dd8  {alerted:true, atlas:Joker, registered:true, _saved_d_u:true, original_key:8_ball, _discovered_unlocked_overwritten:true, calculate:function: 0x3f0c23c8 (more...)}
(6) Lua global 'eval_card' at file 'functions/common_events.lua:722'
	Local variables:
	 card = table: 0x3e8b2698  {click_offset:table: 0x3eb06f58, under_overlay:false, children:table: 0x3ee3aaa0, ambient_tilt:0.2, parent:table: 0x3e8be060, pinch:table: 0x3e6aecd0 (more...)}
	 context = table: 0x3ef469b0  {other_card:table: 0x3effffc0, poker_hands:table: 0x3e873320, individual:true, scoring_name:Straight, scoring_hand:table: 0x3e74e070, full_hand:table: 0x3effff20 (more...)}
	 ret = table: 0x3ecaf118  {}
	 post_trig = table: 0x3ed3ff70  {}
	 areas = table: 0x3e8df858  {1:table: 0x3e8be060, 2:table: 0x3e9647d0, 3:table: 0x3f056900}
	 area_set = table: 0x3ed3ff98  {table: 0x3f056900:true, table: 0x3e9647d0:true, table: 0x3e8be060:true}
(7) Lua field 'calculate_card_areas' at Steamodded file 'src/utils.lua:1720' 
	Local variables:
	 _type = string: "jokers"
	 context = table: 0x3ef469b0  {other_card:table: 0x3effffc0, poker_hands:table: 0x3e873320, individual:true, scoring_name:Straight, scoring_hand:table: 0x3e74e070, full_hand:table: 0x3effff20 (more...)}
	 return_table = table: 0x3ef49e88  {1:table: 0x3ef473b0, 2:table: 0x3e702ac0, 3:table: 0x3e801eb0}
	 args = table: 0x3e923a38  {main_scoring:true}
	 flags = table: 0x3e923a60  {}
	 (for generator) = C function: builtin#6
	 (for state) = table: 0x3ee72340  {1:table: 0x3e8be060, 2:table: 0x3e9647d0, 3:table: 0x3f056900}
	 (for control) = number: 1
	 _ = number: 1
	 area = table: 0x3e8be060  {click_offset:table: 0x3ece9140, static_rotation:false, shuffle_amt:0, T:table: 0x3ece8eb8, offset:table: 0x3e6d0010, role:table: 0x3ea75e88, last_aligned:-1 (more...)}
	 (for generator) = C function: builtin#6
	 (for state) = table: 0x3edafa50  {1:table: 0x3edafaa0, 2:table: 0x3e8b2698}
	 (for control) = number: 2
	 _ = number: 2
	 _card = table: 0x3e8b2698  {click_offset:table: 0x3eb06f58, under_overlay:false, children:table: 0x3ee3aaa0, ambient_tilt:0.2, parent:table: 0x3e8be060, pinch:table: 0x3e6aecd0 (more...)}
(8) Lua field 'score_card' at Steamodded file 'src/utils.lua:1880' 
	Local variables:
	 card = table: 0x3effffc0  {click_offset:table: 0x3f000390, children:table: 0x3f007168, ambient_tilt:0.2, parent:table: 0x3eb3bfb0, highlighted:false, T:table: 0x3f0001d8 (more...)}
	 context = table: 0x3ef469b0  {other_card:table: 0x3effffc0, poker_hands:table: 0x3e873320, individual:true, scoring_name:Straight, scoring_hand:table: 0x3e74e070, full_hand:table: 0x3effff20 (more...)}
	 reps = table: 0x3ef487d0  {1:1}
	 j = number: 1
	 effects = table: 0x3ef49e88  {1:table: 0x3ef473b0, 2:table: 0x3e702ac0, 3:table: 0x3e801eb0}
(9) Lua field 'calculate_main_scoring' at Steamodded file 'src/utils.lua:1924' 
	Local variables:
	 context = table: 0x3ef469b0  {other_card:table: 0x3effffc0, poker_hands:table: 0x3e873320, individual:true, scoring_name:Straight, scoring_hand:table: 0x3e74e070, full_hand:table: 0x3effff20 (more...)}
	 scoring_hand = table: 0x3e74e070  {1:table: 0x3effffc0, 2:table: 0x3f00cb50, 3:table: 0x3f3f8d10, 4:table: 0x3f412318, 5:table: 0x3f4057f8}
	 (for generator) = C function: builtin#6
	 (for state) = table: 0x3effff20  {1:table: 0x3effffc0, 2:table: 0x3f00cb50, 3:table: 0x3f3f8d10, 4:table: 0x3f412318, 5:table: 0x3f4057f8}
	 (for control) = number: 1
	 _ = number: 1
	 card = table: 0x3effffc0  {click_offset:table: 0x3f000390, children:table: 0x3f007168, ambient_tilt:0.2, parent:table: 0x3eb3bfb0, highlighted:false, T:table: 0x3f0001d8 (more...)}
	 in_scoring = boolean: true
(10) Lua field 'evaluate_play' at file 'functions/state_events.lua:614'
	Local variables:
	 e = nil
	 text = string: "Straight"
	 disp_text = string: "Straight"
	 poker_hands = table: 0x3e873320  {Flush House:table: 0x3ec5bb68, Full House:table: 0x3ea8e628, top:table: 0x3e99ed28, Flush:table: 0x3e755060, Pair:table: 0x3f5e1c18, Four of a Kind:table: 0x3f496718 (more...)}
	 scoring_hand = table: 0x3e74e070  {1:table: 0x3effffc0, 2:table: 0x3f00cb50, 3:table: 0x3f3f8d10, 4:table: 0x3f412318, 5:table: 0x3f4057f8}
	 non_loc_disp_text = string: "Straight"
	 final_scoring_hand = table: 0x3e74e070  {1:table: 0x3effffc0, 2:table: 0x3f00cb50, 3:table: 0x3f3f8d10, 4:table: 0x3f412318, 5:table: 0x3f4057f8}
	 hand_text_set = boolean: false
	 modded = nil
	 (for generator) = C function: builtin#6
	 (for state) = table: 0x3ef45b88  {1:table: 0x3eb3bfb0, 2:table: 0x3efd8fa0}
	 (for control) = number: 1
	 _ = number: 1
	 v = table: 0x3eb3bfb0  {click_offset:table: 0x3e950ef0, static_rotation:false, shuffle_amt:0, T:table: 0x3e7d1878, offset:table: 0x3eceb098, role:table: 0x3e9d08d0, last_aligned:-1 (more...)}
(11) Lua field 'func' at file 'functions/state_events.lua:482'
(12) Lua method 'handle' at file 'engine/event.lua:99'
	Local variables:
	 self = table: 0x3e8a58e8  {start_timer:true, timer:TOTAL, blockable:true, trigger:immediate, func:function: 0x3e96c838, delay:0, complete:false, time:27.764414637518, blocking:true (more...)}
	 _results = table: 0x3f0707c0  {blocking:true, pause_skip:false, time_done:false, completed:false}
(13) Lua method 'update' at file 'engine/event.lua:182'
	Local variables:
	 self = table: 0x3ecadf28  {queue_last_processed:10.333333333333, queues:table: 0x3ecadf50, queue_dt:0.016666666666667, queue_timer:11.777927707639}
	 dt = number: 0.0165379
	 forced = nil
	 (for generator) = C function: next
	 (for state) = table: 0x3ecadf50  {unlock:table: 0x3ecae040, other:table: 0x3ecae0e0, tutorial:table: 0x3ecae090, base:table: 0x3ecae068, achievement:table: 0x3ecae0b8}
	 (for control) = number: nan
	 k = string: "base"
	 v = table: 0x3ecae068  {1:table: 0x3edafa28, 2:table: 0x3e8a58e8, 3:table: 0x3ed101b8, 4:table: 0x3e907868, 5:table: 0x3f5f0498, 6:table: 0x3f496de8, 7:table: 0x3f464710 (more...)}
	 blocked = boolean: false
	 i = number: 2
	 results = table: 0x3f0707c0  {blocking:true, pause_skip:false, time_done:false, completed:false}
(14) Lua upvalue 'gameUpdateRef' at file 'game.lua:2552'
	Local variables:
	 self = table: 0x3e742d60  {F_GUIDE:false, F_CRASH_REPORTS:false, F_QUIT_BUTTON:true, HUD_tags:table: 0x3f4de5f8, F_ENGLISH_ONLY:false, viewed_stake:1, HUD:table: 0x3f4654d0 (more...)}
	 dt = number: 0.0165379
	 http_resp = nil
(15) Lua method 'update' at Steamodded file 'src/ui.lua:84' 
	Local variables:
	 self = table: 0x3e742d60  {F_GUIDE:false, F_CRASH_REPORTS:false, F_QUIT_BUTTON:true, HUD_tags:table: 0x3f4de5f8, F_ENGLISH_ONLY:false, viewed_stake:1, HUD:table: 0x3f4654d0 (more...)}
	 dt = number: 0.0165379
(16) Lua field 'update' at file 'main.lua:999'
	Local variables:
	 dt = number: 0.0165379
(17) Lua function '?' at file 'main.lua:938' (best guess)
(18) global C function 'xpcall'
(19) LÖVE function at file 'boot.lua:377' (best guess)
	Local variables:
	 func = Lua function '?' (defined at line 909 of chunk main.lua)
	 inerror = boolean: true
	 deferErrhand = Lua function '(LÖVE Function)' (defined at line 348 of chunk [love "boot.lua"])
	 earlyinit = Lua function '(LÖVE Function)' (defined at line 355 of chunk [love "boot.lua"])
 
INFO - [G] line not found
INFO - [G] file not found: main.lua: No such file or directory
INFO - [G] file not found: main.lua: No such file or directory
INFO - [G] 2025-09-24 18:34:05 :: INFO  :: StackTrace :: Additional Context:
Balatro Version: 1.0.1o-FULL
Modded Version: 1.0.0~BETA-0711a-STEAMODDED
LÖVE Version: 11.5.0
Lovely Version: 0.8.0
Platform: Windows
Steamodded Mods:
    1: Super Auto Jokers by Equi [ID: SuperAutoJokers, Version: 1.0.0]
    2: DebugPlus by WilsontheWolf [ID: DebugPlus, Version: 1.5.1, Uses Lovely]
Lovely Mods: 
