INFO - [♥] Lovely 0.8.0
INFO - [♥] Game directory is at "C:\\Program Files (x86)\\Steam\\steamapps\\common\\Balatro"
INFO - [♥] Writing logs to "C:\\Users\\PC\\AppData\\Roaming\\Balatro\\Mods\\lovely\\log"
INFO - [♥] Using mod directory at "C:\\Users\\PC\\AppData\\Roaming\\Balatro\\Mods"
INFO - [♥] Cleaning up dumps directory at "C:\\Users\\PC\\AppData\\Roaming\\Balatro\\Mods\\lovely\\dump"
INFO - [♥] Initialization complete in 72ms
INFO - [♥] Applied 1 patch to 'conf.lua'
INFO - [♥] Applied 11 patches to 'main.lua'
INFO - [♥] Applied 10 patches to 'engine/controller.lua'
INFO - [♥] Applied 15 patches to 'back.lua'
INFO - [♥] Applied 7 patches to 'tag.lua'
INFO - [♥] Applied 2 patches to 'engine/moveable.lua'
INFO - [♥] Applied 2 patches to 'engine/sprite.lua'
INFO - [♥] Applied 2 patches to 'engine/animatedsprite.lua'
INFO - [♥] Applied 67 patches to 'functions/misc_functions.lua'
INFO - [♥] Applied 40 patches to 'game.lua'
INFO - [♥] Applied 1 patch to 'globals.lua'
INFO - [♥] Applied 5 patches to 'engine/ui.lua'
INFO - [♥] Applied 95 patches to 'functions/UI_definitions.lua'
INFO - [♥] Applied 49 patches to 'functions/state_events.lua'
INFO - [♥] Applied 117 patches to 'functions/common_events.lua'
INFO - [♥] Applied 51 patches to 'functions/button_callbacks.lua'
INFO - [♥] Applied 186 patches to 'card.lua'
INFO - [♥] Applied 10 patches to 'cardarea.lua'
INFO - [♥] Applied 37 patches to 'blind.lua'
INFO - [♥] Applied 2 patches to 'engine/text.lua'
INFO - [G] Failed to connect to the debug server 
INFO - [G] 2025-09-23 19:37:09 :: DEBUG :: DebugConsole :: Steamodded Debug Socket started ! 
INFO - [G] 2025-09-23 19:37:09 :: INFO  :: SMODS :: Steamodded v1.0.0~BETA-0711a 
INFO - [♥] Applied 9 patches to 'engine/sound_manager.lua'
INFO - [♥] Applied 1 patch to 'engine/save_manager.lua'
INFO - [G] 2025-09-23 19:37:13 :: INFO  :: Loader :: Valid JSON file found 
INFO - [G] 2025-09-23 19:37:13 :: INFO  :: Loader :: Valid JSON file found 
INFO - [G] 2025-09-23 19:37:14 :: INFO  :: TIMER :: [0000] Injected Fonts in 0.002 ms 
INFO - [G] 2025-09-23 19:37:14 :: INFO  :: TIMER :: [0000] Injected Language in 0.003 ms 
INFO - [G] 2025-09-23 19:37:14 :: INFO  :: TIMER :: [0000] Injected [INTERNAL] in 2.929 ms 
INFO - [G] 2025-09-23 19:37:14 :: INFO  :: TIMER :: [0003] Injected Atlas in 509.635 ms 
INFO - [G] 2025-09-23 19:37:14 :: INFO  :: TIMER :: [0001] Injected Sound in 0.926 ms 
INFO - [G] 2025-09-23 19:37:14 :: INFO  :: TIMER :: [0008] Injected Stake in 0.214 ms 
INFO - [G] 2025-09-23 19:37:14 :: INFO  :: TIMER :: [0004] Injected Rarity in 0.037 ms 
INFO - [G] 2025-09-23 19:37:14 :: INFO  :: TIMER :: [0004] Injected ObjectType in 0.052 ms 
INFO - [G] 2025-09-23 19:37:14 :: INFO  :: TIMER :: [0068] Injected Center in 1.114 ms 
INFO - [G] 2025-09-23 19:37:14 :: INFO  :: TIMER :: [0007] Injected Undiscovered Sprite in 0.028 ms 
INFO - [G] 2025-09-23 19:37:14 :: INFO  :: TIMER :: [0002] Injected Blind in 0.223 ms 
INFO - [G] 2025-09-23 19:37:14 :: INFO  :: TIMER :: [0004] Injected Seal in 0.231 ms 
INFO - [G] 2025-09-23 19:37:14 :: INFO  :: TIMER :: [0004] Injected Suit in 0.122 ms 
INFO - [G] 2025-09-23 19:37:14 :: INFO  :: TIMER :: [0013] Injected Rank in 0.185 ms 
INFO - [G] 2025-09-23 19:37:14 :: INFO  :: TIMER :: [0028] Injected DeckSkin in 0.344 ms 
INFO - [G] 2025-09-23 19:37:14 :: INFO  :: TIMER :: [0012] Injected PokerHand in 0.153 ms 
INFO - [G] 2025-09-23 19:37:14 :: INFO  :: TIMER :: [0020] Injected Challenge in 0.113 ms 
INFO - [G] 2025-09-23 19:37:14 :: INFO  :: TIMER :: [0000] Injected Tag in 0.002 ms 
INFO - [G] 2025-09-23 19:37:14 :: INFO  :: TIMER :: [0004] Injected Sticker in 0.160 ms 
INFO - [G] 2025-09-23 19:37:14 :: INFO  :: TIMER :: [0000] Injected Shader in 0.007 ms 
INFO - [G] 2025-09-23 19:37:14 :: INFO  :: TIMER :: [0002] Injected Keybind in 0.020 ms 
INFO - [G] 2025-09-23 19:37:14 :: INFO  :: TIMER :: [0000] Injected Achievement in 0.083 ms 
INFO - [G] 2025-09-23 19:37:14 :: INFO  :: TIMER :: [0002] Injected nil in 0.086 ms 
INFO - [G] 2025-09-23 19:37:14 :: INFO  :: TIMER :: [0021] Injected Draw Step in 0.343 ms 
INFO - [G] 2025-09-23 19:37:14 :: INFO  :: TIMER :: [0000] Injected [INTERNAL] in 0.895 ms 
INFO - [G] [DebugPlus] Press [/] to toggle console and press [shift] + [/] to toggle new log previews 
INFO - [G] line not found
INFO - [G] file not found: functions/misc_functions.lua: No such file or directory
INFO - [G] file not found: main.lua: No such file or directory
INFO - [G] file not found: main.lua: No such file or directory
INFO - [G] 2025-09-23 19:38:25 :: ERROR :: StackTrace :: Oops! The game crashed
[SMODS _ "src/utils.lua"]:1252: attempt to perform arithmetic on local 'amount' (a table value)
Stack Traceback
===============
(1) Lua upvalue 'orig' at file 'main.lua:612'
	Local variables:
	 msg = string: "[SMODS _ \"src/utils.lua\"]:1252: attempt to perform arithmetic on local 'amount' (a table value)"
	 (*temporary) = Lua function '?' (defined at line 31 of chunk [SMODS _ "src/logging.lua"])
	 (*temporary) = string: "Oops! The game crashed\
"
(2) Lua local 'handler' at file 'debugplus/console.lua:606' (from lovely module debugplus.console)
	Local variables:
	 msg = string: "[SMODS _ \"src/utils.lua\"]:1252: attempt to perform arithmetic on local 'amount' (a table value)"
(3) LÖVE metamethod at file 'boot.lua:352'
	Local variables:
	 errhand = Lua function '(LÖVE Function)' (defined at line 605 of chunk [lovely debugplus.console "debugplus/console.lua"])
	 handler = Lua function '(LÖVE Function)' (defined at line 605 of chunk [lovely debugplus.console "debugplus/console.lua"])
(4) Lua field 'calculate_individual_effect' at Steamodded file 'src/utils.lua:1252' 
	Local variables:
	 effect = table: 0x24f85f70  {juice_card:table: 0x2444e2e0, message_card:table: 0x242d56c0, mult:table: 0x2505f598, card:table: 0x2444e2e0}
	 scored_card = table: 0x242d56c0  {zoom:true, click_offset:table: 0x2442fee0, tilt_var:table: 0x2470b810, children:table: 0x24225d60, rank:1, parent:table: 0x24a04ee8, params:table: 0x242d5660 (more...)}
	 key = string: "mult"
	 amount = table: 0x2505f598  {chips:0, chip_mod:8}
	 from_edition = boolean: false
	 (*temporary) = Lua function '?' (defined at line 750 of chunk functions/misc_functions.lua)
	 (*temporary) = number: 9
	 (*temporary) = number: 1.17217e-134
	 (*temporary) = table: 0x24393548  {queue_last_processed:69.366666666664, queues:table: 0x24393570, queue_dt:0.016666666666667, queue_timer:69.933381723361}
	 (*temporary) = table: 0x24fd9fa0  {start_timer:false, timer:TOTAL, blockable:true, trigger:immediate, func:function: 0x24693bd0, delay:0, complete:false, time:182.83713516198, blocking:true (more...)}
	 (*temporary) = string: "base"
	 (*temporary) = nil
	 (*temporary) = table: 0x24393688  {1:table: 0x24a06438, 2:table: 0x24fbf6c8, 3:table: 0x24fbf758, 4:table: 0x251e0000, 5:table: 0x2501ca78, 6:table: 0x25170520, 7:table: 0x251705d8 (more...)}
	 (*temporary) = number: 22
	 (*temporary) = table: 0x24031e00  {handle:function: 0x2403b148, __index:table: 0x24031e00, init:function: 0x24031e28, __call:function: 0x23ff9d80, super:table: 0x23ff9e88}
	 (*temporary) = string: "attempt to perform arithmetic on local 'amount' (a table value)"
(5) Lua field 'calculate_effect' at Steamodded file 'src/utils.lua:1506' 
	Local variables:
	 effect = table: 0x24f85f70  {juice_card:table: 0x2444e2e0, message_card:table: 0x242d56c0, mult:table: 0x2505f598, card:table: 0x2444e2e0}
	 scored_card = table: 0x242d56c0  {zoom:true, click_offset:table: 0x2442fee0, tilt_var:table: 0x2470b810, children:table: 0x24225d60, rank:1, parent:table: 0x24a04ee8, params:table: 0x242d5660 (more...)}
	 from_edition = boolean: false
	 pre_jokers = nil
	 ret = table: 0x24fafd90  {}
	 (for generator) = C function: builtin#6
	 (for state) = table: 0x24242d38  {1:chips, 2:h_chips, 3:chip_mod, 4:mult, 5:h_mult, 6:mult_mod, 7:x_chips, 8:xchips, 9:Xchip_mod, 10:x_mult, 11:Xmult, 12:xmult, 13:x_mult_mod (more...)}
	 (for control) = number: 4
	 _ = number: 4
	 key = string: "mult"
(6) Lua field 'calculate_effect_table_key' at Steamodded file 'src/utils.lua:1489' 
	Local variables:
	 effect_table = table: 0x24f7e098  {jokers:table: 0x24f85f70}
	 key = string: "jokers"
	 card = table: 0x242d56c0  {zoom:true, click_offset:table: 0x2442fee0, tilt_var:table: 0x2470b810, children:table: 0x24225d60, rank:1, parent:table: 0x24a04ee8, params:table: 0x242d5660 (more...)}
	 ret = table: 0x24f862b8  {calculated:true}
	 effect = table: 0x24f85f70  {juice_card:table: 0x2444e2e0, message_card:table: 0x242d56c0, mult:table: 0x2505f598, card:table: 0x2444e2e0}
(7) Lua field 'trigger_effects' at Steamodded file 'src/utils.lua:1467' 
	Local variables:
	 effects = table: 0x24fb02e0  {1:table: 0x24fb0320, 2:table: 0x24f7db98, 3:table: 0x24f7dde0, 4:table: 0x24f7e098, 5:table: 0x24f861f0, 6:table: 0x24f86290}
	 card = table: 0x242d56c0  {zoom:true, click_offset:table: 0x2442fee0, tilt_var:table: 0x2470b810, children:table: 0x24225d60, rank:1, parent:table: 0x24a04ee8, params:table: 0x242d5660 (more...)}
	 ret = table: 0x24f862b8  {calculated:true}
	 (for generator) = C function: builtin#6
	 (for state) = table: 0x24fb02e0  {1:table: 0x24fb0320, 2:table: 0x24f7db98, 3:table: 0x24f7dde0, 4:table: 0x24f7e098, 5:table: 0x24f861f0, 6:table: 0x24f86290}
	 (for control) = number: 4
	 _ = number: 4
	 effect_table = table: 0x24f7e098  {jokers:table: 0x24f85f70}
	 (for generator) = C function: builtin#6
	 (for state) = table: 0x24e23bc8  {1:jokers, 2:retriggers}
	 (for control) = number: 1
	 _ = number: 1
	 key = string: "jokers"
(8) Lua field 'score_card' at Steamodded file 'src/utils.lua:1884' 
	Local variables:
	 card = table: 0x242d56c0  {zoom:true, click_offset:table: 0x2442fee0, tilt_var:table: 0x2470b810, children:table: 0x24225d60, rank:1, parent:table: 0x24a04ee8, params:table: 0x242d5660 (more...)}
	 context = table: 0x24fb0168  {other_card:table: 0x242d56c0, poker_hands:table: 0x247770a0, individual:true, scoring_name:Full House, scoring_hand:table: 0x24f990d8, full_hand:table: 0x24a05728 (more...)}
	 reps = table: 0x24fb02a8  {1:1}
	 j = number: 1
	 effects = table: 0x24fb02e0  {1:table: 0x24fb0320, 2:table: 0x24f7db98, 3:table: 0x24f7dde0, 4:table: 0x24f7e098, 5:table: 0x24f861f0, 6:table: 0x24f86290}
(9) Lua field 'calculate_main_scoring' at Steamodded file 'src/utils.lua:1924' 
	Local variables:
	 context = table: 0x24fb0168  {other_card:table: 0x242d56c0, poker_hands:table: 0x247770a0, individual:true, scoring_name:Full House, scoring_hand:table: 0x24f990d8, full_hand:table: 0x24a05728 (more...)}
	 scoring_hand = table: 0x24f990d8  {1:table: 0x242d56c0, 2:table: 0x24a11a68, 3:table: 0x23fc71c0, 4:table: 0x245dd638, 5:table: 0x245c54e0}
	 (for generator) = C function: builtin#6
	 (for state) = table: 0x24a05728  {1:table: 0x242d56c0, 2:table: 0x24a11a68, 3:table: 0x23fc71c0, 4:table: 0x245dd638, 5:table: 0x245c54e0}
	 (for control) = number: 1
	 _ = number: 1
	 card = table: 0x242d56c0  {zoom:true, click_offset:table: 0x2442fee0, tilt_var:table: 0x2470b810, children:table: 0x24225d60, rank:1, parent:table: 0x24a04ee8, params:table: 0x242d5660 (more...)}
	 in_scoring = boolean: true
(10) Lua field 'evaluate_play' at file 'functions/state_events.lua:614'
	Local variables:
	 e = nil
	 text = string: "Full House"
	 disp_text = string: "Full House"
	 poker_hands = table: 0x247770a0  {Flush House:table: 0x248abd38, Full House:table: 0x24eacfd8, top:table: 0x25047680, Flush:table: 0x2430a150, Pair:table: 0x24f9e140, Four of a Kind:table: 0x24ebdd88 (more...)}
	 scoring_hand = table: 0x24f990d8  {1:table: 0x242d56c0, 2:table: 0x24a11a68, 3:table: 0x23fc71c0, 4:table: 0x245dd638, 5:table: 0x245c54e0}
	 non_loc_disp_text = string: "Full House"
	 final_scoring_hand = table: 0x24f990d8  {1:table: 0x242d56c0, 2:table: 0x24a11a68, 3:table: 0x23fc71c0, 4:table: 0x245dd638, 5:table: 0x245c54e0}
	 hand_text_set = boolean: false
	 modded = nil
	 (for generator) = C function: builtin#6
	 (for state) = table: 0x24fb0140  {1:table: 0x24a04ee8, 2:table: 0x24a04640}
	 (for control) = number: 1
	 _ = number: 1
	 v = table: 0x24a04ee8  {click_offset:table: 0x24a05048, static_rotation:false, shuffle_amt:0, T:table: 0x24a05020, offset:table: 0x24a05608, role:table: 0x24a05438, last_aligned:-1 (more...)}
(11) Lua field 'func' at file 'functions/state_events.lua:482'
(12) Lua method 'handle' at file 'engine/event.lua:99'
	Local variables:
	 self = table: 0x24fbf6c8  {start_timer:true, timer:TOTAL, blockable:true, trigger:immediate, func:function: 0x24e0c448, delay:0, complete:false, time:182.83713516198, blocking:true (more...)}
	 _results = table: 0x249c5298  {blocking:true, pause_skip:false, time_done:false, completed:false}
(13) Lua method 'update' at file 'engine/event.lua:182'
	Local variables:
	 self = table: 0x24393548  {queue_last_processed:69.366666666664, queues:table: 0x24393570, queue_dt:0.016666666666667, queue_timer:69.933381723361}
	 dt = number: 0.0166562
	 forced = nil
	 (for generator) = C function: next
	 (for state) = table: 0x24393570  {unlock:table: 0x24393660, other:table: 0x24393700, tutorial:table: 0x243936b0, base:table: 0x24393688, achievement:table: 0x243936d8}
	 (for control) = number: nan
	 k = string: "base"
	 v = table: 0x24393688  {1:table: 0x24a06438, 2:table: 0x24fbf6c8, 3:table: 0x24fbf758, 4:table: 0x251e0000, 5:table: 0x2501ca78, 6:table: 0x25170520, 7:table: 0x251705d8 (more...)}
	 blocked = boolean: false
	 i = number: 2
	 results = table: 0x249c5298  {blocking:true, pause_skip:false, time_done:false, completed:false}
(14) Lua upvalue 'gameUpdateRef' at file 'game.lua:2552'
	Local variables:
	 self = table: 0x240baef0  {F_GUIDE:false, F_CRASH_REPORTS:false, F_QUIT_BUTTON:true, HUD_tags:table: 0x248be9b8, F_ENGLISH_ONLY:false, viewed_stake:1, HUD:table: 0x248f0ef8 (more...)}
	 dt = number: 0.0166562
	 http_resp = nil
(15) Lua method 'update' at Steamodded file 'src/ui.lua:84' 
	Local variables:
	 self = table: 0x240baef0  {F_GUIDE:false, F_CRASH_REPORTS:false, F_QUIT_BUTTON:true, HUD_tags:table: 0x248be9b8, F_ENGLISH_ONLY:false, viewed_stake:1, HUD:table: 0x248f0ef8 (more...)}
	 dt = number: 0.0166562
(16) Lua field 'update' at file 'main.lua:999'
	Local variables:
	 dt = number: 0.0166562
(17) Lua function '?' at file 'main.lua:938' (best guess)
(18) global C function 'xpcall'
(19) LÖVE function at file 'boot.lua:377' (best guess)
	Local variables:
	 func = Lua function '?' (defined at line 909 of chunk main.lua)
	 inerror = boolean: true
	 deferErrhand = Lua function '(LÖVE Function)' (defined at line 348 of chunk [love "boot.lua"])
	 earlyinit = Lua function '(LÖVE Function)' (defined at line 355 of chunk [love "boot.lua"])
 
INFO - [G] file not found: functions/misc_functions.lua: No such file or directory
INFO - [G] file not found: main.lua: No such file or directory
INFO - [G] file not found: main.lua: No such file or directory
INFO - [G] 2025-09-23 19:38:25 :: INFO  :: StackTrace :: Additional Context:
Balatro Version: 1.0.1o-FULL
Modded Version: 1.0.0~BETA-0711a-STEAMODDED
LÖVE Version: 11.5.0
Lovely Version: 0.8.0
Platform: Windows
Steamodded Mods:
    1: Super Auto Jokers by Equi [ID: SuperAutoJokers, Version: 1.0.0]
    2: DebugPlus by WilsontheWolf [ID: DebugPlus, Version: 1.5.1, Uses Lovely]
Lovely Mods: 
