INFO - [♥] Lovely 0.8.0
INFO - [♥] Game directory is at "C:\\Program Files (x86)\\Steam\\steamapps\\common\\Balatro"
INFO - [♥] Writing logs to "C:\\Users\\PC\\AppData\\Roaming\\Balatro\\Mods\\lovely\\log"
INFO - [♥] Using mod directory at "C:\\Users\\PC\\AppData\\Roaming\\Balatro\\Mods"
INFO - [♥] Cleaning up dumps directory at "C:\\Users\\PC\\AppData\\Roaming\\Balatro\\Mods\\lovely\\dump"
INFO - [♥] Initialization complete in 78ms
INFO - [♥] Applied 1 patch to 'conf.lua'
INFO - [♥] Applied 11 patches to 'main.lua'
INFO - [♥] Applied 10 patches to 'engine/controller.lua'
INFO - [♥] Applied 15 patches to 'back.lua'
INFO - [♥] Applied 7 patches to 'tag.lua'
INFO - [♥] Applied 2 patches to 'engine/moveable.lua'
INFO - [♥] Applied 2 patches to 'engine/sprite.lua'
INFO - [♥] Applied 2 patches to 'engine/animatedsprite.lua'
INFO - [♥] Applied 67 patches to 'functions/misc_functions.lua'
INFO - [♥] Applied 40 patches to 'game.lua'
INFO - [♥] Applied 1 patch to 'globals.lua'
INFO - [♥] Applied 5 patches to 'engine/ui.lua'
INFO - [♥] Applied 95 patches to 'functions/UI_definitions.lua'
INFO - [♥] Applied 49 patches to 'functions/state_events.lua'
INFO - [♥] Applied 117 patches to 'functions/common_events.lua'
INFO - [♥] Applied 51 patches to 'functions/button_callbacks.lua'
INFO - [♥] Applied 186 patches to 'card.lua'
INFO - [♥] Applied 10 patches to 'cardarea.lua'
INFO - [♥] Applied 37 patches to 'blind.lua'
INFO - [♥] Applied 2 patches to 'engine/text.lua'
INFO - [G] Failed to connect to the debug server 
INFO - [G] 2025-09-21 16:08:19 :: DEBUG :: DebugConsole :: Steamodded Debug Socket started ! 
INFO - [G] 2025-09-21 16:08:19 :: INFO  :: SMODS :: Steamodded v1.0.0~BETA-0711a 
INFO - [♥] Applied 9 patches to 'engine/sound_manager.lua'
INFO - [♥] Applied 1 patch to 'engine/save_manager.lua'
INFO - [G] 2025-09-21 16:08:23 :: INFO  :: Loader :: Valid JSON file found 
INFO - [G] 2025-09-21 16:08:23 :: INFO  :: Loader :: Valid JSON file found 
INFO - [G] 2025-09-21 16:08:23 :: INFO  :: TIMER :: [0000] Injected Fonts in 0.002 ms 
INFO - [G] 2025-09-21 16:08:23 :: INFO  :: TIMER :: [0000] Injected Language in 0.002 ms 
INFO - [G] 2025-09-21 16:08:23 :: INFO  :: TIMER :: [0000] Injected [INTERNAL] in 2.428 ms 
INFO - [G] 2025-09-21 16:08:24 :: INFO  :: TIMER :: [0003] Injected Atlas in 370.072 ms 
INFO - [G] 2025-09-21 16:08:24 :: INFO  :: TIMER :: [0001] Injected Sound in 1.153 ms 
INFO - [G] 2025-09-21 16:08:24 :: INFO  :: TIMER :: [0008] Injected Stake in 0.309 ms 
INFO - [G] 2025-09-21 16:08:24 :: INFO  :: TIMER :: [0004] Injected Rarity in 0.038 ms 
INFO - [G] 2025-09-21 16:08:24 :: INFO  :: TIMER :: [0004] Injected ObjectType in 0.052 ms 
INFO - [G] 2025-09-21 16:08:24 :: INFO  :: TIMER :: [0068] Injected Center in 0.892 ms 
INFO - [G] 2025-09-21 16:08:24 :: INFO  :: TIMER :: [0007] Injected Undiscovered Sprite in 0.025 ms 
INFO - [G] 2025-09-21 16:08:24 :: INFO  :: TIMER :: [0002] Injected Blind in 0.027 ms 
INFO - [G] 2025-09-21 16:08:24 :: INFO  :: TIMER :: [0004] Injected Seal in 0.260 ms 
INFO - [G] 2025-09-21 16:08:24 :: INFO  :: TIMER :: [0004] Injected Suit in 0.917 ms 
INFO - [G] 2025-09-21 16:08:24 :: INFO  :: TIMER :: [0013] Injected Rank in 0.299 ms 
INFO - [G] 2025-09-21 16:08:24 :: INFO  :: TIMER :: [0028] Injected DeckSkin in 0.356 ms 
INFO - [G] 2025-09-21 16:08:24 :: INFO  :: TIMER :: [0012] Injected PokerHand in 0.115 ms 
INFO - [G] 2025-09-21 16:08:24 :: INFO  :: TIMER :: [0020] Injected Challenge in 0.104 ms 
INFO - [G] 2025-09-21 16:08:24 :: INFO  :: TIMER :: [0000] Injected Tag in 0.003 ms 
INFO - [G] 2025-09-21 16:08:24 :: INFO  :: TIMER :: [0004] Injected Sticker in 0.110 ms 
INFO - [G] 2025-09-21 16:08:24 :: INFO  :: TIMER :: [0000] Injected Shader in 0.002 ms 
INFO - [G] 2025-09-21 16:08:24 :: INFO  :: TIMER :: [0002] Injected Keybind in 0.022 ms 
INFO - [G] 2025-09-21 16:08:24 :: INFO  :: TIMER :: [0000] Injected Achievement in 0.084 ms 
INFO - [G] 2025-09-21 16:08:24 :: INFO  :: TIMER :: [0002] Injected nil in 0.024 ms 
INFO - [G] 2025-09-21 16:08:24 :: INFO  :: TIMER :: [0021] Injected Draw Step in 0.211 ms 
INFO - [G] 2025-09-21 16:08:24 :: INFO  :: TIMER :: [0000] Injected [INTERNAL] in 1.082 ms 
INFO - [G] [DebugPlus] Press [/] to toggle console and press [shift] + [/] to toggle new log previews 
INFO - [G] line not found
INFO - [G] file not found: main.lua: No such file or directory
INFO - [G] file not found: main.lua: No such file or directory
INFO - [G] 2025-09-21 16:09:01 :: ERROR :: StackTrace :: Oops! The game crashed
[SMODS _ "src/utils.lua"]:959: attempt to index field 'ability' (a nil value)
Stack Traceback
===============
(1) Lua upvalue 'orig' at file 'main.lua:612'
	Local variables:
	 msg = string: "[SMODS _ \"src/utils.lua\"]:959: attempt to index field 'ability' (a nil value)"
	 (*temporary) = Lua function '?' (defined at line 31 of chunk [SMODS _ "src/logging.lua"])
	 (*temporary) = string: "Oops! The game crashed\
"
(2) Lua local 'handler' at file 'debugplus/console.lua:606' (from lovely module debugplus.console)
	Local variables:
	 msg = string: "[SMODS _ \"src/utils.lua\"]:959: attempt to index field 'ability' (a nil value)"
(3) LÖVE metamethod at file 'boot.lua:352'
	Local variables:
	 errhand = Lua function '(LÖVE Function)' (defined at line 605 of chunk [lovely debugplus.console "debugplus/console.lua"])
	 handler = Lua function '(LÖVE Function)' (defined at line 605 of chunk [lovely debugplus.console "debugplus/console.lua"])
(4) Lua field 'get_enhancements' at Steamodded file 'src/utils.lua:959' 
	Local variables:
	 card = table: 0x07d60198  {get_chip_x_bonus:function: 0x07d63768, should_hide_front:function: 0x07c4d308, set_base:function: 0x07d63418, set_card_area:function: 0x07b13d08 (more...)}
	 extra_only = nil
	 (*temporary) = nil
	 (*temporary) = string: "chips1"
	 (*temporary) = number: 1
	 (*temporary) = string: "before"
	 (*temporary) = nil
	 (*temporary) = nil
	 (*temporary) = string: "tm"
	 (*temporary) = number: -0.137561
	 (*temporary) = table: 0x08b1bff0  {}
	 (*temporary) = number: 0.75
	 (*temporary) = table: 0x07b60e48  {1:0, 2:0.6156862745098, 3:1, 4:1}
	 (*temporary) = nil
	 (*temporary) = number: 3.85966e-271
	 (*temporary) = table: 0x07e570f8  {queue_last_processed:36.233333333333, queues:table: 0x07e57120, queue_dt:0.016666666666667, queue_timer:36.674668286264}
	 (*temporary) = table: 0x08b1be18  {start_timer:false, timer:TOTAL, blockable:true, trigger:before, func:function: 0x08b1bdc8, delay:0.75, complete:false, time:64.961476943951, blocking:true (more...)}
	 (*temporary) = string: "base"
	 (*temporary) = nil
	 (*temporary) = table: 0x07e57238  {1:table: 0x07d42ac8, 2:table: 0x081ec070, 3:table: 0x0899af78, 4:table: 0x07f0ebc0, 5:table: 0x08352bd8, 6:table: 0x089ff698, 7:table: 0x08abbbf0 (more...)}
	 (*temporary) = string: "attempt to index field 'ability' (a nil value)"
(5) Lua field 'has_no_rank' at Steamodded file 'src/utils.lua:1063' 
	Local variables:
	 card = table: 0x07d60198  {get_chip_x_bonus:function: 0x07d63768, should_hide_front:function: 0x07c4d308, set_base:function: 0x07d63418, set_card_area:function: 0x07b13d08 (more...)}
	 (*temporary) = C function: pairs
(6) Lua upvalue 'card_get_id_ref' at file 'card.lua:1146'
	Local variables:
	 self = table: 0x07d60198  {get_chip_x_bonus:function: 0x07d63768, should_hide_front:function: 0x07c4d308, set_base:function: 0x07d63418, set_card_area:function: 0x07b13d08 (more...)}
(7) Lua method 'get_id' at file 'superautojokers_main.lua:427' (from mod with id SuperAutoJokers)
	Local variables:
	 self = table: 0x07d60198  {get_chip_x_bonus:function: 0x07d63768, should_hide_front:function: 0x07c4d308, set_base:function: 0x07d63418, set_card_area:function: 0x07b13d08 (more...)}
(8) Lua method 'is_six' at file 'superautojokers_main.lua:384' (from mod with id SuperAutoJokers)
	Local variables:
	 self = table: 0x07d60198  {get_chip_x_bonus:function: 0x07d63768, should_hide_front:function: 0x07c4d308, set_base:function: 0x07d63418, set_card_area:function: 0x07b13d08 (more...)}
(9) Lua method 'calculate_joker' at file 'superautojokers_main.lua:401' (from mod with id SuperAutoJokers)
	Local variables:
	 self = table: 0x07eee1d0  {click_offset:table: 0x07c7a078, static_rotation:false, rank:1, parent:table: 0x080d4750, T:table: 0x07c38900, last_aligned:-1, extra_cost:0, highlighted:false (more...)}
	 context = table: 0x08337988  {destroying_card:table: 0x07db1f68, main_eval:true, poker_hands:table: 0x0843d270, scoring_name:High Card, scoring_hand:table: 0x08931888, full_hand:table: 0x07dcbe88 (more...)}
(10) Lua global 'eval_card' at file 'functions/common_events.lua:722'
	Local variables:
	 card = table: 0x07eee1d0  {click_offset:table: 0x07c7a078, static_rotation:false, rank:1, parent:table: 0x080d4750, T:table: 0x07c38900, last_aligned:-1, extra_cost:0, highlighted:false (more...)}
	 context = table: 0x08337988  {destroying_card:table: 0x07db1f68, main_eval:true, poker_hands:table: 0x0843d270, scoring_name:High Card, scoring_hand:table: 0x08931888, full_hand:table: 0x07dcbe88 (more...)}
	 ret = table: 0x08337ba0  {}
	 post_trig = table: 0x08337bc8  {}
	 areas = table: 0x07cf4030  {1:table: 0x080d4750, 2:table: 0x07d022a8, 3:table: 0x07df7148}
	 area_set = table: 0x07cf4078  {table: 0x080d4750:true, table: 0x07df7148:true, table: 0x07d022a8:true}
(11) Lua field 'calculate_card_areas' at Steamodded file 'src/utils.lua:1720' 
	Local variables:
	 _type = string: "jokers"
	 context = table: 0x08337988  {destroying_card:table: 0x07db1f68, main_eval:true, poker_hands:table: 0x0843d270, scoring_name:High Card, scoring_hand:table: 0x08931888, full_hand:table: 0x07dcbe88 (more...)}
	 return_table = nil
	 args = table: 0x07cf4370  {has_area:true, joker_area:true}
	 flags = table: 0x07cf43d0  {}
	 (for generator) = C function: builtin#6
	 (for state) = table: 0x08337b58  {1:table: 0x080d4750, 2:table: 0x07d022a8, 3:table: 0x07df7148}
	 (for control) = number: 1
	 _ = number: 1
	 area = table: 0x080d4750  {click_offset:table: 0x0833f8f8, static_rotation:false, shuffle_amt:0, T:table: 0x07dcea00, offset:table: 0x08307608, role:table: 0x07d07c28, last_aligned:-1 (more...)}
	 (for generator) = C function: builtin#6
	 (for state) = table: 0x083c9ad0  {1:table: 0x07eee1d0}
	 (for control) = number: 1
	 _ = number: 1
	 _card = table: 0x07eee1d0  {click_offset:table: 0x07c7a078, static_rotation:false, rank:1, parent:table: 0x080d4750, T:table: 0x07c38900, last_aligned:-1, extra_cost:0, highlighted:false (more...)}
(12) Lua field 'calculate_context' at Steamodded file 'src/utils.lua:1836' 
	Local variables:
	 context = table: 0x08337988  {destroying_card:table: 0x07db1f68, main_eval:true, poker_hands:table: 0x0843d270, scoring_name:High Card, scoring_hand:table: 0x08931888, full_hand:table: 0x07dcbe88 (more...)}
	 return_table = nil
	 no_resolve = nil
	 has_area = boolean: true
	 flags = table: 0x07cf4348  {}
	 (*temporary) = number: 1
(13) Lua field 'calculate_destroying_cards' at Steamodded file 'src/utils.lua:1998' 
	Local variables:
	 context = table: 0x08337988  {destroying_card:table: 0x07db1f68, main_eval:true, poker_hands:table: 0x0843d270, scoring_name:High Card, scoring_hand:table: 0x08931888, full_hand:table: 0x07dcbe88 (more...)}
	 cards_destroyed = table: 0x08337910  {}
	 scoring_hand = table: 0x08931888  {1:table: 0x07db1f68}
	 (for generator) = C function: builtin#6
	 (for state) = table: 0x07dcbe88  {1:table: 0x07db1f68}
	 (for control) = number: 1
	 i = number: 1
	 card = table: 0x07db1f68  {click_offset:table: 0x07ea2120, rank:1, children:table: 0x083330b0, ambient_tilt:0.2, parent:table: 0x08334708, highlighted:false, T:table: 0x07eb90c8 (more...)}
	 destroyed = nil
	 in_scoring = boolean: true
(14) Lua field 'evaluate_play' at file 'functions/state_events.lua:708'
	Local variables:
	 e = nil
	 text = string: "High Card"
	 disp_text = string: "High Card"
	 poker_hands = table: 0x0843d270  {Flush House:table: 0x081b42c8, Full House:table: 0x081b4328, top:table: 0x081b4378, Flush:table: 0x08a64b40, Pair:table: 0x08052170, Four of a Kind:table: 0x08b3d4a8 (more...)}
	 scoring_hand = table: 0x08931888  {1:table: 0x07db1f68}
	 non_loc_disp_text = string: "High Card"
	 final_scoring_hand = table: 0x08931888  {1:table: 0x07db1f68}
	 hand_text_set = boolean: false
	 modded = nil
	 nu_chip = nil
	 nu_mult = nil
	 cards_destroyed = table: 0x08337910  {}
	 (for generator) = C function: builtin#6
	 (for state) = table: 0x08337960  {1:table: 0x08334708, 2:table: 0x0809ccb8}
	 (for control) = number: 1
	 _ = number: 1
	 v = table: 0x08334708  {click_offset:table: 0x08308950, static_rotation:false, shuffle_amt:0, T:table: 0x082a6c88, offset:table: 0x08360f40, role:table: 0x083b6170, last_aligned:-1 (more...)}
(15) Lua field 'func' at file 'functions/state_events.lua:482'
(16) Lua method 'handle' at file 'engine/event.lua:99'
	Local variables:
	 self = table: 0x0899af78  {start_timer:true, timer:TOTAL, blockable:true, trigger:immediate, func:function: 0x08ada0a8, delay:0, complete:false, time:64.961476943951, blocking:true (more...)}
	 _results = table: 0x08383bd0  {blocking:true, pause_skip:false, time_done:false, completed:false}
(17) Lua method 'update' at file 'engine/event.lua:182'
	Local variables:
	 self = table: 0x07e570f8  {queue_last_processed:36.233333333333, queues:table: 0x07e57120, queue_dt:0.016666666666667, queue_timer:36.674668286264}
	 dt = number: 0.0166428
	 forced = nil
	 (for generator) = C function: next
	 (for state) = table: 0x07e57120  {unlock:table: 0x07e57210, other:table: 0x07e572b0, tutorial:table: 0x07e57260, base:table: 0x07e57238, achievement:table: 0x07e57288}
	 (for control) = number: nan
	 k = string: "base"
	 v = table: 0x07e57238  {1:table: 0x07d42ac8, 2:table: 0x081ec070, 3:table: 0x0899af78, 4:table: 0x07f0ebc0, 5:table: 0x08352bd8, 6:table: 0x089ff698, 7:table: 0x08abbbf0 (more...)}
	 blocked = boolean: false
	 i = number: 3
	 results = table: 0x08383bd0  {blocking:true, pause_skip:false, time_done:false, completed:false}
(18) Lua upvalue 'gameUpdateRef' at file 'game.lua:2552'
	Local variables:
	 self = table: 0x07b5b0d0  {F_GUIDE:false, F_CRASH_REPORTS:false, F_QUIT_BUTTON:true, HUD_tags:table: 0x0885bab8, F_ENGLISH_ONLY:false, viewed_stake:1, HUD:table: 0x082b18c0 (more...)}
	 dt = number: 0.0166428
	 http_resp = nil
(19) Lua method 'update' at Steamodded file 'src/ui.lua:84' 
	Local variables:
	 self = table: 0x07b5b0d0  {F_GUIDE:false, F_CRASH_REPORTS:false, F_QUIT_BUTTON:true, HUD_tags:table: 0x0885bab8, F_ENGLISH_ONLY:false, viewed_stake:1, HUD:table: 0x082b18c0 (more...)}
	 dt = number: 0.0166428
(20) Lua field 'update' at file 'main.lua:999'
	Local variables:
	 dt = number: 0.0166428
(21) Lua function '?' at file 'main.lua:938' (best guess)
(22) global C function 'xpcall'
(23) LÖVE function at file 'boot.lua:377' (best guess)
	Local variables:
	 func = Lua function '?' (defined at line 909 of chunk main.lua)
	 inerror = boolean: true
	 deferErrhand = Lua function '(LÖVE Function)' (defined at line 348 of chunk [love "boot.lua"])
	 earlyinit = Lua function '(LÖVE Function)' (defined at line 355 of chunk [love "boot.lua"])
 
INFO - [G] file not found: main.lua: No such file or directory
INFO - [G] file not found: main.lua: No such file or directory
INFO - [G] 2025-09-21 16:09:01 :: INFO  :: StackTrace :: Additional Context:
Balatro Version: 1.0.1o-FULL
Modded Version: 1.0.0~BETA-0711a-STEAMODDED
LÖVE Version: 11.5.0
Lovely Version: 0.8.0
Platform: Windows
Steamodded Mods:
    1: Super Auto Jokers by Equi [ID: SuperAutoJokers, Version: 1.0.0]
    2: DebugPlus by WilsontheWolf [ID: DebugPlus, Version: 1.5.1, Uses Lovely]
Lovely Mods: 
