INFO - [♥] Lovely 0.8.0
INFO - [♥] Game directory is at "C:\\Program Files (x86)\\Steam\\steamapps\\common\\Balatro"
INFO - [♥] Writing logs to "C:\\Users\\PC\\AppData\\Roaming\\Balatro\\Mods\\lovely\\log"
INFO - [♥] Using mod directory at "C:\\Users\\PC\\AppData\\Roaming\\Balatro\\Mods"
INFO - [♥] Cleaning up dumps directory at "C:\\Users\\PC\\AppData\\Roaming\\Balatro\\Mods\\lovely\\dump"
INFO - [♥] Initialization complete in 63ms
INFO - [♥] Applied 1 patch to 'conf.lua'
INFO - [♥] Applied 11 patches to 'main.lua'
INFO - [♥] Applied 10 patches to 'engine/controller.lua'
INFO - [♥] Applied 15 patches to 'back.lua'
INFO - [♥] Applied 7 patches to 'tag.lua'
INFO - [♥] Applied 2 patches to 'engine/moveable.lua'
INFO - [♥] Applied 2 patches to 'engine/sprite.lua'
INFO - [♥] Applied 2 patches to 'engine/animatedsprite.lua'
INFO - [♥] Applied 67 patches to 'functions/misc_functions.lua'
INFO - [♥] Applied 40 patches to 'game.lua'
INFO - [♥] Applied 1 patch to 'globals.lua'
INFO - [♥] Applied 5 patches to 'engine/ui.lua'
INFO - [♥] Applied 95 patches to 'functions/UI_definitions.lua'
INFO - [♥] Applied 49 patches to 'functions/state_events.lua'
INFO - [♥] Applied 117 patches to 'functions/common_events.lua'
INFO - [♥] Applied 51 patches to 'functions/button_callbacks.lua'
INFO - [♥] Applied 186 patches to 'card.lua'
INFO - [♥] Applied 10 patches to 'cardarea.lua'
INFO - [♥] Applied 37 patches to 'blind.lua'
INFO - [♥] Applied 2 patches to 'engine/text.lua'
INFO - [G] Failed to connect to the debug server 
INFO - [G] 2025-09-24 19:38:26 :: DEBUG :: DebugConsole :: Steamodded Debug Socket started ! 
INFO - [G] 2025-09-24 19:38:26 :: INFO  :: SMODS :: Steamodded v1.0.0~BETA-0711a 
INFO - [♥] Applied 9 patches to 'engine/sound_manager.lua'
INFO - [♥] Applied 1 patch to 'engine/save_manager.lua'
INFO - [G] 2025-09-24 19:38:35 :: INFO  :: Loader :: Valid JSON file found 
INFO - [G] 2025-09-24 19:38:35 :: INFO  :: Loader :: Valid JSON file found 
INFO - [G] 2025-09-24 19:38:35 :: WARN  :: Joker :: Cannot take ownership of j_mail-in_rebate: Does not exist. 
INFO - [G] 2025-09-24 19:38:35 :: INFO  :: TIMER :: [0000] Injected Fonts in 0.002 ms 
INFO - [G] 2025-09-24 19:38:35 :: INFO  :: TIMER :: [0000] Injected Language in 0.002 ms 
INFO - [G] 2025-09-24 19:38:35 :: INFO  :: TIMER :: [0000] Injected [INTERNAL] in 3.305 ms 
INFO - [G] 2025-09-24 19:38:36 :: INFO  :: TIMER :: [0003] Injected Atlas in 1120.210 ms 
INFO - [G] 2025-09-24 19:38:36 :: INFO  :: TIMER :: [0001] Injected Sound in 4.182 ms 
INFO - [G] 2025-09-24 19:38:36 :: INFO  :: TIMER :: [0008] Injected Stake in 0.461 ms 
INFO - [G] 2025-09-24 19:38:36 :: INFO  :: TIMER :: [0004] Injected Rarity in 0.039 ms 
INFO - [G] 2025-09-24 19:38:36 :: INFO  :: TIMER :: [0004] Injected ObjectType in 0.132 ms 
INFO - [G] 2025-09-24 19:38:36 :: INFO  :: TIMER :: [0070] Injected Center in 3.316 ms 
INFO - [G] 2025-09-24 19:38:37 :: INFO  :: TIMER :: [0007] Injected Undiscovered Sprite in 0.028 ms 
INFO - [G] 2025-09-24 19:38:37 :: INFO  :: TIMER :: [0002] Injected Blind in 0.885 ms 
INFO - [G] 2025-09-24 19:38:37 :: INFO  :: TIMER :: [0004] Injected Seal in 0.663 ms 
INFO - [G] 2025-09-24 19:38:37 :: INFO  :: TIMER :: [0004] Injected Suit in 0.598 ms 
INFO - [G] 2025-09-24 19:38:37 :: INFO  :: TIMER :: [0013] Injected Rank in 0.189 ms 
INFO - [G] 2025-09-24 19:38:37 :: INFO  :: TIMER :: [0028] Injected DeckSkin in 1.308 ms 
INFO - [G] 2025-09-24 19:38:37 :: INFO  :: TIMER :: [0012] Injected PokerHand in 0.073 ms 
INFO - [G] 2025-09-24 19:38:37 :: INFO  :: TIMER :: [0020] Injected Challenge in 0.100 ms 
INFO - [G] 2025-09-24 19:38:37 :: INFO  :: TIMER :: [0000] Injected Tag in 0.003 ms 
INFO - [G] 2025-09-24 19:38:37 :: INFO  :: TIMER :: [0004] Injected Sticker in 1.175 ms 
INFO - [G] 2025-09-24 19:38:37 :: INFO  :: TIMER :: [0000] Injected Shader in 0.002 ms 
INFO - [G] 2025-09-24 19:38:37 :: INFO  :: TIMER :: [0002] Injected Keybind in 0.072 ms 
INFO - [G] 2025-09-24 19:38:37 :: INFO  :: TIMER :: [0000] Injected Achievement in 0.094 ms 
INFO - [G] 2025-09-24 19:38:37 :: INFO  :: TIMER :: [0002] Injected nil in 0.023 ms 
INFO - [G] 2025-09-24 19:38:37 :: INFO  :: TIMER :: [0021] Injected Draw Step in 0.083 ms 
INFO - [G] 2025-09-24 19:38:37 :: INFO  :: TIMER :: [0000] Injected [INTERNAL] in 1.221 ms 
INFO - [G] [DebugPlus] Press [/] to toggle console and press [shift] + [/] to toggle new log previews 
INFO - [G] line not found
INFO - [G] file not found: main.lua: No such file or directory
INFO - [G] file not found: main.lua: No such file or directory
INFO - [G] 2025-09-24 19:39:05 :: ERROR :: StackTrace :: Oops! The game crashed
[SMODS _ "src/utils.lua"]:2597: attempt to perform arithmetic on local 'denominator' (a table value)
Stack Traceback
===============
(1) Lua upvalue 'orig' at file 'main.lua:612'
	Local variables:
	 msg = string: "[SMODS _ \"src/utils.lua\"]:2597: attempt to perform arithmetic on local 'denominator' (a table value)"
	 (*temporary) = Lua function '?' (defined at line 31 of chunk [SMODS _ "src/logging.lua"])
	 (*temporary) = string: "Oops! The game crashed\
"
(2) Lua local 'handler' at file 'debugplus/console.lua:606' (from lovely module debugplus.console)
	Local variables:
	 msg = string: "[SMODS _ \"src/utils.lua\"]:2597: attempt to perform arithmetic on local 'denominator' (a table value)"
(3) LÖVE metamethod at file 'boot.lua:352'
	Local variables:
	 errhand = Lua function '(LÖVE Function)' (defined at line 605 of chunk [lovely debugplus.console "debugplus/console.lua"])
	 handler = Lua function '(LÖVE Function)' (defined at line 605 of chunk [lovely debugplus.console "debugplus/console.lua"])
(4) Lua field 'pseudorandom_probability' at Steamodded file 'src/utils.lua:2597' 
	Local variables:
	 trigger_obj = table: 0x1ffadc38  {facing:front, zoom:true, click_offset:table: 0x1fea7710, under_overlay:false, children:table: 0x202a0998, ambient_tilt:0.2, parent:table: 0x1fcab6f0 (more...)}
	 seed = string: "8ball"
	 base_numerator = number: 1
	 base_denominator = table: 0x202a3698  {odds:4}
	 identifier = nil
	 numerator = number: 1
	 denominator = table: 0x202a3698  {odds:4}
	 (*temporary) = number: 0.736732
	 (*temporary) = number: 0.736732
	 (*temporary) = nil
	 (*temporary) = nil
	 (*temporary) = C function: builtin#63
	 (*temporary) = string: "attempt to perform arithmetic on local 'denominator' (a table value)"
(5) Lua method 'calculate_joker' at file 'card.lua:3396'
	Local variables:
	 self = table: 0x1ffadc38  {facing:front, zoom:true, click_offset:table: 0x1fea7710, under_overlay:false, children:table: 0x202a0998, ambient_tilt:0.2, parent:table: 0x1fcab6f0 (more...)}
	 context = table: 0x1ff0be70  {individual:true, poker_hands:table: 0x2047ccd0, cardarea:table: 0x1ffd4618, scoring_name:Two Pair, scoring_hand:table: 0x1fd1a478, full_hand:table: 0x2059e750 (more...)}
	 obj = table: 0x200750a0  {alerted:true, loc_vars:function: 0x20268718, atlas:Joker, registered:true, _saved_d_u:true, original_key:8_ball, _discovered_unlocked_overwritten:true (more...)}
	 context_blueprint_card = nil
(6) Lua global 'eval_card' at file 'functions/common_events.lua:722'
	Local variables:
	 card = table: 0x1ffadc38  {facing:front, zoom:true, click_offset:table: 0x1fea7710, under_overlay:false, children:table: 0x202a0998, ambient_tilt:0.2, parent:table: 0x1fcab6f0 (more...)}
	 context = table: 0x1ff0be70  {individual:true, poker_hands:table: 0x2047ccd0, cardarea:table: 0x1ffd4618, scoring_name:Two Pair, scoring_hand:table: 0x1fd1a478, full_hand:table: 0x2059e750 (more...)}
	 ret = table: 0x20b63520  {}
	 post_trig = table: 0x20b63548  {}
	 areas = table: 0x20b63570  {1:table: 0x1fcab6f0, 2:table: 0x203be8d0, 3:table: 0x20218690}
	 area_set = table: 0x20b635b8  {table: 0x1fcab6f0:true, table: 0x203be8d0:true, table: 0x20218690:true}
(7) Lua field 'calculate_card_areas' at Steamodded file 'src/utils.lua:1720' 
	Local variables:
	 _type = string: "jokers"
	 context = table: 0x1ff0be70  {individual:true, poker_hands:table: 0x2047ccd0, cardarea:table: 0x1ffd4618, scoring_name:Two Pair, scoring_hand:table: 0x1fd1a478, full_hand:table: 0x2059e750 (more...)}
	 return_table = table: 0x20bf7408  {1:table: 0x1fd32290, 2:table: 0x1fd32378, 3:table: 0x202ef608}
	 args = table: 0x208866a0  {main_scoring:true}
	 flags = table: 0x202ef598  {}
	 (for generator) = C function: builtin#6
	 (for state) = table: 0x202ef5c0  {1:table: 0x1fcab6f0, 2:table: 0x203be8d0, 3:table: 0x20218690}
	 (for control) = number: 1
	 _ = number: 1
	 area = table: 0x1fcab6f0  {click_offset:table: 0x20200c88, static_rotation:false, shuffle_amt:0, T:table: 0x1fe020d8, offset:table: 0x1fc46b28, role:table: 0x204064f0, last_aligned:-1 (more...)}
	 (for generator) = C function: builtin#6
	 (for state) = table: 0x1ffcec00  {1:table: 0x1ff26920, 2:table: 0x1ffadc38, 3:table: 0x2022c750}
	 (for control) = number: 2
	 _ = number: 2
	 _card = table: 0x1ffadc38  {facing:front, zoom:true, click_offset:table: 0x1fea7710, under_overlay:false, children:table: 0x202a0998, ambient_tilt:0.2, parent:table: 0x1fcab6f0 (more...)}
(8) Lua field 'score_card' at Steamodded file 'src/utils.lua:1880' 
	Local variables:
	 card = table: 0x1fc391a0  {container:table: 0x205b6cc8, last_moved:-1, click_offset:table: 0x1fd91d48, area:table: 0x1ffd4618, children:table: 0x20543368, ambient_tilt:0.2 (more...)}
	 context = table: 0x1ff0be70  {individual:true, poker_hands:table: 0x2047ccd0, cardarea:table: 0x1ffd4618, scoring_name:Two Pair, scoring_hand:table: 0x1fd1a478, full_hand:table: 0x2059e750 (more...)}
	 reps = table: 0x20bf73d0  {1:1}
	 j = number: 1
	 effects = table: 0x20bf7408  {1:table: 0x1fd32290, 2:table: 0x1fd32378, 3:table: 0x202ef608}
(9) Lua field 'calculate_main_scoring' at Steamodded file 'src/utils.lua:1924' 
	Local variables:
	 context = table: 0x1ff0be70  {individual:true, poker_hands:table: 0x2047ccd0, cardarea:table: 0x1ffd4618, scoring_name:Two Pair, scoring_hand:table: 0x1fd1a478, full_hand:table: 0x2059e750 (more...)}
	 scoring_hand = table: 0x1fd1a478  {1:table: 0x1feeac08, 2:table: 0x20036ea8, 3:table: 0x1fc391a0, 4:table: 0x1feeabd8}
	 (for generator) = C function: builtin#6
	 (for state) = table: 0x2059e750  {1:table: 0x1feeac08, 2:table: 0x20036ea8, 3:table: 0x1fc391a0, 4:table: 0x1feeabd8, 5:table: 0x20308f50}
	 (for control) = number: 3
	 _ = number: 3
	 card = table: 0x1fc391a0  {container:table: 0x205b6cc8, last_moved:-1, click_offset:table: 0x1fd91d48, area:table: 0x1ffd4618, children:table: 0x20543368, ambient_tilt:0.2 (more...)}
	 in_scoring = boolean: true
(10) Lua field 'evaluate_play' at file 'functions/state_events.lua:614'
	Local variables:
	 e = nil
	 text = string: "Two Pair"
	 disp_text = string: "Two Pair"
	 poker_hands = table: 0x2047ccd0  {Flush House:table: 0x1ff363c0, Full House:table: 0x203035b8, top:table: 0x203035e0, Flush:table: 0x1ff85908, Pair:table: 0x1fec3108, Four of a Kind:table: 0x204dc168 (more...)}
	 scoring_hand = table: 0x1fd1a478  {1:table: 0x1feeac08, 2:table: 0x20036ea8, 3:table: 0x1fc391a0, 4:table: 0x1feeabd8}
	 non_loc_disp_text = string: "Two Pair"
	 final_scoring_hand = table: 0x1fd1a478  {1:table: 0x1feeac08, 2:table: 0x20036ea8, 3:table: 0x1fc391a0, 4:table: 0x1feeabd8}
	 hand_text_set = boolean: false
	 modded = nil
	 (for generator) = C function: builtin#6
	 (for state) = table: 0x1ff0be48  {1:table: 0x1ffd4618, 2:table: 0x1fe533a8}
	 (for control) = number: 1
	 _ = number: 1
	 v = table: 0x1ffd4618  {click_offset:table: 0x1fdf0758, static_rotation:false, shuffle_amt:0, T:table: 0x1fefed78, offset:table: 0x20879968, role:table: 0x204a4468, last_aligned:-1 (more...)}
(11) Lua field 'func' at file 'functions/state_events.lua:482'
(12) Lua method 'handle' at file 'engine/event.lua:99'
	Local variables:
	 self = table: 0x2092b2a8  {start_timer:true, timer:TOTAL, blockable:true, trigger:immediate, func:function: 0x2022c198, delay:0, complete:false, time:101.55062913285, blocking:true (more...)}
	 _results = table: 0x201b81b0  {blocking:true, pause_skip:false, time_done:false, completed:false}
(13) Lua method 'update' at file 'engine/event.lua:182'
	Local variables:
	 self = table: 0x201bd7e0  {queue_last_processed:25.683333333333, queues:table: 0x201bd808, queue_dt:0.016666666666667, queue_timer:27.129792837018}
	 dt = number: 0.0167721
	 forced = nil
	 (for generator) = C function: next
	 (for state) = table: 0x201bd808  {unlock:table: 0x201bd8f8, other:table: 0x201bd998, tutorial:table: 0x201bd948, base:table: 0x201bd920, achievement:table: 0x201bd970}
	 (for control) = number: nan
	 k = string: "base"
	 v = table: 0x201bd920  {1:table: 0x2020e100, 2:table: 0x2092b2a8, 3:table: 0x1ff08750, 4:table: 0x209d6890, 5:table: 0x20409b88, 6:table: 0x20221da8, 7:table: 0x20acb670 (more...)}
	 blocked = boolean: false
	 i = number: 2
	 results = table: 0x201b81b0  {blocking:true, pause_skip:false, time_done:false, completed:false}
(14) Lua upvalue 'gameUpdateRef' at file 'game.lua:2552'
	Local variables:
	 self = table: 0x1fc72810  {F_GUIDE:false, F_CRASH_REPORTS:false, F_QUIT_BUTTON:true, HUD_tags:table: 0x209bc7b0, F_ENGLISH_ONLY:false, viewed_stake:1, HUD:table: 0x209469d8 (more...)}
	 dt = number: 0.0167721
	 http_resp = nil
(15) Lua method 'update' at Steamodded file 'src/ui.lua:84' 
	Local variables:
	 self = table: 0x1fc72810  {F_GUIDE:false, F_CRASH_REPORTS:false, F_QUIT_BUTTON:true, HUD_tags:table: 0x209bc7b0, F_ENGLISH_ONLY:false, viewed_stake:1, HUD:table: 0x209469d8 (more...)}
	 dt = number: 0.0167721
(16) Lua field 'update' at file 'main.lua:999'
	Local variables:
	 dt = number: 0.0167721
(17) Lua function '?' at file 'main.lua:938' (best guess)
(18) global C function 'xpcall'
(19) LÖVE function at file 'boot.lua:377' (best guess)
	Local variables:
	 func = Lua function '?' (defined at line 909 of chunk main.lua)
	 inerror = boolean: true
	 deferErrhand = Lua function '(LÖVE Function)' (defined at line 348 of chunk [love "boot.lua"])
	 earlyinit = Lua function '(LÖVE Function)' (defined at line 355 of chunk [love "boot.lua"])
 
INFO - [G] file not found: main.lua: No such file or directory
INFO - [G] file not found: main.lua: No such file or directory
INFO - [G] 2025-09-24 19:39:05 :: INFO  :: StackTrace :: Additional Context:
Balatro Version: 1.0.1o-FULL
Modded Version: 1.0.0~BETA-0711a-STEAMODDED
LÖVE Version: 11.5.0
Lovely Version: 0.8.0
Platform: Windows
Steamodded Mods:
    1: Super Auto Jokers by Equi [ID: SuperAutoJokers, Version: 1.0.0]
    2: DebugPlus by WilsontheWolf [ID: DebugPlus, Version: 1.5.1, Uses Lovely]
Lovely Mods: 
