INFO - [♥] Lovely 0.8.0
INFO - [♥] Game directory is at "C:\\Program Files (x86)\\Steam\\steamapps\\common\\Balatro"
INFO - [♥] Writing logs to "C:\\Users\\PC\\AppData\\Roaming\\Balatro\\Mods\\lovely\\log"
INFO - [♥] Using mod directory at "C:\\Users\\PC\\AppData\\Roaming\\Balatro\\Mods"
INFO - [♥] Cleaning up dumps directory at "C:\\Users\\PC\\AppData\\Roaming\\Balatro\\Mods\\lovely\\dump"
INFO - [♥] Initialization complete in 62ms
INFO - [♥] Applied 1 patch to 'conf.lua'
INFO - [♥] Applied 11 patches to 'main.lua'
INFO - [♥] Applied 10 patches to 'engine/controller.lua'
INFO - [♥] Applied 15 patches to 'back.lua'
INFO - [♥] Applied 7 patches to 'tag.lua'
INFO - [♥] Applied 2 patches to 'engine/moveable.lua'
INFO - [♥] Applied 2 patches to 'engine/sprite.lua'
INFO - [♥] Applied 2 patches to 'engine/animatedsprite.lua'
INFO - [♥] Applied 67 patches to 'functions/misc_functions.lua'
INFO - [♥] Applied 40 patches to 'game.lua'
INFO - [♥] Applied 1 patch to 'globals.lua'
INFO - [♥] Applied 5 patches to 'engine/ui.lua'
INFO - [♥] Applied 95 patches to 'functions/UI_definitions.lua'
INFO - [♥] Applied 49 patches to 'functions/state_events.lua'
INFO - [♥] Applied 117 patches to 'functions/common_events.lua'
INFO - [♥] Applied 51 patches to 'functions/button_callbacks.lua'
INFO - [♥] Applied 186 patches to 'card.lua'
INFO - [♥] Applied 10 patches to 'cardarea.lua'
INFO - [♥] Applied 37 patches to 'blind.lua'
INFO - [♥] Applied 2 patches to 'engine/text.lua'
INFO - [G] Failed to connect to the debug server 
INFO - [G] 2025-10-07 16:34:18 :: DEBUG :: DebugConsole :: Steamodded Debug Socket started ! 
INFO - [G] 2025-10-07 16:34:18 :: INFO  :: SMODS :: Steamodded v1.0.0~BETA-0711a 
INFO - [♥] Applied 1 patch to 'engine/save_manager.lua'
INFO - [♥] Applied 9 patches to 'engine/sound_manager.lua'
INFO - [G] 2025-10-07 16:34:22 :: INFO  :: Loader :: Valid JSON file found 
INFO - [G] 2025-10-07 16:34:22 :: INFO  :: Loader :: Valid JSON file found 
INFO - [G] 2025-10-07 16:34:23 :: INFO  :: TIMER :: [0000] Injected Fonts in 0.002 ms 
INFO - [G] 2025-10-07 16:34:23 :: INFO  :: TIMER :: [0000] Injected Language in 0.002 ms 
INFO - [G] 2025-10-07 16:34:23 :: INFO  :: TIMER :: [0000] Injected [INTERNAL] in 3.451 ms 
INFO - [G] 2025-10-07 16:34:23 :: INFO  :: TIMER :: [0004] Injected Atlas in 492.998 ms 
INFO - [G] 2025-10-07 16:34:23 :: INFO  :: TIMER :: [0001] Injected Sound in 2.708 ms 
INFO - [G] 2025-10-07 16:34:23 :: INFO  :: TIMER :: [0008] Injected Stake in 0.645 ms 
INFO - [G] 2025-10-07 16:34:23 :: INFO  :: TIMER :: [0005] Injected Rarity in 0.048 ms 
INFO - [G] 2025-10-07 16:34:23 :: INFO  :: TIMER :: [0005] Injected ObjectType in 0.111 ms 
INFO - [G] 2025-10-07 16:34:23 :: INFO  :: TIMER :: [0103] Injected Center in 1.541 ms 
INFO - [G] 2025-10-07 16:34:23 :: INFO  :: TIMER :: [0007] Injected Undiscovered Sprite in 0.057 ms 
INFO - [G] 2025-10-07 16:34:23 :: INFO  :: TIMER :: [0002] Injected Blind in 0.026 ms 
INFO - [G] 2025-10-07 16:34:23 :: INFO  :: TIMER :: [0004] Injected Seal in 0.197 ms 
INFO - [G] 2025-10-07 16:34:23 :: INFO  :: TIMER :: [0004] Injected Suit in 0.122 ms 
INFO - [G] 2025-10-07 16:34:23 :: INFO  :: TIMER :: [0013] Injected Rank in 0.236 ms 
INFO - [G] 2025-10-07 16:34:23 :: INFO  :: TIMER :: [0028] Injected DeckSkin in 0.331 ms 
INFO - [G] 2025-10-07 16:34:23 :: INFO  :: TIMER :: [0012] Injected PokerHand in 0.068 ms 
INFO - [G] 2025-10-07 16:34:23 :: INFO  :: TIMER :: [0020] Injected Challenge in 0.145 ms 
INFO - [G] 2025-10-07 16:34:23 :: INFO  :: TIMER :: [0000] Injected Tag in 0.002 ms 
INFO - [G] 2025-10-07 16:34:23 :: INFO  :: TIMER :: [0004] Injected Sticker in 0.167 ms 
INFO - [G] 2025-10-07 16:34:23 :: INFO  :: TIMER :: [0000] Injected Shader in 0.002 ms 
INFO - [G] 2025-10-07 16:34:23 :: INFO  :: TIMER :: [0002] Injected Keybind in 0.082 ms 
INFO - [G] 2025-10-07 16:34:23 :: INFO  :: TIMER :: [0000] Injected Achievement in 0.082 ms 
INFO - [G] 2025-10-07 16:34:23 :: INFO  :: TIMER :: [0002] Injected nil in 0.028 ms 
INFO - [G] 2025-10-07 16:34:23 :: INFO  :: TIMER :: [0021] Injected Draw Step in 0.452 ms 
INFO - [G] 2025-10-07 16:34:23 :: INFO  :: TIMER :: [0000] Injected [INTERNAL] in 1.067 ms 
INFO - [G] [DebugPlus] Press [/] to toggle console and press [shift] + [/] to toggle new log previews 
INFO - [G] line not found
INFO - [G] line not found
INFO - [G] file not found: main.lua: No such file or directory
INFO - [G] file not found: main.lua: No such file or directory
INFO - [G] 2025-10-07 16:35:39 :: ERROR :: StackTrace :: Oops! The game crashed
[SMODS SuperAutoJokers "superautojokers_main.lua"]:1668: attempt to call field 'poll_edition' (a nil value)
Stack Traceback
===============
(1) Lua upvalue 'orig' at file 'main.lua:612'
	Local variables:
	 msg = string: "[SMODS SuperAutoJokers \"superautojokers_main.lua\"]:1668: attempt to call field 'poll_edition' (a nil value)"
	 (*temporary) = Lua function '?' (defined at line 31 of chunk [SMODS _ "src/logging.lua"])
	 (*temporary) = string: "Oops! The game crashed\
"
(2) Lua local 'handler' at file 'debugplus/console.lua:606' (from lovely module debugplus.console)
	Local variables:
	 msg = string: "[SMODS SuperAutoJokers \"superautojokers_main.lua\"]:1668: attempt to call field 'poll_edition' (a nil value)"
(3) LÖVE field at file 'boot.lua:352'
	Local variables:
	 errhand = Lua function '(LÖVE Function)' (defined at line 605 of chunk [lovely debugplus.console "debugplus/console.lua"])
	 handler = Lua function '(LÖVE Function)' (defined at line 605 of chunk [lovely debugplus.console "debugplus/console.lua"])
(4) Lua method 'calculate' at file 'superautojokers_main.lua:1668' (from mod with id SuperAutoJokers)
	Local variables:
	 self = table: 0x0a6a6b68  {alerted:true, loc_vars:function: 0x0a6a6e50, _saved_d_u:true, original_key:leopardjoker, mod:table: 0x0a679c80, registered:true, rarity:3, cost:7 (more...)}
	 card = table: 0x0ae941c0  {click_offset:table: 0x0abf2ee8, static_rotation:false, ambient_tilt:0.2, parent:table: 0x0aa4d5f0, T:table: 0x0abd74d8, last_aligned:-1, extra_cost:0 (more...)}
	 context = table: 0x0a41fa58  {main_eval:true, before:true, scoring_name:High Card, scoring_hand:table: 0x0af44e60, full_hand:table: 0x0a93ba40, cardarea:table: 0x0aa4d5f0 (more...)}
	 (*temporary) = Lua function '?' (defined at line 1764 of chunk [SMODS _ "src/overrides.lua"])
	 (*temporary) = table: 0x0a694520  {seal:Gold, click_offset:table: 0x0a31b000, rank:1, children:table: 0x0a6922f8, ambient_tilt:0.2, parent:table: 0x0aa489a0, highlighted:false (more...)}
	 (*temporary) = nil
	 (*temporary) = table: 0x0a1cf8c0  {guaranteed:true}
	 (*temporary) = string: "attempt to call field 'poll_edition' (a nil value)"
(5) Lua method 'calculate_joker' at file 'card.lua:2555'
	Local variables:
	 self = table: 0x0ae941c0  {click_offset:table: 0x0abf2ee8, static_rotation:false, ambient_tilt:0.2, parent:table: 0x0aa4d5f0, T:table: 0x0abd74d8, last_aligned:-1, extra_cost:0 (more...)}
	 context = table: 0x0a41fa58  {main_eval:true, before:true, scoring_name:High Card, scoring_hand:table: 0x0af44e60, full_hand:table: 0x0a93ba40, cardarea:table: 0x0aa4d5f0 (more...)}
	 obj = table: 0x0a6a6b68  {alerted:true, loc_vars:function: 0x0a6a6e50, _saved_d_u:true, original_key:leopardjoker, mod:table: 0x0a679c80, registered:true, rarity:3, cost:7 (more...)}
(6) Lua global 'eval_card' at file 'functions/common_events.lua:722'
	Local variables:
	 card = table: 0x0ae941c0  {click_offset:table: 0x0abf2ee8, static_rotation:false, ambient_tilt:0.2, parent:table: 0x0aa4d5f0, T:table: 0x0abd74d8, last_aligned:-1, extra_cost:0 (more...)}
	 context = table: 0x0a41fa58  {main_eval:true, before:true, scoring_name:High Card, scoring_hand:table: 0x0af44e60, full_hand:table: 0x0a93ba40, cardarea:table: 0x0aa4d5f0 (more...)}
	 ret = table: 0x0a41fc90  {}
	 post_trig = table: 0x0a41fcb8  {}
	 areas = table: 0x0a41fce0  {1:table: 0x0aa4d5f0, 2:table: 0x0a861da8, 3:table: 0x0a60d488}
	 area_set = table: 0x0a586a78  {table: 0x0aa4d5f0:true, table: 0x0a60d488:true, table: 0x0a861da8:true}
(7) Lua field 'calculate_card_areas' at Steamodded file 'src/utils.lua:1720' 
	Local variables:
	 _type = string: "jokers"
	 context = table: 0x0a41fa58  {main_eval:true, before:true, scoring_name:High Card, scoring_hand:table: 0x0af44e60, full_hand:table: 0x0a93ba40, cardarea:table: 0x0aa4d5f0 (more...)}
	 return_table = nil
	 args = table: 0x0a41fb70  {joker_area:true}
	 flags = table: 0x0a41fbd0  {}
	 (for generator) = C function: builtin#6
	 (for state) = table: 0x0a41fbf8  {1:table: 0x0aa4d5f0, 2:table: 0x0a861da8, 3:table: 0x0a60d488}
	 (for control) = number: 1
	 _ = number: 1
	 area = table: 0x0aa4d5f0  {click_offset:table: 0x0a193100, static_rotation:false, shuffle_amt:0, T:table: 0x0aa4a748, offset:table: 0x0a892e88, role:table: 0x0a3abff8, last_aligned:-1 (more...)}
	 (for generator) = C function: builtin#6
	 (for state) = table: 0x0a916668  {1:table: 0x0ae941c0}
	 (for control) = number: 1
	 _ = number: 1
	 _card = table: 0x0ae941c0  {click_offset:table: 0x0abf2ee8, static_rotation:false, ambient_tilt:0.2, parent:table: 0x0aa4d5f0, T:table: 0x0abd74d8, last_aligned:-1, extra_cost:0 (more...)}
(8) Lua field 'calculate_context' at Steamodded file 'src/utils.lua:1836' 
	Local variables:
	 context = table: 0x0a41fa58  {main_eval:true, before:true, scoring_name:High Card, scoring_hand:table: 0x0af44e60, full_hand:table: 0x0a93ba40, cardarea:table: 0x0aa4d5f0 (more...)}
	 return_table = nil
	 no_resolve = nil
	 has_area = nil
	 flags = table: 0x0a41fb48  {}
	 (*temporary) = number: 1
(9) Lua field 'evaluate_play' at file 'functions/state_events.lua:597'
	Local variables:
	 e = nil
	 text = string: "High Card"
	 disp_text = string: "High Card"
	 poker_hands = table: 0x0aa454e0  {Flush House:table: 0x0a8a4908, Full House:table: 0x0a8a4968, top:table: 0x0a8a4b10, Flush:table: 0x0af5ca60, Pair:table: 0x0a231050, Four of a Kind:table: 0x0a916248 (more...)}
	 scoring_hand = table: 0x0af44e60  {1:table: 0x0a694520}
	 non_loc_disp_text = string: "High Card"
	 final_scoring_hand = table: 0x0af44e60  {1:table: 0x0a694520}
	 hand_text_set = boolean: false
(10) Lua field 'func' at file 'functions/state_events.lua:482'
(11) Lua method 'handle' at file 'engine/event.lua:99'
	Local variables:
	 self = table: 0x0ae35a58  {start_timer:true, timer:TOTAL, blockable:true, trigger:immediate, func:function: 0x0abbdd18, delay:0, complete:false, time:48.09296140574, blocking:true (more...)}
	 _results = table: 0x0a98b4b0  {blocking:true, pause_skip:false, time_done:false, completed:false}
(12) Lua method 'update' at file 'engine/event.lua:182'
	Local variables:
	 self = table: 0x0a54aac0  {queue_last_processed:74.299999999997, queues:table: 0x0a54aae8, queue_dt:0.016666666666667, queue_timer:74.849002767695}
	 dt = number: 0.0168284
	 forced = nil
	 (for generator) = C function: next
	 (for state) = table: 0x0a54aae8  {unlock:table: 0x0a54abd8, other:table: 0x0a54ac78, tutorial:table: 0x0a54ac28, base:table: 0x0a54ac00, achievement:table: 0x0a54ac50}
	 (for control) = number: nan
	 k = string: "base"
	 v = table: 0x0a54ac00  {1:table: 0x0a690530, 2:table: 0x0a1897f0, 3:table: 0x0ae35a58, 4:table: 0x0a334bb0, 5:table: 0x0ae35ae0, 6:table: 0x0a1829c0, 7:table: 0x0a1ce780 (more...)}
	 blocked = boolean: false
	 i = number: 3
	 results = table: 0x0a98b4b0  {blocking:true, pause_skip:false, time_done:false, completed:false}
(13) Lua upvalue 'gameUpdateRef' at file 'game.lua:2552'
	Local variables:
	 self = table: 0x0a017298  {F_GUIDE:false, F_CRASH_REPORTS:false, F_QUIT_BUTTON:true, HUD_tags:table: 0x0aae5ee0, F_ENGLISH_ONLY:false, viewed_stake:1, HUD:table: 0x0a6c2628 (more...)}
	 dt = number: 0.0168284
	 http_resp = nil
(14) Lua method 'update' at Steamodded file 'src/ui.lua:84' 
	Local variables:
	 self = table: 0x0a017298  {F_GUIDE:false, F_CRASH_REPORTS:false, F_QUIT_BUTTON:true, HUD_tags:table: 0x0aae5ee0, F_ENGLISH_ONLY:false, viewed_stake:1, HUD:table: 0x0a6c2628 (more...)}
	 dt = number: 0.0168284
(15) Lua field 'update' at file 'main.lua:999'
	Local variables:
	 dt = number: 0.0168284
(16) Lua function '?' at file 'main.lua:938' (best guess)
(17) global C function 'xpcall'
(18) LÖVE function at file 'boot.lua:377' (best guess)
	Local variables:
	 func = Lua function '?' (defined at line 909 of chunk main.lua)
	 inerror = boolean: true
	 deferErrhand = Lua function '(LÖVE Function)' (defined at line 348 of chunk [love "boot.lua"])
	 earlyinit = Lua function '(LÖVE Function)' (defined at line 355 of chunk [love "boot.lua"])
 
INFO - [G] line not found
INFO - [G] file not found: main.lua: No such file or directory
INFO - [G] file not found: main.lua: No such file or directory
INFO - [G] 2025-10-07 16:35:39 :: INFO  :: StackTrace :: Additional Context:
Balatro Version: 1.0.1o-FULL
Modded Version: 1.0.0~BETA-0711a-STEAMODDED
LÖVE Version: 11.5.0
Lovely Version: 0.8.0
Platform: Windows
Steamodded Mods:
    1: Super Auto Jokers by Equi [ID: SuperAutoJokers, Version: 1.0.0]
    2: DebugPlus by WilsontheWolf [ID: DebugPlus, Version: 1.5.1, Uses Lovely]
Lovely Mods: 
