INFO - [♥] Lovely 0.8.0
INFO - [♥] Game directory is at "C:\\Program Files (x86)\\Steam\\steamapps\\common\\Balatro"
INFO - [♥] Writing logs to "C:\\Users\\PC\\AppData\\Roaming\\Balatro\\Mods\\lovely\\log"
INFO - [♥] Using mod directory at "C:\\Users\\PC\\AppData\\Roaming\\Balatro\\Mods"
INFO - [♥] Cleaning up dumps directory at "C:\\Users\\PC\\AppData\\Roaming\\Balatro\\Mods\\lovely\\dump"
INFO - [♥] Initialization complete in 94ms
INFO - [♥] Applied 1 patch to 'conf.lua'
INFO - [♥] Applied 11 patches to 'main.lua'
INFO - [♥] Applied 10 patches to 'engine/controller.lua'
INFO - [♥] Applied 15 patches to 'back.lua'
INFO - [♥] Applied 7 patches to 'tag.lua'
INFO - [♥] Applied 2 patches to 'engine/moveable.lua'
INFO - [♥] Applied 2 patches to 'engine/sprite.lua'
INFO - [♥] Applied 2 patches to 'engine/animatedsprite.lua'
INFO - [♥] Applied 67 patches to 'functions/misc_functions.lua'
INFO - [♥] Applied 40 patches to 'game.lua'
INFO - [♥] Applied 1 patch to 'globals.lua'
INFO - [♥] Applied 5 patches to 'engine/ui.lua'
INFO - [♥] Applied 95 patches to 'functions/UI_definitions.lua'
INFO - [♥] Applied 49 patches to 'functions/state_events.lua'
INFO - [♥] Applied 117 patches to 'functions/common_events.lua'
INFO - [♥] Applied 51 patches to 'functions/button_callbacks.lua'
INFO - [♥] Applied 186 patches to 'card.lua'
INFO - [♥] Applied 10 patches to 'cardarea.lua'
INFO - [♥] Applied 37 patches to 'blind.lua'
INFO - [♥] Applied 2 patches to 'engine/text.lua'
INFO - [G] Failed to connect to the debug server 
INFO - [G] 2025-10-07 16:44:57 :: DEBUG :: DebugConsole :: Steamodded Debug Socket started ! 
INFO - [G] 2025-10-07 16:44:58 :: INFO  :: SMODS :: Steamodded v1.0.0~BETA-0711a 
INFO - [♥] Applied 9 patches to 'engine/sound_manager.lua'
INFO - [♥] Applied 1 patch to 'engine/save_manager.lua'
INFO - [G] 2025-10-07 16:45:01 :: INFO  :: Loader :: Valid JSON file found 
INFO - [G] 2025-10-07 16:45:01 :: INFO  :: Loader :: Valid JSON file found 
INFO - [G] 2025-10-07 16:45:02 :: INFO  :: TIMER :: [0000] Injected Fonts in 0.001 ms 
INFO - [G] 2025-10-07 16:45:02 :: INFO  :: TIMER :: [0000] Injected Language in 0.001 ms 
INFO - [G] 2025-10-07 16:45:02 :: INFO  :: TIMER :: [0000] Injected [INTERNAL] in 2.777 ms 
INFO - [G] 2025-10-07 16:45:03 :: INFO  :: TIMER :: [0004] Injected Atlas in 770.347 ms 
INFO - [G] 2025-10-07 16:45:03 :: INFO  :: TIMER :: [0001] Injected Sound in 0.929 ms 
INFO - [G] 2025-10-07 16:45:03 :: INFO  :: TIMER :: [0008] Injected Stake in 0.457 ms 
INFO - [G] 2025-10-07 16:45:03 :: INFO  :: TIMER :: [0005] Injected Rarity in 0.043 ms 
INFO - [G] 2025-10-07 16:45:03 :: INFO  :: TIMER :: [0005] Injected ObjectType in 0.238 ms 
INFO - [G] 2025-10-07 16:45:03 :: INFO  :: TIMER :: [0103] Injected Center in 2.139 ms 
INFO - [G] 2025-10-07 16:45:03 :: INFO  :: TIMER :: [0007] Injected Undiscovered Sprite in 0.069 ms 
INFO - [G] 2025-10-07 16:45:03 :: INFO  :: TIMER :: [0002] Injected Blind in 0.028 ms 
INFO - [G] 2025-10-07 16:45:03 :: INFO  :: TIMER :: [0004] Injected Seal in 0.193 ms 
INFO - [G] 2025-10-07 16:45:03 :: INFO  :: TIMER :: [0004] Injected Suit in 0.105 ms 
INFO - [G] 2025-10-07 16:45:03 :: INFO  :: TIMER :: [0013] Injected Rank in 0.150 ms 
INFO - [G] 2025-10-07 16:45:03 :: INFO  :: TIMER :: [0028] Injected DeckSkin in 0.386 ms 
INFO - [G] 2025-10-07 16:45:03 :: INFO  :: TIMER :: [0012] Injected PokerHand in 0.103 ms 
INFO - [G] 2025-10-07 16:45:03 :: INFO  :: TIMER :: [0020] Injected Challenge in 0.128 ms 
INFO - [G] 2025-10-07 16:45:03 :: INFO  :: TIMER :: [0000] Injected Tag in 0.002 ms 
INFO - [G] 2025-10-07 16:45:03 :: INFO  :: TIMER :: [0004] Injected Sticker in 0.114 ms 
INFO - [G] 2025-10-07 16:45:03 :: INFO  :: TIMER :: [0000] Injected Shader in 0.002 ms 
INFO - [G] 2025-10-07 16:45:03 :: INFO  :: TIMER :: [0002] Injected Keybind in 0.023 ms 
INFO - [G] 2025-10-07 16:45:03 :: INFO  :: TIMER :: [0000] Injected Achievement in 0.089 ms 
INFO - [G] 2025-10-07 16:45:03 :: INFO  :: TIMER :: [0002] Injected nil in 0.054 ms 
INFO - [G] 2025-10-07 16:45:03 :: INFO  :: TIMER :: [0021] Injected Draw Step in 0.285 ms 
INFO - [G] 2025-10-07 16:45:03 :: INFO  :: TIMER :: [0000] Injected [INTERNAL] in 1.175 ms 
INFO - [G] [DebugPlus] Press [/] to toggle console and press [shift] + [/] to toggle new log previews 
INFO - [G] line not found
INFO - [G] line not found
INFO - [G] file not found: main.lua: No such file or directory
INFO - [G] file not found: main.lua: No such file or directory
INFO - [G] 2025-10-07 16:45:32 :: ERROR :: StackTrace :: Oops! The game crashed
[SMODS SuperAutoJokers "superautojokers_main.lua"]:1668: attempt to call field 'poll_edition' (a nil value)
Stack Traceback
===============
(1) Lua upvalue 'orig' at file 'main.lua:612'
	Local variables:
	 msg = string: "[SMODS SuperAutoJokers \"superautojokers_main.lua\"]:1668: attempt to call field 'poll_edition' (a nil value)"
	 (*temporary) = Lua function '?' (defined at line 31 of chunk [SMODS _ "src/logging.lua"])
	 (*temporary) = string: "Oops! The game crashed\
"
(2) Lua local 'handler' at file 'debugplus/console.lua:606' (from lovely module debugplus.console)
	Local variables:
	 msg = string: "[SMODS SuperAutoJokers \"superautojokers_main.lua\"]:1668: attempt to call field 'poll_edition' (a nil value)"
(3) LÖVE field at file 'boot.lua:352'
	Local variables:
	 errhand = Lua function '(LÖVE Function)' (defined at line 605 of chunk [lovely debugplus.console "debugplus/console.lua"])
	 handler = Lua function '(LÖVE Function)' (defined at line 605 of chunk [lovely debugplus.console "debugplus/console.lua"])
(4) Lua method 'calculate' at file 'superautojokers_main.lua:1668' (from mod with id SuperAutoJokers)
	Local variables:
	 self = table: 0x05082628  {alerted:true, loc_vars:function: 0x05082910, _saved_d_u:true, original_key:leopardjoker, mod:table: 0x0501cb18, registered:true, rarity:3, cost:7 (more...)}
	 card = table: 0x04dd9920  {click_offset:table: 0x050450d8, static_rotation:false, ambient_tilt:0.2, parent:table: 0x0507ced8, T:table: 0x052fef78, last_aligned:-1, extra_cost:0 (more...)}
	 context = table: 0x05679c10  {main_eval:true, before:true, scoring_name:High Card, scoring_hand:table: 0x04adf738, full_hand:table: 0x05080388, cardarea:table: 0x0507ced8 (more...)}
	 (*temporary) = Lua function '?' (defined at line 1764 of chunk [SMODS _ "src/overrides.lua"])
	 (*temporary) = table: 0x04b3fbe8  {seal:Red, click_offset:table: 0x04be62e8, rank:1, children:table: 0x050e44f0, ambient_tilt:0.2, parent:table: 0x0507fb48, highlighted:false, T:table: 0x04dcde40 (more...)}
	 (*temporary) = nil
	 (*temporary) = table: 0x0557f288  {1:test, 2:1, 3:true, 4:true, 5:table: 0x0557f2e0}
	 (*temporary) = table: 0x0557f2e0  {1:e_foil, 2:e_holo, 3:e_polychrome}
	 (*temporary) = string: "attempt to call field 'poll_edition' (a nil value)"
(5) Lua method 'calculate_joker' at file 'card.lua:2555'
	Local variables:
	 self = table: 0x04dd9920  {click_offset:table: 0x050450d8, static_rotation:false, ambient_tilt:0.2, parent:table: 0x0507ced8, T:table: 0x052fef78, last_aligned:-1, extra_cost:0 (more...)}
	 context = table: 0x05679c10  {main_eval:true, before:true, scoring_name:High Card, scoring_hand:table: 0x04adf738, full_hand:table: 0x05080388, cardarea:table: 0x0507ced8 (more...)}
	 obj = table: 0x05082628  {alerted:true, loc_vars:function: 0x05082910, _saved_d_u:true, original_key:leopardjoker, mod:table: 0x0501cb18, registered:true, rarity:3, cost:7 (more...)}
(6) Lua global 'eval_card' at file 'functions/common_events.lua:722'
	Local variables:
	 card = table: 0x04dd9920  {click_offset:table: 0x050450d8, static_rotation:false, ambient_tilt:0.2, parent:table: 0x0507ced8, T:table: 0x052fef78, last_aligned:-1, extra_cost:0 (more...)}
	 context = table: 0x05679c10  {main_eval:true, before:true, scoring_name:High Card, scoring_hand:table: 0x04adf738, full_hand:table: 0x05080388, cardarea:table: 0x0507ced8 (more...)}
	 ret = table: 0x05679c80  {}
	 post_trig = table: 0x05077e08  {}
	 areas = table: 0x05077e30  {1:table: 0x0507ced8, 2:table: 0x0507c5c8, 3:table: 0x0507e0e0}
	 area_set = table: 0x05077e78  {table: 0x0507e0e0:true, table: 0x0507ced8:true, table: 0x0507c5c8:true}
(7) Lua field 'calculate_card_areas' at Steamodded file 'src/utils.lua:1720' 
	Local variables:
	 _type = string: "jokers"
	 context = table: 0x05679c10  {main_eval:true, before:true, scoring_name:High Card, scoring_hand:table: 0x04adf738, full_hand:table: 0x05080388, cardarea:table: 0x0507ced8 (more...)}
	 return_table = nil
	 args = table: 0x04b195c8  {joker_area:true}
	 flags = table: 0x04b19628  {}
	 (for generator) = C function: builtin#6
	 (for state) = table: 0x05679c38  {1:table: 0x0507ced8, 2:table: 0x0507c5c8, 3:table: 0x0507e0e0}
	 (for control) = number: 1
	 _ = number: 1
	 area = table: 0x0507ced8  {click_offset:table: 0x0507d038, static_rotation:false, shuffle_amt:0, T:table: 0x0507d010, offset:table: 0x0507d5f8, role:table: 0x0507d428, last_aligned:-1 (more...)}
	 (for generator) = C function: builtin#6
	 (for state) = table: 0x0507d718  {1:table: 0x04dd9920}
	 (for control) = number: 1
	 _ = number: 1
	 _card = table: 0x04dd9920  {click_offset:table: 0x050450d8, static_rotation:false, ambient_tilt:0.2, parent:table: 0x0507ced8, T:table: 0x052fef78, last_aligned:-1, extra_cost:0 (more...)}
(8) Lua field 'calculate_context' at Steamodded file 'src/utils.lua:1836' 
	Local variables:
	 context = table: 0x05679c10  {main_eval:true, before:true, scoring_name:High Card, scoring_hand:table: 0x04adf738, full_hand:table: 0x05080388, cardarea:table: 0x0507ced8 (more...)}
	 return_table = nil
	 no_resolve = nil
	 has_area = nil
	 flags = table: 0x04b195a0  {}
	 (*temporary) = number: 1
(9) Lua field 'evaluate_play' at file 'functions/state_events.lua:597'
	Local variables:
	 e = nil
	 text = string: "High Card"
	 disp_text = string: "High Card"
	 poker_hands = table: 0x052f98b8  {Flush House:table: 0x05237ec0, Full House:table: 0x05237f20, top:table: 0x04fc0770, Flush:table: 0x04b954f8, Pair:table: 0x04b7d148, Four of a Kind:table: 0x052b73c8 (more...)}
	 scoring_hand = table: 0x04adf738  {1:table: 0x04b3fbe8}
	 non_loc_disp_text = string: "High Card"
	 final_scoring_hand = table: 0x04adf738  {1:table: 0x04b3fbe8}
	 hand_text_set = boolean: false
(10) Lua field 'func' at file 'functions/state_events.lua:482'
(11) Lua method 'handle' at file 'engine/event.lua:99'
	Local variables:
	 self = table: 0x048b6528  {start_timer:true, timer:TOTAL, blockable:true, trigger:immediate, func:function: 0x05251870, delay:0, complete:false, time:59.193605170536, blocking:true (more...)}
	 _results = table: 0x05336f48  {blocking:true, pause_skip:false, time_done:false, completed:false}
(12) Lua method 'update' at file 'engine/event.lua:182'
	Local variables:
	 self = table: 0x04f65970  {queue_last_processed:27.783333333333, queues:table: 0x04f65998, queue_dt:0.016666666666667, queue_timer:28.269802797866}
	 dt = number: 0.016682
	 forced = nil
	 (for generator) = C function: next
	 (for state) = table: 0x04f65998  {unlock:table: 0x04f65a88, other:table: 0x04f65b28, tutorial:table: 0x04f65ad8, base:table: 0x04f65ab0, achievement:table: 0x04f65b00}
	 (for control) = number: nan
	 k = string: "base"
	 v = table: 0x04f65ab0  {1:table: 0x05081098, 2:table: 0x04ad0810, 3:table: 0x048b6528, 4:table: 0x0584f3d8, 5:table: 0x050e58f8, 6:table: 0x052f9890, 7:table: 0x0527cd80 (more...)}
	 blocked = boolean: false
	 i = number: 3
	 results = table: 0x05336f48  {blocking:true, pause_skip:false, time_done:false, completed:false}
(13) Lua upvalue 'gameUpdateRef' at file 'game.lua:2552'
	Local variables:
	 self = table: 0x049d2d78  {F_GUIDE:false, F_CRASH_REPORTS:false, F_QUIT_BUTTON:true, HUD_tags:table: 0x05050410, F_ENGLISH_ONLY:false, viewed_stake:1, HUD:table: 0x04f12e48 (more...)}
	 dt = number: 0.016682
	 http_resp = nil
(14) Lua method 'update' at Steamodded file 'src/ui.lua:84' 
	Local variables:
	 self = table: 0x049d2d78  {F_GUIDE:false, F_CRASH_REPORTS:false, F_QUIT_BUTTON:true, HUD_tags:table: 0x05050410, F_ENGLISH_ONLY:false, viewed_stake:1, HUD:table: 0x04f12e48 (more...)}
	 dt = number: 0.016682
(15) Lua field 'update' at file 'main.lua:999'
	Local variables:
	 dt = number: 0.016682
(16) Lua function '?' at file 'main.lua:938' (best guess)
(17) global C function 'xpcall'
(18) LÖVE function at file 'boot.lua:377' (best guess)
	Local variables:
	 func = Lua function '?' (defined at line 909 of chunk main.lua)
	 inerror = boolean: true
	 deferErrhand = Lua function '(LÖVE Function)' (defined at line 348 of chunk [love "boot.lua"])
	 earlyinit = Lua function '(LÖVE Function)' (defined at line 355 of chunk [love "boot.lua"])
 
INFO - [G] line not found
INFO - [G] file not found: main.lua: No such file or directory
INFO - [G] file not found: main.lua: No such file or directory
INFO - [G] 2025-10-07 16:45:32 :: INFO  :: StackTrace :: Additional Context:
Balatro Version: 1.0.1o-FULL
Modded Version: 1.0.0~BETA-0711a-STEAMODDED
LÖVE Version: 11.5.0
Lovely Version: 0.8.0
Platform: Windows
Steamodded Mods:
    1: Super Auto Jokers by Equi [ID: SuperAutoJokers, Version: 1.0.0]
    2: DebugPlus by WilsontheWolf [ID: DebugPlus, Version: 1.5.1, Uses Lovely]
Lovely Mods: 
