INFO - [♥] Lovely 0.8.0
INFO - [♥] Game directory is at "C:\\Program Files (x86)\\Steam\\steamapps\\common\\Balatro"
INFO - [♥] Writing logs to "C:\\Users\\PC\\AppData\\Roaming\\Balatro\\Mods\\lovely\\log"
INFO - [♥] Using mod directory at "C:\\Users\\PC\\AppData\\Roaming\\Balatro\\Mods"
INFO - [♥] Cleaning up dumps directory at "C:\\Users\\PC\\AppData\\Roaming\\Balatro\\Mods\\lovely\\dump"
INFO - [♥] Initialization complete in 100ms
INFO - [♥] Applied 1 patch to 'conf.lua'
INFO - [♥] Applied 11 patches to 'main.lua'
INFO - [♥] Applied 10 patches to 'engine/controller.lua'
INFO - [♥] Applied 15 patches to 'back.lua'
INFO - [♥] Applied 7 patches to 'tag.lua'
INFO - [♥] Applied 2 patches to 'engine/moveable.lua'
INFO - [♥] Applied 2 patches to 'engine/sprite.lua'
INFO - [♥] Applied 2 patches to 'engine/animatedsprite.lua'
INFO - [♥] Applied 67 patches to 'functions/misc_functions.lua'
INFO - [♥] Applied 40 patches to 'game.lua'
INFO - [♥] Applied 1 patch to 'globals.lua'
INFO - [♥] Applied 5 patches to 'engine/ui.lua'
INFO - [♥] Applied 95 patches to 'functions/UI_definitions.lua'
INFO - [♥] Applied 49 patches to 'functions/state_events.lua'
INFO - [♥] Applied 117 patches to 'functions/common_events.lua'
INFO - [♥] Applied 51 patches to 'functions/button_callbacks.lua'
INFO - [♥] Applied 186 patches to 'card.lua'
INFO - [♥] Applied 10 patches to 'cardarea.lua'
INFO - [♥] Applied 37 patches to 'blind.lua'
INFO - [♥] Applied 2 patches to 'engine/text.lua'
INFO - [G] Failed to connect to the debug server 
INFO - [G] 2025-09-25 20:03:06 :: DEBUG :: DebugConsole :: Steamodded Debug Socket started ! 
INFO - [G] 2025-09-25 20:03:06 :: INFO  :: SMODS :: Steamodded v1.0.0~BETA-0711a 
INFO - [♥] Applied 9 patches to 'engine/sound_manager.lua'
INFO - [♥] Applied 1 patch to 'engine/save_manager.lua'
INFO - [G] 2025-09-25 20:03:09 :: INFO  :: Loader :: Valid JSON file found 
INFO - [G] 2025-09-25 20:03:09 :: INFO  :: Loader :: Valid JSON file found 
INFO - [G] 2025-09-25 20:03:10 :: WARN  :: Joker :: Cannot take ownership of j_mail-in_rebate: Does not exist. 
INFO - [G] 2025-09-25 20:03:10 :: WARN  :: Joker :: Cannot take ownership of j_the_idol: Does not exist. 
INFO - [G] 2025-09-25 20:03:10 :: INFO  :: TIMER :: [0000] Injected Fonts in 0.013 ms 
INFO - [G] 2025-09-25 20:03:10 :: INFO  :: TIMER :: [0000] Injected Language in 0.002 ms 
INFO - [G] 2025-09-25 20:03:10 :: INFO  :: TIMER :: [0000] Injected [INTERNAL] in 2.468 ms 
INFO - [G] 2025-09-25 20:03:10 :: INFO  :: TIMER :: [0003] Injected Atlas in 420.684 ms 
INFO - [G] 2025-09-25 20:03:10 :: INFO  :: TIMER :: [0001] Injected Sound in 0.887 ms 
INFO - [G] 2025-09-25 20:03:10 :: INFO  :: TIMER :: [0008] Injected Stake in 0.420 ms 
INFO - [G] 2025-09-25 20:03:10 :: INFO  :: TIMER :: [0004] Injected Rarity in 0.038 ms 
INFO - [G] 2025-09-25 20:03:10 :: INFO  :: TIMER :: [0004] Injected ObjectType in 0.103 ms 
INFO - [G] 2025-09-25 20:03:10 :: INFO  :: TIMER :: [0075] Injected Center in 1.168 ms 
INFO - [G] 2025-09-25 20:03:10 :: INFO  :: TIMER :: [0007] Injected Undiscovered Sprite in 0.027 ms 
INFO - [G] 2025-09-25 20:03:10 :: INFO  :: TIMER :: [0002] Injected Blind in 0.028 ms 
INFO - [G] 2025-09-25 20:03:10 :: INFO  :: TIMER :: [0004] Injected Seal in 0.219 ms 
INFO - [G] 2025-09-25 20:03:10 :: INFO  :: TIMER :: [0004] Injected Suit in 0.119 ms 
INFO - [G] 2025-09-25 20:03:10 :: INFO  :: TIMER :: [0013] Injected Rank in 0.159 ms 
INFO - [G] 2025-09-25 20:03:10 :: INFO  :: TIMER :: [0028] Injected DeckSkin in 0.788 ms 
INFO - [G] 2025-09-25 20:03:10 :: INFO  :: TIMER :: [0012] Injected PokerHand in 0.070 ms 
INFO - [G] 2025-09-25 20:03:10 :: INFO  :: TIMER :: [0020] Injected Challenge in 0.055 ms 
INFO - [G] 2025-09-25 20:03:10 :: INFO  :: TIMER :: [0000] Injected Tag in 0.002 ms 
INFO - [G] 2025-09-25 20:03:10 :: INFO  :: TIMER :: [0004] Injected Sticker in 0.104 ms 
INFO - [G] 2025-09-25 20:03:10 :: INFO  :: TIMER :: [0000] Injected Shader in 0.002 ms 
INFO - [G] 2025-09-25 20:03:10 :: INFO  :: TIMER :: [0002] Injected Keybind in 0.025 ms 
INFO - [G] 2025-09-25 20:03:10 :: INFO  :: TIMER :: [0000] Injected Achievement in 0.084 ms 
INFO - [G] 2025-09-25 20:03:10 :: INFO  :: TIMER :: [0002] Injected nil in 0.025 ms 
INFO - [G] 2025-09-25 20:03:10 :: INFO  :: TIMER :: [0021] Injected Draw Step in 0.190 ms 
INFO - [G] 2025-09-25 20:03:10 :: INFO  :: TIMER :: [0000] Injected [INTERNAL] in 0.799 ms 
INFO - [G] [DebugPlus] Press [/] to toggle console and press [shift] + [/] to toggle new log previews 
INFO - [G] line not found
INFO - [G] file not found: main.lua: No such file or directory
INFO - [G] file not found: main.lua: No such file or directory
INFO - [G] 2025-09-25 20:03:37 :: ERROR :: StackTrace :: Oops! The game crashed
[SMODS SuperAutoJokers "superautojokers_main.lua"]:599: attempt to index field 'ability' (a nil value)
Stack Traceback
===============
(1) Lua upvalue 'orig' at file 'main.lua:612'
	Local variables:
	 msg = string: "[SMODS SuperAutoJokers \"superautojokers_main.lua\"]:599: attempt to index field 'ability' (a nil value)"
	 (*temporary) = Lua function '?' (defined at line 31 of chunk [SMODS _ "src/logging.lua"])
	 (*temporary) = string: "Oops! The game crashed\
"
(2) Lua local 'handler' at file 'debugplus/console.lua:606' (from lovely module debugplus.console)
	Local variables:
	 msg = string: "[SMODS SuperAutoJokers \"superautojokers_main.lua\"]:599: attempt to index field 'ability' (a nil value)"
(3) LÖVE metamethod at file 'boot.lua:352'
	Local variables:
	 errhand = Lua function '(LÖVE Function)' (defined at line 605 of chunk [lovely debugplus.console "debugplus/console.lua"])
	 handler = Lua function '(LÖVE Function)' (defined at line 605 of chunk [lovely debugplus.console "debugplus/console.lua"])
(4) Lua method 'calculate' at file 'superautojokers_main.lua:599' (from mod with id SuperAutoJokers)
	Local variables:
	 self = table: 0x187fe878  {alerted:true, atlas:Joker, registered:true, _saved_d_u:true, original_key:hack, _discovered_unlocked_overwritten:true, calculate:function: 0x18a66f48 (more...)}
	 card = table: 0x18e606a0  {click_offset:table: 0x188d32f0, static_rotation:false, ambient_tilt:0.2, parent:table: 0x18e92208, T:table: 0x18ab5d00, last_aligned:-1, extra_cost:0 (more...)}
	 context = table: 0x192da3b0  {poker_hands:table: 0x1845c5a0, cardarea:table: 0x18e94e78, card_effects:table: 0x18956278, repetition:true, scoring_hand:table: 0x18c8a6c0, full_hand:table: 0x18e956b8 (more...)}
	 (*temporary) = table: 0x19280408  {message:Again!}
	 (*temporary) = nil
	 (*temporary) = string: "k_again_ex"
	 (*temporary) = string: "attempt to index field 'ability' (a nil value)"
(5) Lua method 'calculate_joker' at file 'card.lua:2555'
	Local variables:
	 self = table: 0x18e606a0  {click_offset:table: 0x188d32f0, static_rotation:false, ambient_tilt:0.2, parent:table: 0x18e92208, T:table: 0x18ab5d00, last_aligned:-1, extra_cost:0 (more...)}
	 context = table: 0x192da3b0  {poker_hands:table: 0x1845c5a0, cardarea:table: 0x18e94e78, card_effects:table: 0x18956278, repetition:true, scoring_hand:table: 0x18c8a6c0, full_hand:table: 0x18e956b8 (more...)}
	 obj = table: 0x187fe878  {alerted:true, atlas:Joker, registered:true, _saved_d_u:true, original_key:hack, _discovered_unlocked_overwritten:true, calculate:function: 0x18a66f48 (more...)}
(6) Lua global 'eval_card' at file 'functions/common_events.lua:722'
	Local variables:
	 card = table: 0x18e606a0  {click_offset:table: 0x188d32f0, static_rotation:false, ambient_tilt:0.2, parent:table: 0x18e92208, T:table: 0x18ab5d00, last_aligned:-1, extra_cost:0 (more...)}
	 context = table: 0x192da3b0  {poker_hands:table: 0x1845c5a0, cardarea:table: 0x18e94e78, card_effects:table: 0x18956278, repetition:true, scoring_hand:table: 0x18c8a6c0, full_hand:table: 0x18e956b8 (more...)}
	 ret = table: 0x18d9d550  {}
	 post_trig = table: 0x18d74600  {}
	 areas = table: 0x18d74628  {1:table: 0x18e92208, 2:table: 0x18e918f8, 3:table: 0x18e93410}
	 area_set = table: 0x18d74670  {table: 0x18e918f8:true, table: 0x18e92208:true, table: 0x18e93410:true}
(7) Lua field 'calculate_repetitions' at Steamodded file 'src/utils.lua:1598' 
	Local variables:
	 card = table: 0x1877d4e8  {role:table: 0x18e63200, zoom:true, click_offset:table: 0x188c7ea8, under_overlay:false, children:table: 0x18ee4100, ambient_tilt:0.2, parent:table: 0x18e94e78 (more...)}
	 context = table: 0x192da3b0  {poker_hands:table: 0x1845c5a0, cardarea:table: 0x18e94e78, card_effects:table: 0x18956278, repetition:true, scoring_hand:table: 0x18c8a6c0, full_hand:table: 0x18e956b8 (more...)}
	 reps = table: 0x18956240  {1:1}
	 eval = table: 0x18753d48  {}
	 quantum_eval = table: 0x18753d70  {}
	 (for generator) = C function: builtin#6
	 (for state) = table: 0x18753d98  {1:table: 0x18e92208, 2:table: 0x18e918f8, 3:table: 0x18e93410}
	 (for control) = number: 1
	 _ = number: 1
	 area = table: 0x18e92208  {click_offset:table: 0x18e92368, static_rotation:false, shuffle_amt:0, T:table: 0x18e92340, offset:table: 0x18e92928, role:table: 0x18e92758, last_aligned:-1 (more...)}
	 (for generator) = C function: builtin#6
	 (for state) = table: 0x18e92a48  {1:table: 0x194555f8, 2:table: 0x18e606a0}
	 (for control) = number: 2
	 _ = number: 2
	 _card = table: 0x18e606a0  {click_offset:table: 0x188d32f0, static_rotation:false, ambient_tilt:0.2, parent:table: 0x18e92208, T:table: 0x18ab5d00, last_aligned:-1, extra_cost:0 (more...)}
(8) Lua field 'score_card' at Steamodded file 'src/utils.lua:1890' 
	Local variables:
	 card = table: 0x1877d4e8  {role:table: 0x18e63200, zoom:true, click_offset:table: 0x188c7ea8, under_overlay:false, children:table: 0x18ee4100, ambient_tilt:0.2, parent:table: 0x18e94e78 (more...)}
	 context = table: 0x192da3b0  {poker_hands:table: 0x1845c5a0, cardarea:table: 0x18e94e78, card_effects:table: 0x18956278, repetition:true, scoring_hand:table: 0x18c8a6c0, full_hand:table: 0x18e956b8 (more...)}
	 reps = table: 0x18956240  {1:1}
	 j = number: 1
	 effects = table: 0x18956278  {1:table: 0x189562b8, 2:table: 0x18a81888, 3:table: 0x18c1df88, 4:table: 0x1866d800, 5:table: 0x193d7098, 6:table: 0x18ddc528}
	 flags = table: 0x188dd660  {calculated:true}
(9) Lua field 'calculate_main_scoring' at Steamodded file 'src/utils.lua:1924' 
	Local variables:
	 context = table: 0x192da3b0  {poker_hands:table: 0x1845c5a0, cardarea:table: 0x18e94e78, card_effects:table: 0x18956278, repetition:true, scoring_hand:table: 0x18c8a6c0, full_hand:table: 0x18e956b8 (more...)}
	 scoring_hand = table: 0x18c8a6c0  {1:table: 0x1877d4e8, 2:table: 0x18eafcf0, 3:table: 0x1880fe58}
	 (for generator) = C function: builtin#6
	 (for state) = table: 0x18e956b8  {1:table: 0x1877d4e8, 2:table: 0x18eafcf0, 3:table: 0x1880fe58, 4:table: 0x1847b538, 5:table: 0x18e9d040}
	 (for control) = number: 1
	 _ = number: 1
	 card = table: 0x1877d4e8  {role:table: 0x18e63200, zoom:true, click_offset:table: 0x188c7ea8, under_overlay:false, children:table: 0x18ee4100, ambient_tilt:0.2, parent:table: 0x18e94e78 (more...)}
	 in_scoring = boolean: true
(10) Lua field 'evaluate_play' at file 'functions/state_events.lua:614'
	Local variables:
	 e = nil
	 text = string: "Three of a Kind"
	 disp_text = string: "Three of a Kind"
	 poker_hands = table: 0x1845c5a0  {Flush House:table: 0x195dcf58, Full House:table: 0x18de3558, top:table: 0x18d87f00, Flush:table: 0x19428238, Pair:table: 0x18c20a28, Four of a Kind:table: 0x192b3300 (more...)}
	 scoring_hand = table: 0x18c8a6c0  {1:table: 0x1877d4e8, 2:table: 0x18eafcf0, 3:table: 0x1880fe58}
	 non_loc_disp_text = string: "Three of a Kind"
	 final_scoring_hand = table: 0x18c8a6c0  {1:table: 0x1877d4e8, 2:table: 0x18eafcf0, 3:table: 0x1880fe58}
	 hand_text_set = boolean: false
	 modded = nil
	 (for generator) = C function: builtin#6
	 (for state) = table: 0x192da388  {1:table: 0x18e94e78, 2:table: 0x18e945d0}
	 (for control) = number: 1
	 _ = number: 1
	 v = table: 0x18e94e78  {click_offset:table: 0x18e94fd8, static_rotation:false, shuffle_amt:0, T:table: 0x18e94fb0, offset:table: 0x18e95598, role:table: 0x18e953c8, last_aligned:-1 (more...)}
(11) Lua field 'func' at file 'functions/state_events.lua:482'
(12) Lua method 'handle' at file 'engine/event.lua:99'
	Local variables:
	 self = table: 0x18838770  {start_timer:true, timer:TOTAL, blockable:true, trigger:immediate, func:function: 0x19579f98, delay:0, complete:false, time:58.555876111909, blocking:true (more...)}
	 _results = table: 0x18edf0b0  {blocking:true, pause_skip:false, time_done:false, completed:false}
(13) Lua method 'update' at file 'engine/event.lua:182'
	Local variables:
	 self = table: 0x189676c8  {queue_last_processed:25.933333333333, queues:table: 0x189676f0, queue_dt:0.016666666666667, queue_timer:26.078082181014}
	 dt = number: 0.0168348
	 forced = nil
	 (for generator) = C function: next
	 (for state) = table: 0x189676f0  {unlock:table: 0x189677e0, other:table: 0x18967880, tutorial:table: 0x18967830, base:table: 0x18967808, achievement:table: 0x18967858}
	 (for control) = number: nan
	 k = string: "base"
	 v = table: 0x18967808  {1:table: 0x18e963c8, 2:table: 0x18838770, 3:table: 0x187618e8, 4:table: 0x186be3a0, 5:table: 0x186e66d0, 6:table: 0x18e3b518, 7:table: 0x18785a20 (more...)}
	 blocked = boolean: false
	 i = number: 2
	 results = table: 0x18edf0b0  {blocking:true, pause_skip:false, time_done:false, completed:false}
(14) Lua upvalue 'gameUpdateRef' at file 'game.lua:2552'
	Local variables:
	 self = table: 0x1855aef0  {F_GUIDE:false, F_CRASH_REPORTS:false, F_QUIT_BUTTON:true, HUD_tags:table: 0x18dcfb18, F_ENGLISH_ONLY:false, viewed_stake:1, HUD:table: 0x18bea5e8 (more...)}
	 dt = number: 0.0168348
	 http_resp = nil
(15) Lua method 'update' at Steamodded file 'src/ui.lua:84' 
	Local variables:
	 self = table: 0x1855aef0  {F_GUIDE:false, F_CRASH_REPORTS:false, F_QUIT_BUTTON:true, HUD_tags:table: 0x18dcfb18, F_ENGLISH_ONLY:false, viewed_stake:1, HUD:table: 0x18bea5e8 (more...)}
	 dt = number: 0.0168348
(16) Lua field 'update' at file 'main.lua:999'
	Local variables:
	 dt = number: 0.0168348
(17) Lua function '?' at file 'main.lua:938' (best guess)
(18) global C function 'xpcall'
(19) LÖVE function at file 'boot.lua:377' (best guess)
	Local variables:
	 func = Lua function '?' (defined at line 909 of chunk main.lua)
	 inerror = boolean: true
	 deferErrhand = Lua function '(LÖVE Function)' (defined at line 348 of chunk [love "boot.lua"])
	 earlyinit = Lua function '(LÖVE Function)' (defined at line 355 of chunk [love "boot.lua"])
 
INFO - [G] file not found: main.lua: No such file or directory
INFO - [G] file not found: main.lua: No such file or directory
INFO - [G] 2025-09-25 20:03:37 :: INFO  :: StackTrace :: Additional Context:
Balatro Version: 1.0.1o-FULL
Modded Version: 1.0.0~BETA-0711a-STEAMODDED
LÖVE Version: 11.5.0
Lovely Version: 0.8.0
Platform: Windows
Steamodded Mods:
    1: Super Auto Jokers by Equi [ID: SuperAutoJokers, Version: 1.0.0]
    2: DebugPlus by WilsontheWolf [ID: DebugPlus, Version: 1.5.1, Uses Lovely]
Lovely Mods: 
