INFO - [♥] Lovely 0.8.0
INFO - [♥] Game directory is at "C:\\Program Files (x86)\\Steam\\steamapps\\common\\Balatro"
INFO - [♥] Writing logs to "C:\\Users\\PC\\AppData\\Roaming\\Balatro\\Mods\\lovely\\log"
INFO - [♥] Using mod directory at "C:\\Users\\PC\\AppData\\Roaming\\Balatro\\Mods"
INFO - [♥] Cleaning up dumps directory at "C:\\Users\\PC\\AppData\\Roaming\\Balatro\\Mods\\lovely\\dump"
INFO - [♥] Initialization complete in 89ms
INFO - [♥] Applied 1 patch to 'conf.lua'
INFO - [♥] Applied 11 patches to 'main.lua'
INFO - [♥] Applied 10 patches to 'engine/controller.lua'
INFO - [♥] Applied 15 patches to 'back.lua'
INFO - [♥] Applied 7 patches to 'tag.lua'
INFO - [♥] Applied 2 patches to 'engine/moveable.lua'
INFO - [♥] Applied 2 patches to 'engine/sprite.lua'
INFO - [♥] Applied 2 patches to 'engine/animatedsprite.lua'
INFO - [♥] Applied 67 patches to 'functions/misc_functions.lua'
INFO - [♥] Applied 40 patches to 'game.lua'
INFO - [♥] Applied 1 patch to 'globals.lua'
INFO - [♥] Applied 5 patches to 'engine/ui.lua'
INFO - [♥] Applied 95 patches to 'functions/UI_definitions.lua'
INFO - [♥] Applied 49 patches to 'functions/state_events.lua'
INFO - [♥] Applied 117 patches to 'functions/common_events.lua'
INFO - [♥] Applied 51 patches to 'functions/button_callbacks.lua'
INFO - [♥] Applied 186 patches to 'card.lua'
INFO - [♥] Applied 10 patches to 'cardarea.lua'
INFO - [♥] Applied 37 patches to 'blind.lua'
INFO - [♥] Applied 2 patches to 'engine/text.lua'
INFO - [G] Failed to connect to the debug server 
INFO - [G] 2025-09-23 19:39:41 :: DEBUG :: DebugConsole :: Steamodded Debug Socket started ! 
INFO - [G] 2025-09-23 19:39:42 :: INFO  :: SMODS :: Steamodded v1.0.0~BETA-0711a 
INFO - [♥] Applied 9 patches to 'engine/sound_manager.lua'
INFO - [♥] Applied 1 patch to 'engine/save_manager.lua'
INFO - [G] 2025-09-23 19:39:45 :: INFO  :: Loader :: Valid JSON file found 
INFO - [G] 2025-09-23 19:39:45 :: INFO  :: Loader :: Valid JSON file found 
INFO - [G] 2025-09-23 19:39:45 :: INFO  :: TIMER :: [0000] Injected Fonts in 0.002 ms 
INFO - [G] 2025-09-23 19:39:45 :: INFO  :: TIMER :: [0000] Injected Language in 0.002 ms 
INFO - [G] 2025-09-23 19:39:45 :: INFO  :: TIMER :: [0000] Injected [INTERNAL] in 2.527 ms 
INFO - [G] 2025-09-23 19:39:46 :: INFO  :: TIMER :: [0003] Injected Atlas in 794.037 ms 
INFO - [G] 2025-09-23 19:39:46 :: INFO  :: TIMER :: [0001] Injected Sound in 0.933 ms 
INFO - [G] 2025-09-23 19:39:46 :: INFO  :: TIMER :: [0008] Injected Stake in 0.344 ms 
INFO - [G] 2025-09-23 19:39:46 :: INFO  :: TIMER :: [0004] Injected Rarity in 0.042 ms 
INFO - [G] 2025-09-23 19:39:46 :: INFO  :: TIMER :: [0004] Injected ObjectType in 0.053 ms 
INFO - [G] 2025-09-23 19:39:46 :: INFO  :: TIMER :: [0068] Injected Center in 2.062 ms 
INFO - [G] 2025-09-23 19:39:46 :: INFO  :: TIMER :: [0007] Injected Undiscovered Sprite in 0.029 ms 
INFO - [G] 2025-09-23 19:39:46 :: INFO  :: TIMER :: [0002] Injected Blind in 0.026 ms 
INFO - [G] 2025-09-23 19:39:46 :: INFO  :: TIMER :: [0004] Injected Seal in 0.197 ms 
INFO - [G] 2025-09-23 19:39:46 :: INFO  :: TIMER :: [0004] Injected Suit in 0.155 ms 
INFO - [G] 2025-09-23 19:39:46 :: INFO  :: TIMER :: [0013] Injected Rank in 0.232 ms 
INFO - [G] 2025-09-23 19:39:46 :: INFO  :: TIMER :: [0028] Injected DeckSkin in 0.310 ms 
INFO - [G] 2025-09-23 19:39:46 :: INFO  :: TIMER :: [0012] Injected PokerHand in 0.158 ms 
INFO - [G] 2025-09-23 19:39:46 :: INFO  :: TIMER :: [0020] Injected Challenge in 0.115 ms 
INFO - [G] 2025-09-23 19:39:46 :: INFO  :: TIMER :: [0000] Injected Tag in 0.002 ms 
INFO - [G] 2025-09-23 19:39:46 :: INFO  :: TIMER :: [0004] Injected Sticker in 0.246 ms 
INFO - [G] 2025-09-23 19:39:46 :: INFO  :: TIMER :: [0000] Injected Shader in 0.002 ms 
INFO - [G] 2025-09-23 19:39:46 :: INFO  :: TIMER :: [0002] Injected Keybind in 0.023 ms 
INFO - [G] 2025-09-23 19:39:46 :: INFO  :: TIMER :: [0000] Injected Achievement in 0.085 ms 
INFO - [G] 2025-09-23 19:39:46 :: INFO  :: TIMER :: [0002] Injected nil in 0.048 ms 
INFO - [G] 2025-09-23 19:39:46 :: INFO  :: TIMER :: [0021] Injected Draw Step in 0.210 ms 
INFO - [G] 2025-09-23 19:39:46 :: INFO  :: TIMER :: [0000] Injected [INTERNAL] in 0.798 ms 
INFO - [G] [DebugPlus] Press [/] to toggle console and press [shift] + [/] to toggle new log previews 
INFO - [G] line not found
INFO - [G] file not found: functions/misc_functions.lua: No such file or directory
INFO - [G] file not found: main.lua: No such file or directory
INFO - [G] file not found: main.lua: No such file or directory
INFO - [G] 2025-09-23 19:42:55 :: ERROR :: StackTrace :: Oops! The game crashed
[SMODS _ "src/utils.lua"]:1252: attempt to perform arithmetic on local 'amount' (a table value)
Stack Traceback
===============
(1) Lua upvalue 'orig' at file 'main.lua:612'
	Local variables:
	 msg = string: "[SMODS _ \"src/utils.lua\"]:1252: attempt to perform arithmetic on local 'amount' (a table value)"
	 (*temporary) = Lua function '?' (defined at line 31 of chunk [SMODS _ "src/logging.lua"])
	 (*temporary) = string: "Oops! The game crashed\
"
(2) Lua local 'handler' at file 'debugplus/console.lua:606' (from lovely module debugplus.console)
	Local variables:
	 msg = string: "[SMODS _ \"src/utils.lua\"]:1252: attempt to perform arithmetic on local 'amount' (a table value)"
(3) LÖVE metamethod at file 'boot.lua:352'
	Local variables:
	 errhand = Lua function '(LÖVE Function)' (defined at line 605 of chunk [lovely debugplus.console "debugplus/console.lua"])
	 handler = Lua function '(LÖVE Function)' (defined at line 605 of chunk [lovely debugplus.console "debugplus/console.lua"])
(4) Lua field 'calculate_individual_effect' at Steamodded file 'src/utils.lua:1252' 
	Local variables:
	 effect = table: 0x0ceb48a0  {juice_card:table: 0x0c85d868, message_card:table: 0x0c59ec20, mult:table: 0x0c10f640, card:table: 0x0c85d868}
	 scored_card = table: 0x0c59ec20  {role:table: 0x0c76ec00, zoom:true, click_offset:table: 0x0c08eb08, shadow_height:0.2, children:table: 0x0c4d2470, ambient_tilt:0.2, parent:table: 0x0c796df0 (more...)}
	 key = string: "mult"
	 amount = table: 0x0c10f640  {sell_cost:2, odds:3}
	 from_edition = boolean: false
	 (*temporary) = Lua function '?' (defined at line 750 of chunk functions/misc_functions.lua)
	 (*temporary) = number: 4
	 (*temporary) = number: 1.14772e-250
	 (*temporary) = table: 0x0c20ccf0  {queue_last_processed:186.28333333337, queues:table: 0x0c20cd18, queue_dt:0.016666666666667, queue_timer:188.24091137283}
	 (*temporary) = table: 0x0ce98ca0  {start_timer:false, timer:TOTAL, blockable:true, trigger:immediate, func:function: 0x0cf33570, delay:0, complete:false, time:631.183119407, blocking:true (more...)}
	 (*temporary) = string: "base"
	 (*temporary) = nil
	 (*temporary) = table: 0x0c20ce30  {1:table: 0x0c798380, 2:table: 0x0c0b8fd8, 3:table: 0x0cde07b0, 4:table: 0x0c132558, 5:table: 0x0c05dc60, 6:table: 0x0cced028, 7:table: 0x0c816758 (more...)}
	 (*temporary) = number: 18
	 (*temporary) = table: 0x0bec1d20  {handle:function: 0x0becb068, __index:table: 0x0bec1d20, init:function: 0x0bec1d48, __call:function: 0x0be89ca0, super:table: 0x0be89da8}
	 (*temporary) = string: "attempt to perform arithmetic on local 'amount' (a table value)"
(5) Lua field 'calculate_effect' at Steamodded file 'src/utils.lua:1506' 
	Local variables:
	 effect = table: 0x0ceb48a0  {juice_card:table: 0x0c85d868, message_card:table: 0x0c59ec20, mult:table: 0x0c10f640, card:table: 0x0c85d868}
	 scored_card = table: 0x0c59ec20  {role:table: 0x0c76ec00, zoom:true, click_offset:table: 0x0c08eb08, shadow_height:0.2, children:table: 0x0c4d2470, ambient_tilt:0.2, parent:table: 0x0c796df0 (more...)}
	 from_edition = boolean: false
	 pre_jokers = nil
	 ret = table: 0x0c4e4ea0  {}
	 (for generator) = C function: builtin#6
	 (for state) = table: 0x0c22ae78  {1:chips, 2:h_chips, 3:chip_mod, 4:mult, 5:h_mult, 6:mult_mod, 7:x_chips, 8:xchips, 9:Xchip_mod, 10:x_mult, 11:Xmult, 12:xmult, 13:x_mult_mod (more...)}
	 (for control) = number: 4
	 _ = number: 4
	 key = string: "mult"
(6) Lua field 'calculate_effect_table_key' at Steamodded file 'src/utils.lua:1489' 
	Local variables:
	 effect_table = table: 0x0cf32b70  {jokers:table: 0x0ceb48a0}
	 key = string: "jokers"
	 card = table: 0x0c59ec20  {role:table: 0x0c76ec00, zoom:true, click_offset:table: 0x0c08eb08, shadow_height:0.2, children:table: 0x0c4d2470, ambient_tilt:0.2, parent:table: 0x0c796df0 (more...)}
	 ret = table: 0x0ccdf7a8  {calculated:true}
	 effect = table: 0x0ceb48a0  {juice_card:table: 0x0c85d868, message_card:table: 0x0c59ec20, mult:table: 0x0c10f640, card:table: 0x0c85d868}
(7) Lua field 'trigger_effects' at Steamodded file 'src/utils.lua:1467' 
	Local variables:
	 effects = table: 0x0c465698  {1:table: 0x0ce5e830, 2:table: 0x0cfc7268, 3:table: 0x0cf32b70, 4:table: 0x0d13ac18, 5:table: 0x0cfff0a8, 6:table: 0x0d048618, 7:table: 0x0ccdf690 (more...)}
	 card = table: 0x0c59ec20  {role:table: 0x0c76ec00, zoom:true, click_offset:table: 0x0c08eb08, shadow_height:0.2, children:table: 0x0c4d2470, ambient_tilt:0.2, parent:table: 0x0c796df0 (more...)}
	 ret = table: 0x0ccdf7a8  {calculated:true}
	 (for generator) = C function: builtin#6
	 (for state) = table: 0x0c465698  {1:table: 0x0ce5e830, 2:table: 0x0cfc7268, 3:table: 0x0cf32b70, 4:table: 0x0d13ac18, 5:table: 0x0cfff0a8, 6:table: 0x0d048618, 7:table: 0x0ccdf690 (more...)}
	 (for control) = number: 3
	 _ = number: 3
	 effect_table = table: 0x0cf32b70  {jokers:table: 0x0ceb48a0}
	 (for generator) = C function: builtin#6
	 (for state) = table: 0x0c4e4e60  {1:jokers, 2:retriggers}
	 (for control) = number: 1
	 _ = number: 1
	 key = string: "jokers"
(8) Lua field 'score_card' at Steamodded file 'src/utils.lua:1884' 
	Local variables:
	 card = table: 0x0c59ec20  {role:table: 0x0c76ec00, zoom:true, click_offset:table: 0x0c08eb08, shadow_height:0.2, children:table: 0x0c4d2470, ambient_tilt:0.2, parent:table: 0x0c796df0 (more...)}
	 context = table: 0x0ce5e808  {other_card:table: 0x0c59ec20, poker_hands:table: 0x0cfdb720, individual:true, scoring_name:Full House, scoring_hand:table: 0x0cc73b80, full_hand:table: 0x0c797630 (more...)}
	 reps = table: 0x0c465660  {1:1}
	 j = number: 1
	 effects = table: 0x0c465698  {1:table: 0x0ce5e830, 2:table: 0x0cfc7268, 3:table: 0x0cf32b70, 4:table: 0x0d13ac18, 5:table: 0x0cfff0a8, 6:table: 0x0d048618, 7:table: 0x0ccdf690 (more...)}
(9) Lua field 'calculate_main_scoring' at Steamodded file 'src/utils.lua:1924' 
	Local variables:
	 context = table: 0x0ce5e808  {other_card:table: 0x0c59ec20, poker_hands:table: 0x0cfdb720, individual:true, scoring_name:Full House, scoring_hand:table: 0x0cc73b80, full_hand:table: 0x0c797630 (more...)}
	 scoring_hand = table: 0x0cc73b80  {1:table: 0x0c59ec20, 2:table: 0x0c8a4780, 3:table: 0x0c056780, 4:table: 0x0c4dfd08, 5:table: 0x0c7a0c60}
	 (for generator) = C function: builtin#6
	 (for state) = table: 0x0c797630  {1:table: 0x0c59ec20, 2:table: 0x0c8a4780, 3:table: 0x0c056780, 4:table: 0x0c4dfd08, 5:table: 0x0c7a0c60}
	 (for control) = number: 1
	 _ = number: 1
	 card = table: 0x0c59ec20  {role:table: 0x0c76ec00, zoom:true, click_offset:table: 0x0c08eb08, shadow_height:0.2, children:table: 0x0c4d2470, ambient_tilt:0.2, parent:table: 0x0c796df0 (more...)}
	 in_scoring = boolean: true
(10) Lua field 'evaluate_play' at file 'functions/state_events.lua:614'
	Local variables:
	 e = nil
	 text = string: "Full House"
	 disp_text = string: "Full House"
	 poker_hands = table: 0x0cfdb720  {Flush House:table: 0x0d0630c0, Full House:table: 0x0c85c4a8, top:table: 0x0c475ca0, Flush:table: 0x0cdc0890, Pair:table: 0x0cf46e58, Four of a Kind:table: 0x0ce91b88 (more...)}
	 scoring_hand = table: 0x0cc73b80  {1:table: 0x0c59ec20, 2:table: 0x0c8a4780, 3:table: 0x0c056780, 4:table: 0x0c4dfd08, 5:table: 0x0c7a0c60}
	 non_loc_disp_text = string: "Full House"
	 final_scoring_hand = table: 0x0cc73b80  {1:table: 0x0c59ec20, 2:table: 0x0c8a4780, 3:table: 0x0c056780, 4:table: 0x0c4dfd08, 5:table: 0x0c7a0c60}
	 hand_text_set = boolean: false
	 modded = nil
	 (for generator) = C function: builtin#6
	 (for state) = table: 0x0ce5e7e0  {1:table: 0x0c796df0, 2:table: 0x0c796548}
	 (for control) = number: 1
	 _ = number: 1
	 v = table: 0x0c796df0  {click_offset:table: 0x0c796f50, static_rotation:false, shuffle_amt:0, T:table: 0x0c796f28, offset:table: 0x0c797510, role:table: 0x0c797340, last_aligned:-1 (more...)}
(11) Lua field 'func' at file 'functions/state_events.lua:482'
(12) Lua method 'handle' at file 'engine/event.lua:99'
	Local variables:
	 self = table: 0x0c0b8fd8  {start_timer:true, timer:TOTAL, blockable:true, trigger:immediate, func:function: 0x0cf894b8, delay:0, complete:false, time:631.183119407, blocking:true (more...)}
	 _results = table: 0x0c846df0  {blocking:true, pause_skip:false, time_done:false, completed:false}
(13) Lua method 'update' at file 'engine/event.lua:182'
	Local variables:
	 self = table: 0x0c20ccf0  {queue_last_processed:186.28333333337, queues:table: 0x0c20cd18, queue_dt:0.016666666666667, queue_timer:188.24091137283}
	 dt = number: 0.0166732
	 forced = nil
	 (for generator) = C function: next
	 (for state) = table: 0x0c20cd18  {unlock:table: 0x0c20ce08, other:table: 0x0c20cea8, tutorial:table: 0x0c20ce58, base:table: 0x0c20ce30, achievement:table: 0x0c20ce80}
	 (for control) = number: nan
	 k = string: "base"
	 v = table: 0x0c20ce30  {1:table: 0x0c798380, 2:table: 0x0c0b8fd8, 3:table: 0x0cde07b0, 4:table: 0x0c132558, 5:table: 0x0c05dc60, 6:table: 0x0cced028, 7:table: 0x0c816758 (more...)}
	 blocked = boolean: false
	 i = number: 2
	 results = table: 0x0c846df0  {blocking:true, pause_skip:false, time_done:false, completed:false}
(14) Lua upvalue 'gameUpdateRef' at file 'game.lua:2552'
	Local variables:
	 self = table: 0x0bf468a8  {F_GUIDE:false, F_CRASH_REPORTS:false, F_QUIT_BUTTON:true, HUD_tags:table: 0x0c4615c0, F_ENGLISH_ONLY:false, viewed_stake:1, HUD:table: 0x0c859bd0 (more...)}
	 dt = number: 0.0166732
	 http_resp = nil
(15) Lua method 'update' at Steamodded file 'src/ui.lua:84' 
	Local variables:
	 self = table: 0x0bf468a8  {F_GUIDE:false, F_CRASH_REPORTS:false, F_QUIT_BUTTON:true, HUD_tags:table: 0x0c4615c0, F_ENGLISH_ONLY:false, viewed_stake:1, HUD:table: 0x0c859bd0 (more...)}
	 dt = number: 0.0166732
(16) Lua field 'update' at file 'main.lua:999'
	Local variables:
	 dt = number: 0.0166732
(17) Lua function '?' at file 'main.lua:938' (best guess)
(18) global C function 'xpcall'
(19) LÖVE function at file 'boot.lua:377' (best guess)
	Local variables:
	 func = Lua function '?' (defined at line 909 of chunk main.lua)
	 inerror = boolean: true
	 deferErrhand = Lua function '(LÖVE Function)' (defined at line 348 of chunk [love "boot.lua"])
	 earlyinit = Lua function '(LÖVE Function)' (defined at line 355 of chunk [love "boot.lua"])
 
INFO - [G] file not found: functions/misc_functions.lua: No such file or directory
INFO - [G] file not found: main.lua: No such file or directory
INFO - [G] file not found: main.lua: No such file or directory
INFO - [G] 2025-09-23 19:42:55 :: INFO  :: StackTrace :: Additional Context:
Balatro Version: 1.0.1o-FULL
Modded Version: 1.0.0~BETA-0711a-STEAMODDED
LÖVE Version: 11.5.0
Lovely Version: 0.8.0
Platform: Windows
Steamodded Mods:
    1: Super Auto Jokers by Equi [ID: SuperAutoJokers, Version: 1.0.0]
    2: DebugPlus by WilsontheWolf [ID: DebugPlus, Version: 1.5.1, Uses Lovely]
Lovely Mods: 
