INFO - [♥] Lovely 0.8.0
INFO - [♥] Game directory is at "C:\\Program Files (x86)\\Steam\\steamapps\\common\\Balatro"
INFO - [♥] Writing logs to "C:\\Users\\PC\\AppData\\Roaming\\Balatro\\Mods\\lovely\\log"
INFO - [♥] Using mod directory at "C:\\Users\\PC\\AppData\\Roaming\\Balatro\\Mods"
INFO - [♥] Cleaning up dumps directory at "C:\\Users\\PC\\AppData\\Roaming\\Balatro\\Mods\\lovely\\dump"
INFO - [♥] Initialization complete in 80ms
INFO - [♥] Applied 1 patch to 'conf.lua'
INFO - [♥] Applied 11 patches to 'main.lua'
INFO - [♥] Applied 10 patches to 'engine/controller.lua'
INFO - [♥] Applied 15 patches to 'back.lua'
INFO - [♥] Applied 7 patches to 'tag.lua'
INFO - [♥] Applied 2 patches to 'engine/moveable.lua'
INFO - [♥] Applied 2 patches to 'engine/sprite.lua'
INFO - [♥] Applied 2 patches to 'engine/animatedsprite.lua'
INFO - [♥] Applied 67 patches to 'functions/misc_functions.lua'
INFO - [♥] Applied 40 patches to 'game.lua'
INFO - [♥] Applied 1 patch to 'globals.lua'
INFO - [♥] Applied 5 patches to 'engine/ui.lua'
INFO - [♥] Applied 95 patches to 'functions/UI_definitions.lua'
INFO - [♥] Applied 49 patches to 'functions/state_events.lua'
INFO - [♥] Applied 117 patches to 'functions/common_events.lua'
INFO - [♥] Applied 51 patches to 'functions/button_callbacks.lua'
INFO - [♥] Applied 186 patches to 'card.lua'
INFO - [♥] Applied 10 patches to 'cardarea.lua'
INFO - [♥] Applied 37 patches to 'blind.lua'
INFO - [♥] Applied 2 patches to 'engine/text.lua'
INFO - [G] Failed to connect to the debug server 
INFO - [G] 2025-10-07 16:51:59 :: DEBUG :: DebugConsole :: Steamodded Debug Socket started ! 
INFO - [G] 2025-10-07 16:51:59 :: INFO  :: SMODS :: Steamodded v1.0.0~BETA-0711a 
INFO - [♥] Applied 9 patches to 'engine/sound_manager.lua'
INFO - [♥] Applied 1 patch to 'engine/save_manager.lua'
INFO - [G] 2025-10-07 16:52:02 :: INFO  :: Loader :: Valid JSON file found 
INFO - [G] 2025-10-07 16:52:02 :: INFO  :: Loader :: Valid JSON file found 
INFO - [G] 2025-10-07 16:52:02 :: INFO  :: TIMER :: [0000] Injected Fonts in 0.002 ms 
INFO - [G] 2025-10-07 16:52:02 :: INFO  :: TIMER :: [0000] Injected Language in 0.002 ms 
INFO - [G] 2025-10-07 16:52:02 :: INFO  :: TIMER :: [0000] Injected [INTERNAL] in 2.648 ms 
INFO - [G] 2025-10-07 16:52:03 :: INFO  :: TIMER :: [0004] Injected Atlas in 794.180 ms 
INFO - [G] 2025-10-07 16:52:03 :: INFO  :: TIMER :: [0001] Injected Sound in 1.357 ms 
INFO - [G] 2025-10-07 16:52:03 :: INFO  :: TIMER :: [0008] Injected Stake in 0.279 ms 
INFO - [G] 2025-10-07 16:52:03 :: INFO  :: TIMER :: [0005] Injected Rarity in 0.036 ms 
INFO - [G] 2025-10-07 16:52:03 :: INFO  :: TIMER :: [0005] Injected ObjectType in 1.537 ms 
INFO - [G] 2025-10-07 16:52:03 :: INFO  :: TIMER :: [0103] Injected Center in 2.910 ms 
INFO - [G] 2025-10-07 16:52:03 :: INFO  :: TIMER :: [0007] Injected Undiscovered Sprite in 0.032 ms 
INFO - [G] 2025-10-07 16:52:03 :: INFO  :: TIMER :: [0002] Injected Blind in 0.516 ms 
INFO - [G] 2025-10-07 16:52:03 :: INFO  :: TIMER :: [0004] Injected Seal in 0.185 ms 
INFO - [G] 2025-10-07 16:52:03 :: INFO  :: TIMER :: [0004] Injected Suit in 0.133 ms 
INFO - [G] 2025-10-07 16:52:03 :: INFO  :: TIMER :: [0013] Injected Rank in 0.116 ms 
INFO - [G] 2025-10-07 16:52:03 :: INFO  :: TIMER :: [0028] Injected DeckSkin in 0.470 ms 
INFO - [G] 2025-10-07 16:52:03 :: INFO  :: TIMER :: [0012] Injected PokerHand in 0.069 ms 
INFO - [G] 2025-10-07 16:52:03 :: INFO  :: TIMER :: [0020] Injected Challenge in 0.102 ms 
INFO - [G] 2025-10-07 16:52:03 :: INFO  :: TIMER :: [0000] Injected Tag in 0.002 ms 
INFO - [G] 2025-10-07 16:52:03 :: INFO  :: TIMER :: [0004] Injected Sticker in 0.110 ms 
INFO - [G] 2025-10-07 16:52:03 :: INFO  :: TIMER :: [0000] Injected Shader in 0.002 ms 
INFO - [G] 2025-10-07 16:52:03 :: INFO  :: TIMER :: [0002] Injected Keybind in 0.024 ms 
INFO - [G] 2025-10-07 16:52:04 :: INFO  :: TIMER :: [0000] Injected Achievement in 0.083 ms 
INFO - [G] 2025-10-07 16:52:04 :: INFO  :: TIMER :: [0002] Injected nil in 0.083 ms 
INFO - [G] 2025-10-07 16:52:04 :: INFO  :: TIMER :: [0021] Injected Draw Step in 0.139 ms 
INFO - [G] 2025-10-07 16:52:04 :: INFO  :: TIMER :: [0000] Injected [INTERNAL] in 1.084 ms 
INFO - [G] [DebugPlus] Press [/] to toggle console and press [shift] + [/] to toggle new log previews 
INFO - [G] line not found
INFO - [G] file not found: functions/misc_functions.lua: No such file or directory
INFO - [G] file not found: functions/misc_functions.lua: No such file or directory
INFO - [G] file not found: main.lua: No such file or directory
INFO - [G] file not found: main.lua: No such file or directory
INFO - [G] 2025-10-07 16:52:30 :: ERROR :: StackTrace :: Oops! The game crashed
functions/misc_functions.lua:340: attempt to concatenate local 'key' (a table value)
Stack Traceback
===============
(1) Lua upvalue 'orig' at file 'main.lua:612'
	Local variables:
	 msg = string: "functions/misc_functions.lua:340: attempt to concatenate local 'key' (a table value)"
	 (*temporary) = Lua function '?' (defined at line 31 of chunk [SMODS _ "src/logging.lua"])
	 (*temporary) = string: "Oops! The game crashed\
"
(2) Lua local 'handler' at file 'debugplus/console.lua:606' (from lovely module debugplus.console)
	Local variables:
	 msg = string: "functions/misc_functions.lua:340: attempt to concatenate local 'key' (a table value)"
(3) LÖVE metamethod at file 'boot.lua:352'
	Local variables:
	 errhand = Lua function '(LÖVE Function)' (defined at line 605 of chunk [lovely debugplus.console "debugplus/console.lua"])
	 handler = Lua function '(LÖVE Function)' (defined at line 605 of chunk [lovely debugplus.console "debugplus/console.lua"])
(4) Lua global 'pseudoseed' at file 'functions/misc_functions.lua:340'
	Local variables:
	 key = table: 0x2a756420  {1:test, 2:1, 3:true, 4:true, 5:table: 0x2aa015d0}
	 predict_seed = nil
	 (*temporary) = table: 0x2aa3fca0  {stdsealtype1:0.5111240579699, seed:QQ6A8FAS, Voucher1:0.5654090035269, Voucher1_resample2:0.7806473293282, sapjokers_leopardjoker1:0.4494974143831 (more...)}
	 (*temporary) = Lua function '?' (defined at line 310 of chunk functions/misc_functions.lua)
	 (*temporary) = table: 0x2a756420  {1:test, 2:1, 3:true, 4:true, 5:table: 0x2aa015d0}
	 (*temporary) = string: "QQ6A8FAS"
	 (*temporary) = boolean: true
	 (*temporary) = table: 0x2a93bc08  {func:function: 0x2a62cba0, trigger:after, delay:0.15}
	 (*temporary) = string: "attempt to concatenate local 'key' (a table value)"
(5) Lua global 'poll_edition' at Steamodded file 'src/overrides.lua:1945' 
	Local variables:
	 _key = table: 0x2a756420  {1:test, 2:1, 3:true, 4:true, 5:table: 0x2aa015d0}
	 _mod = nil
	 _no_neg = nil
	 _guaranteed = nil
	 _options = nil
	 _modifier = number: 1
	 (*temporary) = Lua function '?' (defined at line 347 of chunk functions/misc_functions.lua)
(6) Lua method 'calculate' at file 'superautojokers_main.lua:1668' (from mod with id SuperAutoJokers)
	Local variables:
	 self = table: 0x2a747320  {alerted:true, loc_vars:function: 0x2a747608, _saved_d_u:true, original_key:leopardjoker, mod:table: 0x2a719398, registered:true, rarity:3, cost:7 (more...)}
	 card = table: 0x2ac6c350  {click_offset:table: 0x2ab8b930, static_rotation:false, ambient_tilt:0.2, parent:table: 0x2a772580, T:table: 0x2a38e3f0, last_aligned:-1, extra_cost:0 (more...)}
	 context = table: 0x2a2d6210  {main_eval:true, before:true, scoring_name:High Card, scoring_hand:table: 0x2a9b27e0, full_hand:table: 0x2a775a30, cardarea:table: 0x2a772580 (more...)}
(7) Lua method 'calculate_joker' at file 'card.lua:2555'
	Local variables:
	 self = table: 0x2ac6c350  {click_offset:table: 0x2ab8b930, static_rotation:false, ambient_tilt:0.2, parent:table: 0x2a772580, T:table: 0x2a38e3f0, last_aligned:-1, extra_cost:0 (more...)}
	 context = table: 0x2a2d6210  {main_eval:true, before:true, scoring_name:High Card, scoring_hand:table: 0x2a9b27e0, full_hand:table: 0x2a775a30, cardarea:table: 0x2a772580 (more...)}
	 obj = table: 0x2a747320  {alerted:true, loc_vars:function: 0x2a747608, _saved_d_u:true, original_key:leopardjoker, mod:table: 0x2a719398, registered:true, rarity:3, cost:7 (more...)}
(8) Lua global 'eval_card' at file 'functions/common_events.lua:722'
	Local variables:
	 card = table: 0x2ac6c350  {click_offset:table: 0x2ab8b930, static_rotation:false, ambient_tilt:0.2, parent:table: 0x2a772580, T:table: 0x2a38e3f0, last_aligned:-1, extra_cost:0 (more...)}
	 context = table: 0x2a2d6210  {main_eval:true, before:true, scoring_name:High Card, scoring_hand:table: 0x2a9b27e0, full_hand:table: 0x2a775a30, cardarea:table: 0x2a772580 (more...)}
	 ret = table: 0x2a9ccd00  {}
	 post_trig = table: 0x2a9ccd28  {}
	 areas = table: 0x2a44cf28  {1:table: 0x2a772580, 2:table: 0x2a771c70, 3:table: 0x2a773788}
	 area_set = table: 0x29faac20  {table: 0x2a771c70:true, table: 0x2a773788:true, table: 0x2a772580:true}
(9) Lua field 'calculate_card_areas' at Steamodded file 'src/utils.lua:1720' 
	Local variables:
	 _type = string: "jokers"
	 context = table: 0x2a2d6210  {main_eval:true, before:true, scoring_name:High Card, scoring_hand:table: 0x2a9b27e0, full_hand:table: 0x2a775a30, cardarea:table: 0x2a772580 (more...)}
	 return_table = nil
	 args = table: 0x2a6b4308  {joker_area:true}
	 flags = table: 0x2ac07760  {}
	 (for generator) = C function: builtin#6
	 (for state) = table: 0x2a0c34f8  {1:table: 0x2a772580, 2:table: 0x2a771c70, 3:table: 0x2a773788}
	 (for control) = number: 1
	 _ = number: 1
	 area = table: 0x2a772580  {click_offset:table: 0x2a7726e0, static_rotation:false, shuffle_amt:0, T:table: 0x2a7726b8, offset:table: 0x2a772ca0, role:table: 0x2a772ad0, last_aligned:-1 (more...)}
	 (for generator) = C function: builtin#6
	 (for state) = table: 0x2a772dc0  {1:table: 0x2ac6c350}
	 (for control) = number: 1
	 _ = number: 1
	 _card = table: 0x2ac6c350  {click_offset:table: 0x2ab8b930, static_rotation:false, ambient_tilt:0.2, parent:table: 0x2a772580, T:table: 0x2a38e3f0, last_aligned:-1, extra_cost:0 (more...)}
(10) Lua field 'calculate_context' at Steamodded file 'src/utils.lua:1836' 
	Local variables:
	 context = table: 0x2a2d6210  {main_eval:true, before:true, scoring_name:High Card, scoring_hand:table: 0x2a9b27e0, full_hand:table: 0x2a775a30, cardarea:table: 0x2a772580 (more...)}
	 return_table = nil
	 no_resolve = nil
	 has_area = nil
	 flags = table: 0x2a6b42e0  {}
	 (*temporary) = number: 1
(11) Lua field 'evaluate_play' at file 'functions/state_events.lua:597'
	Local variables:
	 e = nil
	 text = string: "High Card"
	 disp_text = string: "High Card"
	 poker_hands = table: 0x2a29ebb8  {Flush House:table: 0x2a855510, Full House:table: 0x2a855538, top:table: 0x2acb41e0, Flush:table: 0x2a5ebf30, Pair:table: 0x2a863e08, Four of a Kind:table: 0x2a8bf058 (more...)}
	 scoring_hand = table: 0x2a9b27e0  {1:table: 0x2a2fad78}
	 non_loc_disp_text = string: "High Card"
	 final_scoring_hand = table: 0x2a9b27e0  {1:table: 0x2a2fad78}
	 hand_text_set = boolean: false
(12) Lua field 'func' at file 'functions/state_events.lua:482'
(13) Lua method 'handle' at file 'engine/event.lua:99'
	Local variables:
	 self = table: 0x2a931508  {start_timer:true, timer:TOTAL, blockable:true, trigger:immediate, func:function: 0x2a6977b0, delay:0, complete:false, time:58.21325833791, blocking:true (more...)}
	 _results = table: 0x2aa2fbc0  {blocking:true, pause_skip:false, time_done:false, completed:false}
(14) Lua method 'update' at file 'engine/event.lua:182'
	Local variables:
	 self = table: 0x2a4a7918  {queue_last_processed:26.016666666666, queues:table: 0x2a4a7940, queue_dt:0.016666666666667, queue_timer:26.551516244535}
	 dt = number: 0.0171121
	 forced = nil
	 (for generator) = C function: next
	 (for state) = table: 0x2a4a7940  {unlock:table: 0x2a4a7a30, other:table: 0x2a4a7ad0, tutorial:table: 0x2a4a7a80, base:table: 0x2a4a7a58, achievement:table: 0x2a4a7aa8}
	 (for control) = number: nan
	 k = string: "base"
	 v = table: 0x2a4a7a58  {1:table: 0x2a776740, 2:table: 0x2af5acd0, 3:table: 0x2a931508, 4:table: 0x2af5fc60, 5:table: 0x2a7e7490, 6:table: 0x2a755ea0, 7:table: 0x2a6c2fc0 (more...)}
	 blocked = boolean: false
	 i = number: 3
	 results = table: 0x2aa2fbc0  {blocking:true, pause_skip:false, time_done:false, completed:false}
(15) Lua upvalue 'gameUpdateRef' at file 'game.lua:2552'
	Local variables:
	 self = table: 0x2a0cb280  {F_GUIDE:false, F_CRASH_REPORTS:false, F_QUIT_BUTTON:true, HUD_tags:table: 0x2a997dc0, F_ENGLISH_ONLY:false, viewed_stake:1, HUD:table: 0x2aa33e30 (more...)}
	 dt = number: 0.0171121
	 http_resp = nil
(16) Lua method 'update' at Steamodded file 'src/ui.lua:84' 
	Local variables:
	 self = table: 0x2a0cb280  {F_GUIDE:false, F_CRASH_REPORTS:false, F_QUIT_BUTTON:true, HUD_tags:table: 0x2a997dc0, F_ENGLISH_ONLY:false, viewed_stake:1, HUD:table: 0x2aa33e30 (more...)}
	 dt = number: 0.0171121
(17) Lua field 'update' at file 'main.lua:999'
	Local variables:
	 dt = number: 0.0171121
(18) Lua function '?' at file 'main.lua:938' (best guess)
(19) global C function 'xpcall'
(20) LÖVE function at file 'boot.lua:377' (best guess)
	Local variables:
	 func = Lua function '?' (defined at line 909 of chunk main.lua)
	 inerror = boolean: true
	 deferErrhand = Lua function '(LÖVE Function)' (defined at line 348 of chunk [love "boot.lua"])
	 earlyinit = Lua function '(LÖVE Function)' (defined at line 355 of chunk [love "boot.lua"])
 
INFO - [G] file not found: functions/misc_functions.lua: No such file or directory
INFO - [G] file not found: functions/misc_functions.lua: No such file or directory
INFO - [G] file not found: main.lua: No such file or directory
INFO - [G] file not found: main.lua: No such file or directory
INFO - [G] 2025-10-07 16:52:30 :: INFO  :: StackTrace :: Additional Context:
Balatro Version: 1.0.1o-FULL
Modded Version: 1.0.0~BETA-0711a-STEAMODDED
LÖVE Version: 11.5.0
Lovely Version: 0.8.0
Platform: Windows
Steamodded Mods:
    1: Super Auto Jokers by Equi [ID: SuperAutoJokers, Version: 1.0.0]
    2: DebugPlus by WilsontheWolf [ID: DebugPlus, Version: 1.5.1, Uses Lovely]
Lovely Mods: 
