INFO - [♥] Lovely 0.8.0
INFO - [♥] Game directory is at "C:\\Program Files (x86)\\Steam\\steamapps\\common\\Balatro"
INFO - [♥] Writing logs to "C:\\Users\\PC\\AppData\\Roaming\\Balatro\\Mods\\lovely\\log"
INFO - [♥] Using mod directory at "C:\\Users\\PC\\AppData\\Roaming\\Balatro\\Mods"
INFO - [♥] Cleaning up dumps directory at "C:\\Users\\PC\\AppData\\Roaming\\Balatro\\Mods\\lovely\\dump"
INFO - [♥] Initialization complete in 50ms
INFO - [♥] Applied 1 patch to 'conf.lua'
INFO - [♥] Applied 11 patches to 'main.lua'
INFO - [♥] Applied 10 patches to 'engine/controller.lua'
INFO - [♥] Applied 15 patches to 'back.lua'
INFO - [♥] Applied 7 patches to 'tag.lua'
INFO - [♥] Applied 2 patches to 'engine/moveable.lua'
INFO - [♥] Applied 2 patches to 'engine/sprite.lua'
INFO - [♥] Applied 2 patches to 'engine/animatedsprite.lua'
INFO - [♥] Applied 67 patches to 'functions/misc_functions.lua'
INFO - [♥] Applied 40 patches to 'game.lua'
INFO - [♥] Applied 1 patch to 'globals.lua'
INFO - [♥] Applied 5 patches to 'engine/ui.lua'
INFO - [♥] Applied 95 patches to 'functions/UI_definitions.lua'
INFO - [♥] Applied 49 patches to 'functions/state_events.lua'
INFO - [♥] Applied 117 patches to 'functions/common_events.lua'
INFO - [♥] Applied 51 patches to 'functions/button_callbacks.lua'
INFO - [♥] Applied 186 patches to 'card.lua'
INFO - [♥] Applied 10 patches to 'cardarea.lua'
INFO - [♥] Applied 37 patches to 'blind.lua'
INFO - [♥] Applied 2 patches to 'engine/text.lua'
INFO - [G] Failed to connect to the debug server 
INFO - [G] 2025-09-24 19:39:33 :: DEBUG :: DebugConsole :: Steamodded Debug Socket started ! 
INFO - [G] 2025-09-24 19:39:33 :: INFO  :: SMODS :: Steamodded v1.0.0~BETA-0711a 
INFO - [♥] Applied 9 patches to 'engine/sound_manager.lua'
INFO - [♥] Applied 1 patch to 'engine/save_manager.lua'
INFO - [G] 2025-09-24 19:39:38 :: INFO  :: Loader :: Valid JSON file found 
INFO - [G] 2025-09-24 19:39:38 :: INFO  :: Loader :: Valid JSON file found 
INFO - [G] 2025-09-24 19:39:38 :: WARN  :: Joker :: Cannot take ownership of j_mail-in_rebate: Does not exist. 
INFO - [G] 2025-09-24 19:39:38 :: INFO  :: TIMER :: [0000] Injected Fonts in 0.002 ms 
INFO - [G] 2025-09-24 19:39:38 :: INFO  :: TIMER :: [0000] Injected Language in 0.002 ms 
INFO - [G] 2025-09-24 19:39:38 :: INFO  :: TIMER :: [0000] Injected [INTERNAL] in 2.155 ms 
INFO - [G] 2025-09-24 19:39:39 :: INFO  :: TIMER :: [0003] Injected Atlas in 511.386 ms 
INFO - [G] 2025-09-24 19:39:39 :: INFO  :: TIMER :: [0001] Injected Sound in 1.172 ms 
INFO - [G] 2025-09-24 19:39:39 :: INFO  :: TIMER :: [0008] Injected Stake in 0.353 ms 
INFO - [G] 2025-09-24 19:39:39 :: INFO  :: TIMER :: [0004] Injected Rarity in 0.027 ms 
INFO - [G] 2025-09-24 19:39:39 :: INFO  :: TIMER :: [0004] Injected ObjectType in 0.297 ms 
INFO - [G] 2025-09-24 19:39:39 :: INFO  :: TIMER :: [0070] Injected Center in 2.332 ms 
INFO - [G] 2025-09-24 19:39:39 :: INFO  :: TIMER :: [0007] Injected Undiscovered Sprite in 0.028 ms 
INFO - [G] 2025-09-24 19:39:39 :: INFO  :: TIMER :: [0002] Injected Blind in 0.046 ms 
INFO - [G] 2025-09-24 19:39:39 :: INFO  :: TIMER :: [0004] Injected Seal in 0.184 ms 
INFO - [G] 2025-09-24 19:39:39 :: INFO  :: TIMER :: [0004] Injected Suit in 0.781 ms 
INFO - [G] 2025-09-24 19:39:39 :: INFO  :: TIMER :: [0013] Injected Rank in 0.141 ms 
INFO - [G] 2025-09-24 19:39:39 :: INFO  :: TIMER :: [0028] Injected DeckSkin in 0.968 ms 
INFO - [G] 2025-09-24 19:39:39 :: INFO  :: TIMER :: [0012] Injected PokerHand in 0.175 ms 
INFO - [G] 2025-09-24 19:39:39 :: INFO  :: TIMER :: [0020] Injected Challenge in 0.058 ms 
INFO - [G] 2025-09-24 19:39:39 :: INFO  :: TIMER :: [0000] Injected Tag in 0.003 ms 
INFO - [G] 2025-09-24 19:39:39 :: INFO  :: TIMER :: [0004] Injected Sticker in 0.151 ms 
INFO - [G] 2025-09-24 19:39:39 :: INFO  :: TIMER :: [0000] Injected Shader in 0.003 ms 
INFO - [G] 2025-09-24 19:39:39 :: INFO  :: TIMER :: [0002] Injected Keybind in 0.041 ms 
INFO - [G] 2025-09-24 19:39:39 :: INFO  :: TIMER :: [0000] Injected Achievement in 0.297 ms 
INFO - [G] 2025-09-24 19:39:39 :: INFO  :: TIMER :: [0002] Injected nil in 0.029 ms 
INFO - [G] 2025-09-24 19:39:39 :: INFO  :: TIMER :: [0021] Injected Draw Step in 0.385 ms 
INFO - [G] 2025-09-24 19:39:39 :: INFO  :: TIMER :: [0000] Injected [INTERNAL] in 2.449 ms 
INFO - [G] [DebugPlus] Press [/] to toggle console and press [shift] + [/] to toggle new log previews 
INFO - [G] line not found
INFO - [G] file not found: main.lua: No such file or directory
INFO - [G] file not found: main.lua: No such file or directory
INFO - [G] 2025-09-24 19:39:59 :: ERROR :: StackTrace :: Oops! The game crashed
[SMODS _ "src/utils.lua"]:2597: attempt to perform arithmetic on local 'denominator' (a table value)
Stack Traceback
===============
(1) Lua upvalue 'orig' at file 'main.lua:612'
	Local variables:
	 msg = string: "[SMODS _ \"src/utils.lua\"]:2597: attempt to perform arithmetic on local 'denominator' (a table value)"
	 (*temporary) = Lua function '?' (defined at line 31 of chunk [SMODS _ "src/logging.lua"])
	 (*temporary) = string: "Oops! The game crashed\
"
(2) Lua local 'handler' at file 'debugplus/console.lua:606' (from lovely module debugplus.console)
	Local variables:
	 msg = string: "[SMODS _ \"src/utils.lua\"]:2597: attempt to perform arithmetic on local 'denominator' (a table value)"
(3) LÖVE metamethod at file 'boot.lua:352'
	Local variables:
	 errhand = Lua function '(LÖVE Function)' (defined at line 605 of chunk [lovely debugplus.console "debugplus/console.lua"])
	 handler = Lua function '(LÖVE Function)' (defined at line 605 of chunk [lovely debugplus.console "debugplus/console.lua"])
(4) Lua field 'pseudorandom_probability' at Steamodded file 'src/utils.lua:2597' 
	Local variables:
	 trigger_obj = table: 0x16153f28  {click_offset:table: 0x16522e70, static_rotation:false, rank:2, parent:table: 0x1686a240, T:table: 0x168beae8, last_aligned:-1, extra_cost:0, highlighted:false (more...)}
	 seed = string: "8ball"
	 base_numerator = number: 1
	 base_denominator = table: 0x1610faa0  {odds:4}
	 identifier = nil
	 numerator = number: 1
	 denominator = table: 0x1610faa0  {odds:4}
	 (*temporary) = number: 0.908055
	 (*temporary) = number: 0.908055
	 (*temporary) = nil
	 (*temporary) = nil
	 (*temporary) = C function: builtin#63
	 (*temporary) = string: "attempt to perform arithmetic on local 'denominator' (a table value)"
(5) Lua method 'calculate_joker' at file 'card.lua:3396'
	Local variables:
	 self = table: 0x16153f28  {click_offset:table: 0x16522e70, static_rotation:false, rank:2, parent:table: 0x1686a240, T:table: 0x168beae8, last_aligned:-1, extra_cost:0, highlighted:false (more...)}
	 context = table: 0x17018f60  {individual:true, poker_hands:table: 0x16ffe7d0, cardarea:table: 0x168bdcf0, scoring_name:Flush, scoring_hand:table: 0x16e34da0, full_hand:table: 0x167a55c8 (more...)}
	 obj = table: 0x161b7d78  {alerted:true, loc_vars:function: 0x16624fd0, atlas:Joker, registered:true, _saved_d_u:true, original_key:8_ball, _discovered_unlocked_overwritten:true (more...)}
	 context_blueprint_card = nil
(6) Lua global 'eval_card' at file 'functions/common_events.lua:722'
	Local variables:
	 card = table: 0x16153f28  {click_offset:table: 0x16522e70, static_rotation:false, rank:2, parent:table: 0x1686a240, T:table: 0x168beae8, last_aligned:-1, extra_cost:0, highlighted:false (more...)}
	 context = table: 0x17018f60  {individual:true, poker_hands:table: 0x16ffe7d0, cardarea:table: 0x168bdcf0, scoring_name:Flush, scoring_hand:table: 0x16e34da0, full_hand:table: 0x167a55c8 (more...)}
	 ret = table: 0x1680e318  {}
	 post_trig = table: 0x1680e340  {}
	 areas = table: 0x1680e368  {1:table: 0x1686a240, 2:table: 0x15fa0708, 3:table: 0x16273c18}
	 area_set = table: 0x1680e3b0  {table: 0x1686a240:true, table: 0x16273c18:true, table: 0x15fa0708:true}
(7) Lua field 'calculate_card_areas' at Steamodded file 'src/utils.lua:1720' 
	Local variables:
	 _type = string: "jokers"
	 context = table: 0x17018f60  {individual:true, poker_hands:table: 0x16ffe7d0, cardarea:table: 0x168bdcf0, scoring_name:Flush, scoring_hand:table: 0x16e34da0, full_hand:table: 0x167a55c8 (more...)}
	 return_table = table: 0x16fee1e0  {1:table: 0x16fee220, 2:table: 0x16fee308, 3:table: 0x1680e178}
	 args = table: 0x16fee440  {main_scoring:true}
	 flags = table: 0x1680e108  {}
	 (for generator) = C function: builtin#6
	 (for state) = table: 0x1680e130  {1:table: 0x1686a240, 2:table: 0x15fa0708, 3:table: 0x16273c18}
	 (for control) = number: 1
	 _ = number: 1
	 area = table: 0x1686a240  {click_offset:table: 0x163665d8, static_rotation:false, shuffle_amt:0, T:table: 0x16723ae8, offset:table: 0x1622f660, role:table: 0x160b2470, last_aligned:-1 (more...)}
	 (for generator) = C function: builtin#6
	 (for state) = table: 0x16300510  {1:table: 0x161445d8, 2:table: 0x16153f28}
	 (for control) = number: 2
	 _ = number: 2
	 _card = table: 0x16153f28  {click_offset:table: 0x16522e70, static_rotation:false, rank:2, parent:table: 0x1686a240, T:table: 0x168beae8, last_aligned:-1, extra_cost:0, highlighted:false (more...)}
(8) Lua field 'score_card' at Steamodded file 'src/utils.lua:1880' 
	Local variables:
	 card = table: 0x1652ede0  {role:table: 0x167fbbf0, zoom:true, click_offset:table: 0x16192808, under_overlay:false, children:table: 0x15f75880, ambient_tilt:0.2, parent:table: 0x168bdcf0 (more...)}
	 context = table: 0x17018f60  {individual:true, poker_hands:table: 0x16ffe7d0, cardarea:table: 0x168bdcf0, scoring_name:Flush, scoring_hand:table: 0x16e34da0, full_hand:table: 0x167a55c8 (more...)}
	 reps = table: 0x16fee1a8  {1:1}
	 j = number: 1
	 effects = table: 0x16fee1e0  {1:table: 0x16fee220, 2:table: 0x16fee308, 3:table: 0x1680e178}
(9) Lua field 'calculate_main_scoring' at Steamodded file 'src/utils.lua:1924' 
	Local variables:
	 context = table: 0x17018f60  {individual:true, poker_hands:table: 0x16ffe7d0, cardarea:table: 0x168bdcf0, scoring_name:Flush, scoring_hand:table: 0x16e34da0, full_hand:table: 0x167a55c8 (more...)}
	 scoring_hand = table: 0x16e34da0  {1:table: 0x168b7fd8, 2:table: 0x168a6bd8, 3:table: 0x1652ede0, 4:table: 0x165d2de0, 5:table: 0x162f5170}
	 (for generator) = C function: builtin#6
	 (for state) = table: 0x167a55c8  {1:table: 0x168b7fd8, 2:table: 0x168a6bd8, 3:table: 0x1652ede0, 4:table: 0x165d2de0, 5:table: 0x162f5170}
	 (for control) = number: 3
	 _ = number: 3
	 card = table: 0x1652ede0  {role:table: 0x167fbbf0, zoom:true, click_offset:table: 0x16192808, under_overlay:false, children:table: 0x15f75880, ambient_tilt:0.2, parent:table: 0x168bdcf0 (more...)}
	 in_scoring = boolean: true
(10) Lua field 'evaluate_play' at file 'functions/state_events.lua:614'
	Local variables:
	 e = nil
	 text = string: "Flush"
	 disp_text = string: "Flush"
	 poker_hands = table: 0x16ffe7d0  {Flush House:table: 0x16dea9f0, Full House:table: 0x16deaa50, top:table: 0x16deace8, Flush:table: 0x16efe990, Pair:table: 0x16db9d40, Four of a Kind:table: 0x16f90808 (more...)}
	 scoring_hand = table: 0x16e34da0  {1:table: 0x168b7fd8, 2:table: 0x168a6bd8, 3:table: 0x1652ede0, 4:table: 0x165d2de0, 5:table: 0x162f5170}
	 non_loc_disp_text = string: "Flush"
	 final_scoring_hand = table: 0x16e34da0  {1:table: 0x168b7fd8, 2:table: 0x168a6bd8, 3:table: 0x1652ede0, 4:table: 0x165d2de0, 5:table: 0x162f5170}
	 hand_text_set = boolean: false
	 modded = nil
	 (for generator) = C function: builtin#6
	 (for state) = table: 0x17018f38  {1:table: 0x168bdcf0, 2:table: 0x16168600}
	 (for control) = number: 1
	 _ = number: 1
	 v = table: 0x168bdcf0  {click_offset:table: 0x1663b948, static_rotation:false, shuffle_amt:0, T:table: 0x16559788, offset:table: 0x167a5d38, role:table: 0x1611a008, last_aligned:-1 (more...)}
(11) Lua field 'func' at file 'functions/state_events.lua:482'
(12) Lua method 'handle' at file 'engine/event.lua:99'
	Local variables:
	 self = table: 0x16db1e18  {start_timer:true, timer:TOTAL, blockable:true, trigger:immediate, func:function: 0x16de97d0, delay:0, complete:false, time:44.678972127197, blocking:true (more...)}
	 _results = table: 0x16888000  {blocking:true, pause_skip:false, time_done:false, completed:false}
(13) Lua method 'update' at file 'engine/event.lua:182'
	Local variables:
	 self = table: 0x164f1ef8  {queue_last_processed:18.166666666667, queues:table: 0x164f1f20, queue_dt:0.016666666666667, queue_timer:18.991744564486}
	 dt = number: 0.0167306
	 forced = nil
	 (for generator) = C function: next
	 (for state) = table: 0x164f1f20  {unlock:table: 0x164f2010, other:table: 0x164f20b0, tutorial:table: 0x164f2060, base:table: 0x164f2038, achievement:table: 0x164f2088}
	 (for control) = number: nan
	 k = string: "base"
	 v = table: 0x164f2038  {1:table: 0x1667e9e0, 2:table: 0x16db1e18, 3:table: 0x16fe9e58, 4:table: 0x16fe9ee0, 5:table: 0x16fe9ff8, 6:table: 0x16f36f38, 7:table: 0x16f373d0 (more...)}
	 blocked = boolean: false
	 i = number: 2
	 results = table: 0x16888000  {blocking:true, pause_skip:false, time_done:false, completed:false}
(14) Lua upvalue 'gameUpdateRef' at file 'game.lua:2552'
	Local variables:
	 self = table: 0x15f9b010  {F_GUIDE:false, F_CRASH_REPORTS:false, F_QUIT_BUTTON:true, HUD_tags:table: 0x165e42d8, F_ENGLISH_ONLY:false, viewed_stake:1, HUD:table: 0x1685ad20 (more...)}
	 dt = number: 0.0167306
	 http_resp = nil
(15) Lua method 'update' at Steamodded file 'src/ui.lua:84' 
	Local variables:
	 self = table: 0x15f9b010  {F_GUIDE:false, F_CRASH_REPORTS:false, F_QUIT_BUTTON:true, HUD_tags:table: 0x165e42d8, F_ENGLISH_ONLY:false, viewed_stake:1, HUD:table: 0x1685ad20 (more...)}
	 dt = number: 0.0167306
(16) Lua field 'update' at file 'main.lua:999'
	Local variables:
	 dt = number: 0.0167306
(17) Lua function '?' at file 'main.lua:938' (best guess)
(18) global C function 'xpcall'
(19) LÖVE function at file 'boot.lua:377' (best guess)
	Local variables:
	 func = Lua function '?' (defined at line 909 of chunk main.lua)
	 inerror = boolean: true
	 deferErrhand = Lua function '(LÖVE Function)' (defined at line 348 of chunk [love "boot.lua"])
	 earlyinit = Lua function '(LÖVE Function)' (defined at line 355 of chunk [love "boot.lua"])
 
INFO - [G] file not found: main.lua: No such file or directory
INFO - [G] file not found: main.lua: No such file or directory
INFO - [G] 2025-09-24 19:39:59 :: INFO  :: StackTrace :: Additional Context:
Balatro Version: 1.0.1o-FULL
Modded Version: 1.0.0~BETA-0711a-STEAMODDED
LÖVE Version: 11.5.0
Lovely Version: 0.8.0
Platform: Windows
Steamodded Mods:
    1: Super Auto Jokers by Equi [ID: SuperAutoJokers, Version: 1.0.0]
    2: DebugPlus by WilsontheWolf [ID: DebugPlus, Version: 1.5.1, Uses Lovely]
Lovely Mods: 
