INFO - [♥] Lovely 0.8.0
INFO - [♥] Game directory is at "C:\\Program Files (x86)\\Steam\\steamapps\\common\\Balatro"
INFO - [♥] Writing logs to "C:\\Users\\PC\\AppData\\Roaming\\Balatro\\Mods\\lovely\\log"
INFO - [♥] Using mod directory at "C:\\Users\\PC\\AppData\\Roaming\\Balatro\\Mods"
INFO - [♥] Cleaning up dumps directory at "C:\\Users\\PC\\AppData\\Roaming\\Balatro\\Mods\\lovely\\dump"
INFO - [♥] Initialization complete in 186ms
INFO - [♥] Applied 1 patch to 'conf.lua'
INFO - [♥] Applied 11 patches to 'main.lua'
INFO - [♥] Applied 10 patches to 'engine/controller.lua'
INFO - [♥] Applied 15 patches to 'back.lua'
INFO - [♥] Applied 7 patches to 'tag.lua'
INFO - [♥] Applied 2 patches to 'engine/moveable.lua'
INFO - [♥] Applied 2 patches to 'engine/sprite.lua'
INFO - [♥] Applied 2 patches to 'engine/animatedsprite.lua'
INFO - [♥] Applied 67 patches to 'functions/misc_functions.lua'
INFO - [♥] Applied 40 patches to 'game.lua'
INFO - [♥] Applied 1 patch to 'globals.lua'
INFO - [♥] Applied 5 patches to 'engine/ui.lua'
INFO - [♥] Applied 95 patches to 'functions/UI_definitions.lua'
INFO - [♥] Applied 49 patches to 'functions/state_events.lua'
INFO - [♥] Applied 117 patches to 'functions/common_events.lua'
INFO - [♥] Applied 51 patches to 'functions/button_callbacks.lua'
INFO - [♥] Applied 186 patches to 'card.lua'
INFO - [♥] Applied 10 patches to 'cardarea.lua'
INFO - [♥] Applied 37 patches to 'blind.lua'
INFO - [♥] Applied 2 patches to 'engine/text.lua'
INFO - [G] Failed to connect to the debug server 
INFO - [G] 2025-09-24 18:40:26 :: DEBUG :: DebugConsole :: Steamodded Debug Socket started ! 
INFO - [G] 2025-09-24 18:40:26 :: INFO  :: SMODS :: Steamodded v1.0.0~BETA-0711a 
INFO - [♥] Applied 9 patches to 'engine/sound_manager.lua'
INFO - [♥] Applied 1 patch to 'engine/save_manager.lua'
INFO - [G] 2025-09-24 18:40:29 :: INFO  :: Loader :: Valid JSON file found 
INFO - [G] 2025-09-24 18:40:29 :: INFO  :: Loader :: Valid JSON file found 
INFO - [G] 2025-09-24 18:40:29 :: WARN  :: Joker :: Cannot take ownership of j_mail-in_rebate: Does not exist. 
INFO - [G] 2025-09-24 18:40:29 :: INFO  :: TIMER :: [0000] Injected Fonts in 0.002 ms 
INFO - [G] 2025-09-24 18:40:29 :: INFO  :: TIMER :: [0000] Injected Language in 0.020 ms 
INFO - [G] 2025-09-24 18:40:29 :: INFO  :: TIMER :: [0000] Injected [INTERNAL] in 2.768 ms 
INFO - [G] 2025-09-24 18:40:31 :: INFO  :: TIMER :: [0003] Injected Atlas in 1507.086 ms 
INFO - [G] 2025-09-24 18:40:31 :: INFO  :: TIMER :: [0001] Injected Sound in 1.326 ms 
INFO - [G] 2025-09-24 18:40:31 :: INFO  :: TIMER :: [0008] Injected Stake in 0.263 ms 
INFO - [G] 2025-09-24 18:40:31 :: INFO  :: TIMER :: [0004] Injected Rarity in 0.060 ms 
INFO - [G] 2025-09-24 18:40:31 :: INFO  :: TIMER :: [0004] Injected ObjectType in 0.059 ms 
INFO - [G] 2025-09-24 18:40:31 :: INFO  :: TIMER :: [0070] Injected Center in 1.895 ms 
INFO - [G] 2025-09-24 18:40:31 :: INFO  :: TIMER :: [0007] Injected Undiscovered Sprite in 0.076 ms 
INFO - [G] 2025-09-24 18:40:31 :: INFO  :: TIMER :: [0002] Injected Blind in 0.030 ms 
INFO - [G] 2025-09-24 18:40:31 :: INFO  :: TIMER :: [0004] Injected Seal in 0.162 ms 
INFO - [G] 2025-09-24 18:40:31 :: INFO  :: TIMER :: [0004] Injected Suit in 0.114 ms 
INFO - [G] 2025-09-24 18:40:31 :: INFO  :: TIMER :: [0013] Injected Rank in 0.431 ms 
INFO - [G] 2025-09-24 18:40:31 :: INFO  :: TIMER :: [0028] Injected DeckSkin in 0.348 ms 
INFO - [G] 2025-09-24 18:40:31 :: INFO  :: TIMER :: [0012] Injected PokerHand in 0.404 ms 
INFO - [G] 2025-09-24 18:40:31 :: INFO  :: TIMER :: [0020] Injected Challenge in 0.136 ms 
INFO - [G] 2025-09-24 18:40:31 :: INFO  :: TIMER :: [0000] Injected Tag in 0.002 ms 
INFO - [G] 2025-09-24 18:40:31 :: INFO  :: TIMER :: [0004] Injected Sticker in 0.196 ms 
INFO - [G] 2025-09-24 18:40:31 :: INFO  :: TIMER :: [0000] Injected Shader in 0.002 ms 
INFO - [G] 2025-09-24 18:40:31 :: INFO  :: TIMER :: [0002] Injected Keybind in 0.024 ms 
INFO - [G] 2025-09-24 18:40:31 :: INFO  :: TIMER :: [0000] Injected Achievement in 0.084 ms 
INFO - [G] 2025-09-24 18:40:31 :: INFO  :: TIMER :: [0002] Injected nil in 0.025 ms 
INFO - [G] 2025-09-24 18:40:31 :: INFO  :: TIMER :: [0021] Injected Draw Step in 0.160 ms 
INFO - [G] 2025-09-24 18:40:31 :: INFO  :: TIMER :: [0000] Injected [INTERNAL] in 0.862 ms 
INFO - [G] [DebugPlus] Press [/] to toggle console and press [shift] + [/] to toggle new log previews 
INFO - [G] line not found
INFO - [G] line not found
INFO - [G] file not found: main.lua: No such file or directory
INFO - [G] file not found: main.lua: No such file or directory
INFO - [G] 2025-09-24 18:40:52 :: ERROR :: StackTrace :: Oops! The game crashed
[SMODS SuperAutoJokers "superautojokers_main.lua"]:455: attempt to index field 'extra' (a number value)
Stack Traceback
===============
(1) Lua upvalue 'orig' at file 'main.lua:612'
	Local variables:
	 msg = string: "[SMODS SuperAutoJokers \"superautojokers_main.lua\"]:455: attempt to index field 'extra' (a number value)"
	 (*temporary) = Lua function '?' (defined at line 31 of chunk [SMODS _ "src/logging.lua"])
	 (*temporary) = string: "Oops! The game crashed\
"
(2) Lua local 'handler' at file 'debugplus/console.lua:606' (from lovely module debugplus.console)
	Local variables:
	 msg = string: "[SMODS SuperAutoJokers \"superautojokers_main.lua\"]:455: attempt to index field 'extra' (a number value)"
(3) LÖVE metamethod at file 'boot.lua:352'
	Local variables:
	 errhand = Lua function '(LÖVE Function)' (defined at line 605 of chunk [lovely debugplus.console "debugplus/console.lua"])
	 handler = Lua function '(LÖVE Function)' (defined at line 605 of chunk [lovely debugplus.console "debugplus/console.lua"])
(4) Lua method 'calculate' at file 'superautojokers_main.lua:455' (from mod with id SuperAutoJokers)
	Local variables:
	 self = table: 0x36b8b7d0  {alerted:true, loc_vars:function: 0x37214ce0, atlas:Joker, registered:true, _saved_d_u:true, original_key:8_ball, _discovered_unlocked_overwritten:true (more...)}
	 card = table: 0x36bc8598  {click_offset:table: 0x36ca9ae0, under_overlay:false, children:table: 0x36a7faa8, ambient_tilt:0.2, parent:table: 0x376b4d88, pinch:table: 0x36d339c8 (more...)}
	 context = table: 0x373e3dd0  {other_card:table: 0x372daf50, poker_hands:table: 0x36abba98, individual:true, scoring_name:Straight, scoring_hand:table: 0x370df6d0, full_hand:table: 0x372daeb0 (more...)}
	 (*temporary) = Lua function '?' (defined at line 2595 of chunk [SMODS _ "src/utils.lua"])
	 (*temporary) = table: 0x36bc8598  {click_offset:table: 0x36ca9ae0, under_overlay:false, children:table: 0x36a7faa8, ambient_tilt:0.2, parent:table: 0x376b4d88, pinch:table: 0x36d339c8 (more...)}
	 (*temporary) = string: "8ball"
	 (*temporary) = number: 1
	 (*temporary) = number: 4
	 (*temporary) = string: "attempt to index field 'extra' (a number value)"
(5) Lua method 'calculate_joker' at file 'card.lua:2555'
	Local variables:
	 self = table: 0x36bc8598  {click_offset:table: 0x36ca9ae0, under_overlay:false, children:table: 0x36a7faa8, ambient_tilt:0.2, parent:table: 0x376b4d88, pinch:table: 0x36d339c8 (more...)}
	 context = table: 0x373e3dd0  {other_card:table: 0x372daf50, poker_hands:table: 0x36abba98, individual:true, scoring_name:Straight, scoring_hand:table: 0x370df6d0, full_hand:table: 0x372daeb0 (more...)}
	 obj = table: 0x36b8b7d0  {alerted:true, loc_vars:function: 0x37214ce0, atlas:Joker, registered:true, _saved_d_u:true, original_key:8_ball, _discovered_unlocked_overwritten:true (more...)}
(6) Lua global 'eval_card' at file 'functions/common_events.lua:722'
	Local variables:
	 card = table: 0x36bc8598  {click_offset:table: 0x36ca9ae0, under_overlay:false, children:table: 0x36a7faa8, ambient_tilt:0.2, parent:table: 0x376b4d88, pinch:table: 0x36d339c8 (more...)}
	 context = table: 0x373e3dd0  {other_card:table: 0x372daf50, poker_hands:table: 0x36abba98, individual:true, scoring_name:Straight, scoring_hand:table: 0x370df6d0, full_hand:table: 0x372daeb0 (more...)}
	 ret = table: 0x36dee0b8  {}
	 post_trig = table: 0x376ac1d0  {}
	 areas = table: 0x376ac1f8  {1:table: 0x376b4d88, 2:table: 0x373768a0, 3:table: 0x373430b0}
	 area_set = table: 0x376ac240  {table: 0x373430b0:true, table: 0x376b4d88:true, table: 0x373768a0:true}
(7) Lua field 'calculate_card_areas' at Steamodded file 'src/utils.lua:1720' 
	Local variables:
	 _type = string: "jokers"
	 context = table: 0x373e3dd0  {other_card:table: 0x372daf50, poker_hands:table: 0x36abba98, individual:true, scoring_name:Straight, scoring_hand:table: 0x370df6d0, full_hand:table: 0x372daeb0 (more...)}
	 return_table = table: 0x36cbb268  {1:table: 0x36cbb2a8, 2:table: 0x37785f18, 3:table: 0x36dcd268}
	 args = table: 0x372b1e50  {main_scoring:true}
	 flags = table: 0x372b1e78  {}
	 (for generator) = C function: builtin#6
	 (for state) = table: 0x36dcd220  {1:table: 0x376b4d88, 2:table: 0x373768a0, 3:table: 0x373430b0}
	 (for control) = number: 1
	 _ = number: 1
	 area = table: 0x376b4d88  {click_offset:table: 0x36d46d80, static_rotation:false, shuffle_amt:0, T:table: 0x36db9700, offset:table: 0x36c70a48, role:table: 0x36c8f5e0, last_aligned:-1 (more...)}
	 (for generator) = C function: builtin#6
	 (for state) = table: 0x36cbef70  {1:table: 0x36cbefc0, 2:table: 0x36bc8598}
	 (for control) = number: 2
	 _ = number: 2
	 _card = table: 0x36bc8598  {click_offset:table: 0x36ca9ae0, under_overlay:false, children:table: 0x36a7faa8, ambient_tilt:0.2, parent:table: 0x376b4d88, pinch:table: 0x36d339c8 (more...)}
(8) Lua field 'score_card' at Steamodded file 'src/utils.lua:1880' 
	Local variables:
	 card = table: 0x372daf50  {click_offset:table: 0x372db258, children:table: 0x3732c558, ambient_tilt:0.2, parent:table: 0x36bcd630, highlighted:false, T:table: 0x372db168 (more...)}
	 context = table: 0x373e3dd0  {other_card:table: 0x372daf50, poker_hands:table: 0x36abba98, individual:true, scoring_name:Straight, scoring_hand:table: 0x370df6d0, full_hand:table: 0x372daeb0 (more...)}
	 reps = table: 0x36cbb230  {1:1}
	 j = number: 1
	 effects = table: 0x36cbb268  {1:table: 0x36cbb2a8, 2:table: 0x37785f18, 3:table: 0x36dcd268}
(9) Lua field 'calculate_main_scoring' at Steamodded file 'src/utils.lua:1924' 
	Local variables:
	 context = table: 0x373e3dd0  {other_card:table: 0x372daf50, poker_hands:table: 0x36abba98, individual:true, scoring_name:Straight, scoring_hand:table: 0x370df6d0, full_hand:table: 0x372daeb0 (more...)}
	 scoring_hand = table: 0x370df6d0  {1:table: 0x372daf50, 2:table: 0x37331f40, 3:table: 0x370e9b00, 4:table: 0x372b91a8, 5:table: 0x3714c1b0}
	 (for generator) = C function: builtin#6
	 (for state) = table: 0x372daeb0  {1:table: 0x372daf50, 2:table: 0x37331f40, 3:table: 0x370e9b00, 4:table: 0x372b91a8, 5:table: 0x3714c1b0}
	 (for control) = number: 1
	 _ = number: 1
	 card = table: 0x372daf50  {click_offset:table: 0x372db258, children:table: 0x3732c558, ambient_tilt:0.2, parent:table: 0x36bcd630, highlighted:false, T:table: 0x372db168 (more...)}
	 in_scoring = boolean: true
(10) Lua field 'evaluate_play' at file 'functions/state_events.lua:614'
	Local variables:
	 e = nil
	 text = string: "Straight"
	 disp_text = string: "Straight"
	 poker_hands = table: 0x36abba98  {Flush House:table: 0x36d0f728, Full House:table: 0x376a1890, top:table: 0x376a18b8, Flush:table: 0x36aea1a0, Pair:table: 0x37296780, Four of a Kind:table: 0x36f6f020 (more...)}
	 scoring_hand = table: 0x370df6d0  {1:table: 0x372daf50, 2:table: 0x37331f40, 3:table: 0x370e9b00, 4:table: 0x372b91a8, 5:table: 0x3714c1b0}
	 non_loc_disp_text = string: "Straight"
	 final_scoring_hand = table: 0x370df6d0  {1:table: 0x372daf50, 2:table: 0x37331f40, 3:table: 0x370e9b00, 4:table: 0x372b91a8, 5:table: 0x3714c1b0}
	 hand_text_set = boolean: false
	 modded = nil
	 (for generator) = C function: builtin#6
	 (for state) = table: 0x373e3da8  {1:table: 0x36bcd630, 2:table: 0x36cbc110}
	 (for control) = number: 1
	 _ = number: 1
	 v = table: 0x36bcd630  {click_offset:table: 0x36c12088, static_rotation:false, shuffle_amt:0, T:table: 0x36ba6ec0, offset:table: 0x370ac130, role:table: 0x36cac570, last_aligned:-1 (more...)}
(11) Lua field 'func' at file 'functions/state_events.lua:482'
(12) Lua method 'handle' at file 'engine/event.lua:99'
	Local variables:
	 self = table: 0x36c59cf8  {start_timer:true, timer:TOTAL, blockable:true, trigger:immediate, func:function: 0x36e3d3d0, delay:0, complete:false, time:34.131072155721, blocking:true (more...)}
	 _results = table: 0x36f61590  {blocking:true, pause_skip:false, time_done:false, completed:false}
(13) Lua method 'update' at file 'engine/event.lua:182'
	Local variables:
	 self = table: 0x36fcef30  {queue_last_processed:20.2, queues:table: 0x36fcef58, queue_dt:0.016666666666667, queue_timer:20.318018760408}
	 dt = number: 0.0213155
	 forced = nil
	 (for generator) = C function: next
	 (for state) = table: 0x36fcef58  {unlock:table: 0x36fcf048, other:table: 0x36fcf0e8, tutorial:table: 0x36fcf098, base:table: 0x36fcf070, achievement:table: 0x36fcf0c0}
	 (for control) = number: nan
	 k = string: "base"
	 v = table: 0x36fcf070  {1:table: 0x36d2b268, 2:table: 0x36c59cf8, 3:table: 0x3716a0d0, 4:table: 0x36d2f888, 5:table: 0x373df748, 6:table: 0x377455f0, 7:table: 0x36d138d8 (more...)}
	 blocked = boolean: false
	 i = number: 2
	 results = table: 0x36f61590  {blocking:true, pause_skip:false, time_done:false, completed:false}
(14) Lua upvalue 'gameUpdateRef' at file 'game.lua:2552'
	Local variables:
	 self = table: 0x36a86958  {F_GUIDE:false, F_CRASH_REPORTS:false, F_QUIT_BUTTON:true, HUD_tags:table: 0x3774bc68, F_ENGLISH_ONLY:false, viewed_stake:1, HUD:table: 0x372fb328 (more...)}
	 dt = number: 0.0213155
	 http_resp = nil
(15) Lua method 'update' at Steamodded file 'src/ui.lua:84' 
	Local variables:
	 self = table: 0x36a86958  {F_GUIDE:false, F_CRASH_REPORTS:false, F_QUIT_BUTTON:true, HUD_tags:table: 0x3774bc68, F_ENGLISH_ONLY:false, viewed_stake:1, HUD:table: 0x372fb328 (more...)}
	 dt = number: 0.0213155
(16) Lua field 'update' at file 'main.lua:999'
	Local variables:
	 dt = number: 0.0213155
(17) Lua function '?' at file 'main.lua:938' (best guess)
(18) global C function 'xpcall'
(19) LÖVE function at file 'boot.lua:377' (best guess)
	Local variables:
	 func = Lua function '?' (defined at line 909 of chunk main.lua)
	 inerror = boolean: true
	 deferErrhand = Lua function '(LÖVE Function)' (defined at line 348 of chunk [love "boot.lua"])
	 earlyinit = Lua function '(LÖVE Function)' (defined at line 355 of chunk [love "boot.lua"])
 
INFO - [G] line not found
INFO - [G] file not found: main.lua: No such file or directory
INFO - [G] file not found: main.lua: No such file or directory
INFO - [G] 2025-09-24 18:40:52 :: INFO  :: StackTrace :: Additional Context:
Balatro Version: 1.0.1o-FULL
Modded Version: 1.0.0~BETA-0711a-STEAMODDED
LÖVE Version: 11.5.0
Lovely Version: 0.8.0
Platform: Windows
Steamodded Mods:
    1: Super Auto Jokers by Equi [ID: SuperAutoJokers, Version: 1.0.0]
    2: DebugPlus by WilsontheWolf [ID: DebugPlus, Version: 1.5.1, Uses Lovely]
Lovely Mods: 
