INFO - [♥] Lovely 0.8.0
INFO - [♥] Game directory is at "C:\\Program Files (x86)\\Steam\\steamapps\\common\\Balatro"
INFO - [♥] Writing logs to "C:\\Users\\PC\\AppData\\Roaming\\Balatro\\Mods\\lovely\\log"
INFO - [♥] Using mod directory at "C:\\Users\\PC\\AppData\\Roaming\\Balatro\\Mods"
WARN - [♥] Unknown key `patches.49.?.match_indent` found in patch file at "C:\\Users\\PC\\AppData\\Roaming\\Balatro\\Mods\\Talisman\\lovely.toml", ignoring it
WARN - [♥] Unknown key `patches.52.?.match_indent` found in patch file at "C:\\Users\\PC\\AppData\\Roaming\\Balatro\\Mods\\Talisman\\lovely.toml", ignoring it
INFO - [♥] Cleaning up dumps directory at "C:\\Users\\PC\\AppData\\Roaming\\Balatro\\Mods\\lovely\\dump"
INFO - [♥] Initialization complete in 100ms
WARN - [♥] Pattern 'G.ARGS.score_intensity.organ = G.video_organ or G.ARGS.score_intensity.required_score > 0 and math.max(math.min(0.4, 0.1*math.log(G.ARGS.score_intensity.earned_score/(G.ARGS.score_intensity.required_score+1), 5)),0.) or 0' on target 'main.lua' for pattern patch from Talisman\lovely.toml resulted in no matches
WARN - [♥] Pattern 'if type(G.GAME.current_round.current_hand.chips) ~= \'number\' or type(G.GAME.current_round.current_hand.mult) ~= \'number\' then' on target 'main.lua' for pattern patch from Talisman\lovely.toml resulted in no matches
INFO - [♥] Applied 10 patches to 'main.lua'
INFO - [♥] Applied 2 patches to 'engine/string_packer.lua'
INFO - [♥] Applied 5 patches to 'engine/controller.lua'
INFO - [♥] Applied 15 patches to 'back.lua'
INFO - [♥] Applied 7 patches to 'tag.lua'
INFO - [♥] Applied 3 patches to 'engine/moveable.lua'
INFO - [♥] Applied 3 patches to 'engine/sprite.lua'
INFO - [♥] Applied 2 patches to 'engine/animatedsprite.lua'
WARN - [♥] Pattern 'assembled_string = assembled_string..(type(subpart) == \'string\' and subpart or args.vars[tonumber(subpart[1])] or \'ERROR\')' on target 'functions/misc_functions.lua' for pattern patch from Talisman\lovely.toml resulted in no matches
INFO - [♥] Applied 72 patches to 'functions/misc_functions.lua'
INFO - [♥] Applied 44 patches to 'game.lua'
INFO - [♥] Applied 1 patch to 'globals.lua'
INFO - [♥] Applied 8 patches to 'engine/ui.lua'
WARN - [♥] Pattern '{n=G.UIT.T, config={text = G.GAME.hands[handname].chips, scale = 0.45, colour = G.C.UI.TEXT_LIGHT}},' on target 'functions/UI_definitions.lua' for pattern patch from Talisman\lovely.toml resulted in no matches
WARN - [♥] Pattern '{n=G.UIT.T, config={text = G.GAME.hands[handname].mult, scale = 0.45, colour = G.C.UI.TEXT_LIGHT}}' on target 'functions/UI_definitions.lua' for pattern patch from Talisman\lovely.toml resulted in no matches
INFO - [♥] Applied 90 patches to 'functions/UI_definitions.lua'
WARN - [♥] Pattern 'if effects[ii].card then' on target 'functions/state_events.lua' for pattern patch from Talisman\lovely.toml resulted in no matches
WARN - [♥] Pattern 'if effects.jokers.Xmult_mod then mult = mod_mult(mult*effects.jokers.Xmult_mod);extras.mult = true  end' on target 'functions/state_events.lua' for pattern patch from Talisman\lovely.toml resulted in no matches
WARN - [♥] Pattern 'if effect.Xmult_mod then mult = mod_mult(mult*effect.Xmult_mod);extras.mult = true  end' on target 'functions/state_events.lua' for pattern patch from Talisman\lovely.toml resulted in no matches
WARN - [♥] Pattern 'if effects[ii].message then' on target 'functions/state_events.lua' for pattern patch from Talisman\lovely.toml resulted in no matches
WARN - [♥] Pattern '--calculate the card edition effects' on target 'functions/state_events.lua' for pattern patch from Talisman\lovely.toml resulted in no matches
WARN - [♥] Pattern 'if effects[ii].edition.p_dollars_mod then' on target 'functions/state_events.lua' for pattern patch from Talisman\lovely.toml resulted in no matches
WARN - [♥] Pattern 'if edition_effects.jokers.x_mult_mod then' on target 'functions/state_events.lua' for pattern patch from Talisman\lovely.toml resulted in no matches
INFO - [♥] Applied 61 patches to 'functions/state_events.lua'
WARN - [♥] Pattern 'if num_dollars > 60 then' on target 'functions/common_events.lua' for pattern patch from Talisman\lovely.toml resulted in no matches
WARN - [♥] Pattern 'func = (function() if eval_func(card) then if not first or first then card:juice_up(0.1, 0.1) end;juice_card_until(card, eval_func, nil, 0.8) end return true end)' on target 'functions/common_events.lua' for pattern patch from Talisman\lovely.toml resulted in no matches
INFO - [♥] Applied 144 patches to 'functions/common_events.lua'
INFO - [♥] Applied 60 patches to 'functions/button_callbacks.lua'
WARN - [♥] Pattern 'if G.GAME.blind then G.E_MANAGER:add_event(Event({ func = function() G.GAME.blind:set_blind(nil, true, nil); return true end })) end' on target 'card.lua' for pattern patch from Talisman\lovely.toml resulted in no matches
WARN - [♥] Pattern 'x_mult = center.config.Xmult or 1,' on target 'card.lua' for pattern patch from Talisman\lovely.toml resulted in no matches
INFO - [♥] Applied 171 patches to 'card.lua'
INFO - [♥] Applied 11 patches to 'cardarea.lua'
INFO - [♥] Applied 38 patches to 'blind.lua'
INFO - [♥] Applied 5 patches to 'engine/text.lua'
INFO - [♥] Applied 1 patch to '=[SMODS _ "src/utils.lua"]'
INFO - [G] Failed to connect to the debug server
INFO - [G] 2025-07-03 20:16:53 :: DEBUG :: DebugConsole :: Steamodded Debug Socket started !
INFO - [G] 2025-07-03 20:16:53 :: INFO  :: SMODS :: Steamodded v1.0.0~BETA-0614a
INFO - [♥] Applied 9 patches to 'engine/sound_manager.lua'
INFO - [♥] Applied 3 patches to 'engine/save_manager.lua'
INFO - [♥] Applied 2 patches to 'engine/string_packer.lua'
INFO - [G] 2025-07-03 20:16:57 :: TRACE :: Loader :: Processing Mod file (Legacy header): FusionJokers.lua
INFO - [G] 2025-07-03 20:16:57 :: TRACE :: Loader :: Saving Mod Info: FusionJokers
INFO - [G] 2025-07-03 20:16:57 :: TRACE :: Loader :: Processing Mod file (Legacy header): JenLib.lua
INFO - [G] 2025-07-03 20:16:57 :: TRACE :: Loader :: Saving Mod Info: JenLib
INFO - [G] 2025-07-03 20:16:57 :: TRACE :: Loader :: Processing Mod file (Legacy header): steamodded_metadata.lua
INFO - [G] 2025-07-03 20:16:57 :: TRACE :: Loader :: Saving Mod Info: Talisman
INFO - [G] 2025-07-03 20:16:57 :: INFO  :: TIMER :: [0000] Injected Fonts in 0.021 ms
INFO - [G] 2025-07-03 20:16:57 :: INFO  :: TIMER :: [0000] Injected Language in 0.001 ms
INFO - [G] 2025-07-03 20:16:57 :: INFO  :: TIMER :: [0000] Injected [INTERNAL] in 2.109 ms
INFO - [G] 2025-07-03 20:16:57 :: INFO  :: TIMER :: [0019] Injected Atlas in 375.100 ms
INFO - [G] 2025-07-03 20:16:58 :: INFO  :: TIMER :: [0008] Injected Sound in 46.841 ms
INFO - [G] 2025-07-03 20:16:58 :: INFO  :: TIMER :: [0008] Injected Stake in 0.241 ms
INFO - [G] 2025-07-03 20:16:58 :: INFO  :: TIMER :: [0004] Injected Rarity in 0.026 ms
INFO - [G] 2025-07-03 20:16:58 :: INFO  :: TIMER :: [0004] Injected ObjectType in 0.053 ms
INFO - [G] 2025-07-03 20:16:58 :: INFO  :: TIMER :: [0064] Injected Center in 1.130 ms
INFO - [G] 2025-07-03 20:16:58 :: INFO  :: TIMER :: [0007] Injected Undiscovered Sprite in 0.027 ms
INFO - [G] 2025-07-03 20:16:58 :: INFO  :: TIMER :: [0002] Injected Blind in 0.026 ms
INFO - [G] 2025-07-03 20:16:58 :: INFO  :: TIMER :: [0004] Injected Seal in 0.247 ms
INFO - [G] 2025-07-03 20:16:58 :: INFO  :: TIMER :: [0004] Injected Suit in 0.124 ms
INFO - [G] 2025-07-03 20:16:58 :: INFO  :: TIMER :: [0013] Injected Rank in 0.633 ms
INFO - [G] 2025-07-03 20:16:58 :: INFO  :: TIMER :: [0028] Injected DeckSkin in 0.565 ms
INFO - [G] 2025-07-03 20:16:58 :: INFO  :: TIMER :: [0012] Injected PokerHand in 0.079 ms
INFO - [G] 2025-07-03 20:16:58 :: INFO  :: TIMER :: [0020] Injected Challenge in 0.108 ms
INFO - [G] 2025-07-03 20:16:58 :: INFO  :: TIMER :: [0000] Injected Tag in 0.002 ms
INFO - [G] 2025-07-03 20:16:58 :: INFO  :: TIMER :: [0004] Injected Sticker in 0.156 ms
INFO - [G] 2025-07-03 20:16:58 :: INFO  :: TIMER :: [0000] Injected Shader in 0.002 ms
INFO - [G] 2025-07-03 20:16:58 :: INFO  :: TIMER :: [0002] Injected Keybind in 0.128 ms
INFO - [G] 2025-07-03 20:16:58 :: INFO  :: TIMER :: [0000] Injected Achievement in 0.094 ms
INFO - [G] 2025-07-03 20:16:58 :: INFO  :: TIMER :: [0002] Injected nil in 0.050 ms
INFO - [G] 2025-07-03 20:16:58 :: INFO  :: TIMER :: [0021] Injected Draw Step in 0.437 ms
INFO - [G] 2025-07-03 20:16:58 :: INFO  :: TIMER :: [0000] Injected [INTERNAL] in 3.516 ms
INFO - [G] 2025-07-03 20:17:22 :: INFO  :: TIMER :: [0000] Injected Fonts in 0.002 ms
INFO - [G] 2025-07-03 20:17:22 :: INFO  :: TIMER :: [0000] Injected Language in 0.002 ms
INFO - [G] 2025-07-03 20:17:22 :: INFO  :: TIMER :: [0000] Injected [INTERNAL] in 1.992 ms
INFO - [G] 2025-07-03 20:17:22 :: INFO  :: TIMER :: [0019] Injected Atlas in 329.405 ms
INFO - [G] 2025-07-03 20:17:22 :: INFO  :: TIMER :: [0008] Injected Sound in 0.023 ms
INFO - [G] 2025-07-03 20:17:22 :: INFO  :: TIMER :: [0008] Injected Stake in 0.056 ms
INFO - [G] 2025-07-03 20:17:22 :: INFO  :: TIMER :: [0004] Injected Rarity in 0.028 ms
INFO - [G] 2025-07-03 20:17:22 :: INFO  :: TIMER :: [0004] Injected ObjectType in 0.036 ms
INFO - [G] line not found
INFO - [G] file not found: main.lua: No such file or directory
INFO - [G] file not found: main.lua: No such file or directory
INFO - [G] file not found: main.lua: No such file or directory
INFO - [G] file not found: main.lua: No such file or directory
INFO - [G] 2025-07-03 20:17:22 :: ERROR :: StackTrace :: Oops! The game crashed
[SMODS _ "src/utils.lua"]:230: Attempted to insert object "j_diamond_bard" into an empty pool.
Stack Traceback
===============
(1) Lua local 'handler' at file 'main.lua:612'
	Local variables:
	 msg = string: "[SMODS _ \"src/utils.lua\"]:230: Attempted to insert object \"j_diamond_bard\" into an empty pool."
	 (*temporary) = Lua function '?' (defined at line 31 of chunk [SMODS _ "src/logging.lua"])
	 (*temporary) = string: "Oops! The game crashed\
"
(2) LÖVE function at file 'boot.lua:352' (best guess)
	Local variables:
	 errhand = Lua function '?' (defined at line 598 of chunk main.lua)
	 handler = Lua function '?' (defined at line 598 of chunk main.lua)
(3) global C function 'assert'
(4) Lua field 'insert_pool' at Steamodded file 'src/utils.lua:230' 
	Local variables:
	 pool = nil
	 center = table: 0x07390c18  {_saved_d_u:true, original_key:diamond_bard, mod:table: 0x073c1478, unlocked:true, registered:true, _discovered_unlocked_overwritten:false, rarity:5 (more...)}
	 replace = nil
(5) Lua method 'inject' at Steamodded file 'src/game_object.lua:1179' 
	Local variables:
	 self = table: 0x07390c18  {_saved_d_u:true, original_key:diamond_bard, mod:table: 0x073c1478, unlocked:true, registered:true, _discovered_unlocked_overwritten:false, rarity:5 (more...)}
(6) Lua method 'inject_class' at Steamodded file 'src/game_object.lua:183' 
	Local variables:
	 self = table: 0x073486f8  {get_obj:function: 0x06f9ad90, set:Center, subclasses:table: 0x073487b0, create_fake_card:function: 0x073486b8, __call:function: 0x0733f458, delete:function: 0x07348698 (more...)}
	 inject_time = number: 9.4e-06
	 start_time = number: 39.9349
	 end_time = number: 39.9349
	 o = table: 0x07390c18  {_saved_d_u:true, original_key:diamond_bard, mod:table: 0x073c1478, unlocked:true, registered:true, _discovered_unlocked_overwritten:false, rarity:5 (more...)}
	 (for generator) = C function: builtin#6
	 (for state) = table: 0x07348630  {1:v_observatory, 2:b_zodiac, 3:b_painted, 4:b_anaglyph, 5:b_plasma, 6:b_erratic, 7:p_arcana_normal_1, 8:p_arcana_normal_2, 9:p_arcana_normal_3 (more...)}
	 (for control) = number: 50
	 i = number: 50
	 key = string: "j_diamond_bard"
(7) Lua field 'injectObjects' at Steamodded file 'src/game_object.lua:257' 
	Local variables:
	 class = table: 0x073486f8  {get_obj:function: 0x06f9ad90, set:Center, subclasses:table: 0x073487b0, create_fake_card:function: 0x073486b8, __call:function: 0x0733f458, delete:function: 0x07348698 (more...)}
(8) Lua field 'injectObjects' at Steamodded file 'src/game_object.lua:259' 
	Local variables:
	 class = table: 0x0733ec68  {check_duplicate_register:function: 0x0733f4b8, check_duplicate_key:function: 0x0733f4d8, subclasses:table: 0x0733f348, obj_list:function: 0x0733f3b0 (more...)}
	 (for generator) = C function: builtin#6
	 (for state) = table: 0x0733f348  {1:table: 0x0733fc48, 2:table: 0x0733fed8, 3:table: 0x07340560, 4:table: 0x07340a20, 5:table: 0x07341570, 6:table: 0x07342028, 7:table: 0x07344fb0 (more...)}
	 (for control) = number: 9
	 _ = number: 9
	 subclass = table: 0x073486f8  {get_obj:function: 0x06f9ad90, set:Center, subclasses:table: 0x073487b0, create_fake_card:function: 0x073486b8, __call:function: 0x0733f458, delete:function: 0x07348698 (more...)}
(9) Lua field 'injectItems' at Steamodded file 'src/loader.lua:608' 
(10) Lua method 'init_item_prototypes' at Steamodded file 'src/loader.lua:668' 
	Local variables:
	 self = table: 0x06c0a100  {F_GUIDE:false, F_CRASH_REPORTS:false, F_QUIT_BUTTON:true, F_ENGLISH_ONLY:false, sort_id:5, F_VIDEO_SETTINGS:true, STAGE:1, F_MOBILE_UI:false (more...)}
(11) Lua field 'func' at file 'functions/button_callbacks.lua:251'
	Local variables:
	 _name = string: "Equi Mayhem"
(12) Lua method 'handle' at file 'engine/event.lua:99'
	Local variables:
	 self = table: 0x076add90  {start_timer:true, timer:REAL, func:function: 0x076add50, blockable:true, trigger:immediate, created_on_pause:true, delay:0, complete:false, time:31.770932665624 (more...)}
	 _results = table: 0x074fb6b0  {blocking:true, pause_skip:false, time_done:false, completed:false}
(13) Lua method 'update' at file 'engine/event.lua:182'
	Local variables:
	 self = table: 0x0733e980  {queue_last_processed:23.783333333333, queues:table: 0x0733e9a8, queue_dt:0.016666666666667, queue_timer:23.958715770599}
	 dt = number: 0.0166063
	 forced = nil
	 (for generator) = C function: next
	 (for state) = table: 0x0733e9a8  {unlock:table: 0x0733ea98, other:table: 0x0733eb38, tutorial:table: 0x0733eae8, base:table: 0x0733eac0, achievement:table: 0x0733eb10}
	 (for control) = number: nan
	 k = string: "base"
	 v = table: 0x0733eac0  {1:table: 0x076add90, 2:table: 0x076ade00, 3:table: 0x076ae198, 4:table: 0x076ae5c0, 5:table: 0x076ae9e8, 6:table: 0x076aee10}
	 blocked = boolean: false
	 i = number: 1
	 results = table: 0x074fb6b0  {blocking:true, pause_skip:false, time_done:false, completed:false}
(14) Lua upvalue 'gameUpdateRef' at file 'game.lua:2557'
	Local variables:
	 self = table: 0x06c0a100  {F_GUIDE:false, F_CRASH_REPORTS:false, F_QUIT_BUTTON:true, F_ENGLISH_ONLY:false, sort_id:5, F_VIDEO_SETTINGS:true, STAGE:1, F_MOBILE_UI:false (more...)}
	 dt = number: 0
	 http_resp = nil
(15) Lua upvalue 'upd' at Steamodded file 'src/ui.lua:84' 
	Local variables:
	 self = table: 0x06c0a100  {F_GUIDE:false, F_CRASH_REPORTS:false, F_QUIT_BUTTON:true, F_ENGLISH_ONLY:false, sort_id:5, F_VIDEO_SETTINGS:true, STAGE:1, F_MOBILE_UI:false (more...)}
	 dt = number: 0.0166063
(16) Lua method 'update' at file 'main.lua:1892'
	Local variables:
	 self = table: 0x06c0a100  {F_GUIDE:false, F_CRASH_REPORTS:false, F_QUIT_BUTTON:true, F_ENGLISH_ONLY:false, sort_id:5, F_VIDEO_SETTINGS:true, STAGE:1, F_MOBILE_UI:false (more...)}
	 dt = number: 0.0166063
(17) Lua upvalue 'oldupd' at file 'main.lua:995'
	Local variables:
	 dt = number: 0.0166063
(18) Lua field 'update' at file 'main.lua:1925'
	Local variables:
	 dt = number: 0.0166063
(19) Lua function '?' at file 'main.lua:934' (best guess)
(20) global C function 'xpcall'
(21) LÖVE function at file 'boot.lua:377' (best guess)
	Local variables:
	 func = Lua function '?' (defined at line 905 of chunk main.lua)
	 inerror = boolean: true
	 deferErrhand = Lua function '(LÖVE Function)' (defined at line 348 of chunk [love "boot.lua"])
	 earlyinit = Lua function '(LÖVE Function)' (defined at line 355 of chunk [love "boot.lua"])

INFO - [G] file not found: main.lua: No such file or directory
INFO - [G] file not found: main.lua: No such file or directory
INFO - [G] 2025-07-03 20:17:22 :: INFO  :: StackTrace :: Additional Context:
Balatro Version: 1.0.1o-FULL
Modded Version: 1.0.0~BETA-0614a-STEAMODDED
LÖVE Version: 11.5.0
Lovely Version: 0.8.0
Platform: Windows
Steamodded Mods:
    1: Talisman by MathIsFun_, Mathguy24, jenwalter666, cg-223 [ID: Talisman, Version: 2.3.0, Uses Lovely]
        Break Infinity: omeganum
    2: Fusion Jokers by itayfeder, Lyman [ID: FusionJokers, Priority: -10000]
    3: Jen's Library by jenwalter666 [ID: JenLib, Version: 0.4.0]
Lovely Mods:
