INFO - [♥] Lovely 0.8.0
INFO - [♥] Game directory is at "C:\\Program Files (x86)\\Steam\\steamapps\\common\\Balatro"
INFO - [♥] Writing logs to "C:\\Users\\PC\\AppData\\Roaming\\Balatro\\Mods\\lovely\\log"
INFO - [♥] Using mod directory at "C:\\Users\\PC\\AppData\\Roaming\\Balatro\\Mods"
INFO - [♥] Cleaning up dumps directory at "C:\\Users\\PC\\AppData\\Roaming\\Balatro\\Mods\\lovely\\dump"
INFO - [♥] Initialization complete in 250ms
INFO - [♥] Applied 1 patch to 'conf.lua'
INFO - [♥] Applied 11 patches to 'main.lua'
INFO - [♥] Applied 10 patches to 'engine/controller.lua'
INFO - [♥] Applied 15 patches to 'back.lua'
INFO - [♥] Applied 7 patches to 'tag.lua'
INFO - [♥] Applied 2 patches to 'engine/moveable.lua'
INFO - [♥] Applied 2 patches to 'engine/sprite.lua'
INFO - [♥] Applied 2 patches to 'engine/animatedsprite.lua'
INFO - [♥] Applied 67 patches to 'functions/misc_functions.lua'
INFO - [♥] Applied 40 patches to 'game.lua'
INFO - [♥] Applied 1 patch to 'globals.lua'
INFO - [♥] Applied 5 patches to 'engine/ui.lua'
INFO - [♥] Applied 95 patches to 'functions/UI_definitions.lua'
INFO - [♥] Applied 49 patches to 'functions/state_events.lua'
INFO - [♥] Applied 117 patches to 'functions/common_events.lua'
INFO - [♥] Applied 51 patches to 'functions/button_callbacks.lua'
INFO - [♥] Applied 186 patches to 'card.lua'
INFO - [♥] Applied 10 patches to 'cardarea.lua'
INFO - [♥] Applied 37 patches to 'blind.lua'
INFO - [♥] Applied 2 patches to 'engine/text.lua'
INFO - [G] Failed to connect to the debug server 
INFO - [G] 2025-10-07 10:59:26 :: DEBUG :: DebugConsole :: Steamodded Debug Socket started ! 
INFO - [G] 2025-10-07 10:59:26 :: INFO  :: SMODS :: Steamodded v1.0.0~BETA-0711a 
INFO - [♥] Applied 9 patches to 'engine/sound_manager.lua'
INFO - [♥] Applied 1 patch to 'engine/save_manager.lua'
INFO - [G] 2025-10-07 10:59:32 :: INFO  :: Loader :: Valid JSON file found 
INFO - [G] 2025-10-07 10:59:32 :: INFO  :: Loader :: Valid JSON file found 
INFO - [G] 2025-10-07 10:59:32 :: INFO  :: TIMER :: [0000] Injected Fonts in 0.001 ms 
INFO - [G] 2025-10-07 10:59:32 :: INFO  :: TIMER :: [0000] Injected Language in 0.002 ms 
INFO - [G] 2025-10-07 10:59:32 :: INFO  :: TIMER :: [0000] Injected [INTERNAL] in 3.142 ms 
INFO - [G] 2025-10-07 10:59:33 :: INFO  :: TIMER :: [0004] Injected Atlas in 573.880 ms 
INFO - [G] 2025-10-07 10:59:33 :: INFO  :: TIMER :: [0001] Injected Sound in 1.659 ms 
INFO - [G] 2025-10-07 10:59:33 :: INFO  :: TIMER :: [0008] Injected Stake in 0.375 ms 
INFO - [G] 2025-10-07 10:59:33 :: INFO  :: TIMER :: [0005] Injected Rarity in 0.041 ms 
INFO - [G] 2025-10-07 10:59:33 :: INFO  :: TIMER :: [0005] Injected ObjectType in 0.085 ms 
INFO - [G] 2025-10-07 10:59:33 :: INFO  :: TIMER :: [0103] Injected Center in 7.921 ms 
INFO - [G] 2025-10-07 10:59:33 :: INFO  :: TIMER :: [0007] Injected Undiscovered Sprite in 0.027 ms 
INFO - [G] 2025-10-07 10:59:33 :: INFO  :: TIMER :: [0002] Injected Blind in 0.026 ms 
INFO - [G] 2025-10-07 10:59:33 :: INFO  :: TIMER :: [0004] Injected Seal in 1.907 ms 
INFO - [G] 2025-10-07 10:59:33 :: INFO  :: TIMER :: [0004] Injected Suit in 0.131 ms 
INFO - [G] 2025-10-07 10:59:33 :: INFO  :: TIMER :: [0013] Injected Rank in 0.455 ms 
INFO - [G] 2025-10-07 10:59:33 :: INFO  :: TIMER :: [0028] Injected DeckSkin in 3.052 ms 
INFO - [G] 2025-10-07 10:59:33 :: INFO  :: TIMER :: [0012] Injected PokerHand in 0.153 ms 
INFO - [G] 2025-10-07 10:59:33 :: INFO  :: TIMER :: [0020] Injected Challenge in 0.088 ms 
INFO - [G] 2025-10-07 10:59:33 :: INFO  :: TIMER :: [0000] Injected Tag in 0.002 ms 
INFO - [G] 2025-10-07 10:59:33 :: INFO  :: TIMER :: [0004] Injected Sticker in 0.109 ms 
INFO - [G] 2025-10-07 10:59:33 :: INFO  :: TIMER :: [0000] Injected Shader in 0.002 ms 
INFO - [G] 2025-10-07 10:59:33 :: INFO  :: TIMER :: [0002] Injected Keybind in 0.067 ms 
INFO - [G] 2025-10-07 10:59:33 :: INFO  :: TIMER :: [0000] Injected Achievement in 0.215 ms 
INFO - [G] 2025-10-07 10:59:33 :: INFO  :: TIMER :: [0002] Injected nil in 0.025 ms 
INFO - [G] 2025-10-07 10:59:33 :: INFO  :: TIMER :: [0021] Injected Draw Step in 0.138 ms 
INFO - [G] 2025-10-07 10:59:33 :: INFO  :: TIMER :: [0000] Injected [INTERNAL] in 2.037 ms 
INFO - [G] [DebugPlus] Press [/] to toggle console and press [shift] + [/] to toggle new log previews 
INFO - [G] line not found
INFO - [G] file not found: functions/misc_functions.lua: No such file or directory
INFO - [G] file not found: main.lua: No such file or directory
INFO - [G] file not found: main.lua: No such file or directory
INFO - [G] 2025-10-07 11:04:33 :: ERROR :: StackTrace :: Oops! The game crashed
[SMODS _ "src/utils.lua"]:1252: attempt to perform arithmetic on local 'amount' (a table value)
Stack Traceback
===============
(1) Lua upvalue 'orig' at file 'main.lua:612'
	Local variables:
	 msg = string: "[SMODS _ \"src/utils.lua\"]:1252: attempt to perform arithmetic on local 'amount' (a table value)"
	 (*temporary) = Lua function '?' (defined at line 31 of chunk [SMODS _ "src/logging.lua"])
	 (*temporary) = string: "Oops! The game crashed\
"
(2) Lua local 'handler' at file 'debugplus/console.lua:606' (from lovely module debugplus.console)
	Local variables:
	 msg = string: "[SMODS _ \"src/utils.lua\"]:1252: attempt to perform arithmetic on local 'amount' (a table value)"
(3) LÖVE metamethod at file 'boot.lua:352'
	Local variables:
	 errhand = Lua function '(LÖVE Function)' (defined at line 605 of chunk [lovely debugplus.console "debugplus/console.lua"])
	 handler = Lua function '(LÖVE Function)' (defined at line 605 of chunk [lovely debugplus.console "debugplus/console.lua"])
(4) Lua field 'calculate_individual_effect' at Steamodded file 'src/utils.lua:1252' 
	Local variables:
	 effect = table: 0x3249c148  {juice_card:table: 0x327d85d8, message_card:table: 0x31f07948, mult:table: 0x31dfcd80, card:table: 0x327d85d8}
	 scored_card = table: 0x31f07948  {zoom:true, click_offset:table: 0x316fceb0, tilt_var:table: 0x31c9d270, children:table: 0x31c9d360, rank:3, parent:table: 0x3153d658, params:table: 0x31f078e8 (more...)}
	 key = string: "mult"
	 amount = table: 0x31dfcd80  {mult:4}
	 from_edition = boolean: false
	 (*temporary) = Lua function '?' (defined at line 750 of chunk functions/misc_functions.lua)
	 (*temporary) = number: 2
	 (*temporary) = number: 9.98139e-71
	 (*temporary) = table: 0x317b8218  {queue_last_processed:297.18333333339, queues:table: 0x317b8240, queue_dt:0.016666666666667, queue_timer:299.7939496667}
	 (*temporary) = table: 0x323bcd48  {start_timer:false, timer:TOTAL, blockable:true, trigger:immediate, func:function: 0x3263e318, delay:0, complete:false, time:1003.2883757614, blocking:true (more...)}
	 (*temporary) = string: "base"
	 (*temporary) = nil
	 (*temporary) = table: 0x317b8b60  {1:table: 0x3175ed18, 2:table: 0x3265a6a8, 3:table: 0x3231fe50, 4:table: 0x31dadbf8, 5:table: 0x32007cf8, 6:table: 0x32318c80, 7:table: 0x31bd4390 (more...)}
	 (*temporary) = number: 23
	 (*temporary) = table: 0x31481e88  {handle:function: 0x3148b1d0, __index:table: 0x31481e88, init:function: 0x31481eb0, __call:function: 0x31449e08, super:table: 0x31449f10}
	 (*temporary) = string: "attempt to perform arithmetic on local 'amount' (a table value)"
(5) Lua field 'calculate_effect' at Steamodded file 'src/utils.lua:1506' 
	Local variables:
	 effect = table: 0x3249c148  {juice_card:table: 0x327d85d8, message_card:table: 0x31f07948, mult:table: 0x31dfcd80, card:table: 0x327d85d8}
	 scored_card = table: 0x31f07948  {zoom:true, click_offset:table: 0x316fceb0, tilt_var:table: 0x31c9d270, children:table: 0x31c9d360, rank:3, parent:table: 0x3153d658, params:table: 0x31f078e8 (more...)}
	 from_edition = boolean: false
	 pre_jokers = nil
	 ret = table: 0x31a9e268  {}
	 (for generator) = C function: builtin#6
	 (for state) = table: 0x3181d880  {1:chips, 2:h_chips, 3:chip_mod, 4:mult, 5:h_mult, 6:mult_mod, 7:x_chips, 8:xchips, 9:Xchip_mod, 10:x_mult, 11:Xmult, 12:xmult, 13:x_mult_mod (more...)}
	 (for control) = number: 4
	 _ = number: 4
	 key = string: "mult"
(6) Lua field 'calculate_effect_table_key' at Steamodded file 'src/utils.lua:1489' 
	Local variables:
	 effect_table = table: 0x32817fb0  {jokers:table: 0x3249c148}
	 key = string: "jokers"
	 card = table: 0x31f07948  {zoom:true, click_offset:table: 0x316fceb0, tilt_var:table: 0x31c9d270, children:table: 0x31c9d360, rank:3, parent:table: 0x3153d658, params:table: 0x31f078e8 (more...)}
	 ret = table: 0x31cda570  {calculated:true}
	 effect = table: 0x3249c148  {juice_card:table: 0x327d85d8, message_card:table: 0x31f07948, mult:table: 0x31dfcd80, card:table: 0x327d85d8}
(7) Lua field 'trigger_effects' at Steamodded file 'src/utils.lua:1467' 
	Local variables:
	 effects = table: 0x3256bee0  {1:table: 0x3256bf20, 2:table: 0x320cc450, 3:table: 0x322b9e78, 4:table: 0x31935048, 5:table: 0x31cdd580, 6:table: 0x3250d9a8, 7:table: 0x32817fb0 (more...)}
	 card = table: 0x31f07948  {zoom:true, click_offset:table: 0x316fceb0, tilt_var:table: 0x31c9d270, children:table: 0x31c9d360, rank:3, parent:table: 0x3153d658, params:table: 0x31f078e8 (more...)}
	 ret = table: 0x31cda570  {calculated:true}
	 (for generator) = C function: builtin#6
	 (for state) = table: 0x3256bee0  {1:table: 0x3256bf20, 2:table: 0x320cc450, 3:table: 0x322b9e78, 4:table: 0x31935048, 5:table: 0x31cdd580, 6:table: 0x3250d9a8, 7:table: 0x32817fb0 (more...)}
	 (for control) = number: 7
	 _ = number: 7
	 effect_table = table: 0x32817fb0  {jokers:table: 0x3249c148}
	 (for generator) = C function: builtin#6
	 (for state) = table: 0x31a9e228  {1:jokers, 2:retriggers}
	 (for control) = number: 1
	 _ = number: 1
	 key = string: "jokers"
(8) Lua field 'score_card' at Steamodded file 'src/utils.lua:1884' 
	Local variables:
	 card = table: 0x31f07948  {zoom:true, click_offset:table: 0x316fceb0, tilt_var:table: 0x31c9d270, children:table: 0x31c9d360, rank:3, parent:table: 0x3153d658, params:table: 0x31f078e8 (more...)}
	 context = table: 0x31f1e3f8  {individual:true, poker_hands:table: 0x31e31a40, cardarea:table: 0x3153d658, scoring_name:Two Pair, scoring_hand:table: 0x320aaaa8, full_hand:table: 0x31b232b0 (more...)}
	 reps = table: 0x3256bea8  {1:1}
	 j = number: 1
	 effects = table: 0x3256bee0  {1:table: 0x3256bf20, 2:table: 0x320cc450, 3:table: 0x322b9e78, 4:table: 0x31935048, 5:table: 0x31cdd580, 6:table: 0x3250d9a8, 7:table: 0x32817fb0 (more...)}
(9) Lua field 'calculate_main_scoring' at Steamodded file 'src/utils.lua:1924' 
	Local variables:
	 context = table: 0x31f1e3f8  {individual:true, poker_hands:table: 0x31e31a40, cardarea:table: 0x3153d658, scoring_name:Two Pair, scoring_hand:table: 0x320aaaa8, full_hand:table: 0x31b232b0 (more...)}
	 scoring_hand = table: 0x320aaaa8  {1:table: 0x31a8eee8, 2:table: 0x31e3dee0, 3:table: 0x31f07948, 4:table: 0x3168d630}
	 (for generator) = C function: builtin#6
	 (for state) = table: 0x31b232b0  {1:table: 0x31a8eee8, 2:table: 0x31e3dee0, 3:table: 0x31f07948, 4:table: 0x3168d630, 5:table: 0x31f082f8}
	 (for control) = number: 3
	 _ = number: 3
	 card = table: 0x31f07948  {zoom:true, click_offset:table: 0x316fceb0, tilt_var:table: 0x31c9d270, children:table: 0x31c9d360, rank:3, parent:table: 0x3153d658, params:table: 0x31f078e8 (more...)}
	 in_scoring = boolean: true
(10) Lua field 'evaluate_play' at file 'functions/state_events.lua:614'
	Local variables:
	 e = nil
	 text = string: "Two Pair"
	 disp_text = string: "Two Pair"
	 poker_hands = table: 0x31e31a40  {Flush House:table: 0x3215fb70, Full House:table: 0x31ced980, top:table: 0x324f0fe0, Flush:table: 0x32617348, Pair:table: 0x31801b10, Four of a Kind:table: 0x31d6f490 (more...)}
	 scoring_hand = table: 0x320aaaa8  {1:table: 0x31a8eee8, 2:table: 0x31e3dee0, 3:table: 0x31f07948, 4:table: 0x3168d630}
	 non_loc_disp_text = string: "Two Pair"
	 final_scoring_hand = table: 0x320aaaa8  {1:table: 0x31a8eee8, 2:table: 0x31e3dee0, 3:table: 0x31f07948, 4:table: 0x3168d630}
	 hand_text_set = boolean: false
	 modded = nil
	 (for generator) = C function: builtin#6
	 (for state) = table: 0x31f1e3d0  {1:table: 0x3153d658, 2:table: 0x31441da8}
	 (for control) = number: 1
	 _ = number: 1
	 v = table: 0x3153d658  {click_offset:table: 0x3154d350, static_rotation:false, shuffle_amt:0, T:table: 0x31864f38, offset:table: 0x3152b8d0, role:table: 0x31caa250, last_aligned:-1 (more...)}
(11) Lua field 'func' at file 'functions/state_events.lua:482'
(12) Lua method 'handle' at file 'engine/event.lua:99'
	Local variables:
	 self = table: 0x31dadbf8  {start_timer:true, timer:TOTAL, blockable:true, trigger:immediate, func:function: 0x324f8aa8, delay:0, complete:false, time:1003.2883757614, blocking:true (more...)}
	 _results = table: 0x31ec3660  {blocking:true, pause_skip:false, time_done:false, completed:false}
(13) Lua method 'update' at file 'engine/event.lua:182'
	Local variables:
	 self = table: 0x317b8218  {queue_last_processed:297.18333333339, queues:table: 0x317b8240, queue_dt:0.016666666666667, queue_timer:299.7939496667}
	 dt = number: 0.0167663
	 forced = nil
	 (for generator) = C function: next
	 (for state) = table: 0x317b8240  {unlock:table: 0x317b8b38, other:table: 0x317b8268, tutorial:table: 0x317b8b88, base:table: 0x317b8b60, achievement:table: 0x317b8bb0}
	 (for control) = number: nan
	 k = string: "base"
	 v = table: 0x317b8b60  {1:table: 0x3175ed18, 2:table: 0x3265a6a8, 3:table: 0x3231fe50, 4:table: 0x31dadbf8, 5:table: 0x32007cf8, 6:table: 0x32318c80, 7:table: 0x31bd4390 (more...)}
	 blocked = boolean: false
	 i = number: 4
	 results = table: 0x31ec3660  {blocking:true, pause_skip:false, time_done:false, completed:false}
(14) Lua upvalue 'gameUpdateRef' at file 'game.lua:2552'
	Local variables:
	 self = table: 0x3150b590  {F_GUIDE:false, F_CRASH_REPORTS:false, F_QUIT_BUTTON:true, HUD_tags:table: 0x31fde4d0, F_ENGLISH_ONLY:false, viewed_stake:1, HUD:table: 0x31cf0a78 (more...)}
	 dt = number: 0.0167663
	 http_resp = nil
(15) Lua method 'update' at Steamodded file 'src/ui.lua:84' 
	Local variables:
	 self = table: 0x3150b590  {F_GUIDE:false, F_CRASH_REPORTS:false, F_QUIT_BUTTON:true, HUD_tags:table: 0x31fde4d0, F_ENGLISH_ONLY:false, viewed_stake:1, HUD:table: 0x31cf0a78 (more...)}
	 dt = number: 0.0167663
(16) Lua field 'update' at file 'main.lua:999'
	Local variables:
	 dt = number: 0.0167663
(17) Lua function '?' at file 'main.lua:938' (best guess)
(18) global C function 'xpcall'
(19) LÖVE function at file 'boot.lua:377' (best guess)
	Local variables:
	 func = Lua function '?' (defined at line 909 of chunk main.lua)
	 inerror = boolean: true
	 deferErrhand = Lua function '(LÖVE Function)' (defined at line 348 of chunk [love "boot.lua"])
	 earlyinit = Lua function '(LÖVE Function)' (defined at line 355 of chunk [love "boot.lua"])
 
INFO - [G] file not found: functions/misc_functions.lua: No such file or directory
INFO - [G] file not found: main.lua: No such file or directory
INFO - [G] file not found: main.lua: No such file or directory
INFO - [G] 2025-10-07 11:04:33 :: INFO  :: StackTrace :: Additional Context:
Balatro Version: 1.0.1o-FULL
Modded Version: 1.0.0~BETA-0711a-STEAMODDED
LÖVE Version: 11.5.0
Lovely Version: 0.8.0
Platform: Windows
Steamodded Mods:
    1: Super Auto Jokers by Equi [ID: SuperAutoJokers, Version: 1.0.0]
    2: DebugPlus by WilsontheWolf [ID: DebugPlus, Version: 1.5.1, Uses Lovely]
Lovely Mods: 
