INFO - [♥] Lovely 0.8.0
INFO - [♥] Game directory is at "C:\\Program Files (x86)\\Steam\\steamapps\\common\\Balatro"
INFO - [♥] Writing logs to "C:\\Users\\PC\\AppData\\Roaming\\Balatro\\Mods\\lovely\\log"
INFO - [♥] Using mod directory at "C:\\Users\\PC\\AppData\\Roaming\\Balatro\\Mods"
INFO - [♥] Cleaning up dumps directory at "C:\\Users\\PC\\AppData\\Roaming\\Balatro\\Mods\\lovely\\dump"
INFO - [♥] Initialization complete in 56ms
INFO - [♥] Applied 1 patch to 'conf.lua'
INFO - [♥] Applied 11 patches to 'main.lua'
INFO - [♥] Applied 10 patches to 'engine/controller.lua'
INFO - [♥] Applied 15 patches to 'back.lua'
INFO - [♥] Applied 7 patches to 'tag.lua'
INFO - [♥] Applied 2 patches to 'engine/moveable.lua'
INFO - [♥] Applied 2 patches to 'engine/sprite.lua'
INFO - [♥] Applied 2 patches to 'engine/animatedsprite.lua'
INFO - [♥] Applied 67 patches to 'functions/misc_functions.lua'
INFO - [♥] Applied 40 patches to 'game.lua'
INFO - [♥] Applied 1 patch to 'globals.lua'
INFO - [♥] Applied 5 patches to 'engine/ui.lua'
INFO - [♥] Applied 95 patches to 'functions/UI_definitions.lua'
INFO - [♥] Applied 49 patches to 'functions/state_events.lua'
INFO - [♥] Applied 117 patches to 'functions/common_events.lua'
INFO - [♥] Applied 51 patches to 'functions/button_callbacks.lua'
INFO - [♥] Applied 186 patches to 'card.lua'
INFO - [♥] Applied 10 patches to 'cardarea.lua'
INFO - [♥] Applied 37 patches to 'blind.lua'
INFO - [♥] Applied 2 patches to 'engine/text.lua'
INFO - [G] Failed to connect to the debug server 
INFO - [G] 2025-09-24 18:32:45 :: DEBUG :: DebugConsole :: Steamodded Debug Socket started ! 
INFO - [G] 2025-09-24 18:32:45 :: INFO  :: SMODS :: Steamodded v1.0.0~BETA-0711a 
INFO - [♥] Applied 9 patches to 'engine/sound_manager.lua'
INFO - [♥] Applied 1 patch to 'engine/save_manager.lua'
INFO - [G] 2025-09-24 18:32:54 :: INFO  :: Loader :: Valid JSON file found 
INFO - [G] 2025-09-24 18:32:54 :: INFO  :: Loader :: Valid JSON file found 
INFO - [G] 2025-09-24 18:32:54 :: WARN  :: Joker :: Cannot take ownership of j_mail-in_rebate: Does not exist. 
INFO - [G] 2025-09-24 18:32:54 :: INFO  :: TIMER :: [0000] Injected Fonts in 0.002 ms 
INFO - [G] 2025-09-24 18:32:54 :: INFO  :: TIMER :: [0000] Injected Language in 0.002 ms 
INFO - [G] 2025-09-24 18:32:54 :: INFO  :: TIMER :: [0000] Injected [INTERNAL] in 6.819 ms 
INFO - [G] 2025-09-24 18:32:55 :: INFO  :: TIMER :: [0003] Injected Atlas in 818.854 ms 
INFO - [G] 2025-09-24 18:32:55 :: INFO  :: TIMER :: [0001] Injected Sound in 0.914 ms 
INFO - [G] 2025-09-24 18:32:55 :: INFO  :: TIMER :: [0008] Injected Stake in 0.428 ms 
INFO - [G] 2025-09-24 18:32:55 :: INFO  :: TIMER :: [0004] Injected Rarity in 0.032 ms 
INFO - [G] 2025-09-24 18:32:55 :: INFO  :: TIMER :: [0004] Injected ObjectType in 0.964 ms 
INFO - [G] 2025-09-24 18:32:55 :: INFO  :: TIMER :: [0070] Injected Center in 5.782 ms 
INFO - [G] 2025-09-24 18:32:55 :: INFO  :: TIMER :: [0007] Injected Undiscovered Sprite in 0.834 ms 
INFO - [G] 2025-09-24 18:32:55 :: INFO  :: TIMER :: [0002] Injected Blind in 0.026 ms 
INFO - [G] 2025-09-24 18:32:55 :: INFO  :: TIMER :: [0004] Injected Seal in 6.182 ms 
INFO - [G] 2025-09-24 18:32:55 :: INFO  :: TIMER :: [0004] Injected Suit in 0.331 ms 
INFO - [G] 2025-09-24 18:32:55 :: INFO  :: TIMER :: [0013] Injected Rank in 0.203 ms 
INFO - [G] 2025-09-24 18:32:55 :: INFO  :: TIMER :: [0028] Injected DeckSkin in 0.514 ms 
INFO - [G] 2025-09-24 18:32:55 :: INFO  :: TIMER :: [0012] Injected PokerHand in 0.320 ms 
INFO - [G] 2025-09-24 18:32:55 :: INFO  :: TIMER :: [0020] Injected Challenge in 0.203 ms 
INFO - [G] 2025-09-24 18:32:55 :: INFO  :: TIMER :: [0000] Injected Tag in 0.003 ms 
INFO - [G] 2025-09-24 18:32:55 :: INFO  :: TIMER :: [0004] Injected Sticker in 0.785 ms 
INFO - [G] 2025-09-24 18:32:55 :: INFO  :: TIMER :: [0000] Injected Shader in 0.002 ms 
INFO - [G] 2025-09-24 18:32:55 :: INFO  :: TIMER :: [0002] Injected Keybind in 0.025 ms 
INFO - [G] 2025-09-24 18:32:55 :: INFO  :: TIMER :: [0000] Injected Achievement in 0.557 ms 
INFO - [G] 2025-09-24 18:32:55 :: INFO  :: TIMER :: [0002] Injected nil in 0.027 ms 
INFO - [G] 2025-09-24 18:32:55 :: INFO  :: TIMER :: [0021] Injected Draw Step in 0.606 ms 
INFO - [G] 2025-09-24 18:32:55 :: INFO  :: TIMER :: [0000] Injected [INTERNAL] in 1.171 ms 
INFO - [G] [DebugPlus] Press [/] to toggle console and press [shift] + [/] to toggle new log previews 
INFO - [G] line not found
INFO - [G] file not found: main.lua: No such file or directory
INFO - [G] file not found: main.lua: No such file or directory
INFO - [G] 2025-09-24 18:33:15 :: ERROR :: StackTrace :: Oops! The game crashed
[SMODS SuperAutoJokers "superautojokers_main.lua"]:449: attempt to perform arithmetic on field 'cards' (a table value)
Stack Traceback
===============
(1) Lua upvalue 'orig' at file 'main.lua:612'
	Local variables:
	 msg = string: "[SMODS SuperAutoJokers \"superautojokers_main.lua\"]:449: attempt to perform arithmetic on field 'cards' (a table value)"
	 (*temporary) = Lua function '?' (defined at line 31 of chunk [SMODS _ "src/logging.lua"])
	 (*temporary) = string: "Oops! The game crashed\
"
(2) Lua local 'handler' at file 'debugplus/console.lua:606' (from lovely module debugplus.console)
	Local variables:
	 msg = string: "[SMODS SuperAutoJokers \"superautojokers_main.lua\"]:449: attempt to perform arithmetic on field 'cards' (a table value)"
(3) LÖVE metamethod at file 'boot.lua:352'
	Local variables:
	 errhand = Lua function '(LÖVE Function)' (defined at line 605 of chunk [lovely debugplus.console "debugplus/console.lua"])
	 handler = Lua function '(LÖVE Function)' (defined at line 605 of chunk [lovely debugplus.console "debugplus/console.lua"])
(4) Lua method 'calculate' at file 'superautojokers_main.lua:449' (from mod with id SuperAutoJokers)
	Local variables:
	 self = table: 0x0eb7fe08  {alerted:true, atlas:Joker, registered:true, _saved_d_u:true, original_key:8_ball, _discovered_unlocked_overwritten:true, calculate:function: 0x0eda9680 (more...)}
	 card = table: 0x0e8df148  {click_offset:table: 0x0e6306c8, under_overlay:false, children:table: 0x0e6e7ab0, ambient_tilt:0.2, parent:table: 0x0ed52c98, pinch:table: 0x0e834430 (more...)}
	 context = table: 0x0e9d84d8  {other_card:table: 0x0e5e6c80, poker_hands:table: 0x0ebc5d90, individual:true, scoring_name:Straight, scoring_hand:table: 0x0f233d40, full_hand:table: 0x0e5e6be0 (more...)}
	 (*temporary) = table: 0x0ef78b70  {}
	 (*temporary) = number: 0
	 (*temporary) = table: 0x0edbf1c0  {}
	 (*temporary) = nil
	 (*temporary) = string: "nil"
	 (*temporary) = string: "attempt to perform arithmetic on field 'cards' (a table value)"
(5) Lua method 'calculate_joker' at file 'card.lua:2555'
	Local variables:
	 self = table: 0x0e8df148  {click_offset:table: 0x0e6306c8, under_overlay:false, children:table: 0x0e6e7ab0, ambient_tilt:0.2, parent:table: 0x0ed52c98, pinch:table: 0x0e834430 (more...)}
	 context = table: 0x0e9d84d8  {other_card:table: 0x0e5e6c80, poker_hands:table: 0x0ebc5d90, individual:true, scoring_name:Straight, scoring_hand:table: 0x0f233d40, full_hand:table: 0x0e5e6be0 (more...)}
	 obj = table: 0x0eb7fe08  {alerted:true, atlas:Joker, registered:true, _saved_d_u:true, original_key:8_ball, _discovered_unlocked_overwritten:true, calculate:function: 0x0eda9680 (more...)}
(6) Lua global 'eval_card' at file 'functions/common_events.lua:722'
	Local variables:
	 card = table: 0x0e8df148  {click_offset:table: 0x0e6306c8, under_overlay:false, children:table: 0x0e6e7ab0, ambient_tilt:0.2, parent:table: 0x0ed52c98, pinch:table: 0x0e834430 (more...)}
	 context = table: 0x0e9d84d8  {other_card:table: 0x0e5e6c80, poker_hands:table: 0x0ebc5d90, individual:true, scoring_name:Straight, scoring_hand:table: 0x0f233d40, full_hand:table: 0x0e5e6be0 (more...)}
	 ret = table: 0x0ee922d0  {}
	 post_trig = table: 0x0ee92360  {}
	 areas = table: 0x0eb491a0  {1:table: 0x0ed52c98, 2:table: 0x0ed59b70, 3:table: 0x0eb3cc30}
	 area_set = table: 0x0ee92388  {table: 0x0eb3cc30:true, table: 0x0ed59b70:true, table: 0x0ed52c98:true}
(7) Lua field 'calculate_card_areas' at Steamodded file 'src/utils.lua:1720' 
	Local variables:
	 _type = string: "jokers"
	 context = table: 0x0e9d84d8  {other_card:table: 0x0e5e6c80, poker_hands:table: 0x0ebc5d90, individual:true, scoring_name:Straight, scoring_hand:table: 0x0f233d40, full_hand:table: 0x0e5e6be0 (more...)}
	 return_table = table: 0x0eb43dd0  {1:table: 0x0eb43d48, 2:table: 0x0ee5f430, 3:table: 0x0f360ad8}
	 args = table: 0x0f336e00  {main_scoring:true}
	 flags = table: 0x0f360ab0  {}
	 (for generator) = C function: builtin#6
	 (for state) = table: 0x0f336ec0  {1:table: 0x0ed52c98, 2:table: 0x0ed59b70, 3:table: 0x0eb3cc30}
	 (for control) = number: 1
	 _ = number: 1
	 area = table: 0x0ed52c98  {click_offset:table: 0x0e767d58, static_rotation:false, shuffle_amt:0, T:table: 0x0ebbf4c0, offset:table: 0x0eb140a0, role:table: 0x0ef91518, last_aligned:-1 (more...)}
	 (for generator) = C function: builtin#6
	 (for state) = table: 0x0ef0ebd0  {1:table: 0x0e7d5330, 2:table: 0x0e8df148}
	 (for control) = number: 2
	 _ = number: 2
	 _card = table: 0x0e8df148  {click_offset:table: 0x0e6306c8, under_overlay:false, children:table: 0x0e6e7ab0, ambient_tilt:0.2, parent:table: 0x0ed52c98, pinch:table: 0x0e834430 (more...)}
(8) Lua field 'score_card' at Steamodded file 'src/utils.lua:1880' 
	Local variables:
	 card = table: 0x0e5e6c80  {click_offset:table: 0x0e5e7050, children:table: 0x0f220f90, ambient_tilt:0.2, parent:table: 0x0ec49bd0, highlighted:false, T:table: 0x0e5e6e98 (more...)}
	 context = table: 0x0e9d84d8  {other_card:table: 0x0e5e6c80, poker_hands:table: 0x0ebc5d90, individual:true, scoring_name:Straight, scoring_hand:table: 0x0f233d40, full_hand:table: 0x0e5e6be0 (more...)}
	 reps = table: 0x0eb43d10  {1:1}
	 j = number: 1
	 effects = table: 0x0eb43dd0  {1:table: 0x0eb43d48, 2:table: 0x0ee5f430, 3:table: 0x0f360ad8}
(9) Lua field 'calculate_main_scoring' at Steamodded file 'src/utils.lua:1924' 
	Local variables:
	 context = table: 0x0e9d84d8  {other_card:table: 0x0e5e6c80, poker_hands:table: 0x0ebc5d90, individual:true, scoring_name:Straight, scoring_hand:table: 0x0f233d40, full_hand:table: 0x0e5e6be0 (more...)}
	 scoring_hand = table: 0x0f233d40  {1:table: 0x0e5e6c80, 2:table: 0x0ee46888, 3:table: 0x0eefb600, 4:table: 0x0eb9a108, 5:table: 0x0eb60f38}
	 (for generator) = C function: builtin#6
	 (for state) = table: 0x0e5e6be0  {1:table: 0x0e5e6c80, 2:table: 0x0ee46888, 3:table: 0x0eefb600, 4:table: 0x0eb9a108, 5:table: 0x0eb60f38}
	 (for control) = number: 1
	 _ = number: 1
	 card = table: 0x0e5e6c80  {click_offset:table: 0x0e5e7050, children:table: 0x0f220f90, ambient_tilt:0.2, parent:table: 0x0ec49bd0, highlighted:false, T:table: 0x0e5e6e98 (more...)}
	 in_scoring = boolean: true
(10) Lua field 'evaluate_play' at file 'functions/state_events.lua:614'
	Local variables:
	 e = nil
	 text = string: "Straight"
	 disp_text = string: "Straight"
	 poker_hands = table: 0x0ebc5d90  {Flush House:table: 0x0e974d10, Full House:table: 0x0e61fc70, top:table: 0x0e75d0f8, Flush:table: 0x0e823378, Pair:table: 0x0ef4f488, Four of a Kind:table: 0x0ef94868 (more...)}
	 scoring_hand = table: 0x0f233d40  {1:table: 0x0e5e6c80, 2:table: 0x0ee46888, 3:table: 0x0eefb600, 4:table: 0x0eb9a108, 5:table: 0x0eb60f38}
	 non_loc_disp_text = string: "Straight"
	 final_scoring_hand = table: 0x0f233d40  {1:table: 0x0e5e6c80, 2:table: 0x0ee46888, 3:table: 0x0eefb600, 4:table: 0x0eb9a108, 5:table: 0x0eb60f38}
	 hand_text_set = boolean: false
	 modded = nil
	 (for generator) = C function: builtin#6
	 (for state) = table: 0x0ece7520  {1:table: 0x0ec49bd0, 2:table: 0x0ef17690}
	 (for control) = number: 1
	 _ = number: 1
	 v = table: 0x0ec49bd0  {click_offset:table: 0x0ef6b590, static_rotation:false, shuffle_amt:0, T:table: 0x0ed9a278, offset:table: 0x0ee14b48, role:table: 0x0edd3888, last_aligned:-1 (more...)}
(11) Lua field 'func' at file 'functions/state_events.lua:482'
(12) Lua method 'handle' at file 'engine/event.lua:99'
	Local variables:
	 self = table: 0x0e8e4868  {start_timer:true, timer:TOTAL, blockable:true, trigger:immediate, func:function: 0x0e99a258, delay:0, complete:false, time:26.730297942777, blocking:true (more...)}
	 _results = table: 0x0ef40018  {blocking:true, pause_skip:false, time_done:false, completed:false}
(13) Lua method 'update' at file 'engine/event.lua:182'
	Local variables:
	 self = table: 0x0ec09750  {queue_last_processed:18.566666666667, queues:table: 0x0ec09778, queue_dt:0.016666666666667, queue_timer:19.677075062413}
	 dt = number: 0.0164311
	 forced = nil
	 (for generator) = C function: next
	 (for state) = table: 0x0ec09778  {unlock:table: 0x0ec09868, other:table: 0x0ec09908, tutorial:table: 0x0ec098b8, base:table: 0x0ec09890, achievement:table: 0x0ec098e0}
	 (for control) = number: nan
	 k = string: "base"
	 v = table: 0x0ec09890  {1:table: 0x0ef0eba8, 2:table: 0x0e8e4868, 3:table: 0x0ebb2938, 4:table: 0x0e989ea8, 5:table: 0x0e4e2588, 6:table: 0x0e8ac378, 7:table: 0x0e8c8928 (more...)}
	 blocked = boolean: false
	 i = number: 2
	 results = table: 0x0ef40018  {blocking:true, pause_skip:false, time_done:false, completed:false}
(14) Lua upvalue 'gameUpdateRef' at file 'game.lua:2552'
	Local variables:
	 self = table: 0x0e62b040  {F_GUIDE:false, F_CRASH_REPORTS:false, F_QUIT_BUTTON:true, HUD_tags:table: 0x0ed26c98, F_ENGLISH_ONLY:false, viewed_stake:1, HUD:table: 0x0f36c5f0 (more...)}
	 dt = number: 0.0164311
	 http_resp = nil
(15) Lua method 'update' at Steamodded file 'src/ui.lua:84' 
	Local variables:
	 self = table: 0x0e62b040  {F_GUIDE:false, F_CRASH_REPORTS:false, F_QUIT_BUTTON:true, HUD_tags:table: 0x0ed26c98, F_ENGLISH_ONLY:false, viewed_stake:1, HUD:table: 0x0f36c5f0 (more...)}
	 dt = number: 0.0164311
(16) Lua field 'update' at file 'main.lua:999'
	Local variables:
	 dt = number: 0.0164311
(17) Lua function '?' at file 'main.lua:938' (best guess)
(18) global C function 'xpcall'
(19) LÖVE function at file 'boot.lua:377' (best guess)
	Local variables:
	 func = Lua function '?' (defined at line 909 of chunk main.lua)
	 inerror = boolean: true
	 deferErrhand = Lua function '(LÖVE Function)' (defined at line 348 of chunk [love "boot.lua"])
	 earlyinit = Lua function '(LÖVE Function)' (defined at line 355 of chunk [love "boot.lua"])
 
INFO - [G] file not found: main.lua: No such file or directory
INFO - [G] file not found: main.lua: No such file or directory
INFO - [G] 2025-09-24 18:33:15 :: INFO  :: StackTrace :: Additional Context:
Balatro Version: 1.0.1o-FULL
Modded Version: 1.0.0~BETA-0711a-STEAMODDED
LÖVE Version: 11.5.0
Lovely Version: 0.8.0
Platform: Windows
Steamodded Mods:
    1: Super Auto Jokers by Equi [ID: SuperAutoJokers, Version: 1.0.0]
    2: DebugPlus by WilsontheWolf [ID: DebugPlus, Version: 1.5.1, Uses Lovely]
Lovely Mods: 
