INFO - [♥] Lovely 0.8.0
INFO - [♥] Game directory is at "C:\\Program Files (x86)\\Steam\\steamapps\\common\\Balatro"
INFO - [♥] Writing logs to "C:\\Users\\PC\\AppData\\Roaming\\Balatro\\Mods\\lovely\\log"
INFO - [♥] Using mod directory at "C:\\Users\\PC\\AppData\\Roaming\\Balatro\\Mods"
INFO - [♥] Cleaning up dumps directory at "C:\\Users\\PC\\AppData\\Roaming\\Balatro\\Mods\\lovely\\dump"
INFO - [♥] Initialization complete in 71ms
INFO - [♥] Applied 1 patch to 'conf.lua'
INFO - [♥] Applied 11 patches to 'main.lua'
INFO - [♥] Applied 10 patches to 'engine/controller.lua'
INFO - [♥] Applied 15 patches to 'back.lua'
INFO - [♥] Applied 7 patches to 'tag.lua'
INFO - [♥] Applied 2 patches to 'engine/moveable.lua'
INFO - [♥] Applied 2 patches to 'engine/sprite.lua'
INFO - [♥] Applied 2 patches to 'engine/animatedsprite.lua'
INFO - [♥] Applied 67 patches to 'functions/misc_functions.lua'
INFO - [♥] Applied 40 patches to 'game.lua'
INFO - [♥] Applied 1 patch to 'globals.lua'
INFO - [♥] Applied 5 patches to 'engine/ui.lua'
INFO - [♥] Applied 95 patches to 'functions/UI_definitions.lua'
INFO - [♥] Applied 49 patches to 'functions/state_events.lua'
INFO - [♥] Applied 117 patches to 'functions/common_events.lua'
INFO - [♥] Applied 51 patches to 'functions/button_callbacks.lua'
INFO - [♥] Applied 186 patches to 'card.lua'
INFO - [♥] Applied 10 patches to 'cardarea.lua'
INFO - [♥] Applied 37 patches to 'blind.lua'
INFO - [♥] Applied 2 patches to 'engine/text.lua'
INFO - [G] Failed to connect to the debug server 
INFO - [G] 2025-10-07 16:14:35 :: DEBUG :: DebugConsole :: Steamodded Debug Socket started ! 
INFO - [G] 2025-10-07 16:14:35 :: INFO  :: SMODS :: Steamodded v1.0.0~BETA-0711a 
INFO - [♥] Applied 9 patches to 'engine/sound_manager.lua'
INFO - [♥] Applied 1 patch to 'engine/save_manager.lua'
INFO - [G] 2025-10-07 16:14:38 :: INFO  :: Loader :: Valid JSON file found 
INFO - [G] 2025-10-07 16:14:38 :: INFO  :: Loader :: Valid JSON file found 
INFO - [G] 2025-10-07 16:14:38 :: INFO  :: TIMER :: [0000] Injected Fonts in 0.002 ms 
INFO - [G] 2025-10-07 16:14:38 :: INFO  :: TIMER :: [0000] Injected Language in 0.002 ms 
INFO - [G] 2025-10-07 16:14:38 :: INFO  :: TIMER :: [0000] Injected [INTERNAL] in 2.573 ms 
INFO - [G] 2025-10-07 16:14:39 :: INFO  :: TIMER :: [0004] Injected Atlas in 457.084 ms 
INFO - [G] 2025-10-07 16:14:39 :: INFO  :: TIMER :: [0001] Injected Sound in 1.303 ms 
INFO - [G] 2025-10-07 16:14:39 :: INFO  :: TIMER :: [0008] Injected Stake in 0.407 ms 
INFO - [G] 2025-10-07 16:14:39 :: INFO  :: TIMER :: [0005] Injected Rarity in 0.041 ms 
INFO - [G] 2025-10-07 16:14:39 :: INFO  :: TIMER :: [0005] Injected ObjectType in 0.080 ms 
INFO - [G] 2025-10-07 16:14:39 :: INFO  :: TIMER :: [0103] Injected Center in 1.514 ms 
INFO - [G] 2025-10-07 16:14:39 :: INFO  :: TIMER :: [0007] Injected Undiscovered Sprite in 0.030 ms 
INFO - [G] 2025-10-07 16:14:39 :: INFO  :: TIMER :: [0002] Injected Blind in 0.025 ms 
INFO - [G] 2025-10-07 16:14:39 :: INFO  :: TIMER :: [0004] Injected Seal in 0.189 ms 
INFO - [G] 2025-10-07 16:14:39 :: INFO  :: TIMER :: [0004] Injected Suit in 0.093 ms 
INFO - [G] 2025-10-07 16:14:39 :: INFO  :: TIMER :: [0013] Injected Rank in 0.432 ms 
INFO - [G] 2025-10-07 16:14:39 :: INFO  :: TIMER :: [0028] Injected DeckSkin in 0.477 ms 
INFO - [G] 2025-10-07 16:14:39 :: INFO  :: TIMER :: [0012] Injected PokerHand in 0.212 ms 
INFO - [G] 2025-10-07 16:14:39 :: INFO  :: TIMER :: [0020] Injected Challenge in 0.120 ms 
INFO - [G] 2025-10-07 16:14:39 :: INFO  :: TIMER :: [0000] Injected Tag in 0.002 ms 
INFO - [G] 2025-10-07 16:14:39 :: INFO  :: TIMER :: [0004] Injected Sticker in 0.423 ms 
INFO - [G] 2025-10-07 16:14:39 :: INFO  :: TIMER :: [0000] Injected Shader in 0.002 ms 
INFO - [G] 2025-10-07 16:14:39 :: INFO  :: TIMER :: [0002] Injected Keybind in 0.020 ms 
INFO - [G] 2025-10-07 16:14:39 :: INFO  :: TIMER :: [0000] Injected Achievement in 0.082 ms 
INFO - [G] 2025-10-07 16:14:39 :: INFO  :: TIMER :: [0002] Injected nil in 0.025 ms 
INFO - [G] 2025-10-07 16:14:39 :: INFO  :: TIMER :: [0021] Injected Draw Step in 0.218 ms 
INFO - [G] 2025-10-07 16:14:39 :: INFO  :: TIMER :: [0000] Injected [INTERNAL] in 1.151 ms 
INFO - [G] [DebugPlus] Press [/] to toggle console and press [shift] + [/] to toggle new log previews 
INFO - [G] line not found
INFO - [G] file not found: main.lua: No such file or directory
INFO - [G] file not found: main.lua: No such file or directory
INFO - [G] 2025-10-07 16:14:52 :: ERROR :: StackTrace :: Oops! The game crashed
functions/misc_functions.lua:2001: attempt to index field 'colours' (a nil value)
Stack Traceback
===============
(1) Lua upvalue 'orig' at file 'main.lua:612'
	Local variables:
	 msg = string: "functions/misc_functions.lua:2001: attempt to index field 'colours' (a nil value)"
	 (*temporary) = Lua function '?' (defined at line 31 of chunk [SMODS _ "src/logging.lua"])
	 (*temporary) = string: "Oops! The game crashed\
"
(2) Lua local 'handler' at file 'debugplus/console.lua:606' (from lovely module debugplus.console)
	Local variables:
	 msg = string: "functions/misc_functions.lua:2001: attempt to index field 'colours' (a nil value)"
(3) LÖVE metamethod at file 'boot.lua:352'
	Local variables:
	 errhand = Lua function '(LÖVE Function)' (defined at line 605 of chunk [lovely debugplus.console "debugplus/console.lua"])
	 handler = Lua function '(LÖVE Function)' (defined at line 605 of chunk [lovely debugplus.console "debugplus/console.lua"])
(4) Lua global 'localize' at file 'functions/misc_functions.lua:2001'
	Local variables:
	 args = table: 0x31855758  {vars:Ace, set:Joker, type:descriptions, nodes:table: 0x31855798, key:j_sapjokers_leopardjoker, AUT:table: 0x31855708}
	 misc_cat = nil
	 loc_target = table: 0x31b0cd78  {name_parsed:table: 0x31c1e398, text_parsed:table: 0x31c1d290, name:Leopard, text:table: 0x31b0cdd8}
	 ret_string = nil
	 (for generator) = C function: builtin#6
	 (for state) = table: 0x31c1d290  {1:table: 0x31c1d320, 2:table: 0x31c1d810, 3:table: 0x31c1dce8, 4:table: 0x31c1e118}
	 (for control) = number: 2
	 _ = number: 2
	 lines = table: 0x31c1d810  {1:table: 0x31c1d970, 2:table: 0x31c1da60, 3:table: 0x31c1dba8, 4:table: 0x31c1dc88}
	 final_line = table: 0x3181a778  {1:table: 0x3181a7a0, 2:table: 0x316399e8}
	 final_name_assembled_string = string: ""
	 (for generator) = C function: builtin#6
	 (for state) = table: 0x31c1d810  {1:table: 0x31c1d970, 2:table: 0x31c1da60, 3:table: 0x31c1dba8, 4:table: 0x31c1dc88}
	 (for control) = number: 3
	 _ = number: 3
	 part = table: 0x31c1dba8  {strings:table: 0x31c1dac0, control:table: 0x31c1dae8}
	 assembled_string = string: "nil"
	 desc_scale = number: 1
	 (*temporary) = number: 3
	 (*temporary) = table: 0x31639b38  {n:1}
	 (*temporary) = table: 0x31639b98  {text:nil}
	 (*temporary) = nil
	 (*temporary) = number: 1
	 (*temporary) = number: 1
	 (*temporary) = nil
	 (*temporary) = C function: tostring
	 (*temporary) = nil
	 (*temporary) = nil
	 (*temporary) = nil
	 (*temporary) = number: 4
	 (*temporary) = string: "spades"
	 (*temporary) = table: 0x31484110  {1:0.30980392156863, 2:0.1921568627451, 3:0.72549019607843, 4:1}
	 (*temporary) = string: "attempt to index field 'colours' (a nil value)"
(5) Lua method 'generate_ui' at Steamodded file 'src/game_object.lua:1146' 
	Local variables:
	 self = table: 0x31b0cb40  {alerted:true, loc_vars:function: 0x31b0ce28, _saved_d_u:true, original_key:leopardjoker, loc_txt:table: 0x31b0cd78, registered:true, rarity:3 (more...)}
	 info_queue = table: 0x31855810  {}
	 card = table: 0x31b4ee70  {click_offset:table: 0x31b4f9b0, children:table: 0x31a4a128, ambient_tilt:0.2, parent:table: 0x31422b20, T:table: 0x31b4f410, offset:table: 0x31699a38 (more...)}
	 desc_nodes = table: 0x31855798  {1:table: 0x3181a600}
	 specific_vars = nil
	 full_UI_table = table: 0x31855708  {badges:table: 0x318556e0, info:table: 0x318557c0, type:table: 0x318557e8, main:table: 0x31855798, card_type:Joker, name:table: 0x318576b8, box_colours:table: 0x3181a5d8 (more...)}
	 target = table: 0x31855758  {vars:Ace, set:Joker, type:descriptions, nodes:table: 0x31855798, key:j_sapjokers_leopardjoker, AUT:table: 0x31855708}
	 res = table: 0x3159e578  {1:Spades, vars:Ace, colours:table: 0x3159e5e8}
(6) Lua method 'generate_UIBox_ability_table' at file 'functions/common_events.lua:2792'
	Local variables:
	 _c = table: 0x31b0cb40  {alerted:true, loc_vars:function: 0x31b0ce28, _saved_d_u:true, original_key:leopardjoker, loc_txt:table: 0x31b0cd78, registered:true, rarity:3 (more...)}
	 full_UI_table = table: 0x31855708  {badges:table: 0x318556e0, info:table: 0x318557c0, type:table: 0x318557e8, main:table: 0x31855798, card_type:Joker, name:table: 0x318576b8, box_colours:table: 0x3181a5d8 (more...)}
	 specific_vars = nil
	 card_type = string: "Joker"
	 badges = table: 0x318556e0  {card_type:Joker}
	 hide_desc = nil
	 main_start = nil
	 main_end = nil
	 card = table: 0x31b4ee70  {click_offset:table: 0x31b4f9b0, children:table: 0x31a4a128, ambient_tilt:0.2, parent:table: 0x31422b20, T:table: 0x31b4f410, offset:table: 0x31699a38 (more...)}
	 first_pass = boolean: true
	 desc_nodes = table: 0x31855798  {1:table: 0x3181a600}
	 name_override = nil
	 info_queue = table: 0x31855810  {}
	 loc_vars = table: 0x31855730  {}
	 cfg = table: 0x314f7f80  {bonus:0, x_mult:1, hands_played_at_create:0, x_chips:1, perma_h_mult:0, mult:0, h_size:0, perma_x_mult:0, perma_h_dollars:0, h_x_chips:1, d_size:0 (more...)}
(7) Lua method 'hover' at file 'card.lua:4598'
	Local variables:
	 self = table: 0x31b4ee70  {click_offset:table: 0x31b4f9b0, children:table: 0x31a4a128, ambient_tilt:0.2, parent:table: 0x31422b20, T:table: 0x31b4f410, offset:table: 0x31699a38 (more...)}
(8) Lua method 'update' at file 'engine/controller.lua:399'
	Local variables:
	 self = table: 0x31a25bb8  {held_button_times:table: 0x31a26488, focus_cursor_stack_level:1, snap_cursor_to:table: 0x31492138, interrupt:table: 0x31a264d8, GAMEPAD:table: 0x31a26d08 (more...)}
	 dt = number: 0.0167255
(9) Lua upvalue 'gameUpdateRef' at file 'game.lua:2689'
	Local variables:
	 self = table: 0x3147b620  {F_GUIDE:false, F_CRASH_REPORTS:false, F_QUIT_BUTTON:true, collection_alert:table: 0x3165bd08, F_ENGLISH_ONLY:false, sort_id:55, F_DISCORD:true (more...)}
	 dt = number: 0
(10) Lua method 'update' at Steamodded file 'src/ui.lua:84' 
	Local variables:
	 self = table: 0x3147b620  {F_GUIDE:false, F_CRASH_REPORTS:false, F_QUIT_BUTTON:true, collection_alert:table: 0x3165bd08, F_ENGLISH_ONLY:false, sort_id:55, F_DISCORD:true (more...)}
	 dt = number: 0.0167255
(11) Lua field 'update' at file 'main.lua:999'
	Local variables:
	 dt = number: 0.0167255
(12) Lua function '?' at file 'main.lua:938' (best guess)
(13) global C function 'xpcall'
(14) LÖVE function at file 'boot.lua:377' (best guess)
	Local variables:
	 func = Lua function '?' (defined at line 909 of chunk main.lua)
	 inerror = boolean: true
	 deferErrhand = Lua function '(LÖVE Function)' (defined at line 348 of chunk [love "boot.lua"])
	 earlyinit = Lua function '(LÖVE Function)' (defined at line 355 of chunk [love "boot.lua"])
 
INFO - [G] file not found: main.lua: No such file or directory
INFO - [G] file not found: main.lua: No such file or directory
INFO - [G] 2025-10-07 16:14:52 :: INFO  :: StackTrace :: Additional Context:
Balatro Version: 1.0.1o-FULL
Modded Version: 1.0.0~BETA-0711a-STEAMODDED
LÖVE Version: 11.5.0
Lovely Version: 0.8.0
Platform: Windows
Steamodded Mods:
    1: Super Auto Jokers by Equi [ID: SuperAutoJokers, Version: 1.0.0]
    2: DebugPlus by WilsontheWolf [ID: DebugPlus, Version: 1.5.1, Uses Lovely]
Lovely Mods: 
