INFO - [♥] Lovely 0.8.0
INFO - [♥] Game directory is at "C:\\Program Files (x86)\\Steam\\steamapps\\common\\Balatro"
INFO - [♥] Writing logs to "C:\\Users\\PC\\AppData\\Roaming\\Balatro\\Mods\\lovely\\log"
INFO - [♥] Using mod directory at "C:\\Users\\PC\\AppData\\Roaming\\Balatro\\Mods"
INFO - [♥] Cleaning up dumps directory at "C:\\Users\\PC\\AppData\\Roaming\\Balatro\\Mods\\lovely\\dump"
INFO - [♥] Initialization complete in 493ms
INFO - [♥] Applied 1 patch to 'conf.lua'
INFO - [♥] Applied 11 patches to 'main.lua'
INFO - [♥] Applied 10 patches to 'engine/controller.lua'
INFO - [♥] Applied 15 patches to 'back.lua'
INFO - [♥] Applied 7 patches to 'tag.lua'
INFO - [♥] Applied 2 patches to 'engine/moveable.lua'
INFO - [♥] Applied 2 patches to 'engine/sprite.lua'
INFO - [♥] Applied 2 patches to 'engine/animatedsprite.lua'
INFO - [♥] Applied 67 patches to 'functions/misc_functions.lua'
INFO - [♥] Applied 40 patches to 'game.lua'
INFO - [♥] Applied 1 patch to 'globals.lua'
INFO - [♥] Applied 5 patches to 'engine/ui.lua'
INFO - [♥] Applied 95 patches to 'functions/UI_definitions.lua'
INFO - [♥] Applied 49 patches to 'functions/state_events.lua'
INFO - [♥] Applied 117 patches to 'functions/common_events.lua'
INFO - [♥] Applied 51 patches to 'functions/button_callbacks.lua'
INFO - [♥] Applied 186 patches to 'card.lua'
INFO - [♥] Applied 10 patches to 'cardarea.lua'
INFO - [♥] Applied 37 patches to 'blind.lua'
INFO - [♥] Applied 2 patches to 'engine/text.lua'
INFO - [G] Failed to connect to the debug server 
INFO - [G] 2025-10-07 16:08:33 :: DEBUG :: DebugConsole :: Steamodded Debug Socket started ! 
INFO - [G] 2025-10-07 16:08:33 :: INFO  :: SMODS :: Steamodded v1.0.0~BETA-0711a 
INFO - [♥] Applied 9 patches to 'engine/sound_manager.lua'
INFO - [♥] Applied 1 patch to 'engine/save_manager.lua'
INFO - [G] 2025-10-07 16:08:37 :: INFO  :: Loader :: Valid JSON file found 
INFO - [G] 2025-10-07 16:08:37 :: INFO  :: Loader :: Valid JSON file found 
INFO - [G] 2025-10-07 16:08:38 :: INFO  :: TIMER :: [0000] Injected Fonts in 0.002 ms 
INFO - [G] 2025-10-07 16:08:38 :: INFO  :: TIMER :: [0000] Injected Language in 0.002 ms 
INFO - [G] 2025-10-07 16:08:38 :: INFO  :: TIMER :: [0000] Injected [INTERNAL] in 4.453 ms 
INFO - [G] 2025-10-07 16:08:39 :: INFO  :: TIMER :: [0004] Injected Atlas in 1296.022 ms 
INFO - [G] 2025-10-07 16:08:39 :: INFO  :: TIMER :: [0001] Injected Sound in 2.144 ms 
INFO - [G] 2025-10-07 16:08:39 :: INFO  :: TIMER :: [0008] Injected Stake in 8.079 ms 
INFO - [G] 2025-10-07 16:08:39 :: INFO  :: TIMER :: [0005] Injected Rarity in 0.146 ms 
INFO - [G] 2025-10-07 16:08:39 :: INFO  :: TIMER :: [0005] Injected ObjectType in 0.108 ms 
INFO - [G] 2025-10-07 16:08:39 :: INFO  :: TIMER :: [0103] Injected Center in 1.673 ms 
INFO - [G] 2025-10-07 16:08:39 :: INFO  :: TIMER :: [0007] Injected Undiscovered Sprite in 0.057 ms 
INFO - [G] 2025-10-07 16:08:39 :: INFO  :: TIMER :: [0002] Injected Blind in 0.028 ms 
INFO - [G] 2025-10-07 16:08:39 :: INFO  :: TIMER :: [0004] Injected Seal in 1.075 ms 
INFO - [G] 2025-10-07 16:08:39 :: INFO  :: TIMER :: [0004] Injected Suit in 0.147 ms 
INFO - [G] 2025-10-07 16:08:39 :: INFO  :: TIMER :: [0013] Injected Rank in 0.151 ms 
INFO - [G] 2025-10-07 16:08:39 :: INFO  :: TIMER :: [0028] Injected DeckSkin in 0.541 ms 
INFO - [G] 2025-10-07 16:08:39 :: INFO  :: TIMER :: [0012] Injected PokerHand in 0.193 ms 
INFO - [G] 2025-10-07 16:08:39 :: INFO  :: TIMER :: [0020] Injected Challenge in 0.065 ms 
INFO - [G] 2025-10-07 16:08:39 :: INFO  :: TIMER :: [0000] Injected Tag in 0.002 ms 
INFO - [G] 2025-10-07 16:08:39 :: INFO  :: TIMER :: [0004] Injected Sticker in 0.296 ms 
INFO - [G] 2025-10-07 16:08:39 :: INFO  :: TIMER :: [0000] Injected Shader in 0.002 ms 
INFO - [G] 2025-10-07 16:08:39 :: INFO  :: TIMER :: [0002] Injected Keybind in 0.023 ms 
INFO - [G] 2025-10-07 16:08:39 :: INFO  :: TIMER :: [0000] Injected Achievement in 0.087 ms 
INFO - [G] 2025-10-07 16:08:39 :: INFO  :: TIMER :: [0002] Injected nil in 0.045 ms 
INFO - [G] 2025-10-07 16:08:39 :: INFO  :: TIMER :: [0021] Injected Draw Step in 0.158 ms 
INFO - [G] 2025-10-07 16:08:39 :: INFO  :: TIMER :: [0000] Injected [INTERNAL] in 1.223 ms 
INFO - [G] [DebugPlus] Press [/] to toggle console and press [shift] + [/] to toggle new log previews 
INFO - [G] line not found
INFO - [G] file not found: main.lua: No such file or directory
INFO - [G] file not found: main.lua: No such file or directory
INFO - [G] 2025-10-07 16:08:44 :: ERROR :: StackTrace :: Oops! The game crashed
functions/misc_functions.lua:2001: attempt to index field 'colours' (a nil value)
Stack Traceback
===============
(1) Lua upvalue 'orig' at file 'main.lua:612'
	Local variables:
	 msg = string: "functions/misc_functions.lua:2001: attempt to index field 'colours' (a nil value)"
	 (*temporary) = Lua function '?' (defined at line 31 of chunk [SMODS _ "src/logging.lua"])
	 (*temporary) = string: "Oops! The game crashed\
"
(2) Lua local 'handler' at file 'debugplus/console.lua:606' (from lovely module debugplus.console)
	Local variables:
	 msg = string: "functions/misc_functions.lua:2001: attempt to index field 'colours' (a nil value)"
(3) LÖVE metamethod at file 'boot.lua:352'
	Local variables:
	 errhand = Lua function '(LÖVE Function)' (defined at line 605 of chunk [lovely debugplus.console "debugplus/console.lua"])
	 handler = Lua function '(LÖVE Function)' (defined at line 605 of chunk [lovely debugplus.console "debugplus/console.lua"])
(4) Lua global 'localize' at file 'functions/misc_functions.lua:2001'
	Local variables:
	 args = table: 0x09c03430  {vars:table: 0x09c03238, set:Joker, type:descriptions, nodes:table: 0x09c032a0, key:j_sapjokers_leopardjoker, AUT:table: 0x0a310070}
	 misc_cat = nil
	 loc_target = table: 0x0a0675f8  {name_parsed:table: 0x0a18f878, text_parsed:table: 0x0a18e770, name:Leopard, text:table: 0x0a067658}
	 ret_string = nil
	 (for generator) = C function: builtin#6
	 (for state) = table: 0x0a18e770  {1:table: 0x0a18e800, 2:table: 0x0a18ecf0, 3:table: 0x0a18f1c8, 4:table: 0x0a18f5f8}
	 (for control) = number: 2
	 _ = number: 2
	 lines = table: 0x0a18ecf0  {1:table: 0x0a18ee50, 2:table: 0x0a18ef40, 3:table: 0x0a18f088, 4:table: 0x0a18f168}
	 final_line = table: 0x09b09f90  {1:table: 0x09b09fb8, 2:table: 0x09b0a108}
	 final_name_assembled_string = string: ""
	 (for generator) = C function: builtin#6
	 (for state) = table: 0x0a18ecf0  {1:table: 0x0a18ee50, 2:table: 0x0a18ef40, 3:table: 0x0a18f088, 4:table: 0x0a18f168}
	 (for control) = number: 3
	 _ = number: 3
	 part = table: 0x0a18f088  {strings:table: 0x0a18efa0, control:table: 0x0a18efc8}
	 assembled_string = string: "nil"
	 desc_scale = number: 1
	 (*temporary) = number: 3
	 (*temporary) = table: 0x0a03b270  {n:1}
	 (*temporary) = table: 0x0a03b2d0  {text:nil}
	 (*temporary) = nil
	 (*temporary) = number: 1
	 (*temporary) = number: 1
	 (*temporary) = nil
	 (*temporary) = C function: tostring
	 (*temporary) = nil
	 (*temporary) = nil
	 (*temporary) = nil
	 (*temporary) = number: 4
	 (*temporary) = string: "spades"
	 (*temporary) = table: 0x099f1098  {1:0.30980392156863, 2:0.1921568627451, 3:0.72549019607843, 4:1}
	 (*temporary) = string: "attempt to index field 'colours' (a nil value)"
(5) Lua method 'generate_ui' at Steamodded file 'src/game_object.lua:1146' 
	Local variables:
	 self = table: 0x0a067480  {alerted:true, _saved_d_u:true, original_key:leopardjoker, loc_txt:table: 0x0a0675f8, _u:true, rarity:3, cost:7, order:149, _d:true, blueprint_compat:false (more...)}
	 info_queue = table: 0x09c03318  {}
	 card = table: 0x0a0e0cb0  {click_offset:table: 0x09fe3e60, children:table: 0x0a1ca8b8, ambient_tilt:0.2, parent:table: 0x09fba478, T:table: 0x09fd19e8, offset:table: 0x0a011e20 (more...)}
	 desc_nodes = table: 0x09c032a0  {1:table: 0x0a30b520}
	 specific_vars = nil
	 full_UI_table = table: 0x0a310070  {badges:table: 0x0a310010, info:table: 0x09c032c8, type:table: 0x09c032f0, main:table: 0x09c032a0, card_type:Joker, name:table: 0x0a30b418, box_colours:table: 0x0a30b4f8 (more...)}
	 target = table: 0x09c03430  {vars:table: 0x09c03238, set:Joker, type:descriptions, nodes:table: 0x09c032a0, key:j_sapjokers_leopardjoker, AUT:table: 0x0a310070}
	 res = table: 0x09c03260  {}
(6) Lua method 'generate_UIBox_ability_table' at file 'functions/common_events.lua:2792'
	Local variables:
	 _c = table: 0x0a067480  {alerted:true, _saved_d_u:true, original_key:leopardjoker, loc_txt:table: 0x0a0675f8, _u:true, rarity:3, cost:7, order:149, _d:true, blueprint_compat:false (more...)}
	 full_UI_table = table: 0x0a310070  {badges:table: 0x0a310010, info:table: 0x09c032c8, type:table: 0x09c032f0, main:table: 0x09c032a0, card_type:Joker, name:table: 0x0a30b418, box_colours:table: 0x0a30b4f8 (more...)}
	 specific_vars = nil
	 card_type = string: "Joker"
	 badges = table: 0x0a310010  {card_type:Joker}
	 hide_desc = nil
	 main_start = nil
	 main_end = nil
	 card = table: 0x0a0e0cb0  {click_offset:table: 0x09fe3e60, children:table: 0x0a1ca8b8, ambient_tilt:0.2, parent:table: 0x09fba478, T:table: 0x09fd19e8, offset:table: 0x0a011e20 (more...)}
	 first_pass = boolean: true
	 desc_nodes = table: 0x09c032a0  {1:table: 0x0a30b520}
	 name_override = nil
	 info_queue = table: 0x09c03318  {}
	 loc_vars = table: 0x09c03408  {}
	 cfg = table: 0x09f65ec0  {bonus:0, x_mult:1, hands_played_at_create:0, x_chips:1, perma_h_mult:0, mult:0, h_size:0, perma_x_mult:0, perma_h_dollars:0, h_x_chips:1, d_size:0 (more...)}
(7) Lua method 'hover' at file 'card.lua:4598'
	Local variables:
	 self = table: 0x0a0e0cb0  {click_offset:table: 0x09fe3e60, children:table: 0x0a1ca8b8, ambient_tilt:0.2, parent:table: 0x09fba478, T:table: 0x09fd19e8, offset:table: 0x0a011e20 (more...)}
(8) Lua method 'update' at file 'engine/controller.lua:399'
	Local variables:
	 self = table: 0x09f95338  {held_button_times:table: 0x09f95c08, focus_cursor_stack_level:1, snap_cursor_to:table: 0x09b54cd0, interrupt:table: 0x09f95c58, GAMEPAD:table: 0x09f96488 (more...)}
	 dt = number: 0.0167183
(9) Lua upvalue 'gameUpdateRef' at file 'game.lua:2689'
	Local variables:
	 self = table: 0x099e85c0  {F_GUIDE:false, F_CRASH_REPORTS:false, F_QUIT_BUTTON:true, collection_alert:table: 0x09ac8f18, F_ENGLISH_ONLY:false, sort_id:28, F_DISCORD:true (more...)}
	 dt = number: 0
(10) Lua method 'update' at Steamodded file 'src/ui.lua:84' 
	Local variables:
	 self = table: 0x099e85c0  {F_GUIDE:false, F_CRASH_REPORTS:false, F_QUIT_BUTTON:true, collection_alert:table: 0x09ac8f18, F_ENGLISH_ONLY:false, sort_id:28, F_DISCORD:true (more...)}
	 dt = number: 0.0167183
(11) Lua field 'update' at file 'main.lua:999'
	Local variables:
	 dt = number: 0.0167183
(12) Lua function '?' at file 'main.lua:938' (best guess)
(13) global C function 'xpcall'
(14) LÖVE function at file 'boot.lua:377' (best guess)
	Local variables:
	 func = Lua function '?' (defined at line 909 of chunk main.lua)
	 inerror = boolean: true
	 deferErrhand = Lua function '(LÖVE Function)' (defined at line 348 of chunk [love "boot.lua"])
	 earlyinit = Lua function '(LÖVE Function)' (defined at line 355 of chunk [love "boot.lua"])
 
INFO - [G] file not found: main.lua: No such file or directory
INFO - [G] file not found: main.lua: No such file or directory
INFO - [G] 2025-10-07 16:08:44 :: INFO  :: StackTrace :: Additional Context:
Balatro Version: 1.0.1o-FULL
Modded Version: 1.0.0~BETA-0711a-STEAMODDED
LÖVE Version: 11.5.0
Lovely Version: 0.8.0
Platform: Windows
Steamodded Mods:
    1: Super Auto Jokers by Equi [ID: SuperAutoJokers, Version: 1.0.0]
    2: DebugPlus by WilsontheWolf [ID: DebugPlus, Version: 1.5.1, Uses Lovely]
Lovely Mods: 
