INFO - [♥] Lovely 0.8.0
INFO - [♥] Game directory is at "C:\\Program Files (x86)\\Steam\\steamapps\\common\\Balatro"
INFO - [♥] Writing logs to "C:\\Users\\PC\\AppData\\Roaming\\Balatro\\Mods\\lovely\\log"
INFO - [♥] Using mod directory at "C:\\Users\\PC\\AppData\\Roaming\\Balatro\\Mods"
INFO - [♥] Cleaning up dumps directory at "C:\\Users\\PC\\AppData\\Roaming\\Balatro\\Mods\\lovely\\dump"
INFO - [♥] Initialization complete in 49ms
INFO - [♥] Applied 1 patch to 'conf.lua'
INFO - [♥] Applied 11 patches to 'main.lua'
INFO - [♥] Applied 10 patches to 'engine/controller.lua'
INFO - [♥] Applied 15 patches to 'back.lua'
INFO - [♥] Applied 7 patches to 'tag.lua'
INFO - [♥] Applied 2 patches to 'engine/moveable.lua'
INFO - [♥] Applied 2 patches to 'engine/sprite.lua'
INFO - [♥] Applied 2 patches to 'engine/animatedsprite.lua'
INFO - [♥] Applied 67 patches to 'functions/misc_functions.lua'
INFO - [♥] Applied 40 patches to 'game.lua'
INFO - [♥] Applied 1 patch to 'globals.lua'
INFO - [♥] Applied 5 patches to 'engine/ui.lua'
INFO - [♥] Applied 95 patches to 'functions/UI_definitions.lua'
INFO - [♥] Applied 49 patches to 'functions/state_events.lua'
INFO - [♥] Applied 117 patches to 'functions/common_events.lua'
INFO - [♥] Applied 51 patches to 'functions/button_callbacks.lua'
INFO - [♥] Applied 186 patches to 'card.lua'
INFO - [♥] Applied 10 patches to 'cardarea.lua'
INFO - [♥] Applied 37 patches to 'blind.lua'
INFO - [♥] Applied 2 patches to 'engine/text.lua'
INFO - [G] Failed to connect to the debug server 
INFO - [G] 2025-09-24 17:00:17 :: DEBUG :: DebugConsole :: Steamodded Debug Socket started ! 
INFO - [G] 2025-09-24 17:00:17 :: INFO  :: SMODS :: Steamodded v1.0.0~BETA-0711a 
INFO - [♥] Applied 9 patches to 'engine/sound_manager.lua'
INFO - [♥] Applied 1 patch to 'engine/save_manager.lua'
INFO - [G] 2025-09-24 17:00:22 :: INFO  :: Loader :: Valid JSON file found 
INFO - [G] 2025-09-24 17:00:22 :: INFO  :: Loader :: Valid JSON file found 
INFO - [G] 2025-09-24 17:00:22 :: INFO  :: TIMER :: [0000] Injected Fonts in 0.002 ms 
INFO - [G] 2025-09-24 17:00:22 :: INFO  :: TIMER :: [0000] Injected Language in 0.002 ms 
INFO - [G] 2025-09-24 17:00:22 :: INFO  :: TIMER :: [0000] Injected [INTERNAL] in 2.683 ms 
INFO - [G] 2025-09-24 17:00:22 :: INFO  :: TIMER :: [0003] Injected Atlas in 358.707 ms 
INFO - [G] 2025-09-24 17:00:22 :: INFO  :: TIMER :: [0001] Injected Sound in 1.170 ms 
INFO - [G] 2025-09-24 17:00:22 :: INFO  :: TIMER :: [0008] Injected Stake in 0.277 ms 
INFO - [G] 2025-09-24 17:00:22 :: INFO  :: TIMER :: [0004] Injected Rarity in 0.038 ms 
INFO - [G] 2025-09-24 17:00:22 :: INFO  :: TIMER :: [0004] Injected ObjectType in 0.168 ms 
INFO - [G] 2025-09-24 17:00:22 :: INFO  :: TIMER :: [0069] Injected Center in 0.502 ms 
INFO - [G] 2025-09-24 17:00:22 :: INFO  :: TIMER :: [0007] Injected Undiscovered Sprite in 0.030 ms 
INFO - [G] 2025-09-24 17:00:22 :: INFO  :: TIMER :: [0002] Injected Blind in 0.028 ms 
INFO - [G] 2025-09-24 17:00:22 :: INFO  :: TIMER :: [0004] Injected Seal in 0.154 ms 
INFO - [G] 2025-09-24 17:00:22 :: INFO  :: TIMER :: [0004] Injected Suit in 0.119 ms 
INFO - [G] 2025-09-24 17:00:22 :: INFO  :: TIMER :: [0013] Injected Rank in 0.144 ms 
INFO - [G] 2025-09-24 17:00:22 :: INFO  :: TIMER :: [0028] Injected DeckSkin in 0.430 ms 
INFO - [G] 2025-09-24 17:00:22 :: INFO  :: TIMER :: [0012] Injected PokerHand in 0.185 ms 
INFO - [G] 2025-09-24 17:00:22 :: INFO  :: TIMER :: [0020] Injected Challenge in 0.126 ms 
INFO - [G] 2025-09-24 17:00:22 :: INFO  :: TIMER :: [0000] Injected Tag in 0.002 ms 
INFO - [G] 2025-09-24 17:00:22 :: INFO  :: TIMER :: [0004] Injected Sticker in 0.128 ms 
INFO - [G] 2025-09-24 17:00:22 :: INFO  :: TIMER :: [0000] Injected Shader in 0.002 ms 
INFO - [G] 2025-09-24 17:00:22 :: INFO  :: TIMER :: [0002] Injected Keybind in 0.101 ms 
INFO - [G] 2025-09-24 17:00:22 :: INFO  :: TIMER :: [0000] Injected Achievement in 0.083 ms 
INFO - [G] 2025-09-24 17:00:22 :: INFO  :: TIMER :: [0002] Injected nil in 0.023 ms 
INFO - [G] 2025-09-24 17:00:22 :: INFO  :: TIMER :: [0021] Injected Draw Step in 0.132 ms 
INFO - [G] 2025-09-24 17:00:22 :: INFO  :: TIMER :: [0000] Injected [INTERNAL] in 0.853 ms 
INFO - [G] [DebugPlus] Press [/] to toggle console and press [shift] + [/] to toggle new log previews 
INFO - [G] line not found
INFO - [G] file not found: main.lua: No such file or directory
INFO - [G] file not found: main.lua: No such file or directory
INFO - [G] 2025-09-24 17:00:41 :: ERROR :: StackTrace :: Oops! The game crashed
[SMODS SuperAutoJokers "superautojokers_main.lua"]:371: attempt to call method 'next' (a nil value)
Stack Traceback
===============
(1) Lua upvalue 'orig' at file 'main.lua:612'
	Local variables:
	 msg = string: "[SMODS SuperAutoJokers \"superautojokers_main.lua\"]:371: attempt to call method 'next' (a nil value)"
	 (*temporary) = Lua function '?' (defined at line 31 of chunk [SMODS _ "src/logging.lua"])
	 (*temporary) = string: "Oops! The game crashed\
"
(2) Lua local 'handler' at file 'debugplus/console.lua:606' (from lovely module debugplus.console)
	Local variables:
	 msg = string: "[SMODS SuperAutoJokers \"superautojokers_main.lua\"]:371: attempt to call method 'next' (a nil value)"
(3) LÖVE method at file 'boot.lua:352'
	Local variables:
	 errhand = Lua function '(LÖVE Function)' (defined at line 605 of chunk [lovely debugplus.console "debugplus/console.lua"])
	 handler = Lua function '(LÖVE Function)' (defined at line 605 of chunk [lovely debugplus.console "debugplus/console.lua"])
(4) Lua method 'calculate' at file 'superautojokers_main.lua:371' (from mod with id SuperAutoJokers)
	Local variables:
	 self = table: 0x09f7ecf0  {alerted:true, _saved_d_u:true, original_key:sixth_sense, atlas:Joker, registered:true, mod:table: 0x0a0d2838, unlocked:true, _u:true, generate_ui:0 (more...)}
	 card = table: 0x0a9f9730  {click_offset:table: 0x0a9f9890, static_rotation:false, rank:2, parent:table: 0x0a2496f0, T:table: 0x0a9f98f8, last_aligned:-1, extra_cost:0, highlighted:false (more...)}
	 context = table: 0x09a82ef8  {destroying_card:table: 0x09b0b498, main_eval:true, poker_hands:table: 0x0a145228, scoring_name:Two Pair, scoring_hand:table: 0x0a5f7638, full_hand:table: 0x0a24cba0 (more...)}
	 (*temporary) = nil
	 (*temporary) = table: 0x09b0b498  {click_offset:table: 0x09f8f250, rank:1, children:table: 0x09c93a80, ambient_tilt:0.2, parent:table: 0x0a24c360, highlighted:false, T:table: 0x09f8f098 (more...)}
	 (*temporary) = table: 0x09a29860  {1:table: 0x0a91f188}
	 (*temporary) = string: "j_sapjokers_parrotjoker"
	 (*temporary) = nil
	 (*temporary) = string: "attempt to call method 'next' (a nil value)"
(5) Lua method 'calculate_joker' at file 'card.lua:2555'
	Local variables:
	 self = table: 0x0a9f9730  {click_offset:table: 0x0a9f9890, static_rotation:false, rank:2, parent:table: 0x0a2496f0, T:table: 0x0a9f98f8, last_aligned:-1, extra_cost:0, highlighted:false (more...)}
	 context = table: 0x09a82ef8  {destroying_card:table: 0x09b0b498, main_eval:true, poker_hands:table: 0x0a145228, scoring_name:Two Pair, scoring_hand:table: 0x0a5f7638, full_hand:table: 0x0a24cba0 (more...)}
	 obj = table: 0x09f7ecf0  {alerted:true, _saved_d_u:true, original_key:sixth_sense, atlas:Joker, registered:true, mod:table: 0x0a0d2838, unlocked:true, _u:true, generate_ui:0 (more...)}
(6) Lua global 'eval_card' at file 'functions/common_events.lua:722'
	Local variables:
	 card = table: 0x0a9f9730  {click_offset:table: 0x0a9f9890, static_rotation:false, rank:2, parent:table: 0x0a2496f0, T:table: 0x0a9f98f8, last_aligned:-1, extra_cost:0, highlighted:false (more...)}
	 context = table: 0x09a82ef8  {destroying_card:table: 0x09b0b498, main_eval:true, poker_hands:table: 0x0a145228, scoring_name:Two Pair, scoring_hand:table: 0x0a5f7638, full_hand:table: 0x0a24cba0 (more...)}
	 ret = table: 0x0a03dda0  {}
	 post_trig = table: 0x0a03ddc8  {}
	 areas = table: 0x09bab138  {1:table: 0x0a2496f0, 2:table: 0x0a248de0, 3:table: 0x0a24a8f8}
	 area_set = table: 0x0a03ddf0  {table: 0x0a24a8f8:true, table: 0x0a2496f0:true, table: 0x0a248de0:true}
(7) Lua field 'calculate_card_areas' at Steamodded file 'src/utils.lua:1720' 
	Local variables:
	 _type = string: "jokers"
	 context = table: 0x09a82ef8  {destroying_card:table: 0x09b0b498, main_eval:true, poker_hands:table: 0x0a145228, scoring_name:Two Pair, scoring_hand:table: 0x0a5f7638, full_hand:table: 0x0a24cba0 (more...)}
	 return_table = nil
	 args = table: 0x09d6c1f8  {has_area:true, joker_area:true}
	 flags = table: 0x09d6c258  {}
	 (for generator) = C function: builtin#6
	 (for state) = table: 0x09f701b0  {1:table: 0x0a2496f0, 2:table: 0x0a248de0, 3:table: 0x0a24a8f8}
	 (for control) = number: 1
	 _ = number: 1
	 area = table: 0x0a2496f0  {click_offset:table: 0x0a249850, static_rotation:false, shuffle_amt:0, T:table: 0x0a249828, offset:table: 0x0a249e10, role:table: 0x0a249c40, last_aligned:-1 (more...)}
	 (for generator) = C function: builtin#6
	 (for state) = table: 0x0a249f30  {1:table: 0x0a91f188, 2:table: 0x0a9f9730}
	 (for control) = number: 2
	 _ = number: 2
	 _card = table: 0x0a9f9730  {click_offset:table: 0x0a9f9890, static_rotation:false, rank:2, parent:table: 0x0a2496f0, T:table: 0x0a9f98f8, last_aligned:-1, extra_cost:0, highlighted:false (more...)}
(8) Lua field 'calculate_context' at Steamodded file 'src/utils.lua:1836' 
	Local variables:
	 context = table: 0x09a82ef8  {destroying_card:table: 0x09b0b498, main_eval:true, poker_hands:table: 0x0a145228, scoring_name:Two Pair, scoring_hand:table: 0x0a5f7638, full_hand:table: 0x0a24cba0 (more...)}
	 return_table = nil
	 no_resolve = nil
	 has_area = boolean: true
	 flags = table: 0x0a0b8740  {}
	 (*temporary) = number: 1
(9) Lua field 'calculate_destroying_cards' at Steamodded file 'src/utils.lua:1998' 
	Local variables:
	 context = table: 0x09a82ef8  {destroying_card:table: 0x09b0b498, main_eval:true, poker_hands:table: 0x0a145228, scoring_name:Two Pair, scoring_hand:table: 0x0a5f7638, full_hand:table: 0x0a24cba0 (more...)}
	 cards_destroyed = table: 0x09c438a0  {}
	 scoring_hand = table: 0x0a5f7638  {1:table: 0x09b0b498, 2:table: 0x09c2bf68, 3:table: 0x09dabe08, 4:table: 0x0a0b3f78}
	 (for generator) = C function: builtin#6
	 (for state) = table: 0x0a24cba0  {1:table: 0x09b0b498, 2:table: 0x09c2bf68, 3:table: 0x09dabe08, 4:table: 0x0a0b3f78, 5:table: 0x09d661e0}
	 (for control) = number: 1
	 i = number: 1
	 card = table: 0x09b0b498  {click_offset:table: 0x09f8f250, rank:1, children:table: 0x09c93a80, ambient_tilt:0.2, parent:table: 0x0a24c360, highlighted:false, T:table: 0x09f8f098 (more...)}
	 destroyed = nil
	 in_scoring = boolean: true
(10) Lua field 'evaluate_play' at file 'functions/state_events.lua:708'
	Local variables:
	 e = nil
	 text = string: "Two Pair"
	 disp_text = string: "Two Pair"
	 poker_hands = table: 0x0a145228  {Flush House:table: 0x098feb60, Full House:table: 0x09993940, top:table: 0x09d58ac0, Flush:table: 0x0a6a5298, Pair:table: 0x0a267d90, Four of a Kind:table: 0x0a0535d0 (more...)}
	 scoring_hand = table: 0x0a5f7638  {1:table: 0x09b0b498, 2:table: 0x09c2bf68, 3:table: 0x09dabe08, 4:table: 0x0a0b3f78}
	 non_loc_disp_text = string: "Two Pair"
	 final_scoring_hand = table: 0x0a5f7638  {1:table: 0x09b0b498, 2:table: 0x09c2bf68, 3:table: 0x09dabe08, 4:table: 0x0a0b3f78}
	 hand_text_set = boolean: false
	 modded = nil
	 nu_chip = nil
	 nu_mult = nil
	 cards_destroyed = table: 0x09c438a0  {}
	 (for generator) = C function: builtin#6
	 (for state) = table: 0x09a82ed0  {1:table: 0x0a24c360, 2:table: 0x0a24bab8}
	 (for control) = number: 1
	 _ = number: 1
	 v = table: 0x0a24c360  {click_offset:table: 0x0a24c4c0, static_rotation:false, shuffle_amt:0, T:table: 0x0a24c498, offset:table: 0x0a24ca80, role:table: 0x0a24c8b0, last_aligned:-1 (more...)}
(11) Lua field 'func' at file 'functions/state_events.lua:482'
(12) Lua method 'handle' at file 'engine/event.lua:99'
	Local variables:
	 self = table: 0x0a6dcad8  {start_timer:true, timer:TOTAL, blockable:true, trigger:immediate, func:function: 0x09fcd978, delay:0, complete:false, time:39.067859467431, blocking:true (more...)}
	 _results = table: 0x0a2faa10  {blocking:true, pause_skip:false, time_done:false, completed:false}
(13) Lua method 'update' at file 'engine/event.lua:182'
	Local variables:
	 self = table: 0x09eff700  {queue_last_processed:17.716666666667, queues:table: 0x09eff728, queue_dt:0.016666666666667, queue_timer:17.796050128854}
	 dt = number: 0.0166266
	 forced = nil
	 (for generator) = C function: next
	 (for state) = table: 0x09eff728  {unlock:table: 0x09eff818, other:table: 0x09eff8b8, tutorial:table: 0x09eff868, base:table: 0x09eff840, achievement:table: 0x09eff890}
	 (for control) = number: nan
	 k = string: "base"
	 v = table: 0x09eff840  {1:table: 0x0a24d8b0, 2:table: 0x0a6dcad8, 3:table: 0x0a70d1c0, 4:table: 0x0a786678, 5:table: 0x099f1280, 6:table: 0x09d6bc98, 7:table: 0x09f8a700 (more...)}
	 blocked = boolean: false
	 i = number: 2
	 results = table: 0x0a2faa10  {blocking:true, pause_skip:false, time_done:false, completed:false}
(14) Lua upvalue 'gameUpdateRef' at file 'game.lua:2552'
	Local variables:
	 self = table: 0x099e85c0  {F_GUIDE:false, F_CRASH_REPORTS:false, F_QUIT_BUTTON:true, HUD_tags:table: 0x0a1ea680, F_ENGLISH_ONLY:false, viewed_stake:1, HUD:table: 0x09cdfde8 (more...)}
	 dt = number: 0.0166266
	 http_resp = nil
(15) Lua method 'update' at Steamodded file 'src/ui.lua:84' 
	Local variables:
	 self = table: 0x099e85c0  {F_GUIDE:false, F_CRASH_REPORTS:false, F_QUIT_BUTTON:true, HUD_tags:table: 0x0a1ea680, F_ENGLISH_ONLY:false, viewed_stake:1, HUD:table: 0x09cdfde8 (more...)}
	 dt = number: 0.0166266
(16) Lua field 'update' at file 'main.lua:999'
	Local variables:
	 dt = number: 0.0166266
(17) Lua function '?' at file 'main.lua:938' (best guess)
(18) global C function 'xpcall'
(19) LÖVE function at file 'boot.lua:377' (best guess)
	Local variables:
	 func = Lua function '?' (defined at line 909 of chunk main.lua)
	 inerror = boolean: true
	 deferErrhand = Lua function '(LÖVE Function)' (defined at line 348 of chunk [love "boot.lua"])
	 earlyinit = Lua function '(LÖVE Function)' (defined at line 355 of chunk [love "boot.lua"])
 
INFO - [G] file not found: main.lua: No such file or directory
INFO - [G] file not found: main.lua: No such file or directory
INFO - [G] 2025-09-24 17:00:41 :: INFO  :: StackTrace :: Additional Context:
Balatro Version: 1.0.1o-FULL
Modded Version: 1.0.0~BETA-0711a-STEAMODDED
LÖVE Version: 11.5.0
Lovely Version: 0.8.0
Platform: Windows
Steamodded Mods:
    1: Super Auto Jokers by Equi [ID: SuperAutoJokers, Version: 1.0.0]
    2: DebugPlus by WilsontheWolf [ID: DebugPlus, Version: 1.5.1, Uses Lovely]
Lovely Mods: 
