INFO - [♥] Lovely 0.8.0
INFO - [♥] Game directory is at "C:\\Program Files (x86)\\Steam\\steamapps\\common\\Balatro"
INFO - [♥] Writing logs to "C:\\Users\\PC\\AppData\\Roaming\\Balatro\\Mods\\lovely\\log"
INFO - [♥] Using mod directory at "C:\\Users\\PC\\AppData\\Roaming\\Balatro\\Mods"
INFO - [♥] Cleaning up dumps directory at "C:\\Users\\PC\\AppData\\Roaming\\Balatro\\Mods\\lovely\\dump"
INFO - [♥] Initialization complete in 264ms
INFO - [♥] Applied 1 patch to 'conf.lua'
INFO - [♥] Applied 11 patches to 'main.lua'
INFO - [♥] Applied 10 patches to 'engine/controller.lua'
INFO - [♥] Applied 15 patches to 'back.lua'
INFO - [♥] Applied 7 patches to 'tag.lua'
INFO - [♥] Applied 2 patches to 'engine/moveable.lua'
INFO - [♥] Applied 2 patches to 'engine/sprite.lua'
INFO - [♥] Applied 2 patches to 'engine/animatedsprite.lua'
INFO - [♥] Applied 67 patches to 'functions/misc_functions.lua'
INFO - [♥] Applied 40 patches to 'game.lua'
INFO - [♥] Applied 1 patch to 'globals.lua'
INFO - [♥] Applied 5 patches to 'engine/ui.lua'
INFO - [♥] Applied 95 patches to 'functions/UI_definitions.lua'
INFO - [♥] Applied 49 patches to 'functions/state_events.lua'
INFO - [♥] Applied 117 patches to 'functions/common_events.lua'
INFO - [♥] Applied 51 patches to 'functions/button_callbacks.lua'
INFO - [♥] Applied 186 patches to 'card.lua'
INFO - [♥] Applied 10 patches to 'cardarea.lua'
INFO - [♥] Applied 37 patches to 'blind.lua'
INFO - [♥] Applied 2 patches to 'engine/text.lua'
INFO - [G] Failed to connect to the debug server 
INFO - [G] 2025-09-16 19:13:17 :: DEBUG :: DebugConsole :: Steamodded Debug Socket started ! 
INFO - [G] 2025-09-16 19:13:17 :: INFO  :: SMODS :: Steamodded v1.0.0~BETA-0711a 
INFO - [♥] Applied 9 patches to 'engine/sound_manager.lua'
INFO - [♥] Applied 1 patch to 'engine/save_manager.lua'
INFO - [G] 2025-09-16 19:13:24 :: INFO  :: Loader :: Valid JSON file found 
INFO - [G] 2025-09-16 19:13:24 :: INFO  :: Loader :: Valid JSON file found 
INFO - [G] 2025-09-16 19:13:24 :: INFO  :: TIMER :: [0000] Injected Fonts in 0.001 ms 
INFO - [G] 2025-09-16 19:13:24 :: INFO  :: TIMER :: [0000] Injected Language in 0.003 ms 
INFO - [G] 2025-09-16 19:13:24 :: INFO  :: TIMER :: [0000] Injected [INTERNAL] in 3.976 ms 
INFO - [G] 2025-09-16 19:13:25 :: INFO  :: TIMER :: [0003] Injected Atlas in 714.817 ms 
INFO - [G] 2025-09-16 19:13:25 :: INFO  :: TIMER :: [0001] Injected Sound in 0.953 ms 
INFO - [G] 2025-09-16 19:13:25 :: INFO  :: TIMER :: [0008] Injected Stake in 0.430 ms 
INFO - [G] 2025-09-16 19:13:25 :: INFO  :: TIMER :: [0004] Injected Rarity in 0.041 ms 
INFO - [G] 2025-09-16 19:13:25 :: INFO  :: TIMER :: [0004] Injected ObjectType in 0.107 ms 
INFO - [G] 2025-09-16 19:13:25 :: INFO  :: TIMER :: [0066] Injected Center in 1.274 ms 
INFO - [G] 2025-09-16 19:13:25 :: INFO  :: TIMER :: [0007] Injected Undiscovered Sprite in 0.077 ms 
INFO - [G] 2025-09-16 19:13:25 :: INFO  :: TIMER :: [0002] Injected Blind in 0.029 ms 
INFO - [G] 2025-09-16 19:13:25 :: INFO  :: TIMER :: [0004] Injected Seal in 0.356 ms 
INFO - [G] 2025-09-16 19:13:25 :: INFO  :: TIMER :: [0004] Injected Suit in 0.391 ms 
INFO - [G] 2025-09-16 19:13:25 :: INFO  :: TIMER :: [0013] Injected Rank in 0.357 ms 
INFO - [G] 2025-09-16 19:13:25 :: INFO  :: TIMER :: [0028] Injected DeckSkin in 0.417 ms 
INFO - [G] 2025-09-16 19:13:25 :: INFO  :: TIMER :: [0012] Injected PokerHand in 0.857 ms 
INFO - [G] 2025-09-16 19:13:25 :: INFO  :: TIMER :: [0020] Injected Challenge in 0.060 ms 
INFO - [G] 2025-09-16 19:13:25 :: INFO  :: TIMER :: [0000] Injected Tag in 0.003 ms 
INFO - [G] 2025-09-16 19:13:25 :: INFO  :: TIMER :: [0004] Injected Sticker in 0.131 ms 
INFO - [G] 2025-09-16 19:13:25 :: INFO  :: TIMER :: [0000] Injected Shader in 0.002 ms 
INFO - [G] 2025-09-16 19:13:25 :: INFO  :: TIMER :: [0002] Injected Keybind in 0.023 ms 
INFO - [G] 2025-09-16 19:13:25 :: INFO  :: TIMER :: [0000] Injected Achievement in 0.123 ms 
INFO - [G] 2025-09-16 19:13:25 :: INFO  :: TIMER :: [0002] Injected nil in 0.026 ms 
INFO - [G] 2025-09-16 19:13:25 :: INFO  :: TIMER :: [0021] Injected Draw Step in 0.118 ms 
INFO - [G] 2025-09-16 19:13:25 :: INFO  :: TIMER :: [0000] Injected [INTERNAL] in 1.059 ms 
INFO - [G] [DebugPlus] Press [/] to toggle console and press [shift] + [/] to toggle new log previews 
INFO - [G] line not found
INFO - [G] line not found
INFO - [G] file not found: main.lua: No such file or directory
INFO - [G] file not found: main.lua: No such file or directory
INFO - [G] 2025-09-16 19:13:41 :: ERROR :: StackTrace :: Oops! The game crashed
functions/misc_functions.lua:1948: attempt to index field 'vars' (a number value)
Stack Traceback
===============
(1) Lua upvalue 'orig' at file 'main.lua:612'
	Local variables:
	 msg = string: "functions/misc_functions.lua:1948: attempt to index field 'vars' (a number value)"
	 (*temporary) = Lua function '?' (defined at line 31 of chunk [SMODS _ "src/logging.lua"])
	 (*temporary) = string: "Oops! The game crashed\
"
(2) Lua local 'handler' at file 'debugplus/console.lua:606' (from lovely module debugplus.console)
	Local variables:
	 msg = string: "functions/misc_functions.lua:1948: attempt to index field 'vars' (a number value)"
(3) LÖVE metamethod at file 'boot.lua:352'
	Local variables:
	 errhand = Lua function '(LÖVE Function)' (defined at line 605 of chunk [lovely debugplus.console "debugplus/console.lua"])
	 handler = Lua function '(LÖVE Function)' (defined at line 605 of chunk [lovely debugplus.console "debugplus/console.lua"])
(4) Lua global 'localize' at file 'functions/misc_functions.lua:1948'
	Local variables:
	 args = table: 0x21febaf8  {vars:1, set:Joker, type:descriptions, nodes:table: 0x2203ccf8, key:j_sapjokers_elephantjoker, AUT:table: 0x2203ccd0}
	 misc_cat = nil
	 loc_target = table: 0x21a4d1d8  {name_parsed:table: 0x21ca07e0, text_parsed:table: 0x21c9f918, name:Elephant, text:table: 0x21ab0f30}
	 ret_string = nil
	 (for generator) = C function: builtin#6
	 (for state) = table: 0x21c9f918  {1:table: 0x21c9f9a8, 2:table: 0x21c9fcf0, 3:table: 0x21ca0030, 4:table: 0x21ca0340}
	 (for control) = number: 4
	 _ = number: 4
	 lines = table: 0x21ca0340  {1:table: 0x21ca0440, 2:table: 0x21ca05a8, 3:table: 0x21ca0700}
	 final_line = table: 0x218a15b0  {1:table: 0x218a15d8}
	 final_name_assembled_string = string: ""
	 (for generator) = C function: builtin#6
	 (for state) = table: 0x21ca0340  {1:table: 0x21ca0440, 2:table: 0x21ca05a8, 3:table: 0x21ca0700}
	 (for control) = number: 2
	 _ = number: 2
	 part = table: 0x21ca05a8  {strings:table: 0x21ca04c0, control:table: 0x21ca04e8}
	 assembled_string = string: "X"
	 (for generator) = C function: builtin#6
	 (for state) = table: 0x21ca04c0  {1:X, 2:table: 0x21ca0568}
	 (for control) = number: 2
	 _ = number: 2
	 subpart = table: 0x21ca0568  {1:1}
	 (*temporary) = string: "X"
	 (*temporary) = Lua function '?' (defined at line 697 of chunk [SMODS _ "src/utils.lua"])
	 (*temporary) = number: 1
	 (*temporary) = number: 1
	 (*temporary) = number: 1
	 (*temporary) = nil
	 (*temporary) = nil
	 (*temporary) = number: 4
	 (*temporary) = string: "spades"
	 (*temporary) = table: 0x21743388  {1:0.30980392156863, 2:0.1921568627451, 3:0.72549019607843, 4:1}
	 (*temporary) = string: "attempt to index field 'vars' (a number value)"
(5) Lua method 'generate_ui' at Steamodded file 'src/game_object.lua:1146' 
	Local variables:
	 self = table: 0x21a5ab80  {alerted:true, loc_vars:function: 0x21ce4d58, _saved_d_u:true, original_key:elephantjoker, mod:table: 0x21e26290, registered:true, rarity:2, cost:6 (more...)}
	 info_queue = table: 0x217665b8  {}
	 card = table: 0x21d664c8  {click_offset:table: 0x21a87390, children:table: 0x21d8dda8, ambient_tilt:0.2, parent:table: 0x21ced3a8, T:table: 0x21abcdf8, offset:table: 0x218cdcd8 (more...)}
	 desc_nodes = table: 0x2203ccf8  {1:table: 0x21f18810, 2:table: 0x21726b58, 3:table: 0x21e060a0}
	 specific_vars = nil
	 full_UI_table = table: 0x2203ccd0  {badges:table: 0x2203cc70, info:table: 0x21dee410, type:table: 0x21dbbd38, main:table: 0x2203ccf8, card_type:Joker, name:table: 0x21f186d0, box_colours:table: 0x21f187e8 (more...)}
	 target = table: 0x21febaf8  {vars:1, set:Joker, type:descriptions, nodes:table: 0x2203ccf8, key:j_sapjokers_elephantjoker, AUT:table: 0x2203ccd0}
	 res = table: 0x2190fb68  {vars:1}
(6) Lua method 'generate_UIBox_ability_table' at file 'functions/common_events.lua:2792'
	Local variables:
	 _c = table: 0x21a5ab80  {alerted:true, loc_vars:function: 0x21ce4d58, _saved_d_u:true, original_key:elephantjoker, mod:table: 0x21e26290, registered:true, rarity:2, cost:6 (more...)}
	 full_UI_table = table: 0x2203ccd0  {badges:table: 0x2203cc70, info:table: 0x21dee410, type:table: 0x21dbbd38, main:table: 0x2203ccf8, card_type:Joker, name:table: 0x21f186d0, box_colours:table: 0x21f187e8 (more...)}
	 specific_vars = nil
	 card_type = string: "Joker"
	 badges = table: 0x2203cc70  {card_type:Joker}
	 hide_desc = nil
	 main_start = nil
	 main_end = nil
	 card = table: 0x21d664c8  {click_offset:table: 0x21a87390, children:table: 0x21d8dda8, ambient_tilt:0.2, parent:table: 0x21ced3a8, T:table: 0x21abcdf8, offset:table: 0x218cdcd8 (more...)}
	 first_pass = boolean: true
	 desc_nodes = table: 0x2203ccf8  {1:table: 0x21f18810, 2:table: 0x21726b58, 3:table: 0x21e060a0}
	 name_override = nil
	 info_queue = table: 0x217665b8  {}
	 loc_vars = table: 0x21febad0  {}
	 cfg = table: 0x22084328  {bonus:0, h_mult:0, extra:table: 0x2172c728, hands_played_at_create:0, x_chips:1, perma_h_mult:0, mult:0, h_size:0, perma_x_mult:0, perma_h_dollars:0 (more...)}
(7) Lua method 'hover' at file 'card.lua:4598'
	Local variables:
	 self = table: 0x21d664c8  {click_offset:table: 0x21a87390, children:table: 0x21d8dda8, ambient_tilt:0.2, parent:table: 0x21ced3a8, T:table: 0x21abcdf8, offset:table: 0x218cdcd8 (more...)}
(8) Lua method 'update' at file 'engine/controller.lua:399'
	Local variables:
	 self = table: 0x21ca5a90  {held_button_times:table: 0x21ca6360, focus_cursor_stack_level:1, snap_cursor_to:table: 0x21d85d88, interrupt:table: 0x21ca63b0, GAMEPAD:table: 0x21ca6be0 (more...)}
	 dt = number: 0.0166325
(9) Lua upvalue 'gameUpdateRef' at file 'game.lua:2689'
	Local variables:
	 self = table: 0x2173a880  {F_GUIDE:false, F_CRASH_REPORTS:false, F_QUIT_BUTTON:true, collection_alert:table: 0x21b39e98, F_ENGLISH_ONLY:false, sort_id:93, F_DISCORD:true (more...)}
	 dt = number: 0
(10) Lua method 'update' at Steamodded file 'src/ui.lua:84' 
	Local variables:
	 self = table: 0x2173a880  {F_GUIDE:false, F_CRASH_REPORTS:false, F_QUIT_BUTTON:true, collection_alert:table: 0x21b39e98, F_ENGLISH_ONLY:false, sort_id:93, F_DISCORD:true (more...)}
	 dt = number: 0.0166325
(11) Lua field 'update' at file 'main.lua:999'
	Local variables:
	 dt = number: 0.0166325
(12) Lua function '?' at file 'main.lua:938' (best guess)
(13) global C function 'xpcall'
(14) LÖVE function at file 'boot.lua:377' (best guess)
	Local variables:
	 func = Lua function '?' (defined at line 909 of chunk main.lua)
	 inerror = boolean: true
	 deferErrhand = Lua function '(LÖVE Function)' (defined at line 348 of chunk [love "boot.lua"])
	 earlyinit = Lua function '(LÖVE Function)' (defined at line 355 of chunk [love "boot.lua"])
 
INFO - [G] line not found
INFO - [G] file not found: main.lua: No such file or directory
INFO - [G] file not found: main.lua: No such file or directory
INFO - [G] 2025-09-16 19:13:41 :: INFO  :: StackTrace :: Additional Context:
Balatro Version: 1.0.1o-FULL
Modded Version: 1.0.0~BETA-0711a-STEAMODDED
LÖVE Version: 11.5.0
Lovely Version: 0.8.0
Platform: Windows
Steamodded Mods:
    1: Super Auto Jokers by Equi [ID: SuperAutoJokers, Version: 1.0.0]
    2: DebugPlus by WilsontheWolf [ID: DebugPlus, Version: 1.5.1, Uses Lovely]
Lovely Mods: 
