INFO - [♥] Lovely 0.8.0
INFO - [♥] Game directory is at "C:\\Program Files (x86)\\Steam\\steamapps\\common\\Balatro"
INFO - [♥] Writing logs to "C:\\Users\\PC\\AppData\\Roaming\\Balatro\\Mods\\lovely\\log"
INFO - [♥] Using mod directory at "C:\\Users\\PC\\AppData\\Roaming\\Balatro\\Mods"
INFO - [♥] Cleaning up dumps directory at "C:\\Users\\PC\\AppData\\Roaming\\Balatro\\Mods\\lovely\\dump"
INFO - [♥] Initialization complete in 142ms
INFO - [♥] Applied 1 patch to 'conf.lua'
INFO - [♥] Applied 11 patches to 'main.lua'
INFO - [♥] Applied 10 patches to 'engine/controller.lua'
INFO - [♥] Applied 15 patches to 'back.lua'
INFO - [♥] Applied 7 patches to 'tag.lua'
INFO - [♥] Applied 2 patches to 'engine/moveable.lua'
INFO - [♥] Applied 2 patches to 'engine/sprite.lua'
INFO - [♥] Applied 2 patches to 'engine/animatedsprite.lua'
INFO - [♥] Applied 67 patches to 'functions/misc_functions.lua'
INFO - [♥] Applied 40 patches to 'game.lua'
INFO - [♥] Applied 1 patch to 'globals.lua'
INFO - [♥] Applied 5 patches to 'engine/ui.lua'
INFO - [♥] Applied 95 patches to 'functions/UI_definitions.lua'
INFO - [♥] Applied 49 patches to 'functions/state_events.lua'
INFO - [♥] Applied 117 patches to 'functions/common_events.lua'
INFO - [♥] Applied 51 patches to 'functions/button_callbacks.lua'
INFO - [♥] Applied 186 patches to 'card.lua'
INFO - [♥] Applied 10 patches to 'cardarea.lua'
INFO - [♥] Applied 37 patches to 'blind.lua'
INFO - [♥] Applied 2 patches to 'engine/text.lua'
INFO - [G] Failed to connect to the debug server 
INFO - [G] 2025-09-25 20:45:31 :: DEBUG :: DebugConsole :: Steamodded Debug Socket started ! 
INFO - [G] 2025-09-25 20:45:31 :: INFO  :: SMODS :: Steamodded v1.0.0~BETA-0711a 
INFO - [♥] Applied 9 patches to 'engine/sound_manager.lua'
INFO - [♥] Applied 1 patch to 'engine/save_manager.lua'
INFO - [G] 2025-09-25 20:45:34 :: INFO  :: Loader :: Valid JSON file found 
INFO - [G] 2025-09-25 20:45:34 :: INFO  :: Loader :: Valid JSON file found 
INFO - [G] 2025-09-25 20:45:34 :: WARN  :: Joker :: Cannot take ownership of j_mail-in_rebate: Does not exist. 
INFO - [G] 2025-09-25 20:45:34 :: WARN  :: Joker :: Cannot take ownership of j_the_idol: Does not exist. 
INFO - [G] 2025-09-25 20:45:34 :: INFO  :: TIMER :: [0000] Injected Fonts in 0.002 ms 
INFO - [G] 2025-09-25 20:45:34 :: INFO  :: TIMER :: [0000] Injected Language in 0.002 ms 
INFO - [G] 2025-09-25 20:45:34 :: INFO  :: TIMER :: [0000] Injected [INTERNAL] in 2.326 ms 
INFO - [G] 2025-09-25 20:45:35 :: INFO  :: TIMER :: [0003] Injected Atlas in 379.613 ms 
INFO - [G] 2025-09-25 20:45:35 :: INFO  :: TIMER :: [0001] Injected Sound in 1.421 ms 
INFO - [G] 2025-09-25 20:45:35 :: INFO  :: TIMER :: [0008] Injected Stake in 0.293 ms 
INFO - [G] 2025-09-25 20:45:35 :: INFO  :: TIMER :: [0004] Injected Rarity in 0.035 ms 
INFO - [G] 2025-09-25 20:45:35 :: INFO  :: TIMER :: [0004] Injected ObjectType in 0.056 ms 
INFO - [G] 2025-09-25 20:45:35 :: INFO  :: TIMER :: [0075] Injected Center in 1.524 ms 
INFO - [G] 2025-09-25 20:45:35 :: INFO  :: TIMER :: [0007] Injected Undiscovered Sprite in 0.140 ms 
INFO - [G] 2025-09-25 20:45:35 :: INFO  :: TIMER :: [0002] Injected Blind in 0.027 ms 
INFO - [G] 2025-09-25 20:45:35 :: INFO  :: TIMER :: [0004] Injected Seal in 0.171 ms 
INFO - [G] 2025-09-25 20:45:35 :: INFO  :: TIMER :: [0004] Injected Suit in 0.119 ms 
INFO - [G] 2025-09-25 20:45:35 :: INFO  :: TIMER :: [0013] Injected Rank in 0.157 ms 
INFO - [G] 2025-09-25 20:45:35 :: INFO  :: TIMER :: [0028] Injected DeckSkin in 0.294 ms 
INFO - [G] 2025-09-25 20:45:35 :: INFO  :: TIMER :: [0012] Injected PokerHand in 0.145 ms 
INFO - [G] 2025-09-25 20:45:35 :: INFO  :: TIMER :: [0020] Injected Challenge in 0.058 ms 
INFO - [G] 2025-09-25 20:45:35 :: INFO  :: TIMER :: [0000] Injected Tag in 0.002 ms 
INFO - [G] 2025-09-25 20:45:35 :: INFO  :: TIMER :: [0004] Injected Sticker in 0.120 ms 
INFO - [G] 2025-09-25 20:45:35 :: INFO  :: TIMER :: [0000] Injected Shader in 0.002 ms 
INFO - [G] 2025-09-25 20:45:35 :: INFO  :: TIMER :: [0002] Injected Keybind in 0.026 ms 
INFO - [G] 2025-09-25 20:45:35 :: INFO  :: TIMER :: [0000] Injected Achievement in 0.085 ms 
INFO - [G] 2025-09-25 20:45:35 :: INFO  :: TIMER :: [0002] Injected nil in 0.025 ms 
INFO - [G] 2025-09-25 20:45:35 :: INFO  :: TIMER :: [0021] Injected Draw Step in 0.084 ms 
INFO - [G] 2025-09-25 20:45:35 :: INFO  :: TIMER :: [0000] Injected [INTERNAL] in 0.906 ms 
INFO - [G] [DebugPlus] Press [/] to toggle console and press [shift] + [/] to toggle new log previews 
INFO - [G] line not found
INFO - [G] file not found: main.lua: No such file or directory
INFO - [G] file not found: main.lua: No such file or directory
INFO - [G] 2025-09-25 20:48:09 :: ERROR :: StackTrace :: Oops! The game crashed
[SMODS SuperAutoJokers "superautojokers_main.lua"]:102: attempt to call method 'is_four' (a nil value)
Stack Traceback
===============
(1) Lua upvalue 'orig' at file 'main.lua:612'
	Local variables:
	 msg = string: "[SMODS SuperAutoJokers \"superautojokers_main.lua\"]:102: attempt to call method 'is_four' (a nil value)"
	 (*temporary) = Lua function '?' (defined at line 31 of chunk [SMODS _ "src/logging.lua"])
	 (*temporary) = string: "Oops! The game crashed\
"
(2) Lua local 'handler' at file 'debugplus/console.lua:606' (from lovely module debugplus.console)
	Local variables:
	 msg = string: "[SMODS SuperAutoJokers \"superautojokers_main.lua\"]:102: attempt to call method 'is_four' (a nil value)"
(3) LÖVE method at file 'boot.lua:352'
	Local variables:
	 errhand = Lua function '(LÖVE Function)' (defined at line 605 of chunk [lovely debugplus.console "debugplus/console.lua"])
	 handler = Lua function '(LÖVE Function)' (defined at line 605 of chunk [lovely debugplus.console "debugplus/console.lua"])
(4) Lua method 'calculate' at file 'superautojokers_main.lua:102' (from mod with id SuperAutoJokers)
	Local variables:
	 self = table: 0x12574f68  {alerted:true, loc_vars:function: 0x12575160, _saved_d_u:true, original_key:pigjoker, mod:table: 0x124b35e0, registered:true, rarity:1, cost:3 (more...)}
	 card = table: 0x12d2e568  {click_offset:table: 0x12bab778, static_rotation:false, rank:1, parent:table: 0x125eb858, T:table: 0x12d2e758, last_aligned:-1, extra_cost:0, highlighted:false (more...)}
	 context = table: 0x12049c28  {other_card:table: 0x12180f20, poker_hands:table: 0x12b5ae50, individual:true, scoring_name:Straight, scoring_hand:table: 0x12b21600, full_hand:table: 0x124b8800 (more...)}
	 (*temporary) = nil
	 (*temporary) = table: 0x12180f20  {role:table: 0x11f784e0, zoom:true, click_offset:table: 0x12181200, under_overlay:false, children:table: 0x126e79b8, ambient_tilt:0.2, parent:table: 0x11dcd600 (more...)}
	 (*temporary) = nil
	 (*temporary) = string: "attempt to call method 'is_four' (a nil value)"
(5) Lua method 'calculate_joker' at file 'card.lua:2555'
	Local variables:
	 self = table: 0x12d2e568  {click_offset:table: 0x12bab778, static_rotation:false, rank:1, parent:table: 0x125eb858, T:table: 0x12d2e758, last_aligned:-1, extra_cost:0, highlighted:false (more...)}
	 context = table: 0x12049c28  {other_card:table: 0x12180f20, poker_hands:table: 0x12b5ae50, individual:true, scoring_name:Straight, scoring_hand:table: 0x12b21600, full_hand:table: 0x124b8800 (more...)}
	 obj = table: 0x12574f68  {alerted:true, loc_vars:function: 0x12575160, _saved_d_u:true, original_key:pigjoker, mod:table: 0x124b35e0, registered:true, rarity:1, cost:3 (more...)}
(6) Lua global 'eval_card' at file 'functions/common_events.lua:722'
	Local variables:
	 card = table: 0x12d2e568  {click_offset:table: 0x12bab778, static_rotation:false, rank:1, parent:table: 0x125eb858, T:table: 0x12d2e758, last_aligned:-1, extra_cost:0, highlighted:false (more...)}
	 context = table: 0x12049c28  {other_card:table: 0x12180f20, poker_hands:table: 0x12b5ae50, individual:true, scoring_name:Straight, scoring_hand:table: 0x12b21600, full_hand:table: 0x124b8800 (more...)}
	 ret = table: 0x12398cf0  {}
	 post_trig = table: 0x12398d18  {}
	 areas = table: 0x12ca0038  {1:table: 0x125eb858, 2:table: 0x120c71f8, 3:table: 0x1218de10}
	 area_set = table: 0x12398d40  {table: 0x1218de10:true, table: 0x125eb858:true, table: 0x120c71f8:true}
(7) Lua field 'calculate_card_areas' at Steamodded file 'src/utils.lua:1720' 
	Local variables:
	 _type = string: "jokers"
	 context = table: 0x12049c28  {other_card:table: 0x12180f20, poker_hands:table: 0x12b5ae50, individual:true, scoring_name:Straight, scoring_hand:table: 0x12b21600, full_hand:table: 0x124b8800 (more...)}
	 return_table = table: 0x12b9f830  {1:table: 0x12b9f8c0, 2:table: 0x126c0608}
	 args = table: 0x126c0630  {main_scoring:true}
	 flags = table: 0x12a3a7e0  {}
	 (for generator) = C function: builtin#6
	 (for state) = table: 0x12a3a808  {1:table: 0x125eb858, 2:table: 0x120c71f8, 3:table: 0x1218de10}
	 (for control) = number: 1
	 _ = number: 1
	 area = table: 0x125eb858  {click_offset:table: 0x125400f8, static_rotation:false, shuffle_amt:0, T:table: 0x125400d0, offset:table: 0x11ec31e0, role:table: 0x121f1fe8, last_aligned:-1 (more...)}
	 (for generator) = C function: builtin#6
	 (for state) = table: 0x1269b088  {1:table: 0x12d2e568, 2:table: 0x1267b130, 3:table: 0x11fda4e8}
	 (for control) = number: 1
	 _ = number: 1
	 _card = table: 0x12d2e568  {click_offset:table: 0x12bab778, static_rotation:false, rank:1, parent:table: 0x125eb858, T:table: 0x12d2e758, last_aligned:-1, extra_cost:0, highlighted:false (more...)}
(8) Lua field 'score_card' at Steamodded file 'src/utils.lua:1880' 
	Local variables:
	 card = table: 0x12180f20  {role:table: 0x11f784e0, zoom:true, click_offset:table: 0x12181200, under_overlay:false, children:table: 0x126e79b8, ambient_tilt:0.2, parent:table: 0x11dcd600 (more...)}
	 context = table: 0x12049c28  {other_card:table: 0x12180f20, poker_hands:table: 0x12b5ae50, individual:true, scoring_name:Straight, scoring_hand:table: 0x12b21600, full_hand:table: 0x124b8800 (more...)}
	 reps = table: 0x12049cb0  {1:1}
	 j = number: 1
	 effects = table: 0x12b9f830  {1:table: 0x12b9f8c0, 2:table: 0x126c0608}
(9) Lua field 'calculate_main_scoring' at Steamodded file 'src/utils.lua:1924' 
	Local variables:
	 context = table: 0x12049c28  {other_card:table: 0x12180f20, poker_hands:table: 0x12b5ae50, individual:true, scoring_name:Straight, scoring_hand:table: 0x12b21600, full_hand:table: 0x124b8800 (more...)}
	 scoring_hand = table: 0x12b21600  {1:table: 0x12180f20, 2:table: 0x125602f8, 3:table: 0x12635f68, 4:table: 0x11fa4af8, 5:table: 0x1205c840}
	 (for generator) = C function: builtin#6
	 (for state) = table: 0x124b8800  {1:table: 0x12180f20, 2:table: 0x125602f8, 3:table: 0x12635f68, 4:table: 0x11fa4af8, 5:table: 0x1205c840}
	 (for control) = number: 1
	 _ = number: 1
	 card = table: 0x12180f20  {role:table: 0x11f784e0, zoom:true, click_offset:table: 0x12181200, under_overlay:false, children:table: 0x126e79b8, ambient_tilt:0.2, parent:table: 0x11dcd600 (more...)}
	 in_scoring = boolean: true
(10) Lua field 'evaluate_play' at file 'functions/state_events.lua:614'
	Local variables:
	 e = nil
	 text = string: "Straight"
	 disp_text = string: "Straight"
	 poker_hands = table: 0x12b5ae50  {Flush House:table: 0x120b67a8, Full House:table: 0x120b67d0, top:table: 0x11fa10d8, Flush:table: 0x124b7540, Pair:table: 0x11f06420, Four of a Kind:table: 0x1205e570 (more...)}
	 scoring_hand = table: 0x12b21600  {1:table: 0x12180f20, 2:table: 0x125602f8, 3:table: 0x12635f68, 4:table: 0x11fa4af8, 5:table: 0x1205c840}
	 non_loc_disp_text = string: "Straight"
	 final_scoring_hand = table: 0x12b21600  {1:table: 0x12180f20, 2:table: 0x125602f8, 3:table: 0x12635f68, 4:table: 0x11fa4af8, 5:table: 0x1205c840}
	 hand_text_set = boolean: false
	 modded = nil
	 (for generator) = C function: builtin#6
	 (for state) = table: 0x12049c00  {1:table: 0x11dcd600, 2:table: 0x124d4c88}
	 (for control) = number: 1
	 _ = number: 1
	 v = table: 0x11dcd600  {click_offset:table: 0x121f1568, static_rotation:false, shuffle_amt:0, T:table: 0x12483370, offset:table: 0x12177d90, role:table: 0x123a8a88, last_aligned:-1 (more...)}
(11) Lua field 'func' at file 'functions/state_events.lua:482'
(12) Lua method 'handle' at file 'engine/event.lua:99'
	Local variables:
	 self = table: 0x122f62d8  {start_timer:true, timer:TOTAL, blockable:true, trigger:immediate, func:function: 0x125b1b48, delay:0, complete:false, time:499.23988770774, blocking:true (more...)}
	 _results = table: 0x127a1d90  {blocking:true, pause_skip:false, time_done:false, completed:false}
(13) Lua method 'update' at file 'engine/event.lua:182'
	Local variables:
	 self = table: 0x1233e450  {queue_last_processed:152.73333333335, queues:table: 0x1233e478, queue_dt:0.016666666666667, queue_timer:153.26407973819}
	 dt = number: 0.0168183
	 forced = nil
	 (for generator) = C function: next
	 (for state) = table: 0x1233e478  {unlock:table: 0x1233e568, other:table: 0x1233e608, tutorial:table: 0x1233e5b8, base:table: 0x1233e590, achievement:table: 0x1233e5e0}
	 (for control) = number: nan
	 k = string: "base"
	 v = table: 0x1233e590  {1:table: 0x12016c18, 2:table: 0x122f62d8, 3:table: 0x125d5680, 4:table: 0x12544660, 5:table: 0x12b4b430, 6:table: 0x12d2fae0, 7:table: 0x12bfdb48 (more...)}
	 blocked = boolean: false
	 i = number: 2
	 results = table: 0x127a1d90  {blocking:true, pause_skip:false, time_done:false, completed:false}
(14) Lua upvalue 'gameUpdateRef' at file 'game.lua:2552'
	Local variables:
	 self = table: 0x11de69d0  {F_GUIDE:false, F_CRASH_REPORTS:false, F_QUIT_BUTTON:true, HUD_tags:table: 0x12684000, F_ENGLISH_ONLY:false, viewed_stake:1, HUD:table: 0x12446bf8 (more...)}
	 dt = number: 0.0168183
	 http_resp = nil
(15) Lua method 'update' at Steamodded file 'src/ui.lua:84' 
	Local variables:
	 self = table: 0x11de69d0  {F_GUIDE:false, F_CRASH_REPORTS:false, F_QUIT_BUTTON:true, HUD_tags:table: 0x12684000, F_ENGLISH_ONLY:false, viewed_stake:1, HUD:table: 0x12446bf8 (more...)}
	 dt = number: 0.0168183
(16) Lua field 'update' at file 'main.lua:999'
	Local variables:
	 dt = number: 0.0168183
(17) Lua function '?' at file 'main.lua:938' (best guess)
(18) global C function 'xpcall'
(19) LÖVE function at file 'boot.lua:377' (best guess)
	Local variables:
	 func = Lua function '?' (defined at line 909 of chunk main.lua)
	 inerror = boolean: true
	 deferErrhand = Lua function '(LÖVE Function)' (defined at line 348 of chunk [love "boot.lua"])
	 earlyinit = Lua function '(LÖVE Function)' (defined at line 355 of chunk [love "boot.lua"])
 
INFO - [G] file not found: main.lua: No such file or directory
INFO - [G] file not found: main.lua: No such file or directory
INFO - [G] 2025-09-25 20:48:09 :: INFO  :: StackTrace :: Additional Context:
Balatro Version: 1.0.1o-FULL
Modded Version: 1.0.0~BETA-0711a-STEAMODDED
LÖVE Version: 11.5.0
Lovely Version: 0.8.0
Platform: Windows
Steamodded Mods:
    1: Super Auto Jokers by Equi [ID: SuperAutoJokers, Version: 1.0.0]
    2: DebugPlus by WilsontheWolf [ID: DebugPlus, Version: 1.5.1, Uses Lovely]
Lovely Mods: 
