INFO - [♥] Lovely 0.8.0
INFO - [♥] Game directory is at "C:\\Program Files (x86)\\Steam\\steamapps\\common\\Balatro"
INFO - [♥] Writing logs to "C:\\Users\\PC\\AppData\\Roaming\\Balatro\\Mods\\lovely\\log"
INFO - [♥] Using mod directory at "C:\\Users\\PC\\AppData\\Roaming\\Balatro\\Mods"
INFO - [♥] Cleaning up dumps directory at "C:\\Users\\PC\\AppData\\Roaming\\Balatro\\Mods\\lovely\\dump"
INFO - [♥] Initialization complete in 182ms
INFO - [♥] Applied 1 patch to 'conf.lua'
INFO - [♥] Applied 11 patches to 'main.lua'
INFO - [♥] Applied 10 patches to 'engine/controller.lua'
INFO - [♥] Applied 15 patches to 'back.lua'
INFO - [♥] Applied 7 patches to 'tag.lua'
INFO - [♥] Applied 2 patches to 'engine/moveable.lua'
INFO - [♥] Applied 2 patches to 'engine/sprite.lua'
INFO - [♥] Applied 2 patches to 'engine/animatedsprite.lua'
INFO - [♥] Applied 67 patches to 'functions/misc_functions.lua'
INFO - [♥] Applied 40 patches to 'game.lua'
INFO - [♥] Applied 1 patch to 'globals.lua'
INFO - [♥] Applied 5 patches to 'engine/ui.lua'
INFO - [♥] Applied 95 patches to 'functions/UI_definitions.lua'
INFO - [♥] Applied 49 patches to 'functions/state_events.lua'
INFO - [♥] Applied 117 patches to 'functions/common_events.lua'
INFO - [♥] Applied 51 patches to 'functions/button_callbacks.lua'
INFO - [♥] Applied 186 patches to 'card.lua'
INFO - [♥] Applied 10 patches to 'cardarea.lua'
INFO - [♥] Applied 37 patches to 'blind.lua'
INFO - [♥] Applied 2 patches to 'engine/text.lua'
INFO - [G] Failed to connect to the debug server 
INFO - [G] 2025-09-11 16:09:39 :: DEBUG :: DebugConsole :: Steamodded Debug Socket started ! 
INFO - [G] 2025-09-11 16:09:39 :: INFO  :: SMODS :: Steamodded v1.0.0~BETA-0711a 
INFO - [♥] Applied 9 patches to 'engine/sound_manager.lua'
INFO - [♥] Applied 1 patch to 'engine/save_manager.lua'
INFO - [G] 2025-09-11 16:09:46 :: INFO  :: Loader :: Valid JSON file found 
INFO - [G] 2025-09-11 16:09:46 :: INFO  :: Loader :: Valid JSON file found 
INFO - [G] 2025-09-11 16:09:46 :: INFO  :: TIMER :: [0000] Injected Fonts in 0.001 ms 
INFO - [G] 2025-09-11 16:09:46 :: INFO  :: TIMER :: [0000] Injected Language in 0.002 ms 
INFO - [G] 2025-09-11 16:09:47 :: INFO  :: TIMER :: [0000] Injected [INTERNAL] in 3.746 ms 
INFO - [G] 2025-09-11 16:09:47 :: INFO  :: TIMER :: [0003] Injected Atlas in 441.125 ms 
INFO - [G] 2025-09-11 16:09:47 :: INFO  :: TIMER :: [0001] Injected Sound in 1.130 ms 
INFO - [G] 2025-09-11 16:09:47 :: INFO  :: TIMER :: [0008] Injected Stake in 0.737 ms 
INFO - [G] 2025-09-11 16:09:47 :: INFO  :: TIMER :: [0004] Injected Rarity in 0.054 ms 
INFO - [G] 2025-09-11 16:09:47 :: INFO  :: TIMER :: [0004] Injected ObjectType in 0.155 ms 
INFO - [G] 2025-09-11 16:09:47 :: INFO  :: TIMER :: [0057] Injected Center in 0.757 ms 
INFO - [G] 2025-09-11 16:09:47 :: INFO  :: TIMER :: [0007] Injected Undiscovered Sprite in 0.059 ms 
INFO - [G] 2025-09-11 16:09:47 :: INFO  :: TIMER :: [0002] Injected Blind in 0.027 ms 
INFO - [G] 2025-09-11 16:09:47 :: INFO  :: TIMER :: [0004] Injected Seal in 0.208 ms 
INFO - [G] 2025-09-11 16:09:47 :: INFO  :: TIMER :: [0004] Injected Suit in 0.106 ms 
INFO - [G] 2025-09-11 16:09:47 :: INFO  :: TIMER :: [0013] Injected Rank in 0.178 ms 
INFO - [G] 2025-09-11 16:09:47 :: INFO  :: TIMER :: [0028] Injected DeckSkin in 0.353 ms 
INFO - [G] 2025-09-11 16:09:47 :: INFO  :: TIMER :: [0012] Injected PokerHand in 0.144 ms 
INFO - [G] 2025-09-11 16:09:47 :: INFO  :: TIMER :: [0020] Injected Challenge in 0.055 ms 
INFO - [G] 2025-09-11 16:09:47 :: INFO  :: TIMER :: [0000] Injected Tag in 0.002 ms 
INFO - [G] 2025-09-11 16:09:47 :: INFO  :: TIMER :: [0004] Injected Sticker in 0.138 ms 
INFO - [G] 2025-09-11 16:09:47 :: INFO  :: TIMER :: [0000] Injected Shader in 0.003 ms 
INFO - [G] 2025-09-11 16:09:47 :: INFO  :: TIMER :: [0002] Injected Keybind in 0.023 ms 
INFO - [G] 2025-09-11 16:09:47 :: INFO  :: TIMER :: [0000] Injected Achievement in 0.143 ms 
INFO - [G] 2025-09-11 16:09:47 :: INFO  :: TIMER :: [0002] Injected nil in 0.024 ms 
INFO - [G] 2025-09-11 16:09:47 :: INFO  :: TIMER :: [0021] Injected Draw Step in 0.173 ms 
INFO - [G] 2025-09-11 16:09:47 :: INFO  :: TIMER :: [0000] Injected [INTERNAL] in 1.219 ms 
INFO - [G] [DebugPlus] Press [/] to toggle console and press [shift] + [/] to toggle new log previews 
INFO - [G] line not found
INFO - [G] file not found: functions/button_callbacks.lua: No such file or directory
INFO - [G] file not found: main.lua: No such file or directory
INFO - [G] file not found: main.lua: No such file or directory
INFO - [G] 2025-09-11 16:10:32 :: ERROR :: StackTrace :: Oops! The game crashed
functions/common_events.lua:2323: attempt to index local 'center' (a nil value)
Stack Traceback
===============
(1) Lua upvalue 'orig' at file 'main.lua:612'
	Local variables:
	 msg = string: "functions/common_events.lua:2323: attempt to index local 'center' (a nil value)"
	 (*temporary) = Lua function '?' (defined at line 31 of chunk [SMODS _ "src/logging.lua"])
	 (*temporary) = string: "Oops! The game crashed\
"
(2) Lua local 'handler' at file 'debugplus/console.lua:606' (from lovely module debugplus.console)
	Local variables:
	 msg = string: "functions/common_events.lua:2323: attempt to index local 'center' (a nil value)"
(3) LÖVE metamethod at file 'boot.lua:352'
	Local variables:
	 errhand = Lua function '(LÖVE Function)' (defined at line 605 of chunk [lovely debugplus.console "debugplus/console.lua"])
	 handler = Lua function '(LÖVE Function)' (defined at line 605 of chunk [lovely debugplus.console "debugplus/console.lua"])
(4) Lua global 'create_card' at file 'functions/common_events.lua:2323'
	Local variables:
	 _type = string: "Spectral"
	 area = table: 0x1c2535c8  {click_offset:table: 0x1c4d4868, static_rotation:false, shuffle_amt:0, T:table: 0x1c6891a8, offset:table: 0x1c43d138, role:table: 0x1c395700, last_aligned:-1 (more...)}
	 legendary = nil
	 _rarity = nil
	 skip_materialize = nil
	 soulable = nil
	 forced_key = string: "aura"
	 key_append = nil
	 area = table: 0x1c2535c8  {click_offset:table: 0x1c4d4868, static_rotation:false, shuffle_amt:0, T:table: 0x1c6891a8, offset:table: 0x1c43d138, role:table: 0x1c395700, last_aligned:-1 (more...)}
	 center = nil
	 (*temporary) = table: 0x1c0f8930  {j_mime:table: 0x1c180970, j_ring_master:table: 0x1c3913c0, b_challenge:table: 0x1c3c4db0, j_sapjokers_skunkjoker:table: 0x1bff52b0, c_medium:table: 0x1c1866e0 (more...)}
	 (*temporary) = number: 485
	 (*temporary) = table: 0x1cde8880  {click_offset:table: 0x1cfb2508, children:table: 0x1c1bd110, parent:table: 0x1c0cf7f0, T:table: 0x1cfb2b08, offset:table: 0x1cfaef28, role:table: 0x1cfaee70 (more...)}
	 (*temporary) = table: 0x1cde8880  {click_offset:table: 0x1cfb2508, children:table: 0x1c1bd110, parent:table: 0x1c0cf7f0, T:table: 0x1cfb2b08, offset:table: 0x1cfaef28, role:table: 0x1cfaee70 (more...)}
	 (*temporary) = table: 0x1bed4bf8  {1:table: 0x1c635f10, 2:table: 0x1bfb81e8, 3:table: 0x1c2535c8, 4:table: 0x1c4ef640, 5:table: 0x1c6958a8, 6:table: 0x1beb7930, 7:table: 0x1c652138 (more...)}
	 (*temporary) = number: 485
	 (*temporary) = table: 0x1cde8880  {click_offset:table: 0x1cfb2508, children:table: 0x1c1bd110, parent:table: 0x1c0cf7f0, T:table: 0x1cfb2b08, offset:table: 0x1cfaef28, role:table: 0x1cfaee70 (more...)}
	 (*temporary) = number: nan
	 (*temporary) = number: 485
	 (*temporary) = table: 0x1cd06f60  {click_offset:table: 0x1cd5e360, children:table: 0x1cd69910, parent:table: 0x1cde8880, T:table: 0x1c7a5f80, offset:table: 0x1cfb2e08, role:table: 0x1cfb2cf0 (more...)}
	 (*temporary) = table: 0x1cd06f60  {click_offset:table: 0x1cd5e360, children:table: 0x1cd69910, parent:table: 0x1cde8880, T:table: 0x1c7a5f80, offset:table: 0x1cfb2e08, role:table: 0x1cfb2cf0 (more...)}
	 (*temporary) = table: 0x1bed4bf8  {1:table: 0x1c635f10, 2:table: 0x1bfb81e8, 3:table: 0x1c2535c8, 4:table: 0x1c4ef640, 5:table: 0x1c6958a8, 6:table: 0x1beb7930, 7:table: 0x1c652138 (more...)}
	 (*temporary) = number: 485
	 (*temporary) = string: "attempt to index local 'center' (a nil value)"
(5) Lua method 'calculate' at file 'superautojokers_main.lua:195' (from mod with id SuperAutoJokers)
	Local variables:
	 self = table: 0x1bfb73c8  {alerted:true, loc_vars:function: 0x1bed3af8, _saved_d_u:true, original_key:cowjoker, mod:table: 0x1c5a5d70, registered:true, rarity:2, cost:6 (more...)}
	 card = table: 0x1ce60648  {click_offset:table: 0x1c271710, static_rotation:false, rank:1, parent:table: 0x1c4ef640, T:table: 0x1ce6e630, last_aligned:-1, extra_cost:0, highlighted:true (more...)}
	 context = table: 0x1c093650  {selling_self:true}
(6) Lua method 'calculate_joker' at file 'card.lua:2555'
	Local variables:
	 self = table: 0x1ce60648  {click_offset:table: 0x1c271710, static_rotation:false, rank:1, parent:table: 0x1c4ef640, T:table: 0x1ce6e630, last_aligned:-1, extra_cost:0, highlighted:true (more...)}
	 context = table: 0x1c093650  {selling_self:true}
	 obj = table: 0x1bfb73c8  {alerted:true, loc_vars:function: 0x1bed3af8, _saved_d_u:true, original_key:cowjoker, mod:table: 0x1c5a5d70, registered:true, rarity:2, cost:6 (more...)}
(7) Lua global 'eval_card' at file 'functions/common_events.lua:722'
	Local variables:
	 card = table: 0x1ce60648  {click_offset:table: 0x1c271710, static_rotation:false, rank:1, parent:table: 0x1c4ef640, T:table: 0x1ce6e630, last_aligned:-1, extra_cost:0, highlighted:true (more...)}
	 context = table: 0x1c093650  {selling_self:true}
	 ret = table: 0x1c794830  {}
	 post_trig = table: 0x1c798058  {}
	 areas = table: 0x1c032938  {1:table: 0x1c4ef640, 2:table: 0x1c2535c8, 3:table: 0x1beb7930}
	 area_set = table: 0x1c6a4188  {table: 0x1c4ef640:true, table: 0x1c2535c8:true, table: 0x1beb7930:true}
(8) Lua method 'sell_card' at file 'card.lua:1837'
	Local variables:
	 self = table: 0x1ce60648  {click_offset:table: 0x1c271710, static_rotation:false, rank:1, parent:table: 0x1c4ef640, T:table: 0x1ce6e630, last_aligned:-1, extra_cost:0, highlighted:true (more...)}
	 area = table: 0x1c4ef640  {click_offset:table: 0x1c436a88, static_rotation:false, shuffle_amt:0, T:table: 0x1bee4eb0, offset:table: 0x1c58ad68, role:table: 0x1c1d1988, last_aligned:-1 (more...)}
(9) Lua function '?' at file 'functions/button_callbacks.lua:2366' (best guess)
	Local variables:
	 e = table: 0x1c0e18a8  {pixellated_rect:table: 0x1ccbdfd8, click_offset:table: 0x1c6a9e08, children:table: 0x1c0e18d0, parent:table: 0x1cd06f60, T:table: 0x1bfabde8 (more...)}
	 card = table: 0x1ce60648  {click_offset:table: 0x1c271710, static_rotation:false, rank:1, parent:table: 0x1c4ef640, T:table: 0x1ce6e630, last_aligned:-1, extra_cost:0, highlighted:true (more...)}
(10) Lua method 'click' at file 'engine/ui.lua:981'
	Local variables:
	 self = table: 0x1c0e18a8  {pixellated_rect:table: 0x1ccbdfd8, click_offset:table: 0x1c6a9e08, children:table: 0x1c0e18d0, parent:table: 0x1cd06f60, T:table: 0x1bfabde8 (more...)}
(11) Lua method 'update' at file 'engine/controller.lua:375'
	Local variables:
	 self = table: 0x1c41eec0  {held_button_times:table: 0x1c41f790, focus_cursor_stack_level:1, snap_cursor_to:table: 0x1ceb5a98, interrupt:table: 0x1c41f7e0, GAMEPAD:table: 0x1c420010 (more...)}
	 dt = number: 0.0163968
(12) Lua upvalue 'gameUpdateRef' at file 'game.lua:2689'
	Local variables:
	 self = table: 0x1bed0450  {F_GUIDE:false, F_CRASH_REPORTS:false, F_QUIT_BUTTON:true, HUD_tags:table: 0x1cbbb148, F_ENGLISH_ONLY:false, viewed_stake:1, HUD:table: 0x1c729af8 (more...)}
	 dt = number: 0.0163968
(13) Lua method 'update' at Steamodded file 'src/ui.lua:84' 
	Local variables:
	 self = table: 0x1bed0450  {F_GUIDE:false, F_CRASH_REPORTS:false, F_QUIT_BUTTON:true, HUD_tags:table: 0x1cbbb148, F_ENGLISH_ONLY:false, viewed_stake:1, HUD:table: 0x1c729af8 (more...)}
	 dt = number: 0.0163968
(14) Lua field 'update' at file 'main.lua:999'
	Local variables:
	 dt = number: 0.0163968
(15) Lua function '?' at file 'main.lua:938' (best guess)
(16) global C function 'xpcall'
(17) LÖVE function at file 'boot.lua:377' (best guess)
	Local variables:
	 func = Lua function '?' (defined at line 909 of chunk main.lua)
	 inerror = boolean: true
	 deferErrhand = Lua function '(LÖVE Function)' (defined at line 348 of chunk [love "boot.lua"])
	 earlyinit = Lua function '(LÖVE Function)' (defined at line 355 of chunk [love "boot.lua"])
 
INFO - [G] file not found: functions/button_callbacks.lua: No such file or directory
INFO - [G] file not found: main.lua: No such file or directory
INFO - [G] file not found: main.lua: No such file or directory
INFO - [G] 2025-09-11 16:10:32 :: INFO  :: StackTrace :: Additional Context:
Balatro Version: 1.0.1o-FULL
Modded Version: 1.0.0~BETA-0711a-STEAMODDED
LÖVE Version: 11.5.0
Lovely Version: 0.8.0
Platform: Windows
Steamodded Mods:
    1: Super Auto Jokers by Equi [ID: SuperAutoJokers, Version: 1.0.0]
    2: DebugPlus by WilsontheWolf [ID: DebugPlus, Version: 1.5.1, Uses Lovely]
Lovely Mods: 
