INFO - [♥] Lovely 0.8.0
INFO - [♥] Game directory is at "C:\\Program Files (x86)\\Steam\\steamapps\\common\\Balatro"
INFO - [♥] Writing logs to "C:\\Users\\PC\\AppData\\Roaming\\Balatro\\Mods\\lovely\\log"
INFO - [♥] Using mod directory at "C:\\Users\\PC\\AppData\\Roaming\\Balatro\\Mods"
INFO - [♥] Cleaning up dumps directory at "C:\\Users\\PC\\AppData\\Roaming\\Balatro\\Mods\\lovely\\dump"
INFO - [♥] Initialization complete in 135ms
INFO - [♥] Applied 1 patch to 'conf.lua'
INFO - [♥] Applied 11 patches to 'main.lua'
INFO - [♥] Applied 10 patches to 'engine/controller.lua'
INFO - [♥] Applied 15 patches to 'back.lua'
INFO - [♥] Applied 7 patches to 'tag.lua'
INFO - [♥] Applied 2 patches to 'engine/moveable.lua'
INFO - [♥] Applied 2 patches to 'engine/sprite.lua'
INFO - [♥] Applied 2 patches to 'engine/animatedsprite.lua'
INFO - [♥] Applied 67 patches to 'functions/misc_functions.lua'
INFO - [♥] Applied 40 patches to 'game.lua'
INFO - [♥] Applied 1 patch to 'globals.lua'
INFO - [♥] Applied 5 patches to 'engine/ui.lua'
INFO - [♥] Applied 95 patches to 'functions/UI_definitions.lua'
INFO - [♥] Applied 49 patches to 'functions/state_events.lua'
INFO - [♥] Applied 117 patches to 'functions/common_events.lua'
INFO - [♥] Applied 51 patches to 'functions/button_callbacks.lua'
INFO - [♥] Applied 186 patches to 'card.lua'
INFO - [♥] Applied 10 patches to 'cardarea.lua'
INFO - [♥] Applied 37 patches to 'blind.lua'
INFO - [♥] Applied 2 patches to 'engine/text.lua'
INFO - [G] Failed to connect to the debug server 
INFO - [G] 2025-09-11 12:37:46 :: DEBUG :: DebugConsole :: Steamodded Debug Socket started ! 
INFO - [G] 2025-09-11 12:37:46 :: INFO  :: SMODS :: Steamodded v1.0.0~BETA-0711a 
INFO - [♥] Applied 9 patches to 'engine/sound_manager.lua'
INFO - [♥] Applied 1 patch to 'engine/save_manager.lua'
INFO - [G] 2025-09-11 12:37:51 :: INFO  :: Loader :: Valid JSON file found 
INFO - [G] 2025-09-11 12:37:51 :: INFO  :: Loader :: Valid JSON file found 
INFO - [G] 2025-09-11 12:37:51 :: INFO  :: TIMER :: [0000] Injected Fonts in 0.002 ms 
INFO - [G] 2025-09-11 12:37:51 :: INFO  :: TIMER :: [0000] Injected Language in 0.002 ms 
INFO - [G] 2025-09-11 12:37:51 :: INFO  :: TIMER :: [0000] Injected [INTERNAL] in 4.338 ms 
INFO - [G] 2025-09-11 12:37:51 :: INFO  :: TIMER :: [0003] Injected Atlas in 418.080 ms 
INFO - [G] 2025-09-11 12:37:51 :: INFO  :: TIMER :: [0001] Injected Sound in 1.336 ms 
INFO - [G] 2025-09-11 12:37:51 :: INFO  :: TIMER :: [0008] Injected Stake in 0.924 ms 
INFO - [G] 2025-09-11 12:37:51 :: INFO  :: TIMER :: [0004] Injected Rarity in 0.051 ms 
INFO - [G] 2025-09-11 12:37:51 :: INFO  :: TIMER :: [0004] Injected ObjectType in 0.257 ms 
INFO - [G] 2025-09-11 12:37:51 :: INFO  :: TIMER :: [0054] Injected Center in 1.842 ms 
INFO - [G] 2025-09-11 12:37:51 :: INFO  :: TIMER :: [0007] Injected Undiscovered Sprite in 0.039 ms 
INFO - [G] 2025-09-11 12:37:51 :: INFO  :: TIMER :: [0002] Injected Blind in 0.031 ms 
INFO - [G] 2025-09-11 12:37:51 :: INFO  :: TIMER :: [0004] Injected Seal in 1.455 ms 
INFO - [G] 2025-09-11 12:37:51 :: INFO  :: TIMER :: [0004] Injected Suit in 0.299 ms 
INFO - [G] 2025-09-11 12:37:51 :: INFO  :: TIMER :: [0013] Injected Rank in 0.300 ms 
INFO - [G] 2025-09-11 12:37:51 :: INFO  :: TIMER :: [0028] Injected DeckSkin in 0.699 ms 
INFO - [G] 2025-09-11 12:37:51 :: INFO  :: TIMER :: [0012] Injected PokerHand in 0.165 ms 
INFO - [G] 2025-09-11 12:37:51 :: INFO  :: TIMER :: [0020] Injected Challenge in 0.055 ms 
INFO - [G] 2025-09-11 12:37:51 :: INFO  :: TIMER :: [0000] Injected Tag in 0.002 ms 
INFO - [G] 2025-09-11 12:37:51 :: INFO  :: TIMER :: [0004] Injected Sticker in 0.189 ms 
INFO - [G] 2025-09-11 12:37:51 :: INFO  :: TIMER :: [0000] Injected Shader in 0.002 ms 
INFO - [G] 2025-09-11 12:37:51 :: INFO  :: TIMER :: [0002] Injected Keybind in 0.581 ms 
INFO - [G] 2025-09-11 12:37:51 :: INFO  :: TIMER :: [0000] Injected Achievement in 0.508 ms 
INFO - [G] 2025-09-11 12:37:51 :: INFO  :: TIMER :: [0002] Injected nil in 0.290 ms 
INFO - [G] 2025-09-11 12:37:51 :: INFO  :: TIMER :: [0021] Injected Draw Step in 0.149 ms 
INFO - [G] 2025-09-11 12:37:52 :: INFO  :: TIMER :: [0000] Injected [INTERNAL] in 1.331 ms 
INFO - [G] [DebugPlus] Press [/] to toggle console and press [shift] + [/] to toggle new log previews 
INFO - [G] line not found
INFO - [G] file not found: main.lua: No such file or directory
INFO - [G] file not found: main.lua: No such file or directory
INFO - [G] 2025-09-11 12:38:08 :: ERROR :: StackTrace :: Oops! The game crashed
functions/UI_definitions.lua:1387: attempt to call method 'generate_UI' (a nil value)
Stack Traceback
===============
(1) Lua upvalue 'orig' at file 'main.lua:612'
	Local variables:
	 msg = string: "functions/UI_definitions.lua:1387: attempt to call method 'generate_UI' (a nil value)"
	 (*temporary) = Lua function '?' (defined at line 31 of chunk [SMODS _ "src/logging.lua"])
	 (*temporary) = string: "Oops! The game crashed\
"
(2) Lua local 'handler' at file 'debugplus/console.lua:606' (from lovely module debugplus.console)
	Local variables:
	 msg = string: "functions/UI_definitions.lua:1387: attempt to call method 'generate_UI' (a nil value)"
(3) LÖVE method at file 'boot.lua:352'
	Local variables:
	 errhand = Lua function '(LÖVE Function)' (defined at line 605 of chunk [lovely debugplus.console "debugplus/console.lua"])
	 handler = Lua function '(LÖVE Function)' (defined at line 605 of chunk [lovely debugplus.console "debugplus/console.lua"])
(4) Lua global 'add_tag' at file 'functions/UI_definitions.lua:1387'
	Local variables:
	 _tag = string: "Double Tag"
	 (*temporary) = nil
	 (*temporary) = string: "Double Tag"
	 (*temporary) = table: 0x16c79dd8  {click_offset:table: 0x17346160, children:table: 0x1797ac70, parent:table: 0x1793ca70, T:table: 0x1707f390, offset:table: 0x16cbc9b8, role:table: 0x16b91998 (more...)}
	 (*temporary) = nil
	 (*temporary) = C function: next
	 (*temporary) = table: 0x1797ac70  {}
	 (*temporary) = number: nan
	 (*temporary) = table: 0x16c79dd8  {click_offset:table: 0x17346160, children:table: 0x1797ac70, parent:table: 0x1793ca70, T:table: 0x1707f390, offset:table: 0x16cbc9b8, role:table: 0x16b91998 (more...)}
	 (*temporary) = string: "attempt to call method 'generate_UI' (a nil value)"
(5) Lua method 'calculate' at file 'superautojokers_main.lua:168' (from mod with id SuperAutoJokers)
	Local variables:
	 self = table: 0x17166538  {alerted:true, loc_vars:function: 0x1712bbd0, _saved_d_u:true, original_key:catjoker, mod:table: 0x171d2ac0, registered:true, rarity:3, cost:6 (more...)}
	 card = table: 0x1796ba48  {sticker_run:NONE, click_offset:table: 0x17a23210, static_rotation:false, children:table: 0x179f3450, ambient_tilt:0.2, parent:table: 0x16afee88 (more...)}
	 context = table: 0x16c72720  {main_eval:true, cardarea:table: 0x16afee88, skip_blind:true}
(6) Lua method 'calculate_joker' at file 'card.lua:2555'
	Local variables:
	 self = table: 0x1796ba48  {sticker_run:NONE, click_offset:table: 0x17a23210, static_rotation:false, children:table: 0x179f3450, ambient_tilt:0.2, parent:table: 0x16afee88 (more...)}
	 context = table: 0x16c72720  {main_eval:true, cardarea:table: 0x16afee88, skip_blind:true}
	 obj = table: 0x17166538  {alerted:true, loc_vars:function: 0x1712bbd0, _saved_d_u:true, original_key:catjoker, mod:table: 0x171d2ac0, registered:true, rarity:3, cost:6 (more...)}
(7) Lua global 'eval_card' at file 'functions/common_events.lua:722'
	Local variables:
	 card = table: 0x1796ba48  {sticker_run:NONE, click_offset:table: 0x17a23210, static_rotation:false, children:table: 0x179f3450, ambient_tilt:0.2, parent:table: 0x16afee88 (more...)}
	 context = table: 0x16c72720  {main_eval:true, cardarea:table: 0x16afee88, skip_blind:true}
	 ret = table: 0x178b6208  {}
	 post_trig = table: 0x17299c30  {}
	 areas = table: 0x173a9308  {1:table: 0x16afee88, 2:table: 0x16c80d58, 3:table: 0x16fc9e18}
	 area_set = table: 0x173b3378  {table: 0x16afee88:true, table: 0x16fc9e18:true, table: 0x16c80d58:true}
(8) Lua field 'calculate_card_areas' at Steamodded file 'src/utils.lua:1720' 
	Local variables:
	 _type = string: "jokers"
	 context = table: 0x16c72720  {main_eval:true, cardarea:table: 0x16afee88, skip_blind:true}
	 return_table = nil
	 args = table: 0x16d8e320  {joker_area:true}
	 flags = table: 0x171127a0  {}
	 (for generator) = C function: builtin#6
	 (for state) = table: 0x17967008  {1:table: 0x16afee88, 2:table: 0x16c80d58, 3:table: 0x16fc9e18}
	 (for control) = number: 1
	 _ = number: 1
	 area = table: 0x16afee88  {click_offset:table: 0x172002e0, static_rotation:false, shuffle_amt:0, T:table: 0x16ae6020, offset:table: 0x1743fa10, role:table: 0x16dc61a8, last_aligned:-1 (more...)}
	 (for generator) = C function: builtin#6
	 (for state) = table: 0x16c2e0e0  {1:table: 0x1796ba48, 2:table: 0x16eb94c8, 3:table: 0x16c34340, 4:table: 0x16ff7b30, 5:table: 0x179cb3a0}
	 (for control) = number: 1
	 _ = number: 1
	 _card = table: 0x1796ba48  {sticker_run:NONE, click_offset:table: 0x17a23210, static_rotation:false, children:table: 0x179f3450, ambient_tilt:0.2, parent:table: 0x16afee88 (more...)}
(9) Lua field 'calculate_context' at Steamodded file 'src/utils.lua:1836' 
	Local variables:
	 context = table: 0x16c72720  {main_eval:true, cardarea:table: 0x16afee88, skip_blind:true}
	 return_table = nil
	 no_resolve = nil
	 has_area = nil
	 flags = table: 0x16d410a0  {}
	 (*temporary) = number: 1
(10) Lua field 'func' at file 'functions/button_callbacks.lua:2814'
(11) Lua method 'handle' at file 'engine/event.lua:99'
	Local variables:
	 self = table: 0x16bfa8e8  {start_timer:true, timer:TOTAL, blockable:true, trigger:immediate, func:function: 0x16cc9b50, delay:0, complete:false, time:23.152163636427, blocking:true (more...)}
	 _results = table: 0x172376d8  {blocking:true, pause_skip:false, time_done:false, completed:false}
(12) Lua method 'update' at file 'engine/event.lua:182'
	Local variables:
	 self = table: 0x16febb88  {queue_last_processed:16.366666666667, queues:table: 0x16febbb0, queue_dt:0.016666666666667, queue_timer:16.487775006419}
	 dt = number: 0.0164671
	 forced = nil
	 (for generator) = C function: next
	 (for state) = table: 0x16febbb0  {unlock:table: 0x16febca0, other:table: 0x16febd40, tutorial:table: 0x16febcf0, base:table: 0x16febcc8, achievement:table: 0x16febd18}
	 (for control) = number: nan
	 k = string: "base"
	 v = table: 0x16febcc8  {1:table: 0x16e54230, 2:table: 0x172873c0, 3:table: 0x16bfa8e8, 4:table: 0x17951100, 5:table: 0x16da8e18}
	 blocked = boolean: false
	 i = number: 3
	 results = table: 0x172376d8  {blocking:true, pause_skip:false, time_done:false, completed:false}
(13) Lua upvalue 'gameUpdateRef' at file 'game.lua:2552'
	Local variables:
	 self = table: 0x16aec1a8  {F_GUIDE:false, F_CRASH_REPORTS:false, F_QUIT_BUTTON:true, HUD_tags:table: 0x17778ee0, F_ENGLISH_ONLY:false, viewed_stake:1, HUD:table: 0x172652f8 (more...)}
	 dt = number: 0.0164671
	 http_resp = nil
(14) Lua method 'update' at Steamodded file 'src/ui.lua:84' 
	Local variables:
	 self = table: 0x16aec1a8  {F_GUIDE:false, F_CRASH_REPORTS:false, F_QUIT_BUTTON:true, HUD_tags:table: 0x17778ee0, F_ENGLISH_ONLY:false, viewed_stake:1, HUD:table: 0x172652f8 (more...)}
	 dt = number: 0.0164671
(15) Lua field 'update' at file 'main.lua:999'
	Local variables:
	 dt = number: 0.0164671
(16) Lua function '?' at file 'main.lua:938' (best guess)
(17) global C function 'xpcall'
(18) LÖVE function at file 'boot.lua:377' (best guess)
	Local variables:
	 func = Lua function '?' (defined at line 909 of chunk main.lua)
	 inerror = boolean: true
	 deferErrhand = Lua function '(LÖVE Function)' (defined at line 348 of chunk [love "boot.lua"])
	 earlyinit = Lua function '(LÖVE Function)' (defined at line 355 of chunk [love "boot.lua"])
 
INFO - [G] file not found: main.lua: No such file or directory
INFO - [G] file not found: main.lua: No such file or directory
INFO - [G] 2025-09-11 12:38:08 :: INFO  :: StackTrace :: Additional Context:
Balatro Version: 1.0.1o-FULL
Modded Version: 1.0.0~BETA-0711a-STEAMODDED
LÖVE Version: 11.5.0
Lovely Version: 0.8.0
Platform: Windows
Steamodded Mods:
    1: Super Auto Jokers by Equi [ID: SuperAutoJokers, Version: 1.0.0]
    2: DebugPlus by WilsontheWolf [ID: DebugPlus, Version: 1.5.1, Uses Lovely]
Lovely Mods: 
