INFO - [♥] Lovely 0.8.0
INFO - [♥] Game directory is at "C:\\Program Files (x86)\\Steam\\steamapps\\common\\Balatro"
INFO - [♥] Writing logs to "C:\\Users\\PC\\AppData\\Roaming\\Balatro\\Mods\\lovely\\log"
INFO - [♥] Using mod directory at "C:\\Users\\PC\\AppData\\Roaming\\Balatro\\Mods"
INFO - [♥] Cleaning up dumps directory at "C:\\Users\\PC\\AppData\\Roaming\\Balatro\\Mods\\lovely\\dump"
INFO - [♥] Initialization complete in 153ms
INFO - [♥] Applied 1 patch to 'conf.lua'
INFO - [♥] Applied 11 patches to 'main.lua'
INFO - [♥] Applied 10 patches to 'engine/controller.lua'
INFO - [♥] Applied 15 patches to 'back.lua'
INFO - [♥] Applied 7 patches to 'tag.lua'
INFO - [♥] Applied 2 patches to 'engine/moveable.lua'
INFO - [♥] Applied 2 patches to 'engine/sprite.lua'
INFO - [♥] Applied 2 patches to 'engine/animatedsprite.lua'
INFO - [♥] Applied 67 patches to 'functions/misc_functions.lua'
INFO - [♥] Applied 40 patches to 'game.lua'
INFO - [♥] Applied 1 patch to 'globals.lua'
INFO - [♥] Applied 5 patches to 'engine/ui.lua'
INFO - [♥] Applied 95 patches to 'functions/UI_definitions.lua'
INFO - [♥] Applied 49 patches to 'functions/state_events.lua'
INFO - [♥] Applied 117 patches to 'functions/common_events.lua'
INFO - [♥] Applied 51 patches to 'functions/button_callbacks.lua'
INFO - [♥] Applied 186 patches to 'card.lua'
INFO - [♥] Applied 10 patches to 'cardarea.lua'
INFO - [♥] Applied 37 patches to 'blind.lua'
INFO - [♥] Applied 2 patches to 'engine/text.lua'
INFO - [G] Failed to connect to the debug server 
INFO - [G] 2025-10-07 13:12:44 :: DEBUG :: DebugConsole :: Steamodded Debug Socket started ! 
INFO - [G] 2025-10-07 13:12:44 :: INFO  :: SMODS :: Steamodded v1.0.0~BETA-0711a 
INFO - [♥] Applied 9 patches to 'engine/sound_manager.lua'
INFO - [♥] Applied 1 patch to 'engine/save_manager.lua'
INFO - [G] 2025-10-07 13:12:49 :: INFO  :: Loader :: Valid JSON file found 
INFO - [G] 2025-10-07 13:12:49 :: INFO  :: Loader :: Valid JSON file found 
INFO - [G] 2025-10-07 13:12:50 :: INFO  :: TIMER :: [0000] Injected Fonts in 0.001 ms 
INFO - [G] 2025-10-07 13:12:50 :: INFO  :: TIMER :: [0000] Injected Language in 0.002 ms 
INFO - [G] 2025-10-07 13:12:50 :: INFO  :: TIMER :: [0000] Injected [INTERNAL] in 5.215 ms 
INFO - [G] line not found
INFO - [G] file not found: main.lua: No such file or directory
INFO - [G] file not found: main.lua: No such file or directory
INFO - [G] file not found: main.lua: No such file or directory
INFO - [G] 2025-10-07 13:12:50 :: ERROR :: StackTrace :: Oops! The game crashed
[SMODS _ "src/game_object.lua"]:408: Failed to collect file data for Atlas sapjokers_jokers
Stack Traceback
===============
(1) Lua local 'handler' at file 'main.lua:612'
	Local variables:
	 msg = string: "[SMODS _ \"src/game_object.lua\"]:408: Failed to collect file data for Atlas sapjokers_jokers"
	 (*temporary) = Lua function '?' (defined at line 31 of chunk [SMODS _ "src/logging.lua"])
	 (*temporary) = string: "Oops! The game crashed\
"
(2) LÖVE function at file 'boot.lua:352' (best guess)
	Local variables:
	 errhand = Lua function '?' (defined at line 598 of chunk main.lua)
	 handler = Lua function '?' (defined at line 598 of chunk main.lua)
(3) global C function 'assert'
(4) Lua method 'inject' at Steamodded file 'src/game_object.lua:408' 
	Local variables:
	 self = table: 0x2d43f860  {full_path:C:\Users\PC\AppData\Roaming\Balatro\Mods/SuperAutoJokers-1.0.0/assets/1x/Jokers.png, atlas:Atlas, _saved_d_u:true, original_key:jokers (more...)}
	 file_path = string: "Jokers.png"
(5) Lua method 'inject_class' at Steamodded file 'src/game_object.lua:183' 
	Local variables:
	 self = table: 0x2d340788  {required_params:table: 0x2d3406d8, pre_inject_class:function: 0x2d340768, set:Atlas, subclasses:table: 0x2d340aa0, disable_mipmap:false, atlas_table:ASSET_ATLAS (more...)}
	 inject_time = number: 0.492383
	 start_time = number: 26.2621
	 end_time = number: 26.2621
	 o = table: 0x2d43f860  {full_path:C:\Users\PC\AppData\Roaming\Balatro\Mods/SuperAutoJokers-1.0.0/assets/1x/Jokers.png, atlas:Atlas, _saved_d_u:true, original_key:jokers (more...)}
	 (for generator) = C function: builtin#6
	 (for state) = table: 0x2d3406b0  {1:mod_tags, 2:achievements, 3:DebugPlus_modicon, 4:sapjokers_jokers}
	 (for control) = number: 4
	 i = number: 4
	 key = string: "sapjokers_jokers"
(6) Lua field 'injectObjects' at Steamodded file 'src/game_object.lua:257' 
	Local variables:
	 class = table: 0x2d340788  {required_params:table: 0x2d3406d8, pre_inject_class:function: 0x2d340768, set:Atlas, subclasses:table: 0x2d340aa0, disable_mipmap:false, atlas_table:ASSET_ATLAS (more...)}
(7) Lua field 'injectObjects' at Steamodded file 'src/game_object.lua:259' 
	Local variables:
	 class = table: 0x2d33d630  {check_duplicate_register:function: 0x2d33d868, check_duplicate_key:function: 0x2d33d888, subclasses:table: 0x2d33d6f8, obj_list:function: 0x2d33d698 (more...)}
	 (for generator) = C function: builtin#6
	 (for state) = table: 0x2d33d6f8  {1:table: 0x2d33f710, 2:table: 0x2d33ff98, 3:table: 0x2d340168, 4:table: 0x2d340788, 5:table: 0x2d3416a0, 6:table: 0x2d342340, 7:table: 0x2cfa54d8 (more...)}
	 (for control) = number: 4
	 _ = number: 4
	 subclass = table: 0x2d340788  {required_params:table: 0x2d3406d8, pre_inject_class:function: 0x2d340768, set:Atlas, subclasses:table: 0x2d340aa0, disable_mipmap:false, atlas_table:ASSET_ATLAS (more...)}
(8) Lua field 'injectItems' at Steamodded file 'src/loader.lua:608' 
(9) Lua global 'initSteamodded' at Steamodded file 'src/loader.lua:658' 
(10) Lua method 'start_up' at file 'game.lua:211'
	Local variables:
	 self = table: 0x2ce166f8  {SPEEDFACTOR:1, F_GUIDE:false, keybind_mapping:table: 0x2ce21958, F_CRASH_REPORTS:false, P_CARDS:table: 0x2cfb8018, shared_undiscovered_joker:table: 0x2d1742a8 (more...)}
	 settings = string: "return {[\"version\"]=\"1.0.1o-FULL\",[\"paused\"]=false,[\"QUEUED_CHANGE\"]={},[\"COMP\"]={[\"prev_name\"]=\"\",[\"name\"]=\"\",[\"score\"]=2.7198107155716e+133,},[\"language\"]=\"en-us\",[\"colourblind_option\"]=true,[\"play_button_pos\"]=2,[\"CUSTOM_DECK\"]={[\"Collabs\"]={[\"Spades\"]=\"collab_STP\",[\"entr_nilsuit\"]=\"default_entr_nilsuit\",[\"Hearts\"]=\"collab_AU\",[\"Diamonds\"]=\"collab_SV\",[\"Clubs\"]=\"collab_STS\",},},[\"selected_colours\"]={[\"Spectral\"]={[\"order\"]=1,[\"old_colours\"]={},[\"name\"]=\"Default\",[\"new_colours\"]={},},[\"Tarot\"]={[\"order\"]=1,[\"old_colours\"]={},[\"name\"]=\"Default\",[\"new_colours\"]={},},[\"Planet\"]={[\"order\"]=1,[\"old_colours\"]={},[\"name\"]=\"Default\",[\"new_colours\"]={},},[\"Suits\"]={[\"order\"]=2,[\"old_colours\"]={[4]={[4]=1,[1]=0.94117647058824,[2]=0.20392156862745,[3]=0.3921568627451,},[1]={[4]=1,[1]=0.13725490196078,[2]=0.34901960784314,[3]=0.33333333333333,},[2]={[4]=1,[1]=0.23529411764706,[2]=0.26274509803922,[3]=0.4078431372549,},[3]={[4]=1,[1]=0.94117647058824,[2]=0.41960784313725,[3]=0.24705882352941,},},[\"name\"]=\"High Contrast\",[\"new_colours\"]={[4]={[4]=1,[1]=0.97254901960784,[2]=0.23137254901961,[3]=0.1843137254902,},[1]={[4]=1,[1]=0,[2]=0.55686274509804,[3]=0.90196078431373,},[2]={[4]=1,[1]=0.23529411764706,[2]=0.26274509803922,[3]=0.4078431372549,},[3]={[4]=1,[1]=0.88627450980392,[2]=0.56470588235294,[3]=0,},},},},[\"tutorial_complete\"]=true,[\"colour_palettes\"]={[\"Spades\"]=\"hc\",[\"entr_nilsuit\"]=\"lc\",[\"Hearts\"]=\"hc\",[\"Diamonds\"]=\"hc\",[\"Clubs\"]=\"hc\",},[\"FN\"]={[\"PRE\"]=true,[\"show_min_max\"]=true,[\"preview_dollars\"]=true,[\"hide_face_down\"]=true,[\"preview_score\"]=true,},[\"crashreports\"]=true,[\"screenshake\"]=0,[\"no_mod_badges\"]=false,[\"ambient_control\"]={[\"jen_ambientSurreal1\"]={[\"per\"]=1,[\"vol\"]=2.2332518001619e-06,},[\"may_tran2\"]={[\"per\"]=1,[\"vol\"]=0,},[\"jen_ambientDramatic2\"]={[\"per\"]=1,[\"vol\"]=0,},[\"ambientFire3\"]={[\"per\"]=1,[\"vol\"]=1.375073583224e-25,},[\"may_tran4\"]={[\"per\"]=1,[\"vol\"]=0,},[\"jen_ambientSurreal2\"]={[\"per\"]=1,[\"vol\"]=0,},[\"may_tran3\"]={[\"per\"]=1,[\"vol\"]=3.2004228658632e-46,},[\"may_tran5\"]={[\"per\"]=1,[\"vol\"]=7.4391101062102e-20,},[\"jen_ambientSurreal3\"]={[\"per\"]=1,[\"vol\"]=0,},[\"ambientFire2\"]={[\"per\"]=1.05,[\"vol\"]=1.8604186081751e-23,},[\"may_tran1\"]={[\"per\"]=1,[\"vol\"]=7.985637093817e-149,},[\"jen_ambientSinister\"]={[\"per\"]=1,[\"vol\"]=0,},[\"ambientFire1\"]={[\"per\"]=1.1,[\"vol\"]=0,},[\"may_tran6\"]={[\"per\"]=1,[\"vol\"]=0,},[\"may_ambient_mass_use\"]={[\"per\"]=1,[\"vol\"]=0,},[\"jen_ambientDramatic\"]={[\"per\"]=1,[\"vol\"]=0,},[\"may_tran8\"]={[\"per\"]=1,[\"vol\"]=1.3280272376446e-15,},[\"jen_ambientDramatic1\"]={[\"per\"]=1,[\"vol\"]=0,},[\"ambientOrgan1\"]={[\"per\"]=0.7,[\"vol\"]=0,},[\"may_tran7\"]={[\"per\"]=1,[\"vol\"]=0,},},[\"profile\"]=2,[\"WINDOW\"]={[\"vsync\"]=1,[\"display_names\"]={[2]=\"2\",[1]=\"1\",},[\"screenmode\"]=\"Borderless\",[\"DISPLAYS\"]={[1]={[\"screen_resolutions\"]={[\"strings\"]={[1]=\"2376 X 1485\",},[\"values\"]={[1]={[\"w\"]=1680,[\"h\"]=1050,},},},[\"screen_res\"]={[\"w\"]=1680,[\"h\"]=1050,},[\"DPI_scale\"]=1,[\"MONITOR_DIMS\"]={[\"height\"]=1485,[\"width\"]=2376,},},[2]={[\"screen_resolutions\"]={[\"strings\"]={[1]=\"1680 X 1050\",},[\"values\"]={[1]={[\"w\"]=1680,[\"h\"]=1050,},},},[\"DPI_scale\"]=1,[\"MONITOR_DIMS\"]={[\"height\"]=1050,[\"width\"]=1680,},},},[\"selected_display\"]=1,},[\"GAMESPEED\"]=4,[\"cryptid_notifs\"]={[\"jimball\"]=true,},[\"SOUND\"]={[\"volume\"]=25.904761904762,[\"music_volume\"]=100,[\"game_sounds_volume\"]=100,},[\"music_control\"]={[\"current_track\"]=\"\",[\"desired_track\"]=\"\",[\"lerp\"]=1,},[\"ACHIEVEMENTS_EARNED\"]={[\"speedrunner\"]=true,[\"big_hands\"]=true,[\"royale\"]=true,[\"tiny_hands\"]=true,[\"flushed\"]=true,[\"low_stakes\"]=true,[\"ach_cry_now_the_fun_begins\"]=true,[\"ach_cry_exodia\"]=true,[\"extreme_couponer\"]=true,[\"ach_cry_pull_request\"]=true,[\"high_stakes\"]=true,[\"clairvoyance\"]=true,[\"ante_up\"]=true,[\"you_get_what_you_get\"]=true,[\"heads_up\"]=true,[\"retrograde\"]=true,[\"ach_cry_niw_uoy\"]=true,[\"ach_cry_googol_play_pass\"]=true,[\"cartomancy\"]=true,[\"_1000k\"]=true,[\"mid_stakes\"]=true,[\"completionist\"]=true,[\"shattered\"]=true,[\"ach_may_the_one\"]=true,[\"ante_upper\"]=true,[\"ach_cry_jokes_on_you\"]=true,[\"nest_egg\"]=true,[\"astronomy\"]=true,[\"_100000k\"]=true,[\"legendary\"]=true,[\"roi\"]=true,[\"_10k\"]=true,[\"ach_cry_break_infinity\"]=true,[\"rule_bender\"]=true,[\"card_discarder\"]=true,[\"card_player\"]=true,},[\"run_stake_stickers\"]=false,[\"current_setup\"]=\"New Run\",[\"STATUSTEXT\"]=0,[\"FASTFORWARD\"]=0,[\"DEMO\"]={[\"win_CTA_shown\"]=true,[\"quit_CTA_shown\"]=true,[\"timed_CTA_shown\"]=true,[\"total_uptime\"]=77.786463998988,},[\"GRAPHICS\"]={[\"bloom\"]=2,[\"crt\"]=37.232142857143,[\"texture_scaling\"]=1,[\"shadows\"]=\"Off\",},}"
	 settings_ver = nil
	 new_colour_proto = table: 0x2ce1ef68  {Spades:table: 0x2ce1f1d0, Hearts:table: 0x2ce1f080, Diamonds:table: 0x2ce1f138, Clubs:table: 0x2ce1f288}
	 sound_files = table: 0x2d248ee0  {1:ambientFire1.ogg, 2:ambientFire2.ogg, 3:ambientFire3.ogg, 4:ambientOrgan1.ogg, 5:button.ogg, 6:cancel.ogg, 7:card1.ogg, 8:card3.ogg, 9:cardFan2.ogg (more...)}
	 shader_files = table: 0x2d24ce50  {1:CRT.fs, 2:background.fs, 3:booster.fs, 4:debuff.fs, 5:dissolve.fs, 6:flame.fs, 7:flash.fs, 8:foil.fs, 9:gold_seal.fs, 10:holo.fs, 11:hologram.fs (more...)}
(11) Lua field 'load' at file 'main.lua:952'
(12) Lua function '?' at file 'main.lua:899' (best guess)
(13) global C function 'xpcall'
(14) LÖVE function at file 'boot.lua:368' (best guess)
	Local variables:
	 result = boolean: true
	 main = nil
(15) global C function 'xpcall'
(16) LÖVE function at file 'boot.lua:377' (best guess)
	Local variables:
	 func = Lua function '(LÖVE Function)' (defined at line 355 of chunk [love "boot.lua"])
	 inerror = boolean: true
	 deferErrhand = Lua function '(LÖVE Function)' (defined at line 348 of chunk [love "boot.lua"])
	 earlyinit = Lua function '(LÖVE Function)' (defined at line 355 of chunk [love "boot.lua"])
 
INFO - [G] file not found: main.lua: No such file or directory
INFO - [G] 2025-10-07 13:12:50 :: INFO  :: StackTrace :: Additional Context:
Balatro Version: 1.0.1o-FULL
Modded Version: 1.0.0~BETA-0711a-STEAMODDED
LÖVE Version: 11.5.0
Lovely Version: 0.8.0
Platform: Windows
Steamodded Mods:
    1: Super Auto Jokers by Equi [ID: SuperAutoJokers, Version: 1.0.0]
    2: DebugPlus by WilsontheWolf [ID: DebugPlus, Version: 1.5.1, Uses Lovely]
Lovely Mods: 
