INFO - [♥] Lovely 0.8.0
INFO - [♥] Game directory is at "C:\\Program Files (x86)\\Steam\\steamapps\\common\\Balatro"
INFO - [♥] Writing logs to "C:\\Users\\PC\\AppData\\Roaming\\Balatro\\Mods\\lovely\\log"
INFO - [♥] Using mod directory at "C:\\Users\\PC\\AppData\\Roaming\\Balatro\\Mods"
INFO - [♥] Cleaning up dumps directory at "C:\\Users\\PC\\AppData\\Roaming\\Balatro\\Mods\\lovely\\dump"
INFO - [♥] Initialization complete in 59ms
INFO - [♥] Applied 1 patch to 'conf.lua'
INFO - [♥] Applied 11 patches to 'main.lua'
INFO - [♥] Applied 10 patches to 'engine/controller.lua'
INFO - [♥] Applied 15 patches to 'back.lua'
INFO - [♥] Applied 7 patches to 'tag.lua'
INFO - [♥] Applied 2 patches to 'engine/moveable.lua'
INFO - [♥] Applied 2 patches to 'engine/sprite.lua'
INFO - [♥] Applied 2 patches to 'engine/animatedsprite.lua'
INFO - [♥] Applied 67 patches to 'functions/misc_functions.lua'
INFO - [♥] Applied 40 patches to 'game.lua'
INFO - [♥] Applied 1 patch to 'globals.lua'
INFO - [♥] Applied 5 patches to 'engine/ui.lua'
INFO - [♥] Applied 95 patches to 'functions/UI_definitions.lua'
INFO - [♥] Applied 49 patches to 'functions/state_events.lua'
INFO - [♥] Applied 117 patches to 'functions/common_events.lua'
INFO - [♥] Applied 51 patches to 'functions/button_callbacks.lua'
INFO - [♥] Applied 186 patches to 'card.lua'
INFO - [♥] Applied 10 patches to 'cardarea.lua'
INFO - [♥] Applied 37 patches to 'blind.lua'
INFO - [♥] Applied 2 patches to 'engine/text.lua'
INFO - [G] Failed to connect to the debug server 
INFO - [G] 2025-09-21 16:02:47 :: DEBUG :: DebugConsole :: Steamodded Debug Socket started ! 
INFO - [G] 2025-09-21 16:02:47 :: INFO  :: SMODS :: Steamodded v1.0.0~BETA-0711a 
INFO - [♥] Applied 9 patches to 'engine/sound_manager.lua'
INFO - [♥] Applied 1 patch to 'engine/save_manager.lua'
INFO - [G] 2025-09-21 16:02:50 :: INFO  :: Loader :: Valid JSON file found 
INFO - [G] 2025-09-21 16:02:50 :: INFO  :: Loader :: Valid JSON file found 
INFO - [G] 2025-09-21 16:02:50 :: INFO  :: TIMER :: [0000] Injected Fonts in 0.002 ms 
INFO - [G] 2025-09-21 16:02:50 :: INFO  :: TIMER :: [0000] Injected Language in 0.002 ms 
INFO - [G] 2025-09-21 16:02:50 :: INFO  :: TIMER :: [0000] Injected [INTERNAL] in 3.225 ms 
INFO - [G] 2025-09-21 16:02:51 :: INFO  :: TIMER :: [0003] Injected Atlas in 381.005 ms 
INFO - [G] 2025-09-21 16:02:51 :: INFO  :: TIMER :: [0001] Injected Sound in 1.342 ms 
INFO - [G] 2025-09-21 16:02:51 :: INFO  :: TIMER :: [0008] Injected Stake in 0.546 ms 
INFO - [G] 2025-09-21 16:02:51 :: INFO  :: TIMER :: [0004] Injected Rarity in 0.056 ms 
INFO - [G] 2025-09-21 16:02:51 :: INFO  :: TIMER :: [0004] Injected ObjectType in 0.075 ms 
INFO - [G] 2025-09-21 16:02:51 :: INFO  :: TIMER :: [0068] Injected Center in 1.103 ms 
INFO - [G] 2025-09-21 16:02:51 :: INFO  :: TIMER :: [0007] Injected Undiscovered Sprite in 0.028 ms 
INFO - [G] 2025-09-21 16:02:51 :: INFO  :: TIMER :: [0002] Injected Blind in 1.220 ms 
INFO - [G] 2025-09-21 16:02:51 :: INFO  :: TIMER :: [0004] Injected Seal in 0.188 ms 
INFO - [G] 2025-09-21 16:02:51 :: INFO  :: TIMER :: [0004] Injected Suit in 0.149 ms 
INFO - [G] 2025-09-21 16:02:51 :: INFO  :: TIMER :: [0013] Injected Rank in 0.857 ms 
INFO - [G] 2025-09-21 16:02:51 :: INFO  :: TIMER :: [0028] Injected DeckSkin in 0.570 ms 
INFO - [G] 2025-09-21 16:02:51 :: INFO  :: TIMER :: [0012] Injected PokerHand in 0.706 ms 
INFO - [G] 2025-09-21 16:02:51 :: INFO  :: TIMER :: [0020] Injected Challenge in 0.064 ms 
INFO - [G] 2025-09-21 16:02:51 :: INFO  :: TIMER :: [0000] Injected Tag in 0.013 ms 
INFO - [G] 2025-09-21 16:02:51 :: INFO  :: TIMER :: [0004] Injected Sticker in 0.211 ms 
INFO - [G] 2025-09-21 16:02:51 :: INFO  :: TIMER :: [0000] Injected Shader in 0.002 ms 
INFO - [G] 2025-09-21 16:02:51 :: INFO  :: TIMER :: [0002] Injected Keybind in 0.024 ms 
INFO - [G] 2025-09-21 16:02:51 :: INFO  :: TIMER :: [0000] Injected Achievement in 0.122 ms 
INFO - [G] 2025-09-21 16:02:51 :: INFO  :: TIMER :: [0002] Injected nil in 0.025 ms 
INFO - [G] 2025-09-21 16:02:51 :: INFO  :: TIMER :: [0021] Injected Draw Step in 0.133 ms 
INFO - [G] 2025-09-21 16:02:51 :: INFO  :: TIMER :: [0000] Injected [INTERNAL] in 12.644 ms 
INFO - [G] [DebugPlus] Press [/] to toggle console and press [shift] + [/] to toggle new log previews 
INFO - [G] line not found
INFO - [G] file not found: main.lua: No such file or directory
INFO - [G] file not found: main.lua: No such file or directory
INFO - [G] 2025-09-21 16:03:18 :: ERROR :: StackTrace :: Oops! The game crashed
[SMODS _ "src/utils.lua"]:959: attempt to index field 'ability' (a nil value)
Stack Traceback
===============
(1) Lua upvalue 'orig' at file 'main.lua:612'
	Local variables:
	 msg = string: "[SMODS _ \"src/utils.lua\"]:959: attempt to index field 'ability' (a nil value)"
	 (*temporary) = Lua function '?' (defined at line 31 of chunk [SMODS _ "src/logging.lua"])
	 (*temporary) = string: "Oops! The game crashed\
"
(2) Lua local 'handler' at file 'debugplus/console.lua:606' (from lovely module debugplus.console)
	Local variables:
	 msg = string: "[SMODS _ \"src/utils.lua\"]:959: attempt to index field 'ability' (a nil value)"
(3) LÖVE metamethod at file 'boot.lua:352'
	Local variables:
	 errhand = Lua function '(LÖVE Function)' (defined at line 605 of chunk [lovely debugplus.console "debugplus/console.lua"])
	 handler = Lua function '(LÖVE Function)' (defined at line 605 of chunk [lovely debugplus.console "debugplus/console.lua"])
(4) Lua field 'get_enhancements' at Steamodded file 'src/utils.lua:959' 
	Local variables:
	 card = table: 0x09d80058  {get_chip_x_bonus:function: 0x09d83628, should_hide_front:function: 0x09c6ccc8, set_base:function: 0x09d832d8, set_card_area:function: 0x09b33bf8 (more...)}
	 extra_only = nil
	 (*temporary) = nil
	 (*temporary) = string: "chips1"
	 (*temporary) = number: 1
	 (*temporary) = string: "before"
	 (*temporary) = nil
	 (*temporary) = nil
	 (*temporary) = string: "tm"
	 (*temporary) = number: -0.137561
	 (*temporary) = table: 0x0ab34d60  {}
	 (*temporary) = number: 0.75
	 (*temporary) = table: 0x09b81248  {1:0, 2:0.6156862745098, 3:1, 4:1}
	 (*temporary) = nil
	 (*temporary) = number: 1.78443e-261
	 (*temporary) = table: 0x0a09be60  {queue_last_processed:24.083333333333, queues:table: 0x0a09be88, queue_dt:0.016666666666667, queue_timer:25.311570714113}
	 (*temporary) = table: 0x0a939708  {start_timer:false, timer:TOTAL, blockable:true, trigger:before, func:function: 0x0a947d58, delay:0.75, complete:false, time:34.974339602166, blocking:true (more...)}
	 (*temporary) = string: "base"
	 (*temporary) = nil
	 (*temporary) = table: 0x0a09bfa0  {1:table: 0x09e16e50, 2:table: 0x09ee4850, 3:table: 0x09f2ffd0, 4:table: 0x09ee7e88, 5:table: 0x09b50d80, 6:table: 0x0a335b18, 7:table: 0x0a3c56b0 (more...)}
	 (*temporary) = string: "attempt to index field 'ability' (a nil value)"
(5) Lua field 'has_no_rank' at Steamodded file 'src/utils.lua:1063' 
	Local variables:
	 card = table: 0x09d80058  {get_chip_x_bonus:function: 0x09d83628, should_hide_front:function: 0x09c6ccc8, set_base:function: 0x09d832d8, set_card_area:function: 0x09b33bf8 (more...)}
	 (*temporary) = C function: pairs
(6) Lua upvalue 'card_get_id_ref' at file 'card.lua:1146'
	Local variables:
	 self = table: 0x09d80058  {get_chip_x_bonus:function: 0x09d83628, should_hide_front:function: 0x09c6ccc8, set_base:function: 0x09d832d8, set_card_area:function: 0x09b33bf8 (more...)}
(7) Lua method 'get_id' at file 'superautojokers_main.lua:423' (from mod with id SuperAutoJokers)
	Local variables:
	 self = table: 0x09d80058  {get_chip_x_bonus:function: 0x09d83628, should_hide_front:function: 0x09c6ccc8, set_base:function: 0x09d832d8, set_card_area:function: 0x09b33bf8 (more...)}
(8) Lua method 'is_six' at file 'superautojokers_main.lua:384' (from mod with id SuperAutoJokers)
	Local variables:
	 self = table: 0x09d80058  {get_chip_x_bonus:function: 0x09d83628, should_hide_front:function: 0x09c6ccc8, set_base:function: 0x09d832d8, set_card_area:function: 0x09b33bf8 (more...)}
(9) Lua method 'calculate_joker' at file 'superautojokers_main.lua:401' (from mod with id SuperAutoJokers)
	Local variables:
	 self = table: 0x0a2afb48  {click_offset:table: 0x09a9e010, static_rotation:false, rank:1, parent:table: 0x0a05f660, T:table: 0x09db10c0, last_aligned:-1, extra_cost:0, highlighted:false (more...)}
	 context = table: 0x0a89ed80  {destroying_card:table: 0x0a22b9a8, main_eval:true, poker_hands:table: 0x0a335b40, scoring_name:High Card, scoring_hand:table: 0x0a142890, full_hand:table: 0x0a21e850 (more...)}
(10) Lua global 'eval_card' at file 'functions/common_events.lua:722'
	Local variables:
	 card = table: 0x0a2afb48  {click_offset:table: 0x09a9e010, static_rotation:false, rank:1, parent:table: 0x0a05f660, T:table: 0x09db10c0, last_aligned:-1, extra_cost:0, highlighted:false (more...)}
	 context = table: 0x0a89ed80  {destroying_card:table: 0x0a22b9a8, main_eval:true, poker_hands:table: 0x0a335b40, scoring_name:High Card, scoring_hand:table: 0x0a142890, full_hand:table: 0x0a21e850 (more...)}
	 ret = table: 0x0a4e1bd8  {}
	 post_trig = table: 0x0a2674f8  {}
	 areas = table: 0x09ebc560  {1:table: 0x0a05f660, 2:table: 0x0a2d1830, 3:table: 0x09c5d178}
	 area_set = table: 0x09ebc5a8  {table: 0x0a05f660:true, table: 0x09c5d178:true, table: 0x0a2d1830:true}
(11) Lua field 'calculate_card_areas' at Steamodded file 'src/utils.lua:1720' 
	Local variables:
	 _type = string: "jokers"
	 context = table: 0x0a89ed80  {destroying_card:table: 0x0a22b9a8, main_eval:true, poker_hands:table: 0x0a335b40, scoring_name:High Card, scoring_hand:table: 0x0a142890, full_hand:table: 0x0a21e850 (more...)}
	 return_table = nil
	 args = table: 0x0a4e1b08  {has_area:true, joker_area:true}
	 flags = table: 0x0a4e1b68  {}
	 (for generator) = C function: builtin#6
	 (for state) = table: 0x0a4e1b90  {1:table: 0x0a05f660, 2:table: 0x0a2d1830, 3:table: 0x09c5d178}
	 (for control) = number: 1
	 _ = number: 1
	 area = table: 0x0a05f660  {click_offset:table: 0x09c13158, static_rotation:false, shuffle_amt:0, T:table: 0x0a10eda0, offset:table: 0x09f369a8, role:table: 0x0a2e6a60, last_aligned:-1 (more...)}
	 (for generator) = C function: builtin#6
	 (for state) = table: 0x09cde6f8  {1:table: 0x0a2afb48}
	 (for control) = number: 1
	 _ = number: 1
	 _card = table: 0x0a2afb48  {click_offset:table: 0x09a9e010, static_rotation:false, rank:1, parent:table: 0x0a05f660, T:table: 0x09db10c0, last_aligned:-1, extra_cost:0, highlighted:false (more...)}
(12) Lua field 'calculate_context' at Steamodded file 'src/utils.lua:1836' 
	Local variables:
	 context = table: 0x0a89ed80  {destroying_card:table: 0x0a22b9a8, main_eval:true, poker_hands:table: 0x0a335b40, scoring_name:High Card, scoring_hand:table: 0x0a142890, full_hand:table: 0x0a21e850 (more...)}
	 return_table = nil
	 no_resolve = nil
	 has_area = boolean: true
	 flags = table: 0x0a4e1ae0  {}
	 (*temporary) = number: 1
(13) Lua field 'calculate_destroying_cards' at Steamodded file 'src/utils.lua:1998' 
	Local variables:
	 context = table: 0x0a89ed80  {destroying_card:table: 0x0a22b9a8, main_eval:true, poker_hands:table: 0x0a335b40, scoring_name:High Card, scoring_hand:table: 0x0a142890, full_hand:table: 0x0a21e850 (more...)}
	 cards_destroyed = table: 0x0a0fb2b8  {}
	 scoring_hand = table: 0x0a142890  {1:table: 0x0a22b9a8}
	 (for generator) = C function: builtin#6
	 (for state) = table: 0x0a21e850  {1:table: 0x0a22b9a8}
	 (for control) = number: 1
	 i = number: 1
	 card = table: 0x0a22b9a8  {click_offset:table: 0x09d032a0, rank:1, children:table: 0x09c11968, ambient_tilt:0.2, parent:table: 0x09b22bb0, highlighted:false, T:table: 0x09d814c8 (more...)}
	 destroyed = nil
	 in_scoring = boolean: true
(14) Lua field 'evaluate_play' at file 'functions/state_events.lua:708'
	Local variables:
	 e = nil
	 text = string: "High Card"
	 disp_text = string: "High Card"
	 poker_hands = table: 0x0a335b40  {Flush House:table: 0x0ab66330, Full House:table: 0x0a915da8, top:table: 0x0a915d70, Flush:table: 0x09d4b3c0, Pair:table: 0x0a3e5ab0, Four of a Kind:table: 0x0a1d4c88 (more...)}
	 scoring_hand = table: 0x0a142890  {1:table: 0x0a22b9a8}
	 non_loc_disp_text = string: "High Card"
	 final_scoring_hand = table: 0x0a142890  {1:table: 0x0a22b9a8}
	 hand_text_set = boolean: false
	 modded = nil
	 nu_chip = nil
	 nu_mult = nil
	 cards_destroyed = table: 0x0a0fb2b8  {}
	 (for generator) = C function: builtin#6
	 (for state) = table: 0x0a0fb308  {1:table: 0x09b22bb0, 2:table: 0x09c84470}
	 (for control) = number: 1
	 _ = number: 1
	 v = table: 0x09b22bb0  {click_offset:table: 0x0a1eeda0, static_rotation:false, shuffle_amt:0, T:table: 0x0a1ed770, offset:table: 0x09d9f870, role:table: 0x09e86a98, last_aligned:-1 (more...)}
(15) Lua field 'func' at file 'functions/state_events.lua:482'
(16) Lua method 'handle' at file 'engine/event.lua:99'
	Local variables:
	 self = table: 0x09f2ffd0  {start_timer:true, timer:TOTAL, blockable:true, trigger:immediate, func:function: 0x0a9b36a0, delay:0, complete:false, time:34.974339602166, blocking:true (more...)}
	 _results = table: 0x0a3a2568  {blocking:true, pause_skip:false, time_done:false, completed:false}
(17) Lua method 'update' at file 'engine/event.lua:182'
	Local variables:
	 self = table: 0x0a09be60  {queue_last_processed:24.083333333333, queues:table: 0x0a09be88, queue_dt:0.016666666666667, queue_timer:25.311570714113}
	 dt = number: 0.0166914
	 forced = nil
	 (for generator) = C function: next
	 (for state) = table: 0x0a09be88  {unlock:table: 0x0a09bf78, other:table: 0x0a09c018, tutorial:table: 0x0a09bfc8, base:table: 0x0a09bfa0, achievement:table: 0x0a09bff0}
	 (for control) = number: nan
	 k = string: "base"
	 v = table: 0x0a09bfa0  {1:table: 0x09e16e50, 2:table: 0x09ee4850, 3:table: 0x09f2ffd0, 4:table: 0x09ee7e88, 5:table: 0x09b50d80, 6:table: 0x0a335b18, 7:table: 0x0a3c56b0 (more...)}
	 blocked = boolean: false
	 i = number: 3
	 results = table: 0x0a3a2568  {blocking:true, pause_skip:false, time_done:false, completed:false}
(18) Lua upvalue 'gameUpdateRef' at file 'game.lua:2552'
	Local variables:
	 self = table: 0x09b62758  {F_GUIDE:false, F_CRASH_REPORTS:false, F_QUIT_BUTTON:true, HUD_tags:table: 0x0a789f20, F_ENGLISH_ONLY:false, viewed_stake:1, HUD:table: 0x0a47eb00 (more...)}
	 dt = number: 0.0166914
	 http_resp = nil
(19) Lua method 'update' at Steamodded file 'src/ui.lua:84' 
	Local variables:
	 self = table: 0x09b62758  {F_GUIDE:false, F_CRASH_REPORTS:false, F_QUIT_BUTTON:true, HUD_tags:table: 0x0a789f20, F_ENGLISH_ONLY:false, viewed_stake:1, HUD:table: 0x0a47eb00 (more...)}
	 dt = number: 0.0166914
(20) Lua field 'update' at file 'main.lua:999'
	Local variables:
	 dt = number: 0.0166914
(21) Lua function '?' at file 'main.lua:938' (best guess)
(22) global C function 'xpcall'
(23) LÖVE function at file 'boot.lua:377' (best guess)
	Local variables:
	 func = Lua function '?' (defined at line 909 of chunk main.lua)
	 inerror = boolean: true
	 deferErrhand = Lua function '(LÖVE Function)' (defined at line 348 of chunk [love "boot.lua"])
	 earlyinit = Lua function '(LÖVE Function)' (defined at line 355 of chunk [love "boot.lua"])
 
INFO - [G] file not found: main.lua: No such file or directory
INFO - [G] file not found: main.lua: No such file or directory
INFO - [G] 2025-09-21 16:03:18 :: INFO  :: StackTrace :: Additional Context:
Balatro Version: 1.0.1o-FULL
Modded Version: 1.0.0~BETA-0711a-STEAMODDED
LÖVE Version: 11.5.0
Lovely Version: 0.8.0
Platform: Windows
Steamodded Mods:
    1: Super Auto Jokers by Equi [ID: SuperAutoJokers, Version: 1.0.0]
    2: DebugPlus by WilsontheWolf [ID: DebugPlus, Version: 1.5.1, Uses Lovely]
Lovely Mods: 
