INFO - [♥] Lovely 0.8.0
INFO - [♥] Game directory is at "C:\\Program Files (x86)\\Steam\\steamapps\\common\\Balatro"
INFO - [♥] Writing logs to "C:\\Users\\PC\\AppData\\Roaming\\Balatro\\Mods\\lovely\\log"
INFO - [♥] Using mod directory at "C:\\Users\\PC\\AppData\\Roaming\\Balatro\\Mods"
INFO - [♥] Cleaning up dumps directory at "C:\\Users\\PC\\AppData\\Roaming\\Balatro\\Mods\\lovely\\dump"
INFO - [♥] Initialization complete in 221ms
INFO - [♥] Applied 1 patch to 'conf.lua'
INFO - [♥] Applied 11 patches to 'main.lua'
INFO - [♥] Applied 10 patches to 'engine/controller.lua'
INFO - [♥] Applied 15 patches to 'back.lua'
INFO - [♥] Applied 7 patches to 'tag.lua'
INFO - [♥] Applied 2 patches to 'engine/moveable.lua'
INFO - [♥] Applied 2 patches to 'engine/sprite.lua'
INFO - [♥] Applied 2 patches to 'engine/animatedsprite.lua'
INFO - [♥] Applied 67 patches to 'functions/misc_functions.lua'
INFO - [♥] Applied 40 patches to 'game.lua'
INFO - [♥] Applied 1 patch to 'globals.lua'
INFO - [♥] Applied 5 patches to 'engine/ui.lua'
INFO - [♥] Applied 95 patches to 'functions/UI_definitions.lua'
INFO - [♥] Applied 49 patches to 'functions/state_events.lua'
INFO - [♥] Applied 117 patches to 'functions/common_events.lua'
INFO - [♥] Applied 51 patches to 'functions/button_callbacks.lua'
INFO - [♥] Applied 186 patches to 'card.lua'
INFO - [♥] Applied 10 patches to 'cardarea.lua'
INFO - [♥] Applied 37 patches to 'blind.lua'
INFO - [♥] Applied 2 patches to 'engine/text.lua'
INFO - [G] Failed to connect to the debug server 
INFO - [G] 2025-09-25 18:20:50 :: DEBUG :: DebugConsole :: Steamodded Debug Socket started ! 
INFO - [G] 2025-09-25 18:20:50 :: INFO  :: SMODS :: Steamodded v1.0.0~BETA-0711a 
INFO - [♥] Applied 9 patches to 'engine/sound_manager.lua'
INFO - [♥] Applied 1 patch to 'engine/save_manager.lua'
INFO - [G] 2025-09-25 18:21:08 :: INFO  :: Loader :: Valid JSON file found 
INFO - [G] 2025-09-25 18:21:08 :: INFO  :: Loader :: Valid JSON file found 
INFO - [G] 2025-09-25 18:21:08 :: WARN  :: Joker :: Cannot take ownership of j_mail-in_rebate: Does not exist. 
INFO - [G] 2025-09-25 18:21:08 :: INFO  :: TIMER :: [0000] Injected Fonts in 0.002 ms 
INFO - [G] 2025-09-25 18:21:08 :: INFO  :: TIMER :: [0000] Injected Language in 0.002 ms 
INFO - [G] 2025-09-25 18:21:08 :: INFO  :: TIMER :: [0000] Injected [INTERNAL] in 3.571 ms 
INFO - [G] 2025-09-25 18:21:09 :: INFO  :: TIMER :: [0003] Injected Atlas in 616.466 ms 
INFO - [G] 2025-09-25 18:21:09 :: INFO  :: TIMER :: [0001] Injected Sound in 1.702 ms 
INFO - [G] 2025-09-25 18:21:09 :: INFO  :: TIMER :: [0008] Injected Stake in 2.784 ms 
INFO - [G] 2025-09-25 18:21:09 :: INFO  :: TIMER :: [0004] Injected Rarity in 0.035 ms 
INFO - [G] 2025-09-25 18:21:09 :: INFO  :: TIMER :: [0004] Injected ObjectType in 0.053 ms 
INFO - [G] 2025-09-25 18:21:09 :: INFO  :: TIMER :: [0073] Injected Center in 1.062 ms 
INFO - [G] 2025-09-25 18:21:09 :: INFO  :: TIMER :: [0007] Injected Undiscovered Sprite in 0.028 ms 
INFO - [G] 2025-09-25 18:21:09 :: INFO  :: TIMER :: [0002] Injected Blind in 0.048 ms 
INFO - [G] 2025-09-25 18:21:09 :: INFO  :: TIMER :: [0004] Injected Seal in 0.402 ms 
INFO - [G] 2025-09-25 18:21:09 :: INFO  :: TIMER :: [0004] Injected Suit in 0.093 ms 
INFO - [G] 2025-09-25 18:21:09 :: INFO  :: TIMER :: [0013] Injected Rank in 0.164 ms 
INFO - [G] 2025-09-25 18:21:09 :: INFO  :: TIMER :: [0028] Injected DeckSkin in 1.099 ms 
INFO - [G] 2025-09-25 18:21:09 :: INFO  :: TIMER :: [0012] Injected PokerHand in 0.152 ms 
INFO - [G] 2025-09-25 18:21:09 :: INFO  :: TIMER :: [0020] Injected Challenge in 0.126 ms 
INFO - [G] 2025-09-25 18:21:09 :: INFO  :: TIMER :: [0000] Injected Tag in 0.002 ms 
INFO - [G] 2025-09-25 18:21:09 :: INFO  :: TIMER :: [0004] Injected Sticker in 0.203 ms 
INFO - [G] 2025-09-25 18:21:09 :: INFO  :: TIMER :: [0000] Injected Shader in 0.003 ms 
INFO - [G] 2025-09-25 18:21:09 :: INFO  :: TIMER :: [0002] Injected Keybind in 0.022 ms 
INFO - [G] 2025-09-25 18:21:09 :: INFO  :: TIMER :: [0000] Injected Achievement in 0.201 ms 
INFO - [G] 2025-09-25 18:21:09 :: INFO  :: TIMER :: [0002] Injected nil in 0.025 ms 
INFO - [G] 2025-09-25 18:21:09 :: INFO  :: TIMER :: [0021] Injected Draw Step in 0.169 ms 
INFO - [G] 2025-09-25 18:21:09 :: INFO  :: TIMER :: [0000] Injected [INTERNAL] in 0.812 ms 
INFO - [G] [DebugPlus] Press [/] to toggle console and press [shift] + [/] to toggle new log previews 
INFO - [G] line not found
INFO - [G] file not found: functions/misc_functions.lua: No such file or directory
INFO - [G] file not found: main.lua: No such file or directory
INFO - [G] file not found: main.lua: No such file or directory
INFO - [G] 2025-09-25 18:21:46 :: ERROR :: StackTrace :: Oops! The game crashed
[SMODS _ "src/utils.lua"]:1252: attempt to perform arithmetic on local 'amount' (a table value)
Stack Traceback
===============
(1) Lua upvalue 'orig' at file 'main.lua:612'
	Local variables:
	 msg = string: "[SMODS _ \"src/utils.lua\"]:1252: attempt to perform arithmetic on local 'amount' (a table value)"
	 (*temporary) = Lua function '?' (defined at line 31 of chunk [SMODS _ "src/logging.lua"])
	 (*temporary) = string: "Oops! The game crashed\
"
(2) Lua local 'handler' at file 'debugplus/console.lua:606' (from lovely module debugplus.console)
	Local variables:
	 msg = string: "[SMODS _ \"src/utils.lua\"]:1252: attempt to perform arithmetic on local 'amount' (a table value)"
(3) LÖVE metamethod at file 'boot.lua:352'
	Local variables:
	 errhand = Lua function '(LÖVE Function)' (defined at line 605 of chunk [lovely debugplus.console "debugplus/console.lua"])
	 handler = Lua function '(LÖVE Function)' (defined at line 605 of chunk [lovely debugplus.console "debugplus/console.lua"])
(4) Lua field 'calculate_individual_effect' at Steamodded file 'src/utils.lua:1252' 
	Local variables:
	 effect = table: 0x2a159ac0  {juice_card:table: 0x2af93dc0, message_card:table: 0x2a8f4c60, mult:table: 0x2af99c70, card:table: 0x2af93dc0}
	 scored_card = table: 0x2a8f4c60  {role:table: 0x2ac0e7c0, zoom:true, click_offset:table: 0x2a303030, under_overlay:false, children:table: 0x2a8aab18, ambient_tilt:0.2, parent:table: 0x2ac21bb8 (more...)}
	 key = string: "mult"
	 amount = table: 0x2af99c70  {mult:8}
	 from_edition = boolean: false
	 (*temporary) = Lua function '?' (defined at line 750 of chunk functions/misc_functions.lua)
	 (*temporary) = number: 4
	 (*temporary) = number: 6.071e-106
	 (*temporary) = table: 0x2a550c68  {queue_last_processed:36.016666666666, queues:table: 0x2a550c90, queue_dt:0.016666666666667, queue_timer:36.391778546421}
	 (*temporary) = table: 0x2aea0e88  {start_timer:false, timer:TOTAL, blockable:true, trigger:immediate, func:function: 0x2a8862f8, delay:0, complete:false, time:61.705196545726, blocking:true (more...)}
	 (*temporary) = string: "base"
	 (*temporary) = nil
	 (*temporary) = table: 0x2a550da8  {1:table: 0x2ac23148, 2:table: 0x2ad36c48, 3:table: 0x2a84e3c0, 4:table: 0x2a419598, 5:table: 0x2a712250, 6:table: 0x2addf638, 7:table: 0x2b050070 (more...)}
	 (*temporary) = number: 18
	 (*temporary) = table: 0x29f81b70  {handle:function: 0x29f8aeb8, __index:table: 0x29f81b70, init:function: 0x29f81b98, __call:function: 0x29f49af0, super:table: 0x29f49bf8}
	 (*temporary) = string: "attempt to perform arithmetic on local 'amount' (a table value)"
(5) Lua field 'calculate_effect' at Steamodded file 'src/utils.lua:1506' 
	Local variables:
	 effect = table: 0x2a159ac0  {juice_card:table: 0x2af93dc0, message_card:table: 0x2a8f4c60, mult:table: 0x2af99c70, card:table: 0x2af93dc0}
	 scored_card = table: 0x2a8f4c60  {role:table: 0x2ac0e7c0, zoom:true, click_offset:table: 0x2a303030, under_overlay:false, children:table: 0x2a8aab18, ambient_tilt:0.2, parent:table: 0x2ac21bb8 (more...)}
	 from_edition = boolean: false
	 pre_jokers = nil
	 ret = table: 0x2ac35000  {}
	 (for generator) = C function: builtin#6
	 (for state) = table: 0x2a279440  {1:chips, 2:h_chips, 3:chip_mod, 4:mult, 5:h_mult, 6:mult_mod, 7:x_chips, 8:xchips, 9:Xchip_mod, 10:x_mult, 11:Xmult, 12:xmult, 13:x_mult_mod (more...)}
	 (for control) = number: 4
	 _ = number: 4
	 key = string: "mult"
(6) Lua field 'calculate_effect_table_key' at Steamodded file 'src/utils.lua:1489' 
	Local variables:
	 effect_table = table: 0x2a377268  {jokers:table: 0x2a159ac0}
	 key = string: "jokers"
	 card = table: 0x2a8f4c60  {role:table: 0x2ac0e7c0, zoom:true, click_offset:table: 0x2a303030, under_overlay:false, children:table: 0x2a8aab18, ambient_tilt:0.2, parent:table: 0x2ac21bb8 (more...)}
	 ret = table: 0x2a377188  {calculated:true}
	 effect = table: 0x2a159ac0  {juice_card:table: 0x2af93dc0, message_card:table: 0x2a8f4c60, mult:table: 0x2af99c70, card:table: 0x2af93dc0}
(7) Lua field 'trigger_effects' at Steamodded file 'src/utils.lua:1467' 
	Local variables:
	 effects = table: 0x2a0f1158  {1:table: 0x2a0f1198, 2:table: 0x2a0f1280, 3:table: 0x2a3770c8, 4:table: 0x2a377268, 5:table: 0x2a3680c8, 6:table: 0x2a3681a8}
	 card = table: 0x2a8f4c60  {role:table: 0x2ac0e7c0, zoom:true, click_offset:table: 0x2a303030, under_overlay:false, children:table: 0x2a8aab18, ambient_tilt:0.2, parent:table: 0x2ac21bb8 (more...)}
	 ret = table: 0x2a377188  {calculated:true}
	 (for generator) = C function: builtin#6
	 (for state) = table: 0x2a0f1158  {1:table: 0x2a0f1198, 2:table: 0x2a0f1280, 3:table: 0x2a3770c8, 4:table: 0x2a377268, 5:table: 0x2a3680c8, 6:table: 0x2a3681a8}
	 (for control) = number: 4
	 _ = number: 4
	 effect_table = table: 0x2a377268  {jokers:table: 0x2a159ac0}
	 (for generator) = C function: builtin#6
	 (for state) = table: 0x2ac34fc0  {1:jokers, 2:retriggers}
	 (for control) = number: 1
	 _ = number: 1
	 key = string: "jokers"
(8) Lua field 'score_card' at Steamodded file 'src/utils.lua:1884' 
	Local variables:
	 card = table: 0x2a8f4c60  {role:table: 0x2ac0e7c0, zoom:true, click_offset:table: 0x2a303030, under_overlay:false, children:table: 0x2a8aab18, ambient_tilt:0.2, parent:table: 0x2ac21bb8 (more...)}
	 context = table: 0x2a8e43d0  {other_card:table: 0x2a8f4c60, poker_hands:table: 0x2a8ab0e0, individual:true, scoring_name:Flush, scoring_hand:table: 0x2a2bf8d0, full_hand:table: 0x2ac223f8 (more...)}
	 reps = table: 0x2a0f1120  {1:1}
	 j = number: 1
	 effects = table: 0x2a0f1158  {1:table: 0x2a0f1198, 2:table: 0x2a0f1280, 3:table: 0x2a3770c8, 4:table: 0x2a377268, 5:table: 0x2a3680c8, 6:table: 0x2a3681a8}
(9) Lua field 'calculate_main_scoring' at Steamodded file 'src/utils.lua:1924' 
	Local variables:
	 context = table: 0x2a8e43d0  {other_card:table: 0x2a8f4c60, poker_hands:table: 0x2a8ab0e0, individual:true, scoring_name:Flush, scoring_hand:table: 0x2a2bf8d0, full_hand:table: 0x2ac223f8 (more...)}
	 scoring_hand = table: 0x2a2bf8d0  {1:table: 0x2a8f4c60, 2:table: 0x2a378410, 3:table: 0x2a1791a0, 4:table: 0x2a399c08, 5:table: 0x2a410c38}
	 (for generator) = C function: builtin#6
	 (for state) = table: 0x2ac223f8  {1:table: 0x2a8f4c60, 2:table: 0x2a378410, 3:table: 0x2a1791a0, 4:table: 0x2a399c08, 5:table: 0x2a410c38}
	 (for control) = number: 1
	 _ = number: 1
	 card = table: 0x2a8f4c60  {role:table: 0x2ac0e7c0, zoom:true, click_offset:table: 0x2a303030, under_overlay:false, children:table: 0x2a8aab18, ambient_tilt:0.2, parent:table: 0x2ac21bb8 (more...)}
	 in_scoring = boolean: true
(10) Lua field 'evaluate_play' at file 'functions/state_events.lua:614'
	Local variables:
	 e = nil
	 text = string: "Flush"
	 disp_text = string: "Flush"
	 poker_hands = table: 0x2a8ab0e0  {Flush House:table: 0x2a0f7cf8, Full House:table: 0x2a0f7d58, top:table: 0x2a0ff860, Flush:table: 0x2a03c688, Pair:table: 0x2a1d7458, Four of a Kind:table: 0x2a2ed8c0 (more...)}
	 scoring_hand = table: 0x2a2bf8d0  {1:table: 0x2a8f4c60, 2:table: 0x2a378410, 3:table: 0x2a1791a0, 4:table: 0x2a399c08, 5:table: 0x2a410c38}
	 non_loc_disp_text = string: "Flush"
	 final_scoring_hand = table: 0x2a2bf8d0  {1:table: 0x2a8f4c60, 2:table: 0x2a378410, 3:table: 0x2a1791a0, 4:table: 0x2a399c08, 5:table: 0x2a410c38}
	 hand_text_set = boolean: false
	 modded = nil
	 (for generator) = C function: builtin#6
	 (for state) = table: 0x2a8e43a8  {1:table: 0x2ac21bb8, 2:table: 0x2ac21310}
	 (for control) = number: 1
	 _ = number: 1
	 v = table: 0x2ac21bb8  {click_offset:table: 0x2ac21d18, static_rotation:false, shuffle_amt:0, T:table: 0x2ac21cf0, offset:table: 0x2ac222d8, role:table: 0x2ac22108, last_aligned:-1 (more...)}
(11) Lua field 'func' at file 'functions/state_events.lua:482'
(12) Lua method 'handle' at file 'engine/event.lua:99'
	Local variables:
	 self = table: 0x2ad36c48  {start_timer:true, timer:TOTAL, blockable:true, trigger:immediate, func:function: 0x2a8868d8, delay:0, complete:false, time:61.705196545726, blocking:true (more...)}
	 _results = table: 0x2a928050  {blocking:true, pause_skip:false, time_done:false, completed:false}
(13) Lua method 'update' at file 'engine/event.lua:182'
	Local variables:
	 self = table: 0x2a550c68  {queue_last_processed:36.016666666666, queues:table: 0x2a550c90, queue_dt:0.016666666666667, queue_timer:36.391778546421}
	 dt = number: 0.0163028
	 forced = nil
	 (for generator) = C function: next
	 (for state) = table: 0x2a550c90  {unlock:table: 0x2a550d80, other:table: 0x2a550e20, tutorial:table: 0x2a550dd0, base:table: 0x2a550da8, achievement:table: 0x2a550df8}
	 (for control) = number: nan
	 k = string: "base"
	 v = table: 0x2a550da8  {1:table: 0x2ac23148, 2:table: 0x2ad36c48, 3:table: 0x2a84e3c0, 4:table: 0x2a419598, 5:table: 0x2a712250, 6:table: 0x2addf638, 7:table: 0x2b050070 (more...)}
	 blocked = boolean: false
	 i = number: 2
	 results = table: 0x2a928050  {blocking:true, pause_skip:false, time_done:false, completed:false}
(14) Lua upvalue 'gameUpdateRef' at file 'game.lua:2552'
	Local variables:
	 self = table: 0x2a0066f8  {F_GUIDE:false, F_CRASH_REPORTS:false, F_QUIT_BUTTON:true, HUD_tags:table: 0x2ad45da8, F_ENGLISH_ONLY:false, viewed_stake:1, HUD:table: 0x2accf320 (more...)}
	 dt = number: 0.0163028
	 http_resp = nil
(15) Lua method 'update' at Steamodded file 'src/ui.lua:84' 
	Local variables:
	 self = table: 0x2a0066f8  {F_GUIDE:false, F_CRASH_REPORTS:false, F_QUIT_BUTTON:true, HUD_tags:table: 0x2ad45da8, F_ENGLISH_ONLY:false, viewed_stake:1, HUD:table: 0x2accf320 (more...)}
	 dt = number: 0.0163028
(16) Lua field 'update' at file 'main.lua:999'
	Local variables:
	 dt = number: 0.0163028
(17) Lua function '?' at file 'main.lua:938' (best guess)
(18) global C function 'xpcall'
(19) LÖVE function at file 'boot.lua:377' (best guess)
	Local variables:
	 func = Lua function '?' (defined at line 909 of chunk main.lua)
	 inerror = boolean: true
	 deferErrhand = Lua function '(LÖVE Function)' (defined at line 348 of chunk [love "boot.lua"])
	 earlyinit = Lua function '(LÖVE Function)' (defined at line 355 of chunk [love "boot.lua"])
 
INFO - [G] file not found: functions/misc_functions.lua: No such file or directory
INFO - [G] file not found: main.lua: No such file or directory
INFO - [G] file not found: main.lua: No such file or directory
INFO - [G] 2025-09-25 18:21:46 :: INFO  :: StackTrace :: Additional Context:
Balatro Version: 1.0.1o-FULL
Modded Version: 1.0.0~BETA-0711a-STEAMODDED
LÖVE Version: 11.5.0
Lovely Version: 0.8.0
Platform: Windows
Steamodded Mods:
    1: Super Auto Jokers by Equi [ID: SuperAutoJokers, Version: 1.0.0]
    2: DebugPlus by WilsontheWolf [ID: DebugPlus, Version: 1.5.1, Uses Lovely]
Lovely Mods: 
