INFO - [♥] Lovely 0.8.0
INFO - [♥] Game directory is at "C:\\Program Files (x86)\\Steam\\steamapps\\common\\Balatro"
INFO - [♥] Writing logs to "C:\\Users\\PC\\AppData\\Roaming\\Balatro\\Mods\\lovely\\log"
INFO - [♥] Using mod directory at "C:\\Users\\PC\\AppData\\Roaming\\Balatro\\Mods"
INFO - [♥] Cleaning up dumps directory at "C:\\Users\\PC\\AppData\\Roaming\\Balatro\\Mods\\lovely\\dump"
INFO - [♥] Initialization complete in 130ms
INFO - [♥] Applied 1 patch to 'conf.lua'
INFO - [♥] Applied 11 patches to 'main.lua'
INFO - [♥] Applied 10 patches to 'engine/controller.lua'
INFO - [♥] Applied 15 patches to 'back.lua'
INFO - [♥] Applied 7 patches to 'tag.lua'
INFO - [♥] Applied 2 patches to 'engine/moveable.lua'
INFO - [♥] Applied 2 patches to 'engine/sprite.lua'
INFO - [♥] Applied 2 patches to 'engine/animatedsprite.lua'
INFO - [♥] Applied 67 patches to 'functions/misc_functions.lua'
INFO - [♥] Applied 40 patches to 'game.lua'
INFO - [♥] Applied 1 patch to 'globals.lua'
INFO - [♥] Applied 5 patches to 'engine/ui.lua'
INFO - [♥] Applied 95 patches to 'functions/UI_definitions.lua'
INFO - [♥] Applied 49 patches to 'functions/state_events.lua'
INFO - [♥] Applied 117 patches to 'functions/common_events.lua'
INFO - [♥] Applied 51 patches to 'functions/button_callbacks.lua'
INFO - [♥] Applied 186 patches to 'card.lua'
INFO - [♥] Applied 10 patches to 'cardarea.lua'
INFO - [♥] Applied 37 patches to 'blind.lua'
INFO - [♥] Applied 2 patches to 'engine/text.lua'
INFO - [G] Failed to connect to the debug server 
INFO - [G] 2025-09-11 17:20:48 :: DEBUG :: DebugConsole :: Steamodded Debug Socket started ! 
INFO - [G] 2025-09-11 17:20:48 :: INFO  :: SMODS :: Steamodded v1.0.0~BETA-0711a 
INFO - [♥] Applied 9 patches to 'engine/sound_manager.lua'
INFO - [♥] Applied 1 patch to 'engine/save_manager.lua'
INFO - [G] 2025-09-11 17:20:55 :: INFO  :: Loader :: Valid JSON file found 
INFO - [G] 2025-09-11 17:20:55 :: INFO  :: Loader :: Valid JSON file found 
INFO - [G] 2025-09-11 17:20:55 :: INFO  :: TIMER :: [0000] Injected Fonts in 0.001 ms 
INFO - [G] 2025-09-11 17:20:55 :: INFO  :: TIMER :: [0000] Injected Language in 0.002 ms 
INFO - [G] 2025-09-11 17:20:55 :: INFO  :: TIMER :: [0000] Injected [INTERNAL] in 5.794 ms 
INFO - [G] 2025-09-11 17:20:56 :: INFO  :: TIMER :: [0003] Injected Atlas in 472.400 ms 
INFO - [G] 2025-09-11 17:20:56 :: INFO  :: TIMER :: [0001] Injected Sound in 1.221 ms 
INFO - [G] 2025-09-11 17:20:56 :: INFO  :: TIMER :: [0008] Injected Stake in 0.537 ms 
INFO - [G] 2025-09-11 17:20:56 :: INFO  :: TIMER :: [0004] Injected Rarity in 0.038 ms 
INFO - [G] 2025-09-11 17:20:56 :: INFO  :: TIMER :: [0004] Injected ObjectType in 0.142 ms 
INFO - [G] 2025-09-11 17:20:56 :: INFO  :: TIMER :: [0057] Injected Center in 0.795 ms 
INFO - [G] 2025-09-11 17:20:56 :: INFO  :: TIMER :: [0007] Injected Undiscovered Sprite in 0.062 ms 
INFO - [G] 2025-09-11 17:20:56 :: INFO  :: TIMER :: [0002] Injected Blind in 0.026 ms 
INFO - [G] 2025-09-11 17:20:56 :: INFO  :: TIMER :: [0004] Injected Seal in 0.646 ms 
INFO - [G] 2025-09-11 17:20:56 :: INFO  :: TIMER :: [0004] Injected Suit in 4.018 ms 
INFO - [G] 2025-09-11 17:20:56 :: INFO  :: TIMER :: [0013] Injected Rank in 12.699 ms 
INFO - [G] 2025-09-11 17:20:56 :: INFO  :: TIMER :: [0028] Injected DeckSkin in 0.381 ms 
INFO - [G] 2025-09-11 17:20:56 :: INFO  :: TIMER :: [0012] Injected PokerHand in 0.164 ms 
INFO - [G] 2025-09-11 17:20:56 :: INFO  :: TIMER :: [0020] Injected Challenge in 0.053 ms 
INFO - [G] 2025-09-11 17:20:56 :: INFO  :: TIMER :: [0000] Injected Tag in 0.002 ms 
INFO - [G] 2025-09-11 17:20:56 :: INFO  :: TIMER :: [0004] Injected Sticker in 0.131 ms 
INFO - [G] 2025-09-11 17:20:56 :: INFO  :: TIMER :: [0000] Injected Shader in 0.002 ms 
INFO - [G] 2025-09-11 17:20:56 :: INFO  :: TIMER :: [0002] Injected Keybind in 0.070 ms 
INFO - [G] 2025-09-11 17:20:56 :: INFO  :: TIMER :: [0000] Injected Achievement in 0.193 ms 
INFO - [G] 2025-09-11 17:20:56 :: INFO  :: TIMER :: [0002] Injected nil in 0.101 ms 
INFO - [G] 2025-09-11 17:20:56 :: INFO  :: TIMER :: [0021] Injected Draw Step in 0.237 ms 
INFO - [G] 2025-09-11 17:20:56 :: INFO  :: TIMER :: [0000] Injected [INTERNAL] in 1.035 ms 
INFO - [G] [DebugPlus] Press [/] to toggle console and press [shift] + [/] to toggle new log previews 
INFO - [G] line not found
INFO - [G] file not found: main.lua: No such file or directory
INFO - [G] file not found: main.lua: No such file or directory
INFO - [G] 2025-09-11 17:22:13 :: ERROR :: StackTrace :: Oops! The game crashed
functions/common_events.lua:2323: attempt to index local 'center' (a nil value)
Stack Traceback
===============
(1) Lua upvalue 'orig' at file 'main.lua:612'
	Local variables:
	 msg = string: "functions/common_events.lua:2323: attempt to index local 'center' (a nil value)"
	 (*temporary) = Lua function '?' (defined at line 31 of chunk [SMODS _ "src/logging.lua"])
	 (*temporary) = string: "Oops! The game crashed\
"
(2) Lua local 'handler' at file 'debugplus/console.lua:606' (from lovely module debugplus.console)
	Local variables:
	 msg = string: "functions/common_events.lua:2323: attempt to index local 'center' (a nil value)"
(3) LÖVE metamethod at file 'boot.lua:352'
	Local variables:
	 errhand = Lua function '(LÖVE Function)' (defined at line 605 of chunk [lovely debugplus.console "debugplus/console.lua"])
	 handler = Lua function '(LÖVE Function)' (defined at line 605 of chunk [lovely debugplus.console "debugplus/console.lua"])
(4) Lua global 'create_card' at file 'functions/common_events.lua:2323'
	Local variables:
	 _type = string: "Spectral"
	 area = table: 0x21140698  {click_offset:table: 0x2109b730, static_rotation:false, shuffle_amt:0, T:table: 0x2109b708, offset:table: 0x20f78970, role:table: 0x210a5ee8, last_aligned:-1 (more...)}
	 legendary = nil
	 _rarity = nil
	 skip_materialize = nil
	 soulable = nil
	 forced_key = string: "aura"
	 key_append = nil
	 area = table: 0x21140698  {click_offset:table: 0x2109b730, static_rotation:false, shuffle_amt:0, T:table: 0x2109b708, offset:table: 0x20f78970, role:table: 0x210a5ee8, last_aligned:-1 (more...)}
	 center = nil
	 (*temporary) = table: 0x20983328  {j_mime:table: 0x20e4de70, j_ring_master:table: 0x20ff6ea8, b_challenge:table: 0x20f378e8, j_sapjokers_skunkjoker:table: 0x20b6d708, c_medium:table: 0x20ccd668 (more...)}
	 (*temporary) = table: 0x217f1318  {func:function: 0x20fbe300, blocking:false, no_delete:true}
	 (*temporary) = number: 218.871
	 (*temporary) = string: "TOTAL"
	 (*temporary) = string: "card"
	 (*temporary) = string: "facing"
	 (*temporary) = string: "front"
	 (*temporary) = boolean: false
	 (*temporary) = number: 1
	 (*temporary) = number: 2.75122
	 (*temporary) = number: 1.62596e-151
	 (*temporary) = table: 0x2174ac70  {click_offset:table: 0x2192ad50, children:table: 0x20d667d0, parent:table: 0x20ccbc28, sprite_pos:table: 0x20b25458, T:table: 0x212429d0, offset:table: 0x21883de0 (more...)}
	 (*temporary) = nil
	 (*temporary) = string: "attempt to index local 'center' (a nil value)"
(5) Lua field 'func' at file 'superautojokers_main.lua:200' (from mod with id SuperAutoJokers)
(6) Lua method 'handle' at file 'engine/event.lua:93'
	Local variables:
	 self = table: 0x210cb8a0  {start_timer:true, timer:TOTAL, blockable:true, trigger:before, func:function: 0x21229410, delay:0, complete:false, time:218.87066718879, blocking:true (more...)}
	 _results = table: 0x2123b4b8  {blocking:true, pause_skip:false, time_done:false, completed:false}
(7) Lua method 'update' at file 'engine/event.lua:182'
	Local variables:
	 self = table: 0x20f57908  {queue_last_processed:75.78333333333, queues:table: 0x20f57930, queue_dt:0.016666666666667, queue_timer:76.635760671095}
	 dt = number: 0.0168854
	 forced = nil
	 (for generator) = C function: next
	 (for state) = table: 0x20f57930  {unlock:table: 0x20f57a20, other:table: 0x20f57ac0, tutorial:table: 0x20f57a70, base:table: 0x20f57a48, achievement:table: 0x20f57a98}
	 (for control) = number: nan
	 k = string: "base"
	 v = table: 0x20f57a48  {1:table: 0x2130f7f8, 2:table: 0x210cb8a0, 3:table: 0x21131a70, 4:table: 0x210e0410, 5:table: 0x210cc188, 6:table: 0x20dd7828}
	 blocked = boolean: false
	 i = number: 2
	 results = table: 0x2123b4b8  {blocking:true, pause_skip:false, time_done:false, completed:false}
(8) Lua upvalue 'gameUpdateRef' at file 'game.lua:2552'
	Local variables:
	 self = table: 0x20a72af0  {F_GUIDE:false, F_CRASH_REPORTS:false, F_QUIT_BUTTON:true, HUD_tags:table: 0x2170f4f8, F_ENGLISH_ONLY:false, viewed_stake:1, HUD:table: 0x2134ad28 (more...)}
	 dt = number: 0.0168854
	 http_resp = nil
(9) Lua method 'update' at Steamodded file 'src/ui.lua:84' 
	Local variables:
	 self = table: 0x20a72af0  {F_GUIDE:false, F_CRASH_REPORTS:false, F_QUIT_BUTTON:true, HUD_tags:table: 0x2170f4f8, F_ENGLISH_ONLY:false, viewed_stake:1, HUD:table: 0x2134ad28 (more...)}
	 dt = number: 0.0168854
(10) Lua field 'update' at file 'main.lua:999'
	Local variables:
	 dt = number: 0.0168854
(11) Lua function '?' at file 'main.lua:938' (best guess)
(12) global C function 'xpcall'
(13) LÖVE function at file 'boot.lua:377' (best guess)
	Local variables:
	 func = Lua function '?' (defined at line 909 of chunk main.lua)
	 inerror = boolean: true
	 deferErrhand = Lua function '(LÖVE Function)' (defined at line 348 of chunk [love "boot.lua"])
	 earlyinit = Lua function '(LÖVE Function)' (defined at line 355 of chunk [love "boot.lua"])
 
INFO - [G] file not found: main.lua: No such file or directory
INFO - [G] file not found: main.lua: No such file or directory
INFO - [G] 2025-09-11 17:22:13 :: INFO  :: StackTrace :: Additional Context:
Balatro Version: 1.0.1o-FULL
Modded Version: 1.0.0~BETA-0711a-STEAMODDED
LÖVE Version: 11.5.0
Lovely Version: 0.8.0
Platform: Windows
Steamodded Mods:
    1: Super Auto Jokers by Equi [ID: SuperAutoJokers, Version: 1.0.0]
    2: DebugPlus by WilsontheWolf [ID: DebugPlus, Version: 1.5.1, Uses Lovely]
Lovely Mods: 
