INFO - [♥] Lovely 0.8.0
INFO - [♥] Game directory is at "C:\\Program Files (x86)\\Steam\\steamapps\\common\\Balatro"
INFO - [♥] Writing logs to "C:\\Users\\PC\\AppData\\Roaming\\Balatro\\Mods\\lovely\\log"
INFO - [♥] Using mod directory at "C:\\Users\\PC\\AppData\\Roaming\\Balatro\\Mods"
INFO - [♥] Cleaning up dumps directory at "C:\\Users\\PC\\AppData\\Roaming\\Balatro\\Mods\\lovely\\dump"
INFO - [♥] Initialization complete in 61ms
INFO - [♥] Applied 1 patch to 'conf.lua'
INFO - [♥] Applied 11 patches to 'main.lua'
INFO - [♥] Applied 10 patches to 'engine/controller.lua'
INFO - [♥] Applied 15 patches to 'back.lua'
INFO - [♥] Applied 7 patches to 'tag.lua'
INFO - [♥] Applied 2 patches to 'engine/moveable.lua'
INFO - [♥] Applied 2 patches to 'engine/sprite.lua'
INFO - [♥] Applied 2 patches to 'engine/animatedsprite.lua'
INFO - [♥] Applied 67 patches to 'functions/misc_functions.lua'
INFO - [♥] Applied 40 patches to 'game.lua'
INFO - [♥] Applied 1 patch to 'globals.lua'
INFO - [♥] Applied 5 patches to 'engine/ui.lua'
INFO - [♥] Applied 95 patches to 'functions/UI_definitions.lua'
INFO - [♥] Applied 49 patches to 'functions/state_events.lua'
INFO - [♥] Applied 117 patches to 'functions/common_events.lua'
INFO - [♥] Applied 51 patches to 'functions/button_callbacks.lua'
INFO - [♥] Applied 186 patches to 'card.lua'
INFO - [♥] Applied 10 patches to 'cardarea.lua'
INFO - [♥] Applied 37 patches to 'blind.lua'
INFO - [♥] Applied 2 patches to 'engine/text.lua'
INFO - [G] Failed to connect to the debug server 
INFO - [G] 2025-09-25 20:10:27 :: DEBUG :: DebugConsole :: Steamodded Debug Socket started ! 
INFO - [G] 2025-09-25 20:10:27 :: INFO  :: SMODS :: Steamodded v1.0.0~BETA-0711a 
INFO - [♥] Applied 9 patches to 'engine/sound_manager.lua'
INFO - [♥] Applied 1 patch to 'engine/save_manager.lua'
INFO - [G] 2025-09-25 20:10:33 :: INFO  :: Loader :: Valid JSON file found 
INFO - [G] 2025-09-25 20:10:33 :: INFO  :: Loader :: Valid JSON file found 
INFO - [G] 2025-09-25 20:10:33 :: WARN  :: Joker :: Cannot take ownership of j_mail-in_rebate: Does not exist. 
INFO - [G] 2025-09-25 20:10:33 :: WARN  :: Joker :: Cannot take ownership of j_the_idol: Does not exist. 
INFO - [G] 2025-09-25 20:10:33 :: INFO  :: TIMER :: [0000] Injected Fonts in 0.001 ms 
INFO - [G] 2025-09-25 20:10:33 :: INFO  :: TIMER :: [0000] Injected Language in 0.001 ms 
INFO - [G] 2025-09-25 20:10:33 :: INFO  :: TIMER :: [0000] Injected [INTERNAL] in 1.967 ms 
INFO - [G] 2025-09-25 20:10:33 :: INFO  :: TIMER :: [0003] Injected Atlas in 349.298 ms 
INFO - [G] 2025-09-25 20:10:33 :: INFO  :: TIMER :: [0001] Injected Sound in 0.414 ms 
INFO - [G] 2025-09-25 20:10:33 :: INFO  :: TIMER :: [0008] Injected Stake in 0.285 ms 
INFO - [G] 2025-09-25 20:10:33 :: INFO  :: TIMER :: [0004] Injected Rarity in 0.284 ms 
INFO - [G] 2025-09-25 20:10:33 :: INFO  :: TIMER :: [0004] Injected ObjectType in 0.053 ms 
INFO - [G] 2025-09-25 20:10:33 :: INFO  :: TIMER :: [0075] Injected Center in 1.412 ms 
INFO - [G] 2025-09-25 20:10:34 :: INFO  :: TIMER :: [0007] Injected Undiscovered Sprite in 0.059 ms 
INFO - [G] 2025-09-25 20:10:34 :: INFO  :: TIMER :: [0002] Injected Blind in 0.074 ms 
INFO - [G] 2025-09-25 20:10:34 :: INFO  :: TIMER :: [0004] Injected Seal in 0.181 ms 
INFO - [G] 2025-09-25 20:10:34 :: INFO  :: TIMER :: [0004] Injected Suit in 0.096 ms 
INFO - [G] 2025-09-25 20:10:34 :: INFO  :: TIMER :: [0013] Injected Rank in 0.211 ms 
INFO - [G] 2025-09-25 20:10:34 :: INFO  :: TIMER :: [0028] Injected DeckSkin in 0.341 ms 
INFO - [G] 2025-09-25 20:10:34 :: INFO  :: TIMER :: [0012] Injected PokerHand in 0.153 ms 
INFO - [G] 2025-09-25 20:10:34 :: INFO  :: TIMER :: [0020] Injected Challenge in 0.128 ms 
INFO - [G] 2025-09-25 20:10:34 :: INFO  :: TIMER :: [0000] Injected Tag in 0.002 ms 
INFO - [G] 2025-09-25 20:10:34 :: INFO  :: TIMER :: [0004] Injected Sticker in 0.107 ms 
INFO - [G] 2025-09-25 20:10:34 :: INFO  :: TIMER :: [0000] Injected Shader in 0.002 ms 
INFO - [G] 2025-09-25 20:10:34 :: INFO  :: TIMER :: [0002] Injected Keybind in 0.044 ms 
INFO - [G] 2025-09-25 20:10:34 :: INFO  :: TIMER :: [0000] Injected Achievement in 0.082 ms 
INFO - [G] 2025-09-25 20:10:34 :: INFO  :: TIMER :: [0002] Injected nil in 0.024 ms 
INFO - [G] 2025-09-25 20:10:34 :: INFO  :: TIMER :: [0021] Injected Draw Step in 0.114 ms 
INFO - [G] 2025-09-25 20:10:34 :: INFO  :: TIMER :: [0000] Injected [INTERNAL] in 0.974 ms 
INFO - [G] [DebugPlus] Press [/] to toggle console and press [shift] + [/] to toggle new log previews 
INFO - [G] line not found
INFO - [G] file not found: main.lua: No such file or directory
INFO - [G] file not found: main.lua: No such file or directory
INFO - [G] 2025-09-25 20:11:17 :: ERROR :: StackTrace :: Oops! The game crashed
[SMODS SuperAutoJokers "superautojokers_main.lua"]:599: attempt to index field 'ability' (a nil value)
Stack Traceback
===============
(1) Lua upvalue 'orig' at file 'main.lua:612'
	Local variables:
	 msg = string: "[SMODS SuperAutoJokers \"superautojokers_main.lua\"]:599: attempt to index field 'ability' (a nil value)"
	 (*temporary) = Lua function '?' (defined at line 31 of chunk [SMODS _ "src/logging.lua"])
	 (*temporary) = string: "Oops! The game crashed\
"
(2) Lua local 'handler' at file 'debugplus/console.lua:606' (from lovely module debugplus.console)
	Local variables:
	 msg = string: "[SMODS SuperAutoJokers \"superautojokers_main.lua\"]:599: attempt to index field 'ability' (a nil value)"
(3) LÖVE metamethod at file 'boot.lua:352'
	Local variables:
	 errhand = Lua function '(LÖVE Function)' (defined at line 605 of chunk [lovely debugplus.console "debugplus/console.lua"])
	 handler = Lua function '(LÖVE Function)' (defined at line 605 of chunk [lovely debugplus.console "debugplus/console.lua"])
(4) Lua method 'calculate' at file 'superautojokers_main.lua:599' (from mod with id SuperAutoJokers)
	Local variables:
	 self = table: 0x0153a9b0  {alerted:true, atlas:Joker, registered:true, _saved_d_u:true, original_key:hack, _discovered_unlocked_overwritten:true, calculate:function: 0x01c14068 (more...)}
	 card = table: 0x025e0da8  {click_offset:table: 0x025387b0, static_rotation:false, ambient_tilt:0.2, parent:table: 0x017bb398, T:table: 0x025e39a8, last_aligned:-1, extra_cost:0 (more...)}
	 context = table: 0x01a787e8  {poker_hands:table: 0x016238d8, cardarea:table: 0x01b3bfb0, card_effects:table: 0x017811c0, repetition:true, scoring_hand:table: 0x01648dd0, full_hand:table: 0x01aa5958 (more...)}
	 (*temporary) = table: 0x01a64b48  {message:Again!}
	 (*temporary) = nil
	 (*temporary) = string: "k_again_ex"
	 (*temporary) = string: "attempt to index field 'ability' (a nil value)"
(5) Lua method 'calculate_joker' at file 'card.lua:2555'
	Local variables:
	 self = table: 0x025e0da8  {click_offset:table: 0x025387b0, static_rotation:false, ambient_tilt:0.2, parent:table: 0x017bb398, T:table: 0x025e39a8, last_aligned:-1, extra_cost:0 (more...)}
	 context = table: 0x01a787e8  {poker_hands:table: 0x016238d8, cardarea:table: 0x01b3bfb0, card_effects:table: 0x017811c0, repetition:true, scoring_hand:table: 0x01648dd0, full_hand:table: 0x01aa5958 (more...)}
	 obj = table: 0x0153a9b0  {alerted:true, atlas:Joker, registered:true, _saved_d_u:true, original_key:hack, _discovered_unlocked_overwritten:true, calculate:function: 0x01c14068 (more...)}
(6) Lua global 'eval_card' at file 'functions/common_events.lua:722'
	Local variables:
	 card = table: 0x025e0da8  {click_offset:table: 0x025387b0, static_rotation:false, ambient_tilt:0.2, parent:table: 0x017bb398, T:table: 0x025e39a8, last_aligned:-1, extra_cost:0 (more...)}
	 context = table: 0x01a787e8  {poker_hands:table: 0x016238d8, cardarea:table: 0x01b3bfb0, card_effects:table: 0x017811c0, repetition:true, scoring_hand:table: 0x01648dd0, full_hand:table: 0x01aa5958 (more...)}
	 ret = table: 0x01aa69f8  {}
	 post_trig = table: 0x01aa6a20  {}
	 areas = table: 0x01aa6a48  {1:table: 0x017bb398, 2:table: 0x01b34c30, 3:table: 0x01d97968}
	 area_set = table: 0x01a30398  {table: 0x01b34c30:true, table: 0x017bb398:true, table: 0x01d97968:true}
(7) Lua field 'calculate_repetitions' at Steamodded file 'src/utils.lua:1598' 
	Local variables:
	 card = table: 0x0175c998  {role:table: 0x015c5090, zoom:true, click_offset:table: 0x01914218, shadow_height:0.2, children:table: 0x01548aa8, ambient_tilt:0.2, parent:table: 0x01b3bfb0 (more...)}
	 context = table: 0x01a787e8  {poker_hands:table: 0x016238d8, cardarea:table: 0x01b3bfb0, card_effects:table: 0x017811c0, repetition:true, scoring_hand:table: 0x01648dd0, full_hand:table: 0x01aa5958 (more...)}
	 reps = table: 0x01781188  {1:1}
	 eval = table: 0x01bc0198  {}
	 quantum_eval = table: 0x01bc01c0  {}
	 (for generator) = C function: builtin#6
	 (for state) = table: 0x01bc01e8  {1:table: 0x017bb398, 2:table: 0x01b34c30, 3:table: 0x01d97968}
	 (for control) = number: 1
	 _ = number: 1
	 area = table: 0x017bb398  {click_offset:table: 0x01779cd8, static_rotation:false, shuffle_amt:0, T:table: 0x01c09208, offset:table: 0x01e492b0, role:table: 0x01c6f2b0, last_aligned:-1 (more...)}
	 (for generator) = C function: builtin#6
	 (for state) = table: 0x01c43910  {1:table: 0x0236bd10, 2:table: 0x025e0da8}
	 (for control) = number: 2
	 _ = number: 2
	 _card = table: 0x025e0da8  {click_offset:table: 0x025387b0, static_rotation:false, ambient_tilt:0.2, parent:table: 0x017bb398, T:table: 0x025e39a8, last_aligned:-1, extra_cost:0 (more...)}
(8) Lua field 'score_card' at Steamodded file 'src/utils.lua:1890' 
	Local variables:
	 card = table: 0x0175c998  {role:table: 0x015c5090, zoom:true, click_offset:table: 0x01914218, shadow_height:0.2, children:table: 0x01548aa8, ambient_tilt:0.2, parent:table: 0x01b3bfb0 (more...)}
	 context = table: 0x01a787e8  {poker_hands:table: 0x016238d8, cardarea:table: 0x01b3bfb0, card_effects:table: 0x017811c0, repetition:true, scoring_hand:table: 0x01648dd0, full_hand:table: 0x01aa5958 (more...)}
	 reps = table: 0x01781188  {1:1}
	 j = number: 1
	 effects = table: 0x017811c0  {1:table: 0x01781200, 2:table: 0x01db0270, 3:table: 0x0166e9c0, 4:table: 0x016d2ad0, 5:table: 0x01a54be0, 6:table: 0x01a02b38}
	 flags = table: 0x016d29f0  {calculated:true}
(9) Lua field 'calculate_main_scoring' at Steamodded file 'src/utils.lua:1924' 
	Local variables:
	 context = table: 0x01a787e8  {poker_hands:table: 0x016238d8, cardarea:table: 0x01b3bfb0, card_effects:table: 0x017811c0, repetition:true, scoring_hand:table: 0x01648dd0, full_hand:table: 0x01aa5958 (more...)}
	 scoring_hand = table: 0x01648dd0  {1:table: 0x0175c998, 2:table: 0x016a7e30, 3:table: 0x01a18670, 4:table: 0x0187aeb0, 5:table: 0x01a6f410}
	 (for generator) = C function: builtin#6
	 (for state) = table: 0x01aa5958  {1:table: 0x0175c998, 2:table: 0x016a7e30, 3:table: 0x01a18670, 4:table: 0x0187aeb0, 5:table: 0x01a6f410}
	 (for control) = number: 1
	 _ = number: 1
	 card = table: 0x0175c998  {role:table: 0x015c5090, zoom:true, click_offset:table: 0x01914218, shadow_height:0.2, children:table: 0x01548aa8, ambient_tilt:0.2, parent:table: 0x01b3bfb0 (more...)}
	 in_scoring = boolean: true
(10) Lua field 'evaluate_play' at file 'functions/state_events.lua:614'
	Local variables:
	 e = nil
	 text = string: "Flush"
	 disp_text = string: "Flush"
	 poker_hands = table: 0x016238d8  {Flush House:table: 0x01da3440, Full House:table: 0x01da34a0, top:table: 0x023e3cb0, Flush:table: 0x01b34438, Pair:table: 0x02291b78, Four of a Kind:table: 0x0220f368 (more...)}
	 scoring_hand = table: 0x01648dd0  {1:table: 0x0175c998, 2:table: 0x016a7e30, 3:table: 0x01a18670, 4:table: 0x0187aeb0, 5:table: 0x01a6f410}
	 non_loc_disp_text = string: "Flush"
	 final_scoring_hand = table: 0x01648dd0  {1:table: 0x0175c998, 2:table: 0x016a7e30, 3:table: 0x01a18670, 4:table: 0x0187aeb0, 5:table: 0x01a6f410}
	 hand_text_set = boolean: false
	 modded = nil
	 (for generator) = C function: builtin#6
	 (for state) = table: 0x01a787c0  {1:table: 0x01b3bfb0, 2:table: 0x01bd8858}
	 (for control) = number: 1
	 _ = number: 1
	 v = table: 0x01b3bfb0  {click_offset:table: 0x01711970, static_rotation:false, shuffle_amt:0, T:table: 0x01711948, offset:table: 0x0157dff0, role:table: 0x01664cd8, last_aligned:-1 (more...)}
(11) Lua field 'func' at file 'functions/state_events.lua:482'
(12) Lua method 'handle' at file 'engine/event.lua:99'
	Local variables:
	 self = table: 0x01e46638  {start_timer:true, timer:TOTAL, blockable:true, trigger:immediate, func:function: 0x015db080, delay:0, complete:false, time:58.184660096472, blocking:true (more...)}
	 _results = table: 0x01899bf8  {blocking:true, pause_skip:false, time_done:false, completed:false}
(13) Lua method 'update' at file 'engine/event.lua:182'
	Local variables:
	 self = table: 0x01a4c2a8  {queue_last_processed:42.083333333332, queues:table: 0x01a4c2d0, queue_dt:0.016666666666667, queue_timer:42.629391335625}
	 dt = number: 0.0173588
	 forced = nil
	 (for generator) = C function: next
	 (for state) = table: 0x01a4c2d0  {unlock:table: 0x01a4c3c0, other:table: 0x01a4c460, tutorial:table: 0x01a4c410, base:table: 0x01a4c3e8, achievement:table: 0x01a4c438}
	 (for control) = number: nan
	 k = string: "base"
	 v = table: 0x01a4c3e8  {1:table: 0x01a2d180, 2:table: 0x01e46638, 3:table: 0x01b78240, 4:table: 0x0231d0e0, 5:table: 0x017f61d0, 6:table: 0x016247c8, 7:table: 0x017f21a8 (more...)}
	 blocked = boolean: false
	 i = number: 2
	 results = table: 0x01899bf8  {blocking:true, pause_skip:false, time_done:false, completed:false}
(14) Lua upvalue 'gameUpdateRef' at file 'game.lua:2552'
	Local variables:
	 self = table: 0x0150b708  {F_GUIDE:false, F_CRASH_REPORTS:false, F_QUIT_BUTTON:true, HUD_tags:table: 0x021e8e18, F_ENGLISH_ONLY:false, viewed_stake:1, HUD:table: 0x01c98918 (more...)}
	 dt = number: 0.0173588
	 http_resp = nil
(15) Lua method 'update' at Steamodded file 'src/ui.lua:84' 
	Local variables:
	 self = table: 0x0150b708  {F_GUIDE:false, F_CRASH_REPORTS:false, F_QUIT_BUTTON:true, HUD_tags:table: 0x021e8e18, F_ENGLISH_ONLY:false, viewed_stake:1, HUD:table: 0x01c98918 (more...)}
	 dt = number: 0.0173588
(16) Lua field 'update' at file 'main.lua:999'
	Local variables:
	 dt = number: 0.0173588
(17) Lua function '?' at file 'main.lua:938' (best guess)
(18) global C function 'xpcall'
(19) LÖVE function at file 'boot.lua:377' (best guess)
	Local variables:
	 func = Lua function '?' (defined at line 909 of chunk main.lua)
	 inerror = boolean: true
	 deferErrhand = Lua function '(LÖVE Function)' (defined at line 348 of chunk [love "boot.lua"])
	 earlyinit = Lua function '(LÖVE Function)' (defined at line 355 of chunk [love "boot.lua"])
 
INFO - [G] file not found: main.lua: No such file or directory
INFO - [G] file not found: main.lua: No such file or directory
INFO - [G] 2025-09-25 20:11:17 :: INFO  :: StackTrace :: Additional Context:
Balatro Version: 1.0.1o-FULL
Modded Version: 1.0.0~BETA-0711a-STEAMODDED
LÖVE Version: 11.5.0
Lovely Version: 0.8.0
Platform: Windows
Steamodded Mods:
    1: Super Auto Jokers by Equi [ID: SuperAutoJokers, Version: 1.0.0]
    2: DebugPlus by WilsontheWolf [ID: DebugPlus, Version: 1.5.1, Uses Lovely]
Lovely Mods: 
