INFO - [♥] Lovely 0.8.0
INFO - [♥] Game directory is at "C:\\Program Files (x86)\\Steam\\steamapps\\common\\Balatro"
INFO - [♥] Writing logs to "C:\\Users\\PC\\AppData\\Roaming\\Balatro\\Mods\\lovely\\log"
INFO - [♥] Using mod directory at "C:\\Users\\PC\\AppData\\Roaming\\Balatro\\Mods"
INFO - [♥] Cleaning up dumps directory at "C:\\Users\\PC\\AppData\\Roaming\\Balatro\\Mods\\lovely\\dump"
INFO - [♥] Initialization complete in 143ms
INFO - [♥] Applied 1 patch to 'conf.lua'
INFO - [♥] Applied 11 patches to 'main.lua'
INFO - [♥] Applied 10 patches to 'engine/controller.lua'
INFO - [♥] Applied 15 patches to 'back.lua'
INFO - [♥] Applied 7 patches to 'tag.lua'
INFO - [♥] Applied 2 patches to 'engine/moveable.lua'
INFO - [♥] Applied 2 patches to 'engine/sprite.lua'
INFO - [♥] Applied 2 patches to 'engine/animatedsprite.lua'
INFO - [♥] Applied 67 patches to 'functions/misc_functions.lua'
INFO - [♥] Applied 40 patches to 'game.lua'
INFO - [♥] Applied 1 patch to 'globals.lua'
INFO - [♥] Applied 5 patches to 'engine/ui.lua'
INFO - [♥] Applied 95 patches to 'functions/UI_definitions.lua'
INFO - [♥] Applied 49 patches to 'functions/state_events.lua'
INFO - [♥] Applied 117 patches to 'functions/common_events.lua'
INFO - [♥] Applied 51 patches to 'functions/button_callbacks.lua'
INFO - [♥] Applied 186 patches to 'card.lua'
INFO - [♥] Applied 10 patches to 'cardarea.lua'
INFO - [♥] Applied 37 patches to 'blind.lua'
INFO - [♥] Applied 2 patches to 'engine/text.lua'
INFO - [G] Failed to connect to the debug server 
INFO - [G] 2025-10-07 13:13:43 :: DEBUG :: DebugConsole :: Steamodded Debug Socket started ! 
INFO - [G] 2025-10-07 13:13:43 :: INFO  :: SMODS :: Steamodded v1.0.0~BETA-0711a 
INFO - [♥] Applied 9 patches to 'engine/sound_manager.lua'
INFO - [♥] Applied 1 patch to 'engine/save_manager.lua'
INFO - [G] 2025-10-07 13:13:49 :: INFO  :: Loader :: Valid JSON file found 
INFO - [G] 2025-10-07 13:13:49 :: INFO  :: Loader :: Valid JSON file found 
INFO - [G] 2025-10-07 13:13:49 :: INFO  :: TIMER :: [0000] Injected Fonts in 0.002 ms 
INFO - [G] 2025-10-07 13:13:49 :: INFO  :: TIMER :: [0000] Injected Language in 0.002 ms 
INFO - [G] 2025-10-07 13:13:49 :: INFO  :: TIMER :: [0000] Injected [INTERNAL] in 2.070 ms 
INFO - [G] 2025-10-07 13:13:49 :: INFO  :: TIMER :: [0004] Injected Atlas in 393.488 ms 
INFO - [G] 2025-10-07 13:13:49 :: INFO  :: TIMER :: [0001] Injected Sound in 1.232 ms 
INFO - [G] 2025-10-07 13:13:49 :: INFO  :: TIMER :: [0008] Injected Stake in 0.192 ms 
INFO - [G] 2025-10-07 13:13:49 :: INFO  :: TIMER :: [0005] Injected Rarity in 0.081 ms 
INFO - [G] 2025-10-07 13:13:49 :: INFO  :: TIMER :: [0005] Injected ObjectType in 0.153 ms 
INFO - [G] 2025-10-07 13:13:49 :: INFO  :: TIMER :: [0102] Injected Center in 1.742 ms 
INFO - [G] 2025-10-07 13:13:49 :: INFO  :: TIMER :: [0007] Injected Undiscovered Sprite in 0.181 ms 
INFO - [G] 2025-10-07 13:13:49 :: INFO  :: TIMER :: [0002] Injected Blind in 0.027 ms 
INFO - [G] 2025-10-07 13:13:50 :: INFO  :: TIMER :: [0004] Injected Seal in 0.303 ms 
INFO - [G] 2025-10-07 13:13:50 :: INFO  :: TIMER :: [0004] Injected Suit in 0.158 ms 
INFO - [G] 2025-10-07 13:13:50 :: INFO  :: TIMER :: [0013] Injected Rank in 0.162 ms 
INFO - [G] 2025-10-07 13:13:50 :: INFO  :: TIMER :: [0028] Injected DeckSkin in 0.560 ms 
INFO - [G] 2025-10-07 13:13:50 :: INFO  :: TIMER :: [0012] Injected PokerHand in 0.112 ms 
INFO - [G] 2025-10-07 13:13:50 :: INFO  :: TIMER :: [0020] Injected Challenge in 0.067 ms 
INFO - [G] 2025-10-07 13:13:50 :: INFO  :: TIMER :: [0000] Injected Tag in 0.002 ms 
INFO - [G] 2025-10-07 13:13:50 :: INFO  :: TIMER :: [0004] Injected Sticker in 0.106 ms 
INFO - [G] 2025-10-07 13:13:50 :: INFO  :: TIMER :: [0000] Injected Shader in 0.002 ms 
INFO - [G] 2025-10-07 13:13:50 :: INFO  :: TIMER :: [0002] Injected Keybind in 0.031 ms 
INFO - [G] 2025-10-07 13:13:50 :: INFO  :: TIMER :: [0000] Injected Achievement in 0.083 ms 
INFO - [G] 2025-10-07 13:13:50 :: INFO  :: TIMER :: [0002] Injected nil in 0.024 ms 
INFO - [G] 2025-10-07 13:13:50 :: INFO  :: TIMER :: [0021] Injected Draw Step in 0.110 ms 
INFO - [G] 2025-10-07 13:13:50 :: INFO  :: TIMER :: [0000] Injected [INTERNAL] in 1.121 ms 
INFO - [G] [DebugPlus] Press [/] to toggle console and press [shift] + [/] to toggle new log previews 
INFO - [G] line not found
INFO - [G] file not found: functions/common_events.lua: No such file or directory
INFO - [G] file not found: functions/state_events.lua: No such file or directory
INFO - [G] file not found: main.lua: No such file or directory
INFO - [G] file not found: main.lua: No such file or directory
INFO - [G] 2025-10-07 13:22:27 :: ERROR :: StackTrace :: Oops! The game crashed
[SMODS SuperAutoJokers "superautojokers_main.lua"]:1211: attempt to index field 'ability' (a nil value)
Stack Traceback
===============
(1) Lua upvalue 'orig' at file 'main.lua:612'
	Local variables:
	 msg = string: "[SMODS SuperAutoJokers \"superautojokers_main.lua\"]:1211: attempt to index field 'ability' (a nil value)"
	 (*temporary) = Lua function '?' (defined at line 31 of chunk [SMODS _ "src/logging.lua"])
	 (*temporary) = string: "Oops! The game crashed\
"
(2) Lua local 'handler' at file 'debugplus/console.lua:606' (from lovely module debugplus.console)
	Local variables:
	 msg = string: "[SMODS SuperAutoJokers \"superautojokers_main.lua\"]:1211: attempt to index field 'ability' (a nil value)"
(3) LÖVE metamethod at file 'boot.lua:352'
	Local variables:
	 errhand = Lua function '(LÖVE Function)' (defined at line 605 of chunk [lovely debugplus.console "debugplus/console.lua"])
	 handler = Lua function '(LÖVE Function)' (defined at line 605 of chunk [lovely debugplus.console "debugplus/console.lua"])
(4) Lua method 'calculate' at file 'superautojokers_main.lua:1211' (from mod with id SuperAutoJokers)
	Local variables:
	 self = table: 0x10641b38  {alerted:true, _saved_d_u:true, original_key:mail, atlas:Joker, registered:true, mod:table: 0x10b564b0, unlocked:true, _u:true, generate_ui:0 (more...)}
	 card = table: 0x105dff60  {click_offset:table: 0x1115b548, static_rotation:false, ambient_tilt:0.2, parent:table: 0x1103f030, T:table: 0x10feff18, last_aligned:-1, extra_cost:0 (more...)}
	 context = table: 0x1133b490  {ignore_other_debuff:true, cardarea:table: 0x1103f030, main_eval:true, full_hand:table: 0x10cdd840, other_card:table: 0x113a0790, discard:true (more...)}
	 (*temporary) = Lua function '?' (defined at line 70 of chunk functions/common_events.lua)
	 (*temporary) = nil
	 (*temporary) = number: 12
	 (*temporary) = string: "attempt to index field 'ability' (a nil value)"
(5) Lua method 'calculate_joker' at file 'card.lua:2555'
	Local variables:
	 self = table: 0x105dff60  {click_offset:table: 0x1115b548, static_rotation:false, ambient_tilt:0.2, parent:table: 0x1103f030, T:table: 0x10feff18, last_aligned:-1, extra_cost:0 (more...)}
	 context = table: 0x1133b490  {ignore_other_debuff:true, cardarea:table: 0x1103f030, main_eval:true, full_hand:table: 0x10cdd840, other_card:table: 0x113a0790, discard:true (more...)}
	 obj = table: 0x10641b38  {alerted:true, _saved_d_u:true, original_key:mail, atlas:Joker, registered:true, mod:table: 0x10b564b0, unlocked:true, _u:true, generate_ui:0 (more...)}
(6) Lua global 'eval_card' at file 'functions/common_events.lua:722'
	Local variables:
	 card = table: 0x105dff60  {click_offset:table: 0x1115b548, static_rotation:false, ambient_tilt:0.2, parent:table: 0x1103f030, T:table: 0x10feff18, last_aligned:-1, extra_cost:0 (more...)}
	 context = table: 0x1133b490  {ignore_other_debuff:true, cardarea:table: 0x1103f030, main_eval:true, full_hand:table: 0x10cdd840, other_card:table: 0x113a0790, discard:true (more...)}
	 ret = table: 0x10baaf58  {}
	 post_trig = table: 0x10a378d0  {}
	 areas = table: 0x11bbb120  {1:table: 0x1103f030, 2:table: 0x11508ba0, 3:table: 0x1189db18}
	 area_set = table: 0x11d453e0  {table: 0x11508ba0:true, table: 0x1189db18:true, table: 0x1103f030:true}
(7) Lua field 'calculate_card_areas' at Steamodded file 'src/utils.lua:1720' 
	Local variables:
	 _type = string: "jokers"
	 context = table: 0x1133b490  {ignore_other_debuff:true, cardarea:table: 0x1103f030, main_eval:true, full_hand:table: 0x10cdd840, other_card:table: 0x113a0790, discard:true (more...)}
	 return_table = table: 0x10b59e18  {1:table: 0x10ab6fc0}
	 args = table: 0x10b0d7a8  {joker_area:true}
	 flags = table: 0x112e7760  {}
	 (for generator) = C function: builtin#6
	 (for state) = table: 0x109040f0  {1:table: 0x1103f030, 2:table: 0x11508ba0, 3:table: 0x1189db18}
	 (for control) = number: 1
	 _ = number: 1
	 area = table: 0x1103f030  {click_offset:table: 0x10b93080, static_rotation:false, shuffle_amt:0, T:table: 0x10ba67c8, offset:table: 0x10ac8400, role:table: 0x10ba4828, last_aligned:-1 (more...)}
	 (for generator) = C function: builtin#6
	 (for state) = table: 0x11555d88  {1:table: 0x10b47738, 2:table: 0x105dff60}
	 (for control) = number: 2
	 _ = number: 2
	 _card = table: 0x105dff60  {click_offset:table: 0x1115b548, static_rotation:false, ambient_tilt:0.2, parent:table: 0x1103f030, T:table: 0x10feff18, last_aligned:-1, extra_cost:0 (more...)}
(8) Lua field 'calculate_context' at Steamodded file 'src/utils.lua:1836' 
	Local variables:
	 context = table: 0x1133b490  {ignore_other_debuff:true, cardarea:table: 0x1103f030, main_eval:true, full_hand:table: 0x10cdd840, other_card:table: 0x113a0790, discard:true (more...)}
	 return_table = table: 0x10b59e18  {1:table: 0x10ab6fc0}
	 no_resolve = nil
	 has_area = nil
	 flags = table: 0x108f31b8  {}
	 (*temporary) = number: 1
(9) Lua function '?' at file 'functions/state_events.lua:372' (best guess)
	Local variables:
	 e = table: 0x105f4868  {pixellated_rect:table: 0x10d2bac8, click_offset:table: 0x10642720, static_rotation:true, parent:table: 0x10639a10, T:table: 0x10c86150, offset:table: 0x108b8290 (more...)}
	 hook = nil
	 highlighted_count = number: 5
	 cards = table: 0x10adafd0  {1:table: 0x10e33f88, 2:table: 0x1148aff0}
	 destroyed_cards = table: 0x10939798  {}
	 (for index) = number: 3
	 (for limit) = number: 5
	 (for step) = number: 1
	 i = number: 3
	 removed = boolean: false
	 effects = table: 0x10b59e18  {1:table: 0x10ab6fc0}
(10) Lua method 'click' at file 'engine/ui.lua:981'
	Local variables:
	 self = table: 0x105f4868  {pixellated_rect:table: 0x10d2bac8, click_offset:table: 0x10642720, static_rotation:true, parent:table: 0x10639a10, T:table: 0x10c86150, offset:table: 0x108b8290 (more...)}
(11) Lua method 'update' at file 'engine/controller.lua:375'
	Local variables:
	 self = table: 0x10ab1e48  {held_button_times:table: 0x10ab2718, focus_cursor_stack_level:1, snap_cursor_to:table: 0x11d2d200, interrupt:table: 0x10ab2768, GAMEPAD:table: 0x10ab2f98 (more...)}
	 dt = number: 0.0182752
(12) Lua upvalue 'gameUpdateRef' at file 'game.lua:2689'
	Local variables:
	 self = table: 0x1050b570  {F_GUIDE:false, F_CRASH_REPORTS:false, F_QUIT_BUTTON:true, HUD_tags:table: 0x11c7e598, F_ENGLISH_ONLY:false, viewed_stake:1, HUD:table: 0x120ef008 (more...)}
	 dt = number: 0.0182752
(13) Lua method 'update' at Steamodded file 'src/ui.lua:84' 
	Local variables:
	 self = table: 0x1050b570  {F_GUIDE:false, F_CRASH_REPORTS:false, F_QUIT_BUTTON:true, HUD_tags:table: 0x11c7e598, F_ENGLISH_ONLY:false, viewed_stake:1, HUD:table: 0x120ef008 (more...)}
	 dt = number: 0.0182752
(14) Lua field 'update' at file 'main.lua:999'
	Local variables:
	 dt = number: 0.0182752
(15) Lua function '?' at file 'main.lua:938' (best guess)
(16) global C function 'xpcall'
(17) LÖVE function at file 'boot.lua:377' (best guess)
	Local variables:
	 func = Lua function '?' (defined at line 909 of chunk main.lua)
	 inerror = boolean: true
	 deferErrhand = Lua function '(LÖVE Function)' (defined at line 348 of chunk [love "boot.lua"])
	 earlyinit = Lua function '(LÖVE Function)' (defined at line 355 of chunk [love "boot.lua"])
 
INFO - [G] file not found: functions/common_events.lua: No such file or directory
INFO - [G] file not found: functions/state_events.lua: No such file or directory
INFO - [G] file not found: main.lua: No such file or directory
INFO - [G] file not found: main.lua: No such file or directory
INFO - [G] 2025-10-07 13:22:27 :: INFO  :: StackTrace :: Additional Context:
Balatro Version: 1.0.1o-FULL
Modded Version: 1.0.0~BETA-0711a-STEAMODDED
LÖVE Version: 11.5.0
Lovely Version: 0.8.0
Platform: Windows
Steamodded Mods:
    1: Super Auto Jokers by Equi [ID: SuperAutoJokers, Version: 1.0.0]
    2: DebugPlus by WilsontheWolf [ID: DebugPlus, Version: 1.5.1, Uses Lovely]
Lovely Mods: 
